<?xml version='1.0' encoding='UTF-8' ?>
<testsuite name="kdk.android.simplydo.C1.AddAssertC1" tests="60" failures="24" errors="0" skipped="0" time="0.0" timestamp="2019-07-29T17:52:22" hostname="localhost">
  <properties>
    <property name="device" value="Pixel_API_26(AVD) - 8.0.0" />
    <property name="flavor" value="" />
    <property name="project" value="app" />
  </properties>
  <testcase name="addAssertC1" classname="kdk.android.simplydo.C1.AddAssertC1" time="1.182" />
  <testcase name="addItemC1" classname="kdk.android.simplydo.C1.AddItemC1" time="1.848" />
  <testcase name="changeSettingsC1" classname="kdk.android.simplydo.C1.ChangeSettingsC1" time="4.156" />
  <testcase name="checkItemC1" classname="kdk.android.simplydo.C1.CheckItemC1" time="2.028" />
  <testcase name="createListsC1" classname="kdk.android.simplydo.C1.CreateListsC1" time="1.366" />
  <testcase name="decoratorC1" classname="kdk.android.simplydo.C1.DecoratorC1" time="5.295" />
  <testcase name="deleteInactiveC1" classname="kdk.android.simplydo.C1.DeleteInactiveC1" time="3.224">
    <failure>android.support.test.espresso.NoMatchingViewException: No views in hierarchy found matching: (with id: kdk.android.simplydo:id/ListsListView and Child at position 1 in parent with id: 2130903059)
If the target view is not part of the view hierarchy, you may need to use Espresso.onData to load it from one of the following AdapterViews:android.widget.MenuPopupWindow$MenuDropDownListView{37bdb18 VFED.VC.. .F...... 0,0-515,126}

View Hierarchy:
+&gt;PopupDecorView{id=-1, visibility=VISIBLE, width=515, height=126, has-focus=true, has-focusable=true, has-window-focus=true, is-clickable=false, is-enabled=true, is-focused=false, is-focusable=false, is-layout-requested=false, is-selected=false, layout-params=WM.LayoutParams{(555,73)(515x126) gr=#10800033 sim=#1 ty=1002 fl=#41860200 pfl=0x18000 fmt=-3 surfaceInsets=Rect(84, 84 - 84, 84) (manual) colorMode=0}, tag=null, root-is-layout-requested=false, has-input-connection=false, x=0.0, y=0.0, child-count=1}
|
+-&gt;PopupBackgroundView{id=-1, visibility=VISIBLE, width=515, height=126, has-focus=true, has-focusable=true, has-window-focus=true, is-clickable=false, is-enabled=true, is-focused=false, is-focusable=false, is-layout-requested=false, is-selected=false, layout-params=android.widget.FrameLayout$LayoutParams&#64;50dc971, tag=null, root-is-layout-requested=false, has-input-connection=false, x=0.0, y=0.0, child-count=1}
|
+--&gt;MenuDropDownListView{id=-1, visibility=VISIBLE, width=515, height=126, has-focus=true, has-focusable=true, has-window-focus=true, is-clickable=true, is-enabled=true, is-focused=true, is-focusable=true, is-layout-requested=false, is-selected=false, layout-params=android.widget.FrameLayout$LayoutParams&#64;d33afd7, tag=null, root-is-layout-requested=false, has-input-connection=false, x=0.0, y=0.0, child-count=1}
|
+---&gt;ListMenuItemView{id=-1, visibility=VISIBLE, width=515, height=126, has-focus=false, has-focusable=false, has-window-focus=true, is-clickable=false, is-enabled=true, is-focused=false, is-focusable=false, is-layout-requested=false, is-selected=false, layout-params=android.widget.AbsListView$LayoutParams&#64;dac5ee2, tag=null, root-is-layout-requested=false, has-input-connection=false, x=0.0, y=0.0, child-count=2}
|
+----&gt;RelativeLayout{id=-1, visibility=VISIBLE, width=431, height=57, has-focus=false, has-focusable=false, has-window-focus=true, is-clickable=false, is-enabled=true, is-focused=false, is-focusable=false, is-layout-requested=false, is-selected=false, layout-params=android.widget.LinearLayout$LayoutParams&#64;beb35a9, tag=null, root-is-layout-requested=false, has-input-connection=false, x=42.0, y=34.0, child-count=2}
|
+-----&gt;TextView{id=16908310, res-name=title, visibility=VISIBLE, width=431, height=57, has-focus=false, has-focusable=false, has-window-focus=true, is-clickable=false, is-enabled=true, is-focused=false, is-focusable=false, is-layout-requested=false, is-selected=false, layout-params=android.widget.RelativeLayout$LayoutParams&#64;735872e, tag=null, root-is-layout-requested=false, has-input-connection=false, x=0.0, y=0.0, text=Settings, input-type=0, ime-target=false, has-links=false}
|
+-----&gt;TextView{id=16909259, res-name=shortcut, visibility=GONE, width=0, height=0, has-focus=false, has-focusable=false, has-window-focus=true, is-clickable=false, is-enabled=true, is-focused=false, is-focusable=false, is-layout-requested=true, is-selected=false, layout-params=android.widget.RelativeLayout$LayoutParams&#64;c8ec2cf, tag=null, root-is-layout-requested=false, has-input-connection=false, x=0.0, y=0.0, text=, input-type=0, ime-target=false, has-links=false}
|
+----&gt;ImageView{id=16909319, res-name=submenuarrow, visibility=GONE, width=0, height=0, has-focus=false, has-focusable=false, has-window-focus=true, is-clickable=false, is-enabled=true, is-focused=false, is-focusable=false, is-layout-requested=true, is-selected=false, layout-params=android.widget.LinearLayout$LayoutParams&#64;33e345c, tag=null, root-is-layout-requested=false, has-input-connection=false, x=0.0, y=0.0}
|
at dalvik.system.VMStack.getThreadStackTrace(Native Method)
at java.lang.Thread.getStackTrace(Thread.java:1536)
at android.support.test.espresso.base.DefaultFailureHandler.getUserFriendlyError(DefaultFailureHandler.java:88)
at android.support.test.espresso.base.DefaultFailureHandler.handle(DefaultFailureHandler.java:51)
at android.support.test.espresso.ViewInteraction.waitForAndHandleInteractionResults(ViewInteraction.java:312)
at android.support.test.espresso.ViewInteraction.desugaredPerform(ViewInteraction.java:173)
at android.support.test.espresso.ViewInteraction.perform(ViewInteraction.java:114)
at android.support.test.espresso.DataInteraction$DisplayDataMatcher$1.apply(DataInteraction.java:213)
at android.support.test.espresso.DataInteraction$DisplayDataMatcher$1.apply(DataInteraction.java:210)
at android.support.test.espresso.DataInteraction$DisplayDataMatcher.&lt;init&gt;(DataInteraction.java:230)
at android.support.test.espresso.DataInteraction$DisplayDataMatcher.&lt;init&gt;(DataInteraction.java:205)
at android.support.test.espresso.DataInteraction$DisplayDataMatcher.displayDataMatcher(DataInteraction.java:248)
at android.support.test.espresso.DataInteraction.makeTargetMatcher(DataInteraction.java:150)
at android.support.test.espresso.DataInteraction.perform(DataInteraction.java:135)
at kdk.android.simplydo.C1.DeleteInactiveC1.deleteInactiveC1(DeleteInactiveC1.java:121)
at java.lang.reflect.Method.invoke(Native Method)
at org.junit.runners.model.FrameworkMethod$1.runReflectiveCall(FrameworkMethod.java:50)
at org.junit.internal.runners.model.ReflectiveCallable.run(ReflectiveCallable.java:12)
at org.junit.runners.model.FrameworkMethod.invokeExplosively(FrameworkMethod.java:47)
at org.junit.internal.runners.statements.InvokeMethod.evaluate(InvokeMethod.java:17)
at android.support.test.rule.ActivityTestRule$ActivityStatement.evaluate(ActivityTestRule.java:527)
at org.junit.rules.RunRules.evaluate(RunRules.java:20)
at org.junit.runners.ParentRunner.runLeaf(ParentRunner.java:325)
at org.junit.runners.BlockJUnit4ClassRunner.runChild(BlockJUnit4ClassRunner.java:78)
at org.junit.runners.BlockJUnit4ClassRunner.runChild(BlockJUnit4ClassRunner.java:57)
at org.junit.runners.ParentRunner$3.run(ParentRunner.java:290)
at org.junit.runners.ParentRunner$1.schedule(ParentRunner.java:71)
at org.junit.runners.ParentRunner.runChildren(ParentRunner.java:288)
at org.junit.runners.ParentRunner.access$000(ParentRunner.java:58)
at org.junit.runners.ParentRunner$2.evaluate(ParentRunner.java:268)
at org.junit.runners.ParentRunner.run(ParentRunner.java:363)
at android.support.test.runner.AndroidJUnit4.run(AndroidJUnit4.java:101)
at org.junit.runners.Suite.runChild(Suite.java:128)
at org.junit.runners.Suite.runChild(Suite.java:27)
at org.junit.runners.ParentRunner$3.run(ParentRunner.java:290)
at org.junit.runners.ParentRunner$1.schedule(ParentRunner.java:71)
at org.junit.runners.ParentRunner.runChildren(ParentRunner.java:288)
at org.junit.runners.ParentRunner.access$000(ParentRunner.java:58)
at org.junit.runners.ParentRunner$2.evaluate(ParentRunner.java:268)
at org.junit.runners.ParentRunner.run(ParentRunner.java:363)
at org.junit.runner.JUnitCore.run(JUnitCore.java:137)
at org.junit.runner.JUnitCore.run(JUnitCore.java:115)
at android.support.test.internal.runner.TestExecutor.execute(TestExecutor.java:56)
at android.support.test.runner.AndroidJUnitRunner.onStart(AndroidJUnitRunner.java:384)
at android.app.Instrumentation$InstrumentationThread.run(Instrumentation.java:2074)
</failure>
  </testcase>
  <testcase name="itemAssertC1" classname="kdk.android.simplydo.C1.ItemAssertC1" time="1.657" />
  <testcase name="multipleListC1" classname="kdk.android.simplydo.C1.MultipleListC1" time="3.361" />
  <testcase name="sortItemsC1" classname="kdk.android.simplydo.C1.SortItemsC1" time="3.879" />
  <testcase name="addAssertC2" classname="kdk.android.simplydo.C2.AddAssertC2" time="0.987">
    <failure>android.support.test.espresso.AmbiguousViewMatcherException: '(an instance of android.widget.LinearLayout and is displayed on the screen to the user)' matches multiple views in the hierarchy.
Problem views are marked with '****MATCHES****' below.

View Hierarchy:
+&gt;DecorView{id=-1, visibility=VISIBLE, width=1080, height=1920, has-focus=true, has-focusable=true, has-window-focus=true, is-clickable=false, is-enabled=true, is-focused=false, is-focusable=false, is-layout-requested=false, is-selected=false, layout-params=WM.LayoutParams{(0,0)(fillxfill) sim=#3 ty=1 fl=#81810100 pfl=0x20000 wanim=0x10302f6 needsMenuKey=2 colorMode=0}, tag=null, root-is-layout-requested=false, has-input-connection=false, x=0.0, y=0.0, child-count=3}
|
+-&gt;ActionBarOverlayLayout{id=16908822, res-name=decor_content_parent, visibility=VISIBLE, width=1080, height=1794, has-focus=true, has-focusable=true, has-window-focus=true, is-clickable=false, is-enabled=true, is-focused=false, is-focusable=false, is-layout-requested=false, is-selected=false, layout-params=android.widget.FrameLayout$LayoutParams&#64;c0eba1, tag=null, root-is-layout-requested=false, has-input-connection=false, x=0.0, y=0.0, child-count=2}
|
+--&gt;FrameLayout{id=16908290, res-name=content, visibility=VISIBLE, width=1080, height=1584, has-focus=true, has-focusable=true, has-window-focus=true, is-clickable=false, is-enabled=true, is-focused=false, is-focusable=false, is-layout-requested=false, is-selected=false, layout-params=com.android.internal.widget.ActionBarOverlayLayout$LayoutParams&#64;97591c6, tag=null, root-is-layout-requested=false, has-input-connection=false, x=0.0, y=210.0, child-count=1}
|
+---&gt;LinearLayout{id=-1, visibility=VISIBLE, width=1080, height=1584, has-focus=true, has-focusable=true, has-window-focus=true, is-clickable=false, is-enabled=true, is-focused=false, is-focusable=false, is-layout-requested=false, is-selected=false, layout-params=android.widget.FrameLayout$LayoutParams&#64;a11fcb4, tag=null, root-is-layout-requested=false, has-input-connection=false, x=0.0, y=0.0, child-count=1} ****MATCHES****
|
+----&gt;ViewSwitcher{id=2130903049, res-name=ListsItemsSwitcher, visibility=VISIBLE, width=1080, height=1584, has-focus=true, has-focusable=true, has-window-focus=true, is-clickable=false, is-enabled=true, is-focused=false, is-focusable=false, is-layout-requested=false, is-selected=false, layout-params=android.widget.LinearLayout$LayoutParams&#64;9290452, tag=null, root-is-layout-requested=false, has-input-connection=false, x=0.0, y=0.0, child-count=2}
|
+-----&gt;LinearLayout{id=2130903059, res-name=listsView, visibility=VISIBLE, width=1080, height=1584, has-focus=true, has-focusable=true, has-window-focus=true, is-clickable=false, is-enabled=true, is-focused=false, is-focusable=false, is-layout-requested=false, is-selected=false, layout-params=android.widget.FrameLayout$LayoutParams&#64;f340323, tag=null, root-is-layout-requested=false, has-input-connection=false, x=0.0, y=0.0, child-count=2} ****MATCHES****
|
+------&gt;LinearLayout{id=2130903048, res-name=LinearLayout01, visibility=VISIBLE, width=1080, height=126, has-focus=true, has-focusable=true, has-window-focus=true, is-clickable=false, is-enabled=true, is-focused=false, is-focusable=false, is-layout-requested=false, is-selected=false, layout-params=android.widget.LinearLayout$LayoutParams&#64;22c3020, tag=null, root-is-layout-requested=false, has-input-connection=false, x=0.0, y=0.0, child-count=2} ****MATCHES****
|
+-------&gt;EditText{id=2130903043, res-name=AddListEditText, desc=addlistedittext, visibility=VISIBLE, width=849, height=126, has-focus=true, has-focusable=true, has-window-focus=true, is-clickable=true, is-enabled=true, is-focused=true, is-focusable=true, is-layout-requested=false, is-selected=false, layout-params=android.widget.LinearLayout$LayoutParams&#64;12f139e, tag=null, root-is-layout-requested=false, has-input-connection=true, editor-info=[inputType=0x31 imeOptions=0x8000006 privateImeOptions=null actionLabel=null actionId=0 initialSelStart=0 initialSelEnd=0 initialCapsMode=0x0 hintText=New List Name label=null packageName=null fieldId=0 fieldName=null extras=null hintLocales=null contentMimeTypes=null ], x=0.0, y=0.0, text=, hint=New List Name, input-type=49, ime-target=true, has-links=false}
|
+-------&gt;Button{id=2130903042, res-name=AddListButton, desc=Add, visibility=VISIBLE, width=231, height=126, has-focus=false, has-focusable=true, has-window-focus=true, is-clickable=true, is-enabled=true, is-focused=false, is-focusable=true, is-layout-requested=false, is-selected=false, layout-params=android.widget.LinearLayout$LayoutParams&#64;339ae7f, tag=null, root-is-layout-requested=false, has-input-connection=false, x=849.0, y=0.0, text=Add, input-type=0, ime-target=false, has-links=false}
|
+------&gt;ListView{id=2130903050, res-name=ListsListView, visibility=VISIBLE, width=1080, height=1458, has-focus=false, has-focusable=true, has-window-focus=true, is-clickable=true, is-enabled=true, is-focused=false, is-focusable=true, is-layout-requested=false, is-selected=false, layout-params=android.widget.LinearLayout$LayoutParams&#64;7f42e4c, tag=null, root-is-layout-requested=false, has-input-connection=false, x=0.0, y=126.0, child-count=11}
|
+-------&gt;LinearLayout{id=-1, visibility=VISIBLE, width=1080, height=130, has-focus=false, has-focusable=false, has-window-focus=true, is-clickable=false, is-enabled=true, is-focused=false, is-focusable=false, is-layout-requested=false, is-selected=false, layout-params=android.widget.AbsListView$LayoutParams&#64;3db0e95, tag=null, root-is-layout-requested=false, has-input-connection=false, x=0.0, y=0.0, child-count=2} ****MATCHES****
|
+--------&gt;TextView{id=2130903060, res-name=text1, desc=Name, visibility=VISIBLE, width=945, height=78, has-focus=false, has-focusable=false, has-window-focus=true, is-clickable=false, is-enabled=true, is-focused=false, is-focusable=false, is-layout-requested=false, is-selected=false, layout-params=android.widget.LinearLayout$LayoutParams&#64;ef4cbaa, tag=null, root-is-layout-requested=false, has-input-connection=false, x=26.0, y=26.0, text=list, input-type=0, ime-target=false, has-links=false}
|
+--------&gt;TextView{id=2130903061, res-name=text2, desc=text2, visibility=VISIBLE, width=109, height=64, has-focus=false, has-focusable=false, has-window-focus=true, is-clickable=false, is-enabled=true, is-focused=false, is-focusable=false, is-layout-requested=false, is-selected=false, layout-params=android.widget.LinearLayout$LayoutParams&#64;3c4b39b, tag=null, root-is-layout-requested=false, has-input-connection=false, x=971.0, y=35.0, text=(3/3), input-type=0, ime-target=false, has-links=false}
|
+-------&gt;LinearLayout{id=-1, visibility=VISIBLE, width=1080, height=130, has-focus=false, has-focusable=false, has-window-focus=true, is-clickable=false, is-enabled=true, is-focused=false, is-focusable=false, is-layout-requested=false, is-selected=false, layout-params=android.widget.AbsListView$LayoutParams&#64;e5be338, tag=null, root-is-layout-requested=false, has-input-connection=false, x=0.0, y=133.0, child-count=2} ****MATCHES****
|
+--------&gt;TextView{id=2130903060, res-name=text1, desc=Name, visibility=VISIBLE, width=945, height=78, has-focus=false, has-focusable=false, has-window-focus=true, is-clickable=false, is-enabled=true, is-focused=false, is-focusable=false, is-layout-requested=false, is-selected=false, layout-params=android.widget.LinearLayout$LayoutParams&#64;1aaff11, tag=null, root-is-layout-requested=false, has-input-connection=false, x=26.0, y=26.0, text=List, input-type=0, ime-target=false, has-links=false}
|
+--------&gt;TextView{id=2130903061, res-name=text2, desc=text2, visibility=VISIBLE, width=109, height=64, has-focus=false, has-focusable=false, has-window-focus=true, is-clickable=false, is-enabled=true, is-focused=false, is-focusable=false, is-layout-requested=false, is-selected=false, layout-params=android.widget.LinearLayout$LayoutParams&#64;7abf876, tag=null, root-is-layout-requested=false, has-input-connection=false, x=971.0, y=35.0, text=(2/5), input-type=0, ime-target=false, has-links=false}
|
+-------&gt;LinearLayout{id=-1, visibility=VISIBLE, width=1080, height=130, has-focus=false, has-focusable=false, has-window-focus=true, is-clickable=false, is-enabled=true, is-focused=false, is-focusable=false, is-layout-requested=false, is-selected=false, layout-params=android.widget.AbsListView$LayoutParams&#64;b30ee77, tag=null, root-is-layout-requested=false, has-input-connection=false, x=0.0, y=266.0, child-count=2} ****MATCHES****
|
+--------&gt;TextView{id=2130903060, res-name=text1, desc=Name, visibility=VISIBLE, width=945, height=78, has-focus=false, has-focusable=false, has-window-focus=true, is-clickable=false, is-enabled=true, is-focused=false, is-focusable=false, is-layout-requested=false, is-selected=false, layout-params=android.widget.LinearLayout$LayoutParams&#64;387fae4, tag=null, root-is-layout-requested=false, has-input-connection=false, x=26.0, y=26.0, text=List, input-type=0, ime-target=false, has-links=false}
|
+--------&gt;TextView{id=2130903061, res-name=text2, desc=text2, visibility=VISIBLE, width=109, height=64, has-focus=false, has-focusable=false, has-window-focus=true, is-clickable=false, is-enabled=true, is-focused=false, is-focusable=false, is-layout-requested=false, is-selected=false, layout-params=android.widget.LinearLayout$LayoutParams&#64;faf7b4d, tag=null, root-is-layout-requested=false, has-input-connection=false, x=971.0, y=35.0, text=(0/1), input-type=0, ime-target=false, has-links=false}
|
+-------&gt;LinearLayout{id=-1, visibility=VISIBLE, width=1080, height=130, has-focus=false, has-focusable=false, has-window-focus=true, is-clickable=false, is-enabled=true, is-focused=false, is-focusable=false, is-layout-requested=false, is-selected=false, layout-params=android.widget.AbsListView$LayoutParams&#64;fd72602, tag=null, root-is-layout-requested=false, has-input-connection=false, x=0.0, y=399.0, child-count=2} ****MATCHES****
|
+--------&gt;TextView{id=2130903060, res-name=text1, desc=Name, visibility=VISIBLE, width=945, height=78, has-focus=false, has-focusable=false, has-window-focus=true, is-clickable=false, is-enabled=true, is-focused=false, is-focusable=false, is-layout-requested=false, is-selected=false, layout-params=android.widget.LinearLayout$LayoutParams&#64;3bbfb13, tag=null, root-is-layout-requested=false, has-input-connection=false, x=26.0, y=26.0, text=List, input-type=0, ime-target=false, has-links=false}
|
+--------&gt;TextView{id=2130903061, res-name=text2, desc=text2, visibility=VISIBLE, width=109, height=64, has-focus=false, has-focusable=false, has-window-focus=true, is-clickable=false, is-enabled=true, is-focused=false, is-focusable=false, is-layout-requested=false, is-selected=false, layout-params=android.widget.LinearLayout$LayoutParams&#64;13be150, tag=null, root-is-layout-requested=false, has-input-connection=false, x=971.0, y=35.0, text=(1/1), input-type=0, ime-target=false, has-links=false}
|
+-------&gt;LinearLayout{id=-1, visibility=VISIBLE, width=1080, height=130, has-focus=false, has-focusable=false, has-window-focus=true, is-clickable=false, is-enabled=true, is-focused=false, is-focusable=false, is-layout-requested=false, is-selected=false, layout-params=android.widget.AbsListView$LayoutParams&#64;9057f49, tag=null, root-is-layout-requested=false, has-input-connection=false, x=0.0, y=532.0, child-count=2} ****MATCHES****
|
+--------&gt;TextView{id=2130903060, res-name=text1, desc=Name, visibility=VISIBLE, width=945, height=78, has-focus=false, has-focusable=false, has-window-focus=true, is-clickable=false, is-enabled=true, is-focused=false, is-focusable=false, is-layout-requested=false, is-selected=false, layout-params=android.widget.LinearLayout$LayoutParams&#64;f95a04e, tag=null, root-is-layout-requested=false, has-input-connection=false, x=26.0, y=26.0, text=List2, input-type=0, ime-target=false, has-links=false}
|
+--------&gt;TextView{id=2130903061, res-name=text2, desc=text2, visibility=VISIBLE, width=109, height=64, has-focus=false, has-focusable=false, has-window-focus=true, is-clickable=false, is-enabled=true, is-focused=false, is-focusable=false, is-layout-requested=false, is-selected=false, layout-params=android.widget.LinearLayout$LayoutParams&#64;3e1356f, tag=null, root-is-layout-requested=false, has-input-connection=false, x=971.0, y=35.0, text=(0/0), input-type=0, ime-target=false, has-links=false}
|
+-------&gt;LinearLayout{id=-1, visibility=VISIBLE, width=1080, height=130, has-focus=false, has-focusable=false, has-window-focus=true, is-clickable=false, is-enabled=true, is-focused=false, is-focusable=false, is-layout-requested=false, is-selected=false, layout-params=android.widget.AbsListView$LayoutParams&#64;805c27c, tag=null, root-is-layout-requested=false, has-input-connection=false, x=0.0, y=665.0, child-count=2} ****MATCHES****
|
+--------&gt;TextView{id=2130903060, res-name=text1, desc=Name, visibility=VISIBLE, width=945, height=78, has-focus=false, has-focusable=false, has-window-focus=true, is-clickable=false, is-enabled=true, is-focused=false, is-focusable=false, is-layout-requested=false, is-selected=false, layout-params=android.widget.LinearLayout$LayoutParams&#64;39dc705, tag=null, root-is-layout-requested=false, has-input-connection=false, x=26.0, y=26.0, text=new, input-type=0, ime-target=false, has-links=false}
|
+--------&gt;TextView{id=2130903061, res-name=text2, desc=text2, visibility=VISIBLE, width=109, height=64, has-focus=false, has-focusable=false, has-window-focus=true, is-clickable=false, is-enabled=true, is-focused=false, is-focusable=false, is-layout-requested=false, is-selected=false, layout-params=android.widget.LinearLayout$LayoutParams&#64;faf735a, tag=null, root-is-layout-requested=false, has-input-connection=false, x=971.0, y=35.0, text=(0/0), input-type=0, ime-target=false, has-links=false}
|
+-------&gt;LinearLayout{id=-1, visibility=VISIBLE, width=1080, height=130, has-focus=false, has-focusable=false, has-window-focus=true, is-clickable=false, is-enabled=true, is-focused=false, is-focusable=false, is-layout-requested=false, is-selected=false, layout-params=android.widget.AbsListView$LayoutParams&#64;475b98b, tag=null, root-is-layout-requested=false, has-input-connection=false, x=0.0, y=798.0, child-count=2} ****MATCHES****
|
+--------&gt;TextView{id=2130903060, res-name=text1, desc=Name, visibility=VISIBLE, width=945, height=78, has-focus=false, has-focusable=false, has-window-focus=true, is-clickable=false, is-enabled=true, is-focused=false, is-focusable=false, is-layout-requested=false, is-selected=false, layout-params=android.widget.LinearLayout$LayoutParams&#64;12a8a68, tag=null, root-is-layout-requested=false, has-input-connection=false, x=26.0, y=26.0, text=new, input-type=0, ime-target=false, has-links=false}
|
+--------&gt;TextView{id=2130903061, res-name=text2, desc=text2, visibility=VISIBLE, width=109, height=64, has-focus=false, has-focusable=false, has-window-focus=true, is-clickable=false, is-enabled=true, is-focused=false, is-focusable=false, is-layout-requested=false, is-selected=false, layout-params=android.widget.LinearLayout$LayoutParams&#64;9b8ce81, tag=null, root-is-layout-requested=false, has-input-connection=false, x=971.0, y=35.0, text=(0/0), input-type=0, ime-target=false, has-links=false}
|
+-------&gt;LinearLayout{id=-1, visibility=VISIBLE, width=1080, height=130, has-focus=false, has-focusable=false, has-window-focus=true, is-clickable=false, is-enabled=true, is-focused=false, is-focusable=false, is-layout-requested=false, is-selected=false, layout-params=android.widget.AbsListView$LayoutParams&#64;b616b26, tag=null, root-is-layout-requested=false, has-input-connection=false, x=0.0, y=931.0, child-count=2} ****MATCHES****
|
+--------&gt;TextView{id=2130903060, res-name=text1, desc=Name, visibility=VISIBLE, width=945, height=78, has-focus=false, has-focusable=false, has-window-focus=true, is-clickable=false, is-enabled=true, is-focused=false, is-focusable=false, is-layout-requested=false, is-selected=false, layout-params=android.widget.LinearLayout$LayoutParams&#64;c846367, tag=null, root-is-layout-requested=false, has-input-connection=false, x=26.0, y=26.0, text=new, input-type=0, ime-target=false, has-links=false}
|
+--------&gt;TextView{id=2130903061, res-name=text2, desc=text2, visibility=VISIBLE, width=109, height=64, has-focus=false, has-focusable=false, has-window-focus=true, is-clickable=false, is-enabled=true, is-focused=false, is-focusable=false, is-layout-requested=false, is-selected=false, layout-params=android.widget.LinearLayout$LayoutParams&#64;351e514, tag=null, root-is-layout-requested=false, has-input-connection=false, x=971.0, y=35.0, text=(0/0), input-type=0, ime-target=false, has-links=false}
|
+-------&gt;LinearLayout{id=-1, visibility=VISIBLE, width=1080, height=130, has-focus=false, has-focusable=false, has-window-focus=true, is-clickable=false, is-enabled=true, is-focused=false, is-focusable=false, is-layout-requested=false, is-selected=false, layout-params=android.widget.AbsListView$LayoutParams&#64;f22d1bd, tag=null, root-is-layout-requested=false, has-input-connection=false, x=0.0, y=1064.0, child-count=2} ****MATCHES****
|
+--------&gt;TextView{id=2130903060, res-name=text1, desc=Name, visibility=VISIBLE, width=945, height=78, has-focus=false, has-focusable=false, has-window-focus=true, is-clickable=false, is-enabled=true, is-focused=false, is-focusable=false, is-layout-requested=false, is-selected=false, layout-params=android.widget.LinearLayout$LayoutParams&#64;2e913b2, tag=null, root-is-layout-requested=false, has-input-connection=false, x=26.0, y=26.0, text=new, input-type=0, ime-target=false, has-links=false}
|
+--------&gt;TextView{id=2130903061, res-name=text2, desc=text2, visibility=VISIBLE, width=109, height=64, has-focus=false, has-focusable=false, has-window-focus=true, is-clickable=false, is-enabled=true, is-focused=false, is-focusable=false, is-layout-requested=false, is-selected=false, layout-params=android.widget.LinearLayout$LayoutParams&#64;ee9cf03, tag=null, root-is-layout-requested=false, has-input-connection=false, x=971.0, y=35.0, text=(0/0), input-type=0, ime-target=false, has-links=false}
|
+-------&gt;LinearLayout{id=-1, visibility=VISIBLE, width=1080, height=130, has-focus=false, has-focusable=false, has-window-focus=true, is-clickable=false, is-enabled=true, is-focused=false, is-focusable=false, is-layout-requested=false, is-selected=false, layout-params=android.widget.AbsListView$LayoutParams&#64;5f23e80, tag=null, root-is-layout-requested=false, has-input-connection=false, x=0.0, y=1197.0, child-count=2} ****MATCHES****
|
+--------&gt;TextView{id=2130903060, res-name=text1, desc=Name, visibility=VISIBLE, width=945, height=78, has-focus=false, has-focusable=false, has-window-focus=true, is-clickable=false, is-enabled=true, is-focused=false, is-focusable=false, is-layout-requested=false, is-selected=false, layout-params=android.widget.LinearLayout$LayoutParams&#64;e2fccb9, tag=null, root-is-layout-requested=false, has-input-connection=false, x=26.0, y=26.0, text=new, input-type=0, ime-target=false, has-links=false}
|
+--------&gt;TextView{id=2130903061, res-name=text2, desc=text2, visibility=VISIBLE, width=109, height=64, has-focus=false, has-focusable=false, has-window-focus=true, is-clickable=false, is-enabled=true, is-focused=false, is-focusable=false, is-layout-requested=false, is-selected=false, layout-params=android.widget.LinearLayout$LayoutParams&#64;ad0b8fe, tag=null, root-is-layout-requested=false, has-input-connection=false, x=971.0, y=35.0, text=(0/0), input-type=0, ime-target=false, has-links=false}
|
+-------&gt;LinearLayout{id=-1, visibility=VISIBLE, width=1080, height=130, has-focus=false, has-focusable=false, has-window-focus=true, is-clickable=false, is-enabled=true, is-focused=false, is-focusable=false, is-layout-requested=false, is-selected=false, layout-params=android.widget.AbsListView$LayoutParams&#64;5b0585f, tag=null, root-is-layout-requested=false, has-input-connection=false, x=0.0, y=1330.0, child-count=2} ****MATCHES****
|
+--------&gt;TextView{id=2130903060, res-name=text1, desc=Name, visibility=VISIBLE, width=945, height=78, has-focus=false, has-focusable=false, has-window-focus=true, is-clickable=false, is-enabled=true, is-focused=false, is-focusable=false, is-layout-requested=false, is-selected=false, layout-params=android.widget.LinearLayout$LayoutParams&#64;f7cc2ac, tag=null, root-is-layout-requested=false, has-input-connection=false, x=26.0, y=26.0, text=one, input-type=0, ime-target=false, has-links=false}
|
+--------&gt;TextView{id=2130903061, res-name=text2, desc=text2, visibility=VISIBLE, width=109, height=64, has-focus=false, has-focusable=false, has-window-focus=true, is-clickable=false, is-enabled=true, is-focused=false, is-focusable=false, is-layout-requested=false, is-selected=false, layout-params=android.widget.LinearLayout$LayoutParams&#64;8777b75, tag=null, root-is-layout-requested=false, has-input-connection=false, x=971.0, y=35.0, text=(0/0), input-type=0, ime-target=false, has-links=false}
|
+-----&gt;LinearLayout{id=2130903057, res-name=itemsView, visibility=GONE, width=0, height=0, has-focus=false, has-focusable=false, has-window-focus=true, is-clickable=false, is-enabled=true, is-focused=false, is-focusable=false, is-layout-requested=true, is-selected=false, layout-params=android.widget.FrameLayout$LayoutParams&#64;a495d98, tag=null, root-is-layout-requested=false, has-input-connection=false, x=0.0, y=0.0, child-count=2}
|
+------&gt;LinearLayout{id=2130903048, res-name=LinearLayout01, visibility=VISIBLE, width=0, height=0, has-focus=false, has-focusable=true, has-window-focus=true, is-clickable=false, is-enabled=true, is-focused=false, is-focusable=false, is-layout-requested=true, is-selected=false, layout-params=android.widget.LinearLayout$LayoutParams&#64;d6f457, tag=null, root-is-layout-requested=false, has-input-connection=false, x=0.0, y=0.0, child-count=2}
|
+-------&gt;EditText{id=2130903041, res-name=AddItemEditText, desc=addItemEditText, visibility=VISIBLE, width=0, height=0, has-focus=false, has-focusable=true, has-window-focus=true, is-clickable=true, is-enabled=true, is-focused=false, is-focusable=true, is-layout-requested=true, is-selected=false, layout-params=android.widget.LinearLayout$LayoutParams&#64;c42bb44, tag=null, root-is-layout-requested=false, has-input-connection=true, editor-info=[inputType=0x31 imeOptions=0x8000006 privateImeOptions=null actionLabel=null actionId=0 initialSelStart=0 initialSelEnd=0 initialCapsMode=0x0 hintText=New Item Name label=null packageName=null fieldId=0 fieldName=null extras=null hintLocales=null contentMimeTypes=null ], x=0.0, y=0.0, text=, hint=New Item Name, input-type=49, ime-target=false, has-links=false}
|
+-------&gt;Button{id=2130903040, res-name=AddItemButton, desc=Add, visibility=VISIBLE, width=0, height=0, has-focus=false, has-focusable=true, has-window-focus=true, is-clickable=true, is-enabled=true, is-focused=false, is-focusable=true, is-layout-requested=true, is-selected=false, layout-params=android.widget.LinearLayout$LayoutParams&#64;810a42d, tag=null, root-is-layout-requested=false, has-input-connection=false, x=0.0, y=0.0, text=Add, input-type=0, ime-target=false, has-links=false}
|
+------&gt;ListView{id=2130903047, res-name=ItemsListView, visibility=VISIBLE, width=0, height=0, has-focus=false, has-focusable=false, has-window-focus=true, is-clickable=true, is-enabled=true, is-focused=false, is-focusable=false, is-layout-requested=true, is-selected=false, layout-params=android.widget.LinearLayout$LayoutParams&#64;8e9cd62, tag=null, root-is-layout-requested=false, has-input-connection=false, x=0.0, y=0.0, child-count=0}
|
+--&gt;ActionBarContainer{id=16908669, res-name=action_bar_container, visibility=VISIBLE, width=1080, height=147, has-focus=false, has-focusable=false, has-window-focus=true, is-clickable=false, is-enabled=true, is-focused=false, is-focusable=false, is-layout-requested=false, is-selected=false, layout-params=com.android.internal.widget.ActionBarOverlayLayout$LayoutParams&#64;5629, tag=null, root-is-layout-requested=false, has-input-connection=false, x=0.0, y=63.0, child-count=2}
|
+---&gt;Toolbar{id=16908668, res-name=action_bar, visibility=VISIBLE, width=1080, height=147, has-focus=false, has-focusable=false, has-window-focus=true, is-clickable=false, is-enabled=true, is-focused=false, is-focusable=false, is-layout-requested=false, is-selected=false, layout-params=android.widget.FrameLayout$LayoutParams&#64;71b5dae, tag=null, root-is-layout-requested=false, has-input-connection=false, x=0.0, y=0.0, child-count=2}
|
+----&gt;TextView{id=-1, visibility=VISIBLE, width=240, height=71, has-focus=false, has-focusable=false, has-window-focus=true, is-clickable=false, is-enabled=true, is-focused=false, is-focusable=false, is-layout-requested=false, is-selected=false, layout-params=android.widget.Toolbar$LayoutParams&#64;fc6174f, tag=null, root-is-layout-requested=false, has-input-connection=false, x=42.0, y=38.0, text=Simply Do, input-type=0, ime-target=false, has-links=false}
|
+----&gt;ActionMenuView{id=-1, visibility=VISIBLE, width=105, height=147, has-focus=false, has-focusable=false, has-window-focus=true, is-clickable=false, is-enabled=true, is-focused=false, is-focusable=false, is-layout-requested=false, is-selected=false, layout-params=android.widget.Toolbar$LayoutParams&#64;41f2be5, tag=null, root-is-layout-requested=false, has-input-connection=false, x=975.0, y=0.0, child-count=1} ****MATCHES****
|
+-----&gt;OverflowMenuButton{id=-1, desc=More options, visibility=VISIBLE, width=105, height=126, has-focus=false, has-focusable=false, has-window-focus=true, is-clickable=true, is-enabled=true, is-focused=false, is-focusable=true, is-layout-requested=false, is-selected=false, layout-params=android.widget.ActionMenuView$LayoutParams&#64;8c3a6ba, tag=null, root-is-layout-requested=false, has-input-connection=false, x=0.0, y=10.0}
|
+---&gt;ActionBarContextView{id=16908673, res-name=action_context_bar, visibility=GONE, width=0, height=0, has-focus=false, has-focusable=false, has-window-focus=true, is-clickable=false, is-enabled=true, is-focused=false, is-focusable=false, is-layout-requested=true, is-selected=false, layout-params=android.widget.FrameLayout$LayoutParams&#64;5f6d96b, tag=null, root-is-layout-requested=false, has-input-connection=false, x=0.0, y=0.0, child-count=0}
|
+-&gt;View{id=16908336, res-name=navigationBarBackground, visibility=VISIBLE, width=1080, height=126, has-focus=false, has-focusable=false, has-window-focus=true, is-clickable=false, is-enabled=true, is-focused=false, is-focusable=false, is-layout-requested=false, is-selected=false, layout-params=android.widget.FrameLayout$LayoutParams&#64;41b5cc8, tag=null, root-is-layout-requested=false, has-input-connection=false, x=0.0, y=1794.0}
|
+-&gt;View{id=16908335, res-name=statusBarBackground, visibility=VISIBLE, width=1080, height=63, has-focus=false, has-focusable=false, has-window-focus=true, is-clickable=false, is-enabled=true, is-focused=false, is-focusable=false, is-layout-requested=false, is-selected=false, layout-params=android.widget.FrameLayout$LayoutParams&#64;9ba161, tag=null, root-is-layout-requested=false, has-input-connection=false, x=0.0, y=0.0}
|
at dalvik.system.VMStack.getThreadStackTrace(Native Method)
at java.lang.Thread.getStackTrace(Thread.java:1536)
at android.support.test.espresso.base.DefaultFailureHandler.getUserFriendlyError(DefaultFailureHandler.java:88)
at android.support.test.espresso.base.DefaultFailureHandler.handle(DefaultFailureHandler.java:51)
at android.support.test.espresso.ViewInteraction.waitForAndHandleInteractionResults(ViewInteraction.java:312)
at android.support.test.espresso.ViewInteraction.check(ViewInteraction.java:297)
at kdk.android.simplydo.C2.AddAssertC2.addAssertC2(AddAssertC2.java:53)
at java.lang.reflect.Method.invoke(Native Method)
at org.junit.runners.model.FrameworkMethod$1.runReflectiveCall(FrameworkMethod.java:50)
at org.junit.internal.runners.model.ReflectiveCallable.run(ReflectiveCallable.java:12)
at org.junit.runners.model.FrameworkMethod.invokeExplosively(FrameworkMethod.java:47)
at org.junit.internal.runners.statements.InvokeMethod.evaluate(InvokeMethod.java:17)
at android.support.test.rule.ActivityTestRule$ActivityStatement.evaluate(ActivityTestRule.java:527)
at org.junit.rules.RunRules.evaluate(RunRules.java:20)
at org.junit.runners.ParentRunner.runLeaf(ParentRunner.java:325)
at org.junit.runners.BlockJUnit4ClassRunner.runChild(BlockJUnit4ClassRunner.java:78)
at org.junit.runners.BlockJUnit4ClassRunner.runChild(BlockJUnit4ClassRunner.java:57)
at org.junit.runners.ParentRunner$3.run(ParentRunner.java:290)
at org.junit.runners.ParentRunner$1.schedule(ParentRunner.java:71)
at org.junit.runners.ParentRunner.runChildren(ParentRunner.java:288)
at org.junit.runners.ParentRunner.access$000(ParentRunner.java:58)
at org.junit.runners.ParentRunner$2.evaluate(ParentRunner.java:268)
at org.junit.runners.ParentRunner.run(ParentRunner.java:363)
at android.support.test.runner.AndroidJUnit4.run(AndroidJUnit4.java:101)
at org.junit.runners.Suite.runChild(Suite.java:128)
at org.junit.runners.Suite.runChild(Suite.java:27)
at org.junit.runners.ParentRunner$3.run(ParentRunner.java:290)
at org.junit.runners.ParentRunner$1.schedule(ParentRunner.java:71)
at org.junit.runners.ParentRunner.runChildren(ParentRunner.java:288)
at org.junit.runners.ParentRunner.access$000(ParentRunner.java:58)
at org.junit.runners.ParentRunner$2.evaluate(ParentRunner.java:268)
at org.junit.runners.ParentRunner.run(ParentRunner.java:363)
at org.junit.runner.JUnitCore.run(JUnitCore.java:137)
at org.junit.runner.JUnitCore.run(JUnitCore.java:115)
at android.support.test.internal.runner.TestExecutor.execute(TestExecutor.java:56)
at android.support.test.runner.AndroidJUnitRunner.onStart(AndroidJUnitRunner.java:384)
at android.app.Instrumentation$InstrumentationThread.run(Instrumentation.java:2074)
</failure>
  </testcase>
  <testcase name="addItemC2" classname="kdk.android.simplydo.C2.AddItemC2" time="1.013">
    <failure>android.support.test.espresso.AmbiguousViewMatcherException: '(with class name: is "android.widget.LinearLayout" and is displayed on the screen to the user)' matches multiple views in the hierarchy.
Problem views are marked with '****MATCHES****' below.

View Hierarchy:
+&gt;DecorView{id=-1, visibility=VISIBLE, width=1080, height=1920, has-focus=true, has-focusable=true, has-window-focus=true, is-clickable=false, is-enabled=true, is-focused=false, is-focusable=false, is-layout-requested=false, is-selected=false, layout-params=WM.LayoutParams{(0,0)(fillxfill) sim=#3 ty=1 fl=#81810100 pfl=0x20000 wanim=0x10302f6 needsMenuKey=2 colorMode=0}, tag=null, root-is-layout-requested=false, has-input-connection=false, x=0.0, y=0.0, child-count=3}
|
+-&gt;ActionBarOverlayLayout{id=16908822, res-name=decor_content_parent, visibility=VISIBLE, width=1080, height=1794, has-focus=true, has-focusable=true, has-window-focus=true, is-clickable=false, is-enabled=true, is-focused=false, is-focusable=false, is-layout-requested=false, is-selected=false, layout-params=android.widget.FrameLayout$LayoutParams&#64;5f2e242, tag=null, root-is-layout-requested=false, has-input-connection=false, x=0.0, y=0.0, child-count=2}
|
+--&gt;FrameLayout{id=16908290, res-name=content, visibility=VISIBLE, width=1080, height=1584, has-focus=true, has-focusable=true, has-window-focus=true, is-clickable=false, is-enabled=true, is-focused=false, is-focusable=false, is-layout-requested=false, is-selected=false, layout-params=com.android.internal.widget.ActionBarOverlayLayout$LayoutParams&#64;a66a253, tag=null, root-is-layout-requested=false, has-input-connection=false, x=0.0, y=210.0, child-count=1}
|
+---&gt;LinearLayout{id=-1, visibility=VISIBLE, width=1080, height=1584, has-focus=true, has-focusable=true, has-window-focus=true, is-clickable=false, is-enabled=true, is-focused=false, is-focusable=false, is-layout-requested=false, is-selected=false, layout-params=android.widget.FrameLayout$LayoutParams&#64;4209889, tag=null, root-is-layout-requested=false, has-input-connection=false, x=0.0, y=0.0, child-count=1} ****MATCHES****
|
+----&gt;ViewSwitcher{id=2130903049, res-name=ListsItemsSwitcher, visibility=VISIBLE, width=1080, height=1584, has-focus=true, has-focusable=true, has-window-focus=true, is-clickable=false, is-enabled=true, is-focused=false, is-focusable=false, is-layout-requested=false, is-selected=false, layout-params=android.widget.LinearLayout$LayoutParams&#64;9af10af, tag=null, root-is-layout-requested=false, has-input-connection=false, x=0.0, y=0.0, child-count=2}
|
+-----&gt;LinearLayout{id=2130903059, res-name=listsView, visibility=VISIBLE, width=1080, height=1584, has-focus=true, has-focusable=true, has-window-focus=true, is-clickable=false, is-enabled=true, is-focused=false, is-focusable=false, is-layout-requested=false, is-selected=false, layout-params=android.widget.FrameLayout$LayoutParams&#64;cf99cbc, tag=null, root-is-layout-requested=false, has-input-connection=false, x=0.0, y=0.0, child-count=2} ****MATCHES****
|
+------&gt;LinearLayout{id=2130903048, res-name=LinearLayout01, visibility=VISIBLE, width=1080, height=126, has-focus=true, has-focusable=true, has-window-focus=true, is-clickable=false, is-enabled=true, is-focused=false, is-focusable=false, is-layout-requested=false, is-selected=false, layout-params=android.widget.LinearLayout$LayoutParams&#64;9713445, tag=null, root-is-layout-requested=false, has-input-connection=false, x=0.0, y=0.0, child-count=2} ****MATCHES****
|
+-------&gt;EditText{id=2130903043, res-name=AddListEditText, desc=addlistedittext, visibility=VISIBLE, width=849, height=126, has-focus=true, has-focusable=true, has-window-focus=true, is-clickable=true, is-enabled=true, is-focused=true, is-focusable=true, is-layout-requested=false, is-selected=false, layout-params=android.widget.LinearLayout$LayoutParams&#64;57e779a, tag=null, root-is-layout-requested=false, has-input-connection=true, editor-info=[inputType=0x31 imeOptions=0x8000006 privateImeOptions=null actionLabel=null actionId=0 initialSelStart=0 initialSelEnd=0 initialCapsMode=0x0 hintText=New List Name label=null packageName=null fieldId=0 fieldName=null extras=null hintLocales=null contentMimeTypes=null ], x=0.0, y=0.0, text=, hint=New List Name, input-type=49, ime-target=true, has-links=false}
|
+-------&gt;Button{id=2130903042, res-name=AddListButton, desc=Add, visibility=VISIBLE, width=231, height=126, has-focus=false, has-focusable=true, has-window-focus=true, is-clickable=true, is-enabled=true, is-focused=false, is-focusable=true, is-layout-requested=false, is-selected=false, layout-params=android.widget.LinearLayout$LayoutParams&#64;a6608cb, tag=null, root-is-layout-requested=false, has-input-connection=false, x=849.0, y=0.0, text=Add, input-type=0, ime-target=false, has-links=false}
|
+------&gt;ListView{id=2130903050, res-name=ListsListView, visibility=VISIBLE, width=1080, height=1458, has-focus=false, has-focusable=true, has-window-focus=true, is-clickable=true, is-enabled=true, is-focused=false, is-focusable=true, is-layout-requested=false, is-selected=false, layout-params=android.widget.LinearLayout$LayoutParams&#64;c21c8a8, tag=null, root-is-layout-requested=false, has-input-connection=false, x=0.0, y=126.0, child-count=11}
|
+-------&gt;LinearLayout{id=-1, visibility=VISIBLE, width=1080, height=130, has-focus=false, has-focusable=false, has-window-focus=true, is-clickable=false, is-enabled=true, is-focused=false, is-focusable=false, is-layout-requested=false, is-selected=false, layout-params=android.widget.AbsListView$LayoutParams&#64;f75cfc1, tag=null, root-is-layout-requested=false, has-input-connection=false, x=0.0, y=0.0, child-count=2} ****MATCHES****
|
+--------&gt;TextView{id=2130903060, res-name=text1, desc=Name, visibility=VISIBLE, width=945, height=78, has-focus=false, has-focusable=false, has-window-focus=true, is-clickable=false, is-enabled=true, is-focused=false, is-focusable=false, is-layout-requested=false, is-selected=false, layout-params=android.widget.LinearLayout$LayoutParams&#64;abc7366, tag=null, root-is-layout-requested=false, has-input-connection=false, x=26.0, y=26.0, text=list, input-type=0, ime-target=false, has-links=false}
|
+--------&gt;TextView{id=2130903061, res-name=text2, desc=text2, visibility=VISIBLE, width=109, height=64, has-focus=false, has-focusable=false, has-window-focus=true, is-clickable=false, is-enabled=true, is-focused=false, is-focusable=false, is-layout-requested=false, is-selected=false, layout-params=android.widget.LinearLayout$LayoutParams&#64;44a66a7, tag=null, root-is-layout-requested=false, has-input-connection=false, x=971.0, y=35.0, text=(3/3), input-type=0, ime-target=false, has-links=false}
|
+-------&gt;LinearLayout{id=-1, visibility=VISIBLE, width=1080, height=130, has-focus=false, has-focusable=false, has-window-focus=true, is-clickable=false, is-enabled=true, is-focused=false, is-focusable=false, is-layout-requested=false, is-selected=false, layout-params=android.widget.AbsListView$LayoutParams&#64;b1ec754, tag=null, root-is-layout-requested=false, has-input-connection=false, x=0.0, y=133.0, child-count=2} ****MATCHES****
|
+--------&gt;TextView{id=2130903060, res-name=text1, desc=Name, visibility=VISIBLE, width=945, height=78, has-focus=false, has-focusable=false, has-window-focus=true, is-clickable=false, is-enabled=true, is-focused=false, is-focusable=false, is-layout-requested=false, is-selected=false, layout-params=android.widget.LinearLayout$LayoutParams&#64;bcea6fd, tag=null, root-is-layout-requested=false, has-input-connection=false, x=26.0, y=26.0, text=List, input-type=0, ime-target=false, has-links=false}
|
+--------&gt;TextView{id=2130903061, res-name=text2, desc=text2, visibility=VISIBLE, width=109, height=64, has-focus=false, has-focusable=false, has-window-focus=true, is-clickable=false, is-enabled=true, is-focused=false, is-focusable=false, is-layout-requested=false, is-selected=false, layout-params=android.widget.LinearLayout$LayoutParams&#64;28c5ff2, tag=null, root-is-layout-requested=false, has-input-connection=false, x=971.0, y=35.0, text=(0/0), input-type=0, ime-target=false, has-links=false}
|
+-------&gt;LinearLayout{id=-1, visibility=VISIBLE, width=1080, height=130, has-focus=false, has-focusable=false, has-window-focus=true, is-clickable=false, is-enabled=true, is-focused=false, is-focusable=false, is-layout-requested=false, is-selected=false, layout-params=android.widget.AbsListView$LayoutParams&#64;22cc643, tag=null, root-is-layout-requested=false, has-input-connection=false, x=0.0, y=266.0, child-count=2} ****MATCHES****
|
+--------&gt;TextView{id=2130903060, res-name=text1, desc=Name, visibility=VISIBLE, width=945, height=78, has-focus=false, has-focusable=false, has-window-focus=true, is-clickable=false, is-enabled=true, is-focused=false, is-focusable=false, is-layout-requested=false, is-selected=false, layout-params=android.widget.LinearLayout$LayoutParams&#64;c4b04c0, tag=null, root-is-layout-requested=false, has-input-connection=false, x=26.0, y=26.0, text=List, input-type=0, ime-target=false, has-links=false}
|
+--------&gt;TextView{id=2130903061, res-name=text2, desc=text2, visibility=VISIBLE, width=109, height=64, has-focus=false, has-focusable=false, has-window-focus=true, is-clickable=false, is-enabled=true, is-focused=false, is-focusable=false, is-layout-requested=false, is-selected=false, layout-params=android.widget.LinearLayout$LayoutParams&#64;3e3b5f9, tag=null, root-is-layout-requested=false, has-input-connection=false, x=971.0, y=35.0, text=(2/5), input-type=0, ime-target=false, has-links=false}
|
+-------&gt;LinearLayout{id=-1, visibility=VISIBLE, width=1080, height=130, has-focus=false, has-focusable=false, has-window-focus=true, is-clickable=false, is-enabled=true, is-focused=false, is-focusable=false, is-layout-requested=false, is-selected=false, layout-params=android.widget.AbsListView$LayoutParams&#64;fc893e, tag=null, root-is-layout-requested=false, has-input-connection=false, x=0.0, y=399.0, child-count=2} ****MATCHES****
|
+--------&gt;TextView{id=2130903060, res-name=text1, desc=Name, visibility=VISIBLE, width=945, height=78, has-focus=false, has-focusable=false, has-window-focus=true, is-clickable=false, is-enabled=true, is-focused=false, is-focusable=false, is-layout-requested=false, is-selected=false, layout-params=android.widget.LinearLayout$LayoutParams&#64;14b839f, tag=null, root-is-layout-requested=false, has-input-connection=false, x=26.0, y=26.0, text=List, input-type=0, ime-target=false, has-links=false}
|
+--------&gt;TextView{id=2130903061, res-name=text2, desc=text2, visibility=VISIBLE, width=109, height=64, has-focus=false, has-focusable=false, has-window-focus=true, is-clickable=false, is-enabled=true, is-focused=false, is-focusable=false, is-layout-requested=false, is-selected=false, layout-params=android.widget.LinearLayout$LayoutParams&#64;b3bacec, tag=null, root-is-layout-requested=false, has-input-connection=false, x=971.0, y=35.0, text=(0/1), input-type=0, ime-target=false, has-links=false}
|
+-------&gt;LinearLayout{id=-1, visibility=VISIBLE, width=1080, height=130, has-focus=false, has-focusable=false, has-window-focus=true, is-clickable=false, is-enabled=true, is-focused=false, is-focusable=false, is-layout-requested=false, is-selected=false, layout-params=android.widget.AbsListView$LayoutParams&#64;1a0b8b5, tag=null, root-is-layout-requested=false, has-input-connection=false, x=0.0, y=532.0, child-count=2} ****MATCHES****
|
+--------&gt;TextView{id=2130903060, res-name=text1, desc=Name, visibility=VISIBLE, width=945, height=78, has-focus=false, has-focusable=false, has-window-focus=true, is-clickable=false, is-enabled=true, is-focused=false, is-focusable=false, is-layout-requested=false, is-selected=false, layout-params=android.widget.LinearLayout$LayoutParams&#64;ab3fb4a, tag=null, root-is-layout-requested=false, has-input-connection=false, x=26.0, y=26.0, text=List, input-type=0, ime-target=false, has-links=false}
|
+--------&gt;TextView{id=2130903061, res-name=text2, desc=text2, visibility=VISIBLE, width=109, height=64, has-focus=false, has-focusable=false, has-window-focus=true, is-clickable=false, is-enabled=true, is-focused=false, is-focusable=false, is-layout-requested=false, is-selected=false, layout-params=android.widget.LinearLayout$LayoutParams&#64;a6ebabb, tag=null, root-is-layout-requested=false, has-input-connection=false, x=971.0, y=35.0, text=(1/1), input-type=0, ime-target=false, has-links=false}
|
+-------&gt;LinearLayout{id=-1, visibility=VISIBLE, width=1080, height=130, has-focus=false, has-focusable=false, has-window-focus=true, is-clickable=false, is-enabled=true, is-focused=false, is-focusable=false, is-layout-requested=false, is-selected=false, layout-params=android.widget.AbsListView$LayoutParams&#64;5acabd8, tag=null, root-is-layout-requested=false, has-input-connection=false, x=0.0, y=665.0, child-count=2} ****MATCHES****
|
+--------&gt;TextView{id=2130903060, res-name=text1, desc=Name, visibility=VISIBLE, width=945, height=78, has-focus=false, has-focusable=false, has-window-focus=true, is-clickable=false, is-enabled=true, is-focused=false, is-focusable=false, is-layout-requested=false, is-selected=false, layout-params=android.widget.LinearLayout$LayoutParams&#64;7f12b31, tag=null, root-is-layout-requested=false, has-input-connection=false, x=26.0, y=26.0, text=List2, input-type=0, ime-target=false, has-links=false}
|
+--------&gt;TextView{id=2130903061, res-name=text2, desc=text2, visibility=VISIBLE, width=109, height=64, has-focus=false, has-focusable=false, has-window-focus=true, is-clickable=false, is-enabled=true, is-focused=false, is-focusable=false, is-layout-requested=false, is-selected=false, layout-params=android.widget.LinearLayout$LayoutParams&#64;5be8216, tag=null, root-is-layout-requested=false, has-input-connection=false, x=971.0, y=35.0, text=(0/0), input-type=0, ime-target=false, has-links=false}
|
+-------&gt;LinearLayout{id=-1, visibility=VISIBLE, width=1080, height=130, has-focus=false, has-focusable=false, has-window-focus=true, is-clickable=false, is-enabled=true, is-focused=false, is-focusable=false, is-layout-requested=false, is-selected=false, layout-params=android.widget.AbsListView$LayoutParams&#64;c44797, tag=null, root-is-layout-requested=false, has-input-connection=false, x=0.0, y=798.0, child-count=2} ****MATCHES****
|
+--------&gt;TextView{id=2130903060, res-name=text1, desc=Name, visibility=VISIBLE, width=945, height=78, has-focus=false, has-focusable=false, has-window-focus=true, is-clickable=false, is-enabled=true, is-focused=false, is-focusable=false, is-layout-requested=false, is-selected=false, layout-params=android.widget.LinearLayout$LayoutParams&#64;72cad84, tag=null, root-is-layout-requested=false, has-input-connection=false, x=26.0, y=26.0, text=new, input-type=0, ime-target=false, has-links=false}
|
+--------&gt;TextView{id=2130903061, res-name=text2, desc=text2, visibility=VISIBLE, width=109, height=64, has-focus=false, has-focusable=false, has-window-focus=true, is-clickable=false, is-enabled=true, is-focused=false, is-focusable=false, is-layout-requested=false, is-selected=false, layout-params=android.widget.LinearLayout$LayoutParams&#64;2fc496d, tag=null, root-is-layout-requested=false, has-input-connection=false, x=971.0, y=35.0, text=(0/0), input-type=0, ime-target=false, has-links=false}
|
+-------&gt;LinearLayout{id=-1, visibility=VISIBLE, width=1080, height=130, has-focus=false, has-focusable=false, has-window-focus=true, is-clickable=false, is-enabled=true, is-focused=false, is-focusable=false, is-layout-requested=false, is-selected=false, layout-params=android.widget.AbsListView$LayoutParams&#64;b18a9a2, tag=null, root-is-layout-requested=false, has-input-connection=false, x=0.0, y=931.0, child-count=2} ****MATCHES****
|
+--------&gt;TextView{id=2130903060, res-name=text1, desc=Name, visibility=VISIBLE, width=945, height=78, has-focus=false, has-focusable=false, has-window-focus=true, is-clickable=false, is-enabled=true, is-focused=false, is-focusable=false, is-layout-requested=false, is-selected=false, layout-params=android.widget.LinearLayout$LayoutParams&#64;27bc633, tag=null, root-is-layout-requested=false, has-input-connection=false, x=26.0, y=26.0, text=new, input-type=0, ime-target=false, has-links=false}
|
+--------&gt;TextView{id=2130903061, res-name=text2, desc=text2, visibility=VISIBLE, width=109, height=64, has-focus=false, has-focusable=false, has-window-focus=true, is-clickable=false, is-enabled=true, is-focused=false, is-focusable=false, is-layout-requested=false, is-selected=false, layout-params=android.widget.LinearLayout$LayoutParams&#64;3891df0, tag=null, root-is-layout-requested=false, has-input-connection=false, x=971.0, y=35.0, text=(0/0), input-type=0, ime-target=false, has-links=false}
|
+-------&gt;LinearLayout{id=-1, visibility=VISIBLE, width=1080, height=130, has-focus=false, has-focusable=false, has-window-focus=true, is-clickable=false, is-enabled=true, is-focused=false, is-focusable=false, is-layout-requested=false, is-selected=false, layout-params=android.widget.AbsListView$LayoutParams&#64;210f69, tag=null, root-is-layout-requested=false, has-input-connection=false, x=0.0, y=1064.0, child-count=2} ****MATCHES****
|
+--------&gt;TextView{id=2130903060, res-name=text1, desc=Name, visibility=VISIBLE, width=945, height=78, has-focus=false, has-focusable=false, has-window-focus=true, is-clickable=false, is-enabled=true, is-focused=false, is-focusable=false, is-layout-requested=false, is-selected=false, layout-params=android.widget.LinearLayout$LayoutParams&#64;4fbbdee, tag=null, root-is-layout-requested=false, has-input-connection=false, x=26.0, y=26.0, text=new, input-type=0, ime-target=false, has-links=false}
|
+--------&gt;TextView{id=2130903061, res-name=text2, desc=text2, visibility=VISIBLE, width=109, height=64, has-focus=false, has-focusable=false, has-window-focus=true, is-clickable=false, is-enabled=true, is-focused=false, is-focusable=false, is-layout-requested=false, is-selected=false, layout-params=android.widget.LinearLayout$LayoutParams&#64;722928f, tag=null, root-is-layout-requested=false, has-input-connection=false, x=971.0, y=35.0, text=(0/0), input-type=0, ime-target=false, has-links=false}
|
+-------&gt;LinearLayout{id=-1, visibility=VISIBLE, width=1080, height=130, has-focus=false, has-focusable=false, has-window-focus=true, is-clickable=false, is-enabled=true, is-focused=false, is-focusable=false, is-layout-requested=false, is-selected=false, layout-params=android.widget.AbsListView$LayoutParams&#64;bfa291c, tag=null, root-is-layout-requested=false, has-input-connection=false, x=0.0, y=1197.0, child-count=2} ****MATCHES****
|
+--------&gt;TextView{id=2130903060, res-name=text1, desc=Name, visibility=VISIBLE, width=945, height=78, has-focus=false, has-focusable=false, has-window-focus=true, is-clickable=false, is-enabled=true, is-focused=false, is-focusable=false, is-layout-requested=false, is-selected=false, layout-params=android.widget.LinearLayout$LayoutParams&#64;9b23925, tag=null, root-is-layout-requested=false, has-input-connection=false, x=26.0, y=26.0, text=new, input-type=0, ime-target=false, has-links=false}
|
+--------&gt;TextView{id=2130903061, res-name=text2, desc=text2, visibility=VISIBLE, width=109, height=64, has-focus=false, has-focusable=false, has-window-focus=true, is-clickable=false, is-enabled=true, is-focused=false, is-focusable=false, is-layout-requested=false, is-selected=false, layout-params=android.widget.LinearLayout$LayoutParams&#64;5e9cafa, tag=null, root-is-layout-requested=false, has-input-connection=false, x=971.0, y=35.0, text=(0/0), input-type=0, ime-target=false, has-links=false}
|
+-------&gt;LinearLayout{id=-1, visibility=VISIBLE, width=1080, height=130, has-focus=false, has-focusable=false, has-window-focus=true, is-clickable=false, is-enabled=true, is-focused=false, is-focusable=false, is-layout-requested=false, is-selected=false, layout-params=android.widget.AbsListView$LayoutParams&#64;7bfc8ab, tag=null, root-is-layout-requested=false, has-input-connection=false, x=0.0, y=1330.0, child-count=2} ****MATCHES****
|
+--------&gt;TextView{id=2130903060, res-name=text1, desc=Name, visibility=VISIBLE, width=945, height=78, has-focus=false, has-focusable=false, has-window-focus=true, is-clickable=false, is-enabled=true, is-focused=false, is-focusable=false, is-layout-requested=false, is-selected=false, layout-params=android.widget.LinearLayout$LayoutParams&#64;b0ebb08, tag=null, root-is-layout-requested=false, has-input-connection=false, x=26.0, y=26.0, text=new, input-type=0, ime-target=false, has-links=false}
|
+--------&gt;TextView{id=2130903061, res-name=text2, desc=text2, visibility=VISIBLE, width=109, height=64, has-focus=false, has-focusable=false, has-window-focus=true, is-clickable=false, is-enabled=true, is-focused=false, is-focusable=false, is-layout-requested=false, is-selected=false, layout-params=android.widget.LinearLayout$LayoutParams&#64;27242a1, tag=null, root-is-layout-requested=false, has-input-connection=false, x=971.0, y=35.0, text=(0/0), input-type=0, ime-target=false, has-links=false}
|
+-----&gt;LinearLayout{id=2130903057, res-name=itemsView, visibility=GONE, width=0, height=0, has-focus=false, has-focusable=false, has-window-focus=true, is-clickable=false, is-enabled=true, is-focused=false, is-focusable=false, is-layout-requested=true, is-selected=false, layout-params=android.widget.FrameLayout$LayoutParams&#64;3587fb4, tag=null, root-is-layout-requested=false, has-input-connection=false, x=0.0, y=0.0, child-count=2}
|
+------&gt;LinearLayout{id=2130903048, res-name=LinearLayout01, visibility=VISIBLE, width=0, height=0, has-focus=false, has-focusable=true, has-window-focus=true, is-clickable=false, is-enabled=true, is-focused=false, is-focusable=false, is-layout-requested=true, is-selected=false, layout-params=android.widget.LinearLayout$LayoutParams&#64;d42a223, tag=null, root-is-layout-requested=false, has-input-connection=false, x=0.0, y=0.0, child-count=2}
|
+-------&gt;EditText{id=2130903041, res-name=AddItemEditText, desc=addItemEditText, visibility=VISIBLE, width=0, height=0, has-focus=false, has-focusable=true, has-window-focus=true, is-clickable=true, is-enabled=true, is-focused=false, is-focusable=true, is-layout-requested=true, is-selected=false, layout-params=android.widget.LinearLayout$LayoutParams&#64;cd7e320, tag=null, root-is-layout-requested=false, has-input-connection=true, editor-info=[inputType=0x31 imeOptions=0x8000006 privateImeOptions=null actionLabel=null actionId=0 initialSelStart=0 initialSelEnd=0 initialCapsMode=0x0 hintText=New Item Name label=null packageName=null fieldId=0 fieldName=null extras=null hintLocales=null contentMimeTypes=null ], x=0.0, y=0.0, text=, hint=New Item Name, input-type=49, ime-target=false, has-links=false}
|
+-------&gt;Button{id=2130903040, res-name=AddItemButton, desc=Add, visibility=VISIBLE, width=0, height=0, has-focus=false, has-focusable=true, has-window-focus=true, is-clickable=true, is-enabled=true, is-focused=false, is-focusable=true, is-layout-requested=true, is-selected=false, layout-params=android.widget.LinearLayout$LayoutParams&#64;9dfa4d9, tag=null, root-is-layout-requested=false, has-input-connection=false, x=0.0, y=0.0, text=Add, input-type=0, ime-target=false, has-links=false}
|
+------&gt;ListView{id=2130903047, res-name=ItemsListView, visibility=VISIBLE, width=0, height=0, has-focus=false, has-focusable=false, has-window-focus=true, is-clickable=true, is-enabled=true, is-focused=false, is-focusable=false, is-layout-requested=true, is-selected=false, layout-params=android.widget.LinearLayout$LayoutParams&#64;1497e9e, tag=null, root-is-layout-requested=false, has-input-connection=false, x=0.0, y=0.0, child-count=0}
|
+--&gt;ActionBarContainer{id=16908669, res-name=action_bar_container, visibility=VISIBLE, width=1080, height=147, has-focus=false, has-focusable=false, has-window-focus=true, is-clickable=false, is-enabled=true, is-focused=false, is-focusable=false, is-layout-requested=false, is-selected=false, layout-params=com.android.internal.widget.ActionBarOverlayLayout$LayoutParams&#64;c1cb595, tag=null, root-is-layout-requested=false, has-input-connection=false, x=0.0, y=63.0, child-count=2}
|
+---&gt;Toolbar{id=16908668, res-name=action_bar, visibility=VISIBLE, width=1080, height=147, has-focus=false, has-focusable=false, has-window-focus=true, is-clickable=false, is-enabled=true, is-focused=false, is-focusable=false, is-layout-requested=false, is-selected=false, layout-params=android.widget.FrameLayout$LayoutParams&#64;dcae6aa, tag=null, root-is-layout-requested=false, has-input-connection=false, x=0.0, y=0.0, child-count=2}
|
+----&gt;TextView{id=-1, visibility=VISIBLE, width=240, height=71, has-focus=false, has-focusable=false, has-window-focus=true, is-clickable=false, is-enabled=true, is-focused=false, is-focusable=false, is-layout-requested=false, is-selected=false, layout-params=android.widget.Toolbar$LayoutParams&#64;328329b, tag=null, root-is-layout-requested=false, has-input-connection=false, x=42.0, y=38.0, text=Simply Do, input-type=0, ime-target=false, has-links=false}
|
+----&gt;ActionMenuView{id=-1, visibility=VISIBLE, width=105, height=147, has-focus=false, has-focusable=false, has-window-focus=true, is-clickable=false, is-enabled=true, is-focused=false, is-focusable=false, is-layout-requested=false, is-selected=false, layout-params=android.widget.Toolbar$LayoutParams&#64;9e01611, tag=null, root-is-layout-requested=false, has-input-connection=false, x=975.0, y=0.0, child-count=1}
|
+-----&gt;OverflowMenuButton{id=-1, desc=More options, visibility=VISIBLE, width=105, height=126, has-focus=false, has-focusable=false, has-window-focus=true, is-clickable=true, is-enabled=true, is-focused=false, is-focusable=true, is-layout-requested=false, is-selected=false, layout-params=android.widget.ActionMenuView$LayoutParams&#64;d48c376, tag=null, root-is-layout-requested=false, has-input-connection=false, x=0.0, y=10.0}
|
+---&gt;ActionBarContextView{id=16908673, res-name=action_context_bar, visibility=GONE, width=0, height=0, has-focus=false, has-focusable=false, has-window-focus=true, is-clickable=false, is-enabled=true, is-focused=false, is-focusable=false, is-layout-requested=true, is-selected=false, layout-params=android.widget.FrameLayout$LayoutParams&#64;6cd5d77, tag=null, root-is-layout-requested=false, has-input-connection=false, x=0.0, y=0.0, child-count=0}
|
+-&gt;View{id=16908336, res-name=navigationBarBackground, visibility=VISIBLE, width=1080, height=126, has-focus=false, has-focusable=false, has-window-focus=true, is-clickable=false, is-enabled=true, is-focused=false, is-focusable=false, is-layout-requested=false, is-selected=false, layout-params=android.widget.FrameLayout$LayoutParams&#64;8f53de4, tag=null, root-is-layout-requested=false, has-input-connection=false, x=0.0, y=1794.0}
|
+-&gt;View{id=16908335, res-name=statusBarBackground, visibility=VISIBLE, width=1080, height=63, has-focus=false, has-focusable=false, has-window-focus=true, is-clickable=false, is-enabled=true, is-focused=false, is-focusable=false, is-layout-requested=false, is-selected=false, layout-params=android.widget.FrameLayout$LayoutParams&#64;b9f024d, tag=null, root-is-layout-requested=false, has-input-connection=false, x=0.0, y=0.0}
|
at dalvik.system.VMStack.getThreadStackTrace(Native Method)
at java.lang.Thread.getStackTrace(Thread.java:1536)
at android.support.test.espresso.base.DefaultFailureHandler.getUserFriendlyError(DefaultFailureHandler.java:88)
at android.support.test.espresso.base.DefaultFailureHandler.handle(DefaultFailureHandler.java:51)
at android.support.test.espresso.ViewInteraction.waitForAndHandleInteractionResults(ViewInteraction.java:312)
at android.support.test.espresso.ViewInteraction.desugaredPerform(ViewInteraction.java:173)
at android.support.test.espresso.ViewInteraction.perform(ViewInteraction.java:114)
at kdk.android.simplydo.C2.AddItemC2.addItemC2(AddItemC2.java:48)
at java.lang.reflect.Method.invoke(Native Method)
at org.junit.runners.model.FrameworkMethod$1.runReflectiveCall(FrameworkMethod.java:50)
at org.junit.internal.runners.model.ReflectiveCallable.run(ReflectiveCallable.java:12)
at org.junit.runners.model.FrameworkMethod.invokeExplosively(FrameworkMethod.java:47)
at org.junit.internal.runners.statements.InvokeMethod.evaluate(InvokeMethod.java:17)
at android.support.test.rule.ActivityTestRule$ActivityStatement.evaluate(ActivityTestRule.java:527)
at org.junit.rules.RunRules.evaluate(RunRules.java:20)
at org.junit.runners.ParentRunner.runLeaf(ParentRunner.java:325)
at org.junit.runners.BlockJUnit4ClassRunner.runChild(BlockJUnit4ClassRunner.java:78)
at org.junit.runners.BlockJUnit4ClassRunner.runChild(BlockJUnit4ClassRunner.java:57)
at org.junit.runners.ParentRunner$3.run(ParentRunner.java:290)
at org.junit.runners.ParentRunner$1.schedule(ParentRunner.java:71)
at org.junit.runners.ParentRunner.runChildren(ParentRunner.java:288)
at org.junit.runners.ParentRunner.access$000(ParentRunner.java:58)
at org.junit.runners.ParentRunner$2.evaluate(ParentRunner.java:268)
at org.junit.runners.ParentRunner.run(ParentRunner.java:363)
at android.support.test.runner.AndroidJUnit4.run(AndroidJUnit4.java:101)
at org.junit.runners.Suite.runChild(Suite.java:128)
at org.junit.runners.Suite.runChild(Suite.java:27)
at org.junit.runners.ParentRunner$3.run(ParentRunner.java:290)
at org.junit.runners.ParentRunner$1.schedule(ParentRunner.java:71)
at org.junit.runners.ParentRunner.runChildren(ParentRunner.java:288)
at org.junit.runners.ParentRunner.access$000(ParentRunner.java:58)
at org.junit.runners.ParentRunner$2.evaluate(ParentRunner.java:268)
at org.junit.runners.ParentRunner.run(ParentRunner.java:363)
at org.junit.runner.JUnitCore.run(JUnitCore.java:137)
at org.junit.runner.JUnitCore.run(JUnitCore.java:115)
at android.support.test.internal.runner.TestExecutor.execute(TestExecutor.java:56)
at android.support.test.runner.AndroidJUnitRunner.onStart(AndroidJUnitRunner.java:384)
at android.app.Instrumentation$InstrumentationThread.run(Instrumentation.java:2074)
</failure>
  </testcase>
  <testcase name="changeSettingsC2" classname="kdk.android.simplydo.C2.ChangeSettingsC2" time="1.539">
    <failure>android.support.test.espresso.AmbiguousViewMatcherException: '(with class name: is "android.widget.LinearLayout" and is displayed on the screen to the user)' matches multiple views in the hierarchy.
Problem views are marked with '****MATCHES****' below.

View Hierarchy:
+&gt;DecorView{id=-1, visibility=VISIBLE, width=1080, height=1920, has-focus=true, has-focusable=true, has-window-focus=true, is-clickable=false, is-enabled=true, is-focused=false, is-focusable=false, is-layout-requested=false, is-selected=false, layout-params=WM.LayoutParams{(0,0)(fillxfill) ty=1 fl=#81810100 pfl=0x20000 wanim=0x10302f6 needsMenuKey=2 colorMode=0}, tag=null, root-is-layout-requested=false, has-input-connection=false, x=0.0, y=0.0, child-count=3}
|
+-&gt;ActionBarOverlayLayout{id=16908822, res-name=decor_content_parent, visibility=VISIBLE, width=1080, height=1794, has-focus=true, has-focusable=true, has-window-focus=true, is-clickable=false, is-enabled=true, is-focused=false, is-focusable=false, is-layout-requested=false, is-selected=false, layout-params=android.widget.FrameLayout$LayoutParams&#64;44e86cb, tag=null, root-is-layout-requested=false, has-input-connection=false, x=0.0, y=0.0, child-count=2}
|
+--&gt;FrameLayout{id=16908290, res-name=content, visibility=VISIBLE, width=1080, height=1584, has-focus=true, has-focusable=true, has-window-focus=true, is-clickable=false, is-enabled=true, is-focused=false, is-focusable=false, is-layout-requested=false, is-selected=false, layout-params=com.android.internal.widget.ActionBarOverlayLayout$LayoutParams&#64;e836ea8, tag=null, root-is-layout-requested=false, has-input-connection=false, x=0.0, y=210.0, child-count=1}
|
+---&gt;LinearLayout{id=-1, visibility=VISIBLE, width=1080, height=1584, has-focus=true, has-focusable=true, has-window-focus=true, is-clickable=false, is-enabled=true, is-focused=false, is-focusable=false, is-layout-requested=false, is-selected=false, layout-params=android.widget.FrameLayout$LayoutParams&#64;ea58966, tag=null, root-is-layout-requested=false, has-input-connection=false, x=0.0, y=0.0, child-count=2} ****MATCHES****
|
+----&gt;LinearLayout{id=-1, visibility=VISIBLE, width=1080, height=1584, has-focus=true, has-focusable=true, has-window-focus=true, is-clickable=false, is-enabled=true, is-focused=false, is-focusable=false, is-layout-requested=false, is-selected=false, layout-params=android.widget.LinearLayout$LayoutParams&#64;73cc4a7, tag=null, root-is-layout-requested=false, has-input-connection=false, x=0.0, y=0.0, child-count=1} ****MATCHES****
|
+-----&gt;LinearLayout{id=16908926, res-name=headers, visibility=VISIBLE, width=1080, height=1584, has-focus=true, has-focusable=true, has-window-focus=true, is-clickable=false, is-enabled=true, is-focused=false, is-focusable=false, is-layout-requested=false, is-selected=false, layout-params=android.widget.LinearLayout$LayoutParams&#64;af0d5f2, tag=null, root-is-layout-requested=false, has-input-connection=false, x=0.0, y=0.0, child-count=2} ****MATCHES****
|
+------&gt;ListView{id=16908298, res-name=list, visibility=VISIBLE, width=1080, height=1584, has-focus=true, has-focusable=true, has-window-focus=true, is-clickable=true, is-enabled=true, is-focused=true, is-focusable=true, is-layout-requested=false, is-selected=false, layout-params=android.widget.LinearLayout$LayoutParams&#64;4e70443, tag=null, root-is-layout-requested=false, has-input-connection=false, x=0.0, y=0.0, child-count=6}
|
+-------&gt;LinearLayout{id=-1, visibility=VISIBLE, width=1080, height=141, has-focus=false, has-focusable=false, has-window-focus=true, is-clickable=false, is-enabled=true, is-focused=false, is-focusable=false, is-layout-requested=false, is-selected=false, layout-params=android.widget.AbsListView$LayoutParams&#64;86ba19f, tag=null, root-is-layout-requested=false, has-input-connection=false, x=0.0, y=0.0, child-count=3} ****MATCHES****
|
+--------&gt;LinearLayout{id=16908350, res-name=icon_frame, visibility=GONE, width=0, height=0, has-focus=false, has-focusable=false, has-window-focus=true, is-clickable=false, is-enabled=true, is-focused=false, is-focusable=false, is-layout-requested=false, is-selected=false, layout-params=android.widget.LinearLayout$LayoutParams&#64;bd906b5, tag=null, root-is-layout-requested=false, has-input-connection=false, x=0.0, y=0.0, child-count=1}
|
+---------&gt;PreferenceImageView{id=16908294, res-name=icon, visibility=GONE, width=0, height=0, has-focus=false, has-focusable=false, has-window-focus=true, is-clickable=false, is-enabled=true, is-focused=false, is-focusable=false, is-layout-requested=true, is-selected=false, layout-params=android.widget.LinearLayout$LayoutParams&#64;71314a, tag=null, root-is-layout-requested=false, has-input-connection=false, x=0.0, y=0.0}
|
+--------&gt;RelativeLayout{id=-1, visibility=VISIBLE, width=996, height=141, has-focus=false, has-focusable=false, has-window-focus=true, is-clickable=false, is-enabled=true, is-focused=false, is-focusable=false, is-layout-requested=false, is-selected=false, layout-params=android.widget.LinearLayout$LayoutParams&#64;8605931, tag=null, root-is-layout-requested=false, has-input-connection=false, x=42.0, y=0.0, child-count=2}
|
+---------&gt;TextView{id=16908310, res-name=title, visibility=VISIBLE, width=229, height=57, has-focus=false, has-focusable=false, has-window-focus=true, is-clickable=false, is-enabled=true, is-focused=false, is-focusable=false, is-layout-requested=false, is-selected=false, layout-params=android.widget.RelativeLayout$LayoutParams&#64;9191816, tag=null, root-is-layout-requested=false, has-input-connection=false, x=0.0, y=42.0, text=Item Sorting, input-type=0, ime-target=false, has-links=false}
|
+---------&gt;TextView{id=16908304, res-name=summary, visibility=GONE, width=0, height=0, has-focus=false, has-focusable=false, has-window-focus=true, is-clickable=false, is-enabled=true, is-focused=false, is-focusable=false, is-layout-requested=true, is-selected=false, layout-params=android.widget.RelativeLayout$LayoutParams&#64;c0a2597, tag=null, root-is-layout-requested=false, has-input-connection=false, x=0.0, y=0.0, text=, input-type=0, ime-target=false, has-links=false}
|
+--------&gt;LinearLayout{id=16908312, res-name=widget_frame, visibility=GONE, width=0, height=0, has-focus=false, has-focusable=false, has-window-focus=true, is-clickable=false, is-enabled=true, is-focused=false, is-focusable=false, is-layout-requested=true, is-selected=false, layout-params=android.widget.LinearLayout$LayoutParams&#64;1903384, tag=null, root-is-layout-requested=false, has-input-connection=false, x=0.0, y=0.0, child-count=0}
|
+-------&gt;LinearLayout{id=-1, visibility=VISIBLE, width=1080, height=141, has-focus=false, has-focusable=false, has-window-focus=true, is-clickable=false, is-enabled=true, is-focused=false, is-focusable=false, is-layout-requested=false, is-selected=false, layout-params=android.widget.AbsListView$LayoutParams&#64;79f03f0, tag=null, root-is-layout-requested=false, has-input-connection=false, x=0.0, y=144.0, child-count=3} ****MATCHES****
|
+--------&gt;LinearLayout{id=16908350, res-name=icon_frame, visibility=GONE, width=0, height=0, has-focus=false, has-focusable=false, has-window-focus=true, is-clickable=false, is-enabled=true, is-focused=false, is-focusable=false, is-layout-requested=false, is-selected=false, layout-params=android.widget.LinearLayout$LayoutParams&#64;a5313ee, tag=null, root-is-layout-requested=false, has-input-connection=false, x=0.0, y=0.0, child-count=1}
|
+---------&gt;PreferenceImageView{id=16908294, res-name=icon, visibility=GONE, width=0, height=0, has-focus=false, has-focusable=false, has-window-focus=true, is-clickable=false, is-enabled=true, is-focused=false, is-focusable=false, is-layout-requested=true, is-selected=false, layout-params=android.widget.LinearLayout$LayoutParams&#64;d86308f, tag=null, root-is-layout-requested=false, has-input-connection=false, x=0.0, y=0.0}
|
+--------&gt;RelativeLayout{id=-1, visibility=VISIBLE, width=996, height=141, has-focus=false, has-focusable=false, has-window-focus=true, is-clickable=false, is-enabled=true, is-focused=false, is-focusable=false, is-layout-requested=false, is-selected=false, layout-params=android.widget.LinearLayout$LayoutParams&#64;86080fa, tag=null, root-is-layout-requested=false, has-input-connection=false, x=42.0, y=0.0, child-count=2}
|
+---------&gt;TextView{id=16908310, res-name=title, visibility=VISIBLE, width=214, height=57, has-focus=false, has-focusable=false, has-window-focus=true, is-clickable=false, is-enabled=true, is-focused=false, is-focusable=false, is-layout-requested=false, is-selected=false, layout-params=android.widget.RelativeLayout$LayoutParams&#64;3bf46ab, tag=null, root-is-layout-requested=false, has-input-connection=false, x=0.0, y=42.0, text=List Sorting, input-type=0, ime-target=false, has-links=false}
|
+---------&gt;TextView{id=16908304, res-name=summary, visibility=GONE, width=0, height=0, has-focus=false, has-focusable=false, has-window-focus=true, is-clickable=false, is-enabled=true, is-focused=false, is-focusable=false, is-layout-requested=true, is-selected=false, layout-params=android.widget.RelativeLayout$LayoutParams&#64;33b6108, tag=null, root-is-layout-requested=false, has-input-connection=false, x=0.0, y=0.0, text=, input-type=0, ime-target=false, has-links=false}
|
+--------&gt;LinearLayout{id=16908312, res-name=widget_frame, visibility=GONE, width=0, height=0, has-focus=false, has-focusable=false, has-window-focus=true, is-clickable=false, is-enabled=true, is-focused=false, is-focusable=false, is-layout-requested=true, is-selected=false, layout-params=android.widget.LinearLayout$LayoutParams&#64;c08f0a1, tag=null, root-is-layout-requested=false, has-input-connection=false, x=0.0, y=0.0, child-count=0}
|
+-------&gt;LinearLayout{id=-1, visibility=VISIBLE, width=1080, height=141, has-focus=false, has-focusable=false, has-window-focus=true, is-clickable=false, is-enabled=true, is-focused=false, is-focusable=false, is-layout-requested=false, is-selected=false, layout-params=android.widget.AbsListView$LayoutParams&#64;422f5dd, tag=null, root-is-layout-requested=false, has-input-connection=false, x=0.0, y=288.0, child-count=3} ****MATCHES****
|
+--------&gt;LinearLayout{id=16908350, res-name=icon_frame, visibility=GONE, width=0, height=0, has-focus=false, has-focusable=false, has-window-focus=true, is-clickable=false, is-enabled=true, is-focused=false, is-focusable=false, is-layout-requested=false, is-selected=false, layout-params=android.widget.LinearLayout$LayoutParams&#64;df3e023, tag=null, root-is-layout-requested=false, has-input-connection=false, x=0.0, y=0.0, child-count=1}
|
+---------&gt;PreferenceImageView{id=16908294, res-name=icon, visibility=GONE, width=0, height=0, has-focus=false, has-focusable=false, has-window-focus=true, is-clickable=false, is-enabled=true, is-focused=false, is-focusable=false, is-layout-requested=true, is-selected=false, layout-params=android.widget.LinearLayout$LayoutParams&#64;d334920, tag=null, root-is-layout-requested=false, has-input-connection=false, x=0.0, y=0.0}
|
+--------&gt;RelativeLayout{id=-1, visibility=VISIBLE, width=996, height=141, has-focus=false, has-focusable=false, has-window-focus=true, is-clickable=false, is-enabled=true, is-focused=false, is-focusable=false, is-layout-requested=false, is-selected=false, layout-params=android.widget.LinearLayout$LayoutParams&#64;a9a5b7f, tag=null, root-is-layout-requested=false, has-input-connection=false, x=42.0, y=0.0, child-count=2}
|
+---------&gt;TextView{id=16908310, res-name=title, visibility=VISIBLE, width=358, height=57, has-focus=false, has-focusable=false, has-window-focus=true, is-clickable=false, is-enabled=true, is-focused=false, is-focusable=false, is-layout-requested=false, is-selected=false, layout-params=android.widget.RelativeLayout$LayoutParams&#64;ed3d74c, tag=null, root-is-layout-requested=false, has-input-connection=false, x=0.0, y=42.0, text=Inactive Decoration, input-type=0, ime-target=false, has-links=false}
|
+---------&gt;TextView{id=16908304, res-name=summary, visibility=GONE, width=0, height=0, has-focus=false, has-focusable=false, has-window-focus=true, is-clickable=false, is-enabled=true, is-focused=false, is-focusable=false, is-layout-requested=true, is-selected=false, layout-params=android.widget.RelativeLayout$LayoutParams&#64;c940395, tag=null, root-is-layout-requested=false, has-input-connection=false, x=0.0, y=0.0, text=, input-type=0, ime-target=false, has-links=false}
|
+--------&gt;LinearLayout{id=16908312, res-name=widget_frame, visibility=GONE, width=0, height=0, has-focus=false, has-focusable=false, has-window-focus=true, is-clickable=false, is-enabled=true, is-focused=false, is-focusable=false, is-layout-requested=true, is-selected=false, layout-params=android.widget.LinearLayout$LayoutParams&#64;e5b1caa, tag=null, root-is-layout-requested=false, has-input-connection=false, x=0.0, y=0.0, child-count=0}
|
+-------&gt;LinearLayout{id=-1, visibility=VISIBLE, width=1080, height=141, has-focus=false, has-focusable=false, has-window-focus=true, is-clickable=false, is-enabled=true, is-focused=false, is-focusable=false, is-layout-requested=false, is-selected=false, layout-params=android.widget.AbsListView$LayoutParams&#64;57e4411, tag=null, root-is-layout-requested=false, has-input-connection=false, x=0.0, y=432.0, child-count=3} ****MATCHES****
|
+--------&gt;LinearLayout{id=16908350, res-name=icon_frame, visibility=GONE, width=0, height=0, has-focus=false, has-focusable=false, has-window-focus=true, is-clickable=false, is-enabled=true, is-focused=false, is-focusable=false, is-layout-requested=false, is-selected=false, layout-params=android.widget.LinearLayout$LayoutParams&#64;e5a3b77, tag=null, root-is-layout-requested=false, has-input-connection=false, x=0.0, y=0.0, child-count=1}
|
+---------&gt;PreferenceImageView{id=16908294, res-name=icon, visibility=GONE, width=0, height=0, has-focus=false, has-focusable=false, has-window-focus=true, is-clickable=false, is-enabled=true, is-focused=false, is-focusable=false, is-layout-requested=true, is-selected=false, layout-params=android.widget.LinearLayout$LayoutParams&#64;f93c3e4, tag=null, root-is-layout-requested=false, has-input-connection=false, x=0.0, y=0.0}
|
+--------&gt;RelativeLayout{id=-1, visibility=VISIBLE, width=870, height=141, has-focus=false, has-focusable=false, has-window-focus=true, is-clickable=false, is-enabled=true, is-focused=false, is-focusable=false, is-layout-requested=false, is-selected=false, layout-params=android.widget.LinearLayout$LayoutParams&#64;4ad1813, tag=null, root-is-layout-requested=false, has-input-connection=false, x=42.0, y=0.0, child-count=2}
|
+---------&gt;TextView{id=16908310, res-name=title, visibility=VISIBLE, width=488, height=57, has-focus=false, has-focusable=false, has-window-focus=true, is-clickable=false, is-enabled=true, is-focused=false, is-focusable=false, is-layout-requested=false, is-selected=false, layout-params=android.widget.RelativeLayout$LayoutParams&#64;cbb3a50, tag=null, root-is-layout-requested=false, has-input-connection=false, x=0.0, y=42.0, text=Confirm Delete All Inactive, input-type=0, ime-target=false, has-links=false}
|
+---------&gt;TextView{id=16908304, res-name=summary, visibility=GONE, width=0, height=0, has-focus=false, has-focusable=false, has-window-focus=true, is-clickable=false, is-enabled=true, is-focused=false, is-focusable=false, is-layout-requested=true, is-selected=false, layout-params=android.widget.RelativeLayout$LayoutParams&#64;15c6449, tag=null, root-is-layout-requested=false, has-input-connection=false, x=0.0, y=0.0, text=, input-type=0, ime-target=false, has-links=false}
|
+--------&gt;LinearLayout{id=16908312, res-name=widget_frame, visibility=VISIBLE, width=126, height=141, has-focus=false, has-focusable=false, has-window-focus=true, is-clickable=false, is-enabled=true, is-focused=false, is-focusable=false, is-layout-requested=false, is-selected=false, layout-params=android.widget.LinearLayout$LayoutParams&#64;f47226f, tag=null, root-is-layout-requested=false, has-input-connection=false, x=912.0, y=0.0, child-count=1} ****MATCHES****
|
+---------&gt;CheckBox{id=16908289, res-name=checkbox, visibility=VISIBLE, width=84, height=84, has-focus=false, has-focusable=false, has-window-focus=true, is-clickable=false, is-enabled=true, is-focused=false, is-focusable=false, is-layout-requested=false, is-selected=false, layout-params=android.widget.LinearLayout$LayoutParams&#64;ea1ab7c, tag=null, root-is-layout-requested=false, has-input-connection=false, x=42.0, y=28.0, text=, input-type=0, ime-target=false, has-links=false, is-checked=true}
|
+-------&gt;LinearLayout{id=-1, visibility=VISIBLE, width=1080, height=141, has-focus=false, has-focusable=false, has-window-focus=true, is-clickable=false, is-enabled=true, is-focused=false, is-focusable=false, is-layout-requested=false, is-selected=false, layout-params=android.widget.AbsListView$LayoutParams&#64;1c0368, tag=null, root-is-layout-requested=false, has-input-connection=false, x=0.0, y=576.0, child-count=3} ****MATCHES****
|
+--------&gt;LinearLayout{id=16908350, res-name=icon_frame, visibility=GONE, width=0, height=0, has-focus=false, has-focusable=false, has-window-focus=true, is-clickable=false, is-enabled=true, is-focused=false, is-focusable=false, is-layout-requested=false, is-selected=false, layout-params=android.widget.LinearLayout$LayoutParams&#64;1360c26, tag=null, root-is-layout-requested=false, has-input-connection=false, x=0.0, y=0.0, child-count=1}
|
+---------&gt;PreferenceImageView{id=16908294, res-name=icon, visibility=GONE, width=0, height=0, has-focus=false, has-focusable=false, has-window-focus=true, is-clickable=false, is-enabled=true, is-focused=false, is-focusable=false, is-layout-requested=true, is-selected=false, layout-params=android.widget.LinearLayout$LayoutParams&#64;71af067, tag=null, root-is-layout-requested=false, has-input-connection=false, x=0.0, y=0.0}
|
+--------&gt;RelativeLayout{id=-1, visibility=VISIBLE, width=996, height=141, has-focus=false, has-focusable=false, has-window-focus=true, is-clickable=false, is-enabled=true, is-focused=false, is-focusable=false, is-layout-requested=false, is-selected=false, layout-params=android.widget.LinearLayout$LayoutParams&#64;7e6c4b2, tag=null, root-is-layout-requested=false, has-input-connection=false, x=42.0, y=0.0, child-count=2}
|
+---------&gt;TextView{id=16908310, res-name=title, visibility=VISIBLE, width=235, height=57, has-focus=false, has-focusable=false, has-window-focus=true, is-clickable=false, is-enabled=true, is-focused=false, is-focusable=false, is-layout-requested=false, is-selected=false, layout-params=android.widget.RelativeLayout$LayoutParams&#64;dc2c03, tag=null, root-is-layout-requested=false, has-input-connection=false, x=0.0, y=42.0, text=Backup Now, input-type=0, ime-target=false, has-links=false}
|
+---------&gt;TextView{id=16908304, res-name=summary, visibility=GONE, width=0, height=0, has-focus=false, has-focusable=false, has-window-focus=true, is-clickable=false, is-enabled=true, is-focused=false, is-focusable=false, is-layout-requested=true, is-selected=false, layout-params=android.widget.RelativeLayout$LayoutParams&#64;79d780, tag=null, root-is-layout-requested=false, has-input-connection=false, x=0.0, y=0.0, text=, input-type=0, ime-target=false, has-links=false}
|
+--------&gt;LinearLayout{id=16908312, res-name=widget_frame, visibility=GONE, width=0, height=0, has-focus=false, has-focusable=false, has-window-focus=true, is-clickable=false, is-enabled=true, is-focused=false, is-focusable=false, is-layout-requested=true, is-selected=false, layout-params=android.widget.LinearLayout$LayoutParams&#64;89f1b9, tag=null, root-is-layout-requested=false, has-input-connection=false, x=0.0, y=0.0, child-count=0}
|
+-------&gt;LinearLayout{id=-1, visibility=VISIBLE, width=1080, height=141, has-focus=false, has-focusable=false, has-window-focus=true, is-clickable=false, is-enabled=true, is-focused=false, is-focusable=false, is-layout-requested=false, is-selected=false, layout-params=android.widget.AbsListView$LayoutParams&#64;6cef075, tag=null, root-is-layout-requested=false, has-input-connection=false, x=0.0, y=720.0, child-count=3} ****MATCHES****
|
+--------&gt;LinearLayout{id=16908350, res-name=icon_frame, visibility=GONE, width=0, height=0, has-focus=false, has-focusable=false, has-window-focus=true, is-clickable=false, is-enabled=true, is-focused=false, is-focusable=false, is-layout-requested=false, is-selected=false, layout-params=android.widget.LinearLayout$LayoutParams&#64;f6d187b, tag=null, root-is-layout-requested=false, has-input-connection=false, x=0.0, y=0.0, child-count=1}
|
+---------&gt;PreferenceImageView{id=16908294, res-name=icon, visibility=GONE, width=0, height=0, has-focus=false, has-focusable=false, has-window-focus=true, is-clickable=false, is-enabled=true, is-focused=false, is-focusable=false, is-layout-requested=true, is-selected=false, layout-params=android.widget.LinearLayout$LayoutParams&#64;90b1698, tag=null, root-is-layout-requested=false, has-input-connection=false, x=0.0, y=0.0}
|
+--------&gt;RelativeLayout{id=-1, visibility=VISIBLE, width=996, height=141, has-focus=false, has-focusable=false, has-window-focus=true, is-clickable=false, is-enabled=true, is-focused=false, is-focusable=false, is-layout-requested=false, is-selected=false, layout-params=android.widget.LinearLayout$LayoutParams&#64;8aac157, tag=null, root-is-layout-requested=false, has-input-connection=false, x=42.0, y=0.0, child-count=2}
|
+---------&gt;TextView{id=16908310, res-name=title, visibility=VISIBLE, width=144, height=57, has-focus=false, has-focusable=false, has-window-focus=true, is-clickable=false, is-enabled=true, is-focused=false, is-focusable=false, is-layout-requested=false, is-selected=false, layout-params=android.widget.RelativeLayout$LayoutParams&#64;7e70444, tag=null, root-is-layout-requested=false, has-input-connection=false, x=0.0, y=42.0, text=Restore, input-type=0, ime-target=false, has-links=false}
|
+---------&gt;TextView{id=16908304, res-name=summary, visibility=GONE, width=0, height=0, has-focus=false, has-focusable=false, has-window-focus=true, is-clickable=false, is-enabled=true, is-focused=false, is-focusable=false, is-layout-requested=true, is-selected=false, layout-params=android.widget.RelativeLayout$LayoutParams&#64;141b92d, tag=null, root-is-layout-requested=false, has-input-connection=false, x=0.0, y=0.0, text=, input-type=0, ime-target=false, has-links=false}
|
+--------&gt;LinearLayout{id=16908312, res-name=widget_frame, visibility=GONE, width=0, height=0, has-focus=false, has-focusable=false, has-window-focus=true, is-clickable=false, is-enabled=true, is-focused=false, is-focusable=false, is-layout-requested=true, is-selected=false, layout-params=android.widget.LinearLayout$LayoutParams&#64;535be62, tag=null, root-is-layout-requested=false, has-input-connection=false, x=0.0, y=0.0, child-count=0}
|
+------&gt;FrameLayout{id=16909013, res-name=list_footer, visibility=VISIBLE, width=1080, height=0, has-focus=false, has-focusable=false, has-window-focus=true, is-clickable=false, is-enabled=true, is-focused=false, is-focusable=false, is-layout-requested=false, is-selected=false, layout-params=android.widget.LinearLayout$LayoutParams&#64;9b01bf3, tag=null, root-is-layout-requested=false, has-input-connection=false, x=0.0, y=1584.0, child-count=0}
|
+----&gt;RelativeLayout{id=16908758, res-name=button_bar, visibility=GONE, width=0, height=0, has-focus=false, has-focusable=false, has-window-focus=true, is-clickable=false, is-enabled=true, is-focused=false, is-focusable=false, is-layout-requested=true, is-selected=false, layout-params=android.widget.LinearLayout$LayoutParams&#64;ab55eae, tag=null, root-is-layout-requested=false, has-input-connection=false, x=0.0, y=0.0, child-count=2}
|
+-----&gt;Button{id=16908732, res-name=back_button, visibility=VISIBLE, width=0, height=0, has-focus=false, has-focusable=true, has-window-focus=true, is-clickable=true, is-enabled=true, is-focused=false, is-focusable=true, is-layout-requested=true, is-selected=false, layout-params=android.widget.RelativeLayout$LayoutParams&#64;aa6844f, tag=null, root-is-layout-requested=false, has-input-connection=false, x=0.0, y=0.0, text=Back, input-type=0, ime-target=false, has-links=false}
|
+-----&gt;LinearLayout{id=-1, visibility=VISIBLE, width=0, height=0, has-focus=false, has-focusable=true, has-window-focus=true, is-clickable=false, is-enabled=true, is-focused=false, is-focusable=false, is-layout-requested=true, is-selected=false, layout-params=android.widget.RelativeLayout$LayoutParams&#64;27cb7ba, tag=null, root-is-layout-requested=false, has-input-connection=false, x=0.0, y=0.0, child-count=2}
|
+------&gt;Button{id=16909277, res-name=skip_button, visibility=GONE, width=0, height=0, has-focus=false, has-focusable=false, has-window-focus=true, is-clickable=true, is-enabled=true, is-focused=false, is-focusable=true, is-layout-requested=true, is-selected=false, layout-params=android.widget.LinearLayout$LayoutParams&#64;2f1166b, tag=null, root-is-layout-requested=false, has-input-connection=false, x=0.0, y=0.0, text=Skip, input-type=0, ime-target=false, has-links=false}
|
+------&gt;Button{id=16909075, res-name=next_button, visibility=VISIBLE, width=0, height=0, has-focus=false, has-focusable=true, has-window-focus=true, is-clickable=true, is-enabled=true, is-focused=false, is-focusable=true, is-layout-requested=true, is-selected=false, layout-params=android.widget.LinearLayout$LayoutParams&#64;73d55c8, tag=null, root-is-layout-requested=false, has-input-connection=false, x=0.0, y=0.0, text=Next, input-type=0, ime-target=false, has-links=false}
|
+--&gt;ActionBarContainer{id=16908669, res-name=action_bar_container, visibility=VISIBLE, width=1080, height=147, has-focus=false, has-focusable=false, has-window-focus=true, is-clickable=false, is-enabled=true, is-focused=false, is-focusable=false, is-layout-requested=false, is-selected=false, layout-params=com.android.internal.widget.ActionBarOverlayLayout$LayoutParams&#64;308ae47, tag=null, root-is-layout-requested=false, has-input-connection=false, x=0.0, y=63.0, child-count=2}
|
+---&gt;Toolbar{id=16908668, res-name=action_bar, visibility=VISIBLE, width=1080, height=147, has-focus=false, has-focusable=false, has-window-focus=true, is-clickable=false, is-enabled=true, is-focused=false, is-focusable=false, is-layout-requested=false, is-selected=false, layout-params=android.widget.FrameLayout$LayoutParams&#64;4ce8412, tag=null, root-is-layout-requested=false, has-input-connection=false, x=0.0, y=0.0, child-count=2}
|
+----&gt;TextView{id=-1, visibility=VISIBLE, width=196, height=71, has-focus=false, has-focusable=false, has-window-focus=true, is-clickable=false, is-enabled=true, is-focused=false, is-focusable=false, is-layout-requested=false, is-selected=false, layout-params=android.widget.Toolbar$LayoutParams&#64;17e7e3, tag=null, root-is-layout-requested=false, has-input-connection=false, x=42.0, y=38.0, text=Settings, input-type=0, ime-target=false, has-links=false}
|
+----&gt;ActionMenuView{id=-1, visibility=VISIBLE, width=0, height=147, has-focus=false, has-focusable=false, has-window-focus=true, is-clickable=false, is-enabled=true, is-focused=false, is-focusable=false, is-layout-requested=false, is-selected=false, layout-params=android.widget.Toolbar$LayoutParams&#64;f6715e0, tag=null, root-is-layout-requested=false, has-input-connection=false, x=1080.0, y=0.0, child-count=0}
|
+---&gt;ActionBarContextView{id=16908673, res-name=action_context_bar, visibility=GONE, width=0, height=0, has-focus=false, has-focusable=false, has-window-focus=true, is-clickable=false, is-enabled=true, is-focused=false, is-focusable=false, is-layout-requested=true, is-selected=false, layout-params=android.widget.FrameLayout$LayoutParams&#64;2cec099, tag=null, root-is-layout-requested=false, has-input-connection=false, x=0.0, y=0.0, child-count=0}
|
+-&gt;View{id=16908336, res-name=navigationBarBackground, visibility=VISIBLE, width=1080, height=126, has-focus=false, has-focusable=false, has-window-focus=true, is-clickable=false, is-enabled=true, is-focused=false, is-focusable=false, is-layout-requested=false, is-selected=false, layout-params=android.widget.FrameLayout$LayoutParams&#64;ccf5e, tag=null, root-is-layout-requested=false, has-input-connection=false, x=0.0, y=1794.0}
|
+-&gt;View{id=16908335, res-name=statusBarBackground, visibility=VISIBLE, width=1080, height=63, has-focus=false, has-focusable=false, has-window-focus=true, is-clickable=false, is-enabled=true, is-focused=false, is-focusable=false, is-layout-requested=false, is-selected=false, layout-params=android.widget.FrameLayout$LayoutParams&#64;d571f3f, tag=null, root-is-layout-requested=false, has-input-connection=false, x=0.0, y=0.0}
|
at dalvik.system.VMStack.getThreadStackTrace(Native Method)
at java.lang.Thread.getStackTrace(Thread.java:1536)
at android.support.test.espresso.base.DefaultFailureHandler.getUserFriendlyError(DefaultFailureHandler.java:88)
at android.support.test.espresso.base.DefaultFailureHandler.handle(DefaultFailureHandler.java:51)
at android.support.test.espresso.ViewInteraction.waitForAndHandleInteractionResults(ViewInteraction.java:312)
at android.support.test.espresso.ViewInteraction.desugaredPerform(ViewInteraction.java:173)
at android.support.test.espresso.ViewInteraction.perform(ViewInteraction.java:114)
at kdk.android.simplydo.C2.ChangeSettingsC2.changeSettingsC2(ChangeSettingsC2.java:44)
at java.lang.reflect.Method.invoke(Native Method)
at org.junit.runners.model.FrameworkMethod$1.runReflectiveCall(FrameworkMethod.java:50)
at org.junit.internal.runners.model.ReflectiveCallable.run(ReflectiveCallable.java:12)
at org.junit.runners.model.FrameworkMethod.invokeExplosively(FrameworkMethod.java:47)
at org.junit.internal.runners.statements.InvokeMethod.evaluate(InvokeMethod.java:17)
at android.support.test.rule.ActivityTestRule$ActivityStatement.evaluate(ActivityTestRule.java:527)
at org.junit.rules.RunRules.evaluate(RunRules.java:20)
at org.junit.runners.ParentRunner.runLeaf(ParentRunner.java:325)
at org.junit.runners.BlockJUnit4ClassRunner.runChild(BlockJUnit4ClassRunner.java:78)
at org.junit.runners.BlockJUnit4ClassRunner.runChild(BlockJUnit4ClassRunner.java:57)
at org.junit.runners.ParentRunner$3.run(ParentRunner.java:290)
at org.junit.runners.ParentRunner$1.schedule(ParentRunner.java:71)
at org.junit.runners.ParentRunner.runChildren(ParentRunner.java:288)
at org.junit.runners.ParentRunner.access$000(ParentRunner.java:58)
at org.junit.runners.ParentRunner$2.evaluate(ParentRunner.java:268)
at org.junit.runners.ParentRunner.run(ParentRunner.java:363)
at android.support.test.runner.AndroidJUnit4.run(AndroidJUnit4.java:101)
at org.junit.runners.Suite.runChild(Suite.java:128)
at org.junit.runners.Suite.runChild(Suite.java:27)
at org.junit.runners.ParentRunner$3.run(ParentRunner.java:290)
at org.junit.runners.ParentRunner$1.schedule(ParentRunner.java:71)
at org.junit.runners.ParentRunner.runChildren(ParentRunner.java:288)
at org.junit.runners.ParentRunner.access$000(ParentRunner.java:58)
at org.junit.runners.ParentRunner$2.evaluate(ParentRunner.java:268)
at org.junit.runners.ParentRunner.run(ParentRunner.java:363)
at org.junit.runner.JUnitCore.run(JUnitCore.java:137)
at org.junit.runner.JUnitCore.run(JUnitCore.java:115)
at android.support.test.internal.runner.TestExecutor.execute(TestExecutor.java:56)
at android.support.test.runner.AndroidJUnitRunner.onStart(AndroidJUnitRunner.java:384)
at android.app.Instrumentation$InstrumentationThread.run(Instrumentation.java:2074)
</failure>
  </testcase>
  <testcase name="checkItemC2" classname="kdk.android.simplydo.C2.CheckItemC2" time="0.833">
    <failure>android.support.test.espresso.AmbiguousViewMatcherException: '(with class name: is "android.widget.LinearLayout" and is displayed on the screen to the user)' matches multiple views in the hierarchy.
Problem views are marked with '****MATCHES****' below.

View Hierarchy:
+&gt;DecorView{id=-1, visibility=VISIBLE, width=1080, height=1920, has-focus=true, has-focusable=true, has-window-focus=true, is-clickable=false, is-enabled=true, is-focused=false, is-focusable=false, is-layout-requested=false, is-selected=false, layout-params=WM.LayoutParams{(0,0)(fillxfill) sim=#3 ty=1 fl=#81810100 pfl=0x20000 wanim=0x10302f6 needsMenuKey=2 colorMode=0}, tag=null, root-is-layout-requested=false, has-input-connection=false, x=0.0, y=0.0, child-count=3}
|
+-&gt;ActionBarOverlayLayout{id=16908822, res-name=decor_content_parent, visibility=VISIBLE, width=1080, height=1794, has-focus=true, has-focusable=true, has-window-focus=true, is-clickable=false, is-enabled=true, is-focused=false, is-focusable=false, is-layout-requested=false, is-selected=false, layout-params=android.widget.FrameLayout$LayoutParams&#64;55ff3a7, tag=null, root-is-layout-requested=false, has-input-connection=false, x=0.0, y=0.0, child-count=2}
|
+--&gt;FrameLayout{id=16908290, res-name=content, visibility=VISIBLE, width=1080, height=1584, has-focus=true, has-focusable=true, has-window-focus=true, is-clickable=false, is-enabled=true, is-focused=false, is-focusable=false, is-layout-requested=false, is-selected=false, layout-params=com.android.internal.widget.ActionBarOverlayLayout$LayoutParams&#64;41d054, tag=null, root-is-layout-requested=false, has-input-connection=false, x=0.0, y=210.0, child-count=1}
|
+---&gt;LinearLayout{id=-1, visibility=VISIBLE, width=1080, height=1584, has-focus=true, has-focusable=true, has-window-focus=true, is-clickable=false, is-enabled=true, is-focused=false, is-focusable=false, is-layout-requested=false, is-selected=false, layout-params=android.widget.FrameLayout$LayoutParams&#64;35510f2, tag=null, root-is-layout-requested=false, has-input-connection=false, x=0.0, y=0.0, child-count=1} ****MATCHES****
|
+----&gt;ViewSwitcher{id=2130903049, res-name=ListsItemsSwitcher, visibility=VISIBLE, width=1080, height=1584, has-focus=true, has-focusable=true, has-window-focus=true, is-clickable=false, is-enabled=true, is-focused=false, is-focusable=false, is-layout-requested=false, is-selected=false, layout-params=android.widget.LinearLayout$LayoutParams&#64;b159dc0, tag=null, root-is-layout-requested=false, has-input-connection=false, x=0.0, y=0.0, child-count=2}
|
+-----&gt;LinearLayout{id=2130903059, res-name=listsView, visibility=VISIBLE, width=1080, height=1584, has-focus=true, has-focusable=true, has-window-focus=true, is-clickable=false, is-enabled=true, is-focused=false, is-focusable=false, is-layout-requested=false, is-selected=false, layout-params=android.widget.FrameLayout$LayoutParams&#64;c4daf9, tag=null, root-is-layout-requested=false, has-input-connection=false, x=0.0, y=0.0, child-count=2} ****MATCHES****
|
+------&gt;LinearLayout{id=2130903048, res-name=LinearLayout01, visibility=VISIBLE, width=1080, height=126, has-focus=true, has-focusable=true, has-window-focus=true, is-clickable=false, is-enabled=true, is-focused=false, is-focusable=false, is-layout-requested=false, is-selected=false, layout-params=android.widget.LinearLayout$LayoutParams&#64;41f4a3e, tag=null, root-is-layout-requested=false, has-input-connection=false, x=0.0, y=0.0, child-count=2} ****MATCHES****
|
+-------&gt;EditText{id=2130903043, res-name=AddListEditText, desc=addlistedittext, visibility=VISIBLE, width=849, height=126, has-focus=true, has-focusable=true, has-window-focus=true, is-clickable=true, is-enabled=true, is-focused=true, is-focusable=true, is-layout-requested=false, is-selected=false, layout-params=android.widget.LinearLayout$LayoutParams&#64;3e5b09f, tag=null, root-is-layout-requested=false, has-input-connection=true, editor-info=[inputType=0x31 imeOptions=0x8000006 privateImeOptions=null actionLabel=null actionId=0 initialSelStart=0 initialSelEnd=0 initialCapsMode=0x0 hintText=New List Name label=null packageName=null fieldId=0 fieldName=null extras=null hintLocales=null contentMimeTypes=null ], x=0.0, y=0.0, text=, hint=New List Name, input-type=49, ime-target=true, has-links=false}
|
+-------&gt;Button{id=2130903042, res-name=AddListButton, desc=Add, visibility=VISIBLE, width=231, height=126, has-focus=false, has-focusable=true, has-window-focus=true, is-clickable=true, is-enabled=true, is-focused=false, is-focusable=true, is-layout-requested=false, is-selected=false, layout-params=android.widget.LinearLayout$LayoutParams&#64;e96d5ec, tag=null, root-is-layout-requested=false, has-input-connection=false, x=849.0, y=0.0, text=Add, input-type=0, ime-target=false, has-links=false}
|
+------&gt;ListView{id=2130903050, res-name=ListsListView, visibility=VISIBLE, width=1080, height=1458, has-focus=false, has-focusable=true, has-window-focus=true, is-clickable=true, is-enabled=true, is-focused=false, is-focusable=true, is-layout-requested=false, is-selected=false, layout-params=android.widget.LinearLayout$LayoutParams&#64;bef2db5, tag=null, root-is-layout-requested=false, has-input-connection=false, x=0.0, y=126.0, child-count=11}
|
+-------&gt;LinearLayout{id=-1, visibility=VISIBLE, width=1080, height=130, has-focus=false, has-focusable=false, has-window-focus=true, is-clickable=false, is-enabled=true, is-focused=false, is-focusable=false, is-layout-requested=false, is-selected=false, layout-params=android.widget.AbsListView$LayoutParams&#64;3c1cc4a, tag=null, root-is-layout-requested=false, has-input-connection=false, x=0.0, y=0.0, child-count=2} ****MATCHES****
|
+--------&gt;TextView{id=2130903060, res-name=text1, desc=Name, visibility=VISIBLE, width=945, height=78, has-focus=false, has-focusable=false, has-window-focus=true, is-clickable=false, is-enabled=true, is-focused=false, is-focusable=false, is-layout-requested=false, is-selected=false, layout-params=android.widget.LinearLayout$LayoutParams&#64;feb7bb, tag=null, root-is-layout-requested=false, has-input-connection=false, x=26.0, y=26.0, text=list, input-type=0, ime-target=false, has-links=false}
|
+--------&gt;TextView{id=2130903061, res-name=text2, desc=text2, visibility=VISIBLE, width=109, height=64, has-focus=false, has-focusable=false, has-window-focus=true, is-clickable=false, is-enabled=true, is-focused=false, is-focusable=false, is-layout-requested=false, is-selected=false, layout-params=android.widget.LinearLayout$LayoutParams&#64;e1164d8, tag=null, root-is-layout-requested=false, has-input-connection=false, x=971.0, y=35.0, text=(3/3), input-type=0, ime-target=false, has-links=false}
|
+-------&gt;LinearLayout{id=-1, visibility=VISIBLE, width=1080, height=130, has-focus=false, has-focusable=false, has-window-focus=true, is-clickable=false, is-enabled=true, is-focused=false, is-focusable=false, is-layout-requested=false, is-selected=false, layout-params=android.widget.AbsListView$LayoutParams&#64;131f031, tag=null, root-is-layout-requested=false, has-input-connection=false, x=0.0, y=133.0, child-count=2} ****MATCHES****
|
+--------&gt;TextView{id=2130903060, res-name=text1, desc=Name, visibility=VISIBLE, width=945, height=78, has-focus=false, has-focusable=false, has-window-focus=true, is-clickable=false, is-enabled=true, is-focused=false, is-focusable=false, is-layout-requested=false, is-selected=false, layout-params=android.widget.LinearLayout$LayoutParams&#64;586316, tag=null, root-is-layout-requested=false, has-input-connection=false, x=26.0, y=26.0, text=List, input-type=0, ime-target=false, has-links=false}
|
+--------&gt;TextView{id=2130903061, res-name=text2, desc=text2, visibility=VISIBLE, width=109, height=64, has-focus=false, has-focusable=false, has-window-focus=true, is-clickable=false, is-enabled=true, is-focused=false, is-focusable=false, is-layout-requested=false, is-selected=false, layout-params=android.widget.LinearLayout$LayoutParams&#64;cd71497, tag=null, root-is-layout-requested=false, has-input-connection=false, x=971.0, y=35.0, text=(0/0), input-type=0, ime-target=false, has-links=false}
|
+-------&gt;LinearLayout{id=-1, visibility=VISIBLE, width=1080, height=130, has-focus=false, has-focusable=false, has-window-focus=true, is-clickable=false, is-enabled=true, is-focused=false, is-focusable=false, is-layout-requested=false, is-selected=false, layout-params=android.widget.AbsListView$LayoutParams&#64;3a3f684, tag=null, root-is-layout-requested=false, has-input-connection=false, x=0.0, y=266.0, child-count=2} ****MATCHES****
|
+--------&gt;TextView{id=2130903060, res-name=text1, desc=Name, visibility=VISIBLE, width=945, height=78, has-focus=false, has-focusable=false, has-window-focus=true, is-clickable=false, is-enabled=true, is-focused=false, is-focusable=false, is-layout-requested=false, is-selected=false, layout-params=android.widget.LinearLayout$LayoutParams&#64;45e6d, tag=null, root-is-layout-requested=false, has-input-connection=false, x=26.0, y=26.0, text=List, input-type=0, ime-target=false, has-links=false}
|
+--------&gt;TextView{id=2130903061, res-name=text2, desc=text2, visibility=VISIBLE, width=109, height=64, has-focus=false, has-focusable=false, has-window-focus=true, is-clickable=false, is-enabled=true, is-focused=false, is-focusable=false, is-layout-requested=false, is-selected=false, layout-params=android.widget.LinearLayout$LayoutParams&#64;bef9aa2, tag=null, root-is-layout-requested=false, has-input-connection=false, x=971.0, y=35.0, text=(0/0), input-type=0, ime-target=false, has-links=false}
|
+-------&gt;LinearLayout{id=-1, visibility=VISIBLE, width=1080, height=130, has-focus=false, has-focusable=false, has-window-focus=true, is-clickable=false, is-enabled=true, is-focused=false, is-focusable=false, is-layout-requested=false, is-selected=false, layout-params=android.widget.AbsListView$LayoutParams&#64;16e6333, tag=null, root-is-layout-requested=false, has-input-connection=false, x=0.0, y=399.0, child-count=2} ****MATCHES****
|
+--------&gt;TextView{id=2130903060, res-name=text1, desc=Name, visibility=VISIBLE, width=945, height=78, has-focus=false, has-focusable=false, has-window-focus=true, is-clickable=false, is-enabled=true, is-focused=false, is-focusable=false, is-layout-requested=false, is-selected=false, layout-params=android.widget.LinearLayout$LayoutParams&#64;aabf6f0, tag=null, root-is-layout-requested=false, has-input-connection=false, x=26.0, y=26.0, text=List, input-type=0, ime-target=false, has-links=false}
|
+--------&gt;TextView{id=2130903061, res-name=text2, desc=text2, visibility=VISIBLE, width=109, height=64, has-focus=false, has-focusable=false, has-window-focus=true, is-clickable=false, is-enabled=true, is-focused=false, is-focusable=false, is-layout-requested=false, is-selected=false, layout-params=android.widget.LinearLayout$LayoutParams&#64;e157469, tag=null, root-is-layout-requested=false, has-input-connection=false, x=971.0, y=35.0, text=(2/5), input-type=0, ime-target=false, has-links=false}
|
+-------&gt;LinearLayout{id=-1, visibility=VISIBLE, width=1080, height=130, has-focus=false, has-focusable=false, has-window-focus=true, is-clickable=false, is-enabled=true, is-focused=false, is-focusable=false, is-layout-requested=false, is-selected=false, layout-params=android.widget.AbsListView$LayoutParams&#64;ad0beee, tag=null, root-is-layout-requested=false, has-input-connection=false, x=0.0, y=532.0, child-count=2} ****MATCHES****
|
+--------&gt;TextView{id=2130903060, res-name=text1, desc=Name, visibility=VISIBLE, width=945, height=78, has-focus=false, has-focusable=false, has-window-focus=true, is-clickable=false, is-enabled=true, is-focused=false, is-focusable=false, is-layout-requested=false, is-selected=false, layout-params=android.widget.LinearLayout$LayoutParams&#64;f21ff8f, tag=null, root-is-layout-requested=false, has-input-connection=false, x=26.0, y=26.0, text=List, input-type=0, ime-target=false, has-links=false}
|
+--------&gt;TextView{id=2130903061, res-name=text2, desc=text2, visibility=VISIBLE, width=109, height=64, has-focus=false, has-focusable=false, has-window-focus=true, is-clickable=false, is-enabled=true, is-focused=false, is-focusable=false, is-layout-requested=false, is-selected=false, layout-params=android.widget.LinearLayout$LayoutParams&#64;4f1921c, tag=null, root-is-layout-requested=false, has-input-connection=false, x=971.0, y=35.0, text=(0/1), input-type=0, ime-target=false, has-links=false}
|
+-------&gt;LinearLayout{id=-1, visibility=VISIBLE, width=1080, height=130, has-focus=false, has-focusable=false, has-window-focus=true, is-clickable=false, is-enabled=true, is-focused=false, is-focusable=false, is-layout-requested=false, is-selected=false, layout-params=android.widget.AbsListView$LayoutParams&#64;307ee25, tag=null, root-is-layout-requested=false, has-input-connection=false, x=0.0, y=665.0, child-count=2} ****MATCHES****
|
+--------&gt;TextView{id=2130903060, res-name=text1, desc=Name, visibility=VISIBLE, width=945, height=78, has-focus=false, has-focusable=false, has-window-focus=true, is-clickable=false, is-enabled=true, is-focused=false, is-focusable=false, is-layout-requested=false, is-selected=false, layout-params=android.widget.LinearLayout$LayoutParams&#64;a8ddbfa, tag=null, root-is-layout-requested=false, has-input-connection=false, x=26.0, y=26.0, text=List, input-type=0, ime-target=false, has-links=false}
|
+--------&gt;TextView{id=2130903061, res-name=text2, desc=text2, visibility=VISIBLE, width=109, height=64, has-focus=false, has-focusable=false, has-window-focus=true, is-clickable=false, is-enabled=true, is-focused=false, is-focusable=false, is-layout-requested=false, is-selected=false, layout-params=android.widget.LinearLayout$LayoutParams&#64;4c905ab, tag=null, root-is-layout-requested=false, has-input-connection=false, x=971.0, y=35.0, text=(1/1), input-type=0, ime-target=false, has-links=false}
|
+-------&gt;LinearLayout{id=-1, visibility=VISIBLE, width=1080, height=130, has-focus=false, has-focusable=false, has-window-focus=true, is-clickable=false, is-enabled=true, is-focused=false, is-focusable=false, is-layout-requested=false, is-selected=false, layout-params=android.widget.AbsListView$LayoutParams&#64;693b408, tag=null, root-is-layout-requested=false, has-input-connection=false, x=0.0, y=798.0, child-count=2} ****MATCHES****
|
+--------&gt;TextView{id=2130903060, res-name=text1, desc=Name, visibility=VISIBLE, width=945, height=78, has-focus=false, has-focusable=false, has-window-focus=true, is-clickable=false, is-enabled=true, is-focused=false, is-focusable=false, is-layout-requested=false, is-selected=false, layout-params=android.widget.LinearLayout$LayoutParams&#64;3ee47a1, tag=null, root-is-layout-requested=false, has-input-connection=false, x=26.0, y=26.0, text=List2, input-type=0, ime-target=false, has-links=false}
|
+--------&gt;TextView{id=2130903061, res-name=text2, desc=text2, visibility=VISIBLE, width=109, height=64, has-focus=false, has-focusable=false, has-window-focus=true, is-clickable=false, is-enabled=true, is-focused=false, is-focusable=false, is-layout-requested=false, is-selected=false, layout-params=android.widget.LinearLayout$LayoutParams&#64;dcdbdc6, tag=null, root-is-layout-requested=false, has-input-connection=false, x=971.0, y=35.0, text=(0/0), input-type=0, ime-target=false, has-links=false}
|
+-------&gt;LinearLayout{id=-1, visibility=VISIBLE, width=1080, height=130, has-focus=false, has-focusable=false, has-window-focus=true, is-clickable=false, is-enabled=true, is-focused=false, is-focusable=false, is-layout-requested=false, is-selected=false, layout-params=android.widget.AbsListView$LayoutParams&#64;d905187, tag=null, root-is-layout-requested=false, has-input-connection=false, x=0.0, y=931.0, child-count=2} ****MATCHES****
|
+--------&gt;TextView{id=2130903060, res-name=text1, desc=Name, visibility=VISIBLE, width=945, height=78, has-focus=false, has-focusable=false, has-window-focus=true, is-clickable=false, is-enabled=true, is-focused=false, is-focusable=false, is-layout-requested=false, is-selected=false, layout-params=android.widget.LinearLayout$LayoutParams&#64;4b408b4, tag=null, root-is-layout-requested=false, has-input-connection=false, x=26.0, y=26.0, text=new, input-type=0, ime-target=false, has-links=false}
|
+--------&gt;TextView{id=2130903061, res-name=text2, desc=text2, visibility=VISIBLE, width=109, height=64, has-focus=false, has-focusable=false, has-window-focus=true, is-clickable=false, is-enabled=true, is-focused=false, is-focusable=false, is-layout-requested=false, is-selected=false, layout-params=android.widget.LinearLayout$LayoutParams&#64;a86bcdd, tag=null, root-is-layout-requested=false, has-input-connection=false, x=971.0, y=35.0, text=(0/0), input-type=0, ime-target=false, has-links=false}
|
+-------&gt;LinearLayout{id=-1, visibility=VISIBLE, width=1080, height=130, has-focus=false, has-focusable=false, has-window-focus=true, is-clickable=false, is-enabled=true, is-focused=false, is-focusable=false, is-layout-requested=false, is-selected=false, layout-params=android.widget.AbsListView$LayoutParams&#64;8d7f052, tag=null, root-is-layout-requested=false, has-input-connection=false, x=0.0, y=1064.0, child-count=2} ****MATCHES****
|
+--------&gt;TextView{id=2130903060, res-name=text1, desc=Name, visibility=VISIBLE, width=945, height=78, has-focus=false, has-focusable=false, has-window-focus=true, is-clickable=false, is-enabled=true, is-focused=false, is-focusable=false, is-layout-requested=false, is-selected=false, layout-params=android.widget.LinearLayout$LayoutParams&#64;967f23, tag=null, root-is-layout-requested=false, has-input-connection=false, x=26.0, y=26.0, text=new, input-type=0, ime-target=false, has-links=false}
|
+--------&gt;TextView{id=2130903061, res-name=text2, desc=text2, visibility=VISIBLE, width=109, height=64, has-focus=false, has-focusable=false, has-window-focus=true, is-clickable=false, is-enabled=true, is-focused=false, is-focusable=false, is-layout-requested=false, is-selected=false, layout-params=android.widget.LinearLayout$LayoutParams&#64;2e2fc20, tag=null, root-is-layout-requested=false, has-input-connection=false, x=971.0, y=35.0, text=(0/0), input-type=0, ime-target=false, has-links=false}
|
+-------&gt;LinearLayout{id=-1, visibility=VISIBLE, width=1080, height=130, has-focus=false, has-focusable=false, has-window-focus=true, is-clickable=false, is-enabled=true, is-focused=false, is-focusable=false, is-layout-requested=false, is-selected=false, layout-params=android.widget.AbsListView$LayoutParams&#64;43749d9, tag=null, root-is-layout-requested=false, has-input-connection=false, x=0.0, y=1197.0, child-count=2} ****MATCHES****
|
+--------&gt;TextView{id=2130903060, res-name=text1, desc=Name, visibility=VISIBLE, width=945, height=78, has-focus=false, has-focusable=false, has-window-focus=true, is-clickable=false, is-enabled=true, is-focused=false, is-focusable=false, is-layout-requested=false, is-selected=false, layout-params=android.widget.LinearLayout$LayoutParams&#64;ae0bf9e, tag=null, root-is-layout-requested=false, has-input-connection=false, x=26.0, y=26.0, text=new, input-type=0, ime-target=false, has-links=false}
|
+--------&gt;TextView{id=2130903061, res-name=text2, desc=text2, visibility=VISIBLE, width=109, height=64, has-focus=false, has-focusable=false, has-window-focus=true, is-clickable=false, is-enabled=true, is-focused=false, is-focusable=false, is-layout-requested=false, is-selected=false, layout-params=android.widget.LinearLayout$LayoutParams&#64;e47ea7f, tag=null, root-is-layout-requested=false, has-input-connection=false, x=971.0, y=35.0, text=(0/0), input-type=0, ime-target=false, has-links=false}
|
+-------&gt;LinearLayout{id=-1, visibility=VISIBLE, width=1080, height=130, has-focus=false, has-focusable=false, has-window-focus=true, is-clickable=false, is-enabled=true, is-focused=false, is-focusable=false, is-layout-requested=false, is-selected=false, layout-params=android.widget.AbsListView$LayoutParams&#64;b4bba4c, tag=null, root-is-layout-requested=false, has-input-connection=false, x=0.0, y=1330.0, child-count=2} ****MATCHES****
|
+--------&gt;TextView{id=2130903060, res-name=text1, desc=Name, visibility=VISIBLE, width=945, height=78, has-focus=false, has-focusable=false, has-window-focus=true, is-clickable=false, is-enabled=true, is-focused=false, is-focusable=false, is-layout-requested=false, is-selected=false, layout-params=android.widget.LinearLayout$LayoutParams&#64;4c9aa95, tag=null, root-is-layout-requested=false, has-input-connection=false, x=26.0, y=26.0, text=new, input-type=0, ime-target=false, has-links=false}
|
+--------&gt;TextView{id=2130903061, res-name=text2, desc=text2, visibility=VISIBLE, width=109, height=64, has-focus=false, has-focusable=false, has-window-focus=true, is-clickable=false, is-enabled=true, is-focused=false, is-focusable=false, is-layout-requested=false, is-selected=false, layout-params=android.widget.LinearLayout$LayoutParams&#64;1537aa, tag=null, root-is-layout-requested=false, has-input-connection=false, x=971.0, y=35.0, text=(0/0), input-type=0, ime-target=false, has-links=false}
|
+-----&gt;LinearLayout{id=2130903057, res-name=itemsView, visibility=GONE, width=0, height=0, has-focus=false, has-focusable=false, has-window-focus=true, is-clickable=false, is-enabled=true, is-focused=false, is-focusable=false, is-layout-requested=true, is-selected=false, layout-params=android.widget.FrameLayout$LayoutParams&#64;8e75b11, tag=null, root-is-layout-requested=false, has-input-connection=false, x=0.0, y=0.0, child-count=2}
|
+------&gt;LinearLayout{id=2130903048, res-name=LinearLayout01, visibility=VISIBLE, width=0, height=0, has-focus=false, has-focusable=true, has-window-focus=true, is-clickable=false, is-enabled=true, is-focused=false, is-focusable=false, is-layout-requested=true, is-selected=false, layout-params=android.widget.LinearLayout$LayoutParams&#64;c506e4, tag=null, root-is-layout-requested=false, has-input-connection=false, x=0.0, y=0.0, child-count=2}
|
+-------&gt;EditText{id=2130903041, res-name=AddItemEditText, desc=addItemEditText, visibility=VISIBLE, width=0, height=0, has-focus=false, has-focusable=true, has-window-focus=true, is-clickable=true, is-enabled=true, is-focused=false, is-focusable=true, is-layout-requested=true, is-selected=false, layout-params=android.widget.LinearLayout$LayoutParams&#64;455974d, tag=null, root-is-layout-requested=false, has-input-connection=true, editor-info=[inputType=0x31 imeOptions=0x8000006 privateImeOptions=null actionLabel=null actionId=0 initialSelStart=0 initialSelEnd=0 initialCapsMode=0x0 hintText=New Item Name label=null packageName=null fieldId=0 fieldName=null extras=null hintLocales=null contentMimeTypes=null ], x=0.0, y=0.0, text=, hint=New Item Name, input-type=49, ime-target=false, has-links=false}
|
+-------&gt;Button{id=2130903040, res-name=AddItemButton, desc=Add, visibility=VISIBLE, width=0, height=0, has-focus=false, has-focusable=true, has-window-focus=true, is-clickable=true, is-enabled=true, is-focused=false, is-focusable=true, is-layout-requested=true, is-selected=false, layout-params=android.widget.LinearLayout$LayoutParams&#64;f191202, tag=null, root-is-layout-requested=false, has-input-connection=false, x=0.0, y=0.0, text=Add, input-type=0, ime-target=false, has-links=false}
|
+------&gt;ListView{id=2130903047, res-name=ItemsListView, visibility=VISIBLE, width=0, height=0, has-focus=false, has-focusable=false, has-window-focus=true, is-clickable=true, is-enabled=true, is-focused=false, is-focusable=false, is-layout-requested=true, is-selected=false, layout-params=android.widget.LinearLayout$LayoutParams&#64;b57713, tag=null, root-is-layout-requested=false, has-input-connection=false, x=0.0, y=0.0, child-count=0}
|
+--&gt;ActionBarContainer{id=16908669, res-name=action_bar_container, visibility=VISIBLE, width=1080, height=147, has-focus=false, has-focusable=false, has-window-focus=true, is-clickable=false, is-enabled=true, is-focused=false, is-focusable=false, is-layout-requested=false, is-selected=false, layout-params=com.android.internal.widget.ActionBarOverlayLayout$LayoutParams&#64;f0a4c4e, tag=null, root-is-layout-requested=false, has-input-connection=false, x=0.0, y=63.0, child-count=2}
|
+---&gt;Toolbar{id=16908668, res-name=action_bar, visibility=VISIBLE, width=1080, height=147, has-focus=false, has-focusable=false, has-window-focus=true, is-clickable=false, is-enabled=true, is-focused=false, is-focusable=false, is-layout-requested=false, is-selected=false, layout-params=android.widget.FrameLayout$LayoutParams&#64;cf6716f, tag=null, root-is-layout-requested=false, has-input-connection=false, x=0.0, y=0.0, child-count=2}
|
+----&gt;TextView{id=-1, visibility=VISIBLE, width=240, height=71, has-focus=false, has-focusable=false, has-window-focus=true, is-clickable=false, is-enabled=true, is-focused=false, is-focusable=false, is-layout-requested=false, is-selected=false, layout-params=android.widget.Toolbar$LayoutParams&#64;6584e7c, tag=null, root-is-layout-requested=false, has-input-connection=false, x=42.0, y=38.0, text=Simply Do, input-type=0, ime-target=false, has-links=false}
|
+----&gt;ActionMenuView{id=-1, visibility=VISIBLE, width=105, height=147, has-focus=false, has-focusable=false, has-window-focus=true, is-clickable=false, is-enabled=true, is-focused=false, is-focusable=false, is-layout-requested=false, is-selected=false, layout-params=android.widget.Toolbar$LayoutParams&#64;fc2df5a, tag=null, root-is-layout-requested=false, has-input-connection=false, x=975.0, y=0.0, child-count=1}
|
+-----&gt;OverflowMenuButton{id=-1, desc=More options, visibility=VISIBLE, width=105, height=126, has-focus=false, has-focusable=false, has-window-focus=true, is-clickable=true, is-enabled=true, is-focused=false, is-focusable=true, is-layout-requested=false, is-selected=false, layout-params=android.widget.ActionMenuView$LayoutParams&#64;fa2b58b, tag=null, root-is-layout-requested=false, has-input-connection=false, x=0.0, y=10.0}
|
+---&gt;ActionBarContextView{id=16908673, res-name=action_context_bar, visibility=GONE, width=0, height=0, has-focus=false, has-focusable=false, has-window-focus=true, is-clickable=false, is-enabled=true, is-focused=false, is-focusable=false, is-layout-requested=true, is-selected=false, layout-params=android.widget.FrameLayout$LayoutParams&#64;19d668, tag=null, root-is-layout-requested=false, has-input-connection=false, x=0.0, y=0.0, child-count=0}
|
+-&gt;View{id=16908336, res-name=navigationBarBackground, visibility=VISIBLE, width=1080, height=126, has-focus=false, has-focusable=false, has-window-focus=true, is-clickable=false, is-enabled=true, is-focused=false, is-focusable=false, is-layout-requested=false, is-selected=false, layout-params=android.widget.FrameLayout$LayoutParams&#64;6c42a81, tag=null, root-is-layout-requested=false, has-input-connection=false, x=0.0, y=1794.0}
|
+-&gt;View{id=16908335, res-name=statusBarBackground, visibility=VISIBLE, width=1080, height=63, has-focus=false, has-focusable=false, has-window-focus=true, is-clickable=false, is-enabled=true, is-focused=false, is-focusable=false, is-layout-requested=false, is-selected=false, layout-params=android.widget.FrameLayout$LayoutParams&#64;73f9726, tag=null, root-is-layout-requested=false, has-input-connection=false, x=0.0, y=0.0}
|
at dalvik.system.VMStack.getThreadStackTrace(Native Method)
at java.lang.Thread.getStackTrace(Thread.java:1536)
at android.support.test.espresso.base.DefaultFailureHandler.getUserFriendlyError(DefaultFailureHandler.java:88)
at android.support.test.espresso.base.DefaultFailureHandler.handle(DefaultFailureHandler.java:51)
at android.support.test.espresso.ViewInteraction.waitForAndHandleInteractionResults(ViewInteraction.java:312)
at android.support.test.espresso.ViewInteraction.desugaredPerform(ViewInteraction.java:173)
at android.support.test.espresso.ViewInteraction.perform(ViewInteraction.java:114)
at kdk.android.simplydo.C2.CheckItemC2.checkItemC2(CheckItemC2.java:50)
at java.lang.reflect.Method.invoke(Native Method)
at org.junit.runners.model.FrameworkMethod$1.runReflectiveCall(FrameworkMethod.java:50)
at org.junit.internal.runners.model.ReflectiveCallable.run(ReflectiveCallable.java:12)
at org.junit.runners.model.FrameworkMethod.invokeExplosively(FrameworkMethod.java:47)
at org.junit.internal.runners.statements.InvokeMethod.evaluate(InvokeMethod.java:17)
at android.support.test.rule.ActivityTestRule$ActivityStatement.evaluate(ActivityTestRule.java:527)
at org.junit.rules.RunRules.evaluate(RunRules.java:20)
at org.junit.runners.ParentRunner.runLeaf(ParentRunner.java:325)
at org.junit.runners.BlockJUnit4ClassRunner.runChild(BlockJUnit4ClassRunner.java:78)
at org.junit.runners.BlockJUnit4ClassRunner.runChild(BlockJUnit4ClassRunner.java:57)
at org.junit.runners.ParentRunner$3.run(ParentRunner.java:290)
at org.junit.runners.ParentRunner$1.schedule(ParentRunner.java:71)
at org.junit.runners.ParentRunner.runChildren(ParentRunner.java:288)
at org.junit.runners.ParentRunner.access$000(ParentRunner.java:58)
at org.junit.runners.ParentRunner$2.evaluate(ParentRunner.java:268)
at org.junit.runners.ParentRunner.run(ParentRunner.java:363)
at android.support.test.runner.AndroidJUnit4.run(AndroidJUnit4.java:101)
at org.junit.runners.Suite.runChild(Suite.java:128)
at org.junit.runners.Suite.runChild(Suite.java:27)
at org.junit.runners.ParentRunner$3.run(ParentRunner.java:290)
at org.junit.runners.ParentRunner$1.schedule(ParentRunner.java:71)
at org.junit.runners.ParentRunner.runChildren(ParentRunner.java:288)
at org.junit.runners.ParentRunner.access$000(ParentRunner.java:58)
at org.junit.runners.ParentRunner$2.evaluate(ParentRunner.java:268)
at org.junit.runners.ParentRunner.run(ParentRunner.java:363)
at org.junit.runner.JUnitCore.run(JUnitCore.java:137)
at org.junit.runner.JUnitCore.run(JUnitCore.java:115)
at android.support.test.internal.runner.TestExecutor.execute(TestExecutor.java:56)
at android.support.test.runner.AndroidJUnitRunner.onStart(AndroidJUnitRunner.java:384)
at android.app.Instrumentation$InstrumentationThread.run(Instrumentation.java:2074)
</failure>
  </testcase>
  <testcase name="createListsC2" classname="kdk.android.simplydo.C2.CreateListsC2" time="1.156" />
  <testcase name="decoratorC2" classname="kdk.android.simplydo.C2.DecoratorC2" time="1.364">
    <failure>android.support.test.espresso.AmbiguousViewMatcherException: '(with class name: is "android.widget.LinearLayout" and is displayed on the screen to the user)' matches multiple views in the hierarchy.
Problem views are marked with '****MATCHES****' below.

View Hierarchy:
+&gt;DecorView{id=-1, visibility=VISIBLE, width=1080, height=1920, has-focus=true, has-focusable=true, has-window-focus=true, is-clickable=false, is-enabled=true, is-focused=false, is-focusable=false, is-layout-requested=false, is-selected=false, layout-params=WM.LayoutParams{(0,0)(fillxfill) ty=1 fl=#81810100 pfl=0x20000 wanim=0x10302f6 needsMenuKey=2 colorMode=0}, tag=null, root-is-layout-requested=false, has-input-connection=false, x=0.0, y=0.0, child-count=3}
|
+-&gt;ActionBarOverlayLayout{id=16908822, res-name=decor_content_parent, visibility=VISIBLE, width=1080, height=1794, has-focus=true, has-focusable=true, has-window-focus=true, is-clickable=false, is-enabled=true, is-focused=false, is-focusable=false, is-layout-requested=false, is-selected=false, layout-params=android.widget.FrameLayout$LayoutParams&#64;7cece2d, tag=null, root-is-layout-requested=false, has-input-connection=false, x=0.0, y=0.0, child-count=2}
|
+--&gt;FrameLayout{id=16908290, res-name=content, visibility=VISIBLE, width=1080, height=1584, has-focus=true, has-focusable=true, has-window-focus=true, is-clickable=false, is-enabled=true, is-focused=false, is-focusable=false, is-layout-requested=false, is-selected=false, layout-params=com.android.internal.widget.ActionBarOverlayLayout$LayoutParams&#64;9adaf62, tag=null, root-is-layout-requested=false, has-input-connection=false, x=0.0, y=210.0, child-count=1}
|
+---&gt;LinearLayout{id=-1, visibility=VISIBLE, width=1080, height=1584, has-focus=true, has-focusable=true, has-window-focus=true, is-clickable=false, is-enabled=true, is-focused=false, is-focusable=false, is-layout-requested=false, is-selected=false, layout-params=android.widget.FrameLayout$LayoutParams&#64;79df9b0, tag=null, root-is-layout-requested=false, has-input-connection=false, x=0.0, y=0.0, child-count=2} ****MATCHES****
|
+----&gt;LinearLayout{id=-1, visibility=VISIBLE, width=1080, height=1584, has-focus=true, has-focusable=true, has-window-focus=true, is-clickable=false, is-enabled=true, is-focused=false, is-focusable=false, is-layout-requested=false, is-selected=false, layout-params=android.widget.LinearLayout$LayoutParams&#64;e772029, tag=null, root-is-layout-requested=false, has-input-connection=false, x=0.0, y=0.0, child-count=1} ****MATCHES****
|
+-----&gt;LinearLayout{id=16908926, res-name=headers, visibility=VISIBLE, width=1080, height=1584, has-focus=true, has-focusable=true, has-window-focus=true, is-clickable=false, is-enabled=true, is-focused=false, is-focusable=false, is-layout-requested=false, is-selected=false, layout-params=android.widget.LinearLayout$LayoutParams&#64;e100dc, tag=null, root-is-layout-requested=false, has-input-connection=false, x=0.0, y=0.0, child-count=2} ****MATCHES****
|
+------&gt;ListView{id=16908298, res-name=list, visibility=VISIBLE, width=1080, height=1584, has-focus=true, has-focusable=true, has-window-focus=true, is-clickable=true, is-enabled=true, is-focused=true, is-focusable=true, is-layout-requested=false, is-selected=false, layout-params=android.widget.LinearLayout$LayoutParams&#64;43895e5, tag=null, root-is-layout-requested=false, has-input-connection=false, x=0.0, y=0.0, child-count=6}
|
+-------&gt;LinearLayout{id=-1, visibility=VISIBLE, width=1080, height=141, has-focus=false, has-focusable=false, has-window-focus=true, is-clickable=false, is-enabled=true, is-focused=false, is-focusable=false, is-layout-requested=false, is-selected=false, layout-params=android.widget.AbsListView$LayoutParams&#64;9e1ab61, tag=null, root-is-layout-requested=false, has-input-connection=false, x=0.0, y=0.0, child-count=3} ****MATCHES****
|
+--------&gt;LinearLayout{id=16908350, res-name=icon_frame, visibility=GONE, width=0, height=0, has-focus=false, has-focusable=false, has-window-focus=true, is-clickable=false, is-enabled=true, is-focused=false, is-focusable=false, is-layout-requested=false, is-selected=false, layout-params=android.widget.LinearLayout$LayoutParams&#64;7e5bb47, tag=null, root-is-layout-requested=false, has-input-connection=false, x=0.0, y=0.0, child-count=1}
|
+---------&gt;PreferenceImageView{id=16908294, res-name=icon, visibility=GONE, width=0, height=0, has-focus=false, has-focusable=false, has-window-focus=true, is-clickable=false, is-enabled=true, is-focused=false, is-focusable=false, is-layout-requested=true, is-selected=false, layout-params=android.widget.LinearLayout$LayoutParams&#64;bca8f74, tag=null, root-is-layout-requested=false, has-input-connection=false, x=0.0, y=0.0}
|
+--------&gt;RelativeLayout{id=-1, visibility=VISIBLE, width=996, height=141, has-focus=false, has-focusable=false, has-window-focus=true, is-clickable=false, is-enabled=true, is-focused=false, is-focusable=false, is-layout-requested=false, is-selected=false, layout-params=android.widget.LinearLayout$LayoutParams&#64;a38c4e3, tag=null, root-is-layout-requested=false, has-input-connection=false, x=42.0, y=0.0, child-count=2}
|
+---------&gt;TextView{id=16908310, res-name=title, visibility=VISIBLE, width=229, height=57, has-focus=false, has-focusable=false, has-window-focus=true, is-clickable=false, is-enabled=true, is-focused=false, is-focusable=false, is-layout-requested=false, is-selected=false, layout-params=android.widget.RelativeLayout$LayoutParams&#64;bb2ee0, tag=null, root-is-layout-requested=false, has-input-connection=false, x=0.0, y=42.0, text=Item Sorting, input-type=0, ime-target=false, has-links=false}
|
+---------&gt;TextView{id=16908304, res-name=summary, visibility=GONE, width=0, height=0, has-focus=false, has-focusable=false, has-window-focus=true, is-clickable=false, is-enabled=true, is-focused=false, is-focusable=false, is-layout-requested=true, is-selected=false, layout-params=android.widget.RelativeLayout$LayoutParams&#64;93b6599, tag=null, root-is-layout-requested=false, has-input-connection=false, x=0.0, y=0.0, text=, input-type=0, ime-target=false, has-links=false}
|
+--------&gt;LinearLayout{id=16908312, res-name=widget_frame, visibility=GONE, width=0, height=0, has-focus=false, has-focusable=false, has-window-focus=true, is-clickable=false, is-enabled=true, is-focused=false, is-focusable=false, is-layout-requested=true, is-selected=false, layout-params=android.widget.LinearLayout$LayoutParams&#64;495105e, tag=null, root-is-layout-requested=false, has-input-connection=false, x=0.0, y=0.0, child-count=0}
|
+-------&gt;LinearLayout{id=-1, visibility=VISIBLE, width=1080, height=141, has-focus=false, has-focusable=false, has-window-focus=true, is-clickable=false, is-enabled=true, is-focused=false, is-focusable=false, is-layout-requested=false, is-selected=false, layout-params=android.widget.AbsListView$LayoutParams&#64;d9dd46a, tag=null, root-is-layout-requested=false, has-input-connection=false, x=0.0, y=144.0, child-count=3} ****MATCHES****
|
+--------&gt;LinearLayout{id=16908350, res-name=icon_frame, visibility=GONE, width=0, height=0, has-focus=false, has-focusable=false, has-window-focus=true, is-clickable=false, is-enabled=true, is-focused=false, is-focusable=false, is-layout-requested=false, is-selected=false, layout-params=android.widget.LinearLayout$LayoutParams&#64;a73f9f8, tag=null, root-is-layout-requested=false, has-input-connection=false, x=0.0, y=0.0, child-count=1}
|
+---------&gt;PreferenceImageView{id=16908294, res-name=icon, visibility=GONE, width=0, height=0, has-focus=false, has-focusable=false, has-window-focus=true, is-clickable=false, is-enabled=true, is-focused=false, is-focusable=false, is-layout-requested=true, is-selected=false, layout-params=android.widget.LinearLayout$LayoutParams&#64;75b2ed1, tag=null, root-is-layout-requested=false, has-input-connection=false, x=0.0, y=0.0}
|
+--------&gt;RelativeLayout{id=-1, visibility=VISIBLE, width=996, height=141, has-focus=false, has-focusable=false, has-window-focus=true, is-clickable=false, is-enabled=true, is-focused=false, is-focusable=false, is-layout-requested=false, is-selected=false, layout-params=android.widget.LinearLayout$LayoutParams&#64;ceabda4, tag=null, root-is-layout-requested=false, has-input-connection=false, x=42.0, y=0.0, child-count=2}
|
+---------&gt;TextView{id=16908310, res-name=title, visibility=VISIBLE, width=214, height=57, has-focus=false, has-focusable=false, has-window-focus=true, is-clickable=false, is-enabled=true, is-focused=false, is-focusable=false, is-layout-requested=false, is-selected=false, layout-params=android.widget.RelativeLayout$LayoutParams&#64;692e70d, tag=null, root-is-layout-requested=false, has-input-connection=false, x=0.0, y=42.0, text=List Sorting, input-type=0, ime-target=false, has-links=false}
|
+---------&gt;TextView{id=16908304, res-name=summary, visibility=GONE, width=0, height=0, has-focus=false, has-focusable=false, has-window-focus=true, is-clickable=false, is-enabled=true, is-focused=false, is-focusable=false, is-layout-requested=true, is-selected=false, layout-params=android.widget.RelativeLayout$LayoutParams&#64;86c2, tag=null, root-is-layout-requested=false, has-input-connection=false, x=0.0, y=0.0, text=, input-type=0, ime-target=false, has-links=false}
|
+--------&gt;LinearLayout{id=16908312, res-name=widget_frame, visibility=GONE, width=0, height=0, has-focus=false, has-focusable=false, has-window-focus=true, is-clickable=false, is-enabled=true, is-focused=false, is-focusable=false, is-layout-requested=true, is-selected=false, layout-params=android.widget.LinearLayout$LayoutParams&#64;554acd3, tag=null, root-is-layout-requested=false, has-input-connection=false, x=0.0, y=0.0, child-count=0}
|
+-------&gt;LinearLayout{id=-1, visibility=VISIBLE, width=1080, height=141, has-focus=false, has-focusable=false, has-window-focus=true, is-clickable=false, is-enabled=true, is-focused=false, is-focusable=false, is-layout-requested=false, is-selected=false, layout-params=android.widget.AbsListView$LayoutParams&#64;9b3432f, tag=null, root-is-layout-requested=false, has-input-connection=false, x=0.0, y=288.0, child-count=3} ****MATCHES****
|
+--------&gt;LinearLayout{id=16908350, res-name=icon_frame, visibility=GONE, width=0, height=0, has-focus=false, has-focusable=false, has-window-focus=true, is-clickable=false, is-enabled=true, is-focused=false, is-focusable=false, is-layout-requested=false, is-selected=false, layout-params=android.widget.LinearLayout$LayoutParams&#64;68aeac5, tag=null, root-is-layout-requested=false, has-input-connection=false, x=0.0, y=0.0, child-count=1}
|
+---------&gt;PreferenceImageView{id=16908294, res-name=icon, visibility=GONE, width=0, height=0, has-focus=false, has-focusable=false, has-window-focus=true, is-clickable=false, is-enabled=true, is-focused=false, is-focusable=false, is-layout-requested=true, is-selected=false, layout-params=android.widget.LinearLayout$LayoutParams&#64;60c2c1a, tag=null, root-is-layout-requested=false, has-input-connection=false, x=0.0, y=0.0}
|
+--------&gt;RelativeLayout{id=-1, visibility=VISIBLE, width=996, height=141, has-focus=false, has-focusable=false, has-window-focus=true, is-clickable=false, is-enabled=true, is-focused=false, is-focusable=false, is-layout-requested=false, is-selected=false, layout-params=android.widget.LinearLayout$LayoutParams&#64;6b46e41, tag=null, root-is-layout-requested=false, has-input-connection=false, x=42.0, y=0.0, child-count=2}
|
+---------&gt;TextView{id=16908310, res-name=title, visibility=VISIBLE, width=358, height=57, has-focus=false, has-focusable=false, has-window-focus=true, is-clickable=false, is-enabled=true, is-focused=false, is-focusable=false, is-layout-requested=false, is-selected=false, layout-params=android.widget.RelativeLayout$LayoutParams&#64;bb0efe6, tag=null, root-is-layout-requested=false, has-input-connection=false, x=0.0, y=42.0, text=Inactive Decoration, input-type=0, ime-target=false, has-links=false}
|
+---------&gt;TextView{id=16908304, res-name=summary, visibility=GONE, width=0, height=0, has-focus=false, has-focusable=false, has-window-focus=true, is-clickable=false, is-enabled=true, is-focused=false, is-focusable=false, is-layout-requested=true, is-selected=false, layout-params=android.widget.RelativeLayout$LayoutParams&#64;5526927, tag=null, root-is-layout-requested=false, has-input-connection=false, x=0.0, y=0.0, text=, input-type=0, ime-target=false, has-links=false}
|
+--------&gt;LinearLayout{id=16908312, res-name=widget_frame, visibility=GONE, width=0, height=0, has-focus=false, has-focusable=false, has-window-focus=true, is-clickable=false, is-enabled=true, is-focused=false, is-focusable=false, is-layout-requested=true, is-selected=false, layout-params=android.widget.LinearLayout$LayoutParams&#64;b4ad7d4, tag=null, root-is-layout-requested=false, has-input-connection=false, x=0.0, y=0.0, child-count=0}
|
+-------&gt;LinearLayout{id=-1, visibility=VISIBLE, width=1080, height=141, has-focus=false, has-focusable=false, has-window-focus=true, is-clickable=false, is-enabled=true, is-focused=false, is-focusable=false, is-layout-requested=false, is-selected=false, layout-params=android.widget.AbsListView$LayoutParams&#64;bf270c3, tag=null, root-is-layout-requested=false, has-input-connection=false, x=0.0, y=432.0, child-count=3} ****MATCHES****
|
+--------&gt;LinearLayout{id=16908350, res-name=icon_frame, visibility=GONE, width=0, height=0, has-focus=false, has-focusable=false, has-window-focus=true, is-clickable=false, is-enabled=true, is-focused=false, is-focusable=false, is-layout-requested=false, is-selected=false, layout-params=android.widget.LinearLayout$LayoutParams&#64;387a479, tag=null, root-is-layout-requested=false, has-input-connection=false, x=0.0, y=0.0, child-count=1}
|
+---------&gt;PreferenceImageView{id=16908294, res-name=icon, visibility=GONE, width=0, height=0, has-focus=false, has-focusable=false, has-window-focus=true, is-clickable=false, is-enabled=true, is-focused=false, is-focusable=false, is-layout-requested=true, is-selected=false, layout-params=android.widget.LinearLayout$LayoutParams&#64;37415be, tag=null, root-is-layout-requested=false, has-input-connection=false, x=0.0, y=0.0}
|
+--------&gt;RelativeLayout{id=-1, visibility=VISIBLE, width=870, height=141, has-focus=false, has-focusable=false, has-window-focus=true, is-clickable=false, is-enabled=true, is-focused=false, is-focusable=false, is-layout-requested=false, is-selected=false, layout-params=android.widget.LinearLayout$LayoutParams&#64;5d50f35, tag=null, root-is-layout-requested=false, has-input-connection=false, x=42.0, y=0.0, child-count=2}
|
+---------&gt;TextView{id=16908310, res-name=title, visibility=VISIBLE, width=488, height=57, has-focus=false, has-focusable=false, has-window-focus=true, is-clickable=false, is-enabled=true, is-focused=false, is-focusable=false, is-layout-requested=false, is-selected=false, layout-params=android.widget.RelativeLayout$LayoutParams&#64;e57cfca, tag=null, root-is-layout-requested=false, has-input-connection=false, x=0.0, y=42.0, text=Confirm Delete All Inactive, input-type=0, ime-target=false, has-links=false}
|
+---------&gt;TextView{id=16908304, res-name=summary, visibility=GONE, width=0, height=0, has-focus=false, has-focusable=false, has-window-focus=true, is-clickable=false, is-enabled=true, is-focused=false, is-focusable=false, is-layout-requested=true, is-selected=false, layout-params=android.widget.RelativeLayout$LayoutParams&#64;cef353b, tag=null, root-is-layout-requested=false, has-input-connection=false, x=0.0, y=0.0, text=, input-type=0, ime-target=false, has-links=false}
|
+--------&gt;LinearLayout{id=16908312, res-name=widget_frame, visibility=VISIBLE, width=126, height=141, has-focus=false, has-focusable=false, has-window-focus=true, is-clickable=false, is-enabled=true, is-focused=false, is-focusable=false, is-layout-requested=false, is-selected=false, layout-params=android.widget.LinearLayout$LayoutParams&#64;d5469b1, tag=null, root-is-layout-requested=false, has-input-connection=false, x=912.0, y=0.0, child-count=1} ****MATCHES****
|
+---------&gt;CheckBox{id=16908289, res-name=checkbox, visibility=VISIBLE, width=84, height=84, has-focus=false, has-focusable=false, has-window-focus=true, is-clickable=false, is-enabled=true, is-focused=false, is-focusable=false, is-layout-requested=false, is-selected=false, layout-params=android.widget.LinearLayout$LayoutParams&#64;50b1e96, tag=null, root-is-layout-requested=false, has-input-connection=false, x=42.0, y=28.0, text=, input-type=0, ime-target=false, has-links=false, is-checked=true}
|
+-------&gt;LinearLayout{id=-1, visibility=VISIBLE, width=1080, height=141, has-focus=false, has-focusable=false, has-window-focus=true, is-clickable=false, is-enabled=true, is-focused=false, is-focusable=false, is-layout-requested=false, is-selected=false, layout-params=android.widget.AbsListView$LayoutParams&#64;bd28e22, tag=null, root-is-layout-requested=false, has-input-connection=false, x=0.0, y=576.0, child-count=3} ****MATCHES****
|
+--------&gt;LinearLayout{id=16908350, res-name=icon_frame, visibility=GONE, width=0, height=0, has-focus=false, has-focusable=false, has-window-focus=true, is-clickable=false, is-enabled=true, is-focused=false, is-focusable=false, is-layout-requested=false, is-selected=false, layout-params=android.widget.LinearLayout$LayoutParams&#64;c3cd670, tag=null, root-is-layout-requested=false, has-input-connection=false, x=0.0, y=0.0, child-count=1}
|
+---------&gt;PreferenceImageView{id=16908294, res-name=icon, visibility=GONE, width=0, height=0, has-focus=false, has-focusable=false, has-window-focus=true, is-clickable=false, is-enabled=true, is-focused=false, is-focusable=false, is-layout-requested=true, is-selected=false, layout-params=android.widget.LinearLayout$LayoutParams&#64;9dd9de9, tag=null, root-is-layout-requested=false, has-input-connection=false, x=0.0, y=0.0}
|
+--------&gt;RelativeLayout{id=-1, visibility=VISIBLE, width=996, height=141, has-focus=false, has-focusable=false, has-window-focus=true, is-clickable=false, is-enabled=true, is-focused=false, is-focusable=false, is-layout-requested=false, is-selected=false, layout-params=android.widget.LinearLayout$LayoutParams&#64;b70e99c, tag=null, root-is-layout-requested=false, has-input-connection=false, x=42.0, y=0.0, child-count=2}
|
+---------&gt;TextView{id=16908310, res-name=title, visibility=VISIBLE, width=235, height=57, has-focus=false, has-focusable=false, has-window-focus=true, is-clickable=false, is-enabled=true, is-focused=false, is-focusable=false, is-layout-requested=false, is-selected=false, layout-params=android.widget.RelativeLayout$LayoutParams&#64;e92fa5, tag=null, root-is-layout-requested=false, has-input-connection=false, x=0.0, y=42.0, text=Backup Now, input-type=0, ime-target=false, has-links=false}
|
+---------&gt;TextView{id=16908304, res-name=summary, visibility=GONE, width=0, height=0, has-focus=false, has-focusable=false, has-window-focus=true, is-clickable=false, is-enabled=true, is-focused=false, is-focusable=false, is-layout-requested=true, is-selected=false, layout-params=android.widget.RelativeLayout$LayoutParams&#64;e6bbf7a, tag=null, root-is-layout-requested=false, has-input-connection=false, x=0.0, y=0.0, text=, input-type=0, ime-target=false, has-links=false}
|
+--------&gt;LinearLayout{id=16908312, res-name=widget_frame, visibility=GONE, width=0, height=0, has-focus=false, has-focusable=false, has-window-focus=true, is-clickable=false, is-enabled=true, is-focused=false, is-focusable=false, is-layout-requested=true, is-selected=false, layout-params=android.widget.LinearLayout$LayoutParams&#64;a93e32b, tag=null, root-is-layout-requested=false, has-input-connection=false, x=0.0, y=0.0, child-count=0}
|
+-------&gt;LinearLayout{id=-1, visibility=VISIBLE, width=1080, height=141, has-focus=false, has-focusable=false, has-window-focus=true, is-clickable=false, is-enabled=true, is-focused=false, is-focusable=false, is-layout-requested=false, is-selected=false, layout-params=android.widget.AbsListView$LayoutParams&#64;4eb8707, tag=null, root-is-layout-requested=false, has-input-connection=false, x=0.0, y=720.0, child-count=3} ****MATCHES****
|
+--------&gt;LinearLayout{id=16908350, res-name=icon_frame, visibility=GONE, width=0, height=0, has-focus=false, has-focusable=false, has-window-focus=true, is-clickable=false, is-enabled=true, is-focused=false, is-focusable=false, is-layout-requested=false, is-selected=false, layout-params=android.widget.LinearLayout$LayoutParams&#64;81eae5d, tag=null, root-is-layout-requested=false, has-input-connection=false, x=0.0, y=0.0, child-count=1}
|
+---------&gt;PreferenceImageView{id=16908294, res-name=icon, visibility=GONE, width=0, height=0, has-focus=false, has-focusable=false, has-window-focus=true, is-clickable=false, is-enabled=true, is-focused=false, is-focusable=false, is-layout-requested=true, is-selected=false, layout-params=android.widget.LinearLayout$LayoutParams&#64;71ec3d2, tag=null, root-is-layout-requested=false, has-input-connection=false, x=0.0, y=0.0}
|
+--------&gt;RelativeLayout{id=-1, visibility=VISIBLE, width=996, height=141, has-focus=false, has-focusable=false, has-window-focus=true, is-clickable=false, is-enabled=true, is-focused=false, is-focusable=false, is-layout-requested=false, is-selected=false, layout-params=android.widget.LinearLayout$LayoutParams&#64;51cd359, tag=null, root-is-layout-requested=false, has-input-connection=false, x=42.0, y=0.0, child-count=2}
|
+---------&gt;TextView{id=16908310, res-name=title, visibility=VISIBLE, width=144, height=57, has-focus=false, has-focusable=false, has-window-focus=true, is-clickable=false, is-enabled=true, is-focused=false, is-focusable=false, is-layout-requested=false, is-selected=false, layout-params=android.widget.RelativeLayout$LayoutParams&#64;5814b1e, tag=null, root-is-layout-requested=false, has-input-connection=false, x=0.0, y=42.0, text=Restore, input-type=0, ime-target=false, has-links=false}
|
+---------&gt;TextView{id=16908304, res-name=summary, visibility=GONE, width=0, height=0, has-focus=false, has-focusable=false, has-window-focus=true, is-clickable=false, is-enabled=true, is-focused=false, is-focusable=false, is-layout-requested=true, is-selected=false, layout-params=android.widget.RelativeLayout$LayoutParams&#64;4244fff, tag=null, root-is-layout-requested=false, has-input-connection=false, x=0.0, y=0.0, text=, input-type=0, ime-target=false, has-links=false}
|
+--------&gt;LinearLayout{id=16908312, res-name=widget_frame, visibility=GONE, width=0, height=0, has-focus=false, has-focusable=false, has-window-focus=true, is-clickable=false, is-enabled=true, is-focused=false, is-focusable=false, is-layout-requested=true, is-selected=false, layout-params=android.widget.LinearLayout$LayoutParams&#64;20ff1cc, tag=null, root-is-layout-requested=false, has-input-connection=false, x=0.0, y=0.0, child-count=0}
|
+------&gt;FrameLayout{id=16909013, res-name=list_footer, visibility=VISIBLE, width=1080, height=0, has-focus=false, has-focusable=false, has-window-focus=true, is-clickable=false, is-enabled=true, is-focused=false, is-focusable=false, is-layout-requested=false, is-selected=false, layout-params=android.widget.LinearLayout$LayoutParams&#64;c3e4c15, tag=null, root-is-layout-requested=false, has-input-connection=false, x=0.0, y=1584.0, child-count=0}
|
+----&gt;RelativeLayout{id=16908758, res-name=button_bar, visibility=GONE, width=0, height=0, has-focus=false, has-focusable=false, has-window-focus=true, is-clickable=false, is-enabled=true, is-focused=false, is-focusable=false, is-layout-requested=true, is-selected=false, layout-params=android.widget.LinearLayout$LayoutParams&#64;5305eb8, tag=null, root-is-layout-requested=false, has-input-connection=false, x=0.0, y=0.0, child-count=2}
|
+-----&gt;Button{id=16908732, res-name=back_button, visibility=VISIBLE, width=0, height=0, has-focus=false, has-focusable=true, has-window-focus=true, is-clickable=true, is-enabled=true, is-focused=false, is-focusable=true, is-layout-requested=true, is-selected=false, layout-params=android.widget.RelativeLayout$LayoutParams&#64;cc49491, tag=null, root-is-layout-requested=false, has-input-connection=false, x=0.0, y=0.0, text=Back, input-type=0, ime-target=false, has-links=false}
|
+-----&gt;LinearLayout{id=-1, visibility=VISIBLE, width=0, height=0, has-focus=false, has-focusable=true, has-window-focus=true, is-clickable=false, is-enabled=true, is-focused=false, is-focusable=false, is-layout-requested=true, is-selected=false, layout-params=android.widget.RelativeLayout$LayoutParams&#64;5e8ae64, tag=null, root-is-layout-requested=false, has-input-connection=false, x=0.0, y=0.0, child-count=2}
|
+------&gt;Button{id=16909277, res-name=skip_button, visibility=GONE, width=0, height=0, has-focus=false, has-focusable=false, has-window-focus=true, is-clickable=true, is-enabled=true, is-focused=false, is-focusable=true, is-layout-requested=true, is-selected=false, layout-params=android.widget.LinearLayout$LayoutParams&#64;e8ce8cd, tag=null, root-is-layout-requested=false, has-input-connection=false, x=0.0, y=0.0, text=Skip, input-type=0, ime-target=false, has-links=false}
|
+------&gt;Button{id=16909075, res-name=next_button, visibility=VISIBLE, width=0, height=0, has-focus=false, has-focusable=true, has-window-focus=true, is-clickable=true, is-enabled=true, is-focused=false, is-focusable=true, is-layout-requested=true, is-selected=false, layout-params=android.widget.LinearLayout$LayoutParams&#64;c7bc582, tag=null, root-is-layout-requested=false, has-input-connection=false, x=0.0, y=0.0, text=Next, input-type=0, ime-target=false, has-links=false}
|
+--&gt;ActionBarContainer{id=16908669, res-name=action_bar_container, visibility=VISIBLE, width=1080, height=147, has-focus=false, has-focusable=false, has-window-focus=true, is-clickable=false, is-enabled=true, is-focused=false, is-focusable=false, is-layout-requested=false, is-selected=false, layout-params=com.android.internal.widget.ActionBarOverlayLayout$LayoutParams&#64;c44c9, tag=null, root-is-layout-requested=false, has-input-connection=false, x=0.0, y=63.0, child-count=2}
|
+---&gt;Toolbar{id=16908668, res-name=action_bar, visibility=VISIBLE, width=1080, height=147, has-focus=false, has-focusable=false, has-window-focus=true, is-clickable=false, is-enabled=true, is-focused=false, is-focusable=false, is-layout-requested=false, is-selected=false, layout-params=android.widget.FrameLayout$LayoutParams&#64;85965fc, tag=null, root-is-layout-requested=false, has-input-connection=false, x=0.0, y=0.0, child-count=2}
|
+----&gt;TextView{id=-1, visibility=VISIBLE, width=196, height=71, has-focus=false, has-focusable=false, has-window-focus=true, is-clickable=false, is-enabled=true, is-focused=false, is-focusable=false, is-layout-requested=false, is-selected=false, layout-params=android.widget.Toolbar$LayoutParams&#64;80b6485, tag=null, root-is-layout-requested=false, has-input-connection=false, x=42.0, y=38.0, text=Settings, input-type=0, ime-target=false, has-links=false}
|
+----&gt;ActionMenuView{id=-1, visibility=VISIBLE, width=0, height=147, has-focus=false, has-focusable=false, has-window-focus=true, is-clickable=false, is-enabled=true, is-focused=false, is-focusable=false, is-layout-requested=false, is-selected=false, layout-params=android.widget.Toolbar$LayoutParams&#64;95882da, tag=null, root-is-layout-requested=false, has-input-connection=false, x=1080.0, y=0.0, child-count=0}
|
+---&gt;ActionBarContextView{id=16908673, res-name=action_context_bar, visibility=GONE, width=0, height=0, has-focus=false, has-focusable=false, has-window-focus=true, is-clickable=false, is-enabled=true, is-focused=false, is-focusable=false, is-layout-requested=true, is-selected=false, layout-params=android.widget.FrameLayout$LayoutParams&#64;12a530b, tag=null, root-is-layout-requested=false, has-input-connection=false, x=0.0, y=0.0, child-count=0}
|
+-&gt;View{id=16908336, res-name=navigationBarBackground, visibility=VISIBLE, width=1080, height=126, has-focus=false, has-focusable=false, has-window-focus=true, is-clickable=false, is-enabled=true, is-focused=false, is-focusable=false, is-layout-requested=false, is-selected=false, layout-params=android.widget.FrameLayout$LayoutParams&#64;9d4e5e8, tag=null, root-is-layout-requested=false, has-input-connection=false, x=0.0, y=1794.0}
|
+-&gt;View{id=16908335, res-name=statusBarBackground, visibility=VISIBLE, width=1080, height=63, has-focus=false, has-focusable=false, has-window-focus=true, is-clickable=false, is-enabled=true, is-focused=false, is-focusable=false, is-layout-requested=false, is-selected=false, layout-params=android.widget.FrameLayout$LayoutParams&#64;722c401, tag=null, root-is-layout-requested=false, has-input-connection=false, x=0.0, y=0.0}
|
at dalvik.system.VMStack.getThreadStackTrace(Native Method)
at java.lang.Thread.getStackTrace(Thread.java:1536)
at android.support.test.espresso.base.DefaultFailureHandler.getUserFriendlyError(DefaultFailureHandler.java:88)
at android.support.test.espresso.base.DefaultFailureHandler.handle(DefaultFailureHandler.java:51)
at android.support.test.espresso.ViewInteraction.waitForAndHandleInteractionResults(ViewInteraction.java:312)
at android.support.test.espresso.ViewInteraction.desugaredPerform(ViewInteraction.java:173)
at android.support.test.espresso.ViewInteraction.perform(ViewInteraction.java:114)
at kdk.android.simplydo.C2.DecoratorC2.decoratorC2(DecoratorC2.java:49)
at java.lang.reflect.Method.invoke(Native Method)
at org.junit.runners.model.FrameworkMethod$1.runReflectiveCall(FrameworkMethod.java:50)
at org.junit.internal.runners.model.ReflectiveCallable.run(ReflectiveCallable.java:12)
at org.junit.runners.model.FrameworkMethod.invokeExplosively(FrameworkMethod.java:47)
at org.junit.internal.runners.statements.InvokeMethod.evaluate(InvokeMethod.java:17)
at android.support.test.rule.ActivityTestRule$ActivityStatement.evaluate(ActivityTestRule.java:527)
at org.junit.rules.RunRules.evaluate(RunRules.java:20)
at org.junit.runners.ParentRunner.runLeaf(ParentRunner.java:325)
at org.junit.runners.BlockJUnit4ClassRunner.runChild(BlockJUnit4ClassRunner.java:78)
at org.junit.runners.BlockJUnit4ClassRunner.runChild(BlockJUnit4ClassRunner.java:57)
at org.junit.runners.ParentRunner$3.run(ParentRunner.java:290)
at org.junit.runners.ParentRunner$1.schedule(ParentRunner.java:71)
at org.junit.runners.ParentRunner.runChildren(ParentRunner.java:288)
at org.junit.runners.ParentRunner.access$000(ParentRunner.java:58)
at org.junit.runners.ParentRunner$2.evaluate(ParentRunner.java:268)
at org.junit.runners.ParentRunner.run(ParentRunner.java:363)
at android.support.test.runner.AndroidJUnit4.run(AndroidJUnit4.java:101)
at org.junit.runners.Suite.runChild(Suite.java:128)
at org.junit.runners.Suite.runChild(Suite.java:27)
at org.junit.runners.ParentRunner$3.run(ParentRunner.java:290)
at org.junit.runners.ParentRunner$1.schedule(ParentRunner.java:71)
at org.junit.runners.ParentRunner.runChildren(ParentRunner.java:288)
at org.junit.runners.ParentRunner.access$000(ParentRunner.java:58)
at org.junit.runners.ParentRunner$2.evaluate(ParentRunner.java:268)
at org.junit.runners.ParentRunner.run(ParentRunner.java:363)
at org.junit.runner.JUnitCore.run(JUnitCore.java:137)
at org.junit.runner.JUnitCore.run(JUnitCore.java:115)
at android.support.test.internal.runner.TestExecutor.execute(TestExecutor.java:56)
at android.support.test.runner.AndroidJUnitRunner.onStart(AndroidJUnitRunner.java:384)
at android.app.Instrumentation$InstrumentationThread.run(Instrumentation.java:2074)
</failure>
  </testcase>
  <testcase name="deleteInactiveC1" classname="kdk.android.simplydo.C2.DeleteInactiveC2" time="0.883">
    <failure>android.support.test.espresso.PerformException: Error performing 'load adapter data' on view '(with id: kdk.android.simplydo:id/ListsListView)'.
at android.support.test.espresso.PerformException$Builder.build(PerformException.java:82)
at android.support.test.espresso.base.DefaultFailureHandler.getUserFriendlyError(DefaultFailureHandler.java:79)
at android.support.test.espresso.base.DefaultFailureHandler.handle(DefaultFailureHandler.java:51)
at android.support.test.espresso.ViewInteraction.waitForAndHandleInteractionResults(ViewInteraction.java:312)
at android.support.test.espresso.ViewInteraction.desugaredPerform(ViewInteraction.java:173)
at android.support.test.espresso.ViewInteraction.perform(ViewInteraction.java:114)
at android.support.test.espresso.DataInteraction$DisplayDataMatcher$1.apply(DataInteraction.java:213)
at android.support.test.espresso.DataInteraction$DisplayDataMatcher$1.apply(DataInteraction.java:210)
at android.support.test.espresso.DataInteraction$DisplayDataMatcher.&lt;init&gt;(DataInteraction.java:230)
at android.support.test.espresso.DataInteraction$DisplayDataMatcher.&lt;init&gt;(DataInteraction.java:205)
at android.support.test.espresso.DataInteraction$DisplayDataMatcher.displayDataMatcher(DataInteraction.java:248)
at android.support.test.espresso.DataInteraction.makeTargetMatcher(DataInteraction.java:150)
at android.support.test.espresso.DataInteraction.perform(DataInteraction.java:135)
at kdk.android.simplydo.C2.DeleteInactiveC2.deleteInactiveC1(DeleteInactiveC2.java:63)
at java.lang.reflect.Method.invoke(Native Method)
at org.junit.runners.model.FrameworkMethod$1.runReflectiveCall(FrameworkMethod.java:50)
at org.junit.internal.runners.model.ReflectiveCallable.run(ReflectiveCallable.java:12)
at org.junit.runners.model.FrameworkMethod.invokeExplosively(FrameworkMethod.java:47)
at org.junit.internal.runners.statements.InvokeMethod.evaluate(InvokeMethod.java:17)
at android.support.test.rule.ActivityTestRule$ActivityStatement.evaluate(ActivityTestRule.java:527)
at org.junit.rules.RunRules.evaluate(RunRules.java:20)
at org.junit.runners.ParentRunner.runLeaf(ParentRunner.java:325)
at org.junit.runners.BlockJUnit4ClassRunner.runChild(BlockJUnit4ClassRunner.java:78)
at org.junit.runners.BlockJUnit4ClassRunner.runChild(BlockJUnit4ClassRunner.java:57)
at org.junit.runners.ParentRunner$3.run(ParentRunner.java:290)
at org.junit.runners.ParentRunner$1.schedule(ParentRunner.java:71)
at org.junit.runners.ParentRunner.runChildren(ParentRunner.java:288)
at org.junit.runners.ParentRunner.access$000(ParentRunner.java:58)
at org.junit.runners.ParentRunner$2.evaluate(ParentRunner.java:268)
at org.junit.runners.ParentRunner.run(ParentRunner.java:363)
at android.support.test.runner.AndroidJUnit4.run(AndroidJUnit4.java:101)
at org.junit.runners.Suite.runChild(Suite.java:128)
at org.junit.runners.Suite.runChild(Suite.java:27)
at org.junit.runners.ParentRunner$3.run(ParentRunner.java:290)
at org.junit.runners.ParentRunner$1.schedule(ParentRunner.java:71)
at org.junit.runners.ParentRunner.runChildren(ParentRunner.java:288)
at org.junit.runners.ParentRunner.access$000(ParentRunner.java:58)
at org.junit.runners.ParentRunner$2.evaluate(ParentRunner.java:268)
at org.junit.runners.ParentRunner.run(ParentRunner.java:363)
at org.junit.runner.JUnitCore.run(JUnitCore.java:137)
at org.junit.runner.JUnitCore.run(JUnitCore.java:115)
at android.support.test.internal.runner.TestExecutor.execute(TestExecutor.java:56)
at android.support.test.runner.AndroidJUnitRunner.onStart(AndroidJUnitRunner.java:384)
at android.app.Instrumentation$InstrumentationThread.run(Instrumentation.java:2074)
Caused by: java.lang.RuntimeException: Multiple data elements matched: ANYTHING. Elements: [Data: kdk.android.simplydo.ListDesc&#64;76797f3 (class: kdk.android.simplydo.ListDesc) token: 0, Data: kdk.android.simplydo.ListDesc&#64;59ecb0 (class: kdk.android.simplydo.ListDesc) token: 1, Data: kdk.android.simplydo.ListDesc&#64;c879729 (class: kdk.android.simplydo.ListDesc) token: 2, Data: kdk.android.simplydo.ListDesc&#64;8800aae (class: kdk.android.simplydo.ListDesc) token: 3, Data: kdk.android.simplydo.ListDesc&#64;259c04f (class: kdk.android.simplydo.ListDesc) token: 4, Data: kdk.android.simplydo.ListDesc&#64;4e923dc (class: kdk.android.simplydo.ListDesc) token: 5, Data: kdk.android.simplydo.ListDesc&#64;8597ce5 (class: kdk.android.simplydo.ListDesc) token: 6, Data: kdk.android.simplydo.ListDesc&#64;4623ba (class: kdk.android.simplydo.ListDesc) token: 7, Data: kdk.android.simplydo.ListDesc&#64;89c126b (class: kdk.android.simplydo.ListDesc) token: 8, Data: kdk.android.simplydo.ListDesc&#64;1d2a1c8 (class: kdk.android.simplydo.ListDesc) token: 9, Data: kdk.android.simplydo.ListDesc&#64;caa0261 (class: kdk.android.simplydo.ListDesc) token: 10, Data: kdk.android.simplydo.ListDesc&#64;922c186 (class: kdk.android.simplydo.ListDesc) token: 11, Data: kdk.android.simplydo.ListDesc&#64;e676a47 (class: kdk.android.simplydo.ListDesc) token: 12, Data: kdk.android.simplydo.ListDesc&#64;e541274 (class: kdk.android.simplydo.ListDesc) token: 13, Data: kdk.android.simplydo.ListDesc&#64;123639d (class: kdk.android.simplydo.ListDesc) token: 14, Data: kdk.android.simplydo.ListDesc&#64;cd97012 (class: kdk.android.simplydo.ListDesc) token: 15, Data: kdk.android.simplydo.ListDesc&#64;8a663e3 (class: kdk.android.simplydo.ListDesc) token: 16]
at android.support.test.espresso.action.AdapterDataLoaderAction.perform(AdapterDataLoaderAction.java:125)
at android.support.test.espresso.ViewInteraction$SingleExecutionViewAction.perform(ViewInteraction.java:356)
at android.support.test.espresso.ViewInteraction.doPerform(ViewInteraction.java:248)
at android.support.test.espresso.ViewInteraction.access$100(ViewInteraction.java:63)
at android.support.test.espresso.ViewInteraction$1.call(ViewInteraction.java:153)
at android.support.test.espresso.ViewInteraction$1.call(ViewInteraction.java:150)
at java.util.concurrent.FutureTask.run(FutureTask.java:266)
at android.os.Handler.handleCallback(Handler.java:789)
at android.os.Handler.dispatchMessage(Handler.java:98)
at android.os.Looper.loop(Looper.java:164)
at android.app.ActivityThread.main(ActivityThread.java:6541)
at java.lang.reflect.Method.invoke(Native Method)
at com.android.internal.os.Zygote$MethodAndArgsCaller.run(Zygote.java:240)
at com.android.internal.os.ZygoteInit.main(ZygoteInit.java:767)
</failure>
  </testcase>
  <testcase name="itemAssertC2" classname="kdk.android.simplydo.C2.ItemAssertC2" time="1.212">
    <failure>android.support.test.espresso.AmbiguousViewMatcherException: '(with class name: is "android.widget.LinearLayout" and is displayed on the screen to the user)' matches multiple views in the hierarchy.
Problem views are marked with '****MATCHES****' below.

View Hierarchy:
+&gt;DecorView{id=-1, visibility=VISIBLE, width=1080, height=1920, has-focus=true, has-focusable=true, has-window-focus=true, is-clickable=false, is-enabled=true, is-focused=false, is-focusable=false, is-layout-requested=false, is-selected=false, layout-params=WM.LayoutParams{(0,0)(fillxfill) sim=#3 ty=1 fl=#81810100 pfl=0x20000 wanim=0x10302f6 needsMenuKey=2 colorMode=0}, tag=null, root-is-layout-requested=false, has-input-connection=false, x=0.0, y=0.0, child-count=3}
|
+-&gt;ActionBarOverlayLayout{id=16908822, res-name=decor_content_parent, visibility=VISIBLE, width=1080, height=1794, has-focus=true, has-focusable=true, has-window-focus=true, is-clickable=false, is-enabled=true, is-focused=false, is-focusable=false, is-layout-requested=false, is-selected=false, layout-params=android.widget.FrameLayout$LayoutParams&#64;f9a0545, tag=null, root-is-layout-requested=false, has-input-connection=false, x=0.0, y=0.0, child-count=2}
|
+--&gt;FrameLayout{id=16908290, res-name=content, visibility=VISIBLE, width=1080, height=1584, has-focus=true, has-focusable=true, has-window-focus=true, is-clickable=false, is-enabled=true, is-focused=false, is-focusable=false, is-layout-requested=false, is-selected=false, layout-params=com.android.internal.widget.ActionBarOverlayLayout$LayoutParams&#64;a8d749a, tag=null, root-is-layout-requested=false, has-input-connection=false, x=0.0, y=210.0, child-count=1}
|
+---&gt;LinearLayout{id=-1, visibility=VISIBLE, width=1080, height=1584, has-focus=true, has-focusable=true, has-window-focus=true, is-clickable=false, is-enabled=true, is-focused=false, is-focusable=false, is-layout-requested=false, is-selected=false, layout-params=android.widget.FrameLayout$LayoutParams&#64;d798da8, tag=null, root-is-layout-requested=false, has-input-connection=false, x=0.0, y=0.0, child-count=1} ****MATCHES****
|
+----&gt;ViewSwitcher{id=2130903049, res-name=ListsItemsSwitcher, visibility=VISIBLE, width=1080, height=1584, has-focus=true, has-focusable=true, has-window-focus=true, is-clickable=false, is-enabled=true, is-focused=false, is-focusable=false, is-layout-requested=false, is-selected=false, layout-params=android.widget.LinearLayout$LayoutParams&#64;e3e4066, tag=null, root-is-layout-requested=false, has-input-connection=false, x=0.0, y=0.0, child-count=2}
|
+-----&gt;LinearLayout{id=2130903059, res-name=listsView, visibility=VISIBLE, width=1080, height=1584, has-focus=true, has-focusable=true, has-window-focus=true, is-clickable=false, is-enabled=true, is-focused=false, is-focusable=false, is-layout-requested=false, is-selected=false, layout-params=android.widget.FrameLayout$LayoutParams&#64;d04afa7, tag=null, root-is-layout-requested=false, has-input-connection=false, x=0.0, y=0.0, child-count=2} ****MATCHES****
|
+------&gt;LinearLayout{id=2130903048, res-name=LinearLayout01, visibility=VISIBLE, width=1080, height=126, has-focus=true, has-focusable=true, has-window-focus=true, is-clickable=false, is-enabled=true, is-focused=false, is-focusable=false, is-layout-requested=false, is-selected=false, layout-params=android.widget.LinearLayout$LayoutParams&#64;aaddc54, tag=null, root-is-layout-requested=false, has-input-connection=false, x=0.0, y=0.0, child-count=2} ****MATCHES****
|
+-------&gt;EditText{id=2130903043, res-name=AddListEditText, desc=addlistedittext, visibility=VISIBLE, width=849, height=126, has-focus=true, has-focusable=true, has-window-focus=true, is-clickable=true, is-enabled=true, is-focused=true, is-focusable=true, is-layout-requested=false, is-selected=false, layout-params=android.widget.LinearLayout$LayoutParams&#64;22097fd, tag=null, root-is-layout-requested=false, has-input-connection=true, editor-info=[inputType=0x31 imeOptions=0x8000006 privateImeOptions=null actionLabel=null actionId=0 initialSelStart=0 initialSelEnd=0 initialCapsMode=0x0 hintText=New List Name label=null packageName=null fieldId=0 fieldName=null extras=null hintLocales=null contentMimeTypes=null ], x=0.0, y=0.0, text=, hint=New List Name, input-type=49, ime-target=true, has-links=false}
|
+-------&gt;Button{id=2130903042, res-name=AddListButton, desc=Add, visibility=VISIBLE, width=231, height=126, has-focus=false, has-focusable=true, has-window-focus=true, is-clickable=true, is-enabled=true, is-focused=false, is-focusable=true, is-layout-requested=false, is-selected=false, layout-params=android.widget.LinearLayout$LayoutParams&#64;ddfcf2, tag=null, root-is-layout-requested=false, has-input-connection=false, x=849.0, y=0.0, text=Add, input-type=0, ime-target=false, has-links=false}
|
+------&gt;ListView{id=2130903050, res-name=ListsListView, visibility=VISIBLE, width=1080, height=1458, has-focus=false, has-focusable=true, has-window-focus=true, is-clickable=true, is-enabled=true, is-focused=false, is-focusable=true, is-layout-requested=false, is-selected=false, layout-params=android.widget.LinearLayout$LayoutParams&#64;6c29f43, tag=null, root-is-layout-requested=false, has-input-connection=false, x=0.0, y=126.0, child-count=11}
|
+-------&gt;LinearLayout{id=-1, visibility=VISIBLE, width=1080, height=130, has-focus=false, has-focusable=false, has-window-focus=true, is-clickable=false, is-enabled=true, is-focused=false, is-focusable=false, is-layout-requested=false, is-selected=false, layout-params=android.widget.AbsListView$LayoutParams&#64;e3669c0, tag=null, root-is-layout-requested=false, has-input-connection=false, x=0.0, y=0.0, child-count=2} ****MATCHES****
|
+--------&gt;TextView{id=2130903060, res-name=text1, desc=Name, visibility=VISIBLE, width=945, height=78, has-focus=false, has-focusable=false, has-window-focus=true, is-clickable=false, is-enabled=true, is-focused=false, is-focusable=false, is-layout-requested=false, is-selected=false, layout-params=android.widget.LinearLayout$LayoutParams&#64;be3b6f9, tag=null, root-is-layout-requested=false, has-input-connection=false, x=26.0, y=26.0, text=list, input-type=0, ime-target=false, has-links=false}
|
+--------&gt;TextView{id=2130903061, res-name=text2, desc=text2, visibility=VISIBLE, width=109, height=64, has-focus=false, has-focusable=false, has-window-focus=true, is-clickable=false, is-enabled=true, is-focused=false, is-focusable=false, is-layout-requested=false, is-selected=false, layout-params=android.widget.LinearLayout$LayoutParams&#64;f4af63e, tag=null, root-is-layout-requested=false, has-input-connection=false, x=971.0, y=35.0, text=(3/3), input-type=0, ime-target=false, has-links=false}
|
+-------&gt;LinearLayout{id=-1, visibility=VISIBLE, width=1080, height=130, has-focus=false, has-focusable=false, has-window-focus=true, is-clickable=false, is-enabled=true, is-focused=false, is-focusable=false, is-layout-requested=false, is-selected=false, layout-params=android.widget.AbsListView$LayoutParams&#64;be5ec9f, tag=null, root-is-layout-requested=false, has-input-connection=false, x=0.0, y=133.0, child-count=2} ****MATCHES****
|
+--------&gt;TextView{id=2130903060, res-name=text1, desc=Name, visibility=VISIBLE, width=945, height=78, has-focus=false, has-focusable=false, has-window-focus=true, is-clickable=false, is-enabled=true, is-focused=false, is-focusable=false, is-layout-requested=false, is-selected=false, layout-params=android.widget.LinearLayout$LayoutParams&#64;f861ec, tag=null, root-is-layout-requested=false, has-input-connection=false, x=26.0, y=26.0, text=List, input-type=0, ime-target=false, has-links=false}
|
+--------&gt;TextView{id=2130903061, res-name=text2, desc=text2, visibility=VISIBLE, width=109, height=64, has-focus=false, has-focusable=false, has-window-focus=true, is-clickable=false, is-enabled=true, is-focused=false, is-focusable=false, is-layout-requested=false, is-selected=false, layout-params=android.widget.LinearLayout$LayoutParams&#64;1fc9b5, tag=null, root-is-layout-requested=false, has-input-connection=false, x=971.0, y=35.0, text=(0/0), input-type=0, ime-target=false, has-links=false}
|
+-------&gt;LinearLayout{id=-1, visibility=VISIBLE, width=1080, height=130, has-focus=false, has-focusable=false, has-window-focus=true, is-clickable=false, is-enabled=true, is-focused=false, is-focusable=false, is-layout-requested=false, is-selected=false, layout-params=android.widget.AbsListView$LayoutParams&#64;3fc384a, tag=null, root-is-layout-requested=false, has-input-connection=false, x=0.0, y=266.0, child-count=2} ****MATCHES****
|
+--------&gt;TextView{id=2130903060, res-name=text1, desc=Name, visibility=VISIBLE, width=945, height=78, has-focus=false, has-focusable=false, has-window-focus=true, is-clickable=false, is-enabled=true, is-focused=false, is-focusable=false, is-layout-requested=false, is-selected=false, layout-params=android.widget.LinearLayout$LayoutParams&#64;ec6b3bb, tag=null, root-is-layout-requested=false, has-input-connection=false, x=26.0, y=26.0, text=List, input-type=0, ime-target=false, has-links=false}
|
+--------&gt;TextView{id=2130903061, res-name=text2, desc=text2, visibility=VISIBLE, width=109, height=64, has-focus=false, has-focusable=false, has-window-focus=true, is-clickable=false, is-enabled=true, is-focused=false, is-focusable=false, is-layout-requested=false, is-selected=false, layout-params=android.widget.LinearLayout$LayoutParams&#64;2ffb0d8, tag=null, root-is-layout-requested=false, has-input-connection=false, x=971.0, y=35.0, text=(0/0), input-type=0, ime-target=false, has-links=false}
|
+-------&gt;LinearLayout{id=-1, visibility=VISIBLE, width=1080, height=130, has-focus=false, has-focusable=false, has-window-focus=true, is-clickable=false, is-enabled=true, is-focused=false, is-focusable=false, is-layout-requested=false, is-selected=false, layout-params=android.widget.AbsListView$LayoutParams&#64;dd04c31, tag=null, root-is-layout-requested=false, has-input-connection=false, x=0.0, y=399.0, child-count=2} ****MATCHES****
|
+--------&gt;TextView{id=2130903060, res-name=text1, desc=Name, visibility=VISIBLE, width=945, height=78, has-focus=false, has-focusable=false, has-window-focus=true, is-clickable=false, is-enabled=true, is-focused=false, is-focusable=false, is-layout-requested=false, is-selected=false, layout-params=android.widget.LinearLayout$LayoutParams&#64;7cd8f16, tag=null, root-is-layout-requested=false, has-input-connection=false, x=26.0, y=26.0, text=List, input-type=0, ime-target=false, has-links=false}
|
+--------&gt;TextView{id=2130903061, res-name=text2, desc=text2, visibility=VISIBLE, width=109, height=64, has-focus=false, has-focusable=false, has-window-focus=true, is-clickable=false, is-enabled=true, is-focused=false, is-focusable=false, is-layout-requested=false, is-selected=false, layout-params=android.widget.LinearLayout$LayoutParams&#64;522d097, tag=null, root-is-layout-requested=false, has-input-connection=false, x=971.0, y=35.0, text=(2/5), input-type=0, ime-target=false, has-links=false}
|
+-------&gt;LinearLayout{id=-1, visibility=VISIBLE, width=1080, height=130, has-focus=false, has-focusable=false, has-window-focus=true, is-clickable=false, is-enabled=true, is-focused=false, is-focusable=false, is-layout-requested=false, is-selected=false, layout-params=android.widget.AbsListView$LayoutParams&#64;72b0284, tag=null, root-is-layout-requested=false, has-input-connection=false, x=0.0, y=532.0, child-count=2} ****MATCHES****
|
+--------&gt;TextView{id=2130903060, res-name=text1, desc=Name, visibility=VISIBLE, width=945, height=78, has-focus=false, has-focusable=false, has-window-focus=true, is-clickable=false, is-enabled=true, is-focused=false, is-focusable=false, is-layout-requested=false, is-selected=false, layout-params=android.widget.LinearLayout$LayoutParams&#64;e2c7a6d, tag=null, root-is-layout-requested=false, has-input-connection=false, x=26.0, y=26.0, text=List, input-type=0, ime-target=false, has-links=false}
|
+--------&gt;TextView{id=2130903061, res-name=text2, desc=text2, visibility=VISIBLE, width=109, height=64, has-focus=false, has-focusable=false, has-window-focus=true, is-clickable=false, is-enabled=true, is-focused=false, is-focusable=false, is-layout-requested=false, is-selected=false, layout-params=android.widget.LinearLayout$LayoutParams&#64;38b86a2, tag=null, root-is-layout-requested=false, has-input-connection=false, x=971.0, y=35.0, text=(0/1), input-type=0, ime-target=false, has-links=false}
|
+-------&gt;LinearLayout{id=-1, visibility=VISIBLE, width=1080, height=130, has-focus=false, has-focusable=false, has-window-focus=true, is-clickable=false, is-enabled=true, is-focused=false, is-focusable=false, is-layout-requested=false, is-selected=false, layout-params=android.widget.AbsListView$LayoutParams&#64;8b9df33, tag=null, root-is-layout-requested=false, has-input-connection=false, x=0.0, y=665.0, child-count=2} ****MATCHES****
|
+--------&gt;TextView{id=2130903060, res-name=text1, desc=Name, visibility=VISIBLE, width=945, height=78, has-focus=false, has-focusable=false, has-window-focus=true, is-clickable=false, is-enabled=true, is-focused=false, is-focusable=false, is-layout-requested=false, is-selected=false, layout-params=android.widget.LinearLayout$LayoutParams&#64;d97c2f0, tag=null, root-is-layout-requested=false, has-input-connection=false, x=26.0, y=26.0, text=List, input-type=0, ime-target=false, has-links=false}
|
+--------&gt;TextView{id=2130903061, res-name=text2, desc=text2, visibility=VISIBLE, width=109, height=64, has-focus=false, has-focusable=false, has-window-focus=true, is-clickable=false, is-enabled=true, is-focused=false, is-focusable=false, is-layout-requested=false, is-selected=false, layout-params=android.widget.LinearLayout$LayoutParams&#64;ca35069, tag=null, root-is-layout-requested=false, has-input-connection=false, x=971.0, y=35.0, text=(1/1), input-type=0, ime-target=false, has-links=false}
|
+-------&gt;LinearLayout{id=-1, visibility=VISIBLE, width=1080, height=130, has-focus=false, has-focusable=false, has-window-focus=true, is-clickable=false, is-enabled=true, is-focused=false, is-focusable=false, is-layout-requested=false, is-selected=false, layout-params=android.widget.AbsListView$LayoutParams&#64;e3f6aee, tag=null, root-is-layout-requested=false, has-input-connection=false, x=0.0, y=798.0, child-count=2} ****MATCHES****
|
+--------&gt;TextView{id=2130903060, res-name=text1, desc=Name, visibility=VISIBLE, width=945, height=78, has-focus=false, has-focusable=false, has-window-focus=true, is-clickable=false, is-enabled=true, is-focused=false, is-focusable=false, is-layout-requested=false, is-selected=false, layout-params=android.widget.LinearLayout$LayoutParams&#64;5a93b8f, tag=null, root-is-layout-requested=false, has-input-connection=false, x=26.0, y=26.0, text=List1, input-type=0, ime-target=false, has-links=false}
|
+--------&gt;TextView{id=2130903061, res-name=text2, desc=text2, visibility=VISIBLE, width=109, height=64, has-focus=false, has-focusable=false, has-window-focus=true, is-clickable=false, is-enabled=true, is-focused=false, is-focusable=false, is-layout-requested=false, is-selected=false, layout-params=android.widget.LinearLayout$LayoutParams&#64;8ce1e1c, tag=null, root-is-layout-requested=false, has-input-connection=false, x=971.0, y=35.0, text=(0/0), input-type=0, ime-target=false, has-links=false}
|
+-------&gt;LinearLayout{id=-1, visibility=VISIBLE, width=1080, height=130, has-focus=false, has-focusable=false, has-window-focus=true, is-clickable=false, is-enabled=true, is-focused=false, is-focusable=false, is-layout-requested=false, is-selected=false, layout-params=android.widget.AbsListView$LayoutParams&#64;2978a25, tag=null, root-is-layout-requested=false, has-input-connection=false, x=0.0, y=931.0, child-count=2} ****MATCHES****
|
+--------&gt;TextView{id=2130903060, res-name=text1, desc=Name, visibility=VISIBLE, width=945, height=78, has-focus=false, has-focusable=false, has-window-focus=true, is-clickable=false, is-enabled=true, is-focused=false, is-focusable=false, is-layout-requested=false, is-selected=false, layout-params=android.widget.LinearLayout$LayoutParams&#64;43b47fa, tag=null, root-is-layout-requested=false, has-input-connection=false, x=26.0, y=26.0, text=List2, input-type=0, ime-target=false, has-links=false}
|
+--------&gt;TextView{id=2130903061, res-name=text2, desc=text2, visibility=VISIBLE, width=109, height=64, has-focus=false, has-focusable=false, has-window-focus=true, is-clickable=false, is-enabled=true, is-focused=false, is-focusable=false, is-layout-requested=false, is-selected=false, layout-params=android.widget.LinearLayout$LayoutParams&#64;28801ab, tag=null, root-is-layout-requested=false, has-input-connection=false, x=971.0, y=35.0, text=(0/0), input-type=0, ime-target=false, has-links=false}
|
+-------&gt;LinearLayout{id=-1, visibility=VISIBLE, width=1080, height=130, has-focus=false, has-focusable=false, has-window-focus=true, is-clickable=false, is-enabled=true, is-focused=false, is-focusable=false, is-layout-requested=false, is-selected=false, layout-params=android.widget.AbsListView$LayoutParams&#64;9ad0008, tag=null, root-is-layout-requested=false, has-input-connection=false, x=0.0, y=1064.0, child-count=2} ****MATCHES****
|
+--------&gt;TextView{id=2130903060, res-name=text1, desc=Name, visibility=VISIBLE, width=945, height=78, has-focus=false, has-focusable=false, has-window-focus=true, is-clickable=false, is-enabled=true, is-focused=false, is-focusable=false, is-layout-requested=false, is-selected=false, layout-params=android.widget.LinearLayout$LayoutParams&#64;2dba3a1, tag=null, root-is-layout-requested=false, has-input-connection=false, x=26.0, y=26.0, text=List2, input-type=0, ime-target=false, has-links=false}
|
+--------&gt;TextView{id=2130903061, res-name=text2, desc=text2, visibility=VISIBLE, width=109, height=64, has-focus=false, has-focusable=false, has-window-focus=true, is-clickable=false, is-enabled=true, is-focused=false, is-focusable=false, is-layout-requested=false, is-selected=false, layout-params=android.widget.LinearLayout$LayoutParams&#64;2e5e9c6, tag=null, root-is-layout-requested=false, has-input-connection=false, x=971.0, y=35.0, text=(0/0), input-type=0, ime-target=false, has-links=false}
|
+-------&gt;LinearLayout{id=-1, visibility=VISIBLE, width=1080, height=130, has-focus=false, has-focusable=false, has-window-focus=true, is-clickable=false, is-enabled=true, is-focused=false, is-focusable=false, is-layout-requested=false, is-selected=false, layout-params=android.widget.AbsListView$LayoutParams&#64;e430d87, tag=null, root-is-layout-requested=false, has-input-connection=false, x=0.0, y=1197.0, child-count=2} ****MATCHES****
|
+--------&gt;TextView{id=2130903060, res-name=text1, desc=Name, visibility=VISIBLE, width=945, height=78, has-focus=false, has-focusable=false, has-window-focus=true, is-clickable=false, is-enabled=true, is-focused=false, is-focusable=false, is-layout-requested=false, is-selected=false, layout-params=android.widget.LinearLayout$LayoutParams&#64;e1614b4, tag=null, root-is-layout-requested=false, has-input-connection=false, x=26.0, y=26.0, text=new, input-type=0, ime-target=false, has-links=false}
|
+--------&gt;TextView{id=2130903061, res-name=text2, desc=text2, visibility=VISIBLE, width=109, height=64, has-focus=false, has-focusable=false, has-window-focus=true, is-clickable=false, is-enabled=true, is-focused=false, is-focusable=false, is-layout-requested=false, is-selected=false, layout-params=android.widget.LinearLayout$LayoutParams&#64;edd8dd, tag=null, root-is-layout-requested=false, has-input-connection=false, x=971.0, y=35.0, text=(0/0), input-type=0, ime-target=false, has-links=false}
|
+-------&gt;LinearLayout{id=-1, visibility=VISIBLE, width=1080, height=130, has-focus=false, has-focusable=false, has-window-focus=true, is-clickable=false, is-enabled=true, is-focused=false, is-focusable=false, is-layout-requested=false, is-selected=false, layout-params=android.widget.AbsListView$LayoutParams&#64;546dc52, tag=null, root-is-layout-requested=false, has-input-connection=false, x=0.0, y=1330.0, child-count=2} ****MATCHES****
|
+--------&gt;TextView{id=2130903060, res-name=text1, desc=Name, visibility=VISIBLE, width=945, height=78, has-focus=false, has-focusable=false, has-window-focus=true, is-clickable=false, is-enabled=true, is-focused=false, is-focusable=false, is-layout-requested=false, is-selected=false, layout-params=android.widget.LinearLayout$LayoutParams&#64;fb8fb23, tag=null, root-is-layout-requested=false, has-input-connection=false, x=26.0, y=26.0, text=new, input-type=0, ime-target=false, has-links=false}
|
+--------&gt;TextView{id=2130903061, res-name=text2, desc=text2, visibility=VISIBLE, width=109, height=64, has-focus=false, has-focusable=false, has-window-focus=true, is-clickable=false, is-enabled=true, is-focused=false, is-focusable=false, is-layout-requested=false, is-selected=false, layout-params=android.widget.LinearLayout$LayoutParams&#64;e59c820, tag=null, root-is-layout-requested=false, has-input-connection=false, x=971.0, y=35.0, text=(0/0), input-type=0, ime-target=false, has-links=false}
|
+-----&gt;LinearLayout{id=2130903057, res-name=itemsView, visibility=GONE, width=0, height=0, has-focus=false, has-focusable=false, has-window-focus=true, is-clickable=false, is-enabled=true, is-focused=false, is-focusable=false, is-layout-requested=true, is-selected=false, layout-params=android.widget.FrameLayout$LayoutParams&#64;316267f, tag=null, root-is-layout-requested=false, has-input-connection=false, x=0.0, y=0.0, child-count=2}
|
+------&gt;LinearLayout{id=2130903048, res-name=LinearLayout01, visibility=VISIBLE, width=0, height=0, has-focus=false, has-focusable=true, has-window-focus=true, is-clickable=false, is-enabled=true, is-focused=false, is-focusable=false, is-layout-requested=true, is-selected=false, layout-params=android.widget.LinearLayout$LayoutParams&#64;5f5a3aa, tag=null, root-is-layout-requested=false, has-input-connection=false, x=0.0, y=0.0, child-count=2}
|
+-------&gt;EditText{id=2130903041, res-name=AddItemEditText, desc=addItemEditText, visibility=VISIBLE, width=0, height=0, has-focus=false, has-focusable=true, has-window-focus=true, is-clickable=true, is-enabled=true, is-focused=false, is-focusable=true, is-layout-requested=true, is-selected=false, layout-params=android.widget.LinearLayout$LayoutParams&#64;f0ab9b, tag=null, root-is-layout-requested=false, has-input-connection=true, editor-info=[inputType=0x31 imeOptions=0x8000006 privateImeOptions=null actionLabel=null actionId=0 initialSelStart=0 initialSelEnd=0 initialCapsMode=0x0 hintText=New Item Name label=null packageName=null fieldId=0 fieldName=null extras=null hintLocales=null contentMimeTypes=null ], x=0.0, y=0.0, text=, hint=New Item Name, input-type=49, ime-target=false, has-links=false}
|
+-------&gt;Button{id=2130903040, res-name=AddItemButton, desc=Add, visibility=VISIBLE, width=0, height=0, has-focus=false, has-focusable=true, has-window-focus=true, is-clickable=true, is-enabled=true, is-focused=false, is-focusable=true, is-layout-requested=true, is-selected=false, layout-params=android.widget.LinearLayout$LayoutParams&#64;fa47b38, tag=null, root-is-layout-requested=false, has-input-connection=false, x=0.0, y=0.0, text=Add, input-type=0, ime-target=false, has-links=false}
|
+------&gt;ListView{id=2130903047, res-name=ItemsListView, visibility=VISIBLE, width=0, height=0, has-focus=false, has-focusable=false, has-window-focus=true, is-clickable=true, is-enabled=true, is-focused=false, is-focusable=false, is-layout-requested=true, is-selected=false, layout-params=android.widget.LinearLayout$LayoutParams&#64;be3b711, tag=null, root-is-layout-requested=false, has-input-connection=false, x=0.0, y=0.0, child-count=0}
|
+--&gt;ActionBarContainer{id=16908669, res-name=action_bar_container, visibility=VISIBLE, width=1080, height=147, has-focus=false, has-focusable=false, has-window-focus=true, is-clickable=false, is-enabled=true, is-focused=false, is-focusable=false, is-layout-requested=false, is-selected=false, layout-params=com.android.internal.widget.ActionBarOverlayLayout$LayoutParams&#64;cc212e4, tag=null, root-is-layout-requested=false, has-input-connection=false, x=0.0, y=63.0, child-count=2}
|
+---&gt;Toolbar{id=16908668, res-name=action_bar, visibility=VISIBLE, width=1080, height=147, has-focus=false, has-focusable=false, has-window-focus=true, is-clickable=false, is-enabled=true, is-focused=false, is-focusable=false, is-layout-requested=false, is-selected=false, layout-params=android.widget.FrameLayout$LayoutParams&#64;bbb34d, tag=null, root-is-layout-requested=false, has-input-connection=false, x=0.0, y=0.0, child-count=2}
|
+----&gt;TextView{id=-1, visibility=VISIBLE, width=240, height=71, has-focus=false, has-focusable=false, has-window-focus=true, is-clickable=false, is-enabled=true, is-focused=false, is-focusable=false, is-layout-requested=false, is-selected=false, layout-params=android.widget.Toolbar$LayoutParams&#64;b1afe02, tag=null, root-is-layout-requested=false, has-input-connection=false, x=42.0, y=38.0, text=Simply Do, input-type=0, ime-target=false, has-links=false}
|
+----&gt;ActionMenuView{id=-1, visibility=VISIBLE, width=105, height=147, has-focus=false, has-focusable=false, has-window-focus=true, is-clickable=false, is-enabled=true, is-focused=false, is-focusable=false, is-layout-requested=false, is-selected=false, layout-params=android.widget.Toolbar$LayoutParams&#64;fff7950, tag=null, root-is-layout-requested=false, has-input-connection=false, x=975.0, y=0.0, child-count=1}
|
+-----&gt;OverflowMenuButton{id=-1, desc=More options, visibility=VISIBLE, width=105, height=126, has-focus=false, has-focusable=false, has-window-focus=true, is-clickable=true, is-enabled=true, is-focused=false, is-focusable=true, is-layout-requested=false, is-selected=false, layout-params=android.widget.ActionMenuView$LayoutParams&#64;a9d3749, tag=null, root-is-layout-requested=false, has-input-connection=false, x=0.0, y=10.0}
|
+---&gt;ActionBarContextView{id=16908673, res-name=action_context_bar, visibility=GONE, width=0, height=0, has-focus=false, has-focusable=false, has-window-focus=true, is-clickable=false, is-enabled=true, is-focused=false, is-focusable=false, is-layout-requested=true, is-selected=false, layout-params=android.widget.FrameLayout$LayoutParams&#64;73ef84e, tag=null, root-is-layout-requested=false, has-input-connection=false, x=0.0, y=0.0, child-count=0}
|
+-&gt;View{id=16908336, res-name=navigationBarBackground, visibility=VISIBLE, width=1080, height=126, has-focus=false, has-focusable=false, has-window-focus=true, is-clickable=false, is-enabled=true, is-focused=false, is-focusable=false, is-layout-requested=false, is-selected=false, layout-params=android.widget.FrameLayout$LayoutParams&#64;fcbad6f, tag=null, root-is-layout-requested=false, has-input-connection=false, x=0.0, y=1794.0}
|
+-&gt;View{id=16908335, res-name=statusBarBackground, visibility=VISIBLE, width=1080, height=63, has-focus=false, has-focusable=false, has-window-focus=true, is-clickable=false, is-enabled=true, is-focused=false, is-focusable=false, is-layout-requested=false, is-selected=false, layout-params=android.widget.FrameLayout$LayoutParams&#64;b6ada7c, tag=null, root-is-layout-requested=false, has-input-connection=false, x=0.0, y=0.0}
|
at dalvik.system.VMStack.getThreadStackTrace(Native Method)
at java.lang.Thread.getStackTrace(Thread.java:1536)
at android.support.test.espresso.base.DefaultFailureHandler.getUserFriendlyError(DefaultFailureHandler.java:88)
at android.support.test.espresso.base.DefaultFailureHandler.handle(DefaultFailureHandler.java:51)
at android.support.test.espresso.ViewInteraction.waitForAndHandleInteractionResults(ViewInteraction.java:312)
at android.support.test.espresso.ViewInteraction.desugaredPerform(ViewInteraction.java:173)
at android.support.test.espresso.ViewInteraction.perform(ViewInteraction.java:114)
at kdk.android.simplydo.C2.ItemAssertC2.itemAssertC2(ItemAssertC2.java:49)
at java.lang.reflect.Method.invoke(Native Method)
at org.junit.runners.model.FrameworkMethod$1.runReflectiveCall(FrameworkMethod.java:50)
at org.junit.internal.runners.model.ReflectiveCallable.run(ReflectiveCallable.java:12)
at org.junit.runners.model.FrameworkMethod.invokeExplosively(FrameworkMethod.java:47)
at org.junit.internal.runners.statements.InvokeMethod.evaluate(InvokeMethod.java:17)
at android.support.test.rule.ActivityTestRule$ActivityStatement.evaluate(ActivityTestRule.java:527)
at org.junit.rules.RunRules.evaluate(RunRules.java:20)
at org.junit.runners.ParentRunner.runLeaf(ParentRunner.java:325)
at org.junit.runners.BlockJUnit4ClassRunner.runChild(BlockJUnit4ClassRunner.java:78)
at org.junit.runners.BlockJUnit4ClassRunner.runChild(BlockJUnit4ClassRunner.java:57)
at org.junit.runners.ParentRunner$3.run(ParentRunner.java:290)
at org.junit.runners.ParentRunner$1.schedule(ParentRunner.java:71)
at org.junit.runners.ParentRunner.runChildren(ParentRunner.java:288)
at org.junit.runners.ParentRunner.access$000(ParentRunner.java:58)
at org.junit.runners.ParentRunner$2.evaluate(ParentRunner.java:268)
at org.junit.runners.ParentRunner.run(ParentRunner.java:363)
at android.support.test.runner.AndroidJUnit4.run(AndroidJUnit4.java:101)
at org.junit.runners.Suite.runChild(Suite.java:128)
at org.junit.runners.Suite.runChild(Suite.java:27)
at org.junit.runners.ParentRunner$3.run(ParentRunner.java:290)
at org.junit.runners.ParentRunner$1.schedule(ParentRunner.java:71)
at org.junit.runners.ParentRunner.runChildren(ParentRunner.java:288)
at org.junit.runners.ParentRunner.access$000(ParentRunner.java:58)
at org.junit.runners.ParentRunner$2.evaluate(ParentRunner.java:268)
at org.junit.runners.ParentRunner.run(ParentRunner.java:363)
at org.junit.runner.JUnitCore.run(JUnitCore.java:137)
at org.junit.runner.JUnitCore.run(JUnitCore.java:115)
at android.support.test.internal.runner.TestExecutor.execute(TestExecutor.java:56)
at android.support.test.runner.AndroidJUnitRunner.onStart(AndroidJUnitRunner.java:384)
at android.app.Instrumentation$InstrumentationThread.run(Instrumentation.java:2074)
</failure>
  </testcase>
  <testcase name="multipleListC2" classname="kdk.android.simplydo.C2.MultipleListC2" time="2.183">
    <failure>android.support.test.espresso.AmbiguousViewMatcherException: '(with class name: is "android.widget.LinearLayout" and is displayed on the screen to the user)' matches multiple views in the hierarchy.
Problem views are marked with '****MATCHES****' below.

View Hierarchy:
+&gt;DecorView{id=-1, visibility=VISIBLE, width=1080, height=1920, has-focus=true, has-focusable=true, has-window-focus=true, is-clickable=false, is-enabled=true, is-focused=false, is-focusable=false, is-layout-requested=false, is-selected=false, layout-params=WM.LayoutParams{(0,0)(fillxfill) sim=#3 ty=1 fl=#81810100 pfl=0x20000 wanim=0x10302f6 needsMenuKey=2 colorMode=0}, tag=null, root-is-layout-requested=false, has-input-connection=false, x=0.0, y=0.0, child-count=3}
|
+-&gt;ActionBarOverlayLayout{id=16908822, res-name=decor_content_parent, visibility=VISIBLE, width=1080, height=1794, has-focus=true, has-focusable=true, has-window-focus=true, is-clickable=false, is-enabled=true, is-focused=false, is-focusable=false, is-layout-requested=false, is-selected=false, layout-params=android.widget.FrameLayout$LayoutParams&#64;df8108c, tag=null, root-is-layout-requested=false, has-input-connection=false, x=0.0, y=0.0, child-count=2}
|
+--&gt;FrameLayout{id=16908290, res-name=content, visibility=VISIBLE, width=1080, height=1584, has-focus=true, has-focusable=true, has-window-focus=true, is-clickable=false, is-enabled=true, is-focused=false, is-focusable=false, is-layout-requested=false, is-selected=false, layout-params=com.android.internal.widget.ActionBarOverlayLayout$LayoutParams&#64;ff1e3d5, tag=null, root-is-layout-requested=false, has-input-connection=false, x=0.0, y=210.0, child-count=1}
|
+---&gt;LinearLayout{id=-1, visibility=VISIBLE, width=1080, height=1584, has-focus=true, has-focusable=true, has-window-focus=true, is-clickable=false, is-enabled=true, is-focused=false, is-focusable=false, is-layout-requested=false, is-selected=false, layout-params=android.widget.FrameLayout$LayoutParams&#64;7eaaadb, tag=null, root-is-layout-requested=false, has-input-connection=false, x=0.0, y=0.0, child-count=1} ****MATCHES****
|
+----&gt;ViewSwitcher{id=2130903049, res-name=ListsItemsSwitcher, visibility=VISIBLE, width=1080, height=1584, has-focus=true, has-focusable=true, has-window-focus=true, is-clickable=false, is-enabled=true, is-focused=false, is-focusable=false, is-layout-requested=false, is-selected=false, layout-params=android.widget.LinearLayout$LayoutParams&#64;279e851, tag=null, root-is-layout-requested=false, has-input-connection=false, x=0.0, y=0.0, child-count=2}
|
+-----&gt;LinearLayout{id=2130903059, res-name=listsView, visibility=VISIBLE, width=1080, height=1584, has-focus=true, has-focusable=true, has-window-focus=true, is-clickable=false, is-enabled=true, is-focused=false, is-focusable=false, is-layout-requested=false, is-selected=false, layout-params=android.widget.FrameLayout$LayoutParams&#64;256c8b6, tag=null, root-is-layout-requested=false, has-input-connection=false, x=0.0, y=0.0, child-count=2} ****MATCHES****
|
+------&gt;LinearLayout{id=2130903048, res-name=LinearLayout01, visibility=VISIBLE, width=1080, height=126, has-focus=true, has-focusable=true, has-window-focus=true, is-clickable=false, is-enabled=true, is-focused=false, is-focusable=false, is-layout-requested=false, is-selected=false, layout-params=android.widget.LinearLayout$LayoutParams&#64;2df19b7, tag=null, root-is-layout-requested=false, has-input-connection=false, x=0.0, y=0.0, child-count=2} ****MATCHES****
|
+-------&gt;EditText{id=2130903043, res-name=AddListEditText, desc=addlistedittext, visibility=VISIBLE, width=849, height=126, has-focus=true, has-focusable=true, has-window-focus=true, is-clickable=true, is-enabled=true, is-focused=true, is-focusable=true, is-layout-requested=false, is-selected=false, layout-params=android.widget.LinearLayout$LayoutParams&#64;d5de524, tag=null, root-is-layout-requested=false, has-input-connection=true, editor-info=[inputType=0x31 imeOptions=0x8000006 privateImeOptions=null actionLabel=null actionId=0 initialSelStart=0 initialSelEnd=0 initialCapsMode=0x0 hintText=New List Name label=null packageName=null fieldId=0 fieldName=null extras=null hintLocales=null contentMimeTypes=null ], x=0.0, y=0.0, text=, hint=New List Name, input-type=49, ime-target=true, has-links=false}
|
+-------&gt;Button{id=2130903042, res-name=AddListButton, desc=Add, visibility=VISIBLE, width=231, height=126, has-focus=false, has-focusable=true, has-window-focus=true, is-clickable=true, is-enabled=true, is-focused=false, is-focusable=true, is-layout-requested=false, is-selected=false, layout-params=android.widget.LinearLayout$LayoutParams&#64;aa3b88d, tag=null, root-is-layout-requested=false, has-input-connection=false, x=849.0, y=0.0, text=Add, input-type=0, ime-target=false, has-links=false}
|
+------&gt;ListView{id=2130903050, res-name=ListsListView, visibility=VISIBLE, width=1080, height=1458, has-focus=false, has-focusable=true, has-window-focus=true, is-clickable=true, is-enabled=true, is-focused=false, is-focusable=true, is-layout-requested=false, is-selected=false, layout-params=android.widget.LinearLayout$LayoutParams&#64;3feba42, tag=null, root-is-layout-requested=false, has-input-connection=false, x=0.0, y=126.0, child-count=11}
|
+-------&gt;LinearLayout{id=-1, visibility=VISIBLE, width=1080, height=130, has-focus=false, has-focusable=false, has-window-focus=true, is-clickable=false, is-enabled=true, is-focused=false, is-focusable=false, is-layout-requested=false, is-selected=false, layout-params=android.widget.AbsListView$LayoutParams&#64;1419a53, tag=null, root-is-layout-requested=false, has-input-connection=false, x=0.0, y=0.0, child-count=2} ****MATCHES****
|
+--------&gt;TextView{id=2130903060, res-name=text1, desc=Name, visibility=VISIBLE, width=945, height=78, has-focus=false, has-focusable=false, has-window-focus=true, is-clickable=false, is-enabled=true, is-focused=false, is-focusable=false, is-layout-requested=false, is-selected=false, layout-params=android.widget.LinearLayout$LayoutParams&#64;5262f90, tag=null, root-is-layout-requested=false, has-input-connection=false, x=26.0, y=26.0, text=list, input-type=0, ime-target=false, has-links=false}
|
+--------&gt;TextView{id=2130903061, res-name=text2, desc=text2, visibility=VISIBLE, width=109, height=64, has-focus=false, has-focusable=false, has-window-focus=true, is-clickable=false, is-enabled=true, is-focused=false, is-focusable=false, is-layout-requested=false, is-selected=false, layout-params=android.widget.LinearLayout$LayoutParams&#64;d205089, tag=null, root-is-layout-requested=false, has-input-connection=false, x=971.0, y=35.0, text=(3/3), input-type=0, ime-target=false, has-links=false}
|
+-------&gt;LinearLayout{id=-1, visibility=VISIBLE, width=1080, height=130, has-focus=false, has-focusable=false, has-window-focus=true, is-clickable=false, is-enabled=true, is-focused=false, is-focusable=false, is-layout-requested=false, is-selected=false, layout-params=android.widget.AbsListView$LayoutParams&#64;242388e, tag=null, root-is-layout-requested=false, has-input-connection=false, x=0.0, y=133.0, child-count=2} ****MATCHES****
|
+--------&gt;TextView{id=2130903060, res-name=text1, desc=Name, visibility=VISIBLE, width=945, height=78, has-focus=false, has-focusable=false, has-window-focus=true, is-clickable=false, is-enabled=true, is-focused=false, is-focusable=false, is-layout-requested=false, is-selected=false, layout-params=android.widget.LinearLayout$LayoutParams&#64;f4188af, tag=null, root-is-layout-requested=false, has-input-connection=false, x=26.0, y=26.0, text=List, input-type=0, ime-target=false, has-links=false}
|
+--------&gt;TextView{id=2130903061, res-name=text2, desc=text2, visibility=VISIBLE, width=109, height=64, has-focus=false, has-focusable=false, has-window-focus=true, is-clickable=false, is-enabled=true, is-focused=false, is-focusable=false, is-layout-requested=false, is-selected=false, layout-params=android.widget.LinearLayout$LayoutParams&#64;ce6b4bc, tag=null, root-is-layout-requested=false, has-input-connection=false, x=971.0, y=35.0, text=(0/0), input-type=0, ime-target=false, has-links=false}
|
+-------&gt;LinearLayout{id=-1, visibility=VISIBLE, width=1080, height=130, has-focus=false, has-focusable=false, has-window-focus=true, is-clickable=false, is-enabled=true, is-focused=false, is-focusable=false, is-layout-requested=false, is-selected=false, layout-params=android.widget.AbsListView$LayoutParams&#64;eb46c45, tag=null, root-is-layout-requested=false, has-input-connection=false, x=0.0, y=266.0, child-count=2} ****MATCHES****
|
+--------&gt;TextView{id=2130903060, res-name=text1, desc=Name, visibility=VISIBLE, width=945, height=78, has-focus=false, has-focusable=false, has-window-focus=true, is-clickable=false, is-enabled=true, is-focused=false, is-focusable=false, is-layout-requested=false, is-selected=false, layout-params=android.widget.LinearLayout$LayoutParams&#64;e2d4f9a, tag=null, root-is-layout-requested=false, has-input-connection=false, x=26.0, y=26.0, text=List, input-type=0, ime-target=false, has-links=false}
|
+--------&gt;TextView{id=2130903061, res-name=text2, desc=text2, visibility=VISIBLE, width=109, height=64, has-focus=false, has-focusable=false, has-window-focus=true, is-clickable=false, is-enabled=true, is-focused=false, is-focusable=false, is-layout-requested=false, is-selected=false, layout-params=android.widget.LinearLayout$LayoutParams&#64;2a800cb, tag=null, root-is-layout-requested=false, has-input-connection=false, x=971.0, y=35.0, text=(0/0), input-type=0, ime-target=false, has-links=false}
|
+-------&gt;LinearLayout{id=-1, visibility=VISIBLE, width=1080, height=130, has-focus=false, has-focusable=false, has-window-focus=true, is-clickable=false, is-enabled=true, is-focused=false, is-focusable=false, is-layout-requested=false, is-selected=false, layout-params=android.widget.AbsListView$LayoutParams&#64;9c860a8, tag=null, root-is-layout-requested=false, has-input-connection=false, x=0.0, y=399.0, child-count=2} ****MATCHES****
|
+--------&gt;TextView{id=2130903060, res-name=text1, desc=Name, visibility=VISIBLE, width=945, height=78, has-focus=false, has-focusable=false, has-window-focus=true, is-clickable=false, is-enabled=true, is-focused=false, is-focusable=false, is-layout-requested=false, is-selected=false, layout-params=android.widget.LinearLayout$LayoutParams&#64;1b487c1, tag=null, root-is-layout-requested=false, has-input-connection=false, x=26.0, y=26.0, text=List, input-type=0, ime-target=false, has-links=false}
|
+--------&gt;TextView{id=2130903061, res-name=text2, desc=text2, visibility=VISIBLE, width=109, height=64, has-focus=false, has-focusable=false, has-window-focus=true, is-clickable=false, is-enabled=true, is-focused=false, is-focusable=false, is-layout-requested=false, is-selected=false, layout-params=android.widget.LinearLayout$LayoutParams&#64;b80cb66, tag=null, root-is-layout-requested=false, has-input-connection=false, x=971.0, y=35.0, text=(2/5), input-type=0, ime-target=false, has-links=false}
|
+-------&gt;LinearLayout{id=-1, visibility=VISIBLE, width=1080, height=130, has-focus=false, has-focusable=false, has-window-focus=true, is-clickable=false, is-enabled=true, is-focused=false, is-focusable=false, is-layout-requested=false, is-selected=false, layout-params=android.widget.AbsListView$LayoutParams&#64;ab3dea7, tag=null, root-is-layout-requested=false, has-input-connection=false, x=0.0, y=532.0, child-count=2} ****MATCHES****
|
+--------&gt;TextView{id=2130903060, res-name=text1, desc=Name, visibility=VISIBLE, width=945, height=78, has-focus=false, has-focusable=false, has-window-focus=true, is-clickable=false, is-enabled=true, is-focused=false, is-focusable=false, is-layout-requested=false, is-selected=false, layout-params=android.widget.LinearLayout$LayoutParams&#64;896df54, tag=null, root-is-layout-requested=false, has-input-connection=false, x=26.0, y=26.0, text=List, input-type=0, ime-target=false, has-links=false}
|
+--------&gt;TextView{id=2130903061, res-name=text2, desc=text2, visibility=VISIBLE, width=109, height=64, has-focus=false, has-focusable=false, has-window-focus=true, is-clickable=false, is-enabled=true, is-focused=false, is-focusable=false, is-layout-requested=false, is-selected=false, layout-params=android.widget.LinearLayout$LayoutParams&#64;f40defd, tag=null, root-is-layout-requested=false, has-input-connection=false, x=971.0, y=35.0, text=(0/1), input-type=0, ime-target=false, has-links=false}
|
+-------&gt;LinearLayout{id=-1, visibility=VISIBLE, width=1080, height=130, has-focus=false, has-focusable=false, has-window-focus=true, is-clickable=false, is-enabled=true, is-focused=false, is-focusable=false, is-layout-requested=false, is-selected=false, layout-params=android.widget.AbsListView$LayoutParams&#64;73e37f2, tag=null, root-is-layout-requested=false, has-input-connection=false, x=0.0, y=665.0, child-count=2} ****MATCHES****
|
+--------&gt;TextView{id=2130903060, res-name=text1, desc=Name, visibility=VISIBLE, width=945, height=78, has-focus=false, has-focusable=false, has-window-focus=true, is-clickable=false, is-enabled=true, is-focused=false, is-focusable=false, is-layout-requested=false, is-selected=false, layout-params=android.widget.LinearLayout$LayoutParams&#64;1b5be43, tag=null, root-is-layout-requested=false, has-input-connection=false, x=26.0, y=26.0, text=List, input-type=0, ime-target=false, has-links=false}
|
+--------&gt;TextView{id=2130903061, res-name=text2, desc=text2, visibility=VISIBLE, width=109, height=64, has-focus=false, has-focusable=false, has-window-focus=true, is-clickable=false, is-enabled=true, is-focused=false, is-focusable=false, is-layout-requested=false, is-selected=false, layout-params=android.widget.LinearLayout$LayoutParams&#64;52c9cc0, tag=null, root-is-layout-requested=false, has-input-connection=false, x=971.0, y=35.0, text=(1/1), input-type=0, ime-target=false, has-links=false}
|
+-------&gt;LinearLayout{id=-1, visibility=VISIBLE, width=1080, height=130, has-focus=false, has-focusable=false, has-window-focus=true, is-clickable=false, is-enabled=true, is-focused=false, is-focusable=false, is-layout-requested=false, is-selected=false, layout-params=android.widget.AbsListView$LayoutParams&#64;8416df9, tag=null, root-is-layout-requested=false, has-input-connection=false, x=0.0, y=798.0, child-count=2} ****MATCHES****
|
+--------&gt;TextView{id=2130903060, res-name=text1, desc=Name, visibility=VISIBLE, width=945, height=78, has-focus=false, has-focusable=false, has-window-focus=true, is-clickable=false, is-enabled=true, is-focused=false, is-focusable=false, is-layout-requested=false, is-selected=false, layout-params=android.widget.LinearLayout$LayoutParams&#64;af3e13e, tag=null, root-is-layout-requested=false, has-input-connection=false, x=26.0, y=26.0, text=List1, input-type=0, ime-target=false, has-links=false}
|
+--------&gt;TextView{id=2130903061, res-name=text2, desc=text2, visibility=VISIBLE, width=109, height=64, has-focus=false, has-focusable=false, has-window-focus=true, is-clickable=false, is-enabled=true, is-focused=false, is-focusable=false, is-layout-requested=false, is-selected=false, layout-params=android.widget.LinearLayout$LayoutParams&#64;c6bfb9f, tag=null, root-is-layout-requested=false, has-input-connection=false, x=971.0, y=35.0, text=(0/0), input-type=0, ime-target=false, has-links=false}
|
+-------&gt;LinearLayout{id=-1, visibility=VISIBLE, width=1080, height=130, has-focus=false, has-focusable=false, has-window-focus=true, is-clickable=false, is-enabled=true, is-focused=false, is-focusable=false, is-layout-requested=false, is-selected=false, layout-params=android.widget.AbsListView$LayoutParams&#64;c9ec4ec, tag=null, root-is-layout-requested=false, has-input-connection=false, x=0.0, y=931.0, child-count=2} ****MATCHES****
|
+--------&gt;TextView{id=2130903060, res-name=text1, desc=Name, visibility=VISIBLE, width=945, height=78, has-focus=false, has-focusable=false, has-window-focus=true, is-clickable=false, is-enabled=true, is-focused=false, is-focusable=false, is-layout-requested=false, is-selected=false, layout-params=android.widget.LinearLayout$LayoutParams&#64;a21f0b5, tag=null, root-is-layout-requested=false, has-input-connection=false, x=26.0, y=26.0, text=List2, input-type=0, ime-target=false, has-links=false}
|
+--------&gt;TextView{id=2130903061, res-name=text2, desc=text2, visibility=VISIBLE, width=109, height=64, has-focus=false, has-focusable=false, has-window-focus=true, is-clickable=false, is-enabled=true, is-focused=false, is-focusable=false, is-layout-requested=false, is-selected=false, layout-params=android.widget.LinearLayout$LayoutParams&#64;8c8d34a, tag=null, root-is-layout-requested=false, has-input-connection=false, x=971.0, y=35.0, text=(0/0), input-type=0, ime-target=false, has-links=false}
|
+-------&gt;LinearLayout{id=-1, visibility=VISIBLE, width=1080, height=130, has-focus=false, has-focusable=false, has-window-focus=true, is-clickable=false, is-enabled=true, is-focused=false, is-focusable=false, is-layout-requested=false, is-selected=false, layout-params=android.widget.AbsListView$LayoutParams&#64;31eb2bb, tag=null, root-is-layout-requested=false, has-input-connection=false, x=0.0, y=1064.0, child-count=2} ****MATCHES****
|
+--------&gt;TextView{id=2130903060, res-name=text1, desc=Name, visibility=VISIBLE, width=945, height=78, has-focus=false, has-focusable=false, has-window-focus=true, is-clickable=false, is-enabled=true, is-focused=false, is-focusable=false, is-layout-requested=false, is-selected=false, layout-params=android.widget.LinearLayout$LayoutParams&#64;62943d8, tag=null, root-is-layout-requested=false, has-input-connection=false, x=26.0, y=26.0, text=List2, input-type=0, ime-target=false, has-links=false}
|
+--------&gt;TextView{id=2130903061, res-name=text2, desc=text2, visibility=VISIBLE, width=109, height=64, has-focus=false, has-focusable=false, has-window-focus=true, is-clickable=false, is-enabled=true, is-focused=false, is-focusable=false, is-layout-requested=false, is-selected=false, layout-params=android.widget.LinearLayout$LayoutParams&#64;34de331, tag=null, root-is-layout-requested=false, has-input-connection=false, x=971.0, y=35.0, text=(0/0), input-type=0, ime-target=false, has-links=false}
|
+-------&gt;LinearLayout{id=-1, visibility=VISIBLE, width=1080, height=130, has-focus=false, has-focusable=false, has-window-focus=true, is-clickable=false, is-enabled=true, is-focused=false, is-focusable=false, is-layout-requested=false, is-selected=false, layout-params=android.widget.AbsListView$LayoutParams&#64;c48da16, tag=null, root-is-layout-requested=false, has-input-connection=false, x=0.0, y=1197.0, child-count=2} ****MATCHES****
|
+--------&gt;TextView{id=2130903060, res-name=text1, desc=Name, visibility=VISIBLE, width=945, height=78, has-focus=false, has-focusable=false, has-window-focus=true, is-clickable=false, is-enabled=true, is-focused=false, is-focusable=false, is-layout-requested=false, is-selected=false, layout-params=android.widget.LinearLayout$LayoutParams&#64;7bbf97, tag=null, root-is-layout-requested=false, has-input-connection=false, x=26.0, y=26.0, text=new, input-type=0, ime-target=false, has-links=false}
|
+--------&gt;TextView{id=2130903061, res-name=text2, desc=text2, visibility=VISIBLE, width=109, height=64, has-focus=false, has-focusable=false, has-window-focus=true, is-clickable=false, is-enabled=true, is-focused=false, is-focusable=false, is-layout-requested=false, is-selected=false, layout-params=android.widget.LinearLayout$LayoutParams&#64;edac584, tag=null, root-is-layout-requested=false, has-input-connection=false, x=971.0, y=35.0, text=(0/0), input-type=0, ime-target=false, has-links=false}
|
+-------&gt;LinearLayout{id=-1, visibility=VISIBLE, width=1080, height=130, has-focus=false, has-focusable=false, has-window-focus=true, is-clickable=false, is-enabled=true, is-focused=false, is-focusable=false, is-layout-requested=false, is-selected=false, layout-params=android.widget.AbsListView$LayoutParams&#64;36c816d, tag=null, root-is-layout-requested=false, has-input-connection=false, x=0.0, y=1330.0, child-count=2} ****MATCHES****
|
+--------&gt;TextView{id=2130903060, res-name=text1, desc=Name, visibility=VISIBLE, width=945, height=78, has-focus=false, has-focusable=false, has-window-focus=true, is-clickable=false, is-enabled=true, is-focused=false, is-focusable=false, is-layout-requested=false, is-selected=false, layout-params=android.widget.LinearLayout$LayoutParams&#64;bf081a2, tag=null, root-is-layout-requested=false, has-input-connection=false, x=26.0, y=26.0, text=new, input-type=0, ime-target=false, has-links=false}
|
+--------&gt;TextView{id=2130903061, res-name=text2, desc=text2, visibility=VISIBLE, width=109, height=64, has-focus=false, has-focusable=false, has-window-focus=true, is-clickable=false, is-enabled=true, is-focused=false, is-focusable=false, is-layout-requested=false, is-selected=false, layout-params=android.widget.LinearLayout$LayoutParams&#64;232be33, tag=null, root-is-layout-requested=false, has-input-connection=false, x=971.0, y=35.0, text=(0/0), input-type=0, ime-target=false, has-links=false}
|
+-----&gt;LinearLayout{id=2130903057, res-name=itemsView, visibility=GONE, width=0, height=0, has-focus=false, has-focusable=false, has-window-focus=true, is-clickable=false, is-enabled=true, is-focused=false, is-focusable=false, is-layout-requested=true, is-selected=false, layout-params=android.widget.FrameLayout$LayoutParams&#64;77915ee, tag=null, root-is-layout-requested=false, has-input-connection=false, x=0.0, y=0.0, child-count=2}
|
+------&gt;LinearLayout{id=2130903048, res-name=LinearLayout01, visibility=VISIBLE, width=0, height=0, has-focus=false, has-focusable=true, has-window-focus=true, is-clickable=false, is-enabled=true, is-focused=false, is-focusable=false, is-layout-requested=true, is-selected=false, layout-params=android.widget.LinearLayout$LayoutParams&#64;f17125, tag=null, root-is-layout-requested=false, has-input-connection=false, x=0.0, y=0.0, child-count=2}
|
+-------&gt;EditText{id=2130903041, res-name=AddItemEditText, desc=addItemEditText, visibility=VISIBLE, width=0, height=0, has-focus=false, has-focusable=true, has-window-focus=true, is-clickable=true, is-enabled=true, is-focused=false, is-focusable=true, is-layout-requested=true, is-selected=false, layout-params=android.widget.LinearLayout$LayoutParams&#64;ee4a2fa, tag=null, root-is-layout-requested=false, has-input-connection=true, editor-info=[inputType=0x31 imeOptions=0x8000006 privateImeOptions=null actionLabel=null actionId=0 initialSelStart=0 initialSelEnd=0 initialCapsMode=0x0 hintText=New Item Name label=null packageName=null fieldId=0 fieldName=null extras=null hintLocales=null contentMimeTypes=null ], x=0.0, y=0.0, text=, hint=New Item Name, input-type=49, ime-target=false, has-links=false}
|
+-------&gt;Button{id=2130903040, res-name=AddItemButton, desc=Add, visibility=VISIBLE, width=0, height=0, has-focus=false, has-focusable=true, has-window-focus=true, is-clickable=true, is-enabled=true, is-focused=false, is-focusable=true, is-layout-requested=true, is-selected=false, layout-params=android.widget.LinearLayout$LayoutParams&#64;85dc0ab, tag=null, root-is-layout-requested=false, has-input-connection=false, x=0.0, y=0.0, text=Add, input-type=0, ime-target=false, has-links=false}
|
+------&gt;ListView{id=2130903047, res-name=ItemsListView, visibility=VISIBLE, width=0, height=0, has-focus=false, has-focusable=false, has-window-focus=true, is-clickable=true, is-enabled=true, is-focused=false, is-focusable=false, is-layout-requested=true, is-selected=false, layout-params=android.widget.LinearLayout$LayoutParams&#64;fe15308, tag=null, root-is-layout-requested=false, has-input-connection=false, x=0.0, y=0.0, child-count=0}
|
+--&gt;ActionBarContainer{id=16908669, res-name=action_bar_container, visibility=VISIBLE, width=1080, height=147, has-focus=false, has-focusable=false, has-window-focus=true, is-clickable=false, is-enabled=true, is-focused=false, is-focusable=false, is-layout-requested=false, is-selected=false, layout-params=com.android.internal.widget.ActionBarOverlayLayout$LayoutParams&#64;535bc87, tag=null, root-is-layout-requested=false, has-input-connection=false, x=0.0, y=63.0, child-count=2}
|
+---&gt;Toolbar{id=16908668, res-name=action_bar, visibility=VISIBLE, width=1080, height=147, has-focus=false, has-focusable=false, has-window-focus=true, is-clickable=false, is-enabled=true, is-focused=false, is-focusable=false, is-layout-requested=false, is-selected=false, layout-params=android.widget.FrameLayout$LayoutParams&#64;ebc97b4, tag=null, root-is-layout-requested=false, has-input-connection=false, x=0.0, y=0.0, child-count=2}
|
+----&gt;TextView{id=-1, visibility=VISIBLE, width=240, height=71, has-focus=false, has-focusable=false, has-window-focus=true, is-clickable=false, is-enabled=true, is-focused=false, is-focusable=false, is-layout-requested=false, is-selected=false, layout-params=android.widget.Toolbar$LayoutParams&#64;5bd9fdd, tag=null, root-is-layout-requested=false, has-input-connection=false, x=42.0, y=38.0, text=Simply Do, input-type=0, ime-target=false, has-links=false}
|
+----&gt;ActionMenuView{id=-1, visibility=VISIBLE, width=105, height=147, has-focus=false, has-focusable=false, has-window-focus=true, is-clickable=false, is-enabled=true, is-focused=false, is-focusable=false, is-layout-requested=false, is-selected=false, layout-params=android.widget.Toolbar$LayoutParams&#64;4a79a23, tag=null, root-is-layout-requested=false, has-input-connection=false, x=975.0, y=0.0, child-count=1}
|
+-----&gt;OverflowMenuButton{id=-1, desc=More options, visibility=VISIBLE, width=105, height=126, has-focus=false, has-focusable=false, has-window-focus=true, is-clickable=true, is-enabled=true, is-focused=false, is-focusable=true, is-layout-requested=false, is-selected=false, layout-params=android.widget.ActionMenuView$LayoutParams&#64;6657b20, tag=null, root-is-layout-requested=false, has-input-connection=false, x=0.0, y=10.0}
|
+---&gt;ActionBarContextView{id=16908673, res-name=action_context_bar, visibility=GONE, width=0, height=0, has-focus=false, has-focusable=false, has-window-focus=true, is-clickable=false, is-enabled=true, is-focused=false, is-focusable=false, is-layout-requested=true, is-selected=false, layout-params=android.widget.FrameLayout$LayoutParams&#64;f795cd9, tag=null, root-is-layout-requested=false, has-input-connection=false, x=0.0, y=0.0, child-count=0}
|
+-&gt;View{id=16908336, res-name=navigationBarBackground, visibility=VISIBLE, width=1080, height=126, has-focus=false, has-focusable=false, has-window-focus=true, is-clickable=false, is-enabled=true, is-focused=false, is-focusable=false, is-layout-requested=false, is-selected=false, layout-params=android.widget.FrameLayout$LayoutParams&#64;9ccd69e, tag=null, root-is-layout-requested=false, has-input-connection=false, x=0.0, y=1794.0}
|
+-&gt;View{id=16908335, res-name=statusBarBackground, visibility=VISIBLE, width=1080, height=63, has-focus=false, has-focusable=false, has-window-focus=true, is-clickable=false, is-enabled=true, is-focused=false, is-focusable=false, is-layout-requested=false, is-selected=false, layout-params=android.widget.FrameLayout$LayoutParams&#64;1cfb57f, tag=null, root-is-layout-requested=false, has-input-connection=false, x=0.0, y=0.0}
|
at dalvik.system.VMStack.getThreadStackTrace(Native Method)
at java.lang.Thread.getStackTrace(Thread.java:1536)
at android.support.test.espresso.base.DefaultFailureHandler.getUserFriendlyError(DefaultFailureHandler.java:88)
at android.support.test.espresso.base.DefaultFailureHandler.handle(DefaultFailureHandler.java:51)
at android.support.test.espresso.ViewInteraction.waitForAndHandleInteractionResults(ViewInteraction.java:312)
at android.support.test.espresso.ViewInteraction.desugaredPerform(ViewInteraction.java:173)
at android.support.test.espresso.ViewInteraction.perform(ViewInteraction.java:114)
at kdk.android.simplydo.C2.MultipleListC2.multipleListC2(MultipleListC2.java:60)
at java.lang.reflect.Method.invoke(Native Method)
at org.junit.runners.model.FrameworkMethod$1.runReflectiveCall(FrameworkMethod.java:50)
at org.junit.internal.runners.model.ReflectiveCallable.run(ReflectiveCallable.java:12)
at org.junit.runners.model.FrameworkMethod.invokeExplosively(FrameworkMethod.java:47)
at org.junit.internal.runners.statements.InvokeMethod.evaluate(InvokeMethod.java:17)
at android.support.test.rule.ActivityTestRule$ActivityStatement.evaluate(ActivityTestRule.java:527)
at org.junit.rules.RunRules.evaluate(RunRules.java:20)
at org.junit.runners.ParentRunner.runLeaf(ParentRunner.java:325)
at org.junit.runners.BlockJUnit4ClassRunner.runChild(BlockJUnit4ClassRunner.java:78)
at org.junit.runners.BlockJUnit4ClassRunner.runChild(BlockJUnit4ClassRunner.java:57)
at org.junit.runners.ParentRunner$3.run(ParentRunner.java:290)
at org.junit.runners.ParentRunner$1.schedule(ParentRunner.java:71)
at org.junit.runners.ParentRunner.runChildren(ParentRunner.java:288)
at org.junit.runners.ParentRunner.access$000(ParentRunner.java:58)
at org.junit.runners.ParentRunner$2.evaluate(ParentRunner.java:268)
at org.junit.runners.ParentRunner.run(ParentRunner.java:363)
at android.support.test.runner.AndroidJUnit4.run(AndroidJUnit4.java:101)
at org.junit.runners.Suite.runChild(Suite.java:128)
at org.junit.runners.Suite.runChild(Suite.java:27)
at org.junit.runners.ParentRunner$3.run(ParentRunner.java:290)
at org.junit.runners.ParentRunner$1.schedule(ParentRunner.java:71)
at org.junit.runners.ParentRunner.runChildren(ParentRunner.java:288)
at org.junit.runners.ParentRunner.access$000(ParentRunner.java:58)
at org.junit.runners.ParentRunner$2.evaluate(ParentRunner.java:268)
at org.junit.runners.ParentRunner.run(ParentRunner.java:363)
at org.junit.runner.JUnitCore.run(JUnitCore.java:137)
at org.junit.runner.JUnitCore.run(JUnitCore.java:115)
at android.support.test.internal.runner.TestExecutor.execute(TestExecutor.java:56)
at android.support.test.runner.AndroidJUnitRunner.onStart(AndroidJUnitRunner.java:384)
at android.app.Instrumentation$InstrumentationThread.run(Instrumentation.java:2074)
</failure>
  </testcase>
  <testcase name="sortItemsC2" classname="kdk.android.simplydo.C2.SortItemsC2" time="1.065">
    <failure>android.support.test.espresso.AmbiguousViewMatcherException: '(with class name: is "android.widget.LinearLayout" and is displayed on the screen to the user)' matches multiple views in the hierarchy.
Problem views are marked with '****MATCHES****' below.

View Hierarchy:
+&gt;DecorView{id=-1, visibility=VISIBLE, width=1080, height=1920, has-focus=true, has-focusable=true, has-window-focus=true, is-clickable=false, is-enabled=true, is-focused=false, is-focusable=false, is-layout-requested=false, is-selected=false, layout-params=WM.LayoutParams{(0,0)(fillxfill) sim=#3 ty=1 fl=#81810100 pfl=0x20000 wanim=0x10302f6 needsMenuKey=2 colorMode=0}, tag=null, root-is-layout-requested=false, has-input-connection=false, x=0.0, y=0.0, child-count=3}
|
+-&gt;ActionBarOverlayLayout{id=16908822, res-name=decor_content_parent, visibility=VISIBLE, width=1080, height=1794, has-focus=true, has-focusable=true, has-window-focus=true, is-clickable=false, is-enabled=true, is-focused=false, is-focusable=false, is-layout-requested=false, is-selected=false, layout-params=android.widget.FrameLayout$LayoutParams&#64;33c4432, tag=null, root-is-layout-requested=false, has-input-connection=false, x=0.0, y=0.0, child-count=2}
|
+--&gt;FrameLayout{id=16908290, res-name=content, visibility=VISIBLE, width=1080, height=1584, has-focus=true, has-focusable=true, has-window-focus=true, is-clickable=false, is-enabled=true, is-focused=false, is-focusable=false, is-layout-requested=false, is-selected=false, layout-params=com.android.internal.widget.ActionBarOverlayLayout$LayoutParams&#64;e1c7583, tag=null, root-is-layout-requested=false, has-input-connection=false, x=0.0, y=210.0, child-count=1}
|
+---&gt;LinearLayout{id=-1, visibility=VISIBLE, width=1080, height=1584, has-focus=true, has-focusable=true, has-window-focus=true, is-clickable=false, is-enabled=true, is-focused=false, is-focusable=false, is-layout-requested=false, is-selected=false, layout-params=android.widget.FrameLayout$LayoutParams&#64;f1f1739, tag=null, root-is-layout-requested=false, has-input-connection=false, x=0.0, y=0.0, child-count=1} ****MATCHES****
|
+----&gt;ViewSwitcher{id=2130903049, res-name=ListsItemsSwitcher, visibility=VISIBLE, width=1080, height=1584, has-focus=true, has-focusable=true, has-window-focus=true, is-clickable=false, is-enabled=true, is-focused=false, is-focusable=false, is-layout-requested=false, is-selected=false, layout-params=android.widget.LinearLayout$LayoutParams&#64;fa6e6df, tag=null, root-is-layout-requested=false, has-input-connection=false, x=0.0, y=0.0, child-count=2}
|
+-----&gt;LinearLayout{id=2130903059, res-name=listsView, visibility=VISIBLE, width=1080, height=1584, has-focus=true, has-focusable=true, has-window-focus=true, is-clickable=false, is-enabled=true, is-focused=false, is-focusable=false, is-layout-requested=false, is-selected=false, layout-params=android.widget.FrameLayout$LayoutParams&#64;3e26f2c, tag=null, root-is-layout-requested=false, has-input-connection=false, x=0.0, y=0.0, child-count=2} ****MATCHES****
|
+------&gt;LinearLayout{id=2130903048, res-name=LinearLayout01, visibility=VISIBLE, width=1080, height=126, has-focus=true, has-focusable=true, has-window-focus=true, is-clickable=false, is-enabled=true, is-focused=false, is-focusable=false, is-layout-requested=false, is-selected=false, layout-params=android.widget.LinearLayout$LayoutParams&#64;d50edf5, tag=null, root-is-layout-requested=false, has-input-connection=false, x=0.0, y=0.0, child-count=2} ****MATCHES****
|
+-------&gt;EditText{id=2130903043, res-name=AddListEditText, desc=addlistedittext, visibility=VISIBLE, width=849, height=126, has-focus=true, has-focusable=true, has-window-focus=true, is-clickable=true, is-enabled=true, is-focused=true, is-focusable=true, is-layout-requested=false, is-selected=false, layout-params=android.widget.LinearLayout$LayoutParams&#64;474278a, tag=null, root-is-layout-requested=false, has-input-connection=true, editor-info=[inputType=0x31 imeOptions=0x8000006 privateImeOptions=null actionLabel=null actionId=0 initialSelStart=0 initialSelEnd=0 initialCapsMode=0x0 hintText=New List Name label=null packageName=null fieldId=0 fieldName=null extras=null hintLocales=null contentMimeTypes=null ], x=0.0, y=0.0, text=, hint=New List Name, input-type=49, ime-target=true, has-links=false}
|
+-------&gt;Button{id=2130903042, res-name=AddListButton, desc=Add, visibility=VISIBLE, width=231, height=126, has-focus=false, has-focusable=true, has-window-focus=true, is-clickable=true, is-enabled=true, is-focused=false, is-focusable=true, is-layout-requested=false, is-selected=false, layout-params=android.widget.LinearLayout$LayoutParams&#64;83d11fb, tag=null, root-is-layout-requested=false, has-input-connection=false, x=849.0, y=0.0, text=Add, input-type=0, ime-target=false, has-links=false}
|
+------&gt;ListView{id=2130903050, res-name=ListsListView, visibility=VISIBLE, width=1080, height=1458, has-focus=false, has-focusable=true, has-window-focus=true, is-clickable=true, is-enabled=true, is-focused=false, is-focusable=true, is-layout-requested=false, is-selected=false, layout-params=android.widget.LinearLayout$LayoutParams&#64;9d5218, tag=null, root-is-layout-requested=false, has-input-connection=false, x=0.0, y=126.0, child-count=11}
|
+-------&gt;LinearLayout{id=-1, visibility=VISIBLE, width=1080, height=130, has-focus=false, has-focusable=false, has-window-focus=true, is-clickable=false, is-enabled=true, is-focused=false, is-focusable=false, is-layout-requested=false, is-selected=false, layout-params=android.widget.AbsListView$LayoutParams&#64;88f7471, tag=null, root-is-layout-requested=false, has-input-connection=false, x=0.0, y=0.0, child-count=2} ****MATCHES****
|
+--------&gt;TextView{id=2130903060, res-name=text1, desc=Name, visibility=VISIBLE, width=945, height=78, has-focus=false, has-focusable=false, has-window-focus=true, is-clickable=false, is-enabled=true, is-focused=false, is-focusable=false, is-layout-requested=false, is-selected=false, layout-params=android.widget.LinearLayout$LayoutParams&#64;af53256, tag=null, root-is-layout-requested=false, has-input-connection=false, x=26.0, y=26.0, text=list, input-type=0, ime-target=false, has-links=false}
|
+--------&gt;TextView{id=2130903061, res-name=text2, desc=text2, visibility=VISIBLE, width=109, height=64, has-focus=false, has-focusable=false, has-window-focus=true, is-clickable=false, is-enabled=true, is-focused=false, is-focusable=false, is-layout-requested=false, is-selected=false, layout-params=android.widget.LinearLayout$LayoutParams&#64;440d2d7, tag=null, root-is-layout-requested=false, has-input-connection=false, x=971.0, y=35.0, text=(3/3), input-type=0, ime-target=false, has-links=false}
|
+-------&gt;LinearLayout{id=-1, visibility=VISIBLE, width=1080, height=130, has-focus=false, has-focusable=false, has-window-focus=true, is-clickable=false, is-enabled=true, is-focused=false, is-focusable=false, is-layout-requested=false, is-selected=false, layout-params=android.widget.AbsListView$LayoutParams&#64;92177c4, tag=null, root-is-layout-requested=false, has-input-connection=false, x=0.0, y=133.0, child-count=2} ****MATCHES****
|
+--------&gt;TextView{id=2130903060, res-name=text1, desc=Name, visibility=VISIBLE, width=945, height=78, has-focus=false, has-focusable=false, has-window-focus=true, is-clickable=false, is-enabled=true, is-focused=false, is-focusable=false, is-layout-requested=false, is-selected=false, layout-params=android.widget.LinearLayout$LayoutParams&#64;b55e6ad, tag=null, root-is-layout-requested=false, has-input-connection=false, x=26.0, y=26.0, text=List, input-type=0, ime-target=false, has-links=false}
|
+--------&gt;TextView{id=2130903061, res-name=text2, desc=text2, visibility=VISIBLE, width=109, height=64, has-focus=false, has-focusable=false, has-window-focus=true, is-clickable=false, is-enabled=true, is-focused=false, is-focusable=false, is-layout-requested=false, is-selected=false, layout-params=android.widget.LinearLayout$LayoutParams&#64;6aa1de2, tag=null, root-is-layout-requested=false, has-input-connection=false, x=971.0, y=35.0, text=(0/0), input-type=0, ime-target=false, has-links=false}
|
+-------&gt;LinearLayout{id=-1, visibility=VISIBLE, width=1080, height=130, has-focus=false, has-focusable=false, has-window-focus=true, is-clickable=false, is-enabled=true, is-focused=false, is-focusable=false, is-layout-requested=false, is-selected=false, layout-params=android.widget.AbsListView$LayoutParams&#64;a55c573, tag=null, root-is-layout-requested=false, has-input-connection=false, x=0.0, y=266.0, child-count=2} ****MATCHES****
|
+--------&gt;TextView{id=2130903060, res-name=text1, desc=Name, visibility=VISIBLE, width=945, height=78, has-focus=false, has-focusable=false, has-window-focus=true, is-clickable=false, is-enabled=true, is-focused=false, is-focusable=false, is-layout-requested=false, is-selected=false, layout-params=android.widget.LinearLayout$LayoutParams&#64;2a04c30, tag=null, root-is-layout-requested=false, has-input-connection=false, x=26.0, y=26.0, text=List, input-type=0, ime-target=false, has-links=false}
|
+--------&gt;TextView{id=2130903061, res-name=text2, desc=text2, visibility=VISIBLE, width=109, height=64, has-focus=false, has-focusable=false, has-window-focus=true, is-clickable=false, is-enabled=true, is-focused=false, is-focusable=false, is-layout-requested=false, is-selected=false, layout-params=android.widget.LinearLayout$LayoutParams&#64;29740a9, tag=null, root-is-layout-requested=false, has-input-connection=false, x=971.0, y=35.0, text=(0/0), input-type=0, ime-target=false, has-links=false}
|
+-------&gt;LinearLayout{id=-1, visibility=VISIBLE, width=1080, height=130, has-focus=false, has-focusable=false, has-window-focus=true, is-clickable=false, is-enabled=true, is-focused=false, is-focusable=false, is-layout-requested=false, is-selected=false, layout-params=android.widget.AbsListView$LayoutParams&#64;bd0362e, tag=null, root-is-layout-requested=false, has-input-connection=false, x=0.0, y=399.0, child-count=2} ****MATCHES****
|
+--------&gt;TextView{id=2130903060, res-name=text1, desc=Name, visibility=VISIBLE, width=945, height=78, has-focus=false, has-focusable=false, has-window-focus=true, is-clickable=false, is-enabled=true, is-focused=false, is-focusable=false, is-layout-requested=false, is-selected=false, layout-params=android.widget.LinearLayout$LayoutParams&#64;dbd45cf, tag=null, root-is-layout-requested=false, has-input-connection=false, x=26.0, y=26.0, text=List, input-type=0, ime-target=false, has-links=false}
|
+--------&gt;TextView{id=2130903061, res-name=text2, desc=text2, visibility=VISIBLE, width=109, height=64, has-focus=false, has-focusable=false, has-window-focus=true, is-clickable=false, is-enabled=true, is-focused=false, is-focusable=false, is-layout-requested=false, is-selected=false, layout-params=android.widget.LinearLayout$LayoutParams&#64;1f5fb5c, tag=null, root-is-layout-requested=false, has-input-connection=false, x=971.0, y=35.0, text=(0/0), input-type=0, ime-target=false, has-links=false}
|
+-------&gt;LinearLayout{id=-1, visibility=VISIBLE, width=1080, height=130, has-focus=false, has-focusable=false, has-window-focus=true, is-clickable=false, is-enabled=true, is-focused=false, is-focusable=false, is-layout-requested=false, is-selected=false, layout-params=android.widget.AbsListView$LayoutParams&#64;d7a3e65, tag=null, root-is-layout-requested=false, has-input-connection=false, x=0.0, y=532.0, child-count=2} ****MATCHES****
|
+--------&gt;TextView{id=2130903060, res-name=text1, desc=Name, visibility=VISIBLE, width=945, height=78, has-focus=false, has-focusable=false, has-window-focus=true, is-clickable=false, is-enabled=true, is-focused=false, is-focusable=false, is-layout-requested=false, is-selected=false, layout-params=android.widget.LinearLayout$LayoutParams&#64;32d873a, tag=null, root-is-layout-requested=false, has-input-connection=false, x=26.0, y=26.0, text=List, input-type=0, ime-target=false, has-links=false}
|
+--------&gt;TextView{id=2130903061, res-name=text2, desc=text2, visibility=VISIBLE, width=109, height=64, has-focus=false, has-focusable=false, has-window-focus=true, is-clickable=false, is-enabled=true, is-focused=false, is-focusable=false, is-layout-requested=false, is-selected=false, layout-params=android.widget.LinearLayout$LayoutParams&#64;a726feb, tag=null, root-is-layout-requested=false, has-input-connection=false, x=971.0, y=35.0, text=(2/5), input-type=0, ime-target=false, has-links=false}
|
+-------&gt;LinearLayout{id=-1, visibility=VISIBLE, width=1080, height=130, has-focus=false, has-focusable=false, has-window-focus=true, is-clickable=false, is-enabled=true, is-focused=false, is-focusable=false, is-layout-requested=false, is-selected=false, layout-params=android.widget.AbsListView$LayoutParams&#64;b957148, tag=null, root-is-layout-requested=false, has-input-connection=false, x=0.0, y=665.0, child-count=2} ****MATCHES****
|
+--------&gt;TextView{id=2130903060, res-name=text1, desc=Name, visibility=VISIBLE, width=945, height=78, has-focus=false, has-focusable=false, has-window-focus=true, is-clickable=false, is-enabled=true, is-focused=false, is-focusable=false, is-layout-requested=false, is-selected=false, layout-params=android.widget.LinearLayout$LayoutParams&#64;cd55be1, tag=null, root-is-layout-requested=false, has-input-connection=false, x=26.0, y=26.0, text=List, input-type=0, ime-target=false, has-links=false}
|
+--------&gt;TextView{id=2130903061, res-name=text2, desc=text2, visibility=VISIBLE, width=109, height=64, has-focus=false, has-focusable=false, has-window-focus=true, is-clickable=false, is-enabled=true, is-focused=false, is-focusable=false, is-layout-requested=false, is-selected=false, layout-params=android.widget.LinearLayout$LayoutParams&#64;9dcdd06, tag=null, root-is-layout-requested=false, has-input-connection=false, x=971.0, y=35.0, text=(0/1), input-type=0, ime-target=false, has-links=false}
|
+-------&gt;LinearLayout{id=-1, visibility=VISIBLE, width=1080, height=130, has-focus=false, has-focusable=false, has-window-focus=true, is-clickable=false, is-enabled=true, is-focused=false, is-focusable=false, is-layout-requested=false, is-selected=false, layout-params=android.widget.AbsListView$LayoutParams&#64;7061fc7, tag=null, root-is-layout-requested=false, has-input-connection=false, x=0.0, y=798.0, child-count=2} ****MATCHES****
|
+--------&gt;TextView{id=2130903060, res-name=text1, desc=Name, visibility=VISIBLE, width=945, height=78, has-focus=false, has-focusable=false, has-window-focus=true, is-clickable=false, is-enabled=true, is-focused=false, is-focusable=false, is-layout-requested=false, is-selected=false, layout-params=android.widget.LinearLayout$LayoutParams&#64;63459f4, tag=null, root-is-layout-requested=false, has-input-connection=false, x=26.0, y=26.0, text=List, input-type=0, ime-target=false, has-links=false}
|
+--------&gt;TextView{id=2130903061, res-name=text2, desc=text2, visibility=VISIBLE, width=109, height=64, has-focus=false, has-focusable=false, has-window-focus=true, is-clickable=false, is-enabled=true, is-focused=false, is-focusable=false, is-layout-requested=false, is-selected=false, layout-params=android.widget.LinearLayout$LayoutParams&#64;e6ad51d, tag=null, root-is-layout-requested=false, has-input-connection=false, x=971.0, y=35.0, text=(1/1), input-type=0, ime-target=false, has-links=false}
|
+-------&gt;LinearLayout{id=-1, visibility=VISIBLE, width=1080, height=130, has-focus=false, has-focusable=false, has-window-focus=true, is-clickable=false, is-enabled=true, is-focused=false, is-focusable=false, is-layout-requested=false, is-selected=false, layout-params=android.widget.AbsListView$LayoutParams&#64;1d9c392, tag=null, root-is-layout-requested=false, has-input-connection=false, x=0.0, y=931.0, child-count=2} ****MATCHES****
|
+--------&gt;TextView{id=2130903060, res-name=text1, desc=Name, visibility=VISIBLE, width=945, height=78, has-focus=false, has-focusable=false, has-window-focus=true, is-clickable=false, is-enabled=true, is-focused=false, is-focusable=false, is-layout-requested=false, is-selected=false, layout-params=android.widget.LinearLayout$LayoutParams&#64;83af163, tag=null, root-is-layout-requested=false, has-input-connection=false, x=26.0, y=26.0, text=List1, input-type=0, ime-target=false, has-links=false}
|
+--------&gt;TextView{id=2130903061, res-name=text2, desc=text2, visibility=VISIBLE, width=109, height=64, has-focus=false, has-focusable=false, has-window-focus=true, is-clickable=false, is-enabled=true, is-focused=false, is-focusable=false, is-layout-requested=false, is-selected=false, layout-params=android.widget.LinearLayout$LayoutParams&#64;c372160, tag=null, root-is-layout-requested=false, has-input-connection=false, x=971.0, y=35.0, text=(0/0), input-type=0, ime-target=false, has-links=false}
|
+-------&gt;LinearLayout{id=-1, visibility=VISIBLE, width=1080, height=130, has-focus=false, has-focusable=false, has-window-focus=true, is-clickable=false, is-enabled=true, is-focused=false, is-focusable=false, is-layout-requested=false, is-selected=false, layout-params=android.widget.AbsListView$LayoutParams&#64;fe4a619, tag=null, root-is-layout-requested=false, has-input-connection=false, x=0.0, y=1064.0, child-count=2} ****MATCHES****
|
+--------&gt;TextView{id=2130903060, res-name=text1, desc=Name, visibility=VISIBLE, width=945, height=78, has-focus=false, has-focusable=false, has-window-focus=true, is-clickable=false, is-enabled=true, is-focused=false, is-focusable=false, is-layout-requested=false, is-selected=false, layout-params=android.widget.LinearLayout$LayoutParams&#64;f4c86de, tag=null, root-is-layout-requested=false, has-input-connection=false, x=26.0, y=26.0, text=List2, input-type=0, ime-target=false, has-links=false}
|
+--------&gt;TextView{id=2130903061, res-name=text2, desc=text2, visibility=VISIBLE, width=109, height=64, has-focus=false, has-focusable=false, has-window-focus=true, is-clickable=false, is-enabled=true, is-focused=false, is-focusable=false, is-layout-requested=false, is-selected=false, layout-params=android.widget.LinearLayout$LayoutParams&#64;26140bf, tag=null, root-is-layout-requested=false, has-input-connection=false, x=971.0, y=35.0, text=(0/0), input-type=0, ime-target=false, has-links=false}
|
+-------&gt;LinearLayout{id=-1, visibility=VISIBLE, width=1080, height=130, has-focus=false, has-focusable=false, has-window-focus=true, is-clickable=false, is-enabled=true, is-focused=false, is-focusable=false, is-layout-requested=false, is-selected=false, layout-params=android.widget.AbsListView$LayoutParams&#64;7dcf38c, tag=null, root-is-layout-requested=false, has-input-connection=false, x=0.0, y=1197.0, child-count=2} ****MATCHES****
|
+--------&gt;TextView{id=2130903060, res-name=text1, desc=Name, visibility=VISIBLE, width=945, height=78, has-focus=false, has-focusable=false, has-window-focus=true, is-clickable=false, is-enabled=true, is-focused=false, is-focusable=false, is-layout-requested=false, is-selected=false, layout-params=android.widget.LinearLayout$LayoutParams&#64;5908ad5, tag=null, root-is-layout-requested=false, has-input-connection=false, x=26.0, y=26.0, text=List2, input-type=0, ime-target=false, has-links=false}
|
+--------&gt;TextView{id=2130903061, res-name=text2, desc=text2, visibility=VISIBLE, width=109, height=64, has-focus=false, has-focusable=false, has-window-focus=true, is-clickable=false, is-enabled=true, is-focused=false, is-focusable=false, is-layout-requested=false, is-selected=false, layout-params=android.widget.LinearLayout$LayoutParams&#64;e9632ea, tag=null, root-is-layout-requested=false, has-input-connection=false, x=971.0, y=35.0, text=(0/0), input-type=0, ime-target=false, has-links=false}
|
+-------&gt;LinearLayout{id=-1, visibility=VISIBLE, width=1080, height=130, has-focus=false, has-focusable=false, has-window-focus=true, is-clickable=false, is-enabled=true, is-focused=false, is-focusable=false, is-layout-requested=false, is-selected=false, layout-params=android.widget.AbsListView$LayoutParams&#64;47329db, tag=null, root-is-layout-requested=false, has-input-connection=false, x=0.0, y=1330.0, child-count=2} ****MATCHES****
|
+--------&gt;TextView{id=2130903060, res-name=text1, desc=Name, visibility=VISIBLE, width=945, height=78, has-focus=false, has-focusable=false, has-window-focus=true, is-clickable=false, is-enabled=true, is-focused=false, is-focusable=false, is-layout-requested=false, is-selected=false, layout-params=android.widget.LinearLayout$LayoutParams&#64;62bbc78, tag=null, root-is-layout-requested=false, has-input-connection=false, x=26.0, y=26.0, text=new, input-type=0, ime-target=false, has-links=false}
|
+--------&gt;TextView{id=2130903061, res-name=text2, desc=text2, visibility=VISIBLE, width=109, height=64, has-focus=false, has-focusable=false, has-window-focus=true, is-clickable=false, is-enabled=true, is-focused=false, is-focusable=false, is-layout-requested=false, is-selected=false, layout-params=android.widget.LinearLayout$LayoutParams&#64;dbff51, tag=null, root-is-layout-requested=false, has-input-connection=false, x=971.0, y=35.0, text=(0/0), input-type=0, ime-target=false, has-links=false}
|
+-----&gt;LinearLayout{id=2130903057, res-name=itemsView, visibility=GONE, width=0, height=0, has-focus=false, has-focusable=false, has-window-focus=true, is-clickable=false, is-enabled=true, is-focused=false, is-focusable=false, is-layout-requested=true, is-selected=false, layout-params=android.widget.FrameLayout$LayoutParams&#64;c9c2824, tag=null, root-is-layout-requested=false, has-input-connection=false, x=0.0, y=0.0, child-count=2}
|
+------&gt;LinearLayout{id=2130903048, res-name=LinearLayout01, visibility=VISIBLE, width=0, height=0, has-focus=false, has-focusable=true, has-window-focus=true, is-clickable=false, is-enabled=true, is-focused=false, is-focusable=false, is-layout-requested=true, is-selected=false, layout-params=android.widget.LinearLayout$LayoutParams&#64;87af953, tag=null, root-is-layout-requested=false, has-input-connection=false, x=0.0, y=0.0, child-count=2}
|
+-------&gt;EditText{id=2130903041, res-name=AddItemEditText, desc=addItemEditText, visibility=VISIBLE, width=0, height=0, has-focus=false, has-focusable=true, has-window-focus=true, is-clickable=true, is-enabled=true, is-focused=false, is-focusable=true, is-layout-requested=true, is-selected=false, layout-params=android.widget.LinearLayout$LayoutParams&#64;d85a290, tag=null, root-is-layout-requested=false, has-input-connection=true, editor-info=[inputType=0x31 imeOptions=0x8000006 privateImeOptions=null actionLabel=null actionId=0 initialSelStart=0 initialSelEnd=0 initialCapsMode=0x0 hintText=New Item Name label=null packageName=null fieldId=0 fieldName=null extras=null hintLocales=null contentMimeTypes=null ], x=0.0, y=0.0, text=, hint=New Item Name, input-type=49, ime-target=false, has-links=false}
|
+-------&gt;Button{id=2130903040, res-name=AddItemButton, desc=Add, visibility=VISIBLE, width=0, height=0, has-focus=false, has-focusable=true, has-window-focus=true, is-clickable=true, is-enabled=true, is-focused=false, is-focusable=true, is-layout-requested=true, is-selected=false, layout-params=android.widget.LinearLayout$LayoutParams&#64;4ce4789, tag=null, root-is-layout-requested=false, has-input-connection=false, x=0.0, y=0.0, text=Add, input-type=0, ime-target=false, has-links=false}
|
+------&gt;ListView{id=2130903047, res-name=ItemsListView, visibility=VISIBLE, width=0, height=0, has-focus=false, has-focusable=false, has-window-focus=true, is-clickable=true, is-enabled=true, is-focused=false, is-focusable=false, is-layout-requested=true, is-selected=false, layout-params=android.widget.LinearLayout$LayoutParams&#64;296638e, tag=null, root-is-layout-requested=false, has-input-connection=false, x=0.0, y=0.0, child-count=0}
|
+--&gt;ActionBarContainer{id=16908669, res-name=action_bar_container, visibility=VISIBLE, width=1080, height=147, has-focus=false, has-focusable=false, has-window-focus=true, is-clickable=false, is-enabled=true, is-focused=false, is-focusable=false, is-layout-requested=false, is-selected=false, layout-params=com.android.internal.widget.ActionBarOverlayLayout$LayoutParams&#64;8cad345, tag=null, root-is-layout-requested=false, has-input-connection=false, x=0.0, y=63.0, child-count=2}
|
+---&gt;Toolbar{id=16908668, res-name=action_bar, visibility=VISIBLE, width=1080, height=147, has-focus=false, has-focusable=false, has-window-focus=true, is-clickable=false, is-enabled=true, is-focused=false, is-focusable=false, is-layout-requested=false, is-selected=false, layout-params=android.widget.FrameLayout$LayoutParams&#64;7192a9a, tag=null, root-is-layout-requested=false, has-input-connection=false, x=0.0, y=0.0, child-count=2}
|
+----&gt;TextView{id=-1, visibility=VISIBLE, width=240, height=71, has-focus=false, has-focusable=false, has-window-focus=true, is-clickable=false, is-enabled=true, is-focused=false, is-focusable=false, is-layout-requested=false, is-selected=false, layout-params=android.widget.Toolbar$LayoutParams&#64;dce3fcb, tag=null, root-is-layout-requested=false, has-input-connection=false, x=42.0, y=38.0, text=Simply Do, input-type=0, ime-target=false, has-links=false}
|
+----&gt;ActionMenuView{id=-1, visibility=VISIBLE, width=105, height=147, has-focus=false, has-focusable=false, has-window-focus=true, is-clickable=false, is-enabled=true, is-focused=false, is-focusable=false, is-layout-requested=false, is-selected=false, layout-params=android.widget.Toolbar$LayoutParams&#64;44a5ec1, tag=null, root-is-layout-requested=false, has-input-connection=false, x=975.0, y=0.0, child-count=1}
|
+-----&gt;OverflowMenuButton{id=-1, desc=More options, visibility=VISIBLE, width=105, height=126, has-focus=false, has-focusable=false, has-window-focus=true, is-clickable=true, is-enabled=true, is-focused=false, is-focusable=true, is-layout-requested=false, is-selected=false, layout-params=android.widget.ActionMenuView$LayoutParams&#64;6cf5666, tag=null, root-is-layout-requested=false, has-input-connection=false, x=0.0, y=10.0}
|
+---&gt;ActionBarContextView{id=16908673, res-name=action_context_bar, visibility=GONE, width=0, height=0, has-focus=false, has-focusable=false, has-window-focus=true, is-clickable=false, is-enabled=true, is-focused=false, is-focusable=false, is-layout-requested=true, is-selected=false, layout-params=android.widget.FrameLayout$LayoutParams&#64;b7f0da7, tag=null, root-is-layout-requested=false, has-input-connection=false, x=0.0, y=0.0, child-count=0}
|
+-&gt;View{id=16908336, res-name=navigationBarBackground, visibility=VISIBLE, width=1080, height=126, has-focus=false, has-focusable=false, has-window-focus=true, is-clickable=false, is-enabled=true, is-focused=false, is-focusable=false, is-layout-requested=false, is-selected=false, layout-params=android.widget.FrameLayout$LayoutParams&#64;16be254, tag=null, root-is-layout-requested=false, has-input-connection=false, x=0.0, y=1794.0}
|
+-&gt;View{id=16908335, res-name=statusBarBackground, visibility=VISIBLE, width=1080, height=63, has-focus=false, has-focusable=false, has-window-focus=true, is-clickable=false, is-enabled=true, is-focused=false, is-focusable=false, is-layout-requested=false, is-selected=false, layout-params=android.widget.FrameLayout$LayoutParams&#64;add25fd, tag=null, root-is-layout-requested=false, has-input-connection=false, x=0.0, y=0.0}
|
at dalvik.system.VMStack.getThreadStackTrace(Native Method)
at java.lang.Thread.getStackTrace(Thread.java:1536)
at android.support.test.espresso.base.DefaultFailureHandler.getUserFriendlyError(DefaultFailureHandler.java:88)
at android.support.test.espresso.base.DefaultFailureHandler.handle(DefaultFailureHandler.java:51)
at android.support.test.espresso.ViewInteraction.waitForAndHandleInteractionResults(ViewInteraction.java:312)
at android.support.test.espresso.ViewInteraction.desugaredPerform(ViewInteraction.java:173)
at android.support.test.espresso.ViewInteraction.perform(ViewInteraction.java:114)
at kdk.android.simplydo.C2.SortItemsC2.sortItemsC2(SortItemsC2.java:50)
at java.lang.reflect.Method.invoke(Native Method)
at org.junit.runners.model.FrameworkMethod$1.runReflectiveCall(FrameworkMethod.java:50)
at org.junit.internal.runners.model.ReflectiveCallable.run(ReflectiveCallable.java:12)
at org.junit.runners.model.FrameworkMethod.invokeExplosively(FrameworkMethod.java:47)
at org.junit.internal.runners.statements.InvokeMethod.evaluate(InvokeMethod.java:17)
at android.support.test.rule.ActivityTestRule$ActivityStatement.evaluate(ActivityTestRule.java:527)
at org.junit.rules.RunRules.evaluate(RunRules.java:20)
at org.junit.runners.ParentRunner.runLeaf(ParentRunner.java:325)
at org.junit.runners.BlockJUnit4ClassRunner.runChild(BlockJUnit4ClassRunner.java:78)
at org.junit.runners.BlockJUnit4ClassRunner.runChild(BlockJUnit4ClassRunner.java:57)
at org.junit.runners.ParentRunner$3.run(ParentRunner.java:290)
at org.junit.runners.ParentRunner$1.schedule(ParentRunner.java:71)
at org.junit.runners.ParentRunner.runChildren(ParentRunner.java:288)
at org.junit.runners.ParentRunner.access$000(ParentRunner.java:58)
at org.junit.runners.ParentRunner$2.evaluate(ParentRunner.java:268)
at org.junit.runners.ParentRunner.run(ParentRunner.java:363)
at android.support.test.runner.AndroidJUnit4.run(AndroidJUnit4.java:101)
at org.junit.runners.Suite.runChild(Suite.java:128)
at org.junit.runners.Suite.runChild(Suite.java:27)
at org.junit.runners.ParentRunner$3.run(ParentRunner.java:290)
at org.junit.runners.ParentRunner$1.schedule(ParentRunner.java:71)
at org.junit.runners.ParentRunner.runChildren(ParentRunner.java:288)
at org.junit.runners.ParentRunner.access$000(ParentRunner.java:58)
at org.junit.runners.ParentRunner$2.evaluate(ParentRunner.java:268)
at org.junit.runners.ParentRunner.run(ParentRunner.java:363)
at org.junit.runner.JUnitCore.run(JUnitCore.java:137)
at org.junit.runner.JUnitCore.run(JUnitCore.java:115)
at android.support.test.internal.runner.TestExecutor.execute(TestExecutor.java:56)
at android.support.test.runner.AndroidJUnitRunner.onStart(AndroidJUnitRunner.java:384)
at android.app.Instrumentation$InstrumentationThread.run(Instrumentation.java:2074)
</failure>
  </testcase>
  <testcase name="addAssertC3" classname="kdk.android.simplydo.C3.AddAssertC3" time="0.895" />
  <testcase name="addItemC3" classname="kdk.android.simplydo.C3.AddItemC3" time="1.776" />
  <testcase name="changeSettingsC3" classname="kdk.android.simplydo.C3.ChangeSettingsC3" time="3.94" />
  <testcase name="checkItemC3" classname="kdk.android.simplydo.C3.CheckItemC3" time="2.257" />
  <testcase name="createListC3" classname="kdk.android.simplydo.C3.CreateListC3" time="1.361" />
  <testcase name="decoratorC3" classname="kdk.android.simplydo.C3.DecoratorC3" time="4.571" />
  <testcase name="deleteInactiveC3" classname="kdk.android.simplydo.C3.DeleteInactiveC3" time="3.095">
    <failure>android.support.test.espresso.NoMatchingViewException: No views in hierarchy found matching: (with id: kdk.android.simplydo:id/ListsListView and Child at position 1 in parent (with id: 2130903059 and Child at position 0 in parent (with id: 2130903049 and Child at position 0 in parent Child at position 0 in parent with id: 16908290)))
If the target view is not part of the view hierarchy, you may need to use Espresso.onData to load it from one of the following AdapterViews:android.widget.MenuPopupWindow$MenuDropDownListView{aebf750 VFED.VC.. .F...... 0,0-515,126}

View Hierarchy:
+&gt;PopupDecorView{id=-1, visibility=VISIBLE, width=515, height=126, has-focus=true, has-focusable=true, has-window-focus=true, is-clickable=false, is-enabled=true, is-focused=false, is-focusable=false, is-layout-requested=false, is-selected=false, layout-params=WM.LayoutParams{(555,73)(515x126) gr=#10800033 sim=#1 ty=1002 fl=#41860200 pfl=0x18000 fmt=-3 surfaceInsets=Rect(84, 84 - 84, 84) (manual) colorMode=0}, tag=null, root-is-layout-requested=false, has-input-connection=false, x=0.0, y=0.0, child-count=1}
|
+-&gt;PopupBackgroundView{id=-1, visibility=VISIBLE, width=515, height=126, has-focus=true, has-focusable=true, has-window-focus=true, is-clickable=false, is-enabled=true, is-focused=false, is-focusable=false, is-layout-requested=false, is-selected=false, layout-params=android.widget.FrameLayout$LayoutParams&#64;3b2dd49, tag=null, root-is-layout-requested=false, has-input-connection=false, x=0.0, y=0.0, child-count=1}
|
+--&gt;MenuDropDownListView{id=-1, visibility=VISIBLE, width=515, height=126, has-focus=true, has-focusable=true, has-window-focus=true, is-clickable=true, is-enabled=true, is-focused=true, is-focusable=true, is-layout-requested=false, is-selected=false, layout-params=android.widget.FrameLayout$LayoutParams&#64;b88c36f, tag=null, root-is-layout-requested=false, has-input-connection=false, x=0.0, y=0.0, child-count=1}
|
+---&gt;ListMenuItemView{id=-1, visibility=VISIBLE, width=515, height=126, has-focus=false, has-focusable=false, has-window-focus=true, is-clickable=false, is-enabled=true, is-focused=false, is-focusable=false, is-layout-requested=false, is-selected=false, layout-params=android.widget.AbsListView$LayoutParams&#64;b6ed95a, tag=null, root-is-layout-requested=false, has-input-connection=false, x=0.0, y=0.0, child-count=2}
|
+----&gt;RelativeLayout{id=-1, visibility=VISIBLE, width=431, height=57, has-focus=false, has-focusable=false, has-window-focus=true, is-clickable=false, is-enabled=true, is-focused=false, is-focusable=false, is-layout-requested=false, is-selected=false, layout-params=android.widget.LinearLayout$LayoutParams&#64;4f3ec81, tag=null, root-is-layout-requested=false, has-input-connection=false, x=42.0, y=34.0, child-count=2}
|
+-----&gt;TextView{id=16908310, res-name=title, visibility=VISIBLE, width=431, height=57, has-focus=false, has-focusable=false, has-window-focus=true, is-clickable=false, is-enabled=true, is-focused=false, is-focusable=false, is-layout-requested=false, is-selected=false, layout-params=android.widget.RelativeLayout$LayoutParams&#64;ab13126, tag=null, root-is-layout-requested=false, has-input-connection=false, x=0.0, y=0.0, text=Settings, input-type=0, ime-target=false, has-links=false}
|
+-----&gt;TextView{id=16909259, res-name=shortcut, visibility=GONE, width=0, height=0, has-focus=false, has-focusable=false, has-window-focus=true, is-clickable=false, is-enabled=true, is-focused=false, is-focusable=false, is-layout-requested=true, is-selected=false, layout-params=android.widget.RelativeLayout$LayoutParams&#64;3cfb167, tag=null, root-is-layout-requested=false, has-input-connection=false, x=0.0, y=0.0, text=, input-type=0, ime-target=false, has-links=false}
|
+----&gt;ImageView{id=16909319, res-name=submenuarrow, visibility=GONE, width=0, height=0, has-focus=false, has-focusable=false, has-window-focus=true, is-clickable=false, is-enabled=true, is-focused=false, is-focusable=false, is-layout-requested=true, is-selected=false, layout-params=android.widget.LinearLayout$LayoutParams&#64;4261b14, tag=null, root-is-layout-requested=false, has-input-connection=false, x=0.0, y=0.0}
|
at dalvik.system.VMStack.getThreadStackTrace(Native Method)
at java.lang.Thread.getStackTrace(Thread.java:1536)
at android.support.test.espresso.base.DefaultFailureHandler.getUserFriendlyError(DefaultFailureHandler.java:88)
at android.support.test.espresso.base.DefaultFailureHandler.handle(DefaultFailureHandler.java:51)
at android.support.test.espresso.ViewInteraction.waitForAndHandleInteractionResults(ViewInteraction.java:312)
at android.support.test.espresso.ViewInteraction.desugaredPerform(ViewInteraction.java:173)
at android.support.test.espresso.ViewInteraction.perform(ViewInteraction.java:114)
at android.support.test.espresso.DataInteraction$DisplayDataMatcher$1.apply(DataInteraction.java:213)
at android.support.test.espresso.DataInteraction$DisplayDataMatcher$1.apply(DataInteraction.java:210)
at android.support.test.espresso.DataInteraction$DisplayDataMatcher.&lt;init&gt;(DataInteraction.java:230)
at android.support.test.espresso.DataInteraction$DisplayDataMatcher.&lt;init&gt;(DataInteraction.java:205)
at android.support.test.espresso.DataInteraction$DisplayDataMatcher.displayDataMatcher(DataInteraction.java:248)
at android.support.test.espresso.DataInteraction.makeTargetMatcher(DataInteraction.java:150)
at android.support.test.espresso.DataInteraction.perform(DataInteraction.java:135)
at kdk.android.simplydo.C3.DeleteInactiveC3.deleteInactiveC3(DeleteInactiveC3.java:178)
at java.lang.reflect.Method.invoke(Native Method)
at org.junit.runners.model.FrameworkMethod$1.runReflectiveCall(FrameworkMethod.java:50)
at org.junit.internal.runners.model.ReflectiveCallable.run(ReflectiveCallable.java:12)
at org.junit.runners.model.FrameworkMethod.invokeExplosively(FrameworkMethod.java:47)
at org.junit.internal.runners.statements.InvokeMethod.evaluate(InvokeMethod.java:17)
at android.support.test.rule.ActivityTestRule$ActivityStatement.evaluate(ActivityTestRule.java:527)
at org.junit.rules.RunRules.evaluate(RunRules.java:20)
at org.junit.runners.ParentRunner.runLeaf(ParentRunner.java:325)
at org.junit.runners.BlockJUnit4ClassRunner.runChild(BlockJUnit4ClassRunner.java:78)
at org.junit.runners.BlockJUnit4ClassRunner.runChild(BlockJUnit4ClassRunner.java:57)
at org.junit.runners.ParentRunner$3.run(ParentRunner.java:290)
at org.junit.runners.ParentRunner$1.schedule(ParentRunner.java:71)
at org.junit.runners.ParentRunner.runChildren(ParentRunner.java:288)
at org.junit.runners.ParentRunner.access$000(ParentRunner.java:58)
at org.junit.runners.ParentRunner$2.evaluate(ParentRunner.java:268)
at org.junit.runners.ParentRunner.run(ParentRunner.java:363)
at android.support.test.runner.AndroidJUnit4.run(AndroidJUnit4.java:101)
at org.junit.runners.Suite.runChild(Suite.java:128)
at org.junit.runners.Suite.runChild(Suite.java:27)
at org.junit.runners.ParentRunner$3.run(ParentRunner.java:290)
at org.junit.runners.ParentRunner$1.schedule(ParentRunner.java:71)
at org.junit.runners.ParentRunner.runChildren(ParentRunner.java:288)
at org.junit.runners.ParentRunner.access$000(ParentRunner.java:58)
at org.junit.runners.ParentRunner$2.evaluate(ParentRunner.java:268)
at org.junit.runners.ParentRunner.run(ParentRunner.java:363)
at org.junit.runner.JUnitCore.run(JUnitCore.java:137)
at org.junit.runner.JUnitCore.run(JUnitCore.java:115)
at android.support.test.internal.runner.TestExecutor.execute(TestExecutor.java:56)
at android.support.test.runner.AndroidJUnitRunner.onStart(AndroidJUnitRunner.java:384)
at android.app.Instrumentation$InstrumentationThread.run(Instrumentation.java:2074)
</failure>
  </testcase>
  <testcase name="itemAssertC3" classname="kdk.android.simplydo.C3.ItemAssertC3" time="1.878">
    <failure>android.support.test.espresso.NoMatchingViewException: No views in hierarchy found matching: (with id: kdk.android.simplydo:id/AddItemButton and with content description: is "Add" and Child at position 1 in parent (with id: kdk.android.simplydo:id/LinearLayout01 and Child at position 0 in parent (with id: kdk.android.simplydo:id/itemsView and Child at position 0 in parent (with id: kdk.android.simplydo:id/ListsItemsSwitcher and Child at position 0 in parent Child at position 0 in parent with id: android:id/content))) and is displayed on the screen to the user)
If the target view is not part of the view hierarchy, you may need to use Espresso.onData to load it from one of the following AdapterViews:android.widget.ListView{46003a5 VFED.VCL. ......I. 0,126-1080,1584 #7f03000a app:id/ListsListView}
- android.widget.ListView{f349519 VFED.VCL. ........ 0,126-1080,1187 #7f030007 app:id/ItemsListView}

View Hierarchy:
+&gt;DecorView{id=-1, visibility=VISIBLE, width=1080, height=1920, has-focus=true, has-focusable=true, has-window-focus=true, is-clickable=false, is-enabled=true, is-focused=false, is-focusable=false, is-layout-requested=false, is-selected=false, layout-params=WM.LayoutParams{(0,0)(fillxfill) sim=#3 ty=1 fl=#81810100 pfl=0x20000 wanim=0x10302f6 needsMenuKey=2 colorMode=0}, tag=null, root-is-layout-requested=false, has-input-connection=false, x=0.0, y=0.0, child-count=3}
|
+-&gt;ActionBarOverlayLayout{id=16908822, res-name=decor_content_parent, visibility=VISIBLE, width=1080, height=1794, has-focus=true, has-focusable=true, has-window-focus=true, is-clickable=false, is-enabled=true, is-focused=false, is-focusable=false, is-layout-requested=false, is-selected=false, layout-params=android.widget.FrameLayout$LayoutParams&#64;29aedc1, tag=null, root-is-layout-requested=false, has-input-connection=false, x=0.0, y=0.0, child-count=2}
|
+--&gt;FrameLayout{id=16908290, res-name=content, visibility=VISIBLE, width=1080, height=1584, has-focus=true, has-focusable=true, has-window-focus=true, is-clickable=false, is-enabled=true, is-focused=false, is-focusable=false, is-layout-requested=false, is-selected=false, layout-params=com.android.internal.widget.ActionBarOverlayLayout$LayoutParams&#64;e8fb4a7, tag=null, root-is-layout-requested=false, has-input-connection=false, x=0.0, y=210.0, child-count=1}
|
+---&gt;LinearLayout{id=-1, visibility=VISIBLE, width=1080, height=1584, has-focus=true, has-focusable=true, has-window-focus=true, is-clickable=false, is-enabled=true, is-focused=false, is-focusable=false, is-layout-requested=false, is-selected=false, layout-params=android.widget.FrameLayout$LayoutParams&#64;f27a4fd, tag=null, root-is-layout-requested=false, has-input-connection=false, x=0.0, y=0.0, child-count=1}
|
+----&gt;ViewSwitcher{id=2130903049, res-name=ListsItemsSwitcher, visibility=VISIBLE, width=1080, height=1584, has-focus=true, has-focusable=true, has-window-focus=true, is-clickable=false, is-enabled=true, is-focused=false, is-focusable=false, is-layout-requested=false, is-selected=false, layout-params=android.widget.LinearLayout$LayoutParams&#64;abe9ac0, tag=null, root-is-layout-requested=false, has-input-connection=false, x=0.0, y=0.0, child-count=2}
|
+-----&gt;LinearLayout{id=2130903059, res-name=listsView, visibility=GONE, width=1080, height=1584, has-focus=false, has-focusable=false, has-window-focus=true, is-clickable=false, is-enabled=true, is-focused=false, is-focusable=false, is-layout-requested=true, is-selected=false, layout-params=android.widget.FrameLayout$LayoutParams&#64;6ce93f9, tag=null, root-is-layout-requested=false, has-input-connection=false, x=0.0, y=0.0, child-count=2}
|
+------&gt;LinearLayout{id=2130903048, res-name=LinearLayout01, visibility=VISIBLE, width=1080, height=126, has-focus=false, has-focusable=true, has-window-focus=true, is-clickable=false, is-enabled=true, is-focused=false, is-focusable=false, is-layout-requested=false, is-selected=false, layout-params=android.widget.LinearLayout$LayoutParams&#64;2a10f3e, tag=null, root-is-layout-requested=false, has-input-connection=false, x=0.0, y=0.0, child-count=2}
|
+-------&gt;EditText{id=2130903043, res-name=AddListEditText, desc=addlistedittext, visibility=VISIBLE, width=849, height=126, has-focus=false, has-focusable=true, has-window-focus=true, is-clickable=true, is-enabled=true, is-focused=false, is-focusable=true, is-layout-requested=false, is-selected=false, layout-params=android.widget.LinearLayout$LayoutParams&#64;91ae14a, tag=null, root-is-layout-requested=false, has-input-connection=true, editor-info=[inputType=0x31 imeOptions=0xc000006 privateImeOptions=null actionLabel=null actionId=0 initialSelStart=0 initialSelEnd=0 initialCapsMode=0x0 hintText=New List Name label=null packageName=null fieldId=0 fieldName=null extras=null hintLocales=null contentMimeTypes=null ], x=0.0, y=0.0, text=, hint=New List Name, input-type=49, ime-target=false, has-links=false}
|
+-------&gt;Button{id=2130903042, res-name=AddListButton, desc=Add, visibility=VISIBLE, width=231, height=126, has-focus=false, has-focusable=true, has-window-focus=true, is-clickable=true, is-enabled=true, is-focused=false, is-focusable=true, is-layout-requested=false, is-selected=false, layout-params=android.widget.LinearLayout$LayoutParams&#64;a52a8bb, tag=null, root-is-layout-requested=false, has-input-connection=false, x=849.0, y=0.0, text=Add, input-type=0, ime-target=false, has-links=false}
|
+------&gt;ListView{id=2130903050, res-name=ListsListView, visibility=VISIBLE, width=1080, height=1458, has-focus=false, has-focusable=true, has-window-focus=true, is-clickable=true, is-enabled=true, is-focused=false, is-focusable=true, is-layout-requested=true, is-selected=false, layout-params=android.widget.LinearLayout$LayoutParams&#64;3d01d8, tag=null, root-is-layout-requested=false, has-input-connection=false, x=0.0, y=126.0, child-count=11}
|
+-------&gt;LinearLayout{id=-1, visibility=VISIBLE, width=1080, height=130, has-focus=false, has-focusable=false, has-window-focus=true, is-clickable=false, is-enabled=true, is-focused=false, is-focusable=false, is-layout-requested=false, is-selected=false, layout-params=android.widget.AbsListView$LayoutParams&#64;599c931, tag=null, root-is-layout-requested=false, has-input-connection=false, x=0.0, y=0.0, child-count=2}
|
+--------&gt;TextView{id=2130903060, res-name=text1, desc=Name, visibility=VISIBLE, width=945, height=78, has-focus=false, has-focusable=false, has-window-focus=true, is-clickable=false, is-enabled=true, is-focused=false, is-focusable=false, is-layout-requested=false, is-selected=false, layout-params=android.widget.LinearLayout$LayoutParams&#64;aadc816, tag=null, root-is-layout-requested=false, has-input-connection=false, x=26.0, y=26.0, text=list, input-type=0, ime-target=false, has-links=false}
|
+--------&gt;TextView{id=2130903061, res-name=text2, desc=text2, visibility=VISIBLE, width=109, height=64, has-focus=false, has-focusable=false, has-window-focus=true, is-clickable=false, is-enabled=true, is-focused=false, is-focusable=false, is-layout-requested=false, is-selected=false, layout-params=android.widget.LinearLayout$LayoutParams&#64;5f91597, tag=null, root-is-layout-requested=false, has-input-connection=false, x=971.0, y=35.0, text=(4/7), input-type=0, ime-target=false, has-links=false}
|
+-------&gt;LinearLayout{id=-1, visibility=VISIBLE, width=1080, height=130, has-focus=false, has-focusable=false, has-window-focus=true, is-clickable=false, is-enabled=true, is-focused=false, is-focusable=false, is-layout-requested=false, is-selected=false, layout-params=android.widget.AbsListView$LayoutParams&#64;96c6384, tag=null, root-is-layout-requested=false, has-input-connection=false, x=0.0, y=133.0, child-count=2}
|
+--------&gt;TextView{id=2130903060, res-name=text1, desc=Name, visibility=VISIBLE, width=945, height=78, has-focus=false, has-focusable=false, has-window-focus=true, is-clickable=false, is-enabled=true, is-focused=false, is-focusable=false, is-layout-requested=false, is-selected=false, layout-params=android.widget.LinearLayout$LayoutParams&#64;590c76d, tag=null, root-is-layout-requested=false, has-input-connection=false, x=26.0, y=26.0, text=List, input-type=0, ime-target=false, has-links=false}
|
+--------&gt;TextView{id=2130903061, res-name=text2, desc=text2, visibility=VISIBLE, width=109, height=64, has-focus=false, has-focusable=false, has-window-focus=true, is-clickable=false, is-enabled=true, is-focused=false, is-focusable=false, is-layout-requested=false, is-selected=false, layout-params=android.widget.LinearLayout$LayoutParams&#64;6b64fa2, tag=null, root-is-layout-requested=false, has-input-connection=false, x=971.0, y=35.0, text=(0/0), input-type=0, ime-target=false, has-links=false}
|
+-------&gt;LinearLayout{id=-1, visibility=VISIBLE, width=1080, height=130, has-focus=false, has-focusable=false, has-window-focus=true, is-clickable=false, is-enabled=true, is-focused=false, is-focusable=false, is-layout-requested=false, is-selected=false, layout-params=android.widget.AbsListView$LayoutParams&#64;12f7433, tag=null, root-is-layout-requested=false, has-input-connection=false, x=0.0, y=266.0, child-count=2}
|
+--------&gt;TextView{id=2130903060, res-name=text1, desc=Name, visibility=VISIBLE, width=945, height=78, has-focus=false, has-focusable=false, has-window-focus=true, is-clickable=false, is-enabled=true, is-focused=false, is-focusable=false, is-layout-requested=false, is-selected=false, layout-params=android.widget.LinearLayout$LayoutParams&#64;90e33f0, tag=null, root-is-layout-requested=false, has-input-connection=false, x=26.0, y=26.0, text=List, input-type=0, ime-target=false, has-links=false}
|
+--------&gt;TextView{id=2130903061, res-name=text2, desc=text2, visibility=VISIBLE, width=109, height=64, has-focus=false, has-focusable=false, has-window-focus=true, is-clickable=false, is-enabled=true, is-focused=false, is-focusable=false, is-layout-requested=false, is-selected=false, layout-params=android.widget.LinearLayout$LayoutParams&#64;a7f6d69, tag=null, root-is-layout-requested=false, has-input-connection=false, x=971.0, y=35.0, text=(0/0), input-type=0, ime-target=false, has-links=false}
|
+-------&gt;LinearLayout{id=-1, visibility=VISIBLE, width=1080, height=130, has-focus=false, has-focusable=false, has-window-focus=true, is-clickable=false, is-enabled=true, is-focused=false, is-focusable=false, is-layout-requested=false, is-selected=false, layout-params=android.widget.AbsListView$LayoutParams&#64;3cdc3ee, tag=null, root-is-layout-requested=false, has-input-connection=false, x=0.0, y=399.0, child-count=2}
|
+--------&gt;TextView{id=2130903060, res-name=text1, desc=Name, visibility=VISIBLE, width=945, height=78, has-focus=false, has-focusable=false, has-window-focus=true, is-clickable=false, is-enabled=true, is-focused=false, is-focusable=false, is-layout-requested=false, is-selected=false, layout-params=android.widget.LinearLayout$LayoutParams&#64;863208f, tag=null, root-is-layout-requested=false, has-input-connection=false, x=26.0, y=26.0, text=List, input-type=0, ime-target=false, has-links=false}
|
+--------&gt;TextView{id=2130903061, res-name=text2, desc=text2, visibility=VISIBLE, width=109, height=64, has-focus=false, has-focusable=false, has-window-focus=true, is-clickable=false, is-enabled=true, is-focused=false, is-focusable=false, is-layout-requested=false, is-selected=false, layout-params=android.widget.LinearLayout$LayoutParams&#64;3ba9f1c, tag=null, root-is-layout-requested=false, has-input-connection=false, x=971.0, y=35.0, text=(0/0), input-type=0, ime-target=false, has-links=false}
|
+-------&gt;LinearLayout{id=-1, visibility=VISIBLE, width=1080, height=130, has-focus=false, has-focusable=false, has-window-focus=true, is-clickable=false, is-enabled=true, is-focused=false, is-focusable=false, is-layout-requested=false, is-selected=false, layout-params=android.widget.AbsListView$LayoutParams&#64;e987725, tag=null, root-is-layout-requested=false, has-input-connection=false, x=0.0, y=532.0, child-count=2}
|
+--------&gt;TextView{id=2130903060, res-name=text1, desc=Name, visibility=VISIBLE, width=945, height=78, has-focus=false, has-focusable=false, has-window-focus=true, is-clickable=false, is-enabled=true, is-focused=false, is-focusable=false, is-layout-requested=false, is-selected=false, layout-params=android.widget.LinearLayout$LayoutParams&#64;6d630fa, tag=null, root-is-layout-requested=false, has-input-connection=false, x=26.0, y=26.0, text=List, input-type=0, ime-target=false, has-links=false}
|
+--------&gt;TextView{id=2130903061, res-name=text2, desc=text2, visibility=VISIBLE, width=109, height=64, has-focus=false, has-focusable=false, has-window-focus=true, is-clickable=false, is-enabled=true, is-focused=false, is-focusable=false, is-layout-requested=false, is-selected=false, layout-params=android.widget.LinearLayout$LayoutParams&#64;77b36ab, tag=null, root-is-layout-requested=false, has-input-connection=false, x=971.0, y=35.0, text=(0/0), input-type=0, ime-target=false, has-links=false}
|
+-------&gt;LinearLayout{id=-1, visibility=VISIBLE, width=1080, height=130, has-focus=false, has-focusable=false, has-window-focus=true, is-clickable=false, is-enabled=true, is-focused=false, is-focusable=false, is-layout-requested=false, is-selected=false, layout-params=android.widget.AbsListView$LayoutParams&#64;d609108, tag=null, root-is-layout-requested=false, has-input-connection=false, x=0.0, y=665.0, child-count=2}
|
+--------&gt;TextView{id=2130903060, res-name=text1, desc=Name, visibility=VISIBLE, width=945, height=78, has-focus=false, has-focusable=false, has-window-focus=true, is-clickable=false, is-enabled=true, is-focused=false, is-focusable=false, is-layout-requested=false, is-selected=false, layout-params=android.widget.LinearLayout$LayoutParams&#64;27e60a1, tag=null, root-is-layout-requested=false, has-input-connection=false, x=26.0, y=26.0, text=List, input-type=0, ime-target=false, has-links=false}
|
+--------&gt;TextView{id=2130903061, res-name=text2, desc=text2, visibility=VISIBLE, width=109, height=64, has-focus=false, has-focusable=false, has-window-focus=true, is-clickable=false, is-enabled=true, is-focused=false, is-focusable=false, is-layout-requested=false, is-selected=false, layout-params=android.widget.LinearLayout$LayoutParams&#64;ec662c6, tag=null, root-is-layout-requested=false, has-input-connection=false, x=971.0, y=35.0, text=(0/0), input-type=0, ime-target=false, has-links=false}
|
+-------&gt;LinearLayout{id=-1, visibility=VISIBLE, width=1080, height=130, has-focus=false, has-focusable=false, has-window-focus=true, is-clickable=false, is-enabled=true, is-focused=false, is-focusable=false, is-layout-requested=false, is-selected=false, layout-params=android.widget.AbsListView$LayoutParams&#64;7b49287, tag=null, root-is-layout-requested=false, has-input-connection=false, x=0.0, y=798.0, child-count=2}
|
+--------&gt;TextView{id=2130903060, res-name=text1, desc=Name, visibility=VISIBLE, width=945, height=78, has-focus=false, has-focusable=false, has-window-focus=true, is-clickable=false, is-enabled=true, is-focused=false, is-focusable=false, is-layout-requested=false, is-selected=false, layout-params=android.widget.LinearLayout$LayoutParams&#64;7f1b5b4, tag=null, root-is-layout-requested=false, has-input-connection=false, x=26.0, y=26.0, text=List, input-type=0, ime-target=false, has-links=false}
|
+--------&gt;TextView{id=2130903061, res-name=text2, desc=text2, visibility=VISIBLE, width=109, height=64, has-focus=false, has-focusable=false, has-window-focus=true, is-clickable=false, is-enabled=true, is-focused=false, is-focusable=false, is-layout-requested=false, is-selected=false, layout-params=android.widget.LinearLayout$LayoutParams&#64;47f65dd, tag=null, root-is-layout-requested=false, has-input-connection=false, x=971.0, y=35.0, text=(0/0), input-type=0, ime-target=false, has-links=false}
|
+-------&gt;LinearLayout{id=-1, visibility=VISIBLE, width=1080, height=130, has-focus=false, has-focusable=false, has-window-focus=true, is-clickable=false, is-enabled=true, is-focused=false, is-focusable=false, is-layout-requested=false, is-selected=false, layout-params=android.widget.AbsListView$LayoutParams&#64;135e552, tag=null, root-is-layout-requested=false, has-input-connection=false, x=0.0, y=931.0, child-count=2}
|
+--------&gt;TextView{id=2130903060, res-name=text1, desc=Name, visibility=VISIBLE, width=945, height=78, has-focus=false, has-focusable=false, has-window-focus=true, is-clickable=false, is-enabled=true, is-focused=false, is-focusable=false, is-layout-requested=false, is-selected=false, layout-params=android.widget.LinearLayout$LayoutParams&#64;f3dd023, tag=null, root-is-layout-requested=false, has-input-connection=false, x=26.0, y=26.0, text=List, input-type=0, ime-target=false, has-links=false}
|
+--------&gt;TextView{id=2130903061, res-name=text2, desc=text2, visibility=VISIBLE, width=109, height=64, has-focus=false, has-focusable=false, has-window-focus=true, is-clickable=false, is-enabled=true, is-focused=false, is-focusable=false, is-layout-requested=false, is-selected=false, layout-params=android.widget.LinearLayout$LayoutParams&#64;ce7920, tag=null, root-is-layout-requested=false, has-input-connection=false, x=971.0, y=35.0, text=(2/5), input-type=0, ime-target=false, has-links=false}
|
+-------&gt;LinearLayout{id=-1, visibility=VISIBLE, width=1080, height=130, has-focus=false, has-focusable=false, has-window-focus=true, is-clickable=false, is-enabled=true, is-focused=false, is-focusable=false, is-layout-requested=false, is-selected=false, layout-params=android.widget.AbsListView$LayoutParams&#64;f9182d9, tag=null, root-is-layout-requested=false, has-input-connection=false, x=0.0, y=1064.0, child-count=2}
|
+--------&gt;TextView{id=2130903060, res-name=text1, desc=Name, visibility=VISIBLE, width=945, height=78, has-focus=false, has-focusable=false, has-window-focus=true, is-clickable=false, is-enabled=true, is-focused=false, is-focusable=false, is-layout-requested=false, is-selected=false, layout-params=android.widget.LinearLayout$LayoutParams&#64;3a9049e, tag=null, root-is-layout-requested=false, has-input-connection=false, x=26.0, y=26.0, text=List, input-type=0, ime-target=false, has-links=false}
|
+--------&gt;TextView{id=2130903061, res-name=text2, desc=text2, visibility=VISIBLE, width=109, height=64, has-focus=false, has-focusable=false, has-window-focus=true, is-clickable=false, is-enabled=true, is-focused=false, is-focusable=false, is-layout-requested=false, is-selected=false, layout-params=android.widget.LinearLayout$LayoutParams&#64;e934b7f, tag=null, root-is-layout-requested=false, has-input-connection=false, x=971.0, y=35.0, text=(0/1), input-type=0, ime-target=false, has-links=false}
|
+-------&gt;LinearLayout{id=-1, visibility=VISIBLE, width=1080, height=130, has-focus=false, has-focusable=false, has-window-focus=true, is-clickable=false, is-enabled=true, is-focused=false, is-focusable=false, is-layout-requested=false, is-selected=false, layout-params=android.widget.AbsListView$LayoutParams&#64;8f2074c, tag=null, root-is-layout-requested=false, has-input-connection=false, x=0.0, y=1197.0, child-count=2}
|
+--------&gt;TextView{id=2130903060, res-name=text1, desc=Name, visibility=VISIBLE, width=945, height=78, has-focus=false, has-focusable=false, has-window-focus=true, is-clickable=false, is-enabled=true, is-focused=false, is-focusable=false, is-layout-requested=false, is-selected=false, layout-params=android.widget.LinearLayout$LayoutParams&#64;e0e7395, tag=null, root-is-layout-requested=false, has-input-connection=false, x=26.0, y=26.0, text=List, input-type=0, ime-target=false, has-links=false}
|
+--------&gt;TextView{id=2130903061, res-name=text2, desc=text2, visibility=VISIBLE, width=109, height=64, has-focus=false, has-focusable=false, has-window-focus=true, is-clickable=false, is-enabled=true, is-focused=false, is-focusable=false, is-layout-requested=false, is-selected=false, layout-params=android.widget.LinearLayout$LayoutParams&#64;d9cccaa, tag=null, root-is-layout-requested=false, has-input-connection=false, x=971.0, y=35.0, text=(1/1), input-type=0, ime-target=false, has-links=false}
|
+-------&gt;LinearLayout{id=-1, visibility=VISIBLE, width=1080, height=130, has-focus=false, has-focusable=false, has-window-focus=true, is-clickable=false, is-enabled=true, is-focused=false, is-focusable=false, is-layout-requested=false, is-selected=false, layout-params=android.widget.AbsListView$LayoutParams&#64;79b209b, tag=null, root-is-layout-requested=false, has-input-connection=false, x=0.0, y=1330.0, child-count=2}
|
+--------&gt;TextView{id=2130903060, res-name=text1, desc=Name, visibility=VISIBLE, width=945, height=78, has-focus=false, has-focusable=false, has-window-focus=true, is-clickable=false, is-enabled=true, is-focused=false, is-focusable=false, is-layout-requested=false, is-selected=false, layout-params=android.widget.LinearLayout$LayoutParams&#64;3de4c38, tag=null, root-is-layout-requested=false, has-input-connection=false, x=26.0, y=26.0, text=List1, input-type=0, ime-target=false, has-links=false}
|
+--------&gt;TextView{id=2130903061, res-name=text2, desc=text2, visibility=VISIBLE, width=109, height=64, has-focus=false, has-focusable=false, has-window-focus=true, is-clickable=false, is-enabled=true, is-focused=false, is-focusable=false, is-layout-requested=false, is-selected=false, layout-params=android.widget.LinearLayout$LayoutParams&#64;c2fb411, tag=null, root-is-layout-requested=false, has-input-connection=false, x=971.0, y=35.0, text=(0/0), input-type=0, ime-target=false, has-links=false}
|
+-----&gt;LinearLayout{id=2130903057, res-name=itemsView, visibility=VISIBLE, width=1080, height=1187, has-focus=true, has-focusable=true, has-window-focus=true, is-clickable=false, is-enabled=true, is-focused=false, is-focusable=false, is-layout-requested=false, is-selected=false, layout-params=android.widget.FrameLayout$LayoutParams&#64;f530976, tag=null, root-is-layout-requested=false, has-input-connection=false, x=0.0, y=0.0, child-count=2}
|
+------&gt;LinearLayout{id=2130903048, res-name=LinearLayout01, visibility=VISIBLE, width=1080, height=126, has-focus=true, has-focusable=true, has-window-focus=true, is-clickable=false, is-enabled=true, is-focused=false, is-focusable=false, is-layout-requested=false, is-selected=false, layout-params=android.widget.LinearLayout$LayoutParams&#64;a812b77, tag=null, root-is-layout-requested=false, has-input-connection=false, x=0.0, y=0.0, child-count=2}
|
+-------&gt;EditText{id=2130903041, res-name=AddItemEditText, desc=addItemEditText, visibility=VISIBLE, width=849, height=118, has-focus=true, has-focusable=true, has-window-focus=true, is-clickable=true, is-enabled=true, is-focused=true, is-focusable=true, is-layout-requested=false, is-selected=false, layout-params=android.widget.LinearLayout$LayoutParams&#64;947f3e4, tag=null, root-is-layout-requested=false, has-input-connection=true, editor-info=[inputType=0x31 imeOptions=0x8000006 privateImeOptions=null actionLabel=null actionId=0 initialSelStart=0 initialSelEnd=0 initialCapsMode=0x0 hintText=New Item Name label=null packageName=null fieldId=0 fieldName=null extras=null hintLocales=null contentMimeTypes=null ], x=0.0, y=1.0, text=, hint=New Item Name, input-type=49, ime-target=true, has-links=false}
|
+-------&gt;Button{id=2130903040, res-name=AddItemButton, desc=Add, visibility=VISIBLE, width=231, height=126, has-focus=false, has-focusable=true, has-window-focus=true, is-clickable=true, is-enabled=true, is-focused=false, is-focusable=true, is-layout-requested=false, is-selected=false, layout-params=android.widget.LinearLayout$LayoutParams&#64;64a804d, tag=null, root-is-layout-requested=false, has-input-connection=false, x=849.0, y=0.0, text=Add, input-type=0, ime-target=false, has-links=false}
|
+------&gt;ListView{id=2130903047, res-name=ItemsListView, visibility=VISIBLE, width=1080, height=1061, has-focus=false, has-focusable=true, has-window-focus=true, is-clickable=true, is-enabled=true, is-focused=false, is-focusable=true, is-layout-requested=false, is-selected=false, layout-params=android.widget.LinearLayout$LayoutParams&#64;95e4702, tag=null, root-is-layout-requested=false, has-input-connection=false, x=0.0, y=126.0, child-count=8}
|
+-------&gt;LinearLayout{id=-1, visibility=VISIBLE, width=1080, height=130, has-focus=false, has-focusable=false, has-window-focus=true, is-clickable=false, is-enabled=true, is-focused=false, is-focusable=false, is-layout-requested=false, is-selected=false, layout-params=android.widget.AbsListView$LayoutParams&#64;5826a50, tag=null, root-is-layout-requested=false, has-input-connection=false, x=0.0, y=0.0, child-count=3}
|
+--------&gt;View{id=2130903052, res-name=SortedMarker, visibility=VISIBLE, width=5, height=130, has-focus=false, has-focusable=false, has-window-focus=true, is-clickable=false, is-enabled=true, is-focused=false, is-focusable=false, is-layout-requested=false, is-selected=false, layout-params=android.widget.LinearLayout$LayoutParams&#64;ecbd449, tag=null, root-is-layout-requested=false, has-input-connection=false, x=0.0, y=0.0}
|
+--------&gt;TextView{id=2130903055, res-name=ieText1, desc=ieText1, visibility=VISIBLE, width=1007, height=130, has-focus=false, has-focusable=false, has-window-focus=true, is-clickable=false, is-enabled=true, is-focused=false, is-focusable=false, is-layout-requested=false, is-selected=false, layout-params=android.widget.LinearLayout$LayoutParams&#64;edd14e, tag=null, root-is-layout-requested=false, has-input-connection=false, x=5.0, y=0.0, text=item, input-type=0, ime-target=false, has-links=false}
|
+--------&gt;ImageSwitcher{id=2130903054, res-name=StarSwitcher, desc=StarSwitcher, visibility=INVISIBLE, width=68, height=115, has-focus=false, has-focusable=false, has-window-focus=true, is-clickable=false, is-enabled=true, is-focused=false, is-focusable=false, is-layout-requested=false, is-selected=false, layout-params=android.widget.LinearLayout$LayoutParams&#64;7f46c05, tag=null, root-is-layout-requested=false, has-input-connection=false, x=1012.0, y=0.0, child-count=2}
|
+---------&gt;ImageView{id=2130903053, res-name=StarImage, desc=starImage, visibility=VISIBLE, width=63, height=63, has-focus=false, has-focusable=false, has-window-focus=true, is-clickable=false, is-enabled=true, is-focused=false, is-focusable=false, is-layout-requested=false, is-selected=false, layout-params=android.widget.FrameLayout$LayoutParams&#64;cd9b45a, tag=null, root-is-layout-requested=false, has-input-connection=false, x=0.0, y=26.0}
|
+---------&gt;ImageView{id=2130903046, res-name=InactiveStarImage, visibility=GONE, width=0, height=0, has-focus=false, has-focusable=false, has-window-focus=true, is-clickable=false, is-enabled=true, is-focused=false, is-focusable=false, is-layout-requested=true, is-selected=false, layout-params=android.widget.FrameLayout$LayoutParams&#64;541668b, tag=null, root-is-layout-requested=false, has-input-connection=false, x=0.0, y=0.0}
|
+-------&gt;LinearLayout{id=-1, visibility=VISIBLE, width=1080, height=130, has-focus=false, has-focusable=false, has-window-focus=true, is-clickable=false, is-enabled=true, is-focused=false, is-focusable=false, is-layout-requested=false, is-selected=false, layout-params=android.widget.AbsListView$LayoutParams&#64;2dde067, tag=null, root-is-layout-requested=false, has-input-connection=false, x=0.0, y=133.0, child-count=3}
|
+--------&gt;View{id=2130903052, res-name=SortedMarker, visibility=INVISIBLE, width=5, height=130, has-focus=false, has-focusable=false, has-window-focus=true, is-clickable=false, is-enabled=true, is-focused=false, is-focusable=false, is-layout-requested=false, is-selected=false, layout-params=android.widget.LinearLayout$LayoutParams&#64;9821e14, tag=null, root-is-layout-requested=false, has-input-connection=false, x=0.0, y=0.0}
|
+--------&gt;TextView{id=2130903055, res-name=ieText1, desc=ieText1, visibility=VISIBLE, width=1007, height=130, has-focus=false, has-focusable=false, has-window-focus=true, is-clickable=false, is-enabled=true, is-focused=false, is-focusable=false, is-layout-requested=false, is-selected=false, layout-params=android.widget.LinearLayout$LayoutParams&#64;90916bd, tag=null, root-is-layout-requested=false, has-input-connection=false, x=5.0, y=0.0, text=A, input-type=0, ime-target=false, has-links=false}
|
+--------&gt;ImageSwitcher{id=2130903054, res-name=StarSwitcher, desc=StarSwitcher, visibility=INVISIBLE, width=68, height=115, has-focus=false, has-focusable=false, has-window-focus=true, is-clickable=false, is-enabled=true, is-focused=false, is-focusable=false, is-layout-requested=false, is-selected=false, layout-params=android.widget.LinearLayout$LayoutParams&#64;16d0780, tag=null, root-is-layout-requested=false, has-input-connection=false, x=1012.0, y=0.0, child-count=2}
|
+---------&gt;ImageView{id=2130903053, res-name=StarImage, desc=starImage, visibility=VISIBLE, width=63, height=63, has-focus=false, has-focusable=false, has-window-focus=true, is-clickable=false, is-enabled=true, is-focused=false, is-focusable=false, is-layout-requested=false, is-selected=false, layout-params=android.widget.FrameLayout$LayoutParams&#64;b561b9, tag=null, root-is-layout-requested=false, has-input-connection=false, x=0.0, y=26.0}
|
+---------&gt;ImageView{id=2130903046, res-name=InactiveStarImage, visibility=GONE, width=0, height=0, has-focus=false, has-focusable=false, has-window-focus=true, is-clickable=false, is-enabled=true, is-focused=false, is-focusable=false, is-layout-requested=true, is-selected=false, layout-params=android.widget.FrameLayout$LayoutParams&#64;f1729fe, tag=null, root-is-layout-requested=false, has-input-connection=false, x=0.0, y=0.0}
|
+-------&gt;LinearLayout{id=-1, visibility=VISIBLE, width=1080, height=130, has-focus=false, has-focusable=false, has-window-focus=true, is-clickable=false, is-enabled=true, is-focused=false, is-focusable=false, is-layout-requested=false, is-selected=false, layout-params=android.widget.AbsListView$LayoutParams&#64;4b7e80a, tag=null, root-is-layout-requested=false, has-input-connection=false, x=0.0, y=266.0, child-count=3}
|
+--------&gt;View{id=2130903052, res-name=SortedMarker, visibility=INVISIBLE, width=5, height=130, has-focus=false, has-focusable=false, has-window-focus=true, is-clickable=false, is-enabled=true, is-focused=false, is-focusable=false, is-layout-requested=false, is-selected=false, layout-params=android.widget.LinearLayout$LayoutParams&#64;cbd087b, tag=null, root-is-layout-requested=false, has-input-connection=false, x=0.0, y=0.0}
|
+--------&gt;TextView{id=2130903055, res-name=ieText1, desc=ieText1, visibility=VISIBLE, width=1007, height=130, has-focus=false, has-focusable=false, has-window-focus=true, is-clickable=false, is-enabled=true, is-focused=false, is-focusable=false, is-layout-requested=false, is-selected=false, layout-params=android.widget.LinearLayout$LayoutParams&#64;f344698, tag=null, root-is-layout-requested=false, has-input-connection=false, x=5.0, y=0.0, text=B, input-type=0, ime-target=false, has-links=false}
|
+--------&gt;ImageSwitcher{id=2130903054, res-name=StarSwitcher, desc=StarSwitcher, visibility=INVISIBLE, width=68, height=115, has-focus=false, has-focusable=false, has-window-focus=true, is-clickable=false, is-enabled=true, is-focused=false, is-focusable=false, is-layout-requested=false, is-selected=false, layout-params=android.widget.LinearLayout$LayoutParams&#64;309b157, tag=null, root-is-layout-requested=false, has-input-connection=false, x=1012.0, y=0.0, child-count=2}
|
+---------&gt;ImageView{id=2130903053, res-name=StarImage, desc=starImage, visibility=VISIBLE, width=63, height=63, has-focus=false, has-focusable=false, has-window-focus=true, is-clickable=false, is-enabled=true, is-focused=false, is-focusable=false, is-layout-requested=false, is-selected=false, layout-params=android.widget.FrameLayout$LayoutParams&#64;f733444, tag=null, root-is-layout-requested=false, has-input-connection=false, x=0.0, y=26.0}
|
+---------&gt;ImageView{id=2130903046, res-name=InactiveStarImage, visibility=GONE, width=0, height=0, has-focus=false, has-focusable=false, has-window-focus=true, is-clickable=false, is-enabled=true, is-focused=false, is-focusable=false, is-layout-requested=true, is-selected=false, layout-params=android.widget.FrameLayout$LayoutParams&#64;e92292d, tag=null, root-is-layout-requested=false, has-input-connection=false, x=0.0, y=0.0}
|
+-------&gt;LinearLayout{id=-1, visibility=VISIBLE, width=1080, height=130, has-focus=false, has-focusable=false, has-window-focus=true, is-clickable=false, is-enabled=true, is-focused=false, is-focusable=false, is-layout-requested=false, is-selected=false, layout-params=android.widget.AbsListView$LayoutParams&#64;d952b29, tag=null, root-is-layout-requested=false, has-input-connection=false, x=0.0, y=399.0, child-count=3}
|
+--------&gt;View{id=2130903052, res-name=SortedMarker, visibility=INVISIBLE, width=5, height=130, has-focus
</failure>
  </testcase>
  <testcase name="multipleListC3" classname="kdk.android.simplydo.C3.MultipleListC3" time="3.6" />
  <testcase name="sortItemsC3" classname="kdk.android.simplydo.C3.SortItemsC3" time="3.859" />
  <testcase name="addAssertC4" classname="kdk.android.simplydo.C4.AddAssertC4" time="0.775" />
  <testcase name="addItemC4" classname="kdk.android.simplydo.C4.AddItemC4" time="1.754" />
  <testcase name="changeSettingsC4" classname="kdk.android.simplydo.C4.ChangeSettingsC4" time="3.995" />
  <testcase name="checkItemC4" classname="kdk.android.simplydo.C4.CheckItemC4" time="2.107" />
  <testcase name="createListsC4" classname="kdk.android.simplydo.C4.CreateListsC4" time="1.075" />
  <testcase name="decoratorC4" classname="kdk.android.simplydo.C4.DecoratorC4" time="4.114" />
  <testcase name="deleteInactiveC4" classname="kdk.android.simplydo.C4.DeleteInactiveC4" time="3.024">
    <failure>android.support.test.espresso.NoMatchingViewException: No views in hierarchy found matching: (with id: kdk.android.simplydo:id/ListsListView and Child at position 1 in parent with id: 2130903059)
If the target view is not part of the view hierarchy, you may need to use Espresso.onData to load it from one of the following AdapterViews:android.widget.MenuPopupWindow$MenuDropDownListView{557726e VFED.VC.. .F...... 0,0-515,126}

View Hierarchy:
+&gt;PopupDecorView{id=-1, visibility=VISIBLE, width=515, height=126, has-focus=true, has-focusable=true, has-window-focus=true, is-clickable=false, is-enabled=true, is-focused=false, is-focusable=false, is-layout-requested=false, is-selected=false, layout-params=WM.LayoutParams{(555,73)(515x126) gr=#10800033 sim=#1 ty=1002 fl=#41860200 pfl=0x18000 fmt=-3 surfaceInsets=Rect(84, 84 - 84, 84) (manual) colorMode=0}, tag=null, root-is-layout-requested=false, has-input-connection=false, x=0.0, y=0.0, child-count=1}
|
+-&gt;PopupBackgroundView{id=-1, visibility=VISIBLE, width=515, height=126, has-focus=true, has-focusable=true, has-window-focus=true, is-clickable=false, is-enabled=true, is-focused=false, is-focusable=false, is-layout-requested=false, is-selected=false, layout-params=android.widget.FrameLayout$LayoutParams&#64;a2d6d0f, tag=null, root-is-layout-requested=false, has-input-connection=false, x=0.0, y=0.0, child-count=1}
|
+--&gt;MenuDropDownListView{id=-1, visibility=VISIBLE, width=515, height=126, has-focus=true, has-focusable=true, has-window-focus=true, is-clickable=true, is-enabled=true, is-focused=true, is-focusable=true, is-layout-requested=false, is-selected=false, layout-params=android.widget.FrameLayout$LayoutParams&#64;596d7a5, tag=null, root-is-layout-requested=false, has-input-connection=false, x=0.0, y=0.0, child-count=1}
|
+---&gt;ListMenuItemView{id=-1, visibility=VISIBLE, width=515, height=126, has-focus=false, has-focusable=false, has-window-focus=true, is-clickable=false, is-enabled=true, is-focused=false, is-focusable=false, is-layout-requested=false, is-selected=false, layout-params=android.widget.AbsListView$LayoutParams&#64;c98cb88, tag=null, root-is-layout-requested=false, has-input-connection=false, x=0.0, y=0.0, child-count=2}
|
+----&gt;RelativeLayout{id=-1, visibility=VISIBLE, width=431, height=57, has-focus=false, has-focusable=false, has-window-focus=true, is-clickable=false, is-enabled=true, is-focused=false, is-focusable=false, is-layout-requested=false, is-selected=false, layout-params=android.widget.LinearLayout$LayoutParams&#64;5ebef07, tag=null, root-is-layout-requested=false, has-input-connection=false, x=42.0, y=34.0, child-count=2}
|
+-----&gt;TextView{id=16908310, res-name=title, visibility=VISIBLE, width=431, height=57, has-focus=false, has-focusable=false, has-window-focus=true, is-clickable=false, is-enabled=true, is-focused=false, is-focusable=false, is-layout-requested=false, is-selected=false, layout-params=android.widget.RelativeLayout$LayoutParams&#64;eb31834, tag=null, root-is-layout-requested=false, has-input-connection=false, x=0.0, y=0.0, text=Settings, input-type=0, ime-target=false, has-links=false}
|
+-----&gt;TextView{id=16909259, res-name=shortcut, visibility=GONE, width=0, height=0, has-focus=false, has-focusable=false, has-window-focus=true, is-clickable=false, is-enabled=true, is-focused=false, is-focusable=false, is-layout-requested=true, is-selected=false, layout-params=android.widget.RelativeLayout$LayoutParams&#64;fd9565d, tag=null, root-is-layout-requested=false, has-input-connection=false, x=0.0, y=0.0, text=, input-type=0, ime-target=false, has-links=false}
|
+----&gt;ImageView{id=16909319, res-name=submenuarrow, visibility=GONE, width=0, height=0, has-focus=false, has-focusable=false, has-window-focus=true, is-clickable=false, is-enabled=true, is-focused=false, is-focusable=false, is-layout-requested=true, is-selected=false, layout-params=android.widget.LinearLayout$LayoutParams&#64;c84bd2, tag=null, root-is-layout-requested=false, has-input-connection=false, x=0.0, y=0.0}
|
at dalvik.system.VMStack.getThreadStackTrace(Native Method)
at java.lang.Thread.getStackTrace(Thread.java:1536)
at android.support.test.espresso.base.DefaultFailureHandler.getUserFriendlyError(DefaultFailureHandler.java:88)
at android.support.test.espresso.base.DefaultFailureHandler.handle(DefaultFailureHandler.java:51)
at android.support.test.espresso.ViewInteraction.waitForAndHandleInteractionResults(ViewInteraction.java:312)
at android.support.test.espresso.ViewInteraction.desugaredPerform(ViewInteraction.java:173)
at android.support.test.espresso.ViewInteraction.perform(ViewInteraction.java:114)
at android.support.test.espresso.DataInteraction$DisplayDataMatcher$1.apply(DataInteraction.java:213)
at android.support.test.espresso.DataInteraction$DisplayDataMatcher$1.apply(DataInteraction.java:210)
at android.support.test.espresso.DataInteraction$DisplayDataMatcher.&lt;init&gt;(DataInteraction.java:230)
at android.support.test.espresso.DataInteraction$DisplayDataMatcher.&lt;init&gt;(DataInteraction.java:205)
at android.support.test.espresso.DataInteraction$DisplayDataMatcher.displayDataMatcher(DataInteraction.java:248)
at android.support.test.espresso.DataInteraction.makeTargetMatcher(DataInteraction.java:150)
at android.support.test.espresso.DataInteraction.perform(DataInteraction.java:135)
at kdk.android.simplydo.C4.DeleteInactiveC4.deleteInactiveC4(DeleteInactiveC4.java:121)
at java.lang.reflect.Method.invoke(Native Method)
at org.junit.runners.model.FrameworkMethod$1.runReflectiveCall(FrameworkMethod.java:50)
at org.junit.internal.runners.model.ReflectiveCallable.run(ReflectiveCallable.java:12)
at org.junit.runners.model.FrameworkMethod.invokeExplosively(FrameworkMethod.java:47)
at org.junit.internal.runners.statements.InvokeMethod.evaluate(InvokeMethod.java:17)
at android.support.test.rule.ActivityTestRule$ActivityStatement.evaluate(ActivityTestRule.java:527)
at org.junit.rules.RunRules.evaluate(RunRules.java:20)
at org.junit.runners.ParentRunner.runLeaf(ParentRunner.java:325)
at org.junit.runners.BlockJUnit4ClassRunner.runChild(BlockJUnit4ClassRunner.java:78)
at org.junit.runners.BlockJUnit4ClassRunner.runChild(BlockJUnit4ClassRunner.java:57)
at org.junit.runners.ParentRunner$3.run(ParentRunner.java:290)
at org.junit.runners.ParentRunner$1.schedule(ParentRunner.java:71)
at org.junit.runners.ParentRunner.runChildren(ParentRunner.java:288)
at org.junit.runners.ParentRunner.access$000(ParentRunner.java:58)
at org.junit.runners.ParentRunner$2.evaluate(ParentRunner.java:268)
at org.junit.runners.ParentRunner.run(ParentRunner.java:363)
at android.support.test.runner.AndroidJUnit4.run(AndroidJUnit4.java:101)
at org.junit.runners.Suite.runChild(Suite.java:128)
at org.junit.runners.Suite.runChild(Suite.java:27)
at org.junit.runners.ParentRunner$3.run(ParentRunner.java:290)
at org.junit.runners.ParentRunner$1.schedule(ParentRunner.java:71)
at org.junit.runners.ParentRunner.runChildren(ParentRunner.java:288)
at org.junit.runners.ParentRunner.access$000(ParentRunner.java:58)
at org.junit.runners.ParentRunner$2.evaluate(ParentRunner.java:268)
at org.junit.runners.ParentRunner.run(ParentRunner.java:363)
at org.junit.runner.JUnitCore.run(JUnitCore.java:137)
at org.junit.runner.JUnitCore.run(JUnitCore.java:115)
at android.support.test.internal.runner.TestExecutor.execute(TestExecutor.java:56)
at android.support.test.runner.AndroidJUnitRunner.onStart(AndroidJUnitRunner.java:384)
at android.app.Instrumentation$InstrumentationThread.run(Instrumentation.java:2074)
</failure>
  </testcase>
  <testcase name="itemAssertC4" classname="kdk.android.simplydo.C4.ItemAssertC4" time="1.815" />
  <testcase name="multipleListC4" classname="kdk.android.simplydo.C4.MultipleListC4" time="3.721" />
  <testcase name="sortItemsC4" classname="kdk.android.simplydo.C4.SortItemsC4" time="3.989" />
  <testcase name="addAssertC5" classname="kdk.android.simplydo.C5.AddAssertC5" time="0.838" />
  <testcase name="addItemC5" classname="kdk.android.simplydo.C5.AddItemC5" time="1.836" />
  <testcase name="changeSettingsC5" classname="kdk.android.simplydo.C5.ChangeSettingsC5" time="4.009" />
  <testcase name="checkItemC5" classname="kdk.android.simplydo.C5.CheckItemC5" time="2.076" />
  <testcase name="createListC5" classname="kdk.android.simplydo.C5.CreateListC5" time="1.057" />
  <testcase name="decoratorC5" classname="kdk.android.simplydo.C5.DecoratorC5" time="4.366" />
  <testcase name="deleteInactiveC5" classname="kdk.android.simplydo.C5.DeleteInactiveC5" time="3.137">
    <failure>android.support.test.espresso.NoMatchingViewException: No views in hierarchy found matching: (with id: kdk.android.simplydo:id/ListsListView and Child at position 1 in parent (with id: 2130903059 and Child at position 0 in parent (with id: 2130903049 and Child at position 0 in parent Child at position 0 in parent with id: 16908290)))
If the target view is not part of the view hierarchy, you may need to use Espresso.onData to load it from one of the following AdapterViews:android.widget.MenuPopupWindow$MenuDropDownListView{45d93a8 VFED.VC.. .F...... 0,0-515,126}

View Hierarchy:
+&gt;PopupDecorView{id=-1, visibility=VISIBLE, width=515, height=126, has-focus=true, has-focusable=true, has-window-focus=true, is-clickable=false, is-enabled=true, is-focused=false, is-focusable=false, is-layout-requested=false, is-selected=false, layout-params=WM.LayoutParams{(555,73)(515x126) gr=#10800033 sim=#1 ty=1002 fl=#41860200 pfl=0x18000 fmt=-3 surfaceInsets=Rect(84, 84 - 84, 84) (manual) colorMode=0}, tag=null, root-is-layout-requested=false, has-input-connection=false, x=0.0, y=0.0, child-count=1}
|
+-&gt;PopupBackgroundView{id=-1, visibility=VISIBLE, width=515, height=126, has-focus=true, has-focusable=true, has-window-focus=true, is-clickable=false, is-enabled=true, is-focused=false, is-focusable=false, is-layout-requested=false, is-selected=false, layout-params=android.widget.FrameLayout$LayoutParams&#64;ac53ec1, tag=null, root-is-layout-requested=false, has-input-connection=false, x=0.0, y=0.0, child-count=1}
|
+--&gt;MenuDropDownListView{id=-1, visibility=VISIBLE, width=515, height=126, has-focus=true, has-focusable=true, has-window-focus=true, is-clickable=true, is-enabled=true, is-focused=true, is-focusable=true, is-layout-requested=false, is-selected=false, layout-params=android.widget.FrameLayout$LayoutParams&#64;ea4eda7, tag=null, root-is-layout-requested=false, has-input-connection=false, x=0.0, y=0.0, child-count=1}
|
+---&gt;ListMenuItemView{id=-1, visibility=VISIBLE, width=515, height=126, has-focus=false, has-focusable=false, has-window-focus=true, is-clickable=false, is-enabled=true, is-focused=false, is-focusable=false, is-layout-requested=false, is-selected=false, layout-params=android.widget.AbsListView$LayoutParams&#64;ab1d2f2, tag=null, root-is-layout-requested=false, has-input-connection=false, x=0.0, y=0.0, child-count=2}
|
+----&gt;RelativeLayout{id=-1, visibility=VISIBLE, width=431, height=57, has-focus=false, has-focusable=false, has-window-focus=true, is-clickable=false, is-enabled=true, is-focused=false, is-focusable=false, is-layout-requested=false, is-selected=false, layout-params=android.widget.LinearLayout$LayoutParams&#64;dd204f9, tag=null, root-is-layout-requested=false, has-input-connection=false, x=42.0, y=34.0, child-count=2}
|
+-----&gt;TextView{id=16908310, res-name=title, visibility=VISIBLE, width=431, height=57, has-focus=false, has-focusable=false, has-window-focus=true, is-clickable=false, is-enabled=true, is-focused=false, is-focusable=false, is-layout-requested=false, is-selected=false, layout-params=android.widget.RelativeLayout$LayoutParams&#64;1862c3e, tag=null, root-is-layout-requested=false, has-input-connection=false, x=0.0, y=0.0, text=Settings, input-type=0, ime-target=false, has-links=false}
|
+-----&gt;TextView{id=16909259, res-name=shortcut, visibility=GONE, width=0, height=0, has-focus=false, has-focusable=false, has-window-focus=true, is-clickable=false, is-enabled=true, is-focused=false, is-focusable=false, is-layout-requested=true, is-selected=false, layout-params=android.widget.RelativeLayout$LayoutParams&#64;d8fea9f, tag=null, root-is-layout-requested=false, has-input-connection=false, x=0.0, y=0.0, text=, input-type=0, ime-target=false, has-links=false}
|
+----&gt;ImageView{id=16909319, res-name=submenuarrow, visibility=GONE, width=0, height=0, has-focus=false, has-focusable=false, has-window-focus=true, is-clickable=false, is-enabled=true, is-focused=false, is-focusable=false, is-layout-requested=true, is-selected=false, layout-params=android.widget.LinearLayout$LayoutParams&#64;5bd87ec, tag=null, root-is-layout-requested=false, has-input-connection=false, x=0.0, y=0.0}
|
at dalvik.system.VMStack.getThreadStackTrace(Native Method)
at java.lang.Thread.getStackTrace(Thread.java:1536)
at android.support.test.espresso.base.DefaultFailureHandler.getUserFriendlyError(DefaultFailureHandler.java:88)
at android.support.test.espresso.base.DefaultFailureHandler.handle(DefaultFailureHandler.java:51)
at android.support.test.espresso.ViewInteraction.waitForAndHandleInteractionResults(ViewInteraction.java:312)
at android.support.test.espresso.ViewInteraction.desugaredPerform(ViewInteraction.java:173)
at android.support.test.espresso.ViewInteraction.perform(ViewInteraction.java:114)
at android.support.test.espresso.DataInteraction$DisplayDataMatcher$1.apply(DataInteraction.java:213)
at android.support.test.espresso.DataInteraction$DisplayDataMatcher$1.apply(DataInteraction.java:210)
at android.support.test.espresso.DataInteraction$DisplayDataMatcher.&lt;init&gt;(DataInteraction.java:230)
at android.support.test.espresso.DataInteraction$DisplayDataMatcher.&lt;init&gt;(DataInteraction.java:205)
at android.support.test.espresso.DataInteraction$DisplayDataMatcher.displayDataMatcher(DataInteraction.java:248)
at android.support.test.espresso.DataInteraction.makeTargetMatcher(DataInteraction.java:150)
at android.support.test.espresso.DataInteraction.perform(DataInteraction.java:135)
at kdk.android.simplydo.C5.DeleteInactiveC5.deleteInactiveC5(DeleteInactiveC5.java:178)
at java.lang.reflect.Method.invoke(Native Method)
at org.junit.runners.model.FrameworkMethod$1.runReflectiveCall(FrameworkMethod.java:50)
at org.junit.internal.runners.model.ReflectiveCallable.run(ReflectiveCallable.java:12)
at org.junit.runners.model.FrameworkMethod.invokeExplosively(FrameworkMethod.java:47)
at org.junit.internal.runners.statements.InvokeMethod.evaluate(InvokeMethod.java:17)
at android.support.test.rule.ActivityTestRule$ActivityStatement.evaluate(ActivityTestRule.java:527)
at org.junit.rules.RunRules.evaluate(RunRules.java:20)
at org.junit.runners.ParentRunner.runLeaf(ParentRunner.java:325)
at org.junit.runners.BlockJUnit4ClassRunner.runChild(BlockJUnit4ClassRunner.java:78)
at org.junit.runners.BlockJUnit4ClassRunner.runChild(BlockJUnit4ClassRunner.java:57)
at org.junit.runners.ParentRunner$3.run(ParentRunner.java:290)
at org.junit.runners.ParentRunner$1.schedule(ParentRunner.java:71)
at org.junit.runners.ParentRunner.runChildren(ParentRunner.java:288)
at org.junit.runners.ParentRunner.access$000(ParentRunner.java:58)
at org.junit.runners.ParentRunner$2.evaluate(ParentRunner.java:268)
at org.junit.runners.ParentRunner.run(ParentRunner.java:363)
at android.support.test.runner.AndroidJUnit4.run(AndroidJUnit4.java:101)
at org.junit.runners.Suite.runChild(Suite.java:128)
at org.junit.runners.Suite.runChild(Suite.java:27)
at org.junit.runners.ParentRunner$3.run(ParentRunner.java:290)
at org.junit.runners.ParentRunner$1.schedule(ParentRunner.java:71)
at org.junit.runners.ParentRunner.runChildren(ParentRunner.java:288)
at org.junit.runners.ParentRunner.access$000(ParentRunner.java:58)
at org.junit.runners.ParentRunner$2.evaluate(ParentRunner.java:268)
at org.junit.runners.ParentRunner.run(ParentRunner.java:363)
at org.junit.runner.JUnitCore.run(JUnitCore.java:137)
at org.junit.runner.JUnitCore.run(JUnitCore.java:115)
at android.support.test.internal.runner.TestExecutor.execute(TestExecutor.java:56)
at android.support.test.runner.AndroidJUnitRunner.onStart(AndroidJUnitRunner.java:384)
at android.app.Instrumentation$InstrumentationThread.run(Instrumentation.java:2074)
</failure>
  </testcase>
  <testcase name="itemAssertC5" classname="kdk.android.simplydo.C5.ItemAssertC5" time="2.035">
    <failure>android.support.test.espresso.NoMatchingViewException: No views in hierarchy found matching: (with id: kdk.android.simplydo:id/AddItemButton and Child at position 1 in parent (with id: kdk.android.simplydo:id/LinearLayout01 and Child at position 0 in parent (with id: kdk.android.simplydo:id/itemsView and Child at position 0 in parent (with id: kdk.android.simplydo:id/ListsItemsSwitcher and Child at position 0 in parent Child at position 0 in parent with id: android:id/content))) and is displayed on the screen to the user)
If the target view is not part of the view hierarchy, you may need to use Espresso.onData to load it from one of the following AdapterViews:android.widget.ListView{cb5e761 VFED.VCL. ......I. 0,126-1080,1584 #7f03000a app:id/ListsListView}
- android.widget.ListView{3cf0ab8 VFED.VCL. ........ 0,126-1080,1187 #7f030007 app:id/ItemsListView}

View Hierarchy:
+&gt;DecorView{id=-1, visibility=VISIBLE, width=1080, height=1920, has-focus=true, has-focusable=true, has-window-focus=true, is-clickable=false, is-enabled=true, is-focused=false, is-focusable=false, is-layout-requested=false, is-selected=false, layout-params=WM.LayoutParams{(0,0)(fillxfill) sim=#3 ty=1 fl=#81810100 pfl=0x20000 wanim=0x10302f6 needsMenuKey=2 colorMode=0}, tag=null, root-is-layout-requested=false, has-input-connection=false, x=0.0, y=0.0, child-count=3}
|
+-&gt;ActionBarOverlayLayout{id=16908822, res-name=decor_content_parent, visibility=VISIBLE, width=1080, height=1794, has-focus=true, has-focusable=true, has-window-focus=true, is-clickable=false, is-enabled=true, is-focused=false, is-focusable=false, is-layout-requested=false, is-selected=false, layout-params=android.widget.FrameLayout$LayoutParams&#64;5c7b600, tag=null, root-is-layout-requested=false, has-input-connection=false, x=0.0, y=0.0, child-count=2}
|
+--&gt;FrameLayout{id=16908290, res-name=content, visibility=VISIBLE, width=1080, height=1584, has-focus=true, has-focusable=true, has-window-focus=true, is-clickable=false, is-enabled=true, is-focused=false, is-focusable=false, is-layout-requested=false, is-selected=false, layout-params=com.android.internal.widget.ActionBarOverlayLayout$LayoutParams&#64;241bc7e, tag=null, root-is-layout-requested=false, has-input-connection=false, x=0.0, y=210.0, child-count=1}
|
+---&gt;LinearLayout{id=-1, visibility=VISIBLE, width=1080, height=1584, has-focus=true, has-focusable=true, has-window-focus=true, is-clickable=false, is-enabled=true, is-focused=false, is-focusable=false, is-layout-requested=false, is-selected=false, layout-params=android.widget.FrameLayout$LayoutParams&#64;ff2322c, tag=null, root-is-layout-requested=false, has-input-connection=false, x=0.0, y=0.0, child-count=1}
|
+----&gt;ViewSwitcher{id=2130903049, res-name=ListsItemsSwitcher, visibility=VISIBLE, width=1080, height=1584, has-focus=true, has-focusable=true, has-window-focus=true, is-clickable=false, is-enabled=true, is-focused=false, is-focusable=false, is-layout-requested=false, is-selected=false, layout-params=android.widget.LinearLayout$LayoutParams&#64;995f0fb, tag=null, root-is-layout-requested=false, has-input-connection=false, x=0.0, y=0.0, child-count=2}
|
+-----&gt;LinearLayout{id=2130903059, res-name=listsView, visibility=GONE, width=1080, height=1584, has-focus=false, has-focusable=false, has-window-focus=true, is-clickable=false, is-enabled=true, is-focused=false, is-focusable=false, is-layout-requested=true, is-selected=false, layout-params=android.widget.FrameLayout$LayoutParams&#64;1664518, tag=null, root-is-layout-requested=false, has-input-connection=false, x=0.0, y=0.0, child-count=2}
|
+------&gt;LinearLayout{id=2130903048, res-name=LinearLayout01, visibility=VISIBLE, width=1080, height=126, has-focus=false, has-focusable=true, has-window-focus=true, is-clickable=false, is-enabled=true, is-focused=false, is-focusable=false, is-layout-requested=false, is-selected=false, layout-params=android.widget.LinearLayout$LayoutParams&#64;a28eb71, tag=null, root-is-layout-requested=false, has-input-connection=false, x=0.0, y=0.0, child-count=2}
|
+-------&gt;EditText{id=2130903043, res-name=AddListEditText, desc=addlistedittext, visibility=VISIBLE, width=849, height=126, has-focus=false, has-focusable=true, has-window-focus=true, is-clickable=true, is-enabled=true, is-focused=false, is-focusable=true, is-layout-requested=false, is-selected=false, layout-params=android.widget.LinearLayout$LayoutParams&#64;28fcdad, tag=null, root-is-layout-requested=false, has-input-connection=true, editor-info=[inputType=0x31 imeOptions=0xc000006 privateImeOptions=null actionLabel=null actionId=0 initialSelStart=0 initialSelEnd=0 initialCapsMode=0x0 hintText=New List Name label=null packageName=null fieldId=0 fieldName=null extras=null hintLocales=null contentMimeTypes=null ], x=0.0, y=0.0, text=, hint=New List Name, input-type=49, ime-target=false, has-links=false}
|
+-------&gt;Button{id=2130903042, res-name=AddListButton, desc=Add, visibility=VISIBLE, width=231, height=126, has-focus=false, has-focusable=true, has-window-focus=true, is-clickable=true, is-enabled=true, is-focused=false, is-focusable=true, is-layout-requested=false, is-selected=false, layout-params=android.widget.LinearLayout$LayoutParams&#64;8b378e2, tag=null, root-is-layout-requested=false, has-input-connection=false, x=849.0, y=0.0, text=Add, input-type=0, ime-target=false, has-links=false}
|
+------&gt;ListView{id=2130903050, res-name=ListsListView, visibility=VISIBLE, width=1080, height=1458, has-focus=false, has-focusable=true, has-window-focus=true, is-clickable=true, is-enabled=true, is-focused=false, is-focusable=true, is-layout-requested=true, is-selected=false, layout-params=android.widget.LinearLayout$LayoutParams&#64;40b8473, tag=null, root-is-layout-requested=false, has-input-connection=false, x=0.0, y=126.0, child-count=11}
|
+-------&gt;LinearLayout{id=-1, visibility=VISIBLE, width=1080, height=130, has-focus=false, has-focusable=false, has-window-focus=true, is-clickable=false, is-enabled=true, is-focused=false, is-focusable=false, is-layout-requested=false, is-selected=false, layout-params=android.widget.AbsListView$LayoutParams&#64;f349f30, tag=null, root-is-layout-requested=false, has-input-connection=false, x=0.0, y=0.0, child-count=2}
|
+--------&gt;TextView{id=2130903060, res-name=text1, desc=Name, visibility=VISIBLE, width=945, height=78, has-focus=false, has-focusable=false, has-window-focus=true, is-clickable=false, is-enabled=true, is-focused=false, is-focusable=false, is-layout-requested=false, is-selected=false, layout-params=android.widget.LinearLayout$LayoutParams&#64;10897a9, tag=null, root-is-layout-requested=false, has-input-connection=false, x=26.0, y=26.0, text=list, input-type=0, ime-target=false, has-links=false}
|
+--------&gt;TextView{id=2130903061, res-name=text2, desc=text2, visibility=VISIBLE, width=109, height=64, has-focus=false, has-focusable=false, has-window-focus=true, is-clickable=false, is-enabled=true, is-focused=false, is-focusable=false, is-layout-requested=false, is-selected=false, layout-params=android.widget.LinearLayout$LayoutParams&#64;494412e, tag=null, root-is-layout-requested=false, has-input-connection=false, x=971.0, y=35.0, text=(4/7), input-type=0, ime-target=false, has-links=false}
|
+-------&gt;LinearLayout{id=-1, visibility=VISIBLE, width=1080, height=130, has-focus=false, has-focusable=false, has-window-focus=true, is-clickable=false, is-enabled=true, is-focused=false, is-focusable=false, is-layout-requested=false, is-selected=false, layout-params=android.widget.AbsListView$LayoutParams&#64;68ff4cf, tag=null, root-is-layout-requested=false, has-input-connection=false, x=0.0, y=133.0, child-count=2}
|
+--------&gt;TextView{id=2130903060, res-name=text1, desc=Name, visibility=VISIBLE, width=903, height=78, has-focus=false, has-focusable=false, has-window-focus=true, is-clickable=false, is-enabled=true, is-focused=false, is-focusable=false, is-layout-requested=false, is-selected=false, layout-params=android.widget.LinearLayout$LayoutParams&#64;efc7e5c, tag=null, root-is-layout-requested=false, has-input-connection=false, x=26.0, y=26.0, text=list, input-type=0, ime-target=false, has-links=false}
|
+--------&gt;TextView{id=2130903061, res-name=text2, desc=text2, visibility=VISIBLE, width=151, height=64, has-focus=false, has-focusable=false, has-window-focus=true, is-clickable=false, is-enabled=true, is-focused=false, is-focusable=false, is-layout-requested=false, is-selected=false, layout-params=android.widget.LinearLayout$LayoutParams&#64;72a0565, tag=null, root-is-layout-requested=false, has-input-connection=false, x=929.0, y=35.0, text=(12/20), input-type=0, ime-target=false, has-links=false}
|
+-------&gt;LinearLayout{id=-1, visibility=VISIBLE, width=1080, height=130, has-focus=false, has-focusable=false, has-window-focus=true, is-clickable=false, is-enabled=true, is-focused=false, is-focusable=false, is-layout-requested=false, is-selected=false, layout-params=android.widget.AbsListView$LayoutParams&#64;ba7423a, tag=null, root-is-layout-requested=false, has-input-connection=false, x=0.0, y=266.0, child-count=2}
|
+--------&gt;TextView{id=2130903060, res-name=text1, desc=Name, visibility=VISIBLE, width=945, height=78, has-focus=false, has-focusable=false, has-window-focus=true, is-clickable=false, is-enabled=true, is-focused=false, is-focusable=false, is-layout-requested=false, is-selected=false, layout-params=android.widget.LinearLayout$LayoutParams&#64;f410eeb, tag=null, root-is-layout-requested=false, has-input-connection=false, x=26.0, y=26.0, text=List, input-type=0, ime-target=false, has-links=false}
|
+--------&gt;TextView{id=2130903061, res-name=text2, desc=text2, visibility=VISIBLE, width=109, height=64, has-focus=false, has-focusable=false, has-window-focus=true, is-clickable=false, is-enabled=true, is-focused=false, is-focusable=false, is-layout-requested=false, is-selected=false, layout-params=android.widget.LinearLayout$LayoutParams&#64;6012448, tag=null, root-is-layout-requested=false, has-input-connection=false, x=971.0, y=35.0, text=(0/0), input-type=0, ime-target=false, has-links=false}
|
+-------&gt;LinearLayout{id=-1, visibility=VISIBLE, width=1080, height=130, has-focus=false, has-focusable=false, has-window-focus=true, is-clickable=false, is-enabled=true, is-focused=false, is-focusable=false, is-layout-requested=false, is-selected=false, layout-params=android.widget.AbsListView$LayoutParams&#64;f3a92e1, tag=null, root-is-layout-requested=false, has-input-connection=false, x=0.0, y=399.0, child-count=2}
|
+--------&gt;TextView{id=2130903060, res-name=text1, desc=Name, visibility=VISIBLE, width=945, height=78, has-focus=false, has-focusable=false, has-window-focus=true, is-clickable=false, is-enabled=true, is-focused=false, is-focusable=false, is-layout-requested=false, is-selected=false, layout-params=android.widget.LinearLayout$LayoutParams&#64;fb74806, tag=null, root-is-layout-requested=false, has-input-connection=false, x=26.0, y=26.0, text=List, input-type=0, ime-target=false, has-links=false}
|
+--------&gt;TextView{id=2130903061, res-name=text2, desc=text2, visibility=VISIBLE, width=109, height=64, has-focus=false, has-focusable=false, has-window-focus=true, is-clickable=false, is-enabled=true, is-focused=false, is-focusable=false, is-layout-requested=false, is-selected=false, layout-params=android.widget.LinearLayout$LayoutParams&#64;39faec7, tag=null, root-is-layout-requested=false, has-input-connection=false, x=971.0, y=35.0, text=(0/0), input-type=0, ime-target=false, has-links=false}
|
+-------&gt;LinearLayout{id=-1, visibility=VISIBLE, width=1080, height=130, has-focus=false, has-focusable=false, has-window-focus=true, is-clickable=false, is-enabled=true, is-focused=false, is-focusable=false, is-layout-requested=false, is-selected=false, layout-params=android.widget.AbsListView$LayoutParams&#64;7283cf4, tag=null, root-is-layout-requested=false, has-input-connection=false, x=0.0, y=532.0, child-count=2}
|
+--------&gt;TextView{id=2130903060, res-name=text1, desc=Name, visibility=VISIBLE, width=945, height=78, has-focus=false, has-focusable=false, has-window-focus=true, is-clickable=false, is-enabled=true, is-focused=false, is-focusable=false, is-layout-requested=false, is-selected=false, layout-params=android.widget.LinearLayout$LayoutParams&#64;76c7c1d, tag=null, root-is-layout-requested=false, has-input-connection=false, x=26.0, y=26.0, text=List, input-type=0, ime-target=false, has-links=false}
|
+--------&gt;TextView{id=2130903061, res-name=text2, desc=text2, visibility=VISIBLE, width=109, height=64, has-focus=false, has-focusable=false, has-window-focus=true, is-clickable=false, is-enabled=true, is-focused=false, is-focusable=false, is-layout-requested=false, is-selected=false, layout-params=android.widget.LinearLayout$LayoutParams&#64;26fde92, tag=null, root-is-layout-requested=false, has-input-connection=false, x=971.0, y=35.0, text=(0/0), input-type=0, ime-target=false, has-links=false}
|
+-------&gt;LinearLayout{id=-1, visibility=VISIBLE, width=1080, height=130, has-focus=false, has-focusable=false, has-window-focus=true, is-clickable=false, is-enabled=true, is-focused=false, is-focusable=false, is-layout-requested=false, is-selected=false, layout-params=android.widget.AbsListView$LayoutParams&#64;65e7063, tag=null, root-is-layout-requested=false, has-input-connection=false, x=0.0, y=665.0, child-count=2}
|
+--------&gt;TextView{id=2130903060, res-name=text1, desc=Name, visibility=VISIBLE, width=945, height=78, has-focus=false, has-focusable=false, has-window-focus=true, is-clickable=false, is-enabled=true, is-focused=false, is-focusable=false, is-layout-requested=false, is-selected=false, layout-params=android.widget.LinearLayout$LayoutParams&#64;c063460, tag=null, root-is-layout-requested=false, has-input-connection=false, x=26.0, y=26.0, text=List, input-type=0, ime-target=false, has-links=false}
|
+--------&gt;TextView{id=2130903061, res-name=text2, desc=text2, visibility=VISIBLE, width=109, height=64, has-focus=false, has-focusable=false, has-window-focus=true, is-clickable=false, is-enabled=true, is-focused=false, is-focusable=false, is-layout-requested=false, is-selected=false, layout-params=android.widget.LinearLayout$LayoutParams&#64;4d9bd19, tag=null, root-is-layout-requested=false, has-input-connection=false, x=971.0, y=35.0, text=(0/0), input-type=0, ime-target=false, has-links=false}
|
+-------&gt;LinearLayout{id=-1, visibility=VISIBLE, width=1080, height=130, has-focus=false, has-focusable=false, has-window-focus=true, is-clickable=false, is-enabled=true, is-focused=false, is-focusable=false, is-layout-requested=false, is-selected=false, layout-params=android.widget.AbsListView$LayoutParams&#64;2a951de, tag=null, root-is-layout-requested=false, has-input-connection=false, x=0.0, y=798.0, child-count=2}
|
+--------&gt;TextView{id=2130903060, res-name=text1, desc=Name, visibility=VISIBLE, width=945, height=78, has-focus=false, has-focusable=false, has-window-focus=true, is-clickable=false, is-enabled=true, is-focused=false, is-focusable=false, is-layout-requested=false, is-selected=false, layout-params=android.widget.LinearLayout$LayoutParams&#64;8bdafbf, tag=null, root-is-layout-requested=false, has-input-connection=false, x=26.0, y=26.0, text=List, input-type=0, ime-target=false, has-links=false}
|
+--------&gt;TextView{id=2130903061, res-name=text2, desc=text2, visibility=VISIBLE, width=109, height=64, has-focus=false, has-focusable=false, has-window-focus=true, is-clickable=false, is-enabled=true, is-focused=false, is-focusable=false, is-layout-requested=false, is-selected=false, layout-params=android.widget.LinearLayout$LayoutParams&#64;10a368c, tag=null, root-is-layout-requested=false, has-input-connection=false, x=971.0, y=35.0, text=(0/0), input-type=0, ime-target=false, has-links=false}
|
+-------&gt;LinearLayout{id=-1, visibility=VISIBLE, width=1080, height=130, has-focus=false, has-focusable=false, has-window-focus=true, is-clickable=false, is-enabled=true, is-focused=false, is-focusable=false, is-layout-requested=false, is-selected=false, layout-params=android.widget.AbsListView$LayoutParams&#64;a4011d5, tag=null, root-is-layout-requested=false, has-input-connection=false, x=0.0, y=931.0, child-count=2}
|
+--------&gt;TextView{id=2130903060, res-name=text1, desc=Name, visibility=VISIBLE, width=945, height=78, has-focus=false, has-focusable=false, has-window-focus=true, is-clickable=false, is-enabled=true, is-focused=false, is-focusable=false, is-layout-requested=false, is-selected=false, layout-params=android.widget.LinearLayout$LayoutParams&#64;274adea, tag=null, root-is-layout-requested=false, has-input-connection=false, x=26.0, y=26.0, text=List, input-type=0, ime-target=false, has-links=false}
|
+--------&gt;TextView{id=2130903061, res-name=text2, desc=text2, visibility=VISIBLE, width=109, height=64, has-focus=false, has-focusable=false, has-window-focus=true, is-clickable=false, is-enabled=true, is-focused=false, is-focusable=false, is-layout-requested=false, is-selected=false, layout-params=android.widget.LinearLayout$LayoutParams&#64;5a788db, tag=null, root-is-layout-requested=false, has-input-connection=false, x=971.0, y=35.0, text=(0/0), input-type=0, ime-target=false, has-links=false}
|
+-------&gt;LinearLayout{id=-1, visibility=VISIBLE, width=1080, height=130, has-focus=false, has-focusable=false, has-window-focus=true, is-clickable=false, is-enabled=true, is-focused=false, is-focusable=false, is-layout-requested=false, is-selected=false, layout-params=android.widget.AbsListView$LayoutParams&#64;86a2f78, tag=null, root-is-layout-requested=false, has-input-connection=false, x=0.0, y=1064.0, child-count=2}
|
+--------&gt;TextView{id=2130903060, res-name=text1, desc=Name, visibility=VISIBLE, width=945, height=78, has-focus=false, has-focusable=false, has-window-focus=true, is-clickable=false, is-enabled=true, is-focused=false, is-focusable=false, is-layout-requested=false, is-selected=false, layout-params=android.widget.LinearLayout$LayoutParams&#64;e7cf651, tag=null, root-is-layout-requested=false, has-input-connection=false, x=26.0, y=26.0, text=List, input-type=0, ime-target=false, has-links=false}
|
+--------&gt;TextView{id=2130903061, res-name=text2, desc=text2, visibility=VISIBLE, width=109, height=64, has-focus=false, has-focusable=false, has-window-focus=true, is-clickable=false, is-enabled=true, is-focused=false, is-focusable=false, is-layout-requested=false, is-selected=false, layout-params=android.widget.LinearLayout$LayoutParams&#64;1e7beb6, tag=null, root-is-layout-requested=false, has-input-connection=false, x=971.0, y=35.0, text=(0/0), input-type=0, ime-target=false, has-links=false}
|
+-------&gt;LinearLayout{id=-1, visibility=VISIBLE, width=1080, height=130, has-focus=false, has-focusable=false, has-window-focus=true, is-clickable=false, is-enabled=true, is-focused=false, is-focusable=false, is-layout-requested=false, is-selected=false, layout-params=android.widget.AbsListView$LayoutParams&#64;28bd7b7, tag=null, root-is-layout-requested=false, has-input-connection=false, x=0.0, y=1197.0, child-count=2}
|
+--------&gt;TextView{id=2130903060, res-name=text1, desc=Name, visibility=VISIBLE, width=945, height=78, has-focus=false, has-focusable=false, has-window-focus=true, is-clickable=false, is-enabled=true, is-focused=false, is-focusable=false, is-layout-requested=false, is-selected=false, layout-params=android.widget.LinearLayout$LayoutParams&#64;fcecb24, tag=null, root-is-layout-requested=false, has-input-connection=false, x=26.0, y=26.0, text=List, input-type=0, ime-target=false, has-links=false}
|
+--------&gt;TextView{id=2130903061, res-name=text2, desc=text2, visibility=VISIBLE, width=109, height=64, has-focus=false, has-focusable=false, has-window-focus=true, is-clickable=false, is-enabled=true, is-focused=false, is-focusable=false, is-layout-requested=false, is-selected=false, layout-params=android.widget.LinearLayout$LayoutParams&#64;ec9a68d, tag=null, root-is-layout-requested=false, has-input-connection=false, x=971.0, y=35.0, text=(0/0), input-type=0, ime-target=false, has-links=false}
|
+-------&gt;LinearLayout{id=-1, visibility=VISIBLE, width=1080, height=130, has-focus=false, has-focusable=false, has-window-focus=true, is-clickable=false, is-enabled=true, is-focused=false, is-focusable=false, is-layout-requested=false, is-selected=false, layout-params=android.widget.AbsListView$LayoutParams&#64;aa91042, tag=null, root-is-layout-requested=false, has-input-connection=false, x=0.0, y=1330.0, child-count=2}
|
+--------&gt;TextView{id=2130903060, res-name=text1, desc=Name, visibility=VISIBLE, width=945, height=78, has-focus=false, has-focusable=false, has-window-focus=true, is-clickable=false, is-enabled=true, is-focused=false, is-focusable=false, is-layout-requested=false, is-selected=false, layout-params=android.widget.LinearLayout$LayoutParams&#64;1fc3853, tag=null, root-is-layout-requested=false, has-input-connection=false, x=26.0, y=26.0, text=List, input-type=0, ime-target=false, has-links=false}
|
+--------&gt;TextView{id=2130903061, res-name=text2, desc=text2, visibility=VISIBLE, width=109, height=64, has-focus=false, has-focusable=false, has-window-focus=true, is-clickable=false, is-enabled=true, is-focused=false, is-focusable=false, is-layout-requested=false, is-selected=false, layout-params=android.widget.LinearLayout$LayoutParams&#64;4bf7590, tag=null, root-is-layout-requested=false, has-input-connection=false, x=971.0, y=35.0, text=(0/0), input-type=0, ime-target=false, has-links=false}
|
+-----&gt;LinearLayout{id=2130903057, res-name=itemsView, visibility=VISIBLE, width=1080, height=1187, has-focus=true, has-focusable=true, has-window-focus=true, is-clickable=false, is-enabled=true, is-focused=false, is-focusable=false, is-layout-requested=false, is-selected=false, layout-params=android.widget.FrameLayout$LayoutParams&#64;8b71e89, tag=null, root-is-layout-requested=false, has-input-connection=false, x=0.0, y=0.0, child-count=2}
|
+------&gt;LinearLayout{id=2130903048, res-name=LinearLayout01, visibility=VISIBLE, width=1080, height=126, has-focus=true, has-focusable=true, has-window-focus=true, is-clickable=false, is-enabled=true, is-focused=false, is-focusable=false, is-layout-requested=false, is-selected=false, layout-params=android.widget.LinearLayout$LayoutParams&#64;83bee8e, tag=null, root-is-layout-requested=false, has-input-connection=false, x=0.0, y=0.0, child-count=2}
|
+-------&gt;EditText{id=2130903041, res-name=AddItemEditText, desc=addItemEditText, visibility=VISIBLE, width=849, height=118, has-focus=true, has-focusable=true, has-window-focus=true, is-clickable=true, is-enabled=true, is-focused=true, is-focusable=true, is-layout-requested=false, is-selected=false, layout-params=android.widget.LinearLayout$LayoutParams&#64;40806af, tag=null, root-is-layout-requested=false, has-input-connection=true, editor-info=[inputType=0x31 imeOptions=0x8000006 privateImeOptions=null actionLabel=null actionId=0 initialSelStart=0 initialSelEnd=0 initialCapsMode=0x0 hintText=New Item Name label=null packageName=null fieldId=0 fieldName=null extras=null hintLocales=null contentMimeTypes=null ], x=0.0, y=1.0, text=, hint=New Item Name, input-type=49, ime-target=true, has-links=false}
|
+-------&gt;Button{id=2130903040, res-name=AddItemButton, desc=Add, visibility=VISIBLE, width=231, height=126, has-focus=false, has-focusable=true, has-window-focus=true, is-clickable=true, is-enabled=true, is-focused=false, is-focusable=true, is-layout-requested=false, is-selected=false, layout-params=android.widget.LinearLayout$LayoutParams&#64;3ce5abc, tag=null, root-is-layout-requested=false, has-input-connection=false, x=849.0, y=0.0, text=Add, input-type=0, ime-target=false, has-links=false}
|
+------&gt;ListView{id=2130903047, res-name=ItemsListView, visibility=VISIBLE, width=1080, height=1061, has-focus=false, has-focusable=true, has-window-focus=true, is-clickable=true, is-enabled=true, is-focused=false, is-focusable=true, is-layout-requested=false, is-selected=false, layout-params=android.widget.LinearLayout$LayoutParams&#64;7ea1a45, tag=null, root-is-layout-requested=false, has-input-connection=false, x=0.0, y=126.0, child-count=8}
|
+-------&gt;LinearLayout{id=-1, visibility=VISIBLE, width=1080, height=130, has-focus=false, has-focusable=false, has-window-focus=true, is-clickable=false, is-enabled=true, is-focused=false, is-focusable=false, is-layout-requested=false, is-selected=false, layout-params=android.widget.AbsListView$LayoutParams&#64;585ecb, tag=null, root-is-layout-requested=false, has-input-connection=false, x=0.0, y=0.0, child-count=3}
|
+--------&gt;View{id=2130903052, res-name=SortedMarker, visibility=VISIBLE, width=5, height=130, has-focus=false, has-focusable=false, has-window-focus=true, is-clickable=false, is-enabled=true, is-focused=false, is-focusable=false, is-layout-requested=false, is-selected=false, layout-params=android.widget.LinearLayout$LayoutParams&#64;e8466a8, tag=null, root-is-layout-requested=false, has-input-connection=false, x=0.0, y=0.0}
|
+--------&gt;TextView{id=2130903055, res-name=ieText1, desc=ieText1, visibility=VISIBLE, width=1007, height=130, has-focus=false, has-focusable=false, has-window-focus=true, is-clickable=false, is-enabled=true, is-focused=false, is-focusable=false, is-layout-requested=false, is-selected=false, layout-params=android.widget.LinearLayout$LayoutParams&#64;39715c1, tag=null, root-is-layout-requested=false, has-input-connection=false, x=5.0, y=0.0, text=item, input-type=0, ime-target=false, has-links=false}
|
+--------&gt;ImageSwitcher{id=2130903054, res-name=StarSwitcher, desc=StarSwitcher, visibility=INVISIBLE, width=68, height=115, has-focus=false, has-focusable=false, has-window-focus=true, is-clickable=false, is-enabled=true, is-focused=false, is-focusable=false, is-layout-requested=false, is-selected=false, layout-params=android.widget.LinearLayout$LayoutParams&#64;40d4554, tag=null, root-is-layout-requested=false, has-input-connection=false, x=1012.0, y=0.0, child-count=2}
|
+---------&gt;ImageView{id=2130903053, res-name=StarImage, desc=starImage, visibility=VISIBLE, width=63, height=63, has-focus=false, has-focusable=false, has-window-focus=true, is-clickable=false, is-enabled=true, is-focused=false, is-focusable=false, is-layout-requested=false, is-selected=false, layout-params=android.widget.FrameLayout$LayoutParams&#64;7be4cfd, tag=null, root-is-layout-requested=false, has-input-connection=false, x=0.0, y=26.0}
|
+---------&gt;ImageView{id=2130903046, res-name=InactiveStarImage, visibility=GONE, width=0, height=0, has-focus=false, has-focusable=false, has-window-focus=true, is-clickable=false, is-enabled=true, is-focused=false, is-focusable=false, is-layout-requested=true, is-selected=false, layout-params=android.widget.FrameLayout$LayoutParams&#64;2a0df2, tag=null, root-is-layout-requested=false, has-input-connection=false, x=0.0, y=0.0}
|
+-------&gt;LinearLayout{id=-1, visibility=VISIBLE, width=1080, height=130, has-focus=false, has-focusable=false, has-window-focus=true, is-clickable=false, is-enabled=true, is-focused=false, is-focusable=false, is-layout-requested=false, is-selected=false, layout-params=android.widget.AbsListView$LayoutParams&#64;5c7173e, tag=null, root-is-layout-requested=false, has-input-connection=false, x=0.0, y=133.0, child-count=3}
|
+--------&gt;View{id=2130903052, res-name=SortedMarker, visibility=INVISIBLE, width=5, height=130, has-focus=false, has-focusable=false, has-window-focus=true, is-clickable=false, is-enabled=true, is-focused=false, is-focusable=false, is-layout-requested=false, is-selected=false, layout-params=android.widget.LinearLayout$LayoutParams&#64;6cdf99f, tag=null, root-is-layout-requested=false, has-input-connection=false, x=0.0, y=0.0}
|
+--------&gt;TextView{id=2130903055, res-name=ieText1, desc=ieText1, visibility=VISIBLE, width=1007, height=130, has-focus=false, has-focusable=false, has-window-focus=true, is-clickable=false, is-enabled=true, is-focused=false, is-focusable=false, is-layout-requested=false, is-selected=false, layout-params=android.widget.LinearLayout$LayoutParams&#64;7bbeaec, tag=null, root-is-layout-requested=false, has-input-connection=false, x=5.0, y=0.0, text=A, input-type=0, ime-target=false, has-links=false}
|
+--------&gt;ImageSwitcher{id=2130903054, res-name=StarSwitcher, desc=StarSwitcher, visibility=INVISIBLE, width=68, height=115, has-focus=false, has-focusable=false, has-window-focus=true, is-clickable=false, is-enabled=true, is-focused=false, is-focusable=false, is-layout-requested=false, is-selected=false, layout-params=android.widget.LinearLayout$LayoutParams&#64;4a290bb, tag=null, root-is-layout-requested=false, has-input-connection=false, x=1012.0, y=0.0, child-count=2}
|
+---------&gt;ImageView{id=2130903053, res-name=StarImage, desc=starImage, visibility=VISIBLE, width=63, height=63, has-focus=false, has-focusable=false, has-window-focus=true, is-clickable=false, is-enabled=true, is-focused=false, is-focusable=false, is-layout-requested=false, is-selected=false, layout-params=android.widget.FrameLayout$LayoutParams&#64;cf2c9d8, tag=null, root-is-layout-requested=false, has-input-connection=false, x=0.0, y=26.0}
|
+---------&gt;ImageView{id=2130903046, res-name=InactiveStarImage, visibility=GONE, width=0, height=0, has-focus=false, has-focusable=false, has-window-focus=true, is-clickable=false, is-enabled=true, is-focused=false, is-focusable=false, is-layout-requested=true, is-selected=false, layout-params=android.widget.FrameLayout$LayoutParams&#64;1eff131, tag=null, root-is-layout-requested=false, has-input-connection=false, x=0.0, y=0.0}
|
+-------&gt;LinearLayout{id=-1, visibility=VISIBLE, width=1080, height=130, has-focus=false, has-focusable=false, has-window-focus=true, is-clickable=false, is-enabled=true, is-focused=false, is-focusable=false, is-layout-requested=false, is-selected=false, layout-params=android.widget.AbsListView$LayoutParams&#64;5216f6d, tag=null, root-is-layout-requested=false, has-input-connection=false, x=0.0, y=266.0, child-count=3}
|
+--------&gt;View{id=2130903052, res-name=SortedMarker, visibility=INVISIBLE, width=5, height=130, has-focus=false, has-focusable=false, has-window-focus=true, is-clickable=false, is-enabled=true, is-focused=false, is-focusable=false, is-layout-requested=false, is-selected=false, layout-params=android.widget.LinearLayout$LayoutParams&#64;a7dd7a2, tag=null, root-is-layout-requested=false, has-input-connection=false, x=0.0, y=0.0}
|
+--------&gt;TextView{id=2130903055, res-name=ieText1, desc=ieText1, visibility=VISIBLE, width=1007, height=130, has-focus=false, has-focusable=false, has-window-focus=true, is-clickable=false, is-enabled=true, is-focused=false, is-focusable=false, is-layout-requested=false, is-selected=false, layout-params=android.widget.LinearLayout$LayoutParams&#64;8945c33, tag=null, root-is-layout-requested=false, has-input-connection=false, x=5.0, y=0.0, text=B, input-type=0, ime-target=false, has-links=false}
|
+--------&gt;ImageSwitcher{id=2130903054, res-name=StarSwitcher, desc=StarSwitcher, visibility=INVISIBLE, width=68, height=115, has-focus=false, has-focusable=false, has-window-focus=true, is-clickable=false, is-enabled=true, is-focused=false, is-focusable=false, is-layout-requested=false, is-selected=false, layout-params=android.widget.LinearLayout$LayoutParams&#64;85cbee, tag=null, root-is-layout-requested=false, has-input-connection=false, x=1012.0, y=0.0, child-count=2}
|
+---------&gt;ImageView{id=2130903053, res-name=StarImage, desc=starImage, visibility=VISIBLE, width=63, height=63, has-focus=false, has-focusable=false, has-window-focus=true, is-clickable=false, is-enabled=true, is-focused=false, is-focusable=false, is-layout-requested=false, is-selected=false, layout-params=android.widget.FrameLayout$LayoutParams&#64;52e888f, tag=null, root-is-layout-requested=false, has-input-connection=false, x=0.0, y=26.0}
|
+---------&gt;ImageView{id=2130903046, res-name=InactiveStarImage, visibility=GONE, width=0, height=0, has-focus=false, has-focusable=false, has-window-focus=true, is-clickable=false, is-enabled=true, is-focused=false, is-focusable=false, is-layout-requested=true, is-selected=false, layout-params=android.widget.FrameLayout$LayoutParams&#64;5e71c, tag=null, root-is-layout-requested=false, has-input-connection=false, x=0.0, y=0.0}
|
+-------&gt;LinearLayout{id=-1, visibility=VISIBLE, width=1080, height=130, has-focus=false, has-focusable=false, has-window-focus=true, is-clickable=false, is-enabled=true, is-focused=false, is-focusable=false, is-layout-requested=false, is-selected=false, layout-params=android.widget.AbsListView$LayoutParams&#64;7185908, tag=null, root-is-layout-requested=false, has-input-connection=false, x=0.0, y=399.0, child-count=3}
|
+--------&gt;View{id=2130903052, res-name=SortedMarker, visibility=INVISIBLE, width=5, height=130, has-focus=false, has-focusable=false, has-window
</failure>
  </testcase>
  <testcase name="multipleListC5" classname="kdk.android.simplydo.C5.MultipleListC5" time="4.405" />
  <testcase name="sortItemsC5" classname="kdk.android.simplydo.C5.SortItemsC5" time="3.546" />
  <testcase name="addAssertC6" classname="kdk.android.simplydo.C6.AddAssertC6" time="1.179">
    <failure>android.support.test.espresso.AmbiguousViewMatcherException: '(an instance of android.widget.LinearLayout and is displayed on the screen to the user)' matches multiple views in the hierarchy.
Problem views are marked with '****MATCHES****' below.

View Hierarchy:
+&gt;DecorView{id=-1, visibility=VISIBLE, width=1080, height=1920, has-focus=true, has-focusable=true, has-window-focus=true, is-clickable=false, is-enabled=true, is-focused=false, is-focusable=false, is-layout-requested=false, is-selected=false, layout-params=WM.LayoutParams{(0,0)(fillxfill) sim=#3 ty=1 fl=#81810100 pfl=0x20000 wanim=0x10302f6 needsMenuKey=2 colorMode=0}, tag=null, root-is-layout-requested=false, has-input-connection=false, x=0.0, y=0.0, child-count=3}
|
+-&gt;ActionBarOverlayLayout{id=16908822, res-name=decor_content_parent, visibility=VISIBLE, width=1080, height=1794, has-focus=true, has-focusable=true, has-window-focus=true, is-clickable=false, is-enabled=true, is-focused=false, is-focusable=false, is-layout-requested=false, is-selected=false, layout-params=android.widget.FrameLayout$LayoutParams&#64;224b071, tag=null, root-is-layout-requested=false, has-input-connection=false, x=0.0, y=0.0, child-count=2}
|
+--&gt;FrameLayout{id=16908290, res-name=content, visibility=VISIBLE, width=1080, height=1584, has-focus=true, has-focusable=true, has-window-focus=true, is-clickable=false, is-enabled=true, is-focused=false, is-focusable=false, is-layout-requested=false, is-selected=false, layout-params=com.android.internal.widget.ActionBarOverlayLayout$LayoutParams&#64;fc7be56, tag=null, root-is-layout-requested=false, has-input-connection=false, x=0.0, y=210.0, child-count=1}
|
+---&gt;LinearLayout{id=-1, visibility=VISIBLE, width=1080, height=1584, has-focus=true, has-focusable=true, has-window-focus=true, is-clickable=false, is-enabled=true, is-focused=false, is-focusable=false, is-layout-requested=false, is-selected=false, layout-params=android.widget.FrameLayout$LayoutParams&#64;3b4e3c4, tag=null, root-is-layout-requested=false, has-input-connection=false, x=0.0, y=0.0, child-count=1} ****MATCHES****
|
+----&gt;ViewSwitcher{id=2130903049, res-name=ListsItemsSwitcher, visibility=VISIBLE, width=1080, height=1584, has-focus=true, has-focusable=true, has-window-focus=true, is-clickable=false, is-enabled=true, is-focused=false, is-focusable=false, is-layout-requested=false, is-selected=false, layout-params=android.widget.LinearLayout$LayoutParams&#64;41969e2, tag=null, root-is-layout-requested=false, has-input-connection=false, x=0.0, y=0.0, child-count=2}
|
+-----&gt;LinearLayout{id=2130903059, res-name=listsView, visibility=VISIBLE, width=1080, height=1584, has-focus=true, has-focusable=true, has-window-focus=true, is-clickable=false, is-enabled=true, is-focused=false, is-focusable=false, is-layout-requested=false, is-selected=false, layout-params=android.widget.FrameLayout$LayoutParams&#64;3e12173, tag=null, root-is-layout-requested=false, has-input-connection=false, x=0.0, y=0.0, child-count=2} ****MATCHES****
|
+------&gt;LinearLayout{id=2130903048, res-name=LinearLayout01, visibility=VISIBLE, width=1080, height=126, has-focus=true, has-focusable=true, has-window-focus=true, is-clickable=false, is-enabled=true, is-focused=false, is-focusable=false, is-layout-requested=false, is-selected=false, layout-params=android.widget.LinearLayout$LayoutParams&#64;fe7830, tag=null, root-is-layout-requested=false, has-input-connection=false, x=0.0, y=0.0, child-count=2} ****MATCHES****
|
+-------&gt;EditText{id=2130903043, res-name=AddListEditText, desc=addlistedittext, visibility=VISIBLE, width=849, height=126, has-focus=true, has-focusable=true, has-window-focus=true, is-clickable=true, is-enabled=true, is-focused=true, is-focusable=true, is-layout-requested=false, is-selected=false, layout-params=android.widget.LinearLayout$LayoutParams&#64;a17fca9, tag=null, root-is-layout-requested=false, has-input-connection=true, editor-info=[inputType=0x31 imeOptions=0x8000006 privateImeOptions=null actionLabel=null actionId=0 initialSelStart=0 initialSelEnd=0 initialCapsMode=0x0 hintText=New List Name label=null packageName=null fieldId=0 fieldName=null extras=null hintLocales=null contentMimeTypes=null ], x=0.0, y=0.0, text=, hint=New List Name, input-type=49, ime-target=true, has-links=false}
|
+-------&gt;Button{id=2130903042, res-name=AddListButton, desc=Add, visibility=VISIBLE, width=231, height=126, has-focus=false, has-focusable=true, has-window-focus=true, is-clickable=true, is-enabled=true, is-focused=false, is-focusable=true, is-layout-requested=false, is-selected=false, layout-params=android.widget.LinearLayout$LayoutParams&#64;ee8422e, tag=null, root-is-layout-requested=false, has-input-connection=false, x=849.0, y=0.0, text=Add, input-type=0, ime-target=false, has-links=false}
|
+------&gt;ListView{id=2130903050, res-name=ListsListView, visibility=VISIBLE, width=1080, height=1458, has-focus=false, has-focusable=true, has-window-focus=true, is-clickable=true, is-enabled=true, is-focused=false, is-focusable=true, is-layout-requested=false, is-selected=false, layout-params=android.widget.LinearLayout$LayoutParams&#64;aa261cf, tag=null, root-is-layout-requested=false, has-input-connection=false, x=0.0, y=126.0, child-count=11}
|
+-------&gt;LinearLayout{id=-1, visibility=VISIBLE, width=1080, height=130, has-focus=false, has-focusable=false, has-window-focus=true, is-clickable=false, is-enabled=true, is-focused=false, is-focusable=false, is-layout-requested=false, is-selected=false, layout-params=android.widget.AbsListView$LayoutParams&#64;60ae75c, tag=null, root-is-layout-requested=false, has-input-connection=false, x=0.0, y=0.0, child-count=2} ****MATCHES****
|
+--------&gt;TextView{id=2130903060, res-name=text1, desc=Name, visibility=VISIBLE, width=924, height=78, has-focus=false, has-focusable=false, has-window-focus=true, is-clickable=false, is-enabled=true, is-focused=false, is-focusable=false, is-layout-requested=false, is-selected=false, layout-params=android.widget.LinearLayout$LayoutParams&#64;24aba65, tag=null, root-is-layout-requested=false, has-input-connection=false, x=26.0, y=26.0, text=list, input-type=0, ime-target=false, has-links=false}
|
+--------&gt;TextView{id=2130903061, res-name=text2, desc=text2, visibility=VISIBLE, width=130, height=64, has-focus=false, has-focusable=false, has-window-focus=true, is-clickable=false, is-enabled=true, is-focused=false, is-focusable=false, is-layout-requested=false, is-selected=false, layout-params=android.widget.LinearLayout$LayoutParams&#64;dba533a, tag=null, root-is-layout-requested=false, has-input-connection=false, x=950.0, y=35.0, text=(9/13), input-type=0, ime-target=false, has-links=false}
|
+-------&gt;LinearLayout{id=-1, visibility=VISIBLE, width=1080, height=130, has-focus=false, has-focusable=false, has-window-focus=true, is-clickable=false, is-enabled=true, is-focused=false, is-focusable=false, is-layout-requested=false, is-selected=false, layout-params=android.widget.AbsListView$LayoutParams&#64;68d4beb, tag=null, root-is-layout-requested=false, has-input-connection=false, x=0.0, y=133.0, child-count=2} ****MATCHES****
|
+--------&gt;TextView{id=2130903060, res-name=text1, desc=Name, visibility=VISIBLE, width=903, height=78, has-focus=false, has-focusable=false, has-window-focus=true, is-clickable=false, is-enabled=true, is-focused=false, is-focusable=false, is-layout-requested=false, is-selected=false, layout-params=android.widget.LinearLayout$LayoutParams&#64;a0d1d48, tag=null, root-is-layout-requested=false, has-input-connection=false, x=26.0, y=26.0, text=list, input-type=0, ime-target=false, has-links=false}
|
+--------&gt;TextView{id=2130903061, res-name=text2, desc=text2, visibility=VISIBLE, width=151, height=64, has-focus=false, has-focusable=false, has-window-focus=true, is-clickable=false, is-enabled=true, is-focused=false, is-focusable=false, is-layout-requested=false, is-selected=false, layout-params=android.widget.LinearLayout$LayoutParams&#64;43197e1, tag=null, root-is-layout-requested=false, has-input-connection=false, x=929.0, y=35.0, text=(12/20), input-type=0, ime-target=false, has-links=false}
|
+-------&gt;LinearLayout{id=-1, visibility=VISIBLE, width=1080, height=130, has-focus=false, has-focusable=false, has-window-focus=true, is-clickable=false, is-enabled=true, is-focused=false, is-focusable=false, is-layout-requested=false, is-selected=false, layout-params=android.widget.AbsListView$LayoutParams&#64;e6a6906, tag=null, root-is-layout-requested=false, has-input-connection=false, x=0.0, y=266.0, child-count=2} ****MATCHES****
|
+--------&gt;TextView{id=2130903060, res-name=text1, desc=Name, visibility=VISIBLE, width=945, height=78, has-focus=false, has-focusable=false, has-window-focus=true, is-clickable=false, is-enabled=true, is-focused=false, is-focusable=false, is-layout-requested=false, is-selected=false, layout-params=android.widget.LinearLayout$LayoutParams&#64;ff2bbc7, tag=null, root-is-layout-requested=false, has-input-connection=false, x=26.0, y=26.0, text=List, input-type=0, ime-target=false, has-links=false}
|
+--------&gt;TextView{id=2130903061, res-name=text2, desc=text2, visibility=VISIBLE, width=109, height=64, has-focus=false, has-focusable=false, has-window-focus=true, is-clickable=false, is-enabled=true, is-focused=false, is-focusable=false, is-layout-requested=false, is-selected=false, layout-params=android.widget.LinearLayout$LayoutParams&#64;27ac5f4, tag=null, root-is-layout-requested=false, has-input-connection=false, x=971.0, y=35.0, text=(0/0), input-type=0, ime-target=false, has-links=false}
|
+-------&gt;LinearLayout{id=-1, visibility=VISIBLE, width=1080, height=130, has-focus=false, has-focusable=false, has-window-focus=true, is-clickable=false, is-enabled=true, is-focused=false, is-focusable=false, is-layout-requested=false, is-selected=false, layout-params=android.widget.AbsListView$LayoutParams&#64;54ed11d, tag=null, root-is-layout-requested=false, has-input-connection=false, x=0.0, y=399.0, child-count=2} ****MATCHES****
|
+--------&gt;TextView{id=2130903060, res-name=text1, desc=Name, visibility=VISIBLE, width=945, height=78, has-focus=false, has-focusable=false, has-window-focus=true, is-clickable=false, is-enabled=true, is-focused=false, is-focusable=false, is-layout-requested=false, is-selected=false, layout-params=android.widget.LinearLayout$LayoutParams&#64;fb40f92, tag=null, root-is-layout-requested=false, has-input-connection=false, x=26.0, y=26.0, text=List, input-type=0, ime-target=false, has-links=false}
|
+--------&gt;TextView{id=2130903061, res-name=text2, desc=text2, visibility=VISIBLE, width=109, height=64, has-focus=false, has-focusable=false, has-window-focus=true, is-clickable=false, is-enabled=true, is-focused=false, is-focusable=false, is-layout-requested=false, is-selected=false, layout-params=android.widget.LinearLayout$LayoutParams&#64;9554d63, tag=null, root-is-layout-requested=false, has-input-connection=false, x=971.0, y=35.0, text=(0/0), input-type=0, ime-target=false, has-links=false}
|
+-------&gt;LinearLayout{id=-1, visibility=VISIBLE, width=1080, height=130, has-focus=false, has-focusable=false, has-window-focus=true, is-clickable=false, is-enabled=true, is-focused=false, is-focusable=false, is-layout-requested=false, is-selected=false, layout-params=android.widget.AbsListView$LayoutParams&#64;4784d60, tag=null, root-is-layout-requested=false, has-input-connection=false, x=0.0, y=532.0, child-count=2} ****MATCHES****
|
+--------&gt;TextView{id=2130903060, res-name=text1, desc=Name, visibility=VISIBLE, width=945, height=78, has-focus=false, has-focusable=false, has-window-focus=true, is-clickable=false, is-enabled=true, is-focused=false, is-focusable=false, is-layout-requested=false, is-selected=false, layout-params=android.widget.LinearLayout$LayoutParams&#64;70c6219, tag=null, root-is-layout-requested=false, has-input-connection=false, x=26.0, y=26.0, text=List, input-type=0, ime-target=false, has-links=false}
|
+--------&gt;TextView{id=2130903061, res-name=text2, desc=text2, visibility=VISIBLE, width=109, height=64, has-focus=false, has-focusable=false, has-window-focus=true, is-clickable=false, is-enabled=true, is-focused=false, is-focusable=false, is-layout-requested=false, is-selected=false, layout-params=android.widget.LinearLayout$LayoutParams&#64;e7f92de, tag=null, root-is-layout-requested=false, has-input-connection=false, x=971.0, y=35.0, text=(0/0), input-type=0, ime-target=false, has-links=false}
|
+-------&gt;LinearLayout{id=-1, visibility=VISIBLE, width=1080, height=130, has-focus=false, has-focusable=false, has-window-focus=true, is-clickable=false, is-enabled=true, is-focused=false, is-focusable=false, is-layout-requested=false, is-selected=false, layout-params=android.widget.AbsListView$LayoutParams&#64;c55cbf, tag=null, root-is-layout-requested=false, has-input-connection=false, x=0.0, y=665.0, child-count=2} ****MATCHES****
|
+--------&gt;TextView{id=2130903060, res-name=text1, desc=Name, visibility=VISIBLE, width=945, height=78, has-focus=false, has-focusable=false, has-window-focus=true, is-clickable=false, is-enabled=true, is-focused=false, is-focusable=false, is-layout-requested=false, is-selected=false, layout-params=android.widget.LinearLayout$LayoutParams&#64;104df8c, tag=null, root-is-layout-requested=false, has-input-connection=false, x=26.0, y=26.0, text=List, input-type=0, ime-target=false, has-links=false}
|
+--------&gt;TextView{id=2130903061, res-name=text2, desc=text2, visibility=VISIBLE, width=109, height=64, has-focus=false, has-focusable=false, has-window-focus=true, is-clickable=false, is-enabled=true, is-focused=false, is-focusable=false, is-layout-requested=false, is-selected=false, layout-params=android.widget.LinearLayout$LayoutParams&#64;d7806d5, tag=null, root-is-layout-requested=false, has-input-connection=false, x=971.0, y=35.0, text=(0/0), input-type=0, ime-target=false, has-links=false}
|
+-------&gt;LinearLayout{id=-1, visibility=VISIBLE, width=1080, height=130, has-focus=false, has-focusable=false, has-window-focus=true, is-clickable=false, is-enabled=true, is-focused=false, is-focusable=false, is-layout-requested=false, is-selected=false, layout-params=android.widget.AbsListView$LayoutParams&#64;bedfeea, tag=null, root-is-layout-requested=false, has-input-connection=false, x=0.0, y=798.0, child-count=2} ****MATCHES****
|
+--------&gt;TextView{id=2130903060, res-name=text1, desc=Name, visibility=VISIBLE, width=945, height=78, has-focus=false, has-focusable=false, has-window-focus=true, is-clickable=false, is-enabled=true, is-focused=false, is-focusable=false, is-layout-requested=false, is-selected=false, layout-params=android.widget.LinearLayout$LayoutParams&#64;afd05db, tag=null, root-is-layout-requested=false, has-input-connection=false, x=26.0, y=26.0, text=List, input-type=0, ime-target=false, has-links=false}
|
+--------&gt;TextView{id=2130903061, res-name=text2, desc=text2, visibility=VISIBLE, width=109, height=64, has-focus=false, has-focusable=false, has-window-focus=true, is-clickable=false, is-enabled=true, is-focused=false, is-focusable=false, is-layout-requested=false, is-selected=false, layout-params=android.widget.LinearLayout$LayoutParams&#64;7e66878, tag=null, root-is-layout-requested=false, has-input-connection=false, x=971.0, y=35.0, text=(0/0), input-type=0, ime-target=false, has-links=false}
|
+-------&gt;LinearLayout{id=-1, visibility=VISIBLE, width=1080, height=130, has-focus=false, has-focusable=false, has-window-focus=true, is-clickable=false, is-enabled=true, is-focused=false, is-focusable=false, is-layout-requested=false, is-selected=false, layout-params=android.widget.AbsListView$LayoutParams&#64;5bf3b51, tag=null, root-is-layout-requested=false, has-input-connection=false, x=0.0, y=931.0, child-count=2} ****MATCHES****
|
+--------&gt;TextView{id=2130903060, res-name=text1, desc=Name, visibility=VISIBLE, width=945, height=78, has-focus=false, has-focusable=false, has-window-focus=true, is-clickable=false, is-enabled=true, is-focused=false, is-focusable=false, is-layout-requested=false, is-selected=false, layout-params=android.widget.LinearLayout$LayoutParams&#64;8251fb6, tag=null, root-is-layout-requested=false, has-input-connection=false, x=26.0, y=26.0, text=List, input-type=0, ime-target=false, has-links=false}
|
+--------&gt;TextView{id=2130903061, res-name=text2, desc=text2, visibility=VISIBLE, width=109, height=64, has-focus=false, has-focusable=false, has-window-focus=true, is-clickable=false, is-enabled=true, is-focused=false, is-focusable=false, is-layout-requested=false, is-selected=false, layout-params=android.widget.LinearLayout$LayoutParams&#64;43c24b7, tag=null, root-is-layout-requested=false, has-input-connection=false, x=971.0, y=35.0, text=(0/0), input-type=0, ime-target=false, has-links=false}
|
+-------&gt;LinearLayout{id=-1, visibility=VISIBLE, width=1080, height=130, has-focus=false, has-focusable=false, has-window-focus=true, is-clickable=false, is-enabled=true, is-focused=false, is-focusable=false, is-layout-requested=false, is-selected=false, layout-params=android.widget.AbsListView$LayoutParams&#64;d559424, tag=null, root-is-layout-requested=false, has-input-connection=false, x=0.0, y=1064.0, child-count=2} ****MATCHES****
|
+--------&gt;TextView{id=2130903060, res-name=text1, desc=Name, visibility=VISIBLE, width=945, height=78, has-focus=false, has-focusable=false, has-window-focus=true, is-clickable=false, is-enabled=true, is-focused=false, is-focusable=false, is-layout-requested=false, is-selected=false, layout-params=android.widget.LinearLayout$LayoutParams&#64;86b3b8d, tag=null, root-is-layout-requested=false, has-input-connection=false, x=26.0, y=26.0, text=List, input-type=0, ime-target=false, has-links=false}
|
+--------&gt;TextView{id=2130903061, res-name=text2, desc=text2, visibility=VISIBLE, width=109, height=64, has-focus=false, has-focusable=false, has-window-focus=true, is-clickable=false, is-enabled=true, is-focused=false, is-focusable=false, is-layout-requested=false, is-selected=false, layout-params=android.widget.LinearLayout$LayoutParams&#64;ddb8142, tag=null, root-is-layout-requested=false, has-input-connection=false, x=971.0, y=35.0, text=(0/0), input-type=0, ime-target=false, has-links=false}
|
+-------&gt;LinearLayout{id=-1, visibility=VISIBLE, width=1080, height=130, has-focus=false, has-focusable=false, has-window-focus=true, is-clickable=false, is-enabled=true, is-focused=false, is-focusable=false, is-layout-requested=false, is-selected=false, layout-params=android.widget.AbsListView$LayoutParams&#64;2e45553, tag=null, root-is-layout-requested=false, has-input-connection=false, x=0.0, y=1197.0, child-count=2} ****MATCHES****
|
+--------&gt;TextView{id=2130903060, res-name=text1, desc=Name, visibility=VISIBLE, width=945, height=78, has-focus=false, has-focusable=false, has-window-focus=true, is-clickable=false, is-enabled=true, is-focused=false, is-focusable=false, is-layout-requested=false, is-selected=false, layout-params=android.widget.LinearLayout$LayoutParams&#64;e69ce90, tag=null, root-is-layout-requested=false, has-input-connection=false, x=26.0, y=26.0, text=List, input-type=0, ime-target=false, has-links=false}
|
+--------&gt;TextView{id=2130903061, res-name=text2, desc=text2, visibility=VISIBLE, width=109, height=64, has-focus=false, has-focusable=false, has-window-focus=true, is-clickable=false, is-enabled=true, is-focused=false, is-focusable=false, is-layout-requested=false, is-selected=false, layout-params=android.widget.LinearLayout$LayoutParams&#64;35d0389, tag=null, root-is-layout-requested=false, has-input-connection=false, x=971.0, y=35.0, text=(0/0), input-type=0, ime-target=false, has-links=false}
|
+-------&gt;LinearLayout{id=-1, visibility=VISIBLE, width=1080, height=130, has-focus=false, has-focusable=false, has-window-focus=true, is-clickable=false, is-enabled=true, is-focused=false, is-focusable=false, is-layout-requested=false, is-selected=false, layout-params=android.widget.AbsListView$LayoutParams&#64;aa46f8e, tag=null, root-is-layout-requested=false, has-input-connection=false, x=0.0, y=1330.0, child-count=2} ****MATCHES****
|
+--------&gt;TextView{id=2130903060, res-name=text1, desc=Name, visibility=VISIBLE, width=945, height=78, has-focus=false, has-focusable=false, has-window-focus=true, is-clickable=false, is-enabled=true, is-focused=false, is-focusable=false, is-layout-requested=false, is-selected=false, layout-params=android.widget.LinearLayout$LayoutParams&#64;7d4f3af, tag=null, root-is-layout-requested=false, has-input-connection=false, x=26.0, y=26.0, text=List, input-type=0, ime-target=false, has-links=false}
|
+--------&gt;TextView{id=2130903061, res-name=text2, desc=text2, visibility=VISIBLE, width=109, height=64, has-focus=false, has-focusable=false, has-window-focus=true, is-clickable=false, is-enabled=true, is-focused=false, is-focusable=false, is-layout-requested=false, is-selected=false, layout-params=android.widget.LinearLayout$LayoutParams&#64;4543bc, tag=null, root-is-layout-requested=false, has-input-connection=false, x=971.0, y=35.0, text=(0/0), input-type=0, ime-target=false, has-links=false}
|
+-----&gt;LinearLayout{id=2130903057, res-name=itemsView, visibility=GONE, width=0, height=0, has-focus=false, has-focusable=false, has-window-focus=true, is-clickable=false, is-enabled=true, is-focused=false, is-focusable=false, is-layout-requested=true, is-selected=false, layout-params=android.widget.FrameLayout$LayoutParams&#64;8871bcb, tag=null, root-is-layout-requested=false, has-input-connection=false, x=0.0, y=0.0, child-count=2}
|
+------&gt;LinearLayout{id=2130903048, res-name=LinearLayout01, visibility=VISIBLE, width=0, height=0, has-focus=false, has-focusable=true, has-window-focus=true, is-clickable=false, is-enabled=true, is-focused=false, is-focusable=false, is-layout-requested=true, is-selected=false, layout-params=android.widget.LinearLayout$LayoutParams&#64;912e266, tag=null, root-is-layout-requested=false, has-input-connection=false, x=0.0, y=0.0, child-count=2}
|
+-------&gt;EditText{id=2130903041, res-name=AddItemEditText, desc=addItemEditText, visibility=VISIBLE, width=0, height=0, has-focus=false, has-focusable=true, has-window-focus=true, is-clickable=true, is-enabled=true, is-focused=false, is-focusable=true, is-layout-requested=true, is-selected=false, layout-params=android.widget.LinearLayout$LayoutParams&#64;ee9a9a7, tag=null, root-is-layout-requested=false, has-input-connection=true, editor-info=[inputType=0x31 imeOptions=0x8000006 privateImeOptions=null actionLabel=null actionId=0 initialSelStart=0 initialSelEnd=0 initialCapsMode=0x0 hintText=New Item Name label=null packageName=null fieldId=0 fieldName=null extras=null hintLocales=null contentMimeTypes=null ], x=0.0, y=0.0, text=, hint=New Item Name, input-type=49, ime-target=false, has-links=false}
|
+-------&gt;Button{id=2130903040, res-name=AddItemButton, desc=Add, visibility=VISIBLE, width=0, height=0, has-focus=false, has-focusable=true, has-window-focus=true, is-clickable=true, is-enabled=true, is-focused=false, is-focusable=true, is-layout-requested=true, is-selected=false, layout-params=android.widget.LinearLayout$LayoutParams&#64;9584e54, tag=null, root-is-layout-requested=false, has-input-connection=false, x=0.0, y=0.0, text=Add, input-type=0, ime-target=false, has-links=false}
|
+------&gt;ListView{id=2130903047, res-name=ItemsListView, visibility=VISIBLE, width=0, height=0, has-focus=false, has-focusable=false, has-window-focus=true, is-clickable=true, is-enabled=true, is-focused=false, is-focusable=false, is-layout-requested=true, is-selected=false, layout-params=android.widget.LinearLayout$LayoutParams&#64;b6f21fd, tag=null, root-is-layout-requested=false, has-input-connection=false, x=0.0, y=0.0, child-count=0}
|
+--&gt;ActionBarContainer{id=16908669, res-name=action_bar_container, visibility=VISIBLE, width=1080, height=147, has-focus=false, has-focusable=false, has-window-focus=true, is-clickable=false, is-enabled=true, is-focused=false, is-focusable=false, is-layout-requested=false, is-selected=false, layout-params=com.android.internal.widget.ActionBarOverlayLayout$LayoutParams&#64;215fbc0, tag=null, root-is-layout-requested=false, has-input-connection=false, x=0.0, y=63.0, child-count=2}
|
+---&gt;Toolbar{id=16908668, res-name=action_bar, visibility=VISIBLE, width=1080, height=147, has-focus=false, has-focusable=false, has-window-focus=true, is-clickable=false, is-enabled=true, is-focused=false, is-focusable=false, is-layout-requested=false, is-selected=false, layout-params=android.widget.FrameLayout$LayoutParams&#64;c90e0f9, tag=null, root-is-layout-requested=false, has-input-connection=false, x=0.0, y=0.0, child-count=2}
|
+----&gt;TextView{id=-1, visibility=VISIBLE, width=240, height=71, has-focus=false, has-focusable=false, has-window-focus=true, is-clickable=false, is-enabled=true, is-focused=false, is-focusable=false, is-layout-requested=false, is-selected=false, layout-params=android.widget.Toolbar$LayoutParams&#64;7d1d83e, tag=null, root-is-layout-requested=false, has-input-connection=false, x=42.0, y=38.0, text=Simply Do, input-type=0, ime-target=false, has-links=false}
|
+----&gt;ActionMenuView{id=-1, visibility=VISIBLE, width=105, height=147, has-focus=false, has-focusable=false, has-window-focus=true, is-clickable=false, is-enabled=true, is-focused=false, is-focusable=false, is-layout-requested=false, is-selected=false, layout-params=android.widget.Toolbar$LayoutParams&#64;83f13ec, tag=null, root-is-layout-requested=false, has-input-connection=false, x=975.0, y=0.0, child-count=1} ****MATCHES****
|
+-----&gt;OverflowMenuButton{id=-1, desc=More options, visibility=VISIBLE, width=105, height=126, has-focus=false, has-focusable=false, has-window-focus=true, is-clickable=true, is-enabled=true, is-focused=false, is-focusable=true, is-layout-requested=false, is-selected=false, layout-params=android.widget.ActionMenuView$LayoutParams&#64;f7593b5, tag=null, root-is-layout-requested=false, has-input-connection=false, x=0.0, y=10.0}
|
+---&gt;ActionBarContextView{id=16908673, res-name=action_context_bar, visibility=GONE, width=0, height=0, has-focus=false, has-focusable=false, has-window-focus=true, is-clickable=false, is-enabled=true, is-focused=false, is-focusable=false, is-layout-requested=true, is-selected=false, layout-params=android.widget.FrameLayout$LayoutParams&#64;b0f3a4a, tag=null, root-is-layout-requested=false, has-input-connection=false, x=0.0, y=0.0, child-count=0}
|
+-&gt;View{id=16908336, res-name=navigationBarBackground, visibility=VISIBLE, width=1080, height=126, has-focus=false, has-focusable=false, has-window-focus=true, is-clickable=false, is-enabled=true, is-focused=false, is-focusable=false, is-layout-requested=false, is-selected=false, layout-params=android.widget.FrameLayout$LayoutParams&#64;87a8dbb, tag=null, root-is-layout-requested=false, has-input-connection=false, x=0.0, y=1794.0}
|
+-&gt;View{id=16908335, res-name=statusBarBackground, visibility=VISIBLE, width=1080, height=63, has-focus=false, has-focusable=false, has-window-focus=true, is-clickable=false, is-enabled=true, is-focused=false, is-focusable=false, is-layout-requested=false, is-selected=false, layout-params=android.widget.FrameLayout$LayoutParams&#64;cff82d8, tag=null, root-is-layout-requested=false, has-input-connection=false, x=0.0, y=0.0}
|
at dalvik.system.VMStack.getThreadStackTrace(Native Method)
at java.lang.Thread.getStackTrace(Thread.java:1536)
at android.support.test.espresso.base.DefaultFailureHandler.getUserFriendlyError(DefaultFailureHandler.java:88)
at android.support.test.espresso.base.DefaultFailureHandler.handle(DefaultFailureHandler.java:51)
at android.support.test.espresso.ViewInteraction.waitForAndHandleInteractionResults(ViewInteraction.java:312)
at android.support.test.espresso.ViewInteraction.check(ViewInteraction.java:297)
at kdk.android.simplydo.C6.AddAssertC6.addAssertC6(AddAssertC6.java:53)
at java.lang.reflect.Method.invoke(Native Method)
at org.junit.runners.model.FrameworkMethod$1.runReflectiveCall(FrameworkMethod.java:50)
at org.junit.internal.runners.model.ReflectiveCallable.run(ReflectiveCallable.java:12)
at org.junit.runners.model.FrameworkMethod.invokeExplosively(FrameworkMethod.java:47)
at org.junit.internal.runners.statements.InvokeMethod.evaluate(InvokeMethod.java:17)
at android.support.test.rule.ActivityTestRule$ActivityStatement.evaluate(ActivityTestRule.java:527)
at org.junit.rules.RunRules.evaluate(RunRules.java:20)
at org.junit.runners.ParentRunner.runLeaf(ParentRunner.java:325)
at org.junit.runners.BlockJUnit4ClassRunner.runChild(BlockJUnit4ClassRunner.java:78)
at org.junit.runners.BlockJUnit4ClassRunner.runChild(BlockJUnit4ClassRunner.java:57)
at org.junit.runners.ParentRunner$3.run(ParentRunner.java:290)
at org.junit.runners.ParentRunner$1.schedule(ParentRunner.java:71)
at org.junit.runners.ParentRunner.runChildren(ParentRunner.java:288)
at org.junit.runners.ParentRunner.access$000(ParentRunner.java:58)
at org.junit.runners.ParentRunner$2.evaluate(ParentRunner.java:268)
at org.junit.runners.ParentRunner.run(ParentRunner.java:363)
at android.support.test.runner.AndroidJUnit4.run(AndroidJUnit4.java:101)
at org.junit.runners.Suite.runChild(Suite.java:128)
at org.junit.runners.Suite.runChild(Suite.java:27)
at org.junit.runners.ParentRunner$3.run(ParentRunner.java:290)
at org.junit.runners.ParentRunner$1.schedule(ParentRunner.java:71)
at org.junit.runners.ParentRunner.runChildren(ParentRunner.java:288)
at org.junit.runners.ParentRunner.access$000(ParentRunner.java:58)
at org.junit.runners.ParentRunner$2.evaluate(ParentRunner.java:268)
at org.junit.runners.ParentRunner.run(ParentRunner.java:363)
at org.junit.runner.JUnitCore.run(JUnitCore.java:137)
at org.junit.runner.JUnitCore.run(JUnitCore.java:115)
at android.support.test.internal.runner.TestExecutor.execute(TestExecutor.java:56)
at android.support.test.runner.AndroidJUnitRunner.onStart(AndroidJUnitRunner.java:384)
at android.app.Instrumentation$InstrumentationThread.run(Instrumentation.java:2074)
</failure>
  </testcase>
  <testcase name="addItemC6" classname="kdk.android.simplydo.C6.AddItemC6" time="1.009">
    <failure>android.support.test.espresso.AmbiguousViewMatcherException: '(with class name: is "android.widget.LinearLayout" and is displayed on the screen to the user)' matches multiple views in the hierarchy.
Problem views are marked with '****MATCHES****' below.

View Hierarchy:
+&gt;DecorView{id=-1, visibility=VISIBLE, width=1080, height=1920, has-focus=true, has-focusable=true, has-window-focus=true, is-clickable=false, is-enabled=true, is-focused=false, is-focusable=false, is-layout-requested=false, is-selected=false, layout-params=WM.LayoutParams{(0,0)(fillxfill) sim=#3 ty=1 fl=#81810100 pfl=0x20000 wanim=0x10302f6 needsMenuKey=2 colorMode=0}, tag=null, root-is-layout-requested=false, has-input-connection=false, x=0.0, y=0.0, child-count=3}
|
+-&gt;ActionBarOverlayLayout{id=16908822, res-name=decor_content_parent, visibility=VISIBLE, width=1080, height=1794, has-focus=true, has-focusable=true, has-window-focus=true, is-clickable=false, is-enabled=true, is-focused=false, is-focusable=false, is-layout-requested=false, is-selected=false, layout-params=android.widget.FrameLayout$LayoutParams&#64;e3fbd2, tag=null, root-is-layout-requested=false, has-input-connection=false, x=0.0, y=0.0, child-count=2}
|
+--&gt;FrameLayout{id=16908290, res-name=content, visibility=VISIBLE, width=1080, height=1584, has-focus=true, has-focusable=true, has-window-focus=true, is-clickable=false, is-enabled=true, is-focused=false, is-focusable=false, is-layout-requested=false, is-selected=false, layout-params=com.android.internal.widget.ActionBarOverlayLayout$LayoutParams&#64;e3864a3, tag=null, root-is-layout-requested=false, has-input-connection=false, x=0.0, y=210.0, child-count=1}
|
+---&gt;LinearLayout{id=-1, visibility=VISIBLE, width=1080, height=1584, has-focus=true, has-focusable=true, has-window-focus=true, is-clickable=false, is-enabled=true, is-focused=false, is-focusable=false, is-layout-requested=false, is-selected=false, layout-params=android.widget.FrameLayout$LayoutParams&#64;aad6b59, tag=null, root-is-layout-requested=false, has-input-connection=false, x=0.0, y=0.0, child-count=1} ****MATCHES****
|
+----&gt;ViewSwitcher{id=2130903049, res-name=ListsItemsSwitcher, visibility=VISIBLE, width=1080, height=1584, has-focus=true, has-focusable=true, has-window-focus=true, is-clickable=false, is-enabled=true, is-focused=false, is-focusable=false, is-layout-requested=false, is-selected=false, layout-params=android.widget.LinearLayout$LayoutParams&#64;7e2a7ff, tag=null, root-is-layout-requested=false, has-input-connection=false, x=0.0, y=0.0, child-count=2}
|
+-----&gt;LinearLayout{id=2130903059, res-name=listsView, visibility=VISIBLE, width=1080, height=1584, has-focus=true, has-focusable=true, has-window-focus=true, is-clickable=false, is-enabled=true, is-focused=false, is-focusable=false, is-layout-requested=false, is-selected=false, layout-params=android.widget.FrameLayout$LayoutParams&#64;8eb69cc, tag=null, root-is-layout-requested=false, has-input-connection=false, x=0.0, y=0.0, child-count=2} ****MATCHES****
|
+------&gt;LinearLayout{id=2130903048, res-name=LinearLayout01, visibility=VISIBLE, width=1080, height=126, has-focus=true, has-focusable=true, has-window-focus=true, is-clickable=false, is-enabled=true, is-focused=false, is-focusable=false, is-layout-requested=false, is-selected=false, layout-params=android.widget.LinearLayout$LayoutParams&#64;6406415, tag=null, root-is-layout-requested=false, has-input-connection=false, x=0.0, y=0.0, child-count=2} ****MATCHES****
|
+-------&gt;EditText{id=2130903043, res-name=AddListEditText, desc=addlistedittext, visibility=VISIBLE, width=849, height=126, has-focus=true, has-focusable=true, has-window-focus=true, is-clickable=true, is-enabled=true, is-focused=true, is-focusable=true, is-layout-requested=false, is-selected=false, layout-params=android.widget.LinearLayout$LayoutParams&#64;527332a, tag=null, root-is-layout-requested=false, has-input-connection=true, editor-info=[inputType=0x31 imeOptions=0x8000006 privateImeOptions=null actionLabel=null actionId=0 initialSelStart=0 initialSelEnd=0 initialCapsMode=0x0 hintText=New List Name label=null packageName=null fieldId=0 fieldName=null extras=null hintLocales=null contentMimeTypes=null ], x=0.0, y=0.0, text=, hint=New List Name, input-type=49, ime-target=true, has-links=false}
|
+-------&gt;Button{id=2130903042, res-name=AddListButton, desc=Add, visibility=VISIBLE, width=231, height=126, has-focus=false, has-focusable=true, has-window-focus=true, is-clickable=true, is-enabled=true, is-focused=false, is-focusable=true, is-layout-requested=false, is-selected=false, layout-params=android.widget.LinearLayout$LayoutParams&#64;fc3c51b, tag=null, root-is-layout-requested=false, has-input-connection=false, x=849.0, y=0.0, text=Add, input-type=0, ime-target=false, has-links=false}
|
+------&gt;ListView{id=2130903050, res-name=ListsListView, visibility=VISIBLE, width=1080, height=1458, has-focus=false, has-focusable=true, has-window-focus=true, is-clickable=true, is-enabled=true, is-focused=false, is-focusable=true, is-layout-requested=false, is-selected=false, layout-params=android.widget.LinearLayout$LayoutParams&#64;a4b56b8, tag=null, root-is-layout-requested=false, has-input-connection=false, x=0.0, y=126.0, child-count=11}
|
+-------&gt;LinearLayout{id=-1, visibility=VISIBLE, width=1080, height=130, has-focus=false, has-focusable=false, has-window-focus=true, is-clickable=false, is-enabled=true, is-focused=false, is-focusable=false, is-layout-requested=false, is-selected=false, layout-params=android.widget.AbsListView$LayoutParams&#64;d02c91, tag=null, root-is-layout-requested=false, has-input-connection=false, x=0.0, y=0.0, child-count=2} ****MATCHES****
|
+--------&gt;TextView{id=2130903060, res-name=text1, desc=Name, visibility=VISIBLE, width=924, height=78, has-focus=false, has-focusable=false, has-window-focus=true, is-clickable=false, is-enabled=true, is-focused=false, is-focusable=false, is-layout-requested=false, is-selected=false, layout-params=android.widget.LinearLayout$LayoutParams&#64;f5d57f6, tag=null, root-is-layout-requested=false, has-input-connection=false, x=26.0, y=26.0, text=list, input-type=0, ime-target=false, has-links=false}
|
+--------&gt;TextView{id=2130903061, res-name=text2, desc=text2, visibility=VISIBLE, width=130, height=64, has-focus=false, has-focusable=false, has-window-focus=true, is-clickable=false, is-enabled=true, is-focused=false, is-focusable=false, is-layout-requested=false, is-selected=false, layout-params=android.widget.LinearLayout$LayoutParams&#64;9cf97f7, tag=null, root-is-layout-requested=false, has-input-connection=false, x=950.0, y=35.0, text=(9/13), input-type=0, ime-target=false, has-links=false}
|
+-------&gt;LinearLayout{id=-1, visibility=VISIBLE, width=1080, height=130, has-focus=false, has-focusable=false, has-window-focus=true, is-clickable=false, is-enabled=true, is-focused=false, is-focusable=false, is-layout-requested=false, is-selected=false, layout-params=android.widget.AbsListView$LayoutParams&#64;dbb2664, tag=null, root-is-layout-requested=false, has-input-connection=false, x=0.0, y=133.0, child-count=2} ****MATCHES****
|
+--------&gt;TextView{id=2130903060, res-name=text1, desc=Name, visibility=VISIBLE, width=903, height=78, has-focus=false, has-focusable=false, has-window-focus=true, is-clickable=false, is-enabled=true, is-focused=false, is-focusable=false, is-layout-requested=false, is-selected=false, layout-params=android.widget.LinearLayout$LayoutParams&#64;3ba00cd, tag=null, root-is-layout-requested=false, has-input-connection=false, x=26.0, y=26.0, text=list, input-type=0, ime-target=false, has-links=false}
|
+--------&gt;TextView{id=2130903061, res-name=text2, desc=text2, visibility=VISIBLE, width=151, height=64, has-focus=false, has-focusable=false, has-window-focus=true, is-clickable=false, is-enabled=true, is-focused=false, is-focusable=false, is-layout-requested=false, is-selected=false, layout-params=android.widget.LinearLayout$LayoutParams&#64;dfefd82, tag=null, root-is-layout-requested=false, has-input-connection=false, x=929.0, y=35.0, text=(12/20), input-type=0, ime-target=false, has-links=false}
|
+-------&gt;LinearLayout{id=-1, visibility=VISIBLE, width=1080, height=130, has-focus=false, has-focusable=false, has-window-focus=true, is-clickable=false, is-enabled=true, is-focused=false, is-focusable=false, is-layout-requested=false, is-selected=false, layout-params=android.widget.AbsListView$LayoutParams&#64;b5bbc93, tag=null, root-is-layout-requested=false, has-input-connection=false, x=0.0, y=266.0, child-count=2} ****MATCHES****
|
+--------&gt;TextView{id=2130903060, res-name=text1, desc=Name, visibility=VISIBLE, width=945, height=78, has-focus=false, has-focusable=false, has-window-focus=true, is-clickable=false, is-enabled=true, is-focused=false, is-focusable=false, is-layout-requested=false, is-selected=false, layout-params=android.widget.LinearLayout$LayoutParams&#64;63644d0, tag=null, root-is-layout-requested=false, has-input-connection=false, x=26.0, y=26.0, text=List, input-type=0, ime-target=false, has-links=false}
|
+--------&gt;TextView{id=2130903061, res-name=text2, desc=text2, visibility=VISIBLE, width=109, height=64, has-focus=false, has-focusable=false, has-window-focus=true, is-clickable=false, is-enabled=true, is-focused=false, is-focusable=false, is-layout-requested=false, is-selected=false, layout-params=android.widget.LinearLayout$LayoutParams&#64;6f2dcc9, tag=null, root-is-layout-requested=false, has-input-connection=false, x=971.0, y=35.0, text=(0/0), input-type=0, ime-target=false, has-links=false}
|
+-------&gt;LinearLayout{id=-1, visibility=VISIBLE, width=1080, height=130, has-focus=false, has-focusable=false, has-window-focus=true, is-clickable=false, is-enabled=true, is-focused=false, is-focusable=false, is-layout-requested=false, is-selected=false, layout-params=android.widget.AbsListView$LayoutParams&#64;1236fce, tag=null, root-is-layout-requested=false, has-input-connection=false, x=0.0, y=399.0, child-count=2} ****MATCHES****
|
+--------&gt;TextView{id=2130903060, res-name=text1, desc=Name, visibility=VISIBLE, width=945, height=78, has-focus=false, has-focusable=false, has-window-focus=true, is-clickable=false, is-enabled=true, is-focused=false, is-focusable=false, is-layout-requested=false, is-selected=false, layout-params=android.widget.LinearLayout$LayoutParams&#64;f7b8eef, tag=null, root-is-layout-requested=false, has-input-connection=false, x=26.0, y=26.0, text=List, input-type=0, ime-target=false, has-links=false}
|
+--------&gt;TextView{id=2130903061, res-name=text2, desc=text2, visibility=VISIBLE, width=109, height=64, has-focus=false, has-focusable=false, has-window-focus=true, is-clickable=false, is-enabled=true, is-focused=false, is-focusable=false, is-layout-requested=false, is-selected=false, layout-params=android.widget.LinearLayout$LayoutParams&#64;902ddfc, tag=null, root-is-layout-requested=false, has-input-connection=false, x=971.0, y=35.0, text=(0/0), input-type=0, ime-target=false, has-links=false}
|
+-------&gt;LinearLayout{id=-1, visibility=VISIBLE, width=1080, height=130, has-focus=false, has-focusable=false, has-window-focus=true, is-clickable=false, is-enabled=true, is-focused=false, is-focusable=false, is-layout-requested=false, is-selected=false, layout-params=android.widget.AbsListView$LayoutParams&#64;2c37c85, tag=null, root-is-layout-requested=false, has-input-connection=false, x=0.0, y=532.0, child-count=2} ****MATCHES****
|
+--------&gt;TextView{id=2130903060, res-name=text1, desc=Name, visibility=VISIBLE, width=945, height=78, has-focus=false, has-focusable=false, has-window-focus=true, is-clickable=false, is-enabled=true, is-focused=false, is-focusable=false, is-layout-requested=false, is-selected=false, layout-params=android.widget.LinearLayout$LayoutParams&#64;10abada, tag=null, root-is-layout-requested=false, has-input-connection=false, x=26.0, y=26.0, text=List, input-type=0, ime-target=false, has-links=false}
|
+--------&gt;TextView{id=2130903061, res-name=text2, desc=text2, visibility=VISIBLE, width=109, height=64, has-focus=false, has-focusable=false, has-window-focus=true, is-clickable=false, is-enabled=true, is-focused=false, is-focusable=false, is-layout-requested=false, is-selected=false, layout-params=android.widget.LinearLayout$LayoutParams&#64;51c2b0b, tag=null, root-is-layout-requested=false, has-input-connection=false, x=971.0, y=35.0, text=(0/0), input-type=0, ime-target=false, has-links=false}
|
+-------&gt;LinearLayout{id=-1, visibility=VISIBLE, width=1080, height=130, has-focus=false, has-focusable=false, has-window-focus=true, is-clickable=false, is-enabled=true, is-focused=false, is-focusable=false, is-layout-requested=false, is-selected=false, layout-params=android.widget.AbsListView$LayoutParams&#64;79ddde8, tag=null, root-is-layout-requested=false, has-input-connection=false, x=0.0, y=665.0, child-count=2} ****MATCHES****
|
+--------&gt;TextView{id=2130903060, res-name=text1, desc=Name, visibility=VISIBLE, width=945, height=78, has-focus=false, has-focusable=false, has-window-focus=true, is-clickable=false, is-enabled=true, is-focused=false, is-focusable=false, is-layout-requested=false, is-selected=false, layout-params=android.widget.LinearLayout$LayoutParams&#64;1445c01, tag=null, root-is-layout-requested=false, has-input-connection=false, x=26.0, y=26.0, text=List, input-type=0, ime-target=false, has-links=false}
|
+--------&gt;TextView{id=2130903061, res-name=text2, desc=text2, visibility=VISIBLE, width=109, height=64, has-focus=false, has-focusable=false, has-window-focus=true, is-clickable=false, is-enabled=true, is-focused=false, is-focusable=false, is-layout-requested=false, is-selected=false, layout-params=android.widget.LinearLayout$LayoutParams&#64;7e9aaa6, tag=null, root-is-layout-requested=false, has-input-connection=false, x=971.0, y=35.0, text=(0/0), input-type=0, ime-target=false, has-links=false}
|
+-------&gt;LinearLayout{id=-1, visibility=VISIBLE, width=1080, height=130, has-focus=false, has-focusable=false, has-window-focus=true, is-clickable=false, is-enabled=true, is-focused=false, is-focusable=false, is-layout-requested=false, is-selected=false, layout-params=android.widget.AbsListView$LayoutParams&#64;2e06ce7, tag=null, root-is-layout-requested=false, has-input-connection=false, x=0.0, y=798.0, child-count=2} ****MATCHES****
|
+--------&gt;TextView{id=2130903060, res-name=text1, desc=Name, visibility=VISIBLE, width=945, height=78, has-focus=false, has-focusable=false, has-window-focus=true, is-clickable=false, is-enabled=true, is-focused=false, is-focusable=false, is-layout-requested=false, is-selected=false, layout-params=android.widget.LinearLayout$LayoutParams&#64;c66f094, tag=null, root-is-layout-requested=false, has-input-connection=false, x=26.0, y=26.0, text=List, input-type=0, ime-target=false, has-links=false}
|
+--------&gt;TextView{id=2130903061, res-name=text2, desc=text2, visibility=VISIBLE, width=109, height=64, has-focus=false, has-focusable=false, has-window-focus=true, is-clickable=false, is-enabled=true, is-focused=false, is-focusable=false, is-layout-requested=false, is-selected=false, layout-params=android.widget.LinearLayout$LayoutParams&#64;b99b73d, tag=null, root-is-layout-requested=false, has-input-connection=false, x=971.0, y=35.0, text=(0/0), input-type=0, ime-target=false, has-links=false}
|
+-------&gt;LinearLayout{id=-1, visibility=VISIBLE, width=1080, height=130, has-focus=false, has-focusable=false, has-window-focus=true, is-clickable=false, is-enabled=true, is-focused=false, is-focusable=false, is-layout-requested=false, is-selected=false, layout-params=android.widget.AbsListView$LayoutParams&#64;c75cb32, tag=null, root-is-layout-requested=false, has-input-connection=false, x=0.0, y=931.0, child-count=2} ****MATCHES****
|
+--------&gt;TextView{id=2130903060, res-name=text1, desc=Name, visibility=VISIBLE, width=945, height=78, has-focus=false, has-focusable=false, has-window-focus=true, is-clickable=false, is-enabled=true, is-focused=false, is-focusable=false, is-layout-requested=false, is-selected=false, layout-params=android.widget.LinearLayout$LayoutParams&#64;cbcf083, tag=null, root-is-layout-requested=false, has-input-connection=false, x=26.0, y=26.0, text=List, input-type=0, ime-target=false, has-links=false}
|
+--------&gt;TextView{id=2130903061, res-name=text2, desc=text2, visibility=VISIBLE, width=109, height=64, has-focus=false, has-focusable=false, has-window-focus=true, is-clickable=false, is-enabled=true, is-focused=false, is-focusable=false, is-layout-requested=false, is-selected=false, layout-params=android.widget.LinearLayout$LayoutParams&#64;60c8200, tag=null, root-is-layout-requested=false, has-input-connection=false, x=971.0, y=35.0, text=(0/0), input-type=0, ime-target=false, has-links=false}
|
+-------&gt;LinearLayout{id=-1, visibility=VISIBLE, width=1080, height=130, has-focus=false, has-focusable=false, has-window-focus=true, is-clickable=false, is-enabled=true, is-focused=false, is-focusable=false, is-layout-requested=false, is-selected=false, layout-params=android.widget.AbsListView$LayoutParams&#64;eef8a39, tag=null, root-is-layout-requested=false, has-input-connection=false, x=0.0, y=1064.0, child-count=2} ****MATCHES****
|
+--------&gt;TextView{id=2130903060, res-name=text1, desc=Name, visibility=VISIBLE, width=945, height=78, has-focus=false, has-focusable=false, has-window-focus=true, is-clickable=false, is-enabled=true, is-focused=false, is-focusable=false, is-layout-requested=false, is-selected=false, layout-params=android.widget.LinearLayout$LayoutParams&#64;931687e, tag=null, root-is-layout-requested=false, has-input-connection=false, x=26.0, y=26.0, text=List, input-type=0, ime-target=false, has-links=false}
|
+--------&gt;TextView{id=2130903061, res-name=text2, desc=text2, visibility=VISIBLE, width=109, height=64, has-focus=false, has-focusable=false, has-window-focus=true, is-clickable=false, is-enabled=true, is-focused=false, is-focusable=false, is-layout-requested=false, is-selected=false, layout-params=android.widget.LinearLayout$LayoutParams&#64;75411df, tag=null, root-is-layout-requested=false, has-input-connection=false, x=971.0, y=35.0, text=(0/0), input-type=0, ime-target=false, has-links=false}
|
+-------&gt;LinearLayout{id=-1, visibility=VISIBLE, width=1080, height=130, has-focus=false, has-focusable=false, has-window-focus=true, is-clickable=false, is-enabled=true, is-focused=false, is-focusable=false, is-layout-requested=false, is-selected=false, layout-params=android.widget.AbsListView$LayoutParams&#64;db7be2c, tag=null, root-is-layout-requested=false, has-input-connection=false, x=0.0, y=1197.0, child-count=2} ****MATCHES****
|
+--------&gt;TextView{id=2130903060, res-name=text1, desc=Name, visibility=VISIBLE, width=945, height=78, has-focus=false, has-focusable=false, has-window-focus=true, is-clickable=false, is-enabled=true, is-focused=false, is-focusable=false, is-layout-requested=false, is-selected=false, layout-params=android.widget.LinearLayout$LayoutParams&#64;53590f5, tag=null, root-is-layout-requested=false, has-input-connection=false, x=26.0, y=26.0, text=List, input-type=0, ime-target=false, has-links=false}
|
+--------&gt;TextView{id=2130903061, res-name=text2, desc=text2, visibility=VISIBLE, width=109, height=64, has-focus=false, has-focusable=false, has-window-focus=true, is-clickable=false, is-enabled=true, is-focused=false, is-focusable=false, is-layout-requested=false, is-selected=false, layout-params=android.widget.LinearLayout$LayoutParams&#64;c778e8a, tag=null, root-is-layout-requested=false, has-input-connection=false, x=971.0, y=35.0, text=(0/0), input-type=0, ime-target=false, has-links=false}
|
+-------&gt;LinearLayout{id=-1, visibility=VISIBLE, width=1080, height=130, has-focus=false, has-focusable=false, has-window-focus=true, is-clickable=false, is-enabled=true, is-focused=false, is-focusable=false, is-layout-requested=false, is-selected=false, layout-params=android.widget.AbsListView$LayoutParams&#64;511ecfb, tag=null, root-is-layout-requested=false, has-input-connection=false, x=0.0, y=1330.0, child-count=2} ****MATCHES****
|
+--------&gt;TextView{id=2130903060, res-name=text1, desc=Name, visibility=VISIBLE, width=945, height=78, has-focus=false, has-focusable=false, has-window-focus=true, is-clickable=false, is-enabled=true, is-focused=false, is-focusable=false, is-layout-requested=false, is-selected=false, layout-params=android.widget.LinearLayout$LayoutParams&#64;3f89118, tag=null, root-is-layout-requested=false, has-input-connection=false, x=26.0, y=26.0, text=List, input-type=0, ime-target=false, has-links=false}
|
+--------&gt;TextView{id=2130903061, res-name=text2, desc=text2, visibility=VISIBLE, width=109, height=64, has-focus=false, has-focusable=false, has-window-focus=true, is-clickable=false, is-enabled=true, is-focused=false, is-focusable=false, is-layout-requested=false, is-selected=false, layout-params=android.widget.LinearLayout$LayoutParams&#64;d9b4771, tag=null, root-is-layout-requested=false, has-input-connection=false, x=971.0, y=35.0, text=(0/0), input-type=0, ime-target=false, has-links=false}
|
+-----&gt;LinearLayout{id=2130903057, res-name=itemsView, visibility=GONE, width=0, height=0, has-focus=false, has-focusable=false, has-window-focus=true, is-clickable=false, is-enabled=true, is-focused=false, is-focusable=false, is-layout-requested=true, is-selected=false, layout-params=android.widget.FrameLayout$LayoutParams&#64;71a6c4, tag=null, root-is-layout-requested=false, has-input-connection=false, x=0.0, y=0.0, child-count=2}
|
+------&gt;LinearLayout{id=2130903048, res-name=LinearLayout01, visibility=VISIBLE, width=0, height=0, has-focus=false, has-focusable=true, has-window-focus=true, is-clickable=false, is-enabled=true, is-focused=false, is-focusable=false, is-layout-requested=true, is-selected=false, layout-params=android.widget.LinearLayout$LayoutParams&#64;b8b0073, tag=null, root-is-layout-requested=false, has-input-connection=false, x=0.0, y=0.0, child-count=2}
|
+-------&gt;EditText{id=2130903041, res-name=AddItemEditText, desc=addItemEditText, visibility=VISIBLE, width=0, height=0, has-focus=false, has-focusable=true, has-window-focus=true, is-clickable=true, is-enabled=true, is-focused=false, is-focusable=true, is-layout-requested=true, is-selected=false, layout-params=android.widget.LinearLayout$LayoutParams&#64;446b30, tag=null, root-is-layout-requested=false, has-input-connection=true, editor-info=[inputType=0x31 imeOptions=0x8000006 privateImeOptions=null actionLabel=null actionId=0 initialSelStart=0 initialSelEnd=0 initialCapsMode=0x0 hintText=New Item Name label=null packageName=null fieldId=0 fieldName=null extras=null hintLocales=null contentMimeTypes=null ], x=0.0, y=0.0, text=, hint=New Item Name, input-type=49, ime-target=false, has-links=false}
|
+-------&gt;Button{id=2130903040, res-name=AddItemButton, desc=Add, visibility=VISIBLE, width=0, height=0, has-focus=false, has-focusable=true, has-window-focus=true, is-clickable=true, is-enabled=true, is-focused=false, is-focusable=true, is-layout-requested=true, is-selected=false, layout-params=android.widget.LinearLayout$LayoutParams&#64;cea73a9, tag=null, root-is-layout-requested=false, has-input-connection=false, x=0.0, y=0.0, text=Add, input-type=0, ime-target=false, has-links=false}
|
+------&gt;ListView{id=2130903047, res-name=ItemsListView, visibility=VISIBLE, width=0, height=0, has-focus=false, has-focusable=false, has-window-focus=true, is-clickable=true, is-enabled=true, is-focused=false, is-focusable=false, is-layout-requested=true, is-selected=false, layout-params=android.widget.LinearLayout$LayoutParams&#64;cc6ed2e, tag=null, root-is-layout-requested=false, has-input-connection=false, x=0.0, y=0.0, child-count=0}
|
+--&gt;ActionBarContainer{id=16908669, res-name=action_bar_container, visibility=VISIBLE, width=1080, height=147, has-focus=false, has-focusable=false, has-window-focus=true, is-clickable=false, is-enabled=true, is-focused=false, is-focusable=false, is-layout-requested=false, is-selected=false, layout-params=com.android.internal.widget.ActionBarOverlayLayout$LayoutParams&#64;54da165, tag=null, root-is-layout-requested=false, has-input-connection=false, x=0.0, y=63.0, child-count=2}
|
+---&gt;Toolbar{id=16908668, res-name=action_bar, visibility=VISIBLE, width=1080, height=147, has-focus=false, has-focusable=false, has-window-focus=true, is-clickable=false, is-enabled=true, is-focused=false, is-focusable=false, is-layout-requested=false, is-selected=false, layout-params=android.widget.FrameLayout$LayoutParams&#64;258ae3a, tag=null, root-is-layout-requested=false, has-input-connection=false, x=0.0, y=0.0, child-count=2}
|
+----&gt;TextView{id=-1, visibility=VISIBLE, width=240, height=71, has-focus=false, has-focusable=false, has-window-focus=true, is-clickable=false, is-enabled=true, is-focused=false, is-focusable=false, is-layout-requested=false, is-selected=false, layout-params=android.widget.Toolbar$LayoutParams&#64;fb40aeb, tag=null, root-is-layout-requested=false, has-input-connection=false, x=42.0, y=38.0, text=Simply Do, input-type=0, ime-target=false, has-links=false}
|
+----&gt;ActionMenuView{id=-1, visibility=VISIBLE, width=105, height=147, has-focus=false, has-focusable=false, has-window-focus=true, is-clickable=false, is-enabled=true, is-focused=false, is-focusable=false, is-layout-requested=false, is-selected=false, layout-params=android.widget.Toolbar$LayoutParams&#64;1fbeee1, tag=null, root-is-layout-requested=false, has-input-connection=false, x=975.0, y=0.0, child-count=1}
|
+-----&gt;OverflowMenuButton{id=-1, desc=More options, visibility=VISIBLE, width=105, height=126, has-focus=false, has-focusable=false, has-window-focus=true, is-clickable=true, is-enabled=true, is-focused=false, is-focusable=true, is-layout-requested=false, is-selected=false, layout-params=android.widget.ActionMenuView$LayoutParams&#64;e137406, tag=null, root-is-layout-requested=false, has-input-connection=false, x=0.0, y=10.0}
|
+---&gt;ActionBarContextView{id=16908673, res-name=action_context_bar, visibility=GONE, width=0, height=0, has-focus=false, has-focusable=false, has-window-focus=true, is-clickable=false, is-enabled=true, is-focused=false, is-focusable=false, is-layout-requested=true, is-selected=false, layout-params=android.widget.FrameLayout$LayoutParams&#64;e466ac7, tag=null, root-is-layout-requested=false, has-input-connection=false, x=0.0, y=0.0, child-count=0}
|
+-&gt;View{id=16908336, res-name=navigationBarBackground, visibility=VISIBLE, width=1080, height=126, has-focus=false, has-focusable=false, has-window-focus=true, is-clickable=false, is-enabled=true, is-focused=false, is-focusable=false, is-layout-requested=false, is-selected=false, layout-params=android.widget.FrameLayout$LayoutParams&#64;56e48f4, tag=null, root-is-layout-requested=false, has-input-connection=false, x=0.0, y=1794.0}
|
+-&gt;View{id=16908335, res-name=statusBarBackground, visibility=VISIBLE, width=1080, height=63, has-focus=false, has-focusable=false, has-window-focus=true, is-clickable=false, is-enabled=true, is-focused=false, is-focusable=false, is-layout-requested=false, is-selected=false, layout-params=android.widget.FrameLayout$LayoutParams&#64;ae7981d, tag=null, root-is-layout-requested=false, has-input-connection=false, x=0.0, y=0.0}
|
at dalvik.system.VMStack.getThreadStackTrace(Native Method)
at java.lang.Thread.getStackTrace(Thread.java:1536)
at android.support.test.espresso.base.DefaultFailureHandler.getUserFriendlyError(DefaultFailureHandler.java:88)
at android.support.test.espresso.base.DefaultFailureHandler.handle(DefaultFailureHandler.java:51)
at android.support.test.espresso.ViewInteraction.waitForAndHandleInteractionResults(ViewInteraction.java:312)
at android.support.test.espresso.ViewInteraction.desugaredPerform(ViewInteraction.java:173)
at android.support.test.espresso.ViewInteraction.perform(ViewInteraction.java:114)
at kdk.android.simplydo.C6.AddItemC6.addItemC6(AddItemC6.java:48)
at java.lang.reflect.Method.invoke(Native Method)
at org.junit.runners.model.FrameworkMethod$1.runReflectiveCall(FrameworkMethod.java:50)
at org.junit.internal.runners.model.ReflectiveCallable.run(ReflectiveCallable.java:12)
at org.junit.runners.model.FrameworkMethod.invokeExplosively(FrameworkMethod.java:47)
at org.junit.internal.runners.statements.InvokeMethod.evaluate(InvokeMethod.java:17)
at android.support.test.rule.ActivityTestRule$ActivityStatement.evaluate(ActivityTestRule.java:527)
at org.junit.rules.RunRules.evaluate(RunRules.java:20)
at org.junit.runners.ParentRunner.runLeaf(ParentRunner.java:325)
at org.junit.runners.BlockJUnit4ClassRunner.runChild(BlockJUnit4ClassRunner.java:78)
at org.junit.runners.BlockJUnit4ClassRunner.runChild(BlockJUnit4ClassRunner.java:57)
at org.junit.runners.ParentRunner$3.run(ParentRunner.java:290)
at org.junit.runners.ParentRunner$1.schedule(ParentRunner.java:71)
at org.junit.runners.ParentRunner.runChildren(ParentRunner.java:288)
at org.junit.runners.ParentRunner.access$000(ParentRunner.java:58)
at org.junit.runners.ParentRunner$2.evaluate(ParentRunner.java:268)
at org.junit.runners.ParentRunner.run(ParentRunner.java:363)
at android.support.test.runner.AndroidJUnit4.run(AndroidJUnit4.java:101)
at org.junit.runners.Suite.runChild(Suite.java:128)
at org.junit.runners.Suite.runChild(Suite.java:27)
at org.junit.runners.ParentRunner$3.run(ParentRunner.java:290)
at org.junit.runners.ParentRunner$1.schedule(ParentRunner.java:71)
at org.junit.runners.ParentRunner.runChildren(ParentRunner.java:288)
at org.junit.runners.ParentRunner.access$000(ParentRunner.java:58)
at org.junit.runners.ParentRunner$2.evaluate(ParentRunner.java:268)
at org.junit.runners.ParentRunner.run(ParentRunner.java:363)
at org.junit.runner.JUnitCore.run(JUnitCore.java:137)
at org.junit.runner.JUnitCore.run(JUnitCore.java:115)
at android.support.test.internal.runner.TestExecutor.execute(TestExecutor.java:56)
at android.support.test.runner.AndroidJUnitRunner.onStart(AndroidJUnitRunner.java:384)
at android.app.Instrumentation$InstrumentationThread.run(Instrumentation.java:2074)
</failure>
  </testcase>
  <testcase name="changeSettingsC6" classname="kdk.android.simplydo.C6.ChangeSettingsC6" time="1.383">
    <failure>android.support.test.espresso.AmbiguousViewMatcherException: '(with class name: is "android.widget.LinearLayout" and is displayed on the screen to the user)' matches multiple views in the hierarchy.
Problem views are marked with '****MATCHES****' below.

View Hierarchy:
+&gt;DecorView{id=-1, visibility=VISIBLE, width=1080, height=1920, has-focus=true, has-focusable=true, has-window-focus=true, is-clickable=false, is-enabled=true, is-focused=false, is-focusable=false, is-layout-requested=false, is-selected=false, layout-params=WM.LayoutParams{(0,0)(fillxfill) ty=1 fl=#81810100 pfl=0x20000 wanim=0x10302f6 needsMenuKey=2 colorMode=0}, tag=null, root-is-layout-requested=false, has-input-connection=false, x=0.0, y=0.0, child-count=3}
|
+-&gt;ActionBarOverlayLayout{id=16908822, res-name=decor_content_parent, visibility=VISIBLE, width=1080, height=1794, has-focus=true, has-focusable=true, has-window-focus=true, is-clickable=false, is-enabled=true, is-focused=false, is-focusable=false, is-layout-requested=false, is-selected=false, layout-params=android.widget.FrameLayout$LayoutParams&#64;dc11e81, tag=null, root-is-layout-requested=false, has-input-connection=false, x=0.0, y=0.0, child-count=2}
|
+--&gt;FrameLayout{id=16908290, res-name=content, visibility=VISIBLE, width=1080, height=1584, has-focus=true, has-focusable=true, has-window-focus=true, is-clickable=false, is-enabled=true, is-focused=false, is-focusable=false, is-layout-requested=false, is-selected=false, layout-params=com.android.internal.widget.ActionBarOverlayLayout$LayoutParams&#64;b4b7b26, tag=null, root-is-layout-requested=false, has-input-connection=false, x=0.0, y=210.0, child-count=1}
|
+---&gt;LinearLayout{id=-1, visibility=VISIBLE, width=1080, height=1584, has-focus=true, has-focusable=true, has-window-focus=true, is-clickable=false, is-enabled=true, is-focused=false, is-focusable=false, is-layout-requested=false, is-selected=false, layout-params=android.widget.FrameLayout$LayoutParams&#64;7f27514, tag=null, root-is-layout-requested=false, has-input-connection=false, x=0.0, y=0.0, child-count=2} ****MATCHES****
|
+----&gt;LinearLayout{id=-1, visibility=VISIBLE, width=1080, height=1584, has-focus=true, has-focusable=true, has-window-focus=true, is-clickable=false, is-enabled=true, is-focused=false, is-focusable=false, is-layout-requested=false, is-selected=false, layout-params=android.widget.LinearLayout$LayoutParams&#64;36021bd, tag=null, root-is-layout-requested=false, has-input-connection=false, x=0.0, y=0.0, child-count=1} ****MATCHES****
|
+-----&gt;LinearLayout{id=16908926, res-name=headers, visibility=VISIBLE, width=1080, height=1584, has-focus=true, has-focusable=true, has-window-focus=true, is-clickable=false, is-enabled=true, is-focused=false, is-focusable=false, is-layout-requested=false, is-selected=false, layout-params=android.widget.LinearLayout$LayoutParams&#64;c0bce80, tag=null, root-is-layout-requested=false, has-input-connection=false, x=0.0, y=0.0, child-count=2} ****MATCHES****
|
+------&gt;ListView{id=16908298, res-name=list, visibility=VISIBLE, width=1080, height=1584, has-focus=true, has-focusable=true, has-window-focus=true, is-clickable=true, is-enabled=true, is-focused=true, is-focusable=true, is-layout-requested=false, is-selected=false, layout-params=android.widget.LinearLayout$LayoutParams&#64;f21cb9, tag=null, root-is-layout-requested=false, has-input-connection=false, x=0.0, y=0.0, child-count=6}
|
+-------&gt;LinearLayout{id=-1, visibility=VISIBLE, width=1080, height=141, has-focus=false, has-focusable=false, has-window-focus=true, is-clickable=false, is-enabled=true, is-focused=false, is-focusable=false, is-layout-requested=false, is-selected=false, layout-params=android.widget.AbsListView$LayoutParams&#64;d0ecb75, tag=null, root-is-layout-requested=false, has-input-connection=false, x=0.0, y=0.0, child-count=3} ****MATCHES****
|
+--------&gt;LinearLayout{id=16908350, res-name=icon_frame, visibility=GONE, width=0, height=0, has-focus=false, has-focusable=false, has-window-focus=true, is-clickable=false, is-enabled=true, is-focused=false, is-focusable=false, is-layout-requested=false, is-selected=false, layout-params=android.widget.LinearLayout$LayoutParams&#64;f5beb7b, tag=null, root-is-layout-requested=false, has-input-connection=false, x=0.0, y=0.0, child-count=1}
|
+---------&gt;PreferenceImageView{id=16908294, res-name=icon, visibility=GONE, width=0, height=0, has-focus=false, has-focusable=false, has-window-focus=true, is-clickable=false, is-enabled=true, is-focused=false, is-focusable=false, is-layout-requested=true, is-selected=false, layout-params=android.widget.LinearLayout$LayoutParams&#64;804ed98, tag=null, root-is-layout-requested=false, has-input-connection=false, x=0.0, y=0.0}
|
+--------&gt;RelativeLayout{id=-1, visibility=VISIBLE, width=996, height=141, has-focus=false, has-focusable=false, has-window-focus=true, is-clickable=false, is-enabled=true, is-focused=false, is-focusable=false, is-layout-requested=false, is-selected=false, layout-params=android.widget.LinearLayout$LayoutParams&#64;433c457, tag=null, root-is-layout-requested=false, has-input-connection=false, x=42.0, y=0.0, child-count=2}
|
+---------&gt;TextView{id=16908310, res-name=title, visibility=VISIBLE, width=229, height=57, has-focus=false, has-focusable=false, has-window-focus=true, is-clickable=false, is-enabled=true, is-focused=false, is-focusable=false, is-layout-requested=false, is-selected=false, layout-params=android.widget.RelativeLayout$LayoutParams&#64;2274b44, tag=null, root-is-layout-requested=false, has-input-connection=false, x=0.0, y=42.0, text=Item Sorting, input-type=0, ime-target=false, has-links=false}
|
+---------&gt;TextView{id=16908304, res-name=summary, visibility=GONE, width=0, height=0, has-focus=false, has-focusable=false, has-window-focus=true, is-clickable=false, is-enabled=true, is-focused=false, is-focusable=false, is-layout-requested=true, is-selected=false, layout-params=android.widget.RelativeLayout$LayoutParams&#64;e41f42d, tag=null, root-is-layout-requested=false, has-input-connection=false, x=0.0, y=0.0, text=, input-type=0, ime-target=false, has-links=false}
|
+--------&gt;LinearLayout{id=16908312, res-name=widget_frame, visibility=GONE, width=0, height=0, has-focus=false, has-focusable=false, has-window-focus=true, is-clickable=false, is-enabled=true, is-focused=false, is-focusable=false, is-layout-requested=true, is-selected=false, layout-params=android.widget.LinearLayout$LayoutParams&#64;248dd62, tag=null, root-is-layout-requested=false, has-input-connection=false, x=0.0, y=0.0, child-count=0}
|
+-------&gt;LinearLayout{id=-1, visibility=VISIBLE, width=1080, height=141, has-focus=false, has-focusable=false, has-window-focus=true, is-clickable=false, is-enabled=true, is-focused=false, is-focusable=false, is-layout-requested=false, is-selected=false, layout-params=android.widget.AbsListView$LayoutParams&#64;f5b6dae, tag=null, root-is-layout-requested=false, has-input-connection=false, x=0.0, y=144.0, child-count=3} ****MATCHES****
|
+--------&gt;LinearLayout{id=16908350, res-name=icon_frame, visibility=GONE, width=0, height=0, has-focus=false, has-focusable=false, has-window-focus=true, is-clickable=false, is-enabled=true, is-focused=false, is-focusable=false, is-layout-requested=false, is-selected=false, layout-params=android.widget.LinearLayout$LayoutParams&#64;472bedc, tag=null, root-is-layout-requested=false, has-input-connection=false, x=0.0, y=0.0, child-count=1}
|
+---------&gt;PreferenceImageView{id=16908294, res-name=icon, visibility=GONE, width=0, height=0, has-focus=false, has-focusable=false, has-window-focus=true, is-clickable=false, is-enabled=true, is-focused=false, is-focusable=false, is-layout-requested=true, is-selected=false, layout-params=android.widget.LinearLayout$LayoutParams&#64;52a7be5, tag=null, root-is-layout-requested=false, has-input-connection=false, x=0.0, y=0.0}
|
+--------&gt;RelativeLayout{id=-1, visibility=VISIBLE, width=996, height=141, has-focus=false, has-focusable=false, has-window-focus=true, is-clickable=false, is-enabled=true, is-focused=false, is-focusable=false, is-layout-requested=false, is-selected=false, layout-params=android.widget.LinearLayout$LayoutParams&#64;fdaecc8, tag=null, root-is-layout-requested=false, has-input-connection=false, x=42.0, y=0.0, child-count=2}
|
+---------&gt;TextView{id=16908310, res-name=title, visibility=VISIBLE, width=214, height=57, has-focus=false, has-focusable=false, has-window-focus=true, is-clickable=false, is-enabled=true, is-focused=false, is-focusable=false, is-layout-requested=false, is-selected=false, layout-params=android.widget.RelativeLayout$LayoutParams&#64;f0bf161, tag=null, root-is-layout-requested=false, has-input-connection=false, x=0.0, y=42.0, text=List Sorting, input-type=0, ime-target=false, has-links=false}
|
+---------&gt;TextView{id=16908304, res-name=summary, visibility=GONE, width=0, height=0, has-focus=false, has-focusable=false, has-window-focus=true, is-clickable=false, is-enabled=true, is-focused=false, is-focusable=false, is-layout-requested=true, is-selected=false, layout-params=android.widget.RelativeLayout$LayoutParams&#64;da78486, tag=null, root-is-layout-requested=false, has-input-connection=false, x=0.0, y=0.0, text=, input-type=0, ime-target=false, has-links=false}
|
+--------&gt;LinearLayout{id=16908312, res-name=widget_frame, visibility=GONE, width=0, height=0, has-focus=false, has-focusable=false, has-window-focus=true, is-clickable=false, is-enabled=true, is-focused=false, is-focusable=false, is-layout-requested=true, is-selected=false, layout-params=android.widget.LinearLayout$LayoutParams&#64;587147, tag=null, root-is-layout-requested=false, has-input-connection=false, x=0.0, y=0.0, child-count=0}
|
+-------&gt;LinearLayout{id=-1, visibility=VISIBLE, width=1080, height=141, has-focus=false, has-focusable=false, has-window-focus=true, is-clickable=false, is-enabled=true, is-focused=false, is-focusable=false, is-layout-requested=false, is-selected=false, layout-params=android.widget.AbsListView$LayoutParams&#64;620dae3, tag=null, root-is-layout-requested=false, has-input-connection=false, x=0.0, y=288.0, child-count=3} ****MATCHES****
|
+--------&gt;LinearLayout{id=16908350, res-name=icon_frame, visibility=GONE, width=0, height=0, has-focus=false, has-focusable=false, has-window-focus=true, is-clickable=false, is-enabled=true, is-focused=false, is-focusable=false, is-layout-requested=false, is-selected=false, layout-params=android.widget.LinearLayout$LayoutParams&#64;4a86b99, tag=null, root-is-layout-requested=false, has-input-connection=false, x=0.0, y=0.0, child-count=1}
|
+---------&gt;PreferenceImageView{id=16908294, res-name=icon, visibility=GONE, width=0, height=0, has-focus=false, has-focusable=false, has-window-focus=true, is-clickable=false, is-enabled=true, is-focused=false, is-focusable=false, is-layout-requested=true, is-selected=false, layout-params=android.widget.LinearLayout$LayoutParams&#64;dd49e5e, tag=null, root-is-layout-requested=false, has-input-connection=false, x=0.0, y=0.0}
|
+--------&gt;RelativeLayout{id=-1, visibility=VISIBLE, width=996, height=141, has-focus=false, has-focusable=false, has-window-focus=true, is-clickable=false, is-enabled=true, is-focused=false, is-focusable=false, is-layout-requested=false, is-selected=false, layout-params=android.widget.LinearLayout$LayoutParams&#64;68b2855, tag=null, root-is-layout-requested=false, has-input-connection=false, x=42.0, y=0.0, child-count=2}
|
+---------&gt;TextView{id=16908310, res-name=title, visibility=VISIBLE, width=358, height=57, has-focus=false, has-focusable=false, has-window-focus=true, is-clickable=false, is-enabled=true, is-focused=false, is-focusable=false, is-layout-requested=false, is-selected=false, layout-params=android.widget.RelativeLayout$LayoutParams&#64;648426a, tag=null, root-is-layout-requested=false, has-input-connection=false, x=0.0, y=42.0, text=Inactive Decoration, input-type=0, ime-target=false, has-links=false}
|
+---------&gt;TextView{id=16908304, res-name=summary, visibility=GONE, width=0, height=0, has-focus=false, has-focusable=false, has-window-focus=true, is-clickable=false, is-enabled=true, is-focused=false, is-focusable=false, is-layout-requested=true, is-selected=false, layout-params=android.widget.RelativeLayout$LayoutParams&#64;8fcc35b, tag=null, root-is-layout-requested=false, has-input-connection=false, x=0.0, y=0.0, text=, input-type=0, ime-target=false, has-links=false}
|
+--------&gt;LinearLayout{id=16908312, res-name=widget_frame, visibility=GONE, width=0, height=0, has-focus=false, has-focusable=false, has-window-focus=true, is-clickable=false, is-enabled=true, is-focused=false, is-focusable=false, is-layout-requested=true, is-selected=false, layout-params=android.widget.LinearLayout$LayoutParams&#64;a8717f8, tag=null, root-is-layout-requested=false, has-input-connection=false, x=0.0, y=0.0, child-count=0}
|
+-------&gt;LinearLayout{id=-1, visibility=VISIBLE, width=1080, height=141, has-focus=false, has-focusable=false, has-window-focus=true, is-clickable=false, is-enabled=true, is-focused=false, is-focusable=false, is-layout-requested=false, is-selected=false, layout-params=android.widget.AbsListView$LayoutParams&#64;23a3a37, tag=null, root-is-layout-requested=false, has-input-connection=false, x=0.0, y=432.0, child-count=3} ****MATCHES****
|
+--------&gt;LinearLayout{id=16908350, res-name=icon_frame, visibility=GONE, width=0, height=0, has-focus=false, has-focusable=false, has-window-focus=true, is-clickable=false, is-enabled=true, is-focused=false, is-focusable=false, is-layout-requested=false, is-selected=false, layout-params=android.widget.LinearLayout$LayoutParams&#64;9910d0d, tag=null, root-is-layout-requested=false, has-input-connection=false, x=0.0, y=0.0, child-count=1}
|
+---------&gt;PreferenceImageView{id=16908294, res-name=icon, visibility=GONE, width=0, height=0, has-focus=false, has-focusable=false, has-window-focus=true, is-clickable=false, is-enabled=true, is-focused=false, is-focusable=false, is-layout-requested=true, is-selected=false, layout-params=android.widget.LinearLayout$LayoutParams&#64;9cab4c2, tag=null, root-is-layout-requested=false, has-input-connection=false, x=0.0, y=0.0}
|
+--------&gt;RelativeLayout{id=-1, visibility=VISIBLE, width=870, height=141, has-focus=false, has-focusable=false, has-window-focus=true, is-clickable=false, is-enabled=true, is-focused=false, is-focusable=false, is-layout-requested=false, is-selected=false, layout-params=android.widget.LinearLayout$LayoutParams&#64;2ce6d09, tag=null, root-is-layout-requested=false, has-input-connection=false, x=42.0, y=0.0, child-count=2}
|
+---------&gt;TextView{id=16908310, res-name=title, visibility=VISIBLE, width=488, height=57, has-focus=false, has-focusable=false, has-window-focus=true, is-clickable=false, is-enabled=true, is-focused=false, is-focusable=false, is-layout-requested=false, is-selected=false, layout-params=android.widget.RelativeLayout$LayoutParams&#64;5135b0e, tag=null, root-is-layout-requested=false, has-input-connection=false, x=0.0, y=42.0, text=Confirm Delete All Inactive, input-type=0, ime-target=false, has-links=false}
|
+---------&gt;TextView{id=16908304, res-name=summary, visibility=GONE, width=0, height=0, has-focus=false, has-focusable=false, has-window-focus=true, is-clickable=false, is-enabled=true, is-focused=false, is-focusable=false, is-layout-requested=true, is-selected=false, layout-params=android.widget.RelativeLayout$LayoutParams&#64;9d0392f, tag=null, root-is-layout-requested=false, has-input-connection=false, x=0.0, y=0.0, text=, input-type=0, ime-target=false, has-links=false}
|
+--------&gt;LinearLayout{id=16908312, res-name=widget_frame, visibility=VISIBLE, width=126, height=141, has-focus=false, has-focusable=false, has-window-focus=true, is-clickable=false, is-enabled=true, is-focused=false, is-focusable=false, is-layout-requested=false, is-selected=false, layout-params=android.widget.LinearLayout$LayoutParams&#64;a67d0c5, tag=null, root-is-layout-requested=false, has-input-connection=false, x=912.0, y=0.0, child-count=1} ****MATCHES****
|
+---------&gt;CheckBox{id=16908289, res-name=checkbox, visibility=VISIBLE, width=84, height=84, has-focus=false, has-focusable=false, has-window-focus=true, is-clickable=false, is-enabled=true, is-focused=false, is-focusable=false, is-layout-requested=false, is-selected=false, layout-params=android.widget.LinearLayout$LayoutParams&#64;d2e1a1a, tag=null, root-is-layout-requested=false, has-input-connection=false, x=42.0, y=28.0, text=, input-type=0, ime-target=false, has-links=false, is-checked=true}
|
+-------&gt;LinearLayout{id=-1, visibility=VISIBLE, width=1080, height=141, has-focus=false, has-focusable=false, has-window-focus=true, is-clickable=false, is-enabled=true, is-focused=false, is-focusable=false, is-layout-requested=false, is-selected=false, layout-params=android.widget.AbsListView$LayoutParams&#64;e03bde6, tag=null, root-is-layout-requested=false, has-input-connection=false, x=0.0, y=576.0, child-count=3} ****MATCHES****
|
+--------&gt;LinearLayout{id=16908350, res-name=icon_frame, visibility=GONE, width=0, height=0, has-focus=false, has-focusable=false, has-window-focus=true, is-clickable=false, is-enabled=true, is-focused=false, is-focusable=false, is-layout-requested=false, is-selected=false, layout-params=android.widget.LinearLayout$LayoutParams&#64;b2d55d4, tag=null, root-is-layout-requested=false, has-input-connection=false, x=0.0, y=0.0, child-count=1}
|
+---------&gt;PreferenceImageView{id=16908294, res-name=icon, visibility=GONE, width=0, height=0, has-focus=false, has-focusable=false, has-window-focus=true, is-clickable=false, is-enabled=true, is-focused=false, is-focusable=false, is-layout-requested=true, is-selected=false, layout-params=android.widget.LinearLayout$LayoutParams&#64;86c537d, tag=null, root-is-layout-requested=false, has-input-connection=false, x=0.0, y=0.0}
|
+--------&gt;RelativeLayout{id=-1, visibility=VISIBLE, width=996, height=141, has-focus=false, has-focusable=false, has-window-focus=true, is-clickable=false, is-enabled=true, is-focused=false, is-focusable=false, is-layout-requested=false, is-selected=false, layout-params=android.widget.LinearLayout$LayoutParams&#64;cf3fb40, tag=null, root-is-layout-requested=false, has-input-connection=false, x=42.0, y=0.0, child-count=2}
|
+---------&gt;TextView{id=16908310, res-name=title, visibility=VISIBLE, width=235, height=57, has-focus=false, has-focusable=false, has-window-focus=true, is-clickable=false, is-enabled=true, is-focused=false, is-focusable=false, is-layout-requested=false, is-selected=false, layout-params=android.widget.RelativeLayout$LayoutParams&#64;defaa79, tag=null, root-is-layout-requested=false, has-input-connection=false, x=0.0, y=42.0, text=Backup Now, input-type=0, ime-target=false, has-links=false}
|
+---------&gt;TextView{id=16908304, res-name=summary, visibility=GONE, width=0, height=0, has-focus=false, has-focusable=false, has-window-focus=true, is-clickable=false, is-enabled=true, is-focused=false, is-focusable=false, is-layout-requested=true, is-selected=false, layout-params=android.widget.RelativeLayout$LayoutParams&#64;792a3be, tag=null, root-is-layout-requested=false, has-input-connection=false, x=0.0, y=0.0, text=, input-type=0, ime-target=false, has-links=false}
|
+--------&gt;LinearLayout{id=16908312, res-name=widget_frame, visibility=GONE, width=0, height=0, has-focus=false, has-focusable=false, has-window-focus=true, is-clickable=false, is-enabled=true, is-focused=false, is-focusable=false, is-layout-requested=true, is-selected=false, layout-params=android.widget.LinearLayout$LayoutParams&#64;a47cc1f, tag=null, root-is-layout-requested=false, has-input-connection=false, x=0.0, y=0.0, child-count=0}
|
+-------&gt;LinearLayout{id=-1, visibility=VISIBLE, width=1080, height=141, has-focus=false, has-focusable=false, has-window-focus=true, is-clickable=false, is-enabled=true, is-focused=false, is-focusable=false, is-layout-requested=false, is-selected=false, layout-params=android.widget.AbsListView$LayoutParams&#64;e270b3b, tag=null, root-is-layout-requested=false, has-input-connection=false, x=0.0, y=720.0, child-count=3} ****MATCHES****
|
+--------&gt;LinearLayout{id=16908350, res-name=icon_frame, visibility=GONE, width=0, height=0, has-focus=false, has-focusable=false, has-window-focus=true, is-clickable=false, is-enabled=true, is-focused=false, is-focusable=false, is-layout-requested=false, is-selected=false, layout-params=android.widget.LinearLayout$LayoutParams&#64;ff72fb1, tag=null, root-is-layout-requested=false, has-input-connection=false, x=0.0, y=0.0, child-count=1}
|
+---------&gt;PreferenceImageView{id=16908294, res-name=icon, visibility=GONE, width=0, height=0, has-focus=false, has-focusable=false, has-window-focus=true, is-clickable=false, is-enabled=true, is-focused=false, is-focusable=false, is-layout-requested=true, is-selected=false, layout-params=android.widget.LinearLayout$LayoutParams&#64;ad6c96, tag=null, root-is-layout-requested=false, has-input-connection=false, x=0.0, y=0.0}
|
+--------&gt;RelativeLayout{id=-1, visibility=VISIBLE, width=996, height=141, has-focus=false, has-focusable=false, has-window-focus=true, is-clickable=false, is-enabled=true, is-focused=false, is-focusable=false, is-layout-requested=false, is-selected=false, layout-params=android.widget.LinearLayout$LayoutParams&#64;29e15ed, tag=null, root-is-layout-requested=false, has-input-connection=false, x=42.0, y=0.0, child-count=2}
|
+---------&gt;TextView{id=16908310, res-name=title, visibility=VISIBLE, width=144, height=57, has-focus=false, has-focusable=false, has-window-focus=true, is-clickable=false, is-enabled=true, is-focused=false, is-focusable=false, is-layout-requested=false, is-selected=false, layout-params=android.widget.RelativeLayout$LayoutParams&#64;a4bbc22, tag=null, root-is-layout-requested=false, has-input-connection=false, x=0.0, y=42.0, text=Restore, input-type=0, ime-target=false, has-links=false}
|
+---------&gt;TextView{id=16908304, res-name=summary, visibility=GONE, width=0, height=0, has-focus=false, has-focusable=false, has-window-focus=true, is-clickable=false, is-enabled=true, is-focused=false, is-focusable=false, is-layout-requested=true, is-selected=false, layout-params=android.widget.RelativeLayout$LayoutParams&#64;9dda6b3, tag=null, root-is-layout-requested=false, has-input-connection=false, x=0.0, y=0.0, text=, input-type=0, ime-target=false, has-links=false}
|
+--------&gt;LinearLayout{id=16908312, res-name=widget_frame, visibility=GONE, width=0, height=0, has-focus=false, has-focusable=false, has-window-focus=true, is-clickable=false, is-enabled=true, is-focused=false, is-focusable=false, is-layout-requested=true, is-selected=false, layout-params=android.widget.LinearLayout$LayoutParams&#64;d9cb470, tag=null, root-is-layout-requested=false, has-input-connection=false, x=0.0, y=0.0, child-count=0}
|
+------&gt;FrameLayout{id=16909013, res-name=list_footer, visibility=VISIBLE, width=1080, height=0, has-focus=false, has-focusable=false, has-window-focus=true, is-clickable=false, is-enabled=true, is-focused=false, is-focusable=false, is-layout-requested=false, is-selected=false, layout-params=android.widget.LinearLayout$LayoutParams&#64;95323e9, tag=null, root-is-layout-requested=false, has-input-connection=false, x=0.0, y=1584.0, child-count=0}
|
+----&gt;RelativeLayout{id=16908758, res-name=button_bar, visibility=GONE, width=0, height=0, has-focus=false, has-focusable=false, has-window-focus=true, is-clickable=false, is-enabled=true, is-focused=false, is-focusable=false, is-layout-requested=true, is-selected=false, layout-params=android.widget.LinearLayout$LayoutParams&#64;5f0a79c, tag=null, root-is-layout-requested=false, has-input-connection=false, x=0.0, y=0.0, child-count=2}
|
+-----&gt;Button{id=16908732, res-name=back_button, visibility=VISIBLE, width=0, height=0, has-focus=false, has-focusable=true, has-window-focus=true, is-clickable=true, is-enabled=true, is-focused=false, is-focusable=true, is-layout-requested=true, is-selected=false, layout-params=android.widget.RelativeLayout$LayoutParams&#64;93115a5, tag=null, root-is-layout-requested=false, has-input-connection=false, x=0.0, y=0.0, text=Back, input-type=0, ime-target=false, has-links=false}
|
+-----&gt;LinearLayout{id=-1, visibility=VISIBLE, width=0, height=0, has-focus=false, has-focusable=true, has-window-focus=true, is-clickable=false, is-enabled=true, is-focused=false, is-focusable=false, is-layout-requested=true, is-selected=false, layout-params=android.widget.RelativeLayout$LayoutParams&#64;42ea188, tag=null, root-is-layout-requested=false, has-input-connection=false, x=0.0, y=0.0, child-count=2}
|
+------&gt;Button{id=16909277, res-name=skip_button, visibility=GONE, width=0, height=0, has-focus=false, has-focusable=false, has-window-focus=true, is-clickable=true, is-enabled=true, is-focused=false, is-focusable=true, is-layout-requested=true, is-selected=false, layout-params=android.widget.LinearLayout$LayoutParams&#64;4426721, tag=null, root-is-layout-requested=false, has-input-connection=false, x=0.0, y=0.0, text=Skip, input-type=0, ime-target=false, has-links=false}
|
+------&gt;Button{id=16909075, res-name=next_button, visibility=VISIBLE, width=0, height=0, has-focus=false, has-focusable=true, has-window-focus=true, is-clickable=true, is-enabled=true, is-focused=false, is-focusable=true, is-layout-requested=true, is-selected=false, layout-params=android.widget.LinearLayout$LayoutParams&#64;382746, tag=null, root-is-layout-requested=false, has-input-connection=false, x=0.0, y=0.0, text=Next, input-type=0, ime-target=false, has-links=false}
|
+--&gt;ActionBarContainer{id=16908669, res-name=action_bar_container, visibility=VISIBLE, width=1080, height=147, has-focus=false, has-focusable=false, has-window-focus=true, is-clickable=false, is-enabled=true, is-focused=false, is-focusable=false, is-layout-requested=false, is-selected=false, layout-params=com.android.internal.widget.ActionBarOverlayLayout$LayoutParams&#64;8bd545d, tag=null, root-is-layout-requested=false, has-input-connection=false, x=0.0, y=63.0, child-count=2}
|
+---&gt;Toolbar{id=16908668, res-name=action_bar, visibility=VISIBLE, width=1080, height=147, has-focus=false, has-focusable=false, has-window-focus=true, is-clickable=false, is-enabled=true, is-focused=false, is-focusable=false, is-layout-requested=false, is-selected=false, layout-params=android.widget.FrameLayout$LayoutParams&#64;3e19a0, tag=null, root-is-layout-requested=false, has-input-connection=false, x=0.0, y=0.0, child-count=2}
|
+----&gt;TextView{id=-1, visibility=VISIBLE, width=196, height=71, has-focus=false, has-focusable=false, has-window-focus=true, is-clickable=false, is-enabled=true, is-focused=false, is-focusable=false, is-layout-requested=false, is-selected=false, layout-params=android.widget.Toolbar$LayoutParams&#64;7ffd959, tag=null, root-is-layout-requested=false, has-input-connection=false, x=42.0, y=38.0, text=Settings, input-type=0, ime-target=false, has-links=false}
|
+----&gt;ActionMenuView{id=-1, visibility=VISIBLE, width=0, height=147, has-focus=false, has-focusable=false, has-window-focus=true, is-clickable=false, is-enabled=true, is-focused=false, is-focusable=false, is-layout-requested=false, is-selected=false, layout-params=android.widget.Toolbar$LayoutParams&#64;ffed91e, tag=null, root-is-layout-requested=false, has-input-connection=false, x=1080.0, y=0.0, child-count=0}
|
+---&gt;ActionBarContextView{id=16908673, res-name=action_context_bar, visibility=GONE, width=0, height=0, has-focus=false, has-focusable=false, has-window-focus=true, is-clickable=false, is-enabled=true, is-focused=false, is-focusable=false, is-layout-requested=true, is-selected=false, layout-params=android.widget.FrameLayout$LayoutParams&#64;ddc5ff, tag=null, root-is-layout-requested=false, has-input-connection=false, x=0.0, y=0.0, child-count=0}
|
+-&gt;View{id=16908336, res-name=navigationBarBackground, visibility=VISIBLE, width=1080, height=126, has-focus=false, has-focusable=false, has-window-focus=true, is-clickable=false, is-enabled=true, is-focused=false, is-focusable=false, is-layout-requested=false, is-selected=false, layout-params=android.widget.FrameLayout$LayoutParams&#64;2fb2fcc, tag=null, root-is-layout-requested=false, has-input-connection=false, x=0.0, y=1794.0}
|
+-&gt;View{id=16908335, res-name=statusBarBackground, visibility=VISIBLE, width=1080, height=63, has-focus=false, has-focusable=false, has-window-focus=true, is-clickable=false, is-enabled=true, is-focused=false, is-focusable=false, is-layout-requested=false, is-selected=false, layout-params=android.widget.FrameLayout$LayoutParams&#64;14bb215, tag=null, root-is-layout-requested=false, has-input-connection=false, x=0.0, y=0.0}
|
at dalvik.system.VMStack.getThreadStackTrace(Native Method)
at java.lang.Thread.getStackTrace(Thread.java:1536)
at android.support.test.espresso.base.DefaultFailureHandler.getUserFriendlyError(DefaultFailureHandler.java:88)
at android.support.test.espresso.base.DefaultFailureHandler.handle(DefaultFailureHandler.java:51)
at android.support.test.espresso.ViewInteraction.waitForAndHandleInteractionResults(ViewInteraction.java:312)
at android.support.test.espresso.ViewInteraction.desugaredPerform(ViewInteraction.java:173)
at android.support.test.espresso.ViewInteraction.perform(ViewInteraction.java:114)
at kdk.android.simplydo.C6.ChangeSettingsC6.changeSettingsC6(ChangeSettingsC6.java:44)
at java.lang.reflect.Method.invoke(Native Method)
at org.junit.runners.model.FrameworkMethod$1.runReflectiveCall(FrameworkMethod.java:50)
at org.junit.internal.runners.model.ReflectiveCallable.run(ReflectiveCallable.java:12)
at org.junit.runners.model.FrameworkMethod.invokeExplosively(FrameworkMethod.java:47)
at org.junit.internal.runners.statements.InvokeMethod.evaluate(InvokeMethod.java:17)
at android.support.test.rule.ActivityTestRule$ActivityStatement.evaluate(ActivityTestRule.java:527)
at org.junit.rules.RunRules.evaluate(RunRules.java:20)
at org.junit.runners.ParentRunner.runLeaf(ParentRunner.java:325)
at org.junit.runners.BlockJUnit4ClassRunner.runChild(BlockJUnit4ClassRunner.java:78)
at org.junit.runners.BlockJUnit4ClassRunner.runChild(BlockJUnit4ClassRunner.java:57)
at org.junit.runners.ParentRunner$3.run(ParentRunner.java:290)
at org.junit.runners.ParentRunner$1.schedule(ParentRunner.java:71)
at org.junit.runners.ParentRunner.runChildren(ParentRunner.java:288)
at org.junit.runners.ParentRunner.access$000(ParentRunner.java:58)
at org.junit.runners.ParentRunner$2.evaluate(ParentRunner.java:268)
at org.junit.runners.ParentRunner.run(ParentRunner.java:363)
at android.support.test.runner.AndroidJUnit4.run(AndroidJUnit4.java:101)
at org.junit.runners.Suite.runChild(Suite.java:128)
at org.junit.runners.Suite.runChild(Suite.java:27)
at org.junit.runners.ParentRunner$3.run(ParentRunner.java:290)
at org.junit.runners.ParentRunner$1.schedule(ParentRunner.java:71)
at org.junit.runners.ParentRunner.runChildren(ParentRunner.java:288)
at org.junit.runners.ParentRunner.access$000(ParentRunner.java:58)
at org.junit.runners.ParentRunner$2.evaluate(ParentRunner.java:268)
at org.junit.runners.ParentRunner.run(ParentRunner.java:363)
at org.junit.runner.JUnitCore.run(JUnitCore.java:137)
at org.junit.runner.JUnitCore.run(JUnitCore.java:115)
at android.support.test.internal.runner.TestExecutor.execute(TestExecutor.java:56)
at android.support.test.runner.AndroidJUnitRunner.onStart(AndroidJUnitRunner.java:384)
at android.app.Instrumentation$InstrumentationThread.run(Instrumentation.java:2074)
</failure>
  </testcase>
  <testcase name="checkItemC6" classname="kdk.android.simplydo.C6.CheckItemC6" time="0.89">
    <failure>android.support.test.espresso.AmbiguousViewMatcherException: '(with class name: is "android.widget.LinearLayout" and is displayed on the screen to the user)' matches multiple views in the hierarchy.
Problem views are marked with '****MATCHES****' below.

View Hierarchy:
+&gt;DecorView{id=-1, visibility=VISIBLE, width=1080, height=1920, has-focus=true, has-focusable=true, has-window-focus=true, is-clickable=false, is-enabled=true, is-focused=false, is-focusable=false, is-layout-requested=false, is-selected=false, layout-params=WM.LayoutParams{(0,0)(fillxfill) sim=#3 ty=1 fl=#81810100 pfl=0x20000 wanim=0x10302f6 needsMenuKey=2 colorMode=0}, tag=null, root-is-layout-requested=false, has-input-connection=false, x=0.0, y=0.0, child-count=3}
|
+-&gt;ActionBarOverlayLayout{id=16908822, res-name=decor_content_parent, visibility=VISIBLE, width=1080, height=1794, has-focus=true, has-focusable=true, has-window-focus=true, is-clickable=false, is-enabled=true, is-focused=false, is-focusable=false, is-layout-requested=false, is-selected=false, layout-params=android.widget.FrameLayout$LayoutParams&#64;19bed68, tag=null, root-is-layout-requested=false, has-input-connection=false, x=0.0, y=0.0, child-count=2}
|
+--&gt;FrameLayout{id=16908290, res-name=content, visibility=VISIBLE, width=1080, height=1584, has-focus=true, has-focusable=true, has-window-focus=true, is-clickable=false, is-enabled=true, is-focused=false, is-focusable=false, is-layout-requested=false, is-selected=false, layout-params=com.android.internal.widget.ActionBarOverlayLayout$LayoutParams&#64;829f581, tag=null, root-is-layout-requested=false, has-input-connection=false, x=0.0, y=210.0, child-count=1}
|
+---&gt;LinearLayout{id=-1, visibility=VISIBLE, width=1080, height=1584, has-focus=true, has-focusable=true, has-window-focus=true, is-clickable=false, is-enabled=true, is-focused=false, is-focusable=false, is-layout-requested=false, is-selected=false, layout-params=android.widget.FrameLayout$LayoutParams&#64;8636267, tag=null, root-is-layout-requested=false, has-input-connection=false, x=0.0, y=0.0, child-count=1} ****MATCHES****
|
+----&gt;ViewSwitcher{id=2130903049, res-name=ListsItemsSwitcher, visibility=VISIBLE, width=1080, height=1584, has-focus=true, has-focusable=true, has-window-focus=true, is-clickable=false, is-enabled=true, is-focused=false, is-focusable=false, is-layout-requested=false, is-selected=false, layout-params=android.widget.LinearLayout$LayoutParams&#64;ff68bd, tag=null, root-is-layout-requested=false, has-input-connection=false, x=0.0, y=0.0, child-count=2}
|
+-----&gt;LinearLayout{id=2130903059, res-name=listsView, visibility=VISIBLE, width=1080, height=1584, has-focus=true, has-focusable=true, has-window-focus=true, is-clickable=false, is-enabled=true, is-focused=false, is-focusable=false, is-layout-requested=false, is-selected=false, layout-params=android.widget.FrameLayout$LayoutParams&#64;dd75eb2, tag=null, root-is-layout-requested=false, has-input-connection=false, x=0.0, y=0.0, child-count=2} ****MATCHES****
|
+------&gt;LinearLayout{id=2130903048, res-name=LinearLayout01, visibility=VISIBLE, width=1080, height=126, has-focus=true, has-focusable=true, has-window-focus=true, is-clickable=false, is-enabled=true, is-focused=false, is-focusable=false, is-layout-requested=false, is-selected=false, layout-params=android.widget.LinearLayout$LayoutParams&#64;339be03, tag=null, root-is-layout-requested=false, has-input-connection=false, x=0.0, y=0.0, child-count=2} ****MATCHES****
|
+-------&gt;EditText{id=2130903043, res-name=AddListEditText, desc=addlistedittext, visibility=VISIBLE, width=849, height=126, has-focus=true, has-focusable=true, has-window-focus=true, is-clickable=true, is-enabled=true, is-focused=true, is-focusable=true, is-layout-requested=false, is-selected=false, layout-params=android.widget.LinearLayout$LayoutParams&#64;cd0180, tag=null, root-is-layout-requested=false, has-input-connection=true, editor-info=[inputType=0x31 imeOptions=0x8000006 privateImeOptions=null actionLabel=null actionId=0 initialSelStart=0 initialSelEnd=0 initialCapsMode=0x0 hintText=New List Name label=null packageName=null fieldId=0 fieldName=null extras=null hintLocales=null contentMimeTypes=null ], x=0.0, y=0.0, text=, hint=New List Name, input-type=49, ime-target=true, has-links=false}
|
+-------&gt;Button{id=2130903042, res-name=AddListButton, desc=Add, visibility=VISIBLE, width=231, height=126, has-focus=false, has-focusable=true, has-window-focus=true, is-clickable=true, is-enabled=true, is-focused=false, is-focusable=true, is-layout-requested=false, is-selected=false, layout-params=android.widget.LinearLayout$LayoutParams&#64;6bed3b9, tag=null, root-is-layout-requested=false, has-input-connection=false, x=849.0, y=0.0, text=Add, input-type=0, ime-target=false, has-links=false}
|
+------&gt;ListView{id=2130903050, res-name=ListsListView, visibility=VISIBLE, width=1080, height=1458, has-focus=false, has-focusable=true, has-window-focus=true, is-clickable=true, is-enabled=true, is-focused=false, is-focusable=true, is-layout-requested=false, is-selected=false, layout-params=android.widget.LinearLayout$LayoutParams&#64;dd8b3fe, tag=null, root-is-layout-requested=false, has-input-connection=false, x=0.0, y=126.0, child-count=11}
|
+-------&gt;LinearLayout{id=-1, visibility=VISIBLE, width=1080, height=130, has-focus=false, has-focusable=false, has-window-focus=true, is-clickable=false, is-enabled=true, is-focused=false, is-focusable=false, is-layout-requested=false, is-selected=false, layout-params=android.widget.AbsListView$LayoutParams&#64;90375f, tag=null, root-is-layout-requested=false, has-input-connection=false, x=0.0, y=0.0, child-count=2} ****MATCHES****
|
+--------&gt;TextView{id=2130903060, res-name=text1, desc=Name, visibility=VISIBLE, width=924, height=78, has-focus=false, has-focusable=false, has-window-focus=true, is-clickable=false, is-enabled=true, is-focused=false, is-focusable=false, is-layout-requested=false, is-selected=false, layout-params=android.widget.LinearLayout$LayoutParams&#64;c0b5ac, tag=null, root-is-layout-requested=false, has-input-connection=false, x=26.0, y=26.0, text=list, input-type=0, ime-target=false, has-links=false}
|
+--------&gt;TextView{id=2130903061, res-name=text2, desc=text2, visibility=VISIBLE, width=130, height=64, has-focus=false, has-focusable=false, has-window-focus=true, is-clickable=false, is-enabled=true, is-focused=false, is-focusable=false, is-layout-requested=false, is-selected=false, layout-params=android.widget.LinearLayout$LayoutParams&#64;86ff275, tag=null, root-is-layout-requested=false, has-input-connection=false, x=950.0, y=35.0, text=(9/13), input-type=0, ime-target=false, has-links=false}
|
+-------&gt;LinearLayout{id=-1, visibility=VISIBLE, width=1080, height=130, has-focus=false, has-focusable=false, has-window-focus=true, is-clickable=false, is-enabled=true, is-focused=false, is-focusable=false, is-layout-requested=false, is-selected=false, layout-params=android.widget.AbsListView$LayoutParams&#64;f08120a, tag=null, root-is-layout-requested=false, has-input-connection=false, x=0.0, y=133.0, child-count=2} ****MATCHES****
|
+--------&gt;TextView{id=2130903060, res-name=text1, desc=Name, visibility=VISIBLE, width=903, height=78, has-focus=false, has-focusable=false, has-window-focus=true, is-clickable=false, is-enabled=true, is-focused=false, is-focusable=false, is-layout-requested=false, is-selected=false, layout-params=android.widget.LinearLayout$LayoutParams&#64;9aaea7b, tag=null, root-is-layout-requested=false, has-input-connection=false, x=26.0, y=26.0, text=list, input-type=0, ime-target=false, has-links=false}
|
+--------&gt;TextView{id=2130903061, res-name=text2, desc=text2, visibility=VISIBLE, width=151, height=64, has-focus=false, has-focusable=false, has-window-focus=true, is-clickable=false, is-enabled=true, is-focused=false, is-focusable=false, is-layout-requested=false, is-selected=false, layout-params=android.widget.LinearLayout$LayoutParams&#64;7598098, tag=null, root-is-layout-requested=false, has-input-connection=false, x=929.0, y=35.0, text=(12/20), input-type=0, ime-target=false, has-links=false}
|
+-------&gt;LinearLayout{id=-1, visibility=VISIBLE, width=1080, height=130, has-focus=false, has-focusable=false, has-window-focus=true, is-clickable=false, is-enabled=true, is-focused=false, is-focusable=false, is-layout-requested=false, is-selected=false, layout-params=android.widget.AbsListView$LayoutParams&#64;3da40f1, tag=null, root-is-layout-requested=false, has-input-connection=false, x=0.0, y=266.0, child-count=2} ****MATCHES****
|
+--------&gt;TextView{id=2130903060, res-name=text1, desc=Name, visibility=VISIBLE, width=945, height=78, has-focus=false, has-focusable=false, has-window-focus=true, is-clickable=false, is-enabled=true, is-focused=false, is-focusable=false, is-layout-requested=false, is-selected=false, layout-params=android.widget.LinearLayout$LayoutParams&#64;f1d44d6, tag=null, root-is-layout-requested=false, has-input-connection=false, x=26.0, y=26.0, text=List, input-type=0, ime-target=false, has-links=false}
|
+--------&gt;TextView{id=2130903061, res-name=text2, desc=text2, visibility=VISIBLE, width=109, height=64, has-focus=false, has-focusable=false, has-window-focus=true, is-clickable=false, is-enabled=true, is-focused=false, is-focusable=false, is-layout-requested=false, is-selected=false, layout-params=android.widget.LinearLayout$LayoutParams&#64;df3b357, tag=null, root-is-layout-requested=false, has-input-connection=false, x=971.0, y=35.0, text=(0/0), input-type=0, ime-target=false, has-links=false}
|
+-------&gt;LinearLayout{id=-1, visibility=VISIBLE, width=1080, height=130, has-focus=false, has-focusable=false, has-window-focus=true, is-clickable=false, is-enabled=true, is-focused=false, is-focusable=false, is-layout-requested=false, is-selected=false, layout-params=android.widget.AbsListView$LayoutParams&#64;db20e44, tag=null, root-is-layout-requested=false, has-input-connection=false, x=0.0, y=399.0, child-count=2} ****MATCHES****
|
+--------&gt;TextView{id=2130903060, res-name=text1, desc=Name, visibility=VISIBLE, width=945, height=78, has-focus=false, has-focusable=false, has-window-focus=true, is-clickable=false, is-enabled=true, is-focused=false, is-focusable=false, is-layout-requested=false, is-selected=false, layout-params=android.widget.LinearLayout$LayoutParams&#64;1c0fb2d, tag=null, root-is-layout-requested=false, has-input-connection=false, x=26.0, y=26.0, text=List, input-type=0, ime-target=false, has-links=false}
|
+--------&gt;TextView{id=2130903061, res-name=text2, desc=text2, visibility=VISIBLE, width=109, height=64, has-focus=false, has-focusable=false, has-window-focus=true, is-clickable=false, is-enabled=true, is-focused=false, is-focusable=false, is-layout-requested=false, is-selected=false, layout-params=android.widget.LinearLayout$LayoutParams&#64;d80d862, tag=null, root-is-layout-requested=false, has-input-connection=false, x=971.0, y=35.0, text=(0/0), input-type=0, ime-target=false, has-links=false}
|
+-------&gt;LinearLayout{id=-1, visibility=VISIBLE, width=1080, height=130, has-focus=false, has-focusable=false, has-window-focus=true, is-clickable=false, is-enabled=true, is-focused=false, is-focusable=false, is-layout-requested=false, is-selected=false, layout-params=android.widget.AbsListView$LayoutParams&#64;f962df3, tag=null, root-is-layout-requested=false, has-input-connection=false, x=0.0, y=532.0, child-count=2} ****MATCHES****
|
+--------&gt;TextView{id=2130903060, res-name=text1, desc=Name, visibility=VISIBLE, width=945, height=78, has-focus=false, has-focusable=false, has-window-focus=true, is-clickable=false, is-enabled=true, is-focused=false, is-focusable=false, is-layout-requested=false, is-selected=false, layout-params=android.widget.LinearLayout$LayoutParams&#64;1e3cab0, tag=null, root-is-layout-requested=false, has-input-connection=false, x=26.0, y=26.0, text=List, input-type=0, ime-target=false, has-links=false}
|
+--------&gt;TextView{id=2130903061, res-name=text2, desc=text2, visibility=VISIBLE, width=109, height=64, has-focus=false, has-focusable=false, has-window-focus=true, is-clickable=false, is-enabled=true, is-focused=false, is-focusable=false, is-layout-requested=false, is-selected=false, layout-params=android.widget.LinearLayout$LayoutParams&#64;9df1d29, tag=null, root-is-layout-requested=false, has-input-connection=false, x=971.0, y=35.0, text=(0/0), input-type=0, ime-target=false, has-links=false}
|
+-------&gt;LinearLayout{id=-1, visibility=VISIBLE, width=1080, height=130, has-focus=false, has-focusable=false, has-window-focus=true, is-clickable=false, is-enabled=true, is-focused=false, is-focusable=false, is-layout-requested=false, is-selected=false, layout-params=android.widget.AbsListView$LayoutParams&#64;59818ae, tag=null, root-is-layout-requested=false, has-input-connection=false, x=0.0, y=665.0, child-count=2} ****MATCHES****
|
+--------&gt;TextView{id=2130903060, res-name=text1, desc=Name, visibility=VISIBLE, width=945, height=78, has-focus=false, has-focusable=false, has-window-focus=true, is-clickable=false, is-enabled=true, is-focused=false, is-focusable=false, is-layout-requested=false, is-selected=false, layout-params=android.widget.LinearLayout$LayoutParams&#64;ddbb64f, tag=null, root-is-layout-requested=false, has-input-connection=false, x=26.0, y=26.0, text=List, input-type=0, ime-target=false, has-links=false}
|
+--------&gt;TextView{id=2130903061, res-name=text2, desc=text2, visibility=VISIBLE, width=109, height=64, has-focus=false, has-focusable=false, has-window-focus=true, is-clickable=false, is-enabled=true, is-focused=false, is-focusable=false, is-layout-requested=false, is-selected=false, layout-params=android.widget.LinearLayout$LayoutParams&#64;832e1dc, tag=null, root-is-layout-requested=false, has-input-connection=false, x=971.0, y=35.0, text=(0/0), input-type=0, ime-target=false, has-links=false}
|
+-------&gt;LinearLayout{id=-1, visibility=VISIBLE, width=1080, height=130, has-focus=false, has-focusable=false, has-window-focus=true, is-clickable=false, is-enabled=true, is-focused=false, is-focusable=false, is-layout-requested=false, is-selected=false, layout-params=android.widget.AbsListView$LayoutParams&#64;aa362e5, tag=null, root-is-layout-requested=false, has-input-connection=false, x=0.0, y=798.0, child-count=2} ****MATCHES****
|
+--------&gt;TextView{id=2130903060, res-name=text1, desc=Name, visibility=VISIBLE, width=945, height=78, has-focus=false, has-focusable=false, has-window-focus=true, is-clickable=false, is-enabled=true, is-focused=false, is-focusable=false, is-layout-requested=false, is-selected=false, layout-params=android.widget.LinearLayout$LayoutParams&#64;1d111ba, tag=null, root-is-layout-requested=false, has-input-connection=false, x=26.0, y=26.0, text=List, input-type=0, ime-target=false, has-links=false}
|
+--------&gt;TextView{id=2130903061, res-name=text2, desc=text2, visibility=VISIBLE, width=109, height=64, has-focus=false, has-focusable=false, has-window-focus=true, is-clickable=false, is-enabled=true, is-focused=false, is-focusable=false, is-layout-requested=false, is-selected=false, layout-params=android.widget.LinearLayout$LayoutParams&#64;947686b, tag=null, root-is-layout-requested=false, has-input-connection=false, x=971.0, y=35.0, text=(0/0), input-type=0, ime-target=false, has-links=false}
|
+-------&gt;LinearLayout{id=-1, visibility=VISIBLE, width=1080, height=130, has-focus=false, has-focusable=false, has-window-focus=true, is-clickable=false, is-enabled=true, is-focused=false, is-focusable=false, is-layout-requested=false, is-selected=false, layout-params=android.widget.AbsListView$LayoutParams&#64;2fa3fc8, tag=null, root-is-layout-requested=false, has-input-connection=false, x=0.0, y=931.0, child-count=2} ****MATCHES****
|
+--------&gt;TextView{id=2130903060, res-name=text1, desc=Name, visibility=VISIBLE, width=945, height=78, has-focus=false, has-focusable=false, has-window-focus=true, is-clickable=false, is-enabled=true, is-focused=false, is-focusable=false, is-layout-requested=false, is-selected=false, layout-params=android.widget.LinearLayout$LayoutParams&#64;ac4861, tag=null, root-is-layout-requested=false, has-input-connection=false, x=26.0, y=26.0, text=List, input-type=0, ime-target=false, has-links=false}
|
+--------&gt;TextView{id=2130903061, res-name=text2, desc=text2, visibility=VISIBLE, width=109, height=64, has-focus=false, has-focusable=false, has-window-focus=true, is-clickable=false, is-enabled=true, is-focused=false, is-focusable=false, is-layout-requested=false, is-selected=false, layout-params=android.widget.LinearLayout$LayoutParams&#64;36e8f86, tag=null, root-is-layout-requested=false, has-input-connection=false, x=971.0, y=35.0, text=(0/0), input-type=0, ime-target=false, has-links=false}
|
+-------&gt;LinearLayout{id=-1, visibility=VISIBLE, width=1080, height=130, has-focus=false, has-focusable=false, has-window-focus=true, is-clickable=false, is-enabled=true, is-focused=false, is-focusable=false, is-layout-requested=false, is-selected=false, layout-params=android.widget.AbsListView$LayoutParams&#64;d722047, tag=null, root-is-layout-requested=false, has-input-connection=false, x=0.0, y=1064.0, child-count=2} ****MATCHES****
|
+--------&gt;TextView{id=2130903060, res-name=text1, desc=Name, visibility=VISIBLE, width=945, height=78, has-focus=false, has-focusable=false, has-window-focus=true, is-clickable=false, is-enabled=true, is-focused=false, is-focusable=false, is-layout-requested=false, is-selected=false, layout-params=android.widget.LinearLayout$LayoutParams&#64;d579074, tag=null, root-is-layout-requested=false, has-input-connection=false, x=26.0, y=26.0, text=List, input-type=0, ime-target=false, has-links=false}
|
+--------&gt;TextView{id=2130903061, res-name=text2, desc=text2, visibility=VISIBLE, width=109, height=64, has-focus=false, has-focusable=false, has-window-focus=true, is-clickable=false, is-enabled=true, is-focused=false, is-focusable=false, is-layout-requested=false, is-selected=false, layout-params=android.widget.LinearLayout$LayoutParams&#64;a04099d, tag=null, root-is-layout-requested=false, has-input-connection=false, x=971.0, y=35.0, text=(0/0), input-type=0, ime-target=false, has-links=false}
|
+-------&gt;LinearLayout{id=-1, visibility=VISIBLE, width=1080, height=130, has-focus=false, has-focusable=false, has-window-focus=true, is-clickable=false, is-enabled=true, is-focused=false, is-focusable=false, is-layout-requested=false, is-selected=false, layout-params=android.widget.AbsListView$LayoutParams&#64;b141e12, tag=null, root-is-layout-requested=false, has-input-connection=false, x=0.0, y=1197.0, child-count=2} ****MATCHES****
|
+--------&gt;TextView{id=2130903060, res-name=text1, desc=Name, visibility=VISIBLE, width=945, height=78, has-focus=false, has-focusable=false, has-window-focus=true, is-clickable=false, is-enabled=true, is-focused=false, is-focusable=false, is-layout-requested=false, is-selected=false, layout-params=android.widget.LinearLayout$LayoutParams&#64;ca679e3, tag=null, root-is-layout-requested=false, has-input-connection=false, x=26.0, y=26.0, text=List, input-type=0, ime-target=false, has-links=false}
|
+--------&gt;TextView{id=2130903061, res-name=text2, desc=text2, visibility=VISIBLE, width=109, height=64, has-focus=false, has-focusable=false, has-window-focus=true, is-clickable=false, is-enabled=true, is-focused=false, is-focusable=false, is-layout-requested=false, is-selected=false, layout-params=android.widget.LinearLayout$LayoutParams&#64;4973fe0, tag=null, root-is-layout-requested=false, has-input-connection=false, x=971.0, y=35.0, text=(0/0), input-type=0, ime-target=false, has-links=false}
|
+-------&gt;LinearLayout{id=-1, visibility=VISIBLE, width=1080, height=130, has-focus=false, has-focusable=false, has-window-focus=true, is-clickable=false, is-enabled=true, is-focused=false, is-focusable=false, is-layout-requested=false, is-selected=false, layout-params=android.widget.AbsListView$LayoutParams&#64;11ca299, tag=null, root-is-layout-requested=false, has-input-connection=false, x=0.0, y=1330.0, child-count=2} ****MATCHES****
|
+--------&gt;TextView{id=2130903060, res-name=text1, desc=Name, visibility=VISIBLE, width=945, height=78, has-focus=false, has-focusable=false, has-window-focus=true, is-clickable=false, is-enabled=true, is-focused=false, is-focusable=false, is-layout-requested=false, is-selected=false, layout-params=android.widget.LinearLayout$LayoutParams&#64;e12095e, tag=null, root-is-layout-requested=false, has-input-connection=false, x=26.0, y=26.0, text=List, input-type=0, ime-target=false, has-links=false}
|
+--------&gt;TextView{id=2130903061, res-name=text2, desc=text2, visibility=VISIBLE, width=109, height=64, has-focus=false, has-focusable=false, has-window-focus=true, is-clickable=false, is-enabled=true, is-focused=false, is-focusable=false, is-layout-requested=false, is-selected=false, layout-params=android.widget.LinearLayout$LayoutParams&#64;93cd13f, tag=null, root-is-layout-requested=false, has-input-connection=false, x=971.0, y=35.0, text=(0/0), input-type=0, ime-target=false, has-links=false}
|
+-----&gt;LinearLayout{id=2130903057, res-name=itemsView, visibility=GONE, width=0, height=0, has-focus=false, has-focusable=false, has-window-focus=true, is-clickable=false, is-enabled=true, is-focused=false, is-focusable=false, is-layout-requested=true, is-selected=false, layout-params=android.widget.FrameLayout$LayoutParams&#64;4715d6a, tag=null, root-is-layout-requested=false, has-input-connection=false, x=0.0, y=0.0, child-count=2}
|
+------&gt;LinearLayout{id=2130903048, res-name=LinearLayout01, visibility=VISIBLE, width=0, height=0, has-focus=false, has-focusable=true, has-window-focus=true, is-clickable=false, is-enabled=true, is-focused=false, is-focusable=false, is-layout-requested=true, is-selected=false, layout-params=android.widget.LinearLayout$LayoutParams&#64;8870bd1, tag=null, root-is-layout-requested=false, has-input-connection=false, x=0.0, y=0.0, child-count=2}
|
+-------&gt;EditText{id=2130903041, res-name=AddItemEditText, desc=addItemEditText, visibility=VISIBLE, width=0, height=0, has-focus=false, has-focusable=true, has-window-focus=true, is-clickable=true, is-enabled=true, is-focused=false, is-focusable=true, is-layout-requested=true, is-selected=false, layout-params=android.widget.LinearLayout$LayoutParams&#64;bbfe636, tag=null, root-is-layout-requested=false, has-input-connection=true, editor-info=[inputType=0x31 imeOptions=0x8000006 privateImeOptions=null actionLabel=null actionId=0 initialSelStart=0 initialSelEnd=0 initialCapsMode=0x0 hintText=New Item Name label=null packageName=null fieldId=0 fieldName=null extras=null hintLocales=null contentMimeTypes=null ], x=0.0, y=0.0, text=, hint=New Item Name, input-type=49, ime-target=false, has-links=false}
|
+-------&gt;Button{id=2130903040, res-name=AddItemButton, desc=Add, visibility=VISIBLE, width=0, height=0, has-focus=false, has-focusable=true, has-window-focus=true, is-clickable=true, is-enabled=true, is-focused=false, is-focusable=true, is-layout-requested=true, is-selected=false, layout-params=android.widget.LinearLayout$LayoutParams&#64;c9da937, tag=null, root-is-layout-requested=false, has-input-connection=false, x=0.0, y=0.0, text=Add, input-type=0, ime-target=false, has-links=false}
|
+------&gt;ListView{id=2130903047, res-name=ItemsListView, visibility=VISIBLE, width=0, height=0, has-focus=false, has-focusable=false, has-window-focus=true, is-clickable=true, is-enabled=true, is-focused=false, is-focusable=false, is-layout-requested=true, is-selected=false, layout-params=android.widget.LinearLayout$LayoutParams&#64;39fea4, tag=null, root-is-layout-requested=false, has-input-connection=false, x=0.0, y=0.0, child-count=0}
|
+--&gt;ActionBarContainer{id=16908669, res-name=action_bar_container, visibility=VISIBLE, width=1080, height=147, has-focus=false, has-focusable=false, has-window-focus=true, is-clickable=false, is-enabled=true, is-focused=false, is-focusable=false, is-layout-requested=false, is-selected=false, layout-params=com.android.internal.widget.ActionBarOverlayLayout$LayoutParams&#64;d19a1d3, tag=null, root-is-layout-requested=false, has-input-connection=false, x=0.0, y=63.0, child-count=2}
|
+---&gt;Toolbar{id=16908668, res-name=action_bar, visibility=VISIBLE, width=1080, height=147, has-focus=false, has-focusable=false, has-window-focus=true, is-clickable=false, is-enabled=true, is-focused=false, is-focusable=false, is-layout-requested=false, is-selected=false, layout-params=android.widget.FrameLayout$LayoutParams&#64;f6a6110, tag=null, root-is-layout-requested=false, has-input-connection=false, x=0.0, y=0.0, child-count=2}
|
+----&gt;TextView{id=-1, visibility=VISIBLE, width=240, height=71, has-focus=false, has-focusable=false, has-window-focus=true, is-clickable=false, is-enabled=true, is-focused=false, is-focusable=false, is-layout-requested=false, is-selected=false, layout-params=android.widget.Toolbar$LayoutParams&#64;c3e6409, tag=null, root-is-layout-requested=false, has-input-connection=false, x=42.0, y=38.0, text=Simply Do, input-type=0, ime-target=false, has-links=false}
|
+----&gt;ActionMenuView{id=-1, visibility=VISIBLE, width=105, height=147, has-focus=false, has-focusable=false, has-window-focus=true, is-clickable=false, is-enabled=true, is-focused=false, is-focusable=false, is-layout-requested=false, is-selected=false, layout-params=android.widget.Toolbar$LayoutParams&#64;152882f, tag=null, root-is-layout-requested=false, has-input-connection=false, x=975.0, y=0.0, child-count=1}
|
+-----&gt;OverflowMenuButton{id=-1, desc=More options, visibility=VISIBLE, width=105, height=126, has-focus=false, has-focusable=false, has-window-focus=true, is-clickable=true, is-enabled=true, is-focused=false, is-focusable=true, is-layout-requested=false, is-selected=false, layout-params=android.widget.ActionMenuView$LayoutParams&#64;8fc7e3c, tag=null, root-is-layout-requested=false, has-input-connection=false, x=0.0, y=10.0}
|
+---&gt;ActionBarContextView{id=16908673, res-name=action_context_bar, visibility=GONE, width=0, height=0, has-focus=false, has-focusable=false, has-window-focus=true, is-clickable=false, is-enabled=true, is-focused=false, is-focusable=false, is-layout-requested=true, is-selected=false, layout-params=android.widget.FrameLayout$LayoutParams&#64;6037c5, tag=null, root-is-layout-requested=false, has-input-connection=false, x=0.0, y=0.0, child-count=0}
|
+-&gt;View{id=16908336, res-name=navigationBarBackground, visibility=VISIBLE, width=1080, height=126, has-focus=false, has-focusable=false, has-window-focus=true, is-clickable=false, is-enabled=true, is-focused=false, is-focusable=false, is-layout-requested=false, is-selected=false, layout-params=android.widget.FrameLayout$LayoutParams&#64;153f51a, tag=null, root-is-layout-requested=false, has-input-connection=false, x=0.0, y=1794.0}
|
+-&gt;View{id=16908335, res-name=statusBarBackground, visibility=VISIBLE, width=1080, height=63, has-focus=false, has-focusable=false, has-window-focus=true, is-clickable=false, is-enabled=true, is-focused=false, is-focusable=false, is-layout-requested=false, is-selected=false, layout-params=android.widget.FrameLayout$LayoutParams&#64;189784b, tag=null, root-is-layout-requested=false, has-input-connection=false, x=0.0, y=0.0}
|
at dalvik.system.VMStack.getThreadStackTrace(Native Method)
at java.lang.Thread.getStackTrace(Thread.java:1536)
at android.support.test.espresso.base.DefaultFailureHandler.getUserFriendlyError(DefaultFailureHandler.java:88)
at android.support.test.espresso.base.DefaultFailureHandler.handle(DefaultFailureHandler.java:51)
at android.support.test.espresso.ViewInteraction.waitForAndHandleInteractionResults(ViewInteraction.java:312)
at android.support.test.espresso.ViewInteraction.desugaredPerform(ViewInteraction.java:173)
at android.support.test.espresso.ViewInteraction.perform(ViewInteraction.java:114)
at kdk.android.simplydo.C6.CheckItemC6.checkItemC6(CheckItemC6.java:50)
at java.lang.reflect.Method.invoke(Native Method)
at org.junit.runners.model.FrameworkMethod$1.runReflectiveCall(FrameworkMethod.java:50)
at org.junit.internal.runners.model.ReflectiveCallable.run(ReflectiveCallable.java:12)
at org.junit.runners.model.FrameworkMethod.invokeExplosively(FrameworkMethod.java:47)
at org.junit.internal.runners.statements.InvokeMethod.evaluate(InvokeMethod.java:17)
at android.support.test.rule.ActivityTestRule$ActivityStatement.evaluate(ActivityTestRule.java:527)
at org.junit.rules.RunRules.evaluate(RunRules.java:20)
at org.junit.runners.ParentRunner.runLeaf(ParentRunner.java:325)
at org.junit.runners.BlockJUnit4ClassRunner.runChild(BlockJUnit4ClassRunner.java:78)
at org.junit.runners.BlockJUnit4ClassRunner.runChild(BlockJUnit4ClassRunner.java:57)
at org.junit.runners.ParentRunner$3.run(ParentRunner.java:290)
at org.junit.runners.ParentRunner$1.schedule(ParentRunner.java:71)
at org.junit.runners.ParentRunner.runChildren(ParentRunner.java:288)
at org.junit.runners.ParentRunner.access$000(ParentRunner.java:58)
at org.junit.runners.ParentRunner$2.evaluate(ParentRunner.java:268)
at org.junit.runners.ParentRunner.run(ParentRunner.java:363)
at android.support.test.runner.AndroidJUnit4.run(AndroidJUnit4.java:101)
at org.junit.runners.Suite.runChild(Suite.java:128)
at org.junit.runners.Suite.runChild(Suite.java:27)
at org.junit.runners.ParentRunner$3.run(ParentRunner.java:290)
at org.junit.runners.ParentRunner$1.schedule(ParentRunner.java:71)
at org.junit.runners.ParentRunner.runChildren(ParentRunner.java:288)
at org.junit.runners.ParentRunner.access$000(ParentRunner.java:58)
at org.junit.runners.ParentRunner$2.evaluate(ParentRunner.java:268)
at org.junit.runners.ParentRunner.run(ParentRunner.java:363)
at org.junit.runner.JUnitCore.run(JUnitCore.java:137)
at org.junit.runner.JUnitCore.run(JUnitCore.java:115)
at android.support.test.internal.runner.TestExecutor.execute(TestExecutor.java:56)
at android.support.test.runner.AndroidJUnitRunner.onStart(AndroidJUnitRunner.java:384)
at android.app.Instrumentation$InstrumentationThread.run(Instrumentation.java:2074)
</failure>
  </testcase>
  <testcase name="createListsC6" classname="kdk.android.simplydo.C6.CreateListsC6" time="1.316" />
  <testcase name="decoratorC6" classname="kdk.android.simplydo.C6.DecoratorC6" time="1.415">
    <failure>android.support.test.espresso.AmbiguousViewMatcherException: '(with class name: is "android.widget.LinearLayout" and is displayed on the screen to the user)' matches multiple views in the hierarchy.
Problem views are marked with '****MATCHES****' below.

View Hierarchy:
+&gt;DecorView{id=-1, visibility=VISIBLE, width=1080, height=1920, has-focus=true, has-focusable=true, has-window-focus=true, is-clickable=false, is-enabled=true, is-focused=false, is-focusable=false, is-layout-requested=false, is-selected=false, layout-params=WM.LayoutParams{(0,0)(fillxfill) ty=1 fl=#81810100 pfl=0x20000 wanim=0x10302f6 needsMenuKey=2 colorMode=0}, tag=null, root-is-layout-requested=false, has-input-connection=false, x=0.0, y=0.0, child-count=3}
|
+-&gt;ActionBarOverlayLayout{id=16908822, res-name=decor_content_parent, visibility=VISIBLE, width=1080, height=1794, has-focus=true, has-focusable=true, has-window-focus=true, is-clickable=false, is-enabled=true, is-focused=false, is-focusable=false, is-layout-requested=false, is-selected=false, layout-params=android.widget.FrameLayout$LayoutParams&#64;999ed17, tag=null, root-is-layout-requested=false, has-input-connection=false, x=0.0, y=0.0, child-count=2}
|
+--&gt;FrameLayout{id=16908290, res-name=content, visibility=VISIBLE, width=1080, height=1584, has-focus=true, has-focusable=true, has-window-focus=true, is-clickable=false, is-enabled=true, is-focused=false, is-focusable=false, is-layout-requested=false, is-selected=false, layout-params=com.android.internal.widget.ActionBarOverlayLayout$LayoutParams&#64;3912504, tag=null, root-is-layout-requested=false, has-input-connection=false, x=0.0, y=210.0, child-count=1}
|
+---&gt;LinearLayout{id=-1, visibility=VISIBLE, width=1080, height=1584, has-focus=true, has-focusable=true, has-window-focus=true, is-clickable=false, is-enabled=true, is-focused=false, is-focusable=false, is-layout-requested=false, is-selected=false, layout-params=android.widget.FrameLayout$LayoutParams&#64;f30ad22, tag=null, root-is-layout-requested=false, has-input-connection=false, x=0.0, y=0.0, child-count=2} ****MATCHES****
|
+----&gt;LinearLayout{id=-1, visibility=VISIBLE, width=1080, height=1584, has-focus=true, has-focusable=true, has-window-focus=true, is-clickable=false, is-enabled=true, is-focused=false, is-focusable=false, is-layout-requested=false, is-selected=false, layout-params=android.widget.LinearLayout$LayoutParams&#64;6c643b3, tag=null, root-is-layout-requested=false, has-input-connection=false, x=0.0, y=0.0, child-count=1} ****MATCHES****
|
+-----&gt;LinearLayout{id=16908926, res-name=headers, visibility=VISIBLE, width=1080, height=1584, has-focus=true, has-focusable=true, has-window-focus=true, is-clickable=false, is-enabled=true, is-focused=false, is-focusable=false, is-layout-requested=false, is-selected=false, layout-params=android.widget.LinearLayout$LayoutParams&#64;950796e, tag=null, root-is-layout-requested=false, has-input-connection=false, x=0.0, y=0.0, child-count=2} ****MATCHES****
|
+------&gt;ListView{id=16908298, res-name=list, visibility=VISIBLE, width=1080, height=1584, has-focus=true, has-focusable=true, has-window-focus=true, is-clickable=true, is-enabled=true, is-focused=true, is-focusable=true, is-layout-requested=false, is-selected=false, layout-params=android.widget.LinearLayout$LayoutParams&#64;557680f, tag=null, root-is-layout-requested=false, has-input-connection=false, x=0.0, y=0.0, child-count=6}
|
+-------&gt;LinearLayout{id=-1, visibility=VISIBLE, width=1080, height=141, has-focus=false, has-focusable=false, has-window-focus=true, is-clickable=false, is-enabled=true, is-focused=false, is-focusable=false, is-layout-requested=false, is-selected=false, layout-params=android.widget.AbsListView$LayoutParams&#64;2c762b, tag=null, root-is-layout-requested=false, has-input-connection=false, x=0.0, y=0.0, child-count=3} ****MATCHES****
|
+--------&gt;LinearLayout{id=16908350, res-name=icon_frame, visibility=GONE, width=0, height=0, has-focus=false, has-focusable=false, has-window-focus=true, is-clickable=false, is-enabled=true, is-focused=false, is-focusable=false, is-layout-requested=false, is-selected=false, layout-params=android.widget.LinearLayout$LayoutParams&#64;2646c21, tag=null, root-is-layout-requested=false, has-input-connection=false, x=0.0, y=0.0, child-count=1}
|
+---------&gt;PreferenceImageView{id=16908294, res-name=icon, visibility=GONE, width=0, height=0, has-focus=false, has-focusable=false, has-window-focus=true, is-clickable=false, is-enabled=true, is-focused=false, is-focusable=false, is-layout-requested=true, is-selected=false, layout-params=android.widget.LinearLayout$LayoutParams&#64;3a4846, tag=null, root-is-layout-requested=false, has-input-connection=false, x=0.0, y=0.0}
|
+--------&gt;RelativeLayout{id=-1, visibility=VISIBLE, width=996, height=141, has-focus=false, has-focusable=false, has-window-focus=true, is-clickable=false, is-enabled=true, is-focused=false, is-focusable=false, is-layout-requested=false, is-selected=false, layout-params=android.widget.LinearLayout$LayoutParams&#64;77aa95d, tag=null, root-is-layout-requested=false, has-input-connection=false, x=42.0, y=0.0, child-count=2}
|
+---------&gt;TextView{id=16908310, res-name=title, visibility=VISIBLE, width=229, height=57, has-focus=false, has-focusable=false, has-window-focus=true, is-clickable=false, is-enabled=true, is-focused=false, is-focusable=false, is-layout-requested=false, is-selected=false, layout-params=android.widget.RelativeLayout$LayoutParams&#64;9c2a2d2, tag=null, root-is-layout-requested=false, has-input-connection=false, x=0.0, y=42.0, text=Item Sorting, input-type=0, ime-target=false, has-links=false}
|
+---------&gt;TextView{id=16908304, res-name=summary, visibility=GONE, width=0, height=0, has-focus=false, has-focusable=false, has-window-focus=true, is-clickable=false, is-enabled=true, is-focused=false, is-focusable=false, is-layout-requested=true, is-selected=false, layout-params=android.widget.RelativeLayout$LayoutParams&#64;5e77fa3, tag=null, root-is-layout-requested=false, has-input-connection=false, x=0.0, y=0.0, text=, input-type=0, ime-target=false, has-links=false}
|
+--------&gt;LinearLayout{id=16908312, res-name=widget_frame, visibility=GONE, width=0, height=0, has-focus=false, has-focusable=false, has-window-focus=true, is-clickable=false, is-enabled=true, is-focused=false, is-focusable=false, is-layout-requested=true, is-selected=false, layout-params=android.widget.LinearLayout$LayoutParams&#64;78732a0, tag=null, root-is-layout-requested=false, has-input-connection=false, x=0.0, y=0.0, child-count=0}
|
+-------&gt;LinearLayout{id=-1, visibility=VISIBLE, width=1080, height=141, has-focus=false, has-focusable=false, has-window-focus=true, is-clickable=false, is-enabled=true, is-focused=false, is-focusable=false, is-layout-requested=false, is-selected=false, layout-params=android.widget.AbsListView$LayoutParams&#64;83cd8cc, tag=null, root-is-layout-requested=false, has-input-connection=false, x=0.0, y=144.0, child-count=3} ****MATCHES****
|
+--------&gt;LinearLayout{id=16908350, res-name=icon_frame, visibility=GONE, width=0, height=0, has-focus=false, has-focusable=false, has-window-focus=true, is-clickable=false, is-enabled=true, is-focused=false, is-focusable=false, is-layout-requested=false, is-selected=false, layout-params=android.widget.LinearLayout$LayoutParams&#64;853ba2a, tag=null, root-is-layout-requested=false, has-input-connection=false, x=0.0, y=0.0, child-count=1}
|
+---------&gt;PreferenceImageView{id=16908294, res-name=icon, visibility=GONE, width=0, height=0, has-focus=false, has-focusable=false, has-window-focus=true, is-clickable=false, is-enabled=true, is-focused=false, is-focusable=false, is-layout-requested=true, is-selected=false, layout-params=android.widget.LinearLayout$LayoutParams&#64;4db401b, tag=null, root-is-layout-requested=false, has-input-connection=false, x=0.0, y=0.0}
|
+--------&gt;RelativeLayout{id=-1, visibility=VISIBLE, width=996, height=141, has-focus=false, has-focusable=false, has-window-focus=true, is-clickable=false, is-enabled=true, is-focused=false, is-focusable=false, is-layout-requested=false, is-selected=false, layout-params=android.widget.LinearLayout$LayoutParams&#64;64b4ef6, tag=null, root-is-layout-requested=false, has-input-connection=false, x=42.0, y=0.0, child-count=2}
|
+---------&gt;TextView{id=16908310, res-name=title, visibility=VISIBLE, width=214, height=57, has-focus=false, has-focusable=false, has-window-focus=true, is-clickable=false, is-enabled=true, is-focused=false, is-focusable=false, is-layout-requested=false, is-selected=false, layout-params=android.widget.RelativeLayout$LayoutParams&#64;863c2f7, tag=null, root-is-layout-requested=false, has-input-connection=false, x=0.0, y=42.0, text=List Sorting, input-type=0, ime-target=false, has-links=false}
|
+---------&gt;TextView{id=16908304, res-name=summary, visibility=GONE, width=0, height=0, has-focus=false, has-focusable=false, has-window-focus=true, is-clickable=false, is-enabled=true, is-focused=false, is-focusable=false, is-layout-requested=true, is-selected=false, layout-params=android.widget.RelativeLayout$LayoutParams&#64;9eb7564, tag=null, root-is-layout-requested=false, has-input-connection=false, x=0.0, y=0.0, text=, input-type=0, ime-target=false, has-links=false}
|
+--------&gt;LinearLayout{id=16908312, res-name=widget_frame, visibility=GONE, width=0, height=0, has-focus=false, has-focusable=false, has-window-focus=true, is-clickable=false, is-enabled=true, is-focused=false, is-focusable=false, is-layout-requested=true, is-selected=false, layout-params=android.widget.LinearLayout$LayoutParams&#64;65da3cd, tag=null, root-is-layout-requested=false, has-input-connection=false, x=0.0, y=0.0, child-count=0}
|
+-------&gt;LinearLayout{id=-1, visibility=VISIBLE, width=1080, height=141, has-focus=false, has-focusable=false, has-window-focus=true, is-clickable=false, is-enabled=true, is-focused=false, is-focusable=false, is-layout-requested=false, is-selected=false, layout-params=android.widget.AbsListView$LayoutParams&#64;3adafc9, tag=null, root-is-layout-requested=false, has-input-connection=false, x=0.0, y=288.0, child-count=3} ****MATCHES****
|
+--------&gt;LinearLayout{id=16908350, res-name=icon_frame, visibility=GONE, width=0, height=0, has-focus=false, has-focusable=false, has-window-focus=true, is-clickable=false, is-enabled=true, is-focused=false, is-focusable=false, is-layout-requested=false, is-selected=false, layout-params=android.widget.LinearLayout$LayoutParams&#64;10a19ef, tag=null, root-is-layout-requested=false, has-input-connection=false, x=0.0, y=0.0, child-count=1}
|
+---------&gt;PreferenceImageView{id=16908294, res-name=icon, visibility=GONE, width=0, height=0, has-focus=false, has-focusable=false, has-window-focus=true, is-clickable=false, is-enabled=true, is-focused=false, is-focusable=false, is-layout-requested=true, is-selected=false, layout-params=android.widget.LinearLayout$LayoutParams&#64;30e0cfc, tag=null, root-is-layout-requested=false, has-input-connection=false, x=0.0, y=0.0}
|
+--------&gt;RelativeLayout{id=-1, visibility=VISIBLE, width=996, height=141, has-focus=false, has-focusable=false, has-window-focus=true, is-clickable=false, is-enabled=true, is-focused=false, is-focusable=false, is-layout-requested=false, is-selected=false, layout-params=android.widget.LinearLayout$LayoutParams&#64;888660b, tag=null, root-is-layout-requested=false, has-input-connection=false, x=42.0, y=0.0, child-count=2}
|
+---------&gt;TextView{id=16908310, res-name=title, visibility=VISIBLE, width=358, height=57, has-focus=false, has-focusable=false, has-window-focus=true, is-clickable=false, is-enabled=true, is-focused=false, is-focusable=false, is-layout-requested=false, is-selected=false, layout-params=android.widget.RelativeLayout$LayoutParams&#64;8acfce8, tag=null, root-is-layout-requested=false, has-input-connection=false, x=0.0, y=42.0, text=Inactive Decoration, input-type=0, ime-target=false, has-links=false}
|
+---------&gt;TextView{id=16908304, res-name=summary, visibility=GONE, width=0, height=0, has-focus=false, has-focusable=false, has-window-focus=true, is-clickable=false, is-enabled=true, is-focused=false, is-focusable=false, is-layout-requested=true, is-selected=false, layout-params=android.widget.RelativeLayout$LayoutParams&#64;a268f01, tag=null, root-is-layout-requested=false, has-input-connection=false, x=0.0, y=0.0, text=, input-type=0, ime-target=false, has-links=false}
|
+--------&gt;LinearLayout{id=16908312, res-name=widget_frame, visibility=GONE, width=0, height=0, has-focus=false, has-focusable=false, has-window-focus=true, is-clickable=false, is-enabled=true, is-focused=false, is-focusable=false, is-layout-requested=true, is-selected=false, layout-params=android.widget.LinearLayout$LayoutParams&#64;dc361a6, tag=null, root-is-layout-requested=false, has-input-connection=false, x=0.0, y=0.0, child-count=0}
|
+-------&gt;LinearLayout{id=-1, visibility=VISIBLE, width=1080, height=141, has-focus=false, has-focusable=false, has-window-focus=true, is-clickable=false, is-enabled=true, is-focused=false, is-focusable=false, is-layout-requested=false, is-selected=false, layout-params=android.widget.AbsListView$LayoutParams&#64;bec1a3d, tag=null, root-is-layout-requested=false, has-input-connection=false, x=0.0, y=432.0, child-count=3} ****MATCHES****
|
+--------&gt;LinearLayout{id=16908350, res-name=icon_frame, visibility=GONE, width=0, height=0, has-focus=false, has-focusable=false, has-window-focus=true, is-clickable=false, is-enabled=true, is-focused=false, is-focusable=false, is-layout-requested=false, is-selected=false, layout-params=android.widget.LinearLayout$LayoutParams&#64;4158b83, tag=null, root-is-layout-requested=false, has-input-connection=false, x=0.0, y=0.0, child-count=1}
|
+---------&gt;PreferenceImageView{id=16908294, res-name=icon, visibility=GONE, width=0, height=0, has-focus=false, has-focusable=false, has-window-focus=true, is-clickable=false, is-enabled=true, is-focused=false, is-focusable=false, is-layout-requested=true, is-selected=false, layout-params=android.widget.LinearLayout$LayoutParams&#64;8008100, tag=null, root-is-layout-requested=false, has-input-connection=false, x=0.0, y=0.0}
|
+--------&gt;RelativeLayout{id=-1, visibility=VISIBLE, width=870, height=141, has-focus=false, has-focusable=false, has-window-focus=true, is-clickable=false, is-enabled=true, is-focused=false, is-focusable=false, is-layout-requested=false, is-selected=false, layout-params=android.widget.LinearLayout$LayoutParams&#64;b1b5cdf, tag=null, root-is-layout-requested=false, has-input-connection=false, x=42.0, y=0.0, child-count=2}
|
+---------&gt;TextView{id=16908310, res-name=title, visibility=VISIBLE, width=488, height=57, has-focus=false, has-focusable=false, has-window-focus=true, is-clickable=false, is-enabled=true, is-focused=false, is-focusable=false, is-layout-requested=false, is-selected=false, layout-params=android.widget.RelativeLayout$LayoutParams&#64;46cad2c, tag=null, root-is-layout-requested=false, has-input-connection=false, x=0.0, y=42.0, text=Confirm Delete All Inactive, input-type=0, ime-target=false, has-links=false}
|
+---------&gt;TextView{id=16908304, res-name=summary, visibility=GONE, width=0, height=0, has-focus=false, has-focusable=false, has-window-focus=true, is-clickable=false, is-enabled=true, is-focused=false, is-focusable=false, is-layout-requested=true, is-selected=false, layout-params=android.widget.RelativeLayout$LayoutParams&#64;b1153f5, tag=null, root-is-layout-requested=false, has-input-connection=false, x=0.0, y=0.0, text=, input-type=0, ime-target=false, has-links=false}
|
+--------&gt;LinearLayout{id=16908312, res-name=widget_frame, visibility=VISIBLE, width=126, height=141, has-focus=false, has-focusable=false, has-window-focus=true, is-clickable=false, is-enabled=true, is-focused=false, is-focusable=false, is-layout-requested=false, is-selected=false, layout-params=android.widget.LinearLayout$LayoutParams&#64;582e7fb, tag=null, root-is-layout-requested=false, has-input-connection=false, x=912.0, y=0.0, child-count=1} ****MATCHES****
|
+---------&gt;CheckBox{id=16908289, res-name=checkbox, visibility=VISIBLE, width=84, height=84, has-focus=false, has-focusable=false, has-window-focus=true, is-clickable=false, is-enabled=true, is-focused=false, is-focusable=false, is-layout-requested=false, is-selected=false, layout-params=android.widget.LinearLayout$LayoutParams&#64;28d7018, tag=null, root-is-layout-requested=false, has-input-connection=false, x=42.0, y=28.0, text=, input-type=0, ime-target=false, has-links=false, is-checked=true}
|
+-------&gt;LinearLayout{id=-1, visibility=VISIBLE, width=1080, height=141, has-focus=false, has-focusable=false, has-window-focus=true, is-clickable=false, is-enabled=true, is-focused=false, is-focusable=false, is-layout-requested=false, is-selected=false, layout-params=android.widget.AbsListView$LayoutParams&#64;cf575c4, tag=null, root-is-layout-requested=false, has-input-connection=false, x=0.0, y=576.0, child-count=3} ****MATCHES****
|
+--------&gt;LinearLayout{id=16908350, res-name=icon_frame, visibility=GONE, width=0, height=0, has-focus=false, has-focusable=false, has-window-focus=true, is-clickable=false, is-enabled=true, is-focused=false, is-focusable=false, is-layout-requested=false, is-selected=false, layout-params=android.widget.LinearLayout$LayoutParams&#64;b694be2, tag=null, root-is-layout-requested=false, has-input-connection=false, x=0.0, y=0.0, child-count=1}
|
+---------&gt;PreferenceImageView{id=16908294, res-name=icon, visibility=GONE, width=0, height=0, has-focus=false, has-focusable=false, has-window-focus=true, is-clickable=false, is-enabled=true, is-focused=false, is-focusable=false, is-layout-requested=true, is-selected=false, layout-params=android.widget.LinearLayout$LayoutParams&#64;3c05b73, tag=null, root-is-layout-requested=false, has-input-connection=false, x=0.0, y=0.0}
|
+--------&gt;RelativeLayout{id=-1, visibility=VISIBLE, width=996, height=141, has-focus=false, has-focusable=false, has-window-focus=true, is-clickable=false, is-enabled=true, is-focused=false, is-focusable=false, is-layout-requested=false, is-selected=false, layout-params=android.widget.LinearLayout$LayoutParams&#64;854442e, tag=null, root-is-layout-requested=false, has-input-connection=false, x=42.0, y=0.0, child-count=2}
|
+---------&gt;TextView{id=16908310, res-name=title, visibility=VISIBLE, width=235, height=57, has-focus=false, has-focusable=false, has-window-focus=true, is-clickable=false, is-enabled=true, is-focused=false, is-focusable=false, is-layout-requested=false, is-selected=false, layout-params=android.widget.RelativeLayout$LayoutParams&#64;23b3bcf, tag=null, root-is-layout-requested=false, has-input-connection=false, x=0.0, y=42.0, text=Backup Now, input-type=0, ime-target=false, has-links=false}
|
+---------&gt;TextView{id=16908304, res-name=summary, visibility=GONE, width=0, height=0, has-focus=false, has-focusable=false, has-window-focus=true, is-clickable=false, is-enabled=true, is-focused=false, is-focusable=false, is-layout-requested=true, is-selected=false, layout-params=android.widget.RelativeLayout$LayoutParams&#64;8bb95c, tag=null, root-is-layout-requested=false, has-input-connection=false, x=0.0, y=0.0, text=, input-type=0, ime-target=false, has-links=false}
|
+--------&gt;LinearLayout{id=16908312, res-name=widget_frame, visibility=GONE, width=0, height=0, has-focus=false, has-focusable=false, has-window-focus=true, is-clickable=false, is-enabled=true, is-focused=false, is-focusable=false, is-layout-requested=true, is-selected=false, layout-params=android.widget.LinearLayout$LayoutParams&#64;7202465, tag=null, root-is-layout-requested=false, has-input-connection=false, x=0.0, y=0.0, child-count=0}
|
+-------&gt;LinearLayout{id=-1, visibility=VISIBLE, width=1080, height=141, has-focus=false, has-focusable=false, has-window-focus=true, is-clickable=false, is-enabled=true, is-focused=false, is-focusable=false, is-layout-requested=false, is-selected=false, layout-params=android.widget.AbsListView$LayoutParams&#64;1f3a1e1, tag=null, root-is-layout-requested=false, has-input-connection=false, x=0.0, y=720.0, child-count=3} ****MATCHES****
|
+--------&gt;LinearLayout{id=16908350, res-name=icon_frame, visibility=GONE, width=0, height=0, has-focus=false, has-focusable=false, has-window-focus=true, is-clickable=false, is-enabled=true, is-focused=false, is-focusable=false, is-layout-requested=false, is-selected=false, layout-params=android.widget.LinearLayout$LayoutParams&#64;28cd5c7, tag=null, root-is-layout-requested=false, has-input-connection=false, x=0.0, y=0.0, child-count=1}
|
+---------&gt;PreferenceImageView{id=16908294, res-name=icon, visibility=GONE, width=0, height=0, has-focus=false, has-focusable=false, has-window-focus=true, is-clickable=false, is-enabled=true, is-focused=false, is-focusable=false, is-layout-requested=true, is-selected=false, layout-params=android.widget.LinearLayout$LayoutParams&#64;e03d7f4, tag=null, root-is-layout-requested=false, has-input-connection=false, x=0.0, y=0.0}
|
+--------&gt;RelativeLayout{id=-1, visibility=VISIBLE, width=996, height=141, has-focus=false, has-focusable=false, has-window-focus=true, is-clickable=false, is-enabled=true, is-focused=false, is-focusable=false, is-layout-requested=false, is-selected=false, layout-params=android.widget.LinearLayout$LayoutParams&#64;4770763, tag=null, root-is-layout-requested=false, has-input-connection=false, x=42.0, y=0.0, child-count=2}
|
+---------&gt;TextView{id=16908310, res-name=title, visibility=VISIBLE, width=144, height=57, has-focus=false, has-focusable=false, has-window-focus=true, is-clickable=false, is-enabled=true, is-focused=false, is-focusable=false, is-layout-requested=false, is-selected=false, layout-params=android.widget.RelativeLayout$LayoutParams&#64;4807f60, tag=null, root-is-layout-requested=false, has-input-connection=false, x=0.0, y=42.0, text=Restore, input-type=0, ime-target=false, has-links=false}
|
+---------&gt;TextView{id=16908304, res-name=summary, visibility=GONE, width=0, height=0, has-focus=false, has-focusable=false, has-window-focus=true, is-clickable=false, is-enabled=true, is-focused=false, is-focusable=false, is-layout-requested=true, is-selected=false, layout-params=android.widget.RelativeLayout$LayoutParams&#64;5c5ac19, tag=null, root-is-layout-requested=false, has-input-connection=false, x=0.0, y=0.0, text=, input-type=0, ime-target=false, has-links=false}
|
+--------&gt;LinearLayout{id=16908312, res-name=widget_frame, visibility=GONE, width=0, height=0, has-focus=false, has-focusable=false, has-window-focus=true, is-clickable=false, is-enabled=true, is-focused=false, is-focusable=false, is-layout-requested=true, is-selected=false, layout-params=android.widget.LinearLayout$LayoutParams&#64;3f014de, tag=null, root-is-layout-requested=false, has-input-connection=false, x=0.0, y=0.0, child-count=0}
|
+------&gt;FrameLayout{id=16909013, res-name=list_footer, visibility=VISIBLE, width=1080, height=0, has-focus=false, has-focusable=false, has-window-focus=true, is-clickable=false, is-enabled=true, is-focused=false, is-focusable=false, is-layout-requested=false, is-selected=false, layout-params=android.widget.LinearLayout$LayoutParams&#64;548b6bf, tag=null, root-is-layout-requested=false, has-input-connection=false, x=0.0, y=1584.0, child-count=0}
|
+----&gt;RelativeLayout{id=16908758, res-name=button_bar, visibility=GONE, width=0, height=0, has-focus=false, has-focusable=false, has-window-focus=true, is-clickable=false, is-enabled=true, is-focused=false, is-focusable=false, is-layout-requested=true, is-selected=false, layout-params=android.widget.LinearLayout$LayoutParams&#64;4e4a0ea, tag=null, root-is-layout-requested=false, has-input-connection=false, x=0.0, y=0.0, child-count=2}
|
+-----&gt;Button{id=16908732, res-name=back_button, visibility=VISIBLE, width=0, height=0, has-focus=false, has-focusable=true, has-window-focus=true, is-clickable=true, is-enabled=true, is-focused=false, is-focusable=true, is-layout-requested=true, is-selected=false, layout-params=android.widget.RelativeLayout$LayoutParams&#64;d5bffdb, tag=null, root-is-layout-requested=false, has-input-connection=false, x=0.0, y=0.0, text=Back, input-type=0, ime-target=false, has-links=false}
|
+-----&gt;LinearLayout{id=-1, visibility=VISIBLE, width=0, height=0, has-focus=false, has-focusable=true, has-window-focus=true, is-clickable=false, is-enabled=true, is-focused=false, is-focusable=false, is-layout-requested=true, is-selected=false, layout-params=android.widget.RelativeLayout$LayoutParams&#64;6e3e1b6, tag=null, root-is-layout-requested=false, has-input-connection=false, x=0.0, y=0.0, child-count=2}
|
+------&gt;Button{id=16909277, res-name=skip_button, visibility=GONE, width=0, height=0, has-focus=false, has-focusable=false, has-window-focus=true, is-clickable=true, is-enabled=true, is-focused=false, is-focusable=true, is-layout-requested=true, is-selected=false, layout-params=android.widget.LinearLayout$LayoutParams&#64;690beb7, tag=null, root-is-layout-requested=false, has-input-connection=false, x=0.0, y=0.0, text=Skip, input-type=0, ime-target=false, has-links=false}
|
+------&gt;Button{id=16909075, res-name=next_button, visibility=VISIBLE, width=0, height=0, has-focus=false, has-focusable=true, has-window-focus=true, is-clickable=true, is-enabled=true, is-focused=false, is-focusable=true, is-layout-requested=true, is-selected=false, layout-params=android.widget.LinearLayout$LayoutParams&#64;e472624, tag=null, root-is-layout-requested=false, has-input-connection=false, x=0.0, y=0.0, text=Next, input-type=0, ime-target=false, has-links=false}
|
+--&gt;ActionBarContainer{id=16908669, res-name=action_bar_container, visibility=VISIBLE, width=1080, height=147, has-focus=false, has-focusable=false, has-window-focus=true, is-clickable=false, is-enabled=true, is-focused=false, is-focusable=false, is-layout-requested=false, is-selected=false, layout-params=com.android.internal.widget.ActionBarOverlayLayout$LayoutParams&#64;ee88f53, tag=null, root-is-layout-requested=false, has-input-connection=false, x=0.0, y=63.0, child-count=2}
|
+---&gt;Toolbar{id=16908668, res-name=action_bar, visibility=VISIBLE, width=1080, height=147, has-focus=false, has-focusable=false, has-window-focus=true, is-clickable=false, is-enabled=true, is-focused=false, is-focusable=false, is-layout-requested=false, is-selected=false, layout-params=android.widget.FrameLayout$LayoutParams&#64;639718e, tag=null, root-is-layout-requested=false, has-input-connection=false, x=0.0, y=0.0, child-count=2}
|
+----&gt;TextView{id=-1, visibility=VISIBLE, width=196, height=71, has-focus=false, has-focusable=false, has-window-focus=true, is-clickable=false, is-enabled=true, is-focused=false, is-focusable=false, is-layout-requested=false, is-selected=false, layout-params=android.widget.Toolbar$LayoutParams&#64;8e2cdaf, tag=null, root-is-layout-requested=false, has-input-connection=false, x=42.0, y=38.0, text=Settings, input-type=0, ime-target=false, has-links=false}
|
+----&gt;ActionMenuView{id=-1, visibility=VISIBLE, width=0, height=147, has-focus=false, has-focusable=false, has-window-focus=true, is-clickable=false, is-enabled=true, is-focused=false, is-focusable=false, is-layout-requested=false, is-selected=false, layout-params=android.widget.Toolbar$LayoutParams&#64;79715bc, tag=null, root-is-layout-requested=false, has-input-connection=false, x=1080.0, y=0.0, child-count=0}
|
+---&gt;ActionBarContextView{id=16908673, res-name=action_context_bar, visibility=GONE, width=0, height=0, has-focus=false, has-focusable=false, has-window-focus=true, is-clickable=false, is-enabled=true, is-focused=false, is-focusable=false, is-layout-requested=true, is-selected=false, layout-params=android.widget.FrameLayout$LayoutParams&#64;f5bb945, tag=null, root-is-layout-requested=false, has-input-connection=false, x=0.0, y=0.0, child-count=0}
|
+-&gt;View{id=16908336, res-name=navigationBarBackground, visibility=VISIBLE, width=1080, height=126, has-focus=false, has-focusable=false, has-window-focus=true, is-clickable=false, is-enabled=true, is-focused=false, is-focusable=false, is-layout-requested=false, is-selected=false, layout-params=android.widget.FrameLayout$LayoutParams&#64;cdf189a, tag=null, root-is-layout-requested=false, has-input-connection=false, x=0.0, y=1794.0}
|
+-&gt;View{id=16908335, res-name=statusBarBackground, visibility=VISIBLE, width=1080, height=63, has-focus=false, has-focusable=false, has-window-focus=true, is-clickable=false, is-enabled=true, is-focused=false, is-focusable=false, is-layout-requested=false, is-selected=false, layout-params=android.widget.FrameLayout$LayoutParams&#64;59895cb, tag=null, root-is-layout-requested=false, has-input-connection=false, x=0.0, y=0.0}
|
at dalvik.system.VMStack.getThreadStackTrace(Native Method)
at java.lang.Thread.getStackTrace(Thread.java:1536)
at android.support.test.espresso.base.DefaultFailureHandler.getUserFriendlyError(DefaultFailureHandler.java:88)
at android.support.test.espresso.base.DefaultFailureHandler.handle(DefaultFailureHandler.java:51)
at android.support.test.espresso.ViewInteraction.waitForAndHandleInteractionResults(ViewInteraction.java:312)
at android.support.test.espresso.ViewInteraction.desugaredPerform(ViewInteraction.java:173)
at android.support.test.espresso.ViewInteraction.perform(ViewInteraction.java:114)
at kdk.android.simplydo.C6.DecoratorC6.decoratorC6(DecoratorC6.java:49)
at java.lang.reflect.Method.invoke(Native Method)
at org.junit.runners.model.FrameworkMethod$1.runReflectiveCall(FrameworkMethod.java:50)
at org.junit.internal.runners.model.ReflectiveCallable.run(ReflectiveCallable.java:12)
at org.junit.runners.model.FrameworkMethod.invokeExplosively(FrameworkMethod.java:47)
at org.junit.internal.runners.statements.InvokeMethod.evaluate(InvokeMethod.java:17)
at android.support.test.rule.ActivityTestRule$ActivityStatement.evaluate(ActivityTestRule.java:527)
at org.junit.rules.RunRules.evaluate(RunRules.java:20)
at org.junit.runners.ParentRunner.runLeaf(ParentRunner.java:325)
at org.junit.runners.BlockJUnit4ClassRunner.runChild(BlockJUnit4ClassRunner.java:78)
at org.junit.runners.BlockJUnit4ClassRunner.runChild(BlockJUnit4ClassRunner.java:57)
at org.junit.runners.ParentRunner$3.run(ParentRunner.java:290)
at org.junit.runners.ParentRunner$1.schedule(ParentRunner.java:71)
at org.junit.runners.ParentRunner.runChildren(ParentRunner.java:288)
at org.junit.runners.ParentRunner.access$000(ParentRunner.java:58)
at org.junit.runners.ParentRunner$2.evaluate(ParentRunner.java:268)
at org.junit.runners.ParentRunner.run(ParentRunner.java:363)
at android.support.test.runner.AndroidJUnit4.run(AndroidJUnit4.java:101)
at org.junit.runners.Suite.runChild(Suite.java:128)
at org.junit.runners.Suite.runChild(Suite.java:27)
at org.junit.runners.ParentRunner$3.run(ParentRunner.java:290)
at org.junit.runners.ParentRunner$1.schedule(ParentRunner.java:71)
at org.junit.runners.ParentRunner.runChildren(ParentRunner.java:288)
at org.junit.runners.ParentRunner.access$000(ParentRunner.java:58)
at org.junit.runners.ParentRunner$2.evaluate(ParentRunner.java:268)
at org.junit.runners.ParentRunner.run(ParentRunner.java:363)
at org.junit.runner.JUnitCore.run(JUnitCore.java:137)
at org.junit.runner.JUnitCore.run(JUnitCore.java:115)
at android.support.test.internal.runner.TestExecutor.execute(TestExecutor.java:56)
at android.support.test.runner.AndroidJUnitRunner.onStart(AndroidJUnitRunner.java:384)
at android.app.Instrumentation$InstrumentationThread.run(Instrumentation.java:2074)
</failure>
  </testcase>
  <testcase name="deleteInactiveC1" classname="kdk.android.simplydo.C6.DeleteInactiveC6" time="0.922">
    <failure>android.support.test.espresso.PerformException: Error performing 'load adapter data' on view '(with id: kdk.android.simplydo:id/ListsListView)'.
at android.support.test.espresso.PerformException$Builder.build(PerformException.java:82)
at android.support.test.espresso.base.DefaultFailureHandler.getUserFriendlyError(DefaultFailureHandler.java:79)
at android.support.test.espresso.base.DefaultFailureHandler.handle(DefaultFailureHandler.java:51)
at android.support.test.espresso.ViewInteraction.waitForAndHandleInteractionResults(ViewInteraction.java:312)
at android.support.test.espresso.ViewInteraction.desugaredPerform(ViewInteraction.java:173)
at android.support.test.espresso.ViewInteraction.perform(ViewInteraction.java:114)
at android.support.test.espresso.DataInteraction$DisplayDataMatcher$1.apply(DataInteraction.java:213)
at android.support.test.espresso.DataInteraction$DisplayDataMatcher$1.apply(DataInteraction.java:210)
at android.support.test.espresso.DataInteraction$DisplayDataMatcher.&lt;init&gt;(DataInteraction.java:230)
at android.support.test.espresso.DataInteraction$DisplayDataMatcher.&lt;init&gt;(DataInteraction.java:205)
at android.support.test.espresso.DataInteraction$DisplayDataMatcher.displayDataMatcher(DataInteraction.java:248)
at android.support.test.espresso.DataInteraction.makeTargetMatcher(DataInteraction.java:150)
at android.support.test.espresso.DataInteraction.perform(DataInteraction.java:135)
at kdk.android.simplydo.C6.DeleteInactiveC6.deleteInactiveC1(DeleteInactiveC6.java:63)
at java.lang.reflect.Method.invoke(Native Method)
at org.junit.runners.model.FrameworkMethod$1.runReflectiveCall(FrameworkMethod.java:50)
at org.junit.internal.runners.model.ReflectiveCallable.run(ReflectiveCallable.java:12)
at org.junit.runners.model.FrameworkMethod.invokeExplosively(FrameworkMethod.java:47)
at org.junit.internal.runners.statements.InvokeMethod.evaluate(InvokeMethod.java:17)
at android.support.test.rule.ActivityTestRule$ActivityStatement.evaluate(ActivityTestRule.java:527)
at org.junit.rules.RunRules.evaluate(RunRules.java:20)
at org.junit.runners.ParentRunner.runLeaf(ParentRunner.java:325)
at org.junit.runners.BlockJUnit4ClassRunner.runChild(BlockJUnit4ClassRunner.java:78)
at org.junit.runners.BlockJUnit4ClassRunner.runChild(BlockJUnit4ClassRunner.java:57)
at org.junit.runners.ParentRunner$3.run(ParentRunner.java:290)
at org.junit.runners.ParentRunner$1.schedule(ParentRunner.java:71)
at org.junit.runners.ParentRunner.runChildren(ParentRunner.java:288)
at org.junit.runners.ParentRunner.access$000(ParentRunner.java:58)
at org.junit.runners.ParentRunner$2.evaluate(ParentRunner.java:268)
at org.junit.runners.ParentRunner.run(ParentRunner.java:363)
at android.support.test.runner.AndroidJUnit4.run(AndroidJUnit4.java:101)
at org.junit.runners.Suite.runChild(Suite.java:128)
at org.junit.runners.Suite.runChild(Suite.java:27)
at org.junit.runners.ParentRunner$3.run(ParentRunner.java:290)
at org.junit.runners.ParentRunner$1.schedule(ParentRunner.java:71)
at org.junit.runners.ParentRunner.runChildren(ParentRunner.java:288)
at org.junit.runners.ParentRunner.access$000(ParentRunner.java:58)
at org.junit.runners.ParentRunner$2.evaluate(ParentRunner.java:268)
at org.junit.runners.ParentRunner.run(ParentRunner.java:363)
at org.junit.runner.JUnitCore.run(JUnitCore.java:137)
at org.junit.runner.JUnitCore.run(JUnitCore.java:115)
at android.support.test.internal.runner.TestExecutor.execute(TestExecutor.java:56)
at android.support.test.runner.AndroidJUnitRunner.onStart(AndroidJUnitRunner.java:384)
at android.app.Instrumentation$InstrumentationThread.run(Instrumentation.java:2074)
Caused by: java.lang.RuntimeException: Multiple data elements matched: ANYTHING. Elements: [Data: kdk.android.simplydo.ListDesc&#64;343e58 (class: kdk.android.simplydo.ListDesc) token: 0, Data: kdk.android.simplydo.ListDesc&#64;14d8bb1 (class: kdk.android.simplydo.ListDesc) token: 1, Data: kdk.android.simplydo.ListDesc&#64;a7a9896 (class: kdk.android.simplydo.ListDesc) token: 2, Data: kdk.android.simplydo.ListDesc&#64;ab4dc17 (class: kdk.android.simplydo.ListDesc) token: 3, Data: kdk.android.simplydo.ListDesc&#64;adae804 (class: kdk.android.simplydo.ListDesc) token: 4, Data: kdk.android.simplydo.ListDesc&#64;8fe31ed (class: kdk.android.simplydo.ListDesc) token: 5, Data: kdk.android.simplydo.ListDesc&#64;1bfa822 (class: kdk.android.simplydo.ListDesc) token: 6, Data: kdk.android.simplydo.ListDesc&#64;2122b3 (class: kdk.android.simplydo.ListDesc) token: 7, Data: kdk.android.simplydo.ListDesc&#64;208070 (class: kdk.android.simplydo.ListDesc) token: 8, Data: kdk.android.simplydo.ListDesc&#64;b98ffe9 (class: kdk.android.simplydo.ListDesc) token: 9, Data: kdk.android.simplydo.ListDesc&#64;554246e (class: kdk.android.simplydo.ListDesc) token: 10, Data: kdk.android.simplydo.ListDesc&#64;301370f (class: kdk.android.simplydo.ListDesc) token: 11, Data: kdk.android.simplydo.ListDesc&#64;ae5339c (class: kdk.android.simplydo.ListDesc) token: 12, Data: kdk.android.simplydo.ListDesc&#64;ff8b1a5 (class: kdk.android.simplydo.ListDesc) token: 13, Data: kdk.android.simplydo.ListDesc&#64;da2197a (class: kdk.android.simplydo.ListDesc) token: 14, Data: kdk.android.simplydo.ListDesc&#64;24352b (class: kdk.android.simplydo.ListDesc) token: 15, Data: kdk.android.simplydo.ListDesc&#64;1dfed88 (class: kdk.android.simplydo.ListDesc) token: 16, Data: kdk.android.simplydo.ListDesc&#64;5e7c321 (class: kdk.android.simplydo.ListDesc) token: 17, Data: kdk.android.simplydo.ListDesc&#64;da85346 (class: kdk.android.simplydo.ListDesc) token: 18, Data: kdk.android.simplydo.ListDesc&#64;82ef907 (class: kdk.android.simplydo.ListDesc) token: 19, Data: kdk.android.simplydo.ListDesc&#64;e4a5a34 (class: kdk.android.simplydo.ListDesc) token: 20, Data: kdk.android.simplydo.ListDesc&#64;55c705d (class: kdk.android.simplydo.ListDesc) token: 21, Data: kdk.android.simplydo.ListDesc&#64;7865dd2 (class: kdk.android.simplydo.ListDesc) token: 22, Data: kdk.android.simplydo.ListDesc&#64;7381ea3 (class: kdk.android.simplydo.ListDesc) token: 23, Data: kdk.android.simplydo.ListDesc&#64;14ce5a0 (class: kdk.android.simplydo.ListDesc) token: 24, Data: kdk.android.simplydo.ListDesc&#64;574b559 (class: kdk.android.simplydo.ListDesc) token: 25, Data: kdk.android.simplydo.ListDesc&#64;dc8851e (class: kdk.android.simplydo.ListDesc) token: 26, Data: kdk.android.simplydo.ListDesc&#64;a2401ff (class: kdk.android.simplydo.ListDesc) token: 27, Data: kdk.android.simplydo.ListDesc&#64;42abbcc (class: kdk.android.simplydo.ListDesc) token: 28, Data: kdk.android.simplydo.ListDesc&#64;7324e15 (class: kdk.android.simplydo.ListDesc) token: 29, Data: kdk.android.simplydo.ListDesc&#64;d73d52a (class: kdk.android.simplydo.ListDesc) token: 30, Data: kdk.android.simplydo.ListDesc&#64;dc0bf1b (class: kdk.android.simplydo.ListDesc) token: 31, Data: kdk.android.simplydo.ListDesc&#64;f2dc8b8 (class: kdk.android.simplydo.ListDesc) token: 32, Data: kdk.android.simplydo.ListDesc&#64;ff6b691 (class: kdk.android.simplydo.ListDesc) token: 33, Data: kdk.android.simplydo.ListDesc&#64;cd219f6 (class: kdk.android.simplydo.ListDesc) token: 34, Data: kdk.android.simplydo.ListDesc&#64;3a231f7 (class: kdk.android.simplydo.ListDesc) token: 35, Data: kdk.android.simplydo.ListDesc&#64;352b864 (class: kdk.android.simplydo.ListDesc) token: 36, Data: kdk.android.simplydo.ListDesc&#64;fbf2acd (class: kdk.android.simplydo.ListDesc) token: 37, Data: kdk.android.simplydo.ListDesc&#64;afddf82 (class: kdk.android.simplydo.ListDesc) token: 38, Data: kdk.android.simplydo.ListDesc&#64;8bdf693 (class: kdk.android.simplydo.ListDesc) token: 39, Data: kdk.android.simplydo.ListDesc&#64;2b4f6d0 (class: kdk.android.simplydo.ListDesc) token: 40, Data: kdk.android.simplydo.ListDesc&#64;f20a6c9 (class: kdk.android.simplydo.ListDesc) token: 41, Data: kdk.android.simplydo.ListDesc&#64;c2e71ce (class: kdk.android.simplydo.ListDesc) token: 42, Data: kdk.android.simplydo.ListDesc&#64;9c768ef (class: kdk.android.simplydo.ListDesc) token: 43, Data: kdk.android.simplydo.ListDesc&#64;3baaffc (class: kdk.android.simplydo.ListDesc) token: 44, Data: kdk.android.simplydo.ListDesc&#64;103e685 (class: kdk.android.simplydo.ListDesc) token: 45, Data: kdk.android.simplydo.ListDesc&#64;ec3dcda (class: kdk.android.simplydo.ListDesc) token: 46, Data: kdk.android.simplydo.ListDesc&#64;14ba50b (class: kdk.android.simplydo.ListDesc) token: 47, Data: kdk.android.simplydo.ListDesc&#64;b00cfe8 (class: kdk.android.simplydo.ListDesc) token: 48, Data: kdk.android.simplydo.ListDesc&#64;4216601 (class: kdk.android.simplydo.ListDesc) token: 49, Data: kdk.android.simplydo.ListDesc&#64;512eca6 (class: kdk.android.simplydo.ListDesc) token: 50, Data: kdk.android.simplydo.ListDesc&#64;b8d86e7 (class: kdk.android.simplydo.ListDesc) token: 51, Data: kdk.android.simplydo.ListDesc&#64;8070294 (class: kdk.android.simplydo.ListDesc) token: 52, Data: kdk.android.simplydo.ListDesc&#64;3d613d (class: kdk.android.simplydo.ListDesc) token: 53, Data: kdk.android.simplydo.ListDesc&#64;ff12d32 (class: kdk.android.simplydo.ListDesc) token: 54, Data: kdk.android.simplydo.ListDesc&#64;c21aa83 (class: kdk.android.simplydo.ListDesc) token: 55, Data: kdk.android.simplydo.ListDesc&#64;9bb400 (class: kdk.android.simplydo.ListDesc) token: 56, Data: kdk.android.simplydo.ListDesc&#64;b23d439 (class: kdk.android.simplydo.ListDesc) token: 57, Data: kdk.android.simplydo.ListDesc&#64;600ea7e (class: kdk.android.simplydo.ListDesc) token: 58, Data: kdk.android.simplydo.ListDesc&#64;14a6bdf (class: kdk.android.simplydo.ListDesc) token: 59]
at android.support.test.espresso.action.AdapterDataLoaderAction.perform(AdapterDataLoaderAction.java:125)
at android.support.test.espresso.ViewInteraction$SingleExecutionViewAction.perform(ViewInteraction.java:356)
at android.support.test.espresso.ViewInteraction.doPerform(ViewInteraction.java:248)
at android.support.test.espresso.ViewInteraction.access$100(ViewInteraction.java:63)
at android.support.test.espresso.ViewInteraction$1.call(ViewInteraction.java:153)
at android.support.test.espresso.ViewInteraction$1.call(ViewInteraction.java:150)
at java.util.concurrent.FutureTask.run(FutureTask.java:266)
at android.os.Handler.handleCallback(Handler.java:789)
at android.os.Handler.dispatchMessage(Handler.java:98)
at android.os.Looper.loop(Looper.java:164)
at android.app.ActivityThread.main(ActivityThread.java:6541)
at java.lang.reflect.Method.invoke(Native Method)
at com.android.internal.os.Zygote$MethodAndArgsCaller.run(Zygote.java:240)
at com.android.internal.os.ZygoteInit.main(ZygoteInit.java:767)
</failure>
  </testcase>
  <testcase name="itemAssertC6" classname="kdk.android.simplydo.C6.ItemAssertC6" time="0.928">
    <failure>android.support.test.espresso.AmbiguousViewMatcherException: '(with class name: is "android.widget.LinearLayout" and is displayed on the screen to the user)' matches multiple views in the hierarchy.
Problem views are marked with '****MATCHES****' below.

View Hierarchy:
+&gt;DecorView{id=-1, visibility=VISIBLE, width=1080, height=1920, has-focus=true, has-focusable=true, has-window-focus=true, is-clickable=false, is-enabled=true, is-focused=false, is-focusable=false, is-layout-requested=false, is-selected=false, layout-params=WM.LayoutParams{(0,0)(fillxfill) sim=#3 ty=1 fl=#81810100 pfl=0x20000 wanim=0x10302f6 needsMenuKey=2 colorMode=0}, tag=null, root-is-layout-requested=false, has-input-connection=false, x=0.0, y=0.0, child-count=3}
|
+-&gt;ActionBarOverlayLayout{id=16908822, res-name=decor_content_parent, visibility=VISIBLE, width=1080, height=1794, has-focus=true, has-focusable=true, has-window-focus=true, is-clickable=false, is-enabled=true, is-focused=false, is-focusable=false, is-layout-requested=false, is-selected=false, layout-params=android.widget.FrameLayout$LayoutParams&#64;4f0dc47, tag=null, root-is-layout-requested=false, has-input-connection=false, x=0.0, y=0.0, child-count=2}
|
+--&gt;FrameLayout{id=16908290, res-name=content, visibility=VISIBLE, width=1080, height=1584, has-focus=true, has-focusable=true, has-window-focus=true, is-clickable=false, is-enabled=true, is-focused=false, is-focusable=false, is-layout-requested=false, is-selected=false, layout-params=com.android.internal.widget.ActionBarOverlayLayout$LayoutParams&#64;3959c74, tag=null, root-is-layout-requested=false, has-input-connection=false, x=0.0, y=210.0, child-count=1}
|
+---&gt;LinearLayout{id=-1, visibility=VISIBLE, width=1080, height=1584, has-focus=true, has-focusable=true, has-window-focus=true, is-clickable=false, is-enabled=true, is-focused=false, is-focusable=false, is-layout-requested=false, is-selected=false, layout-params=android.widget.FrameLayout$LayoutParams&#64;5bf0a12, tag=null, root-is-layout-requested=false, has-input-connection=false, x=0.0, y=0.0, child-count=1} ****MATCHES****
|
+----&gt;ViewSwitcher{id=2130903049, res-name=ListsItemsSwitcher, visibility=VISIBLE, width=1080, height=1584, has-focus=true, has-focusable=true, has-window-focus=true, is-clickable=false, is-enabled=true, is-focused=false, is-focusable=false, is-layout-requested=false, is-selected=false, layout-params=android.widget.LinearLayout$LayoutParams&#64;eaa0be0, tag=null, root-is-layout-requested=false, has-input-connection=false, x=0.0, y=0.0, child-count=2}
|
+-----&gt;LinearLayout{id=2130903059, res-name=listsView, visibility=VISIBLE, width=1080, height=1584, has-focus=true, has-focusable=true, has-window-focus=true, is-clickable=false, is-enabled=true, is-focused=false, is-focusable=false, is-layout-requested=false, is-selected=false, layout-params=android.widget.FrameLayout$LayoutParams&#64;d457e99, tag=null, root-is-layout-requested=false, has-input-connection=false, x=0.0, y=0.0, child-count=2} ****MATCHES****
|
+------&gt;LinearLayout{id=2130903048, res-name=LinearLayout01, visibility=VISIBLE, width=1080, height=126, has-focus=true, has-focusable=true, has-window-focus=true, is-clickable=false, is-enabled=true, is-focused=false, is-focusable=false, is-layout-requested=false, is-selected=false, layout-params=android.widget.LinearLayout$LayoutParams&#64;67fb55e, tag=null, root-is-layout-requested=false, has-input-connection=false, x=0.0, y=0.0, child-count=2} ****MATCHES****
|
+-------&gt;EditText{id=2130903043, res-name=AddListEditText, desc=addlistedittext, visibility=VISIBLE, width=849, height=126, has-focus=true, has-focusable=true, has-window-focus=true, is-clickable=true, is-enabled=true, is-focused=true, is-focusable=true, is-layout-requested=false, is-selected=false, layout-params=android.widget.LinearLayout$LayoutParams&#64;2570d3f, tag=null, root-is-layout-requested=false, has-input-connection=true, editor-info=[inputType=0x31 imeOptions=0x8000006 privateImeOptions=null actionLabel=null actionId=0 initialSelStart=0 initialSelEnd=0 initialCapsMode=0x0 hintText=New List Name label=null packageName=null fieldId=0 fieldName=null extras=null hintLocales=null contentMimeTypes=null ], x=0.0, y=0.0, text=, hint=New List Name, input-type=49, ime-target=true, has-links=false}
|
+-------&gt;Button{id=2130903042, res-name=AddListButton, desc=Add, visibility=VISIBLE, width=231, height=126, has-focus=false, has-focusable=true, has-window-focus=true, is-clickable=true, is-enabled=true, is-focused=false, is-focusable=true, is-layout-requested=false, is-selected=false, layout-params=android.widget.LinearLayout$LayoutParams&#64;2d4060c, tag=null, root-is-layout-requested=false, has-input-connection=false, x=849.0, y=0.0, text=Add, input-type=0, ime-target=false, has-links=false}
|
+------&gt;ListView{id=2130903050, res-name=ListsListView, visibility=VISIBLE, width=1080, height=1458, has-focus=false, has-focusable=true, has-window-focus=true, is-clickable=true, is-enabled=true, is-focused=false, is-focusable=true, is-layout-requested=false, is-selected=false, layout-params=android.widget.LinearLayout$LayoutParams&#64;7666b55, tag=null, root-is-layout-requested=false, has-input-connection=false, x=0.0, y=126.0, child-count=11}
|
+-------&gt;LinearLayout{id=-1, visibility=VISIBLE, width=1080, height=130, has-focus=false, has-focusable=false, has-window-focus=true, is-clickable=false, is-enabled=true, is-focused=false, is-focusable=false, is-layout-requested=false, is-selected=false, layout-params=android.widget.AbsListView$LayoutParams&#64;40dc96a, tag=null, root-is-layout-requested=false, has-input-connection=false, x=0.0, y=0.0, child-count=2} ****MATCHES****
|
+--------&gt;TextView{id=2130903060, res-name=text1, desc=Name, visibility=VISIBLE, width=924, height=78, has-focus=false, has-focusable=false, has-window-focus=true, is-clickable=false, is-enabled=true, is-focused=false, is-focusable=false, is-layout-requested=false, is-selected=false, layout-params=android.widget.LinearLayout$LayoutParams&#64;f393e5b, tag=null, root-is-layout-requested=false, has-input-connection=false, x=26.0, y=26.0, text=list, input-type=0, ime-target=false, has-links=false}
|
+--------&gt;TextView{id=2130903061, res-name=text2, desc=text2, visibility=VISIBLE, width=130, height=64, has-focus=false, has-focusable=false, has-window-focus=true, is-clickable=false, is-enabled=true, is-focused=false, is-focusable=false, is-layout-requested=false, is-selected=false, layout-params=android.widget.LinearLayout$LayoutParams&#64;1c176f8, tag=null, root-is-layout-requested=false, has-input-connection=false, x=950.0, y=35.0, text=(9/13), input-type=0, ime-target=false, has-links=false}
|
+-------&gt;LinearLayout{id=-1, visibility=VISIBLE, width=1080, height=130, has-focus=false, has-focusable=false, has-window-focus=true, is-clickable=false, is-enabled=true, is-focused=false, is-focusable=false, is-layout-requested=false, is-selected=false, layout-params=android.widget.AbsListView$LayoutParams&#64;d6f67d1, tag=null, root-is-layout-requested=false, has-input-connection=false, x=0.0, y=133.0, child-count=2} ****MATCHES****
|
+--------&gt;TextView{id=2130903060, res-name=text1, desc=Name, visibility=VISIBLE, width=903, height=78, has-focus=false, has-focusable=false, has-window-focus=true, is-clickable=false, is-enabled=true, is-focused=false, is-focusable=false, is-layout-requested=false, is-selected=false, layout-params=android.widget.LinearLayout$LayoutParams&#64;6b71236, tag=null, root-is-layout-requested=false, has-input-connection=false, x=26.0, y=26.0, text=list, input-type=0, ime-target=false, has-links=false}
|
+--------&gt;TextView{id=2130903061, res-name=text2, desc=text2, visibility=VISIBLE, width=151, height=64, has-focus=false, has-focusable=false, has-window-focus=true, is-clickable=false, is-enabled=true, is-focused=false, is-focusable=false, is-layout-requested=false, is-selected=false, layout-params=android.widget.LinearLayout$LayoutParams&#64;f436537, tag=null, root-is-layout-requested=false, has-input-connection=false, x=929.0, y=35.0, text=(12/20), input-type=0, ime-target=false, has-links=false}
|
+-------&gt;LinearLayout{id=-1, visibility=VISIBLE, width=1080, height=130, has-focus=false, has-focusable=false, has-window-focus=true, is-clickable=false, is-enabled=true, is-focused=false, is-focusable=false, is-layout-requested=false, is-selected=false, layout-params=android.widget.AbsListView$LayoutParams&#64;8130aa4, tag=null, root-is-layout-requested=false, has-input-connection=false, x=0.0, y=266.0, child-count=2} ****MATCHES****
|
+--------&gt;TextView{id=2130903060, res-name=text1, desc=Name, visibility=VISIBLE, width=945, height=78, has-focus=false, has-focusable=false, has-window-focus=true, is-clickable=false, is-enabled=true, is-focused=false, is-focusable=false, is-layout-requested=false, is-selected=false, layout-params=android.widget.LinearLayout$LayoutParams&#64;c31b00d, tag=null, root-is-layout-requested=false, has-input-connection=false, x=26.0, y=26.0, text=List, input-type=0, ime-target=false, has-links=false}
|
+--------&gt;TextView{id=2130903061, res-name=text2, desc=text2, visibility=VISIBLE, width=109, height=64, has-focus=false, has-focusable=false, has-window-focus=true, is-clickable=false, is-enabled=true, is-focused=false, is-focusable=false, is-layout-requested=false, is-selected=false, layout-params=android.widget.LinearLayout$LayoutParams&#64;bda1bc2, tag=null, root-is-layout-requested=false, has-input-connection=false, x=971.0, y=35.0, text=(0/0), input-type=0, ime-target=false, has-links=false}
|
+-------&gt;LinearLayout{id=-1, visibility=VISIBLE, width=1080, height=130, has-focus=false, has-focusable=false, has-window-focus=true, is-clickable=false, is-enabled=true, is-focused=false, is-focusable=false, is-layout-requested=false, is-selected=false, layout-params=android.widget.AbsListView$LayoutParams&#64;a5f1dd3, tag=null, root-is-layout-requested=false, has-input-connection=false, x=0.0, y=399.0, child-count=2} ****MATCHES****
|
+--------&gt;TextView{id=2130903060, res-name=text1, desc=Name, visibility=VISIBLE, width=945, height=78, has-focus=false, has-focusable=false, has-window-focus=true, is-clickable=false, is-enabled=true, is-focused=false, is-focusable=false, is-layout-requested=false, is-selected=false, layout-params=android.widget.LinearLayout$LayoutParams&#64;9c82d10, tag=null, root-is-layout-requested=false, has-input-connection=false, x=26.0, y=26.0, text=List, input-type=0, ime-target=false, has-links=false}
|
+--------&gt;TextView{id=2130903061, res-name=text2, desc=text2, visibility=VISIBLE, width=109, height=64, has-focus=false, has-focusable=false, has-window-focus=true, is-clickable=false, is-enabled=true, is-focused=false, is-focusable=false, is-layout-requested=false, is-selected=false, layout-params=android.widget.LinearLayout$LayoutParams&#64;2564009, tag=null, root-is-layout-requested=false, has-input-connection=false, x=971.0, y=35.0, text=(0/0), input-type=0, ime-target=false, has-links=false}
|
+-------&gt;LinearLayout{id=-1, visibility=VISIBLE, width=1080, height=130, has-focus=false, has-focusable=false, has-window-focus=true, is-clickable=false, is-enabled=true, is-focused=false, is-focusable=false, is-layout-requested=false, is-selected=false, layout-params=android.widget.AbsListView$LayoutParams&#64;632320e, tag=null, root-is-layout-requested=false, has-input-connection=false, x=0.0, y=532.0, child-count=2} ****MATCHES****
|
+--------&gt;TextView{id=2130903060, res-name=text1, desc=Name, visibility=VISIBLE, width=945, height=78, has-focus=false, has-focusable=false, has-window-focus=true, is-clickable=false, is-enabled=true, is-focused=false, is-focusable=false, is-layout-requested=false, is-selected=false, layout-params=android.widget.LinearLayout$LayoutParams&#64;373c42f, tag=null, root-is-layout-requested=false, has-input-connection=false, x=26.0, y=26.0, text=List, input-type=0, ime-target=false, has-links=false}
|
+--------&gt;TextView{id=2130903061, res-name=text2, desc=text2, visibility=VISIBLE, width=109, height=64, has-focus=false, has-focusable=false, has-window-focus=true, is-clickable=false, is-enabled=true, is-focused=false, is-focusable=false, is-layout-requested=false, is-selected=false, layout-params=android.widget.LinearLayout$LayoutParams&#64;96b0a3c, tag=null, root-is-layout-requested=false, has-input-connection=false, x=971.0, y=35.0, text=(0/0), input-type=0, ime-target=false, has-links=false}
|
+-------&gt;LinearLayout{id=-1, visibility=VISIBLE, width=1080, height=130, has-focus=false, has-focusable=false, has-window-focus=true, is-clickable=false, is-enabled=true, is-focused=false, is-focusable=false, is-layout-requested=false, is-selected=false, layout-params=android.widget.AbsListView$LayoutParams&#64;619d3c5, tag=null, root-is-layout-requested=false, has-input-connection=false, x=0.0, y=665.0, child-count=2} ****MATCHES****
|
+--------&gt;TextView{id=2130903060, res-name=text1, desc=Name, visibility=VISIBLE, width=945, height=78, has-focus=false, has-focusable=false, has-window-focus=true, is-clickable=false, is-enabled=true, is-focused=false, is-focusable=false, is-layout-requested=false, is-selected=false, layout-params=android.widget.LinearLayout$LayoutParams&#64;6e3611a, tag=null, root-is-layout-requested=false, has-input-connection=false, x=26.0, y=26.0, text=List, input-type=0, ime-target=false, has-links=false}
|
+--------&gt;TextView{id=2130903061, res-name=text2, desc=text2, visibility=VISIBLE, width=109, height=64, has-focus=false, has-focusable=false, has-window-focus=true, is-clickable=false, is-enabled=true, is-focused=false, is-focusable=false, is-layout-requested=false, is-selected=false, layout-params=android.widget.LinearLayout$LayoutParams&#64;a82744b, tag=null, root-is-layout-requested=false, has-input-connection=false, x=971.0, y=35.0, text=(0/0), input-type=0, ime-target=false, has-links=false}
|
+-------&gt;LinearLayout{id=-1, visibility=VISIBLE, width=1080, height=130, has-focus=false, has-focusable=false, has-window-focus=true, is-clickable=false, is-enabled=true, is-focused=false, is-focusable=false, is-layout-requested=false, is-selected=false, layout-params=android.widget.AbsListView$LayoutParams&#64;5fc8e28, tag=null, root-is-layout-requested=false, has-input-connection=false, x=0.0, y=798.0, child-count=2} ****MATCHES****
|
+--------&gt;TextView{id=2130903060, res-name=text1, desc=Name, visibility=VISIBLE, width=945, height=78, has-focus=false, has-focusable=false, has-window-focus=true, is-clickable=false, is-enabled=true, is-focused=false, is-focusable=false, is-layout-requested=false, is-selected=false, layout-params=android.widget.LinearLayout$LayoutParams&#64;ac8e741, tag=null, root-is-layout-requested=false, has-input-connection=false, x=26.0, y=26.0, text=List, input-type=0, ime-target=false, has-links=false}
|
+--------&gt;TextView{id=2130903061, res-name=text2, desc=text2, visibility=VISIBLE, width=109, height=64, has-focus=false, has-focusable=false, has-window-focus=true, is-clickable=false, is-enabled=true, is-focused=false, is-focusable=false, is-layout-requested=false, is-selected=false, layout-params=android.widget.LinearLayout$LayoutParams&#64;b4674e6, tag=null, root-is-layout-requested=false, has-input-connection=false, x=971.0, y=35.0, text=(0/0), input-type=0, ime-target=false, has-links=false}
|
+-------&gt;LinearLayout{id=-1, visibility=VISIBLE, width=1080, height=130, has-focus=false, has-focusable=false, has-window-focus=true, is-clickable=false, is-enabled=true, is-focused=false, is-focusable=false, is-layout-requested=false, is-selected=false, layout-params=android.widget.AbsListView$LayoutParams&#64;4820a27, tag=null, root-is-layout-requested=false, has-input-connection=false, x=0.0, y=931.0, child-count=2} ****MATCHES****
|
+--------&gt;TextView{id=2130903060, res-name=text1, desc=Name, visibility=VISIBLE, width=945, height=78, has-focus=false, has-focusable=false, has-window-focus=true, is-clickable=false, is-enabled=true, is-focused=false, is-focusable=false, is-layout-requested=false, is-selected=false, layout-params=android.widget.LinearLayout$LayoutParams&#64;ba064d4, tag=null, root-is-layout-requested=false, has-input-connection=false, x=26.0, y=26.0, text=List, input-type=0, ime-target=false, has-links=false}
|
+--------&gt;TextView{id=2130903061, res-name=text2, desc=text2, visibility=VISIBLE, width=109, height=64, has-focus=false, has-focusable=false, has-window-focus=true, is-clickable=false, is-enabled=true, is-focused=false, is-focusable=false, is-layout-requested=false, is-selected=false, layout-params=android.widget.LinearLayout$LayoutParams&#64;1fbb67d, tag=null, root-is-layout-requested=false, has-input-connection=false, x=971.0, y=35.0, text=(0/0), input-type=0, ime-target=false, has-links=false}
|
+-------&gt;LinearLayout{id=-1, visibility=VISIBLE, width=1080, height=130, has-focus=false, has-focusable=false, has-window-focus=true, is-clickable=false, is-enabled=true, is-focused=false, is-focusable=false, is-layout-requested=false, is-selected=false, layout-params=android.widget.AbsListView$LayoutParams&#64;b74f972, tag=null, root-is-layout-requested=false, has-input-connection=false, x=0.0, y=1064.0, child-count=2} ****MATCHES****
|
+--------&gt;TextView{id=2130903060, res-name=text1, desc=Name, visibility=VISIBLE, width=945, height=78, has-focus=false, has-focusable=false, has-window-focus=true, is-clickable=false, is-enabled=true, is-focused=false, is-focusable=false, is-layout-requested=false, is-selected=false, layout-params=android.widget.LinearLayout$LayoutParams&#64;4fb21c3, tag=null, root-is-layout-requested=false, has-input-connection=false, x=26.0, y=26.0, text=List, input-type=0, ime-target=false, has-links=false}
|
+--------&gt;TextView{id=2130903061, res-name=text2, desc=text2, visibility=VISIBLE, width=109, height=64, has-focus=false, has-focusable=false, has-window-focus=true, is-clickable=false, is-enabled=true, is-focused=false, is-focusable=false, is-layout-requested=false, is-selected=false, layout-params=android.widget.LinearLayout$LayoutParams&#64;308fa40, tag=null, root-is-layout-requested=false, has-input-connection=false, x=971.0, y=35.0, text=(0/0), input-type=0, ime-target=false, has-links=false}
|
+-------&gt;LinearLayout{id=-1, visibility=VISIBLE, width=1080, height=130, has-focus=false, has-focusable=false, has-window-focus=true, is-clickable=false, is-enabled=true, is-focused=false, is-focusable=false, is-layout-requested=false, is-selected=false, layout-params=android.widget.AbsListView$LayoutParams&#64;4923d79, tag=null, root-is-layout-requested=false, has-input-connection=false, x=0.0, y=1197.0, child-count=2} ****MATCHES****
|
+--------&gt;TextView{id=2130903060, res-name=text1, desc=Name, visibility=VISIBLE, width=945, height=78, has-focus=false, has-focusable=false, has-window-focus=true, is-clickable=false, is-enabled=true, is-focused=false, is-focusable=false, is-layout-requested=false, is-selected=false, layout-params=android.widget.LinearLayout$LayoutParams&#64;5953abe, tag=null, root-is-layout-requested=false, has-input-connection=false, x=26.0, y=26.0, text=List, input-type=0, ime-target=false, has-links=false}
|
+--------&gt;TextView{id=2130903061, res-name=text2, desc=text2, visibility=VISIBLE, width=109, height=64, has-focus=false, has-focusable=false, has-window-focus=true, is-clickable=false, is-enabled=true, is-focused=false, is-focusable=false, is-layout-requested=false, is-selected=false, layout-params=android.widget.LinearLayout$LayoutParams&#64;564171f, tag=null, root-is-layout-requested=false, has-input-connection=false, x=971.0, y=35.0, text=(0/0), input-type=0, ime-target=false, has-links=false}
|
+-------&gt;LinearLayout{id=-1, visibility=VISIBLE, width=1080, height=130, has-focus=false, has-focusable=false, has-window-focus=true, is-clickable=false, is-enabled=true, is-focused=false, is-focusable=false, is-layout-requested=false, is-selected=false, layout-params=android.widget.AbsListView$LayoutParams&#64;ba37a6c, tag=null, root-is-layout-requested=false, has-input-connection=false, x=0.0, y=1330.0, child-count=2} ****MATCHES****
|
+--------&gt;TextView{id=2130903060, res-name=text1, desc=Name, visibility=VISIBLE, width=945, height=78, has-focus=false, has-focusable=false, has-window-focus=true, is-clickable=false, is-enabled=true, is-focused=false, is-focusable=false, is-layout-requested=false, is-selected=false, layout-params=android.widget.LinearLayout$LayoutParams&#64;f703835, tag=null, root-is-layout-requested=false, has-input-connection=false, x=26.0, y=26.0, text=List, input-type=0, ime-target=false, has-links=false}
|
+--------&gt;TextView{id=2130903061, res-name=text2, desc=text2, visibility=VISIBLE, width=109, height=64, has-focus=false, has-focusable=false, has-window-focus=true, is-clickable=false, is-enabled=true, is-focused=false, is-focusable=false, is-layout-requested=false, is-selected=false, layout-params=android.widget.LinearLayout$LayoutParams&#64;1e644ca, tag=null, root-is-layout-requested=false, has-input-connection=false, x=971.0, y=35.0, text=(0/0), input-type=0, ime-target=false, has-links=false}
|
+-----&gt;LinearLayout{id=2130903057, res-name=itemsView, visibility=GONE, width=0, height=0, has-focus=false, has-focusable=false, has-window-focus=true, is-clickable=false, is-enabled=true, is-focused=false, is-focusable=false, is-layout-requested=true, is-selected=false, layout-params=android.widget.FrameLayout$LayoutParams&#64;ff922b1, tag=null, root-is-layout-requested=false, has-input-connection=false, x=0.0, y=0.0, child-count=2}
|
+------&gt;LinearLayout{id=2130903048, res-name=LinearLayout01, visibility=VISIBLE, width=0, height=0, has-focus=false, has-focusable=true, has-window-focus=true, is-clickable=false, is-enabled=true, is-focused=false, is-focusable=false, is-layout-requested=true, is-selected=false, layout-params=android.widget.LinearLayout$LayoutParams&#64;810ab04, tag=null, root-is-layout-requested=false, has-input-connection=false, x=0.0, y=0.0, child-count=2}
|
+-------&gt;EditText{id=2130903041, res-name=AddItemEditText, desc=addItemEditText, visibility=VISIBLE, width=0, height=0, has-focus=false, has-focusable=true, has-window-focus=true, is-clickable=true, is-enabled=true, is-focused=false, is-focusable=true, is-layout-requested=true, is-selected=false, layout-params=android.widget.LinearLayout$LayoutParams&#64;c4c38ed, tag=null, root-is-layout-requested=false, has-input-connection=true, editor-info=[inputType=0x31 imeOptions=0x8000006 privateImeOptions=null actionLabel=null actionId=0 initialSelStart=0 initialSelEnd=0 initialCapsMode=0x0 hintText=New Item Name label=null packageName=null fieldId=0 fieldName=null extras=null hintLocales=null contentMimeTypes=null ], x=0.0, y=0.0, text=, hint=New Item Name, input-type=49, ime-target=false, has-links=false}
|
+-------&gt;Button{id=2130903040, res-name=AddItemButton, desc=Add, visibility=VISIBLE, width=0, height=0, has-focus=false, has-focusable=true, has-window-focus=true, is-clickable=true, is-enabled=true, is-focused=false, is-focusable=true, is-layout-requested=true, is-selected=false, layout-params=android.widget.LinearLayout$LayoutParams&#64;a1aa322, tag=null, root-is-layout-requested=false, has-input-connection=false, x=0.0, y=0.0, text=Add, input-type=0, ime-target=false, has-links=false}
|
+------&gt;ListView{id=2130903047, res-name=ItemsListView, visibility=VISIBLE, width=0, height=0, has-focus=false, has-focusable=false, has-window-focus=true, is-clickable=true, is-enabled=true, is-focused=false, is-focusable=false, is-layout-requested=true, is-selected=false, layout-params=android.widget.LinearLayout$LayoutParams&#64;95801b3, tag=null, root-is-layout-requested=false, has-input-connection=false, x=0.0, y=0.0, child-count=0}
|
+--&gt;ActionBarContainer{id=16908669, res-name=action_bar_container, visibility=VISIBLE, width=1080, height=147, has-focus=false, has-focusable=false, has-window-focus=true, is-clickable=false, is-enabled=true, is-focused=false, is-focusable=false, is-layout-requested=false, is-selected=false, layout-params=com.android.internal.widget.ActionBarOverlayLayout$LayoutParams&#64;7e3cf6e, tag=null, root-is-layout-requested=false, has-input-connection=false, x=0.0, y=63.0, child-count=2}
|
+---&gt;Toolbar{id=16908668, res-name=action_bar, visibility=VISIBLE, width=1080, height=147, has-focus=false, has-focusable=false, has-window-focus=true, is-clickable=false, is-enabled=true, is-focused=false, is-focusable=false, is-layout-requested=false, is-selected=false, layout-params=android.widget.FrameLayout$LayoutParams&#64;247060f, tag=null, root-is-layout-requested=false, has-input-connection=false, x=0.0, y=0.0, child-count=2}
|
+----&gt;TextView{id=-1, visibility=VISIBLE, width=240, height=71, has-focus=false, has-focusable=false, has-window-focus=true, is-clickable=false, is-enabled=true, is-focused=false, is-focusable=false, is-layout-requested=false, is-selected=false, layout-params=android.widget.Toolbar$LayoutParams&#64;ab0569c, tag=null, root-is-layout-requested=false, has-input-connection=false, x=42.0, y=38.0, text=Simply Do, input-type=0, ime-target=false, has-links=false}
|
+----&gt;ActionMenuView{id=-1, visibility=VISIBLE, width=105, height=147, has-focus=false, has-focusable=false, has-window-focus=true, is-clickable=false, is-enabled=true, is-focused=false, is-focusable=false, is-layout-requested=false, is-selected=false, layout-params=android.widget.Toolbar$LayoutParams&#64;101747a, tag=null, root-is-layout-requested=false, has-input-connection=false, x=975.0, y=0.0, child-count=1}
|
+-----&gt;OverflowMenuButton{id=-1, desc=More options, visibility=VISIBLE, width=105, height=126, has-focus=false, has-focusable=false, has-window-focus=true, is-clickable=true, is-enabled=true, is-focused=false, is-focusable=true, is-layout-requested=false, is-selected=false, layout-params=android.widget.ActionMenuView$LayoutParams&#64;f77f42b, tag=null, root-is-layout-requested=false, has-input-connection=false, x=0.0, y=10.0}
|
+---&gt;ActionBarContextView{id=16908673, res-name=action_context_bar, visibility=GONE, width=0, height=0, has-focus=false, has-focusable=false, has-window-focus=true, is-clickable=false, is-enabled=true, is-focused=false, is-focusable=false, is-layout-requested=true, is-selected=false, layout-params=android.widget.FrameLayout$LayoutParams&#64;6ba4088, tag=null, root-is-layout-requested=false, has-input-connection=false, x=0.0, y=0.0, child-count=0}
|
+-&gt;View{id=16908336, res-name=navigationBarBackground, visibility=VISIBLE, width=1080, height=126, has-focus=false, has-focusable=false, has-window-focus=true, is-clickable=false, is-enabled=true, is-focused=false, is-focusable=false, is-layout-requested=false, is-selected=false, layout-params=android.widget.FrameLayout$LayoutParams&#64;e271a21, tag=null, root-is-layout-requested=false, has-input-connection=false, x=0.0, y=1794.0}
|
+-&gt;View{id=16908335, res-name=statusBarBackground, visibility=VISIBLE, width=1080, height=63, has-focus=false, has-focusable=false, has-window-focus=true, is-clickable=false, is-enabled=true, is-focused=false, is-focusable=false, is-layout-requested=false, is-selected=false, layout-params=android.widget.FrameLayout$LayoutParams&#64;7225e46, tag=null, root-is-layout-requested=false, has-input-connection=false, x=0.0, y=0.0}
|
at dalvik.system.VMStack.getThreadStackTrace(Native Method)
at java.lang.Thread.getStackTrace(Thread.java:1536)
at android.support.test.espresso.base.DefaultFailureHandler.getUserFriendlyError(DefaultFailureHandler.java:88)
at android.support.test.espresso.base.DefaultFailureHandler.handle(DefaultFailureHandler.java:51)
at android.support.test.espresso.ViewInteraction.waitForAndHandleInteractionResults(ViewInteraction.java:312)
at android.support.test.espresso.ViewInteraction.desugaredPerform(ViewInteraction.java:173)
at android.support.test.espresso.ViewInteraction.perform(ViewInteraction.java:114)
at kdk.android.simplydo.C6.ItemAssertC6.itemAssertC6(ItemAssertC6.java:49)
at java.lang.reflect.Method.invoke(Native Method)
at org.junit.runners.model.FrameworkMethod$1.runReflectiveCall(FrameworkMethod.java:50)
at org.junit.internal.runners.model.ReflectiveCallable.run(ReflectiveCallable.java:12)
at org.junit.runners.model.FrameworkMethod.invokeExplosively(FrameworkMethod.java:47)
at org.junit.internal.runners.statements.InvokeMethod.evaluate(InvokeMethod.java:17)
at android.support.test.rule.ActivityTestRule$ActivityStatement.evaluate(ActivityTestRule.java:527)
at org.junit.rules.RunRules.evaluate(RunRules.java:20)
at org.junit.runners.ParentRunner.runLeaf(ParentRunner.java:325)
at org.junit.runners.BlockJUnit4ClassRunner.runChild(BlockJUnit4ClassRunner.java:78)
at org.junit.runners.BlockJUnit4ClassRunner.runChild(BlockJUnit4ClassRunner.java:57)
at org.junit.runners.ParentRunner$3.run(ParentRunner.java:290)
at org.junit.runners.ParentRunner$1.schedule(ParentRunner.java:71)
at org.junit.runners.ParentRunner.runChildren(ParentRunner.java:288)
at org.junit.runners.ParentRunner.access$000(ParentRunner.java:58)
at org.junit.runners.ParentRunner$2.evaluate(ParentRunner.java:268)
at org.junit.runners.ParentRunner.run(ParentRunner.java:363)
at android.support.test.runner.AndroidJUnit4.run(AndroidJUnit4.java:101)
at org.junit.runners.Suite.runChild(Suite.java:128)
at org.junit.runners.Suite.runChild(Suite.java:27)
at org.junit.runners.ParentRunner$3.run(ParentRunner.java:290)
at org.junit.runners.ParentRunner$1.schedule(ParentRunner.java:71)
at org.junit.runners.ParentRunner.runChildren(ParentRunner.java:288)
at org.junit.runners.ParentRunner.access$000(ParentRunner.java:58)
at org.junit.runners.ParentRunner$2.evaluate(ParentRunner.java:268)
at org.junit.runners.ParentRunner.run(ParentRunner.java:363)
at org.junit.runner.JUnitCore.run(JUnitCore.java:137)
at org.junit.runner.JUnitCore.run(JUnitCore.java:115)
at android.support.test.internal.runner.TestExecutor.execute(TestExecutor.java:56)
at android.support.test.runner.AndroidJUnitRunner.onStart(AndroidJUnitRunner.java:384)
at android.app.Instrumentation$InstrumentationThread.run(Instrumentation.java:2074)
</failure>
  </testcase>
  <testcase name="multipleListC6" classname="kdk.android.simplydo.C6.MultipleListC6" time="1.082">
    <failure>android.support.test.espresso.AmbiguousViewMatcherException: '(with class name: is "android.widget.LinearLayout" and is displayed on the screen to the user)' matches multiple views in the hierarchy.
Problem views are marked with '****MATCHES****' below.

View Hierarchy:
+&gt;DecorView{id=-1, visibility=VISIBLE, width=1080, height=1920, has-focus=true, has-focusable=true, has-window-focus=true, is-clickable=false, is-enabled=true, is-focused=false, is-focusable=false, is-layout-requested=false, is-selected=false, layout-params=WM.LayoutParams{(0,0)(fillxfill) sim=#3 ty=1 fl=#81810100 pfl=0x20000 wanim=0x10302f6 needsMenuKey=2 colorMode=0}, tag=null, root-is-layout-requested=false, has-input-connection=false, x=0.0, y=0.0, child-count=3}
|
+-&gt;ActionBarOverlayLayout{id=16908822, res-name=decor_content_parent, visibility=VISIBLE, width=1080, height=1794, has-focus=true, has-focusable=true, has-window-focus=true, is-clickable=false, is-enabled=true, is-focused=false, is-focusable=false, is-layout-requested=false, is-selected=false, layout-params=android.widget.FrameLayout$LayoutParams&#64;9801e2d, tag=null, root-is-layout-requested=false, has-input-connection=false, x=0.0, y=0.0, child-count=2}
|
+--&gt;FrameLayout{id=16908290, res-name=content, visibility=VISIBLE, width=1080, height=1584, has-focus=true, has-focusable=true, has-window-focus=true, is-clickable=false, is-enabled=true, is-focused=false, is-focusable=false, is-layout-requested=false, is-selected=false, layout-params=com.android.internal.widget.ActionBarOverlayLayout$LayoutParams&#64;88cbf62, tag=null, root-is-layout-requested=false, has-input-connection=false, x=0.0, y=210.0, child-count=1}
|
+---&gt;LinearLayout{id=-1, visibility=VISIBLE, width=1080, height=1584, has-focus=true, has-focusable=true, has-window-focus=true, is-clickable=false, is-enabled=true, is-focused=false, is-focusable=false, is-layout-requested=false, is-selected=false, layout-params=android.widget.FrameLayout$LayoutParams&#64;bb89b0, tag=null, root-is-layout-requested=false, has-input-connection=false, x=0.0, y=0.0, child-count=1} ****MATCHES****
|
+----&gt;ViewSwitcher{id=2130903049, res-name=ListsItemsSwitcher, visibility=VISIBLE, width=1080, height=1584, has-focus=true, has-focusable=true, has-window-focus=true, is-clickable=false, is-enabled=true, is-focused=false, is-focusable=false, is-layout-requested=false, is-selected=false, layout-params=android.widget.LinearLayout$LayoutParams&#64;2fb6fae, tag=null, root-is-layout-requested=false, has-input-connection=false, x=0.0, y=0.0, child-count=2}
|
+-----&gt;LinearLayout{id=2130903059, res-name=listsView, visibility=VISIBLE, width=1080, height=1584, has-focus=true, has-focusable=true, has-window-focus=true, is-clickable=false, is-enabled=true, is-focused=false, is-focusable=false, is-layout-requested=false, is-selected=false, layout-params=android.widget.FrameLayout$LayoutParams&#64;fa9c14f, tag=null, root-is-layout-requested=false, has-input-connection=false, x=0.0, y=0.0, child-count=2} ****MATCHES****
|
+------&gt;LinearLayout{id=2130903048, res-name=LinearLayout01, visibility=VISIBLE, width=1080, height=126, has-focus=true, has-focusable=true, has-window-focus=true, is-clickable=false, is-enabled=true, is-focused=false, is-focusable=false, is-layout-requested=false, is-selected=false, layout-params=android.widget.LinearLayout$LayoutParams&#64;64790dc, tag=null, root-is-layout-requested=false, has-input-connection=false, x=0.0, y=0.0, child-count=2} ****MATCHES****
|
+-------&gt;EditText{id=2130903043, res-name=AddListEditText, desc=addlistedittext, visibility=VISIBLE, width=849, height=126, has-focus=true, has-focusable=true, has-window-focus=true, is-clickable=true, is-enabled=true, is-focused=true, is-focusable=true, is-layout-requested=false, is-selected=false, layout-params=android.widget.LinearLayout$LayoutParams&#64;c3e5e5, tag=null, root-is-layout-requested=false, has-input-connection=true, editor-info=[inputType=0x31 imeOptions=0x8000006 privateImeOptions=null actionLabel=null actionId=0 initialSelStart=0 initialSelEnd=0 initialCapsMode=0x0 hintText=New List Name label=null packageName=null fieldId=0 fieldName=null extras=null hintLocales=null contentMimeTypes=null ], x=0.0, y=0.0, text=, hint=New List Name, input-type=49, ime-target=true, has-links=false}
|
+-------&gt;Button{id=2130903042, res-name=AddListButton, desc=Add, visibility=VISIBLE, width=231, height=126, has-focus=false, has-focusable=true, has-window-focus=true, is-clickable=true, is-enabled=true, is-focused=false, is-focusable=true, is-layout-requested=false, is-selected=false, layout-params=android.widget.LinearLayout$LayoutParams&#64;792d8ba, tag=null, root-is-layout-requested=false, has-input-connection=false, x=849.0, y=0.0, text=Add, input-type=0, ime-target=false, has-links=false}
|
+------&gt;ListView{id=2130903050, res-name=ListsListView, visibility=VISIBLE, width=1080, height=1458, has-focus=false, has-focusable=true, has-window-focus=true, is-clickable=true, is-enabled=true, is-focused=false, is-focusable=true, is-layout-requested=false, is-selected=false, layout-params=android.widget.LinearLayout$LayoutParams&#64;16b236b, tag=null, root-is-layout-requested=false, has-input-connection=false, x=0.0, y=126.0, child-count=11}
|
+-------&gt;LinearLayout{id=-1, visibility=VISIBLE, width=1080, height=130, has-focus=false, has-focusable=false, has-window-focus=true, is-clickable=false, is-enabled=true, is-focused=false, is-focusable=false, is-layout-requested=false, is-selected=false, layout-params=android.widget.AbsListView$LayoutParams&#64;f2adec8, tag=null, root-is-layout-requested=false, has-input-connection=false, x=0.0, y=0.0, child-count=2} ****MATCHES****
|
+--------&gt;TextView{id=2130903060, res-name=text1, desc=Name, visibility=VISIBLE, width=924, height=78, has-focus=false, has-focusable=false, has-window-focus=true, is-clickable=false, is-enabled=true, is-focused=false, is-focusable=false, is-layout-requested=false, is-selected=false, layout-params=android.widget.LinearLayout$LayoutParams&#64;bd1fb61, tag=null, root-is-layout-requested=false, has-input-connection=false, x=26.0, y=26.0, text=list, input-type=0, ime-target=false, has-links=false}
|
+--------&gt;TextView{id=2130903061, res-name=text2, desc=text2, visibility=VISIBLE, width=130, height=64, has-focus=false, has-focusable=false, has-window-focus=true, is-clickable=false, is-enabled=true, is-focused=false, is-focusable=false, is-layout-requested=false, is-selected=false, layout-params=android.widget.LinearLayout$LayoutParams&#64;105c686, tag=null, root-is-layout-requested=false, has-input-connection=false, x=950.0, y=35.0, text=(9/13), input-type=0, ime-target=false, has-links=false}
|
+-------&gt;LinearLayout{id=-1, visibility=VISIBLE, width=1080, height=130, has-focus=false, has-focusable=false, has-window-focus=true, is-clickable=false, is-enabled=true, is-focused=false, is-focusable=false, is-layout-requested=false, is-selected=false, layout-params=android.widget.AbsListView$LayoutParams&#64;3968b47, tag=null, root-is-layout-requested=false, has-input-connection=false, x=0.0, y=133.0, child-count=2} ****MATCHES****
|
+--------&gt;TextView{id=2130903060, res-name=text1, desc=Name, visibility=VISIBLE, width=903, height=78, has-focus=false, has-focusable=false, has-window-focus=true, is-clickable=false, is-enabled=true, is-focused=false, is-focusable=false, is-layout-requested=false, is-selected=false, layout-params=android.widget.LinearLayout$LayoutParams&#64;5731f74, tag=null, root-is-layout-requested=false, has-input-connection=false, x=26.0, y=26.0, text=list, input-type=0, ime-target=false, has-links=false}
|
+--------&gt;TextView{id=2130903061, res-name=text2, desc=text2, visibility=VISIBLE, width=151, height=64, has-focus=false, has-focusable=false, has-window-focus=true, is-clickable=false, is-enabled=true, is-focused=false, is-focusable=false, is-layout-requested=false, is-selected=false, layout-params=android.widget.LinearLayout$LayoutParams&#64;d51ec9d, tag=null, root-is-layout-requested=false, has-input-connection=false, x=929.0, y=35.0, text=(12/20), input-type=0, ime-target=false, has-links=false}
|
+-------&gt;LinearLayout{id=-1, visibility=VISIBLE, width=1080, height=130, has-focus=false, has-focusable=false, has-window-focus=true, is-clickable=false, is-enabled=true, is-focused=false, is-focusable=false, is-layout-requested=false, is-selected=false, layout-params=android.widget.AbsListView$LayoutParams&#64;67c512, tag=null, root-is-layout-requested=false, has-input-connection=false, x=0.0, y=266.0, child-count=2} ****MATCHES****
|
+--------&gt;TextView{id=2130903060, res-name=text1, desc=Name, visibility=VISIBLE, width=945, height=78, has-focus=false, has-focusable=false, has-window-focus=true, is-clickable=false, is-enabled=true, is-focused=false, is-focusable=false, is-layout-requested=false, is-selected=false, layout-params=android.widget.LinearLayout$LayoutParams&#64;82694e3, tag=null, root-is-layout-requested=false, has-input-connection=false, x=26.0, y=26.0, text=List, input-type=0, ime-target=false, has-links=false}
|
+--------&gt;TextView{id=2130903061, res-name=text2, desc=text2, visibility=VISIBLE, width=109, height=64, has-focus=false, has-focusable=false, has-window-focus=true, is-clickable=false, is-enabled=true, is-focused=false, is-focusable=false, is-layout-requested=false, is-selected=false, layout-params=android.widget.LinearLayout$LayoutParams&#64;45cbee0, tag=null, root-is-layout-requested=false, has-input-connection=false, x=971.0, y=35.0, text=(0/0), input-type=0, ime-target=false, has-links=false}
|
+-------&gt;LinearLayout{id=-1, visibility=VISIBLE, width=1080, height=130, has-focus=false, has-focusable=false, has-window-focus=true, is-clickable=false, is-enabled=true, is-focused=false, is-focusable=false, is-layout-requested=false, is-selected=false, layout-params=android.widget.AbsListView$LayoutParams&#64;ee5b599, tag=null, root-is-layout-requested=false, has-input-connection=false, x=0.0, y=399.0, child-count=2} ****MATCHES****
|
+--------&gt;TextView{id=2130903060, res-name=text1, desc=Name, visibility=VISIBLE, width=945, height=78, has-focus=false, has-focusable=false, has-window-focus=true, is-clickable=false, is-enabled=true, is-focused=false, is-focusable=false, is-layout-requested=false, is-selected=false, layout-params=android.widget.LinearLayout$LayoutParams&#64;279205e, tag=null, root-is-layout-requested=false, has-input-connection=false, x=26.0, y=26.0, text=List, input-type=0, ime-target=false, has-links=false}
|
+--------&gt;TextView{id=2130903061, res-name=text2, desc=text2, visibility=VISIBLE, width=109, height=64, has-focus=false, has-focusable=false, has-window-focus=true, is-clickable=false, is-enabled=true, is-focused=false, is-focusable=false, is-layout-requested=false, is-selected=false, layout-params=android.widget.LinearLayout$LayoutParams&#64;c239c3f, tag=null, root-is-layout-requested=false, has-input-connection=false, x=971.0, y=35.0, text=(0/0), input-type=0, ime-target=false, has-links=false}
|
+-------&gt;LinearLayout{id=-1, visibility=VISIBLE, width=1080, height=130, has-focus=false, has-focusable=false, has-window-focus=true, is-clickable=false, is-enabled=true, is-focused=false, is-focusable=false, is-layout-requested=false, is-selected=false, layout-params=android.widget.AbsListView$LayoutParams&#64;c7ee90c, tag=null, root-is-layout-requested=false, has-input-connection=false, x=0.0, y=532.0, child-count=2} ****MATCHES****
|
+--------&gt;TextView{id=2130903060, res-name=text1, desc=Name, visibility=VISIBLE, width=945, height=78, has-focus=false, has-focusable=false, has-window-focus=true, is-clickable=false, is-enabled=true, is-focused=false, is-focusable=false, is-layout-requested=false, is-selected=false, layout-params=android.widget.LinearLayout$LayoutParams&#64;8531255, tag=null, root-is-layout-requested=false, has-input-connection=false, x=26.0, y=26.0, text=List, input-type=0, ime-target=false, has-links=false}
|
+--------&gt;TextView{id=2130903061, res-name=text2, desc=text2, visibility=VISIBLE, width=109, height=64, has-focus=false, has-focusable=false, has-window-focus=true, is-clickable=false, is-enabled=true, is-focused=false, is-focusable=false, is-layout-requested=false, is-selected=false, layout-params=android.widget.LinearLayout$LayoutParams&#64;db2e46a, tag=null, root-is-layout-requested=false, has-input-connection=false, x=971.0, y=35.0, text=(0/0), input-type=0, ime-target=false, has-links=false}
|
+-------&gt;LinearLayout{id=-1, visibility=VISIBLE, width=1080, height=130, has-focus=false, has-focusable=false, has-window-focus=true, is-clickable=false, is-enabled=true, is-focused=false, is-focusable=false, is-layout-requested=false, is-selected=false, layout-params=android.widget.AbsListView$LayoutParams&#64;abfbd5b, tag=null, root-is-layout-requested=false, has-input-connection=false, x=0.0, y=665.0, child-count=2} ****MATCHES****
|
+--------&gt;TextView{id=2130903060, res-name=text1, desc=Name, visibility=VISIBLE, width=945, height=78, has-focus=false, has-focusable=false, has-window-focus=true, is-clickable=false, is-enabled=true, is-focused=false, is-focusable=false, is-layout-requested=false, is-selected=false, layout-params=android.widget.LinearLayout$LayoutParams&#64;eb789f8, tag=null, root-is-layout-requested=false, has-input-connection=false, x=26.0, y=26.0, text=List, input-type=0, ime-target=false, has-links=false}
|
+--------&gt;TextView{id=2130903061, res-name=text2, desc=text2, visibility=VISIBLE, width=109, height=64, has-focus=false, has-focusable=false, has-window-focus=true, is-clickable=false, is-enabled=true, is-focused=false, is-focusable=false, is-layout-requested=false, is-selected=false, layout-params=android.widget.LinearLayout$LayoutParams&#64;dff7ed1, tag=null, root-is-layout-requested=false, has-input-connection=false, x=971.0, y=35.0, text=(0/0), input-type=0, ime-target=false, has-links=false}
|
+-------&gt;LinearLayout{id=-1, visibility=VISIBLE, width=1080, height=130, has-focus=false, has-focusable=false, has-window-focus=true, is-clickable=false, is-enabled=true, is-focused=false, is-focusable=false, is-layout-requested=false, is-selected=false, layout-params=android.widget.AbsListView$LayoutParams&#64;512dd36, tag=null, root-is-layout-requested=false, has-input-connection=false, x=0.0, y=798.0, child-count=2} ****MATCHES****
|
+--------&gt;TextView{id=2130903060, res-name=text1, desc=Name, visibility=VISIBLE, width=945, height=78, has-focus=false, has-focusable=false, has-window-focus=true, is-clickable=false, is-enabled=true, is-focused=false, is-focusable=false, is-layout-requested=false, is-selected=false, layout-params=android.widget.LinearLayout$LayoutParams&#64;632d437, tag=null, root-is-layout-requested=false, has-input-connection=false, x=26.0, y=26.0, text=List, input-type=0, ime-target=false, has-links=false}
|
+--------&gt;TextView{id=2130903061, res-name=text2, desc=text2, visibility=VISIBLE, width=109, height=64, has-focus=false, has-focusable=false, has-window-focus=true, is-clickable=false, is-enabled=true, is-focused=false, is-focusable=false, is-layout-requested=false, is-selected=false, layout-params=android.widget.LinearLayout$LayoutParams&#64;9d74da4, tag=null, root-is-layout-requested=false, has-input-connection=false, x=971.0, y=35.0, text=(0/0), input-type=0, ime-target=false, has-links=false}
|
+-------&gt;LinearLayout{id=-1, visibility=VISIBLE, width=1080, height=130, has-focus=false, has-focusable=false, has-window-focus=true, is-clickable=false, is-enabled=true, is-focused=false, is-focusable=false, is-layout-requested=false, is-selected=false, layout-params=android.widget.AbsListView$LayoutParams&#64;b2c370d, tag=null, root-is-layout-requested=false, has-input-connection=false, x=0.0, y=931.0, child-count=2} ****MATCHES****
|
+--------&gt;TextView{id=2130903060, res-name=text1, desc=Name, visibility=VISIBLE, width=945, height=78, has-focus=false, has-focusable=false, has-window-focus=true, is-clickable=false, is-enabled=true, is-focused=false, is-focusable=false, is-layout-requested=false, is-selected=false, layout-params=android.widget.LinearLayout$LayoutParams&#64;ba796c2, tag=null, root-is-layout-requested=false, has-input-connection=false, x=26.0, y=26.0, text=List, input-type=0, ime-target=false, has-links=false}
|
+--------&gt;TextView{id=2130903061, res-name=text2, desc=text2, visibility=VISIBLE, width=109, height=64, has-focus=false, has-focusable=false, has-window-focus=true, is-clickable=false, is-enabled=true, is-focused=false, is-focusable=false, is-layout-requested=false, is-selected=false, layout-params=android.widget.LinearLayout$LayoutParams&#64;2567cd3, tag=null, root-is-layout-requested=false, has-input-connection=false, x=971.0, y=35.0, text=(0/0), input-type=0, ime-target=false, has-links=false}
|
+-------&gt;LinearLayout{id=-1, visibility=VISIBLE, width=1080, height=130, has-focus=false, has-focusable=false, has-window-focus=true, is-clickable=false, is-enabled=true, is-focused=false, is-focusable=false, is-layout-requested=false, is-selected=false, layout-params=android.widget.AbsListView$LayoutParams&#64;70da010, tag=null, root-is-layout-requested=false, has-input-connection=false, x=0.0, y=1064.0, child-count=2} ****MATCHES****
|
+--------&gt;TextView{id=2130903060, res-name=text1, desc=Name, visibility=VISIBLE, width=945, height=78, has-focus=false, has-focusable=false, has-window-focus=true, is-clickable=false, is-enabled=true, is-focused=false, is-focusable=false, is-layout-requested=false, is-selected=false, layout-params=android.widget.LinearLayout$LayoutParams&#64;3f23709, tag=null, root-is-layout-requested=false, has-input-connection=false, x=26.0, y=26.0, text=List, input-type=0, ime-target=false, has-links=false}
|
+--------&gt;TextView{id=2130903061, res-name=text2, desc=text2, visibility=VISIBLE, width=109, height=64, has-focus=false, has-focusable=false, has-window-focus=true, is-clickable=false, is-enabled=true, is-focused=false, is-focusable=false, is-layout-requested=false, is-selected=false, layout-params=android.widget.LinearLayout$LayoutParams&#64;4dc5d0e, tag=null, root-is-layout-requested=false, has-input-connection=false, x=971.0, y=35.0, text=(0/0), input-type=0, ime-target=false, has-links=false}
|
+-------&gt;LinearLayout{id=-1, visibility=VISIBLE, width=1080, height=130, has-focus=false, has-focusable=false, has-window-focus=true, is-clickable=false, is-enabled=true, is-focused=false, is-focusable=false, is-layout-requested=false, is-selected=false, layout-params=android.widget.AbsListView$LayoutParams&#64;d02132f, tag=null, root-is-layout-requested=false, has-input-connection=false, x=0.0, y=1197.0, child-count=2} ****MATCHES****
|
+--------&gt;TextView{id=2130903060, res-name=text1, desc=Name, visibility=VISIBLE, width=945, height=78, has-focus=false, has-focusable=false, has-window-focus=true, is-clickable=false, is-enabled=true, is-focused=false, is-focusable=false, is-layout-requested=false, is-selected=false, layout-params=android.widget.LinearLayout$LayoutParams&#64;114ad3c, tag=null, root-is-layout-requested=false, has-input-connection=false, x=26.0, y=26.0, text=List, input-type=0, ime-target=false, has-links=false}
|
+--------&gt;TextView{id=2130903061, res-name=text2, desc=text2, visibility=VISIBLE, width=109, height=64, has-focus=false, has-focusable=false, has-window-focus=true, is-clickable=false, is-enabled=true, is-focused=false, is-focusable=false, is-layout-requested=false, is-selected=false, layout-params=android.widget.LinearLayout$LayoutParams&#64;afe3ac5, tag=null, root-is-layout-requested=false, has-input-connection=false, x=971.0, y=35.0, text=(0/0), input-type=0, ime-target=false, has-links=false}
|
+-------&gt;LinearLayout{id=-1, visibility=VISIBLE, width=1080, height=130, has-focus=false, has-focusable=false, has-window-focus=true, is-clickable=false, is-enabled=true, is-focused=false, is-focusable=false, is-layout-requested=false, is-selected=false, layout-params=android.widget.AbsListView$LayoutParams&#64;d853c1a, tag=null, root-is-layout-requested=false, has-input-connection=false, x=0.0, y=1330.0, child-count=2} ****MATCHES****
|
+--------&gt;TextView{id=2130903060, res-name=text1, desc=Name, visibility=VISIBLE, width=945, height=78, has-focus=false, has-focusable=false, has-window-focus=true, is-clickable=false, is-enabled=true, is-focused=false, is-focusable=false, is-layout-requested=false, is-selected=false, layout-params=android.widget.LinearLayout$LayoutParams&#64;26b34b, tag=null, root-is-layout-requested=false, has-input-connection=false, x=26.0, y=26.0, text=List, input-type=0, ime-target=false, has-links=false}
|
+--------&gt;TextView{id=2130903061, res-name=text2, desc=text2, visibility=VISIBLE, width=109, height=64, has-focus=false, has-focusable=false, has-window-focus=true, is-clickable=false, is-enabled=true, is-focused=false, is-focusable=false, is-layout-requested=false, is-selected=false, layout-params=android.widget.LinearLayout$LayoutParams&#64;21d6128, tag=null, root-is-layout-requested=false, has-input-connection=false, x=971.0, y=35.0, text=(0/0), input-type=0, ime-target=false, has-links=false}
|
+-----&gt;LinearLayout{id=2130903057, res-name=itemsView, visibility=GONE, width=0, height=0, has-focus=false, has-focusable=false, has-window-focus=true, is-clickable=false, is-enabled=true, is-focused=false, is-focusable=false, is-layout-requested=true, is-selected=false, layout-params=android.widget.FrameLayout$LayoutParams&#64;9ab3927, tag=null, root-is-layout-requested=false, has-input-connection=false, x=0.0, y=0.0, child-count=2}
|
+------&gt;LinearLayout{id=2130903048, res-name=LinearLayout01, visibility=VISIBLE, width=0, height=0, has-focus=false, has-focusable=true, has-window-focus=true, is-clickable=false, is-enabled=true, is-focused=false, is-focusable=false, is-layout-requested=true, is-selected=false, layout-params=android.widget.LinearLayout$LayoutParams&#64;3173472, tag=null, root-is-layout-requested=false, has-input-connection=false, x=0.0, y=0.0, child-count=2}
|
+-------&gt;EditText{id=2130903041, res-name=AddItemEditText, desc=addItemEditText, visibility=VISIBLE, width=0, height=0, has-focus=false, has-focusable=true, has-window-focus=true, is-clickable=true, is-enabled=true, is-focused=false, is-focusable=true, is-layout-requested=true, is-selected=false, layout-params=android.widget.LinearLayout$LayoutParams&#64;50840c3, tag=null, root-is-layout-requested=false, has-input-connection=true, editor-info=[inputType=0x31 imeOptions=0x8000006 privateImeOptions=null actionLabel=null actionId=0 initialSelStart=0 initialSelEnd=0 initialCapsMode=0x0 hintText=New Item Name label=null packageName=null fieldId=0 fieldName=null extras=null hintLocales=null contentMimeTypes=null ], x=0.0, y=0.0, text=, hint=New Item Name, input-type=49, ime-target=false, has-links=false}
|
+-------&gt;Button{id=2130903040, res-name=AddItemButton, desc=Add, visibility=VISIBLE, width=0, height=0, has-focus=false, has-focusable=true, has-window-focus=true, is-clickable=true, is-enabled=true, is-focused=false, is-focusable=true, is-layout-requested=true, is-selected=false, layout-params=android.widget.LinearLayout$LayoutParams&#64;2112d40, tag=null, root-is-layout-requested=false, has-input-connection=false, x=0.0, y=0.0, text=Add, input-type=0, ime-target=false, has-links=false}
|
+------&gt;ListView{id=2130903047, res-name=ItemsListView, visibility=VISIBLE, width=0, height=0, has-focus=false, has-focusable=false, has-window-focus=true, is-clickable=true, is-enabled=true, is-focused=false, is-focusable=false, is-layout-requested=true, is-selected=false, layout-params=android.widget.LinearLayout$LayoutParams&#64;c99f479, tag=null, root-is-layout-requested=false, has-input-connection=false, x=0.0, y=0.0, child-count=0}
|
+--&gt;ActionBarContainer{id=16908669, res-name=action_bar_container, visibility=VISIBLE, width=1080, height=147, has-focus=false, has-focusable=false, has-window-focus=true, is-clickable=false, is-enabled=true, is-focused=false, is-focusable=false, is-layout-requested=false, is-selected=false, layout-params=com.android.internal.widget.ActionBarOverlayLayout$LayoutParams&#64;e7bdd6c, tag=null, root-is-layout-requested=false, has-input-connection=false, x=0.0, y=63.0, child-count=2}
|
+---&gt;Toolbar{id=16908668, res-name=action_bar, visibility=VISIBLE, width=1080, height=147, has-focus=false, has-focusable=false, has-window-focus=true, is-clickable=false, is-enabled=true, is-focused=false, is-focusable=false, is-layout-requested=false, is-selected=false, layout-params=android.widget.FrameLayout$LayoutParams&#64;5bc5f35, tag=null, root-is-layout-requested=false, has-input-connection=false, x=0.0, y=0.0, child-count=2}
|
+----&gt;TextView{id=-1, visibility=VISIBLE, width=240, height=71, has-focus=false, has-focusable=false, has-window-focus=true, is-clickable=false, is-enabled=true, is-focused=false, is-focusable=false, is-layout-requested=false, is-selected=false, layout-params=android.widget.Toolbar$LayoutParams&#64;e34dfca, tag=null, root-is-layout-requested=false, has-input-connection=false, x=42.0, y=38.0, text=Simply Do, input-type=0, ime-target=false, has-links=false}
|
+----&gt;ActionMenuView{id=-1, visibility=VISIBLE, width=105, height=147, has-focus=false, has-focusable=false, has-window-focus=true, is-clickable=false, is-enabled=true, is-focused=false, is-focusable=false, is-layout-requested=false, is-selected=false, layout-params=android.widget.Toolbar$LayoutParams&#64;7ff6458, tag=null, root-is-layout-requested=false, has-input-connection=false, x=975.0, y=0.0, child-count=1}
|
+-----&gt;OverflowMenuButton{id=-1, desc=More options, visibility=VISIBLE, width=105, height=126, has-focus=false, has-focusable=false, has-window-focus=true, is-clickable=true, is-enabled=true, is-focused=false, is-focusable=true, is-layout-requested=false, is-selected=false, layout-params=android.widget.ActionMenuView$LayoutParams&#64;c60b9b1, tag=null, root-is-layout-requested=false, has-input-connection=false, x=0.0, y=10.0}
|
+---&gt;ActionBarContextView{id=16908673, res-name=action_context_bar, visibility=GONE, width=0, height=0, has-focus=false, has-focusable=false, has-window-focus=true, is-clickable=false, is-enabled=true, is-focused=false, is-focusable=false, is-layout-requested=true, is-selected=false, layout-params=android.widget.FrameLayout$LayoutParams&#64;da92e96, tag=null, root-is-layout-requested=false, has-input-connection=false, x=0.0, y=0.0, child-count=0}
|
+-&gt;View{id=16908336, res-name=navigationBarBackground, visibility=VISIBLE, width=1080, height=126, has-focus=false, has-focusable=false, has-window-focus=true, is-clickable=false, is-enabled=true, is-focused=false, is-focusable=false, is-layout-requested=false, is-selected=false, layout-params=android.widget.FrameLayout$LayoutParams&#64;b3eba17, tag=null, root-is-layout-requested=false, has-input-connection=false, x=0.0, y=1794.0}
|
+-&gt;View{id=16908335, res-name=statusBarBackground, visibility=VISIBLE, width=1080, height=63, has-focus=false, has-focusable=false, has-window-focus=true, is-clickable=false, is-enabled=true, is-focused=false, is-focusable=false, is-layout-requested=false, is-selected=false, layout-params=android.widget.FrameLayout$LayoutParams&#64;b326e04, tag=null, root-is-layout-requested=false, has-input-connection=false, x=0.0, y=0.0}
|
at dalvik.system.VMStack.getThreadStackTrace(Native Method)
at java.lang.Thread.getStackTrace(Thread.java:1536)
at android.support.test.espresso.base.DefaultFailureHandler.getUserFriendlyError(DefaultFailureHandler.java:88)
at android.support.test.espresso.base.DefaultFailureHandler.handle(DefaultFailureHandler.java:51)
at android.support.test.espresso.ViewInteraction.waitForAndHandleInteractionResults(ViewInteraction.java:312)
at android.support.test.espresso.ViewInteraction.desugaredPerform(ViewInteraction.java:173)
at android.support.test.espresso.ViewInteraction.perform(ViewInteraction.java:114)
at kdk.android.simplydo.C6.MultipleListC6.multipleListC6(MultipleListC6.java:60)
at java.lang.reflect.Method.invoke(Native Method)
at org.junit.runners.model.FrameworkMethod$1.runReflectiveCall(FrameworkMethod.java:50)
at org.junit.internal.runners.model.ReflectiveCallable.run(ReflectiveCallable.java:12)
at org.junit.runners.model.FrameworkMethod.invokeExplosively(FrameworkMethod.java:47)
at org.junit.internal.runners.statements.InvokeMethod.evaluate(InvokeMethod.java:17)
at android.support.test.rule.ActivityTestRule$ActivityStatement.evaluate(ActivityTestRule.java:527)
at org.junit.rules.RunRules.evaluate(RunRules.java:20)
at org.junit.runners.ParentRunner.runLeaf(ParentRunner.java:325)
at org.junit.runners.BlockJUnit4ClassRunner.runChild(BlockJUnit4ClassRunner.java:78)
at org.junit.runners.BlockJUnit4ClassRunner.runChild(BlockJUnit4ClassRunner.java:57)
at org.junit.runners.ParentRunner$3.run(ParentRunner.java:290)
at org.junit.runners.ParentRunner$1.schedule(ParentRunner.java:71)
at org.junit.runners.ParentRunner.runChildren(ParentRunner.java:288)
at org.junit.runners.ParentRunner.access$000(ParentRunner.java:58)
at org.junit.runners.ParentRunner$2.evaluate(ParentRunner.java:268)
at org.junit.runners.ParentRunner.run(ParentRunner.java:363)
at android.support.test.runner.AndroidJUnit4.run(AndroidJUnit4.java:101)
at org.junit.runners.Suite.runChild(Suite.java:128)
at org.junit.runners.Suite.runChild(Suite.java:27)
at org.junit.runners.ParentRunner$3.run(ParentRunner.java:290)
at org.junit.runners.ParentRunner$1.schedule(ParentRunner.java:71)
at org.junit.runners.ParentRunner.runChildren(ParentRunner.java:288)
at org.junit.runners.ParentRunner.access$000(ParentRunner.java:58)
at org.junit.runners.ParentRunner$2.evaluate(ParentRunner.java:268)
at org.junit.runners.ParentRunner.run(ParentRunner.java:363)
at org.junit.runner.JUnitCore.run(JUnitCore.java:137)
at org.junit.runner.JUnitCore.run(JUnitCore.java:115)
at android.support.test.internal.runner.TestExecutor.execute(TestExecutor.java:56)
at android.support.test.runner.AndroidJUnitRunner.onStart(AndroidJUnitRunner.java:384)
at android.app.Instrumentation$InstrumentationThread.run(Instrumentation.java:2074)
</failure>
  </testcase>
  <testcase name="sortItemsC6" classname="kdk.android.simplydo.C6.SortItemsC6" time="0.894">
    <failure>android.support.test.espresso.AmbiguousViewMatcherException: '(with class name: is "android.widget.LinearLayout" and is displayed on the screen to the user)' matches multiple views in the hierarchy.
Problem views are marked with '****MATCHES****' below.

View Hierarchy:
+&gt;DecorView{id=-1, visibility=VISIBLE, width=1080, height=1920, has-focus=true, has-focusable=true, has-window-focus=true, is-clickable=false, is-enabled=true, is-focused=false, is-focusable=false, is-layout-requested=false, is-selected=false, layout-params=WM.LayoutParams{(0,0)(fillxfill) sim=#3 ty=1 fl=#81810100 pfl=0x20000 wanim=0x10302f6 needsMenuKey=2 colorMode=0}, tag=null, root-is-layout-requested=false, has-input-connection=false, x=0.0, y=0.0, child-count=3}
|
+-&gt;ActionBarOverlayLayout{id=16908822, res-name=decor_content_parent, visibility=VISIBLE, width=1080, height=1794, has-focus=true, has-focusable=true, has-window-focus=true, is-clickable=false, is-enabled=true, is-focused=false, is-focusable=false, is-layout-requested=false, is-selected=false, layout-params=android.widget.FrameLayout$LayoutParams&#64;e842c23, tag=null, root-is-layout-requested=false, has-input-connection=false, x=0.0, y=0.0, child-count=2}
|
+--&gt;FrameLayout{id=16908290, res-name=content, visibility=VISIBLE, width=1080, height=1584, has-focus=true, has-focusable=true, has-window-focus=true, is-clickable=false, is-enabled=true, is-focused=false, is-focusable=false, is-layout-requested=false, is-selected=false, layout-params=com.android.internal.widget.ActionBarOverlayLayout$LayoutParams&#64;9cba520, tag=null, root-is-layout-requested=false, has-input-connection=false, x=0.0, y=210.0, child-count=1}
|
+---&gt;LinearLayout{id=-1, visibility=VISIBLE, width=1080, height=1584, has-focus=true, has-focusable=true, has-window-focus=true, is-clickable=false, is-enabled=true, is-focused=false, is-focusable=false, is-layout-requested=false, is-selected=false, layout-params=android.widget.FrameLayout$LayoutParams&#64;7f8109e, tag=null, root-is-layout-requested=false, has-input-connection=false, x=0.0, y=0.0, child-count=1} ****MATCHES****
|
+----&gt;ViewSwitcher{id=2130903049, res-name=ListsItemsSwitcher, visibility=VISIBLE, width=1080, height=1584, has-focus=true, has-focusable=true, has-window-focus=true, is-clickable=false, is-enabled=true, is-focused=false, is-focusable=false, is-layout-requested=false, is-selected=false, layout-params=android.widget.LinearLayout$LayoutParams&#64;295f34c, tag=null, root-is-layout-requested=false, has-input-connection=false, x=0.0, y=0.0, child-count=2}
|
+-----&gt;LinearLayout{id=2130903059, res-name=listsView, visibility=VISIBLE, width=1080, height=1584, has-focus=true, has-focusable=true, has-window-focus=true, is-clickable=false, is-enabled=true, is-focused=false, is-focusable=false, is-layout-requested=false, is-selected=false, layout-params=android.widget.FrameLayout$LayoutParams&#64;2c1ef95, tag=null, root-is-layout-requested=false, has-input-connection=false, x=0.0, y=0.0, child-count=2} ****MATCHES****
|
+------&gt;LinearLayout{id=2130903048, res-name=LinearLayout01, visibility=VISIBLE, width=1080, height=126, has-focus=true, has-focusable=true, has-window-focus=true, is-clickable=false, is-enabled=true, is-focused=false, is-focusable=false, is-layout-requested=false, is-selected=false, layout-params=android.widget.LinearLayout$LayoutParams&#64;5d098aa, tag=null, root-is-layout-requested=false, has-input-connection=false, x=0.0, y=0.0, child-count=2} ****MATCHES****
|
+-------&gt;EditText{id=2130903043, res-name=AddListEditText, desc=addlistedittext, visibility=VISIBLE, width=849, height=126, has-focus=true, has-focusable=true, has-window-focus=true, is-clickable=true, is-enabled=true, is-focused=true, is-focusable=true, is-layout-requested=false, is-selected=false, layout-params=android.widget.LinearLayout$LayoutParams&#64;5d0fc9b, tag=null, root-is-layout-requested=false, has-input-connection=true, editor-info=[inputType=0x31 imeOptions=0x8000006 privateImeOptions=null actionLabel=null actionId=0 initialSelStart=0 initialSelEnd=0 initialCapsMode=0x0 hintText=New List Name label=null packageName=null fieldId=0 fieldName=null extras=null hintLocales=null contentMimeTypes=null ], x=0.0, y=0.0, text=, hint=New List Name, input-type=49, ime-target=true, has-links=false}
|
+-------&gt;Button{id=2130903042, res-name=AddListButton, desc=Add, visibility=VISIBLE, width=231, height=126, has-focus=false, has-focusable=true, has-window-focus=true, is-clickable=true, is-enabled=true, is-focused=false, is-focusable=true, is-layout-requested=false, is-selected=false, layout-params=android.widget.LinearLayout$LayoutParams&#64;1d4f838, tag=null, root-is-layout-requested=false, has-input-connection=false, x=849.0, y=0.0, text=Add, input-type=0, ime-target=false, has-links=false}
|
+------&gt;ListView{id=2130903050, res-name=ListsListView, visibility=VISIBLE, width=1080, height=1458, has-focus=false, has-focusable=true, has-window-focus=true, is-clickable=true, is-enabled=true, is-focused=false, is-focusable=true, is-layout-requested=false, is-selected=false, layout-params=android.widget.LinearLayout$LayoutParams&#64;e9ef011, tag=null, root-is-layout-requested=false, has-input-connection=false, x=0.0, y=126.0, child-count=11}
|
+-------&gt;LinearLayout{id=-1, visibility=VISIBLE, width=1080, height=130, has-focus=false, has-focusable=false, has-window-focus=true, is-clickable=false, is-enabled=true, is-focused=false, is-focusable=false, is-layout-requested=false, is-selected=false, layout-params=android.widget.AbsListView$LayoutParams&#64;4f79576, tag=null, root-is-layout-requested=false, has-input-connection=false, x=0.0, y=0.0, child-count=2} ****MATCHES****
|
+--------&gt;TextView{id=2130903060, res-name=text1, desc=Name, visibility=VISIBLE, width=924, height=78, has-focus=false, has-focusable=false, has-window-focus=true, is-clickable=false, is-enabled=true, is-focused=false, is-focusable=false, is-layout-requested=false, is-selected=false, layout-params=android.widget.LinearLayout$LayoutParams&#64;c38c777, tag=null, root-is-layout-requested=false, has-input-connection=false, x=26.0, y=26.0, text=list, input-type=0, ime-target=false, has-links=false}
|
+--------&gt;TextView{id=2130903061, res-name=text2, desc=text2, visibility=VISIBLE, width=130, height=64, has-focus=false, has-focusable=false, has-window-focus=true, is-clickable=false, is-enabled=true, is-focused=false, is-focusable=false, is-layout-requested=false, is-selected=false, layout-params=android.widget.LinearLayout$LayoutParams&#64;dfd5fe4, tag=null, root-is-layout-requested=false, has-input-connection=false, x=950.0, y=35.0, text=(9/13), input-type=0, ime-target=false, has-links=false}
|
+-------&gt;LinearLayout{id=-1, visibility=VISIBLE, width=1080, height=130, has-focus=false, has-focusable=false, has-window-focus=true, is-clickable=false, is-enabled=true, is-focused=false, is-focusable=false, is-layout-requested=false, is-selected=false, layout-params=android.widget.AbsListView$LayoutParams&#64;6717c4d, tag=null, root-is-layout-requested=false, has-input-connection=false, x=0.0, y=133.0, child-count=2} ****MATCHES****
|
+--------&gt;TextView{id=2130903060, res-name=text1, desc=Name, visibility=VISIBLE, width=903, height=78, has-focus=false, has-focusable=false, has-window-focus=true, is-clickable=false, is-enabled=true, is-focused=false, is-focusable=false, is-layout-requested=false, is-selected=false, layout-params=android.widget.LinearLayout$LayoutParams&#64;2bf9302, tag=null, root-is-layout-requested=false, has-input-connection=false, x=26.0, y=26.0, text=list, input-type=0, ime-target=false, has-links=false}
|
+--------&gt;TextView{id=2130903061, res-name=text2, desc=text2, visibility=VISIBLE, width=151, height=64, has-focus=false, has-focusable=false, has-window-focus=true, is-clickable=false, is-enabled=true, is-focused=false, is-focusable=false, is-layout-requested=false, is-selected=false, layout-params=android.widget.LinearLayout$LayoutParams&#64;fe86413, tag=null, root-is-layout-requested=false, has-input-connection=false, x=929.0, y=35.0, text=(12/20), input-type=0, ime-target=false, has-links=false}
|
+-------&gt;LinearLayout{id=-1, visibility=VISIBLE, width=1080, height=130, has-focus=false, has-focusable=false, has-window-focus=true, is-clickable=false, is-enabled=true, is-focused=false, is-focusable=false, is-layout-requested=false, is-selected=false, layout-params=android.widget.AbsListView$LayoutParams&#64;e229650, tag=null, root-is-layout-requested=false, has-input-connection=false, x=0.0, y=266.0, child-count=2} ****MATCHES****
|
+--------&gt;TextView{id=2130903060, res-name=text1, desc=Name, visibility=VISIBLE, width=945, height=78, has-focus=false, has-focusable=false, has-window-focus=true, is-clickable=false, is-enabled=true, is-focused=false, is-focusable=false, is-layout-requested=false, is-selected=false, layout-params=android.widget.LinearLayout$LayoutParams&#64;669049, tag=null, root-is-layout-requested=false, has-input-connection=false, x=26.0, y=26.0, text=List, input-type=0, ime-target=false, has-links=false}
|
+--------&gt;TextView{id=2130903061, res-name=text2, desc=text2, visibility=VISIBLE, width=109, height=64, has-focus=false, has-focusable=false, has-window-focus=true, is-clickable=false, is-enabled=true, is-focused=false, is-focusable=false, is-layout-requested=false, is-selected=false, layout-params=android.widget.LinearLayout$LayoutParams&#64;d17dd4e, tag=null, root-is-layout-requested=false, has-input-connection=false, x=971.0, y=35.0, text=(0/0), input-type=0, ime-target=false, has-links=false}
|
+-------&gt;LinearLayout{id=-1, visibility=VISIBLE, width=1080, height=130, has-focus=false, has-focusable=false, has-window-focus=true, is-clickable=false, is-enabled=true, is-focused=false, is-focusable=false, is-layout-requested=false, is-selected=false, layout-params=android.widget.AbsListView$LayoutParams&#64;eb2e6f, tag=null, root-is-layout-requested=false, has-input-connection=false, x=0.0, y=399.0, child-count=2} ****MATCHES****
|
+--------&gt;TextView{id=2130903060, res-name=text1, desc=Name, visibility=VISIBLE, width=945, height=78, has-focus=false, has-focusable=false, has-window-focus=true, is-clickable=false, is-enabled=true, is-focused=false, is-focusable=false, is-layout-requested=false, is-selected=false, layout-params=android.widget.LinearLayout$LayoutParams&#64;522c77c, tag=null, root-is-layout-requested=false, has-input-connection=false, x=26.0, y=26.0, text=List, input-type=0, ime-target=false, has-links=false}
|
+--------&gt;TextView{id=2130903061, res-name=text2, desc=text2, visibility=VISIBLE, width=109, height=64, has-focus=false, has-focusable=false, has-window-focus=true, is-clickable=false, is-enabled=true, is-focused=false, is-focusable=false, is-layout-requested=false, is-selected=false, layout-params=android.widget.LinearLayout$LayoutParams&#64;e7ee805, tag=null, root-is-layout-requested=false, has-input-connection=false, x=971.0, y=35.0, text=(0/0), input-type=0, ime-target=false, has-links=false}
|
+-------&gt;LinearLayout{id=-1, visibility=VISIBLE, width=1080, height=130, has-focus=false, has-focusable=false, has-window-focus=true, is-clickable=false, is-enabled=true, is-focused=false, is-focusable=false, is-layout-requested=false, is-selected=false, layout-params=android.widget.AbsListView$LayoutParams&#64;f98805a, tag=null, root-is-layout-requested=false, has-input-connection=false, x=0.0, y=532.0, child-count=2} ****MATCHES****
|
+--------&gt;TextView{id=2130903060, res-name=text1, desc=Name, visibility=VISIBLE, width=945, height=78, has-focus=false, has-focusable=false, has-window-focus=true, is-clickable=false, is-enabled=true, is-focused=false, is-focusable=false, is-layout-requested=false, is-selected=false, layout-params=android.widget.LinearLayout$LayoutParams&#64;aa6428b, tag=null, root-is-layout-requested=false, has-input-connection=false, x=26.0, y=26.0, text=List, input-type=0, ime-target=false, has-links=false}
|
+--------&gt;TextView{id=2130903061, res-name=text2, desc=text2, visibility=VISIBLE, width=109, height=64, has-focus=false, has-focusable=false, has-window-focus=true, is-clickable=false, is-enabled=true, is-focused=false, is-focusable=false, is-layout-requested=false, is-selected=false, layout-params=android.widget.LinearLayout$LayoutParams&#64;392df68, tag=null, root-is-layout-requested=false, has-input-connection=false, x=971.0, y=35.0, text=(0/0), input-type=0, ime-target=false, has-links=false}
|
+-------&gt;LinearLayout{id=-1, visibility=VISIBLE, width=1080, height=130, has-focus=false, has-focusable=false, has-window-focus=true, is-clickable=false, is-enabled=true, is-focused=false, is-focusable=false, is-layout-requested=false, is-selected=false, layout-params=android.widget.AbsListView$LayoutParams&#64;80aff81, tag=null, root-is-layout-requested=false, has-input-connection=false, x=0.0, y=665.0, child-count=2} ****MATCHES****
|
+--------&gt;TextView{id=2130903060, res-name=text1, desc=Name, visibility=VISIBLE, width=945, height=78, has-focus=false, has-focusable=false, has-window-focus=true, is-clickable=false, is-enabled=true, is-focused=false, is-focusable=false, is-layout-requested=false, is-selected=false, layout-params=android.widget.LinearLayout$LayoutParams&#64;54e4826, tag=null, root-is-layout-requested=false, has-input-connection=false, x=26.0, y=26.0, text=List, input-type=0, ime-target=false, has-links=false}
|
+--------&gt;TextView{id=2130903061, res-name=text2, desc=text2, visibility=VISIBLE, width=109, height=64, has-focus=false, has-focusable=false, has-window-focus=true, is-clickable=false, is-enabled=true, is-focused=false, is-focusable=false, is-layout-requested=false, is-selected=false, layout-params=android.widget.LinearLayout$LayoutParams&#64;fb47c67, tag=null, root-is-layout-requested=false, has-input-connection=false, x=971.0, y=35.0, text=(0/0), input-type=0, ime-target=false, has-links=false}
|
+-------&gt;LinearLayout{id=-1, visibility=VISIBLE, width=1080, height=130, has-focus=false, has-focusable=false, has-window-focus=true, is-clickable=false, is-enabled=true, is-focused=false, is-focusable=false, is-layout-requested=false, is-selected=false, layout-params=android.widget.AbsListView$LayoutParams&#64;c6a8a14, tag=null, root-is-layout-requested=false, has-input-connection=false, x=0.0, y=798.0, child-count=2} ****MATCHES****
|
+--------&gt;TextView{id=2130903060, res-name=text1, desc=Name, visibility=VISIBLE, width=945, height=78, has-focus=false, has-focusable=false, has-window-focus=true, is-clickable=false, is-enabled=true, is-focused=false, is-focusable=false, is-layout-requested=false, is-selected=false, layout-params=android.widget.LinearLayout$LayoutParams&#64;ee712bd, tag=null, root-is-layout-requested=false, has-input-connection=false, x=26.0, y=26.0, text=List, input-type=0, ime-target=false, has-links=false}
|
+--------&gt;TextView{id=2130903061, res-name=text2, desc=text2, visibility=VISIBLE, width=109, height=64, has-focus=false, has-focusable=false, has-window-focus=true, is-clickable=false, is-enabled=true, is-focused=false, is-focusable=false, is-layout-requested=false, is-selected=false, layout-params=android.widget.LinearLayout$LayoutParams&#64;b46c0b2, tag=null, root-is-layout-requested=false, has-input-connection=false, x=971.0, y=35.0, text=(0/0), input-type=0, ime-target=false, has-links=false}
|
+-------&gt;LinearLayout{id=-1, visibility=VISIBLE, width=1080, height=130, has-focus=false, has-focusable=false, has-window-focus=true, is-clickable=false, is-enabled=true, is-focused=false, is-focusable=false, is-layout-requested=false, is-selected=false, layout-params=android.widget.AbsListView$LayoutParams&#64;7827803, tag=null, root-is-layout-requested=false, has-input-connection=false, x=0.0, y=931.0, child-count=2} ****MATCHES****
|
+--------&gt;TextView{id=2130903060, res-name=text1, desc=Name, visibility=VISIBLE, width=945, height=78, has-focus=false, has-focusable=false, has-window-focus=true, is-clickable=false, is-enabled=true, is-focused=false, is-focusable=false, is-layout-requested=false, is-selected=false, layout-params=android.widget.LinearLayout$LayoutParams&#64;8703380, tag=null, root-is-layout-requested=false, has-input-connection=false, x=26.0, y=26.0, text=List, input-type=0, ime-target=false, has-links=false}
|
+--------&gt;TextView{id=2130903061, res-name=text2, desc=text2, visibility=VISIBLE, width=109, height=64, has-focus=false, has-focusable=false, has-window-focus=true, is-clickable=false, is-enabled=true, is-focused=false, is-focusable=false, is-layout-requested=false, is-selected=false, layout-params=android.widget.LinearLayout$LayoutParams&#64;c771db9, tag=null, root-is-layout-requested=false, has-input-connection=false, x=971.0, y=35.0, text=(0/0), input-type=0, ime-target=false, has-links=false}
|
+-------&gt;LinearLayout{id=-1, visibility=VISIBLE, width=1080, height=130, has-focus=false, has-focusable=false, has-window-focus=true, is-clickable=false, is-enabled=true, is-focused=false, is-focusable=false, is-layout-requested=false, is-selected=false, layout-params=android.widget.AbsListView$LayoutParams&#64;fdc35fe, tag=null, root-is-layout-requested=false, has-input-connection=false, x=0.0, y=1064.0, child-count=2} ****MATCHES****
|
+--------&gt;TextView{id=2130903060, res-name=text1, desc=Name, visibility=VISIBLE, width=945, height=78, has-focus=false, has-focusable=false, has-window-focus=true, is-clickable=false, is-enabled=true, is-focused=false, is-focusable=false, is-layout-requested=false, is-selected=false, layout-params=android.widget.LinearLayout$LayoutParams&#64;9aa915f, tag=null, root-is-layout-requested=false, has-input-connection=false, x=26.0, y=26.0, text=List, input-type=0, ime-target=false, has-links=false}
|
+--------&gt;TextView{id=2130903061, res-name=text2, desc=text2, visibility=VISIBLE, width=109, height=64, has-focus=false, has-focusable=false, has-window-focus=true, is-clickable=false, is-enabled=true, is-focused=false, is-focusable=false, is-layout-requested=false, is-selected=false, layout-params=android.widget.LinearLayout$LayoutParams&#64;46507ac, tag=null, root-is-layout-requested=false, has-input-connection=false, x=971.0, y=35.0, text=(0/0), input-type=0, ime-target=false, has-links=false}
|
+-------&gt;LinearLayout{id=-1, visibility=VISIBLE, width=1080, height=130, has-focus=false, has-focusable=false, has-window-focus=true, is-clickable=false, is-enabled=true, is-focused=false, is-focusable=false, is-layout-requested=false, is-selected=false, layout-params=android.widget.AbsListView$LayoutParams&#64;262dc75, tag=null, root-is-layout-requested=false, has-input-connection=false, x=0.0, y=1197.0, child-count=2} ****MATCHES****
|
+--------&gt;TextView{id=2130903060, res-name=text1, desc=Name, visibility=VISIBLE, width=945, height=78, has-focus=false, has-focusable=false, has-window-focus=true, is-clickable=false, is-enabled=true, is-focused=false, is-focusable=false, is-layout-requested=false, is-selected=false, layout-params=android.widget.LinearLayout$LayoutParams&#64;ac1b40a, tag=null, root-is-layout-requested=false, has-input-connection=false, x=26.0, y=26.0, text=List, input-type=0, ime-target=false, has-links=false}
|
+--------&gt;TextView{id=2130903061, res-name=text2, desc=text2, visibility=VISIBLE, width=109, height=64, has-focus=false, has-focusable=false, has-window-focus=true, is-clickable=false, is-enabled=true, is-focused=false, is-focusable=false, is-layout-requested=false, is-selected=false, layout-params=android.widget.LinearLayout$LayoutParams&#64;310e47b, tag=null, root-is-layout-requested=false, has-input-connection=false, x=971.0, y=35.0, text=(0/0), input-type=0, ime-target=false, has-links=false}
|
+-------&gt;LinearLayout{id=-1, visibility=VISIBLE, width=1080, height=130, has-focus=false, has-focusable=false, has-window-focus=true, is-clickable=false, is-enabled=true, is-focused=false, is-focusable=false, is-layout-requested=false, is-selected=false, layout-params=android.widget.AbsListView$LayoutParams&#64;5f0f298, tag=null, root-is-layout-requested=false, has-input-connection=false, x=0.0, y=1330.0, child-count=2} ****MATCHES****
|
+--------&gt;TextView{id=2130903060, res-name=text1, desc=Name, visibility=VISIBLE, width=945, height=78, has-focus=false, has-focusable=false, has-window-focus=true, is-clickable=false, is-enabled=true, is-focused=false, is-focusable=false, is-layout-requested=false, is-selected=false, layout-params=android.widget.LinearLayout$LayoutParams&#64;b11caf1, tag=null, root-is-layout-requested=false, has-input-connection=false, x=26.0, y=26.0, text=List, input-type=0, ime-target=false, has-links=false}
|
+--------&gt;TextView{id=2130903061, res-name=text2, desc=text2, visibility=VISIBLE, width=109, height=64, has-focus=false, has-focusable=false, has-window-focus=true, is-clickable=false, is-enabled=true, is-focused=false, is-focusable=false, is-layout-requested=false, is-selected=false, layout-params=android.widget.LinearLayout$LayoutParams&#64;9cf06d6, tag=null, root-is-layout-requested=false, has-input-connection=false, x=971.0, y=35.0, text=(0/0), input-type=0, ime-target=false, has-links=false}
|
+-----&gt;LinearLayout{id=2130903057, res-name=itemsView, visibility=GONE, width=0, height=0, has-focus=false, has-focusable=false, has-window-focus=true, is-clickable=false, is-enabled=true, is-focused=false, is-focusable=false, is-layout-requested=true, is-selected=false, layout-params=android.widget.FrameLayout$LayoutParams&#64;5e7252d, tag=null, root-is-layout-requested=false, has-input-connection=false, x=0.0, y=0.0, child-count=2}
|
+------&gt;LinearLayout{id=2130903048, res-name=LinearLayout01, visibility=VISIBLE, width=0, height=0, has-focus=false, has-focusable=true, has-window-focus=true, is-clickable=false, is-enabled=true, is-focused=false, is-focusable=false, is-layout-requested=true, is-selected=false, layout-params=android.widget.LinearLayout$LayoutParams&#64;9b77cb0, tag=null, root-is-layout-requested=false, has-input-connection=false, x=0.0, y=0.0, child-count=2}
|
+-------&gt;EditText{id=2130903041, res-name=AddItemEditText, desc=addItemEditText, visibility=VISIBLE, width=0, height=0, has-focus=false, has-focusable=true, has-window-focus=true, is-clickable=true, is-enabled=true, is-focused=false, is-focusable=true, is-layout-requested=true, is-selected=false, layout-params=android.widget.LinearLayout$LayoutParams&#64;b3de729, tag=null, root-is-layout-requested=false, has-input-connection=true, editor-info=[inputType=0x31 imeOptions=0x8000006 privateImeOptions=null actionLabel=null actionId=0 initialSelStart=0 initialSelEnd=0 initialCapsMode=0x0 hintText=New Item Name label=null packageName=null fieldId=0 fieldName=null extras=null hintLocales=null contentMimeTypes=null ], x=0.0, y=0.0, text=, hint=New Item Name, input-type=49, ime-target=false, has-links=false}
|
+-------&gt;Button{id=2130903040, res-name=AddItemButton, desc=Add, visibility=VISIBLE, width=0, height=0, has-focus=false, has-focusable=true, has-window-focus=true, is-clickable=true, is-enabled=true, is-focused=false, is-focusable=true, is-layout-requested=true, is-selected=false, layout-params=android.widget.LinearLayout$LayoutParams&#64;8801aae, tag=null, root-is-layout-requested=false, has-input-connection=false, x=0.0, y=0.0, text=Add, input-type=0, ime-target=false, has-links=false}
|
+------&gt;ListView{id=2130903047, res-name=ItemsListView, visibility=VISIBLE, width=0, height=0, has-focus=false, has-focusable=false, has-window-focus=true, is-clickable=true, is-enabled=true, is-focused=false, is-focusable=false, is-layout-requested=true, is-selected=false, layout-params=android.widget.LinearLayout$LayoutParams&#64;740904f, tag=null, root-is-layout-requested=false, has-input-connection=false, x=0.0, y=0.0, child-count=0}
|
+--&gt;ActionBarContainer{id=16908669, res-name=action_bar_container, visibility=VISIBLE, width=1080, height=147, has-focus=false, has-focusable=false, has-window-focus=true, is-clickable=false, is-enabled=true, is-focused=false, is-focusable=false, is-layout-requested=false, is-selected=false, layout-params=com.android.internal.widget.ActionBarOverlayLayout$LayoutParams&#64;83733ba, tag=null, root-is-layout-requested=false, has-input-connection=false, x=0.0, y=63.0, child-count=2}
|
+---&gt;Toolbar{id=16908668, res-name=action_bar, visibility=VISIBLE, width=1080, height=147, has-focus=false, has-focusable=false, has-window-focus=true, is-clickable=false, is-enabled=true, is-focused=false, is-focusable=false, is-layout-requested=false, is-selected=false, layout-params=android.widget.FrameLayout$LayoutParams&#64;d1fe26b, tag=null, root-is-layout-requested=false, has-input-connection=false, x=0.0, y=0.0, child-count=2}
|
+----&gt;TextView{id=-1, visibility=VISIBLE, width=240, height=71, has-focus=false, has-focusable=false, has-window-focus=true, is-clickable=false, is-enabled=true, is-focused=false, is-focusable=false, is-layout-requested=false, is-selected=false, layout-params=android.widget.Toolbar$LayoutParams&#64;75231c8, tag=null, root-is-layout-requested=false, has-input-connection=false, x=42.0, y=38.0, text=Simply Do, input-type=0, ime-target=false, has-links=false}
|
+----&gt;ActionMenuView{id=-1, visibility=VISIBLE, width=105, height=147, has-focus=false, has-focusable=false, has-window-focus=true, is-clickable=false, is-enabled=true, is-focused=false, is-focusable=false, is-layout-requested=false, is-selected=false, layout-params=android.widget.Toolbar$LayoutParams&#64;714d186, tag=null, root-is-layout-requested=false, has-input-connection=false, x=975.0, y=0.0, child-count=1}
|
+-----&gt;OverflowMenuButton{id=-1, desc=More options, visibility=VISIBLE, width=105, height=126, has-focus=false, has-focusable=false, has-window-focus=true, is-clickable=true, is-enabled=true, is-focused=false, is-focusable=true, is-layout-requested=false, is-selected=false, layout-params=android.widget.ActionMenuView$LayoutParams&#64;f583a47, tag=null, root-is-layout-requested=false, has-input-connection=false, x=0.0, y=10.0}
|
+---&gt;ActionBarContextView{id=16908673, res-name=action_context_bar, visibility=GONE, width=0, height=0, has-focus=false, has-focusable=false, has-window-focus=true, is-clickable=false, is-enabled=true, is-focused=false, is-focusable=false, is-layout-requested=true, is-selected=false, layout-params=android.widget.FrameLayout$LayoutParams&#64;43ca274, tag=null, root-is-layout-requested=false, has-input-connection=false, x=0.0, y=0.0, child-count=0}
|
+-&gt;View{id=16908336, res-name=navigationBarBackground, visibility=VISIBLE, width=1080, height=126, has-focus=false, has-focusable=false, has-window-focus=true, is-clickable=false, is-enabled=true, is-focused=false, is-focusable=false, is-layout-requested=false, is-selected=false, layout-params=android.widget.FrameLayout$LayoutParams&#64;108b39d, tag=null, root-is-layout-requested=false, has-input-connection=false, x=0.0, y=1794.0}
|
+-&gt;View{id=16908335, res-name=statusBarBackground, visibility=VISIBLE, width=1080, height=63, has-focus=false, has-focusable=false, has-window-focus=true, is-clickable=false, is-enabled=true, is-focused=false, is-focusable=false, is-layout-requested=false, is-selected=false, layout-params=android.widget.FrameLayout$LayoutParams&#64;fdc8012, tag=null, root-is-layout-requested=false, has-input-connection=false, x=0.0, y=0.0}
|
at dalvik.system.VMStack.getThreadStackTrace(Native Method)
at java.lang.Thread.getStackTrace(Thread.java:1536)
at android.support.test.espresso.base.DefaultFailureHandler.getUserFriendlyError(DefaultFailureHandler.java:88)
at android.support.test.espresso.base.DefaultFailureHandler.handle(DefaultFailureHandler.java:51)
at android.support.test.espresso.ViewInteraction.waitForAndHandleInteractionResults(ViewInteraction.java:312)
at android.support.test.espresso.ViewInteraction.desugaredPerform(ViewInteraction.java:173)
at android.support.test.espresso.ViewInteraction.perform(ViewInteraction.java:114)
at kdk.android.simplydo.C6.SortItemsC6.sortItemsC6(SortItemsC6.java:50)
at java.lang.reflect.Method.invoke(Native Method)
at org.junit.runners.model.FrameworkMethod$1.runReflectiveCall(FrameworkMethod.java:50)
at org.junit.internal.runners.model.ReflectiveCallable.run(ReflectiveCallable.java:12)
at org.junit.runners.model.FrameworkMethod.invokeExplosively(FrameworkMethod.java:47)
at org.junit.internal.runners.statements.InvokeMethod.evaluate(InvokeMethod.java:17)
at android.support.test.rule.ActivityTestRule$ActivityStatement.evaluate(ActivityTestRule.java:527)
at org.junit.rules.RunRules.evaluate(RunRules.java:20)
at org.junit.runners.ParentRunner.runLeaf(ParentRunner.java:325)
at org.junit.runners.BlockJUnit4ClassRunner.runChild(BlockJUnit4ClassRunner.java:78)
at org.junit.runners.BlockJUnit4ClassRunner.runChild(BlockJUnit4ClassRunner.java:57)
at org.junit.runners.ParentRunner$3.run(ParentRunner.java:290)
at org.junit.runners.ParentRunner$1.schedule(ParentRunner.java:71)
at org.junit.runners.ParentRunner.runChildren(ParentRunner.java:288)
at org.junit.runners.ParentRunner.access$000(ParentRunner.java:58)
at org.junit.runners.ParentRunner$2.evaluate(ParentRunner.java:268)
at org.junit.runners.ParentRunner.run(ParentRunner.java:363)
at android.support.test.runner.AndroidJUnit4.run(AndroidJUnit4.java:101)
at org.junit.runners.Suite.runChild(Suite.java:128)
at org.junit.runners.Suite.runChild(Suite.java:27)
at org.junit.runners.ParentRunner$3.run(ParentRunner.java:290)
at org.junit.runners.ParentRunner$1.schedule(ParentRunner.java:71)
at org.junit.runners.ParentRunner.runChildren(ParentRunner.java:288)
at org.junit.runners.ParentRunner.access$000(ParentRunner.java:58)
at org.junit.runners.ParentRunner$2.evaluate(ParentRunner.java:268)
at org.junit.runners.ParentRunner.run(ParentRunner.java:363)
at org.junit.runner.JUnitCore.run(JUnitCore.java:137)
at org.junit.runner.JUnitCore.run(JUnitCore.java:115)
at android.support.test.internal.runner.TestExecutor.execute(TestExecutor.java:56)
at android.support.test.runner.AndroidJUnitRunner.onStart(AndroidJUnitRunner.java:384)
at android.app.Instrumentation$InstrumentationThread.run(Instrumentation.java:2074)
</failure>
  </testcase>
</testsuite>