<?xml version='1.0' encoding='UTF-8' ?>
<testsuite name="kdk.android.simplydo.C1.AddAssertC1" tests="60" failures="24" errors="0" skipped="0" time="270558.016" timestamp="2019-09-01T15:43:02" hostname="localhost">
  <properties>
    <property name="device" value="Pixel_API_26(AVD) - 8.0.0" />
    <property name="flavor" value="" />
    <property name="project" value="app" />
  </properties>
  <testcase name="addAssertC1" classname="kdk.android.simplydo.C1.AddAssertC1" time="1.141" />
  <testcase name="addItemC1" classname="kdk.android.simplydo.C1.AddItemC1" time="2.56" />
  <testcase name="changeSettingsC1" classname="kdk.android.simplydo.C1.ChangeSettingsC1" time="4.838" />
  <testcase name="checkItemC1" classname="kdk.android.simplydo.C1.CheckItemC1" time="2.389" />
  <testcase name="createListsC1" classname="kdk.android.simplydo.C1.CreateListsC1" time="1.429" />
  <testcase name="decoratorC1" classname="kdk.android.simplydo.C1.DecoratorC1" time="4.768" />
  <testcase name="deleteInactiveC1" classname="kdk.android.simplydo.C1.DeleteInactiveC1" time="3.676">
    <failure>android.support.test.espresso.NoMatchingViewException: No views in hierarchy found matching: (with id: kdk.android.simplydo:id/ListsListView and Child at position 1 in parent with id: 2130903059)
If the target view is not part of the view hierarchy, you may need to use Espresso.onData to load it from one of the following AdapterViews:android.widget.MenuPopupWindow$MenuDropDownListView{5047c18 VFED.VC.. .F...... 0,0-515,126}

View Hierarchy:
+&gt;PopupDecorView{id=-1, visibility=VISIBLE, width=515, height=126, has-focus=true, has-focusable=true, has-window-focus=true, is-clickable=false, is-enabled=true, is-focused=false, is-focusable=false, is-layout-requested=false, is-selected=false, layout-params=WM.LayoutParams{(555,73)(515x126) gr=#10800033 sim=#1 ty=1002 fl=#41860200 pfl=0x18000 fmt=-3 surfaceInsets=Rect(84, 84 - 84, 84) (manual) colorMode=0}, tag=null, root-is-layout-requested=false, has-input-connection=false, x=0.0, y=0.0, child-count=1}
|
+-&gt;PopupBackgroundView{id=-1, visibility=VISIBLE, width=515, height=126, has-focus=true, has-focusable=true, has-window-focus=true, is-clickable=false, is-enabled=true, is-focused=false, is-focusable=false, is-layout-requested=false, is-selected=false, layout-params=android.widget.FrameLayout$LayoutParams&#64;3485671, tag=null, root-is-layout-requested=false, has-input-connection=false, x=0.0, y=0.0, child-count=1}
|
+--&gt;MenuDropDownListView{id=-1, visibility=VISIBLE, width=515, height=126, has-focus=true, has-focusable=true, has-window-focus=true, is-clickable=true, is-enabled=true, is-focused=true, is-focusable=true, is-layout-requested=false, is-selected=false, layout-params=android.widget.FrameLayout$LayoutParams&#64;60984d7, tag=null, root-is-layout-requested=false, has-input-connection=false, x=0.0, y=0.0, child-count=1}
|
+---&gt;ListMenuItemView{id=-1, visibility=VISIBLE, width=515, height=126, has-focus=false, has-focusable=false, has-window-focus=true, is-clickable=false, is-enabled=true, is-focused=false, is-focusable=false, is-layout-requested=false, is-selected=false, layout-params=android.widget.AbsListView$LayoutParams&#64;647f7e2, tag=null, root-is-layout-requested=false, has-input-connection=false, x=0.0, y=0.0, child-count=2}
|
+----&gt;RelativeLayout{id=-1, visibility=VISIBLE, width=431, height=57, has-focus=false, has-focusable=false, has-window-focus=true, is-clickable=false, is-enabled=true, is-focused=false, is-focusable=false, is-layout-requested=false, is-selected=false, layout-params=android.widget.LinearLayout$LayoutParams&#64;b4a62a9, tag=null, root-is-layout-requested=false, has-input-connection=false, x=42.0, y=34.0, child-count=2}
|
+-----&gt;TextView{id=16908310, res-name=title, visibility=VISIBLE, width=431, height=57, has-focus=false, has-focusable=false, has-window-focus=true, is-clickable=false, is-enabled=true, is-focused=false, is-focusable=false, is-layout-requested=false, is-selected=false, layout-params=android.widget.RelativeLayout$LayoutParams&#64;71b02e, tag=null, root-is-layout-requested=false, has-input-connection=false, x=0.0, y=0.0, text=Settings, input-type=0, ime-target=false, has-links=false}
|
+-----&gt;TextView{id=16909259, res-name=shortcut, visibility=GONE, width=0, height=0, has-focus=false, has-focusable=false, has-window-focus=true, is-clickable=false, is-enabled=true, is-focused=false, is-focusable=false, is-layout-requested=true, is-selected=false, layout-params=android.widget.RelativeLayout$LayoutParams&#64;5aa37cf, tag=null, root-is-layout-requested=false, has-input-connection=false, x=0.0, y=0.0, text=, input-type=0, ime-target=false, has-links=false}
|
+----&gt;ImageView{id=16909319, res-name=submenuarrow, visibility=GONE, width=0, height=0, has-focus=false, has-focusable=false, has-window-focus=true, is-clickable=false, is-enabled=true, is-focused=false, is-focusable=false, is-layout-requested=true, is-selected=false, layout-params=android.widget.LinearLayout$LayoutParams&#64;f95055c, tag=null, root-is-layout-requested=false, has-input-connection=false, x=0.0, y=0.0}
|
at dalvik.system.VMStack.getThreadStackTrace(Native Method)
at java.lang.Thread.getStackTrace(Thread.java:1536)
at android.support.test.espresso.base.DefaultFailureHandler.getUserFriendlyError(DefaultFailureHandler.java:88)
at android.support.test.espresso.base.DefaultFailureHandler.handle(DefaultFailureHandler.java:51)
at android.support.test.espresso.ViewInteraction.waitForAndHandleInteractionResults(ViewInteraction.java:312)
at android.support.test.espresso.ViewInteraction.desugaredPerform(ViewInteraction.java:173)
at android.support.test.espresso.ViewInteraction.perform(ViewInteraction.java:114)
at android.support.test.espresso.DataInteraction$DisplayDataMatcher$1.apply(DataInteraction.java:213)
at android.support.test.espresso.DataInteraction$DisplayDataMatcher$1.apply(DataInteraction.java:210)
at android.support.test.espresso.DataInteraction$DisplayDataMatcher.&lt;init&gt;(DataInteraction.java:230)
at android.support.test.espresso.DataInteraction$DisplayDataMatcher.&lt;init&gt;(DataInteraction.java:205)
at android.support.test.espresso.DataInteraction$DisplayDataMatcher.displayDataMatcher(DataInteraction.java:248)
at android.support.test.espresso.DataInteraction.makeTargetMatcher(DataInteraction.java:150)
at android.support.test.espresso.DataInteraction.perform(DataInteraction.java:135)
at kdk.android.simplydo.C1.DeleteInactiveC1.deleteInactiveC1(DeleteInactiveC1.java:121)
at java.lang.reflect.Method.invoke(Native Method)
at org.junit.runners.model.FrameworkMethod$1.runReflectiveCall(FrameworkMethod.java:50)
at org.junit.internal.runners.model.ReflectiveCallable.run(ReflectiveCallable.java:12)
at org.junit.runners.model.FrameworkMethod.invokeExplosively(FrameworkMethod.java:47)
at org.junit.internal.runners.statements.InvokeMethod.evaluate(InvokeMethod.java:17)
at android.support.test.rule.ActivityTestRule$ActivityStatement.evaluate(ActivityTestRule.java:527)
at org.junit.rules.RunRules.evaluate(RunRules.java:20)
at org.junit.runners.ParentRunner.runLeaf(ParentRunner.java:325)
at org.junit.runners.BlockJUnit4ClassRunner.runChild(BlockJUnit4ClassRunner.java:78)
at org.junit.runners.BlockJUnit4ClassRunner.runChild(BlockJUnit4ClassRunner.java:57)
at org.junit.runners.ParentRunner$3.run(ParentRunner.java:290)
at org.junit.runners.ParentRunner$1.schedule(ParentRunner.java:71)
at org.junit.runners.ParentRunner.runChildren(ParentRunner.java:288)
at org.junit.runners.ParentRunner.access$000(ParentRunner.java:58)
at org.junit.runners.ParentRunner$2.evaluate(ParentRunner.java:268)
at org.junit.runners.ParentRunner.run(ParentRunner.java:363)
at android.support.test.runner.AndroidJUnit4.run(AndroidJUnit4.java:101)
at org.junit.runners.Suite.runChild(Suite.java:128)
at org.junit.runners.Suite.runChild(Suite.java:27)
at org.junit.runners.ParentRunner$3.run(ParentRunner.java:290)
at org.junit.runners.ParentRunner$1.schedule(ParentRunner.java:71)
at org.junit.runners.ParentRunner.runChildren(ParentRunner.java:288)
at org.junit.runners.ParentRunner.access$000(ParentRunner.java:58)
at org.junit.runners.ParentRunner$2.evaluate(ParentRunner.java:268)
at org.junit.runners.ParentRunner.run(ParentRunner.java:363)
at org.junit.runner.JUnitCore.run(JUnitCore.java:137)
at org.junit.runner.JUnitCore.run(JUnitCore.java:115)
at android.support.test.internal.runner.TestExecutor.execute(TestExecutor.java:56)
at android.support.test.runner.AndroidJUnitRunner.onStart(AndroidJUnitRunner.java:384)
at android.app.Instrumentation$InstrumentationThread.run(Instrumentation.java:2074)
</failure>
  </testcase>
  <testcase name="itemAssertC1" classname="kdk.android.simplydo.C1.ItemAssertC1" time="2.84" />
  <testcase name="multipleListC1" classname="kdk.android.simplydo.C1.MultipleListC1" time="3.807" />
  <testcase name="sortItemsC1" classname="kdk.android.simplydo.C1.SortItemsC1" time="6.216" />
  <testcase name="addAssertC2" classname="kdk.android.simplydo.C2.AddAssertC2" time="1.682">
    <failure>android.support.test.espresso.AmbiguousViewMatcherException: '(an instance of android.widget.LinearLayout and is displayed on the screen to the user)' matches multiple views in the hierarchy.
Problem views are marked with '****MATCHES****' below.

View Hierarchy:
+&gt;DecorView{id=-1, visibility=VISIBLE, width=1080, height=1920, has-focus=true, has-focusable=true, has-window-focus=true, is-clickable=false, is-enabled=true, is-focused=false, is-focusable=false, is-layout-requested=false, is-selected=false, layout-params=WM.LayoutParams{(0,0)(fillxfill) sim=#3 ty=1 fl=#81810100 pfl=0x20000 wanim=0x10302f6 needsMenuKey=2 colorMode=0}, tag=null, root-is-layout-requested=false, has-input-connection=false, x=0.0, y=0.0, child-count=3}
|
+-&gt;ActionBarOverlayLayout{id=16908822, res-name=decor_content_parent, visibility=VISIBLE, width=1080, height=1794, has-focus=true, has-focusable=true, has-window-focus=true, is-clickable=false, is-enabled=true, is-focused=false, is-focusable=false, is-layout-requested=false, is-selected=false, layout-params=android.widget.FrameLayout$LayoutParams&#64;accc43b, tag=null, root-is-layout-requested=false, has-input-connection=false, x=0.0, y=0.0, child-count=2}
|
+--&gt;FrameLayout{id=16908290, res-name=content, visibility=VISIBLE, width=1080, height=1584, has-focus=true, has-focusable=true, has-window-focus=true, is-clickable=false, is-enabled=true, is-focused=false, is-focusable=false, is-layout-requested=false, is-selected=false, layout-params=com.android.internal.widget.ActionBarOverlayLayout$LayoutParams&#64;d9bb758, tag=null, root-is-layout-requested=false, has-input-connection=false, x=0.0, y=210.0, child-count=1}
|
+---&gt;LinearLayout{id=-1, visibility=VISIBLE, width=1080, height=1584, has-focus=true, has-focusable=true, has-window-focus=true, is-clickable=false, is-enabled=true, is-focused=false, is-focusable=false, is-layout-requested=false, is-selected=false, layout-params=android.widget.FrameLayout$LayoutParams&#64;ab53996, tag=null, root-is-layout-requested=false, has-input-connection=false, x=0.0, y=0.0, child-count=1} ****MATCHES****
|
+----&gt;ViewSwitcher{id=2130903049, res-name=ListsItemsSwitcher, visibility=VISIBLE, width=1080, height=256, has-focus=true, has-focusable=true, has-window-focus=true, is-clickable=false, is-enabled=true, is-focused=false, is-focusable=false, is-layout-requested=false, is-selected=false, layout-params=android.widget.LinearLayout$LayoutParams&#64;9c0f104, tag=null, root-is-layout-requested=false, has-input-connection=false, x=0.0, y=0.0, child-count=2}
|
+-----&gt;LinearLayout{id=2130903059, res-name=listsView, visibility=VISIBLE, width=1080, height=256, has-focus=true, has-focusable=true, has-window-focus=true, is-clickable=false, is-enabled=true, is-focused=false, is-focusable=false, is-layout-requested=false, is-selected=false, layout-params=android.widget.FrameLayout$LayoutParams&#64;dae06ed, tag=null, root-is-layout-requested=false, has-input-connection=false, x=0.0, y=0.0, child-count=2} ****MATCHES****
|
+------&gt;LinearLayout{id=2130903048, res-name=LinearLayout01, visibility=VISIBLE, width=1080, height=126, has-focus=true, has-focusable=true, has-window-focus=true, is-clickable=false, is-enabled=true, is-focused=false, is-focusable=false, is-layout-requested=false, is-selected=false, layout-params=android.widget.LinearLayout$LayoutParams&#64;1835922, tag=null, root-is-layout-requested=false, has-input-connection=false, x=0.0, y=0.0, child-count=2} ****MATCHES****
|
+-------&gt;EditText{id=2130903043, res-name=AddListEditText, desc=addlistedittext, visibility=VISIBLE, width=849, height=126, has-focus=true, has-focusable=true, has-window-focus=true, is-clickable=true, is-enabled=true, is-focused=true, is-focusable=true, is-layout-requested=false, is-selected=false, layout-params=android.widget.LinearLayout$LayoutParams&#64;c21e56e, tag=null, root-is-layout-requested=false, has-input-connection=true, editor-info=[inputType=0x31 imeOptions=0x8000006 privateImeOptions=null actionLabel=null actionId=0 initialSelStart=0 initialSelEnd=0 initialCapsMode=0x0 hintText=New List Name label=null packageName=null fieldId=0 fieldName=null extras=null hintLocales=null contentMimeTypes=null ], x=0.0, y=0.0, text=, hint=New List Name, input-type=49, ime-target=true, has-links=false}
|
+-------&gt;Button{id=2130903042, res-name=AddListButton, desc=Add, visibility=VISIBLE, width=231, height=126, has-focus=false, has-focusable=true, has-window-focus=true, is-clickable=true, is-enabled=true, is-focused=false, is-focusable=true, is-layout-requested=false, is-selected=false, layout-params=android.widget.LinearLayout$LayoutParams&#64;f6a640f, tag=null, root-is-layout-requested=false, has-input-connection=false, x=849.0, y=0.0, text=Add, input-type=0, ime-target=false, has-links=false}
|
+------&gt;ListView{id=2130903050, res-name=ListsListView, visibility=VISIBLE, width=1080, height=130, has-focus=false, has-focusable=true, has-window-focus=true, is-clickable=true, is-enabled=true, is-focused=false, is-focusable=true, is-layout-requested=false, is-selected=false, layout-params=android.widget.LinearLayout$LayoutParams&#64;d635c9c, tag=null, root-is-layout-requested=false, has-input-connection=false, x=0.0, y=126.0, child-count=1}
|
+-------&gt;LinearLayout{id=-1, visibility=VISIBLE, width=1080, height=130, has-focus=false, has-focusable=false, has-window-focus=true, is-clickable=false, is-enabled=true, is-focused=false, is-focusable=false, is-layout-requested=false, is-selected=false, layout-params=android.widget.AbsListView$LayoutParams&#64;62e26a5, tag=null, root-is-layout-requested=false, has-input-connection=false, x=0.0, y=0.0, child-count=2} ****MATCHES****
|
+--------&gt;TextView{id=2130903060, res-name=text1, desc=Name, visibility=VISIBLE, width=945, height=78, has-focus=false, has-focusable=false, has-window-focus=true, is-clickable=false, is-enabled=true, is-focused=false, is-focusable=false, is-layout-requested=false, is-selected=false, layout-params=android.widget.LinearLayout$LayoutParams&#64;a0aea7a, tag=null, root-is-layout-requested=false, has-input-connection=false, x=26.0, y=26.0, text=new, input-type=0, ime-target=false, has-links=false}
|
+--------&gt;TextView{id=2130903061, res-name=text2, desc=text2, visibility=VISIBLE, width=109, height=64, has-focus=false, has-focusable=false, has-window-focus=true, is-clickable=false, is-enabled=true, is-focused=false, is-focusable=false, is-layout-requested=false, is-selected=false, layout-params=android.widget.LinearLayout$LayoutParams&#64;e73322b, tag=null, root-is-layout-requested=false, has-input-connection=false, x=971.0, y=35.0, text=(0/0), input-type=0, ime-target=false, has-links=false}
|
+-----&gt;LinearLayout{id=2130903057, res-name=itemsView, visibility=GONE, width=0, height=0, has-focus=false, has-focusable=false, has-window-focus=true, is-clickable=false, is-enabled=true, is-focused=false, is-focusable=false, is-layout-requested=true, is-selected=false, layout-params=android.widget.FrameLayout$LayoutParams&#64;64d3446, tag=null, root-is-layout-requested=false, has-input-connection=false, x=0.0, y=0.0, child-count=2}
|
+------&gt;LinearLayout{id=2130903048, res-name=LinearLayout01, visibility=VISIBLE, width=0, height=0, has-focus=false, has-focusable=true, has-window-focus=true, is-clickable=false, is-enabled=true, is-focused=false, is-focusable=false, is-layout-requested=true, is-selected=false, layout-params=android.widget.LinearLayout$LayoutParams&#64;42b855d, tag=null, root-is-layout-requested=false, has-input-connection=false, x=0.0, y=0.0, child-count=2}
|
+-------&gt;EditText{id=2130903041, res-name=AddItemEditText, desc=addItemEditText, visibility=VISIBLE, width=0, height=0, has-focus=false, has-focusable=true, has-window-focus=true, is-clickable=true, is-enabled=true, is-focused=false, is-focusable=true, is-layout-requested=true, is-selected=false, layout-params=android.widget.LinearLayout$LayoutParams&#64;c184ed2, tag=null, root-is-layout-requested=false, has-input-connection=true, editor-info=[inputType=0x31 imeOptions=0x8000006 privateImeOptions=null actionLabel=null actionId=0 initialSelStart=0 initialSelEnd=0 initialCapsMode=0x0 hintText=New Item Name label=null packageName=null fieldId=0 fieldName=null extras=null hintLocales=null contentMimeTypes=null ], x=0.0, y=0.0, text=, hint=New Item Name, input-type=49, ime-target=false, has-links=false}
|
+-------&gt;Button{id=2130903040, res-name=AddItemButton, desc=Add, visibility=VISIBLE, width=0, height=0, has-focus=false, has-focusable=true, has-window-focus=true, is-clickable=true, is-enabled=true, is-focused=false, is-focusable=true, is-layout-requested=true, is-selected=false, layout-params=android.widget.LinearLayout$LayoutParams&#64;6c9bba3, tag=null, root-is-layout-requested=false, has-input-connection=false, x=0.0, y=0.0, text=Add, input-type=0, ime-target=false, has-links=false}
|
+------&gt;ListView{id=2130903047, res-name=ItemsListView, visibility=VISIBLE, width=0, height=0, has-focus=false, has-focusable=false, has-window-focus=true, is-clickable=true, is-enabled=true, is-focused=false, is-focusable=false, is-layout-requested=true, is-selected=false, layout-params=android.widget.LinearLayout$LayoutParams&#64;e22bea0, tag=null, root-is-layout-requested=false, has-input-connection=false, x=0.0, y=0.0, child-count=0}
|
+--&gt;ActionBarContainer{id=16908669, res-name=action_bar_container, visibility=VISIBLE, width=1080, height=147, has-focus=false, has-focusable=false, has-window-focus=true, is-clickable=false, is-enabled=true, is-focused=false, is-focusable=false, is-layout-requested=false, is-selected=false, layout-params=com.android.internal.widget.ActionBarOverlayLayout$LayoutParams&#64;db26eff, tag=null, root-is-layout-requested=false, has-input-connection=false, x=0.0, y=63.0, child-count=2}
|
+---&gt;Toolbar{id=16908668, res-name=action_bar, visibility=VISIBLE, width=1080, height=147, has-focus=false, has-focusable=false, has-window-focus=true, is-clickable=false, is-enabled=true, is-focused=false, is-focusable=false, is-layout-requested=false, is-selected=false, layout-params=android.widget.FrameLayout$LayoutParams&#64;b0524cc, tag=null, root-is-layout-requested=false, has-input-connection=false, x=0.0, y=0.0, child-count=2}
|
+----&gt;TextView{id=-1, visibility=VISIBLE, width=240, height=71, has-focus=false, has-focusable=false, has-window-focus=true, is-clickable=false, is-enabled=true, is-focused=false, is-focusable=false, is-layout-requested=false, is-selected=false, layout-params=android.widget.Toolbar$LayoutParams&#64;42f0315, tag=null, root-is-layout-requested=false, has-input-connection=false, x=42.0, y=38.0, text=Simply Do, input-type=0, ime-target=false, has-links=false}
|
+----&gt;ActionMenuView{id=-1, visibility=VISIBLE, width=105, height=147, has-focus=false, has-focusable=false, has-window-focus=true, is-clickable=false, is-enabled=true, is-focused=false, is-focusable=false, is-layout-requested=false, is-selected=false, layout-params=android.widget.Toolbar$LayoutParams&#64;48fc1b, tag=null, root-is-layout-requested=false, has-input-connection=false, x=975.0, y=0.0, child-count=1} ****MATCHES****
|
+-----&gt;OverflowMenuButton{id=-1, desc=More options, visibility=VISIBLE, width=105, height=126, has-focus=false, has-focusable=false, has-window-focus=true, is-clickable=true, is-enabled=true, is-focused=false, is-focusable=true, is-layout-requested=false, is-selected=false, layout-params=android.widget.ActionMenuView$LayoutParams&#64;3c5c1b8, tag=null, root-is-layout-requested=false, has-input-connection=false, x=0.0, y=10.0}
|
+---&gt;ActionBarContextView{id=16908673, res-name=action_context_bar, visibility=GONE, width=0, height=0, has-focus=false, has-focusable=false, has-window-focus=true, is-clickable=false, is-enabled=true, is-focused=false, is-focusable=false, is-layout-requested=true, is-selected=false, layout-params=android.widget.FrameLayout$LayoutParams&#64;889bb91, tag=null, root-is-layout-requested=false, has-input-connection=false, x=0.0, y=0.0, child-count=0}
|
+-&gt;View{id=16908336, res-name=navigationBarBackground, visibility=VISIBLE, width=1080, height=126, has-focus=false, has-focusable=false, has-window-focus=true, is-clickable=false, is-enabled=true, is-focused=false, is-focusable=false, is-layout-requested=false, is-selected=false, layout-params=android.widget.FrameLayout$LayoutParams&#64;cf13af6, tag=null, root-is-layout-requested=false, has-input-connection=false, x=0.0, y=1794.0}
|
+-&gt;View{id=16908335, res-name=statusBarBackground, visibility=VISIBLE, width=1080, height=63, has-focus=false, has-focusable=false, has-window-focus=true, is-clickable=false, is-enabled=true, is-focused=false, is-focusable=false, is-layout-requested=false, is-selected=false, layout-params=android.widget.FrameLayout$LayoutParams&#64;2f13ef7, tag=null, root-is-layout-requested=false, has-input-connection=false, x=0.0, y=0.0}
|
at dalvik.system.VMStack.getThreadStackTrace(Native Method)
at java.lang.Thread.getStackTrace(Thread.java:1536)
at android.support.test.espresso.base.DefaultFailureHandler.getUserFriendlyError(DefaultFailureHandler.java:88)
at android.support.test.espresso.base.DefaultFailureHandler.handle(DefaultFailureHandler.java:51)
at android.support.test.espresso.ViewInteraction.waitForAndHandleInteractionResults(ViewInteraction.java:312)
at android.support.test.espresso.ViewInteraction.check(ViewInteraction.java:297)
at kdk.android.simplydo.C2.AddAssertC2.addAssertC2(AddAssertC2.java:53)
at java.lang.reflect.Method.invoke(Native Method)
at org.junit.runners.model.FrameworkMethod$1.runReflectiveCall(FrameworkMethod.java:50)
at org.junit.internal.runners.model.ReflectiveCallable.run(ReflectiveCallable.java:12)
at org.junit.runners.model.FrameworkMethod.invokeExplosively(FrameworkMethod.java:47)
at org.junit.internal.runners.statements.InvokeMethod.evaluate(InvokeMethod.java:17)
at android.support.test.rule.ActivityTestRule$ActivityStatement.evaluate(ActivityTestRule.java:527)
at org.junit.rules.RunRules.evaluate(RunRules.java:20)
at org.junit.runners.ParentRunner.runLeaf(ParentRunner.java:325)
at org.junit.runners.BlockJUnit4ClassRunner.runChild(BlockJUnit4ClassRunner.java:78)
at org.junit.runners.BlockJUnit4ClassRunner.runChild(BlockJUnit4ClassRunner.java:57)
at org.junit.runners.ParentRunner$3.run(ParentRunner.java:290)
at org.junit.runners.ParentRunner$1.schedule(ParentRunner.java:71)
at org.junit.runners.ParentRunner.runChildren(ParentRunner.java:288)
at org.junit.runners.ParentRunner.access$000(ParentRunner.java:58)
at org.junit.runners.ParentRunner$2.evaluate(ParentRunner.java:268)
at org.junit.runners.ParentRunner.run(ParentRunner.java:363)
at android.support.test.runner.AndroidJUnit4.run(AndroidJUnit4.java:101)
at org.junit.runners.Suite.runChild(Suite.java:128)
at org.junit.runners.Suite.runChild(Suite.java:27)
at org.junit.runners.ParentRunner$3.run(ParentRunner.java:290)
at org.junit.runners.ParentRunner$1.schedule(ParentRunner.java:71)
at org.junit.runners.ParentRunner.runChildren(ParentRunner.java:288)
at org.junit.runners.ParentRunner.access$000(ParentRunner.java:58)
at org.junit.runners.ParentRunner$2.evaluate(ParentRunner.java:268)
at org.junit.runners.ParentRunner.run(ParentRunner.java:363)
at org.junit.runner.JUnitCore.run(JUnitCore.java:137)
at org.junit.runner.JUnitCore.run(JUnitCore.java:115)
at android.support.test.internal.runner.TestExecutor.execute(TestExecutor.java:56)
at android.support.test.runner.AndroidJUnitRunner.onStart(AndroidJUnitRunner.java:384)
at android.app.Instrumentation$InstrumentationThread.run(Instrumentation.java:2074)
</failure>
  </testcase>
  <testcase name="addItemC2" classname="kdk.android.simplydo.C2.AddItemC2" time="2.117">
    <failure>android.support.test.espresso.AmbiguousViewMatcherException: '(with class name: is "android.widget.LinearLayout" and is displayed on the screen to the user)' matches multiple views in the hierarchy.
Problem views are marked with '****MATCHES****' below.

View Hierarchy:
+&gt;DecorView{id=-1, visibility=VISIBLE, width=1080, height=1920, has-focus=true, has-focusable=true, has-window-focus=true, is-clickable=false, is-enabled=true, is-focused=false, is-focusable=false, is-layout-requested=false, is-selected=false, layout-params=WM.LayoutParams{(0,0)(fillxfill) sim=#3 ty=1 fl=#81810100 pfl=0x20000 wanim=0x10302f6 needsMenuKey=2 colorMode=0}, tag=null, root-is-layout-requested=false, has-input-connection=false, x=0.0, y=0.0, child-count=3}
|
+-&gt;ActionBarOverlayLayout{id=16908822, res-name=decor_content_parent, visibility=VISIBLE, width=1080, height=1794, has-focus=true, has-focusable=true, has-window-focus=true, is-clickable=false, is-enabled=true, is-focused=false, is-focusable=false, is-layout-requested=false, is-selected=false, layout-params=android.widget.FrameLayout$LayoutParams&#64;accc43b, tag=null, root-is-layout-requested=false, has-input-connection=false, x=0.0, y=0.0, child-count=2}
|
+--&gt;FrameLayout{id=16908290, res-name=content, visibility=VISIBLE, width=1080, height=1584, has-focus=true, has-focusable=true, has-window-focus=true, is-clickable=false, is-enabled=true, is-focused=false, is-focusable=false, is-layout-requested=false, is-selected=false, layout-params=com.android.internal.widget.ActionBarOverlayLayout$LayoutParams&#64;d9bb758, tag=null, root-is-layout-requested=false, has-input-connection=false, x=0.0, y=210.0, child-count=1}
|
+---&gt;LinearLayout{id=-1, visibility=VISIBLE, width=1080, height=1584, has-focus=true, has-focusable=true, has-window-focus=true, is-clickable=false, is-enabled=true, is-focused=false, is-focusable=false, is-layout-requested=false, is-selected=false, layout-params=android.widget.FrameLayout$LayoutParams&#64;ab53996, tag=null, root-is-layout-requested=false, has-input-connection=false, x=0.0, y=0.0, child-count=1} ****MATCHES****
|
+----&gt;ViewSwitcher{id=2130903049, res-name=ListsItemsSwitcher, visibility=VISIBLE, width=1080, height=256, has-focus=true, has-focusable=true, has-window-focus=true, is-clickable=false, is-enabled=true, is-focused=false, is-focusable=false, is-layout-requested=false, is-selected=false, layout-params=android.widget.LinearLayout$LayoutParams&#64;9c0f104, tag=null, root-is-layout-requested=false, has-input-connection=false, x=0.0, y=0.0, child-count=2}
|
+-----&gt;LinearLayout{id=2130903059, res-name=listsView, visibility=VISIBLE, width=1080, height=256, has-focus=true, has-focusable=true, has-window-focus=true, is-clickable=false, is-enabled=true, is-focused=false, is-focusable=false, is-layout-requested=false, is-selected=false, layout-params=android.widget.FrameLayout$LayoutParams&#64;dae06ed, tag=null, root-is-layout-requested=false, has-input-connection=false, x=0.0, y=0.0, child-count=2} ****MATCHES****
|
+------&gt;LinearLayout{id=2130903048, res-name=LinearLayout01, visibility=VISIBLE, width=1080, height=126, has-focus=true, has-focusable=true, has-window-focus=true, is-clickable=false, is-enabled=true, is-focused=false, is-focusable=false, is-layout-requested=false, is-selected=false, layout-params=android.widget.LinearLayout$LayoutParams&#64;1835922, tag=null, root-is-layout-requested=false, has-input-connection=false, x=0.0, y=0.0, child-count=2} ****MATCHES****
|
+-------&gt;EditText{id=2130903043, res-name=AddListEditText, desc=addlistedittext, visibility=VISIBLE, width=849, height=126, has-focus=true, has-focusable=true, has-window-focus=true, is-clickable=true, is-enabled=true, is-focused=true, is-focusable=true, is-layout-requested=false, is-selected=false, layout-params=android.widget.LinearLayout$LayoutParams&#64;c21e56e, tag=null, root-is-layout-requested=false, has-input-connection=true, editor-info=[inputType=0x31 imeOptions=0x8000006 privateImeOptions=null actionLabel=null actionId=0 initialSelStart=0 initialSelEnd=0 initialCapsMode=0x0 hintText=New List Name label=null packageName=null fieldId=0 fieldName=null extras=null hintLocales=null contentMimeTypes=null ], x=0.0, y=0.0, text=, hint=New List Name, input-type=49, ime-target=true, has-links=false}
|
+-------&gt;Button{id=2130903042, res-name=AddListButton, desc=Add, visibility=VISIBLE, width=231, height=126, has-focus=false, has-focusable=true, has-window-focus=true, is-clickable=true, is-enabled=true, is-focused=false, is-focusable=true, is-layout-requested=false, is-selected=false, layout-params=android.widget.LinearLayout$LayoutParams&#64;f6a640f, tag=null, root-is-layout-requested=false, has-input-connection=false, x=849.0, y=0.0, text=Add, input-type=0, ime-target=false, has-links=false}
|
+------&gt;ListView{id=2130903050, res-name=ListsListView, visibility=VISIBLE, width=1080, height=130, has-focus=false, has-focusable=true, has-window-focus=true, is-clickable=true, is-enabled=true, is-focused=false, is-focusable=true, is-layout-requested=false, is-selected=false, layout-params=android.widget.LinearLayout$LayoutParams&#64;d635c9c, tag=null, root-is-layout-requested=false, has-input-connection=false, x=0.0, y=126.0, child-count=1}
|
+-------&gt;LinearLayout{id=-1, visibility=VISIBLE, width=1080, height=130, has-focus=false, has-focusable=false, has-window-focus=true, is-clickable=false, is-enabled=true, is-focused=false, is-focusable=false, is-layout-requested=false, is-selected=false, layout-params=android.widget.AbsListView$LayoutParams&#64;62e26a5, tag=null, root-is-layout-requested=false, has-input-connection=false, x=0.0, y=0.0, child-count=2} ****MATCHES****
|
+--------&gt;TextView{id=2130903060, res-name=text1, desc=Name, visibility=VISIBLE, width=945, height=78, has-focus=false, has-focusable=false, has-window-focus=true, is-clickable=false, is-enabled=true, is-focused=false, is-focusable=false, is-layout-requested=false, is-selected=false, layout-params=android.widget.LinearLayout$LayoutParams&#64;a0aea7a, tag=null, root-is-layout-requested=false, has-input-connection=false, x=26.0, y=26.0, text=List, input-type=0, ime-target=false, has-links=false}
|
+--------&gt;TextView{id=2130903061, res-name=text2, desc=text2, visibility=VISIBLE, width=109, height=64, has-focus=false, has-focusable=false, has-window-focus=true, is-clickable=false, is-enabled=true, is-focused=false, is-focusable=false, is-layout-requested=false, is-selected=false, layout-params=android.widget.LinearLayout$LayoutParams&#64;e73322b, tag=null, root-is-layout-requested=false, has-input-connection=false, x=971.0, y=35.0, text=(0/0), input-type=0, ime-target=false, has-links=false}
|
+-----&gt;LinearLayout{id=2130903057, res-name=itemsView, visibility=GONE, width=0, height=0, has-focus=false, has-focusable=false, has-window-focus=true, is-clickable=false, is-enabled=true, is-focused=false, is-focusable=false, is-layout-requested=true, is-selected=false, layout-params=android.widget.FrameLayout$LayoutParams&#64;64d3446, tag=null, root-is-layout-requested=false, has-input-connection=false, x=0.0, y=0.0, child-count=2}
|
+------&gt;LinearLayout{id=2130903048, res-name=LinearLayout01, visibility=VISIBLE, width=0, height=0, has-focus=false, has-focusable=true, has-window-focus=true, is-clickable=false, is-enabled=true, is-focused=false, is-focusable=false, is-layout-requested=true, is-selected=false, layout-params=android.widget.LinearLayout$LayoutParams&#64;42b855d, tag=null, root-is-layout-requested=false, has-input-connection=false, x=0.0, y=0.0, child-count=2}
|
+-------&gt;EditText{id=2130903041, res-name=AddItemEditText, desc=addItemEditText, visibility=VISIBLE, width=0, height=0, has-focus=false, has-focusable=true, has-window-focus=true, is-clickable=true, is-enabled=true, is-focused=false, is-focusable=true, is-layout-requested=true, is-selected=false, layout-params=android.widget.LinearLayout$LayoutParams&#64;c184ed2, tag=null, root-is-layout-requested=false, has-input-connection=true, editor-info=[inputType=0x31 imeOptions=0x8000006 privateImeOptions=null actionLabel=null actionId=0 initialSelStart=0 initialSelEnd=0 initialCapsMode=0x0 hintText=New Item Name label=null packageName=null fieldId=0 fieldName=null extras=null hintLocales=null contentMimeTypes=null ], x=0.0, y=0.0, text=, hint=New Item Name, input-type=49, ime-target=false, has-links=false}
|
+-------&gt;Button{id=2130903040, res-name=AddItemButton, desc=Add, visibility=VISIBLE, width=0, height=0, has-focus=false, has-focusable=true, has-window-focus=true, is-clickable=true, is-enabled=true, is-focused=false, is-focusable=true, is-layout-requested=true, is-selected=false, layout-params=android.widget.LinearLayout$LayoutParams&#64;6c9bba3, tag=null, root-is-layout-requested=false, has-input-connection=false, x=0.0, y=0.0, text=Add, input-type=0, ime-target=false, has-links=false}
|
+------&gt;ListView{id=2130903047, res-name=ItemsListView, visibility=VISIBLE, width=0, height=0, has-focus=false, has-focusable=false, has-window-focus=true, is-clickable=true, is-enabled=true, is-focused=false, is-focusable=false, is-layout-requested=true, is-selected=false, layout-params=android.widget.LinearLayout$LayoutParams&#64;e22bea0, tag=null, root-is-layout-requested=false, has-input-connection=false, x=0.0, y=0.0, child-count=0}
|
+--&gt;ActionBarContainer{id=16908669, res-name=action_bar_container, visibility=VISIBLE, width=1080, height=147, has-focus=false, has-focusable=false, has-window-focus=true, is-clickable=false, is-enabled=true, is-focused=false, is-focusable=false, is-layout-requested=false, is-selected=false, layout-params=com.android.internal.widget.ActionBarOverlayLayout$LayoutParams&#64;db26eff, tag=null, root-is-layout-requested=false, has-input-connection=false, x=0.0, y=63.0, child-count=2}
|
+---&gt;Toolbar{id=16908668, res-name=action_bar, visibility=VISIBLE, width=1080, height=147, has-focus=false, has-focusable=false, has-window-focus=true, is-clickable=false, is-enabled=true, is-focused=false, is-focusable=false, is-layout-requested=false, is-selected=false, layout-params=android.widget.FrameLayout$LayoutParams&#64;b0524cc, tag=null, root-is-layout-requested=false, has-input-connection=false, x=0.0, y=0.0, child-count=2}
|
+----&gt;TextView{id=-1, visibility=VISIBLE, width=240, height=71, has-focus=false, has-focusable=false, has-window-focus=true, is-clickable=false, is-enabled=true, is-focused=false, is-focusable=false, is-layout-requested=false, is-selected=false, layout-params=android.widget.Toolbar$LayoutParams&#64;42f0315, tag=null, root-is-layout-requested=false, has-input-connection=false, x=42.0, y=38.0, text=Simply Do, input-type=0, ime-target=false, has-links=false}
|
+----&gt;ActionMenuView{id=-1, visibility=VISIBLE, width=105, height=147, has-focus=false, has-focusable=false, has-window-focus=true, is-clickable=false, is-enabled=true, is-focused=false, is-focusable=false, is-layout-requested=false, is-selected=false, layout-params=android.widget.Toolbar$LayoutParams&#64;48fc1b, tag=null, root-is-layout-requested=false, has-input-connection=false, x=975.0, y=0.0, child-count=1}
|
+-----&gt;OverflowMenuButton{id=-1, desc=More options, visibility=VISIBLE, width=105, height=126, has-focus=false, has-focusable=false, has-window-focus=true, is-clickable=true, is-enabled=true, is-focused=false, is-focusable=true, is-layout-requested=false, is-selected=false, layout-params=android.widget.ActionMenuView$LayoutParams&#64;3c5c1b8, tag=null, root-is-layout-requested=false, has-input-connection=false, x=0.0, y=10.0}
|
+---&gt;ActionBarContextView{id=16908673, res-name=action_context_bar, visibility=GONE, width=0, height=0, has-focus=false, has-focusable=false, has-window-focus=true, is-clickable=false, is-enabled=true, is-focused=false, is-focusable=false, is-layout-requested=true, is-selected=false, layout-params=android.widget.FrameLayout$LayoutParams&#64;889bb91, tag=null, root-is-layout-requested=false, has-input-connection=false, x=0.0, y=0.0, child-count=0}
|
+-&gt;View{id=16908336, res-name=navigationBarBackground, visibility=VISIBLE, width=1080, height=126, has-focus=false, has-focusable=false, has-window-focus=true, is-clickable=false, is-enabled=true, is-focused=false, is-focusable=false, is-layout-requested=false, is-selected=false, layout-params=android.widget.FrameLayout$LayoutParams&#64;cf13af6, tag=null, root-is-layout-requested=false, has-input-connection=false, x=0.0, y=1794.0}
|
+-&gt;View{id=16908335, res-name=statusBarBackground, visibility=VISIBLE, width=1080, height=63, has-focus=false, has-focusable=false, has-window-focus=true, is-clickable=false, is-enabled=true, is-focused=false, is-focusable=false, is-layout-requested=false, is-selected=false, layout-params=android.widget.FrameLayout$LayoutParams&#64;2f13ef7, tag=null, root-is-layout-requested=false, has-input-connection=false, x=0.0, y=0.0}
|
at dalvik.system.VMStack.getThreadStackTrace(Native Method)
at java.lang.Thread.getStackTrace(Thread.java:1536)
at android.support.test.espresso.base.DefaultFailureHandler.getUserFriendlyError(DefaultFailureHandler.java:88)
at android.support.test.espresso.base.DefaultFailureHandler.handle(DefaultFailureHandler.java:51)
at android.support.test.espresso.ViewInteraction.waitForAndHandleInteractionResults(ViewInteraction.java:312)
at android.support.test.espresso.ViewInteraction.desugaredPerform(ViewInteraction.java:173)
at android.support.test.espresso.ViewInteraction.perform(ViewInteraction.java:114)
at kdk.android.simplydo.C2.AddItemC2.addItemC2(AddItemC2.java:48)
at java.lang.reflect.Method.invoke(Native Method)
at org.junit.runners.model.FrameworkMethod$1.runReflectiveCall(FrameworkMethod.java:50)
at org.junit.internal.runners.model.ReflectiveCallable.run(ReflectiveCallable.java:12)
at org.junit.runners.model.FrameworkMethod.invokeExplosively(FrameworkMethod.java:47)
at org.junit.internal.runners.statements.InvokeMethod.evaluate(InvokeMethod.java:17)
at android.support.test.rule.ActivityTestRule$ActivityStatement.evaluate(ActivityTestRule.java:527)
at org.junit.rules.RunRules.evaluate(RunRules.java:20)
at org.junit.runners.ParentRunner.runLeaf(ParentRunner.java:325)
at org.junit.runners.BlockJUnit4ClassRunner.runChild(BlockJUnit4ClassRunner.java:78)
at org.junit.runners.BlockJUnit4ClassRunner.runChild(BlockJUnit4ClassRunner.java:57)
at org.junit.runners.ParentRunner$3.run(ParentRunner.java:290)
at org.junit.runners.ParentRunner$1.schedule(ParentRunner.java:71)
at org.junit.runners.ParentRunner.runChildren(ParentRunner.java:288)
at org.junit.runners.ParentRunner.access$000(ParentRunner.java:58)
at org.junit.runners.ParentRunner$2.evaluate(ParentRunner.java:268)
at org.junit.runners.ParentRunner.run(ParentRunner.java:363)
at android.support.test.runner.AndroidJUnit4.run(AndroidJUnit4.java:101)
at org.junit.runners.Suite.runChild(Suite.java:128)
at org.junit.runners.Suite.runChild(Suite.java:27)
at org.junit.runners.ParentRunner$3.run(ParentRunner.java:290)
at org.junit.runners.ParentRunner$1.schedule(ParentRunner.java:71)
at org.junit.runners.ParentRunner.runChildren(ParentRunner.java:288)
at org.junit.runners.ParentRunner.access$000(ParentRunner.java:58)
at org.junit.runners.ParentRunner$2.evaluate(ParentRunner.java:268)
at org.junit.runners.ParentRunner.run(ParentRunner.java:363)
at org.junit.runner.JUnitCore.run(JUnitCore.java:137)
at org.junit.runner.JUnitCore.run(JUnitCore.java:115)
at android.support.test.internal.runner.TestExecutor.execute(TestExecutor.java:56)
at android.support.test.runner.AndroidJUnitRunner.onStart(AndroidJUnitRunner.java:384)
at android.app.Instrumentation$InstrumentationThread.run(Instrumentation.java:2074)
</failure>
  </testcase>
  <testcase name="changeSettingsC2" classname="kdk.android.simplydo.C2.ChangeSettingsC2" time="3.08">
    <failure>android.support.test.espresso.AmbiguousViewMatcherException: '(with class name: is "android.widget.LinearLayout" and is displayed on the screen to the user)' matches multiple views in the hierarchy.
Problem views are marked with '****MATCHES****' below.

View Hierarchy:
+&gt;DecorView{id=-1, visibility=VISIBLE, width=1080, height=1920, has-focus=true, has-focusable=true, has-window-focus=true, is-clickable=false, is-enabled=true, is-focused=false, is-focusable=false, is-layout-requested=false, is-selected=false, layout-params=WM.LayoutParams{(0,0)(fillxfill) ty=1 fl=#81810100 pfl=0x20000 wanim=0x10302f6 needsMenuKey=2 colorMode=0}, tag=null, root-is-layout-requested=false, has-input-connection=false, x=0.0, y=0.0, child-count=3}
|
+-&gt;ActionBarOverlayLayout{id=16908822, res-name=decor_content_parent, visibility=VISIBLE, width=1080, height=1794, has-focus=true, has-focusable=true, has-window-focus=true, is-clickable=false, is-enabled=true, is-focused=false, is-focusable=false, is-layout-requested=false, is-selected=false, layout-params=android.widget.FrameLayout$LayoutParams&#64;77c3d3d, tag=null, root-is-layout-requested=false, has-input-connection=false, x=0.0, y=0.0, child-count=2}
|
+--&gt;FrameLayout{id=16908290, res-name=content, visibility=VISIBLE, width=1080, height=1584, has-focus=true, has-focusable=true, has-window-focus=true, is-clickable=false, is-enabled=true, is-focused=false, is-focusable=false, is-layout-requested=false, is-selected=false, layout-params=com.android.internal.widget.ActionBarOverlayLayout$LayoutParams&#64;4bcd932, tag=null, root-is-layout-requested=false, has-input-connection=false, x=0.0, y=210.0, child-count=1}
|
+---&gt;LinearLayout{id=-1, visibility=VISIBLE, width=1080, height=1584, has-focus=true, has-focusable=true, has-window-focus=true, is-clickable=false, is-enabled=true, is-focused=false, is-focusable=false, is-layout-requested=false, is-selected=false, layout-params=android.widget.FrameLayout$LayoutParams&#64;59d4000, tag=null, root-is-layout-requested=false, has-input-connection=false, x=0.0, y=0.0, child-count=2} ****MATCHES****
|
+----&gt;LinearLayout{id=-1, visibility=VISIBLE, width=1080, height=1584, has-focus=true, has-focusable=true, has-window-focus=true, is-clickable=false, is-enabled=true, is-focused=false, is-focusable=false, is-layout-requested=false, is-selected=false, layout-params=android.widget.LinearLayout$LayoutParams&#64;d747039, tag=null, root-is-layout-requested=false, has-input-connection=false, x=0.0, y=0.0, child-count=1} ****MATCHES****
|
+-----&gt;LinearLayout{id=16908926, res-name=headers, visibility=VISIBLE, width=1080, height=1584, has-focus=true, has-focusable=true, has-window-focus=true, is-clickable=false, is-enabled=true, is-focused=false, is-focusable=false, is-layout-requested=false, is-selected=false, layout-params=android.widget.LinearLayout$LayoutParams&#64;8965c2c, tag=null, root-is-layout-requested=false, has-input-connection=false, x=0.0, y=0.0, child-count=2} ****MATCHES****
|
+------&gt;ListView{id=16908298, res-name=list, visibility=VISIBLE, width=1080, height=1584, has-focus=true, has-focusable=true, has-window-focus=true, is-clickable=true, is-enabled=true, is-focused=true, is-focusable=true, is-layout-requested=false, is-selected=false, layout-params=android.widget.LinearLayout$LayoutParams&#64;e22d6f5, tag=null, root-is-layout-requested=false, has-input-connection=false, x=0.0, y=0.0, child-count=6}
|
+-------&gt;LinearLayout{id=-1, visibility=VISIBLE, width=1080, height=141, has-focus=false, has-focusable=false, has-window-focus=true, is-clickable=false, is-enabled=true, is-focused=false, is-focusable=false, is-layout-requested=false, is-selected=false, layout-params=android.widget.AbsListView$LayoutParams&#64;f16ed71, tag=null, root-is-layout-requested=false, has-input-connection=false, x=0.0, y=0.0, child-count=3} ****MATCHES****
|
+--------&gt;LinearLayout{id=16908350, res-name=icon_frame, visibility=GONE, width=0, height=0, has-focus=false, has-focusable=false, has-window-focus=true, is-clickable=false, is-enabled=true, is-focused=false, is-focusable=false, is-layout-requested=false, is-selected=false, layout-params=android.widget.LinearLayout$LayoutParams&#64;29b73d7, tag=null, root-is-layout-requested=false, has-input-connection=false, x=0.0, y=0.0, child-count=1}
|
+---------&gt;PreferenceImageView{id=16908294, res-name=icon, visibility=GONE, width=0, height=0, has-focus=false, has-focusable=false, has-window-focus=true, is-clickable=false, is-enabled=true, is-focused=false, is-focusable=false, is-layout-requested=true, is-selected=false, layout-params=android.widget.LinearLayout$LayoutParams&#64;8c604c4, tag=null, root-is-layout-requested=false, has-input-connection=false, x=0.0, y=0.0}
|
+--------&gt;RelativeLayout{id=-1, visibility=VISIBLE, width=996, height=141, has-focus=false, has-focusable=false, has-window-focus=true, is-clickable=false, is-enabled=true, is-focused=false, is-focusable=false, is-layout-requested=false, is-selected=false, layout-params=android.widget.LinearLayout$LayoutParams&#64;a397673, tag=null, root-is-layout-requested=false, has-input-connection=false, x=42.0, y=0.0, child-count=2}
|
+---------&gt;TextView{id=16908310, res-name=title, visibility=VISIBLE, width=229, height=57, has-focus=false, has-focusable=false, has-window-focus=true, is-clickable=false, is-enabled=true, is-focused=false, is-focusable=false, is-layout-requested=false, is-selected=false, layout-params=android.widget.RelativeLayout$LayoutParams&#64;c80a930, tag=null, root-is-layout-requested=false, has-input-connection=false, x=0.0, y=42.0, text=Item Sorting, input-type=0, ime-target=false, has-links=false}
|
+---------&gt;TextView{id=16908304, res-name=summary, visibility=GONE, width=0, height=0, has-focus=false, has-focusable=false, has-window-focus=true, is-clickable=false, is-enabled=true, is-focused=false, is-focusable=false, is-layout-requested=true, is-selected=false, layout-params=android.widget.RelativeLayout$LayoutParams&#64;174d9a9, tag=null, root-is-layout-requested=false, has-input-connection=false, x=0.0, y=0.0, text=, input-type=0, ime-target=false, has-links=false}
|
+--------&gt;LinearLayout{id=16908312, res-name=widget_frame, visibility=GONE, width=0, height=0, has-focus=false, has-focusable=false, has-window-focus=true, is-clickable=false, is-enabled=true, is-focused=false, is-focusable=false, is-layout-requested=true, is-selected=false, layout-params=android.widget.LinearLayout$LayoutParams&#64;ac85b2e, tag=null, root-is-layout-requested=false, has-input-connection=false, x=0.0, y=0.0, child-count=0}
|
+-------&gt;LinearLayout{id=-1, visibility=VISIBLE, width=1080, height=141, has-focus=false, has-focusable=false, has-window-focus=true, is-clickable=false, is-enabled=true, is-focused=false, is-focusable=false, is-layout-requested=false, is-selected=false, layout-params=android.widget.AbsListView$LayoutParams&#64;a02fc3a, tag=null, root-is-layout-requested=false, has-input-connection=false, x=0.0, y=144.0, child-count=3} ****MATCHES****
|
+--------&gt;LinearLayout{id=16908350, res-name=icon_frame, visibility=GONE, width=0, height=0, has-focus=false, has-focusable=false, has-window-focus=true, is-clickable=false, is-enabled=true, is-focused=false, is-focusable=false, is-layout-requested=false, is-selected=false, layout-params=android.widget.LinearLayout$LayoutParams&#64;b846e48, tag=null, root-is-layout-requested=false, has-input-connection=false, x=0.0, y=0.0, child-count=1}
|
+---------&gt;PreferenceImageView{id=16908294, res-name=icon, visibility=GONE, width=0, height=0, has-focus=false, has-focusable=false, has-window-focus=true, is-clickable=false, is-enabled=true, is-focused=false, is-focusable=false, is-layout-requested=true, is-selected=false, layout-params=android.widget.LinearLayout$LayoutParams&#64;4ad14e1, tag=null, root-is-layout-requested=false, has-input-connection=false, x=0.0, y=0.0}
|
+--------&gt;RelativeLayout{id=-1, visibility=VISIBLE, width=996, height=141, has-focus=false, has-focusable=false, has-window-focus=true, is-clickable=false, is-enabled=true, is-focused=false, is-focusable=false, is-layout-requested=false, is-selected=false, layout-params=android.widget.LinearLayout$LayoutParams&#64;29626f4, tag=null, root-is-layout-requested=false, has-input-connection=false, x=42.0, y=0.0, child-count=2}
|
+---------&gt;TextView{id=16908310, res-name=title, visibility=VISIBLE, width=214, height=57, has-focus=false, has-focusable=false, has-window-focus=true, is-clickable=false, is-enabled=true, is-focused=false, is-focusable=false, is-layout-requested=false, is-selected=false, layout-params=android.widget.RelativeLayout$LayoutParams&#64;e851e1d, tag=null, root-is-layout-requested=false, has-input-connection=false, x=0.0, y=42.0, text=List Sorting, input-type=0, ime-target=false, has-links=false}
|
+---------&gt;TextView{id=16908304, res-name=summary, visibility=GONE, width=0, height=0, has-focus=false, has-focusable=false, has-window-focus=true, is-clickable=false, is-enabled=true, is-focused=false, is-focusable=false, is-layout-requested=true, is-selected=false, layout-params=android.widget.RelativeLayout$LayoutParams&#64;548d892, tag=null, root-is-layout-requested=false, has-input-connection=false, x=0.0, y=0.0, text=, input-type=0, ime-target=false, has-links=false}
|
+--------&gt;LinearLayout{id=16908312, res-name=widget_frame, visibility=GONE, width=0, height=0, has-focus=false, has-focusable=false, has-window-focus=true, is-clickable=false, is-enabled=true, is-focused=false, is-focusable=false, is-layout-requested=true, is-selected=false, layout-params=android.widget.LinearLayout$LayoutParams&#64;4ece263, tag=null, root-is-layout-requested=false, has-input-connection=false, x=0.0, y=0.0, child-count=0}
|
+-------&gt;LinearLayout{id=-1, visibility=VISIBLE, width=1080, height=141, has-focus=false, has-focusable=false, has-window-focus=true, is-clickable=false, is-enabled=true, is-focused=false, is-focusable=false, is-layout-requested=false, is-selected=false, layout-params=android.widget.AbsListView$LayoutParams&#64;6c141bf, tag=null, root-is-layout-requested=false, has-input-connection=false, x=0.0, y=288.0, child-count=3} ****MATCHES****
|
+--------&gt;LinearLayout{id=16908350, res-name=icon_frame, visibility=GONE, width=0, height=0, has-focus=false, has-focusable=false, has-window-focus=true, is-clickable=false, is-enabled=true, is-focused=false, is-focusable=false, is-layout-requested=false, is-selected=false, layout-params=android.widget.LinearLayout$LayoutParams&#64;38af3d5, tag=null, root-is-layout-requested=false, has-input-connection=false, x=0.0, y=0.0, child-count=1}
|
+---------&gt;PreferenceImageView{id=16908294, res-name=icon, visibility=GONE, width=0, height=0, has-focus=false, has-focusable=false, has-window-focus=true, is-clickable=false, is-enabled=true, is-focused=false, is-focusable=false, is-layout-requested=true, is-selected=false, layout-params=android.widget.LinearLayout$LayoutParams&#64;432e7ea, tag=null, root-is-layout-requested=false, has-input-connection=false, x=0.0, y=0.0}
|
+--------&gt;RelativeLayout{id=-1, visibility=VISIBLE, width=996, height=141, has-focus=false, has-focusable=false, has-window-focus=true, is-clickable=false, is-enabled=true, is-focused=false, is-focusable=false, is-layout-requested=false, is-selected=false, layout-params=android.widget.LinearLayout$LayoutParams&#64;e93f851, tag=null, root-is-layout-requested=false, has-input-connection=false, x=42.0, y=0.0, child-count=2}
|
+---------&gt;TextView{id=16908310, res-name=title, visibility=VISIBLE, width=358, height=57, has-focus=false, has-focusable=false, has-window-focus=true, is-clickable=false, is-enabled=true, is-focused=false, is-focusable=false, is-layout-requested=false, is-selected=false, layout-params=android.widget.RelativeLayout$LayoutParams&#64;a4f98b6, tag=null, root-is-layout-requested=false, has-input-connection=false, x=0.0, y=42.0, text=Inactive Decoration, input-type=0, ime-target=false, has-links=false}
|
+---------&gt;TextView{id=16908304, res-name=summary, visibility=GONE, width=0, height=0, has-focus=false, has-focusable=false, has-window-focus=true, is-clickable=false, is-enabled=true, is-focused=false, is-focusable=false, is-layout-requested=true, is-selected=false, layout-params=android.widget.RelativeLayout$LayoutParams&#64;72fa9b7, tag=null, root-is-layout-requested=false, has-input-connection=false, x=0.0, y=0.0, text=, input-type=0, ime-target=false, has-links=false}
|
+--------&gt;LinearLayout{id=16908312, res-name=widget_frame, visibility=GONE, width=0, height=0, has-focus=false, has-focusable=false, has-window-focus=true, is-clickable=false, is-enabled=true, is-focused=false, is-focusable=false, is-layout-requested=true, is-selected=false, layout-params=android.widget.LinearLayout$LayoutParams&#64;f8b3524, tag=null, root-is-layout-requested=false, has-input-connection=false, x=0.0, y=0.0, child-count=0}
|
+-------&gt;LinearLayout{id=-1, visibility=VISIBLE, width=1080, height=141, has-focus=false, has-focusable=false, has-window-focus=true, is-clickable=false, is-enabled=true, is-focused=false, is-focusable=false, is-layout-requested=false, is-selected=false, layout-params=android.widget.AbsListView$LayoutParams&#64;20b2a53, tag=null, root-is-layout-requested=false, has-input-connection=false, x=0.0, y=432.0, child-count=3} ****MATCHES****
|
+--------&gt;LinearLayout{id=16908350, res-name=icon_frame, visibility=GONE, width=0, height=0, has-focus=false, has-focusable=false, has-window-focus=true, is-clickable=false, is-enabled=true, is-focused=false, is-focusable=false, is-layout-requested=false, is-selected=false, layout-params=android.widget.LinearLayout$LayoutParams&#64;6c6089, tag=null, root-is-layout-requested=false, has-input-connection=false, x=0.0, y=0.0, child-count=1}
|
+---------&gt;PreferenceImageView{id=16908294, res-name=icon, visibility=GONE, width=0, height=0, has-focus=false, has-focusable=false, has-window-focus=true, is-clickable=false, is-enabled=true, is-focused=false, is-focusable=false, is-layout-requested=true, is-selected=false, layout-params=android.widget.LinearLayout$LayoutParams&#64;685088e, tag=null, root-is-layout-requested=false, has-input-connection=false, x=0.0, y=0.0}
|
+--------&gt;RelativeLayout{id=-1, visibility=VISIBLE, width=870, height=141, has-focus=false, has-focusable=false, has-window-focus=true, is-clickable=false, is-enabled=true, is-focused=false, is-focusable=false, is-layout-requested=false, is-selected=false, layout-params=android.widget.LinearLayout$LayoutParams&#64;2b17c45, tag=null, root-is-layout-requested=false, has-input-connection=false, x=42.0, y=0.0, child-count=2}
|
+---------&gt;TextView{id=16908310, res-name=title, visibility=VISIBLE, width=488, height=57, has-focus=false, has-focusable=false, has-window-focus=true, is-clickable=false, is-enabled=true, is-focused=false, is-focusable=false, is-layout-requested=false, is-selected=false, layout-params=android.widget.RelativeLayout$LayoutParams&#64;bcd1f9a, tag=null, root-is-layout-requested=false, has-input-connection=false, x=0.0, y=42.0, text=Confirm Delete All Inactive, input-type=0, ime-target=false, has-links=false}
|
+---------&gt;TextView{id=16908304, res-name=summary, visibility=GONE, width=0, height=0, has-focus=false, has-focusable=false, has-window-focus=true, is-clickable=false, is-enabled=true, is-focused=false, is-focusable=false, is-layout-requested=true, is-selected=false, layout-params=android.widget.RelativeLayout$LayoutParams&#64;11390cb, tag=null, root-is-layout-requested=false, has-input-connection=false, x=0.0, y=0.0, text=, input-type=0, ime-target=false, has-links=false}
|
+--------&gt;LinearLayout{id=16908312, res-name=widget_frame, visibility=VISIBLE, width=126, height=141, has-focus=false, has-focusable=false, has-window-focus=true, is-clickable=false, is-enabled=true, is-focused=false, is-focusable=false, is-layout-requested=false, is-selected=false, layout-params=android.widget.LinearLayout$LayoutParams&#64;7297c1, tag=null, root-is-layout-requested=false, has-input-connection=false, x=912.0, y=0.0, child-count=1} ****MATCHES****
|
+---------&gt;CheckBox{id=16908289, res-name=checkbox, visibility=VISIBLE, width=84, height=84, has-focus=false, has-focusable=false, has-window-focus=true, is-clickable=false, is-enabled=true, is-focused=false, is-focusable=false, is-layout-requested=false, is-selected=false, layout-params=android.widget.LinearLayout$LayoutParams&#64;b4d9b66, tag=null, root-is-layout-requested=false, has-input-connection=false, x=42.0, y=28.0, text=, input-type=0, ime-target=false, has-links=false, is-checked=true}
|
+-------&gt;LinearLayout{id=-1, visibility=VISIBLE, width=1080, height=141, has-focus=false, has-focusable=false, has-window-focus=true, is-clickable=false, is-enabled=true, is-focused=false, is-focusable=false, is-layout-requested=false, is-selected=false, layout-params=android.widget.AbsListView$LayoutParams&#64;f0807f2, tag=null, root-is-layout-requested=false, has-input-connection=false, x=0.0, y=576.0, child-count=3} ****MATCHES****
|
+--------&gt;LinearLayout{id=16908350, res-name=icon_frame, visibility=GONE, width=0, height=0, has-focus=false, has-focusable=false, has-window-focus=true, is-clickable=false, is-enabled=true, is-focused=false, is-focusable=false, is-layout-requested=false, is-selected=false, layout-params=android.widget.LinearLayout$LayoutParams&#64;e12ecc0, tag=null, root-is-layout-requested=false, has-input-connection=false, x=0.0, y=0.0, child-count=1}
|
+---------&gt;PreferenceImageView{id=16908294, res-name=icon, visibility=GONE, width=0, height=0, has-focus=false, has-focusable=false, has-window-focus=true, is-clickable=false, is-enabled=true, is-focused=false, is-focusable=false, is-layout-requested=true, is-selected=false, layout-params=android.widget.LinearLayout$LayoutParams&#64;eb17df9, tag=null, root-is-layout-requested=false, has-input-connection=false, x=0.0, y=0.0}
|
+--------&gt;RelativeLayout{id=-1, visibility=VISIBLE, width=996, height=141, has-focus=false, has-focusable=false, has-window-focus=true, is-clickable=false, is-enabled=true, is-focused=false, is-focusable=false, is-layout-requested=false, is-selected=false, layout-params=android.widget.LinearLayout$LayoutParams&#64;59a14ec, tag=null, root-is-layout-requested=false, has-input-connection=false, x=42.0, y=0.0, child-count=2}
|
+---------&gt;TextView{id=16908310, res-name=title, visibility=VISIBLE, width=235, height=57, has-focus=false, has-focusable=false, has-window-focus=true, is-clickable=false, is-enabled=true, is-focused=false, is-focusable=false, is-layout-requested=false, is-selected=false, layout-params=android.widget.RelativeLayout$LayoutParams&#64;f8300b5, tag=null, root-is-layout-requested=false, has-input-connection=false, x=0.0, y=42.0, text=Backup Now, input-type=0, ime-target=false, has-links=false}
|
+---------&gt;TextView{id=16908304, res-name=summary, visibility=GONE, width=0, height=0, has-focus=false, has-focusable=false, has-window-focus=true, is-clickable=false, is-enabled=true, is-focused=false, is-focusable=false, is-layout-requested=true, is-selected=false, layout-params=android.widget.RelativeLayout$LayoutParams&#64;5fca34a, tag=null, root-is-layout-requested=false, has-input-connection=false, x=0.0, y=0.0, text=, input-type=0, ime-target=false, has-links=false}
|
+--------&gt;LinearLayout{id=16908312, res-name=widget_frame, visibility=GONE, width=0, height=0, has-focus=false, has-focusable=false, has-window-focus=true, is-clickable=false, is-enabled=true, is-focused=false, is-focusable=false, is-layout-requested=true, is-selected=false, layout-params=android.widget.LinearLayout$LayoutParams&#64;b8e42bb, tag=null, root-is-layout-requested=false, has-input-connection=false, x=0.0, y=0.0, child-count=0}
|
+-------&gt;LinearLayout{id=-1, visibility=VISIBLE, width=1080, height=141, has-focus=false, has-focusable=false, has-window-focus=true, is-clickable=false, is-enabled=true, is-focused=false, is-focusable=false, is-layout-requested=false, is-selected=false, layout-params=android.widget.AbsListView$LayoutParams&#64;8544f97, tag=null, root-is-layout-requested=false, has-input-connection=false, x=0.0, y=720.0, child-count=3} ****MATCHES****
|
+--------&gt;LinearLayout{id=16908350, res-name=icon_frame, visibility=GONE, width=0, height=0, has-focus=false, has-focusable=false, has-window-focus=true, is-clickable=false, is-enabled=true, is-focused=false, is-focusable=false, is-layout-requested=false, is-selected=false, layout-params=android.widget.LinearLayout$LayoutParams&#64;1df916d, tag=null, root-is-layout-requested=false, has-input-connection=false, x=0.0, y=0.0, child-count=1}
|
+---------&gt;PreferenceImageView{id=16908294, res-name=icon, visibility=GONE, width=0, height=0, has-focus=false, has-focusable=false, has-window-focus=true, is-clickable=false, is-enabled=true, is-focused=false, is-focusable=false, is-layout-requested=true, is-selected=false, layout-params=android.widget.LinearLayout$LayoutParams&#64;1ce51a2, tag=null, root-is-layout-requested=false, has-input-connection=false, x=0.0, y=0.0}
|
+--------&gt;RelativeLayout{id=-1, visibility=VISIBLE, width=996, height=141, has-focus=false, has-focusable=false, has-window-focus=true, is-clickable=false, is-enabled=true, is-focused=false, is-focusable=false, is-layout-requested=false, is-selected=false, layout-params=android.widget.LinearLayout$LayoutParams&#64;df0d769, tag=null, root-is-layout-requested=false, has-input-connection=false, x=42.0, y=0.0, child-count=2}
|
+---------&gt;TextView{id=16908310, res-name=title, visibility=VISIBLE, width=144, height=57, has-focus=false, has-focusable=false, has-window-focus=true, is-clickable=false, is-enabled=true, is-focused=false, is-focusable=false, is-layout-requested=false, is-selected=false, layout-params=android.widget.RelativeLayout$LayoutParams&#64;563e5ee, tag=null, root-is-layout-requested=false, has-input-connection=false, x=0.0, y=42.0, text=Restore, input-type=0, ime-target=false, has-links=false}
|
+---------&gt;TextView{id=16908304, res-name=summary, visibility=GONE, width=0, height=0, has-focus=false, has-focusable=false, has-window-focus=true, is-clickable=false, is-enabled=true, is-focused=false, is-focusable=false, is-layout-requested=true, is-selected=false, layout-params=android.widget.RelativeLayout$LayoutParams&#64;fab9a8f, tag=null, root-is-layout-requested=false, has-input-connection=false, x=0.0, y=0.0, text=, input-type=0, ime-target=false, has-links=false}
|
+--------&gt;LinearLayout{id=16908312, res-name=widget_frame, visibility=GONE, width=0, height=0, has-focus=false, has-focusable=false, has-window-focus=true, is-clickable=false, is-enabled=true, is-focused=false, is-focusable=false, is-layout-requested=true, is-selected=false, layout-params=android.widget.LinearLayout$LayoutParams&#64;ec2911c, tag=null, root-is-layout-requested=false, has-input-connection=false, x=0.0, y=0.0, child-count=0}
|
+------&gt;FrameLayout{id=16909013, res-name=list_footer, visibility=VISIBLE, width=1080, height=0, has-focus=false, has-focusable=false, has-window-focus=true, is-clickable=false, is-enabled=true, is-focused=false, is-focusable=false, is-layout-requested=false, is-selected=false, layout-params=android.widget.LinearLayout$LayoutParams&#64;8b68125, tag=null, root-is-layout-requested=false, has-input-connection=false, x=0.0, y=1584.0, child-count=0}
|
+----&gt;RelativeLayout{id=16908758, res-name=button_bar, visibility=GONE, width=0, height=0, has-focus=false, has-focusable=false, has-window-focus=true, is-clickable=false, is-enabled=true, is-focused=false, is-focusable=false, is-layout-requested=true, is-selected=false, layout-params=android.widget.LinearLayout$LayoutParams&#64;5f5a308, tag=null, root-is-layout-requested=false, has-input-connection=false, x=0.0, y=0.0, child-count=2}
|
+-----&gt;Button{id=16908732, res-name=back_button, visibility=VISIBLE, width=0, height=0, has-focus=false, has-focusable=true, has-window-focus=true, is-clickable=true, is-enabled=true, is-focused=false, is-focusable=true, is-layout-requested=true, is-selected=false, layout-params=android.widget.RelativeLayout$LayoutParams&#64;1730aa1, tag=null, root-is-layout-requested=false, has-input-connection=false, x=0.0, y=0.0, text=Back, input-type=0, ime-target=false, has-links=false}
|
+-----&gt;LinearLayout{id=-1, visibility=VISIBLE, width=0, height=0, has-focus=false, has-focusable=true, has-window-focus=true, is-clickable=false, is-enabled=true, is-focused=false, is-focusable=false, is-layout-requested=true, is-selected=false, layout-params=android.widget.RelativeLayout$LayoutParams&#64;9c5e7b4, tag=null, root-is-layout-requested=false, has-input-connection=false, x=0.0, y=0.0, child-count=2}
|
+------&gt;Button{id=16909277, res-name=skip_button, visibility=GONE, width=0, height=0, has-focus=false, has-focusable=false, has-window-focus=true, is-clickable=true, is-enabled=true, is-focused=false, is-focusable=true, is-layout-requested=true, is-selected=false, layout-params=android.widget.LinearLayout$LayoutParams&#64;f14afdd, tag=null, root-is-layout-requested=false, has-input-connection=false, x=0.0, y=0.0, text=Skip, input-type=0, ime-target=false, has-links=false}
|
+------&gt;Button{id=16909075, res-name=next_button, visibility=VISIBLE, width=0, height=0, has-focus=false, has-focusable=true, has-window-focus=true, is-clickable=true, is-enabled=true, is-focused=false, is-focusable=true, is-layout-requested=true, is-selected=false, layout-params=android.widget.LinearLayout$LayoutParams&#64;b526752, tag=null, root-is-layout-requested=false, has-input-connection=false, x=0.0, y=0.0, text=Next, input-type=0, ime-target=false, has-links=false}
|
+--&gt;ActionBarContainer{id=16908669, res-name=action_bar_container, visibility=VISIBLE, width=1080, height=147, has-focus=false, has-focusable=false, has-window-focus=true, is-clickable=false, is-enabled=true, is-focused=false, is-focusable=false, is-layout-requested=false, is-selected=false, layout-params=com.android.internal.widget.ActionBarOverlayLayout$LayoutParams&#64;f316cd9, tag=null, root-is-layout-requested=false, has-input-connection=false, x=0.0, y=63.0, child-count=2}
|
+---&gt;Toolbar{id=16908668, res-name=action_bar, visibility=VISIBLE, width=1080, height=147, has-focus=false, has-focusable=false, has-window-focus=true, is-clickable=false, is-enabled=true, is-focused=false, is-focusable=false, is-layout-requested=false, is-selected=false, layout-params=android.widget.FrameLayout$LayoutParams&#64;6da794c, tag=null, root-is-layout-requested=false, has-input-connection=false, x=0.0, y=0.0, child-count=2}
|
+----&gt;TextView{id=-1, visibility=VISIBLE, width=196, height=71, has-focus=false, has-focusable=false, has-window-focus=true, is-clickable=false, is-enabled=true, is-focused=false, is-focusable=false, is-layout-requested=false, is-selected=false, layout-params=android.widget.Toolbar$LayoutParams&#64;8c2fd95, tag=null, root-is-layout-requested=false, has-input-connection=false, x=42.0, y=38.0, text=Settings, input-type=0, ime-target=false, has-links=false}
|
+----&gt;ActionMenuView{id=-1, visibility=VISIBLE, width=0, height=147, has-focus=false, has-focusable=false, has-window-focus=true, is-clickable=false, is-enabled=true, is-focused=false, is-focusable=false, is-layout-requested=false, is-selected=false, layout-params=android.widget.Toolbar$LayoutParams&#64;a878eaa, tag=null, root-is-layout-requested=false, has-input-connection=false, x=1080.0, y=0.0, child-count=0}
|
+---&gt;ActionBarContextView{id=16908673, res-name=action_context_bar, visibility=GONE, width=0, height=0, has-focus=false, has-focusable=false, has-window-focus=true, is-clickable=false, is-enabled=true, is-focused=false, is-focusable=false, is-layout-requested=true, is-selected=false, layout-params=android.widget.FrameLayout$LayoutParams&#64;aabba9b, tag=null, root-is-layout-requested=false, has-input-connection=false, x=0.0, y=0.0, child-count=0}
|
+-&gt;View{id=16908336, res-name=navigationBarBackground, visibility=VISIBLE, width=1080, height=126, has-focus=false, has-focusable=false, has-window-focus=true, is-clickable=false, is-enabled=true, is-focused=false, is-focusable=false, is-layout-requested=false, is-selected=false, layout-params=android.widget.FrameLayout$LayoutParams&#64;cdbde38, tag=null, root-is-layout-requested=false, has-input-connection=false, x=0.0, y=1794.0}
|
+-&gt;View{id=16908335, res-name=statusBarBackground, visibility=VISIBLE, width=1080, height=63, has-focus=false, has-focusable=false, has-window-focus=true, is-clickable=false, is-enabled=true, is-focused=false, is-focusable=false, is-layout-requested=false, is-selected=false, layout-params=android.widget.FrameLayout$LayoutParams&#64;ea2de11, tag=null, root-is-layout-requested=false, has-input-connection=false, x=0.0, y=0.0}
|
at dalvik.system.VMStack.getThreadStackTrace(Native Method)
at java.lang.Thread.getStackTrace(Thread.java:1536)
at android.support.test.espresso.base.DefaultFailureHandler.getUserFriendlyError(DefaultFailureHandler.java:88)
at android.support.test.espresso.base.DefaultFailureHandler.handle(DefaultFailureHandler.java:51)
at android.support.test.espresso.ViewInteraction.waitForAndHandleInteractionResults(ViewInteraction.java:312)
at android.support.test.espresso.ViewInteraction.desugaredPerform(ViewInteraction.java:173)
at android.support.test.espresso.ViewInteraction.perform(ViewInteraction.java:114)
at kdk.android.simplydo.C2.ChangeSettingsC2.changeSettingsC2(ChangeSettingsC2.java:44)
at java.lang.reflect.Method.invoke(Native Method)
at org.junit.runners.model.FrameworkMethod$1.runReflectiveCall(FrameworkMethod.java:50)
at org.junit.internal.runners.model.ReflectiveCallable.run(ReflectiveCallable.java:12)
at org.junit.runners.model.FrameworkMethod.invokeExplosively(FrameworkMethod.java:47)
at org.junit.internal.runners.statements.InvokeMethod.evaluate(InvokeMethod.java:17)
at android.support.test.rule.ActivityTestRule$ActivityStatement.evaluate(ActivityTestRule.java:527)
at org.junit.rules.RunRules.evaluate(RunRules.java:20)
at org.junit.runners.ParentRunner.runLeaf(ParentRunner.java:325)
at org.junit.runners.BlockJUnit4ClassRunner.runChild(BlockJUnit4ClassRunner.java:78)
at org.junit.runners.BlockJUnit4ClassRunner.runChild(BlockJUnit4ClassRunner.java:57)
at org.junit.runners.ParentRunner$3.run(ParentRunner.java:290)
at org.junit.runners.ParentRunner$1.schedule(ParentRunner.java:71)
at org.junit.runners.ParentRunner.runChildren(ParentRunner.java:288)
at org.junit.runners.ParentRunner.access$000(ParentRunner.java:58)
at org.junit.runners.ParentRunner$2.evaluate(ParentRunner.java:268)
at org.junit.runners.ParentRunner.run(ParentRunner.java:363)
at android.support.test.runner.AndroidJUnit4.run(AndroidJUnit4.java:101)
at org.junit.runners.Suite.runChild(Suite.java:128)
at org.junit.runners.Suite.runChild(Suite.java:27)
at org.junit.runners.ParentRunner$3.run(ParentRunner.java:290)
at org.junit.runners.ParentRunner$1.schedule(ParentRunner.java:71)
at org.junit.runners.ParentRunner.runChildren(ParentRunner.java:288)
at org.junit.runners.ParentRunner.access$000(ParentRunner.java:58)
at org.junit.runners.ParentRunner$2.evaluate(ParentRunner.java:268)
at org.junit.runners.ParentRunner.run(ParentRunner.java:363)
at org.junit.runner.JUnitCore.run(JUnitCore.java:137)
at org.junit.runner.JUnitCore.run(JUnitCore.java:115)
at android.support.test.internal.runner.TestExecutor.execute(TestExecutor.java:56)
at android.support.test.runner.AndroidJUnitRunner.onStart(AndroidJUnitRunner.java:384)
at android.app.Instrumentation$InstrumentationThread.run(Instrumentation.java:2074)
</failure>
  </testcase>
  <testcase name="checkItemC2" classname="kdk.android.simplydo.C2.CheckItemC2" time="1.17">
    <failure>android.support.test.espresso.AmbiguousViewMatcherException: '(with class name: is "android.widget.LinearLayout" and is displayed on the screen to the user)' matches multiple views in the hierarchy.
Problem views are marked with '****MATCHES****' below.

View Hierarchy:
+&gt;DecorView{id=-1, visibility=VISIBLE, width=1080, height=1920, has-focus=true, has-focusable=true, has-window-focus=true, is-clickable=false, is-enabled=true, is-focused=false, is-focusable=false, is-layout-requested=false, is-selected=false, layout-params=WM.LayoutParams{(0,0)(fillxfill) sim=#3 ty=1 fl=#81810100 pfl=0x20000 wanim=0x10302f6 needsMenuKey=2 colorMode=0}, tag=null, root-is-layout-requested=false, has-input-connection=false, x=0.0, y=0.0, child-count=3}
|
+-&gt;ActionBarOverlayLayout{id=16908822, res-name=decor_content_parent, visibility=VISIBLE, width=1080, height=1794, has-focus=true, has-focusable=true, has-window-focus=true, is-clickable=false, is-enabled=true, is-focused=false, is-focusable=false, is-layout-requested=false, is-selected=false, layout-params=android.widget.FrameLayout$LayoutParams&#64;accc43b, tag=null, root-is-layout-requested=false, has-input-connection=false, x=0.0, y=0.0, child-count=2}
|
+--&gt;FrameLayout{id=16908290, res-name=content, visibility=VISIBLE, width=1080, height=1584, has-focus=true, has-focusable=true, has-window-focus=true, is-clickable=false, is-enabled=true, is-focused=false, is-focusable=false, is-layout-requested=false, is-selected=false, layout-params=com.android.internal.widget.ActionBarOverlayLayout$LayoutParams&#64;d9bb758, tag=null, root-is-layout-requested=false, has-input-connection=false, x=0.0, y=210.0, child-count=1}
|
+---&gt;LinearLayout{id=-1, visibility=VISIBLE, width=1080, height=1584, has-focus=true, has-focusable=true, has-window-focus=true, is-clickable=false, is-enabled=true, is-focused=false, is-focusable=false, is-layout-requested=false, is-selected=false, layout-params=android.widget.FrameLayout$LayoutParams&#64;ab53996, tag=null, root-is-layout-requested=false, has-input-connection=false, x=0.0, y=0.0, child-count=1} ****MATCHES****
|
+----&gt;ViewSwitcher{id=2130903049, res-name=ListsItemsSwitcher, visibility=VISIBLE, width=1080, height=256, has-focus=true, has-focusable=true, has-window-focus=true, is-clickable=false, is-enabled=true, is-focused=false, is-focusable=false, is-layout-requested=false, is-selected=false, layout-params=android.widget.LinearLayout$LayoutParams&#64;9c0f104, tag=null, root-is-layout-requested=false, has-input-connection=false, x=0.0, y=0.0, child-count=2}
|
+-----&gt;LinearLayout{id=2130903059, res-name=listsView, visibility=VISIBLE, width=1080, height=256, has-focus=true, has-focusable=true, has-window-focus=true, is-clickable=false, is-enabled=true, is-focused=false, is-focusable=false, is-layout-requested=false, is-selected=false, layout-params=android.widget.FrameLayout$LayoutParams&#64;dae06ed, tag=null, root-is-layout-requested=false, has-input-connection=false, x=0.0, y=0.0, child-count=2} ****MATCHES****
|
+------&gt;LinearLayout{id=2130903048, res-name=LinearLayout01, visibility=VISIBLE, width=1080, height=126, has-focus=true, has-focusable=true, has-window-focus=true, is-clickable=false, is-enabled=true, is-focused=false, is-focusable=false, is-layout-requested=false, is-selected=false, layout-params=android.widget.LinearLayout$LayoutParams&#64;1835922, tag=null, root-is-layout-requested=false, has-input-connection=false, x=0.0, y=0.0, child-count=2} ****MATCHES****
|
+-------&gt;EditText{id=2130903043, res-name=AddListEditText, desc=addlistedittext, visibility=VISIBLE, width=849, height=126, has-focus=true, has-focusable=true, has-window-focus=true, is-clickable=true, is-enabled=true, is-focused=true, is-focusable=true, is-layout-requested=false, is-selected=false, layout-params=android.widget.LinearLayout$LayoutParams&#64;c21e56e, tag=null, root-is-layout-requested=false, has-input-connection=true, editor-info=[inputType=0x31 imeOptions=0x8000006 privateImeOptions=null actionLabel=null actionId=0 initialSelStart=0 initialSelEnd=0 initialCapsMode=0x0 hintText=New List Name label=null packageName=null fieldId=0 fieldName=null extras=null hintLocales=null contentMimeTypes=null ], x=0.0, y=0.0, text=, hint=New List Name, input-type=49, ime-target=true, has-links=false}
|
+-------&gt;Button{id=2130903042, res-name=AddListButton, desc=Add, visibility=VISIBLE, width=231, height=126, has-focus=false, has-focusable=true, has-window-focus=true, is-clickable=true, is-enabled=true, is-focused=false, is-focusable=true, is-layout-requested=false, is-selected=false, layout-params=android.widget.LinearLayout$LayoutParams&#64;f6a640f, tag=null, root-is-layout-requested=false, has-input-connection=false, x=849.0, y=0.0, text=Add, input-type=0, ime-target=false, has-links=false}
|
+------&gt;ListView{id=2130903050, res-name=ListsListView, visibility=VISIBLE, width=1080, height=130, has-focus=false, has-focusable=true, has-window-focus=true, is-clickable=true, is-enabled=true, is-focused=false, is-focusable=true, is-layout-requested=false, is-selected=false, layout-params=android.widget.LinearLayout$LayoutParams&#64;d635c9c, tag=null, root-is-layout-requested=false, has-input-connection=false, x=0.0, y=126.0, child-count=1}
|
+-------&gt;LinearLayout{id=-1, visibility=VISIBLE, width=1080, height=130, has-focus=false, has-focusable=false, has-window-focus=true, is-clickable=false, is-enabled=true, is-focused=false, is-focusable=false, is-layout-requested=false, is-selected=false, layout-params=android.widget.AbsListView$LayoutParams&#64;62e26a5, tag=null, root-is-layout-requested=false, has-input-connection=false, x=0.0, y=0.0, child-count=2} ****MATCHES****
|
+--------&gt;TextView{id=2130903060, res-name=text1, desc=Name, visibility=VISIBLE, width=945, height=78, has-focus=false, has-focusable=false, has-window-focus=true, is-clickable=false, is-enabled=true, is-focused=false, is-focusable=false, is-layout-requested=false, is-selected=false, layout-params=android.widget.LinearLayout$LayoutParams&#64;a0aea7a, tag=null, root-is-layout-requested=false, has-input-connection=false, x=26.0, y=26.0, text=List, input-type=0, ime-target=false, has-links=false}
|
+--------&gt;TextView{id=2130903061, res-name=text2, desc=text2, visibility=VISIBLE, width=109, height=64, has-focus=false, has-focusable=false, has-window-focus=true, is-clickable=false, is-enabled=true, is-focused=false, is-focusable=false, is-layout-requested=false, is-selected=false, layout-params=android.widget.LinearLayout$LayoutParams&#64;e73322b, tag=null, root-is-layout-requested=false, has-input-connection=false, x=971.0, y=35.0, text=(0/0), input-type=0, ime-target=false, has-links=false}
|
+-----&gt;LinearLayout{id=2130903057, res-name=itemsView, visibility=GONE, width=0, height=0, has-focus=false, has-focusable=false, has-window-focus=true, is-clickable=false, is-enabled=true, is-focused=false, is-focusable=false, is-layout-requested=true, is-selected=false, layout-params=android.widget.FrameLayout$LayoutParams&#64;64d3446, tag=null, root-is-layout-requested=false, has-input-connection=false, x=0.0, y=0.0, child-count=2}
|
+------&gt;LinearLayout{id=2130903048, res-name=LinearLayout01, visibility=VISIBLE, width=0, height=0, has-focus=false, has-focusable=true, has-window-focus=true, is-clickable=false, is-enabled=true, is-focused=false, is-focusable=false, is-layout-requested=true, is-selected=false, layout-params=android.widget.LinearLayout$LayoutParams&#64;42b855d, tag=null, root-is-layout-requested=false, has-input-connection=false, x=0.0, y=0.0, child-count=2}
|
+-------&gt;EditText{id=2130903041, res-name=AddItemEditText, desc=addItemEditText, visibility=VISIBLE, width=0, height=0, has-focus=false, has-focusable=true, has-window-focus=true, is-clickable=true, is-enabled=true, is-focused=false, is-focusable=true, is-layout-requested=true, is-selected=false, layout-params=android.widget.LinearLayout$LayoutParams&#64;c184ed2, tag=null, root-is-layout-requested=false, has-input-connection=true, editor-info=[inputType=0x31 imeOptions=0x8000006 privateImeOptions=null actionLabel=null actionId=0 initialSelStart=0 initialSelEnd=0 initialCapsMode=0x0 hintText=New Item Name label=null packageName=null fieldId=0 fieldName=null extras=null hintLocales=null contentMimeTypes=null ], x=0.0, y=0.0, text=, hint=New Item Name, input-type=49, ime-target=false, has-links=false}
|
+-------&gt;Button{id=2130903040, res-name=AddItemButton, desc=Add, visibility=VISIBLE, width=0, height=0, has-focus=false, has-focusable=true, has-window-focus=true, is-clickable=true, is-enabled=true, is-focused=false, is-focusable=true, is-layout-requested=true, is-selected=false, layout-params=android.widget.LinearLayout$LayoutParams&#64;6c9bba3, tag=null, root-is-layout-requested=false, has-input-connection=false, x=0.0, y=0.0, text=Add, input-type=0, ime-target=false, has-links=false}
|
+------&gt;ListView{id=2130903047, res-name=ItemsListView, visibility=VISIBLE, width=0, height=0, has-focus=false, has-focusable=false, has-window-focus=true, is-clickable=true, is-enabled=true, is-focused=false, is-focusable=false, is-layout-requested=true, is-selected=false, layout-params=android.widget.LinearLayout$LayoutParams&#64;e22bea0, tag=null, root-is-layout-requested=false, has-input-connection=false, x=0.0, y=0.0, child-count=0}
|
+--&gt;ActionBarContainer{id=16908669, res-name=action_bar_container, visibility=VISIBLE, width=1080, height=147, has-focus=false, has-focusable=false, has-window-focus=true, is-clickable=false, is-enabled=true, is-focused=false, is-focusable=false, is-layout-requested=false, is-selected=false, layout-params=com.android.internal.widget.ActionBarOverlayLayout$LayoutParams&#64;db26eff, tag=null, root-is-layout-requested=false, has-input-connection=false, x=0.0, y=63.0, child-count=2}
|
+---&gt;Toolbar{id=16908668, res-name=action_bar, visibility=VISIBLE, width=1080, height=147, has-focus=false, has-focusable=false, has-window-focus=true, is-clickable=false, is-enabled=true, is-focused=false, is-focusable=false, is-layout-requested=false, is-selected=false, layout-params=android.widget.FrameLayout$LayoutParams&#64;b0524cc, tag=null, root-is-layout-requested=false, has-input-connection=false, x=0.0, y=0.0, child-count=2}
|
+----&gt;TextView{id=-1, visibility=VISIBLE, width=240, height=71, has-focus=false, has-focusable=false, has-window-focus=true, is-clickable=false, is-enabled=true, is-focused=false, is-focusable=false, is-layout-requested=false, is-selected=false, layout-params=android.widget.Toolbar$LayoutParams&#64;42f0315, tag=null, root-is-layout-requested=false, has-input-connection=false, x=42.0, y=38.0, text=Simply Do, input-type=0, ime-target=false, has-links=false}
|
+----&gt;ActionMenuView{id=-1, visibility=VISIBLE, width=105, height=147, has-focus=false, has-focusable=false, has-window-focus=true, is-clickable=false, is-enabled=true, is-focused=false, is-focusable=false, is-layout-requested=false, is-selected=false, layout-params=android.widget.Toolbar$LayoutParams&#64;48fc1b, tag=null, root-is-layout-requested=false, has-input-connection=false, x=975.0, y=0.0, child-count=1}
|
+-----&gt;OverflowMenuButton{id=-1, desc=More options, visibility=VISIBLE, width=105, height=126, has-focus=false, has-focusable=false, has-window-focus=true, is-clickable=true, is-enabled=true, is-focused=false, is-focusable=true, is-layout-requested=false, is-selected=false, layout-params=android.widget.ActionMenuView$LayoutParams&#64;3c5c1b8, tag=null, root-is-layout-requested=false, has-input-connection=false, x=0.0, y=10.0}
|
+---&gt;ActionBarContextView{id=16908673, res-name=action_context_bar, visibility=GONE, width=0, height=0, has-focus=false, has-focusable=false, has-window-focus=true, is-clickable=false, is-enabled=true, is-focused=false, is-focusable=false, is-layout-requested=true, is-selected=false, layout-params=android.widget.FrameLayout$LayoutParams&#64;889bb91, tag=null, root-is-layout-requested=false, has-input-connection=false, x=0.0, y=0.0, child-count=0}
|
+-&gt;View{id=16908336, res-name=navigationBarBackground, visibility=VISIBLE, width=1080, height=126, has-focus=false, has-focusable=false, has-window-focus=true, is-clickable=false, is-enabled=true, is-focused=false, is-focusable=false, is-layout-requested=false, is-selected=false, layout-params=android.widget.FrameLayout$LayoutParams&#64;cf13af6, tag=null, root-is-layout-requested=false, has-input-connection=false, x=0.0, y=1794.0}
|
+-&gt;View{id=16908335, res-name=statusBarBackground, visibility=VISIBLE, width=1080, height=63, has-focus=false, has-focusable=false, has-window-focus=true, is-clickable=false, is-enabled=true, is-focused=false, is-focusable=false, is-layout-requested=false, is-selected=false, layout-params=android.widget.FrameLayout$LayoutParams&#64;2f13ef7, tag=null, root-is-layout-requested=false, has-input-connection=false, x=0.0, y=0.0}
|
at dalvik.system.VMStack.getThreadStackTrace(Native Method)
at java.lang.Thread.getStackTrace(Thread.java:1536)
at android.support.test.espresso.base.DefaultFailureHandler.getUserFriendlyError(DefaultFailureHandler.java:88)
at android.support.test.espresso.base.DefaultFailureHandler.handle(DefaultFailureHandler.java:51)
at android.support.test.espresso.ViewInteraction.waitForAndHandleInteractionResults(ViewInteraction.java:312)
at android.support.test.espresso.ViewInteraction.desugaredPerform(ViewInteraction.java:173)
at android.support.test.espresso.ViewInteraction.perform(ViewInteraction.java:114)
at kdk.android.simplydo.C2.CheckItemC2.checkItemC2(CheckItemC2.java:50)
at java.lang.reflect.Method.invoke(Native Method)
at org.junit.runners.model.FrameworkMethod$1.runReflectiveCall(FrameworkMethod.java:50)
at org.junit.internal.runners.model.ReflectiveCallable.run(ReflectiveCallable.java:12)
at org.junit.runners.model.FrameworkMethod.invokeExplosively(FrameworkMethod.java:47)
at org.junit.internal.runners.statements.InvokeMethod.evaluate(InvokeMethod.java:17)
at android.support.test.rule.ActivityTestRule$ActivityStatement.evaluate(ActivityTestRule.java:527)
at org.junit.rules.RunRules.evaluate(RunRules.java:20)
at org.junit.runners.ParentRunner.runLeaf(ParentRunner.java:325)
at org.junit.runners.BlockJUnit4ClassRunner.runChild(BlockJUnit4ClassRunner.java:78)
at org.junit.runners.BlockJUnit4ClassRunner.runChild(BlockJUnit4ClassRunner.java:57)
at org.junit.runners.ParentRunner$3.run(ParentRunner.java:290)
at org.junit.runners.ParentRunner$1.schedule(ParentRunner.java:71)
at org.junit.runners.ParentRunner.runChildren(ParentRunner.java:288)
at org.junit.runners.ParentRunner.access$000(ParentRunner.java:58)
at org.junit.runners.ParentRunner$2.evaluate(ParentRunner.java:268)
at org.junit.runners.ParentRunner.run(ParentRunner.java:363)
at android.support.test.runner.AndroidJUnit4.run(AndroidJUnit4.java:101)
at org.junit.runners.Suite.runChild(Suite.java:128)
at org.junit.runners.Suite.runChild(Suite.java:27)
at org.junit.runners.ParentRunner$3.run(ParentRunner.java:290)
at org.junit.runners.ParentRunner$1.schedule(ParentRunner.java:71)
at org.junit.runners.ParentRunner.runChildren(ParentRunner.java:288)
at org.junit.runners.ParentRunner.access$000(ParentRunner.java:58)
at org.junit.runners.ParentRunner$2.evaluate(ParentRunner.java:268)
at org.junit.runners.ParentRunner.run(ParentRunner.java:363)
at org.junit.runner.JUnitCore.run(JUnitCore.java:137)
at org.junit.runner.JUnitCore.run(JUnitCore.java:115)
at android.support.test.internal.runner.TestExecutor.execute(TestExecutor.java:56)
at android.support.test.runner.AndroidJUnitRunner.onStart(AndroidJUnitRunner.java:384)
at android.app.Instrumentation$InstrumentationThread.run(Instrumentation.java:2074)
</failure>
  </testcase>
  <testcase name="createListsC2" classname="kdk.android.simplydo.C2.CreateListsC2" time="1.468" />
  <testcase name="decoratorC2" classname="kdk.android.simplydo.C2.DecoratorC2" time="1.855">
    <failure>android.support.test.espresso.AmbiguousViewMatcherException: '(with class name: is "android.widget.LinearLayout" and is displayed on the screen to the user)' matches multiple views in the hierarchy.
Problem views are marked with '****MATCHES****' below.

View Hierarchy:
+&gt;DecorView{id=-1, visibility=VISIBLE, width=1080, height=1920, has-focus=true, has-focusable=true, has-window-focus=true, is-clickable=false, is-enabled=true, is-focused=false, is-focusable=false, is-layout-requested=false, is-selected=false, layout-params=WM.LayoutParams{(0,0)(fillxfill) ty=1 fl=#81810100 pfl=0x20000 wanim=0x10302f6 needsMenuKey=2 colorMode=0}, tag=null, root-is-layout-requested=false, has-input-connection=false, x=0.0, y=0.0, child-count=3}
|
+-&gt;ActionBarOverlayLayout{id=16908822, res-name=decor_content_parent, visibility=VISIBLE, width=1080, height=1794, has-focus=true, has-focusable=true, has-window-focus=true, is-clickable=false, is-enabled=true, is-focused=false, is-focusable=false, is-layout-requested=false, is-selected=false, layout-params=android.widget.FrameLayout$LayoutParams&#64;77c3d3d, tag=null, root-is-layout-requested=false, has-input-connection=false, x=0.0, y=0.0, child-count=2}
|
+--&gt;FrameLayout{id=16908290, res-name=content, visibility=VISIBLE, width=1080, height=1584, has-focus=true, has-focusable=true, has-window-focus=true, is-clickable=false, is-enabled=true, is-focused=false, is-focusable=false, is-layout-requested=false, is-selected=false, layout-params=com.android.internal.widget.ActionBarOverlayLayout$LayoutParams&#64;4bcd932, tag=null, root-is-layout-requested=false, has-input-connection=false, x=0.0, y=210.0, child-count=1}
|
+---&gt;LinearLayout{id=-1, visibility=VISIBLE, width=1080, height=1584, has-focus=true, has-focusable=true, has-window-focus=true, is-clickable=false, is-enabled=true, is-focused=false, is-focusable=false, is-layout-requested=false, is-selected=false, layout-params=android.widget.FrameLayout$LayoutParams&#64;59d4000, tag=null, root-is-layout-requested=false, has-input-connection=false, x=0.0, y=0.0, child-count=2} ****MATCHES****
|
+----&gt;LinearLayout{id=-1, visibility=VISIBLE, width=1080, height=1584, has-focus=true, has-focusable=true, has-window-focus=true, is-clickable=false, is-enabled=true, is-focused=false, is-focusable=false, is-layout-requested=false, is-selected=false, layout-params=android.widget.LinearLayout$LayoutParams&#64;d747039, tag=null, root-is-layout-requested=false, has-input-connection=false, x=0.0, y=0.0, child-count=1} ****MATCHES****
|
+-----&gt;LinearLayout{id=16908926, res-name=headers, visibility=VISIBLE, width=1080, height=1584, has-focus=true, has-focusable=true, has-window-focus=true, is-clickable=false, is-enabled=true, is-focused=false, is-focusable=false, is-layout-requested=false, is-selected=false, layout-params=android.widget.LinearLayout$LayoutParams&#64;8965c2c, tag=null, root-is-layout-requested=false, has-input-connection=false, x=0.0, y=0.0, child-count=2} ****MATCHES****
|
+------&gt;ListView{id=16908298, res-name=list, visibility=VISIBLE, width=1080, height=1584, has-focus=true, has-focusable=true, has-window-focus=true, is-clickable=true, is-enabled=true, is-focused=true, is-focusable=true, is-layout-requested=false, is-selected=false, layout-params=android.widget.LinearLayout$LayoutParams&#64;e22d6f5, tag=null, root-is-layout-requested=false, has-input-connection=false, x=0.0, y=0.0, child-count=6}
|
+-------&gt;LinearLayout{id=-1, visibility=VISIBLE, width=1080, height=141, has-focus=false, has-focusable=false, has-window-focus=true, is-clickable=false, is-enabled=true, is-focused=false, is-focusable=false, is-layout-requested=false, is-selected=false, layout-params=android.widget.AbsListView$LayoutParams&#64;f16ed71, tag=null, root-is-layout-requested=false, has-input-connection=false, x=0.0, y=0.0, child-count=3} ****MATCHES****
|
+--------&gt;LinearLayout{id=16908350, res-name=icon_frame, visibility=GONE, width=0, height=0, has-focus=false, has-focusable=false, has-window-focus=true, is-clickable=false, is-enabled=true, is-focused=false, is-focusable=false, is-layout-requested=false, is-selected=false, layout-params=android.widget.LinearLayout$LayoutParams&#64;29b73d7, tag=null, root-is-layout-requested=false, has-input-connection=false, x=0.0, y=0.0, child-count=1}
|
+---------&gt;PreferenceImageView{id=16908294, res-name=icon, visibility=GONE, width=0, height=0, has-focus=false, has-focusable=false, has-window-focus=true, is-clickable=false, is-enabled=true, is-focused=false, is-focusable=false, is-layout-requested=true, is-selected=false, layout-params=android.widget.LinearLayout$LayoutParams&#64;8c604c4, tag=null, root-is-layout-requested=false, has-input-connection=false, x=0.0, y=0.0}
|
+--------&gt;RelativeLayout{id=-1, visibility=VISIBLE, width=996, height=141, has-focus=false, has-focusable=false, has-window-focus=true, is-clickable=false, is-enabled=true, is-focused=false, is-focusable=false, is-layout-requested=false, is-selected=false, layout-params=android.widget.LinearLayout$LayoutParams&#64;a397673, tag=null, root-is-layout-requested=false, has-input-connection=false, x=42.0, y=0.0, child-count=2}
|
+---------&gt;TextView{id=16908310, res-name=title, visibility=VISIBLE, width=229, height=57, has-focus=false, has-focusable=false, has-window-focus=true, is-clickable=false, is-enabled=true, is-focused=false, is-focusable=false, is-layout-requested=false, is-selected=false, layout-params=android.widget.RelativeLayout$LayoutParams&#64;c80a930, tag=null, root-is-layout-requested=false, has-input-connection=false, x=0.0, y=42.0, text=Item Sorting, input-type=0, ime-target=false, has-links=false}
|
+---------&gt;TextView{id=16908304, res-name=summary, visibility=GONE, width=0, height=0, has-focus=false, has-focusable=false, has-window-focus=true, is-clickable=false, is-enabled=true, is-focused=false, is-focusable=false, is-layout-requested=true, is-selected=false, layout-params=android.widget.RelativeLayout$LayoutParams&#64;174d9a9, tag=null, root-is-layout-requested=false, has-input-connection=false, x=0.0, y=0.0, text=, input-type=0, ime-target=false, has-links=false}
|
+--------&gt;LinearLayout{id=16908312, res-name=widget_frame, visibility=GONE, width=0, height=0, has-focus=false, has-focusable=false, has-window-focus=true, is-clickable=false, is-enabled=true, is-focused=false, is-focusable=false, is-layout-requested=true, is-selected=false, layout-params=android.widget.LinearLayout$LayoutParams&#64;ac85b2e, tag=null, root-is-layout-requested=false, has-input-connection=false, x=0.0, y=0.0, child-count=0}
|
+-------&gt;LinearLayout{id=-1, visibility=VISIBLE, width=1080, height=141, has-focus=false, has-focusable=false, has-window-focus=true, is-clickable=false, is-enabled=true, is-focused=false, is-focusable=false, is-layout-requested=false, is-selected=false, layout-params=android.widget.AbsListView$LayoutParams&#64;a02fc3a, tag=null, root-is-layout-requested=false, has-input-connection=false, x=0.0, y=144.0, child-count=3} ****MATCHES****
|
+--------&gt;LinearLayout{id=16908350, res-name=icon_frame, visibility=GONE, width=0, height=0, has-focus=false, has-focusable=false, has-window-focus=true, is-clickable=false, is-enabled=true, is-focused=false, is-focusable=false, is-layout-requested=false, is-selected=false, layout-params=android.widget.LinearLayout$LayoutParams&#64;b846e48, tag=null, root-is-layout-requested=false, has-input-connection=false, x=0.0, y=0.0, child-count=1}
|
+---------&gt;PreferenceImageView{id=16908294, res-name=icon, visibility=GONE, width=0, height=0, has-focus=false, has-focusable=false, has-window-focus=true, is-clickable=false, is-enabled=true, is-focused=false, is-focusable=false, is-layout-requested=true, is-selected=false, layout-params=android.widget.LinearLayout$LayoutParams&#64;4ad14e1, tag=null, root-is-layout-requested=false, has-input-connection=false, x=0.0, y=0.0}
|
+--------&gt;RelativeLayout{id=-1, visibility=VISIBLE, width=996, height=141, has-focus=false, has-focusable=false, has-window-focus=true, is-clickable=false, is-enabled=true, is-focused=false, is-focusable=false, is-layout-requested=false, is-selected=false, layout-params=android.widget.LinearLayout$LayoutParams&#64;29626f4, tag=null, root-is-layout-requested=false, has-input-connection=false, x=42.0, y=0.0, child-count=2}
|
+---------&gt;TextView{id=16908310, res-name=title, visibility=VISIBLE, width=214, height=57, has-focus=false, has-focusable=false, has-window-focus=true, is-clickable=false, is-enabled=true, is-focused=false, is-focusable=false, is-layout-requested=false, is-selected=false, layout-params=android.widget.RelativeLayout$LayoutParams&#64;e851e1d, tag=null, root-is-layout-requested=false, has-input-connection=false, x=0.0, y=42.0, text=List Sorting, input-type=0, ime-target=false, has-links=false}
|
+---------&gt;TextView{id=16908304, res-name=summary, visibility=GONE, width=0, height=0, has-focus=false, has-focusable=false, has-window-focus=true, is-clickable=false, is-enabled=true, is-focused=false, is-focusable=false, is-layout-requested=true, is-selected=false, layout-params=android.widget.RelativeLayout$LayoutParams&#64;548d892, tag=null, root-is-layout-requested=false, has-input-connection=false, x=0.0, y=0.0, text=, input-type=0, ime-target=false, has-links=false}
|
+--------&gt;LinearLayout{id=16908312, res-name=widget_frame, visibility=GONE, width=0, height=0, has-focus=false, has-focusable=false, has-window-focus=true, is-clickable=false, is-enabled=true, is-focused=false, is-focusable=false, is-layout-requested=true, is-selected=false, layout-params=android.widget.LinearLayout$LayoutParams&#64;4ece263, tag=null, root-is-layout-requested=false, has-input-connection=false, x=0.0, y=0.0, child-count=0}
|
+-------&gt;LinearLayout{id=-1, visibility=VISIBLE, width=1080, height=141, has-focus=false, has-focusable=false, has-window-focus=true, is-clickable=false, is-enabled=true, is-focused=false, is-focusable=false, is-layout-requested=false, is-selected=false, layout-params=android.widget.AbsListView$LayoutParams&#64;6c141bf, tag=null, root-is-layout-requested=false, has-input-connection=false, x=0.0, y=288.0, child-count=3} ****MATCHES****
|
+--------&gt;LinearLayout{id=16908350, res-name=icon_frame, visibility=GONE, width=0, height=0, has-focus=false, has-focusable=false, has-window-focus=true, is-clickable=false, is-enabled=true, is-focused=false, is-focusable=false, is-layout-requested=false, is-selected=false, layout-params=android.widget.LinearLayout$LayoutParams&#64;38af3d5, tag=null, root-is-layout-requested=false, has-input-connection=false, x=0.0, y=0.0, child-count=1}
|
+---------&gt;PreferenceImageView{id=16908294, res-name=icon, visibility=GONE, width=0, height=0, has-focus=false, has-focusable=false, has-window-focus=true, is-clickable=false, is-enabled=true, is-focused=false, is-focusable=false, is-layout-requested=true, is-selected=false, layout-params=android.widget.LinearLayout$LayoutParams&#64;432e7ea, tag=null, root-is-layout-requested=false, has-input-connection=false, x=0.0, y=0.0}
|
+--------&gt;RelativeLayout{id=-1, visibility=VISIBLE, width=996, height=141, has-focus=false, has-focusable=false, has-window-focus=true, is-clickable=false, is-enabled=true, is-focused=false, is-focusable=false, is-layout-requested=false, is-selected=false, layout-params=android.widget.LinearLayout$LayoutParams&#64;e93f851, tag=null, root-is-layout-requested=false, has-input-connection=false, x=42.0, y=0.0, child-count=2}
|
+---------&gt;TextView{id=16908310, res-name=title, visibility=VISIBLE, width=358, height=57, has-focus=false, has-focusable=false, has-window-focus=true, is-clickable=false, is-enabled=true, is-focused=false, is-focusable=false, is-layout-requested=false, is-selected=false, layout-params=android.widget.RelativeLayout$LayoutParams&#64;a4f98b6, tag=null, root-is-layout-requested=false, has-input-connection=false, x=0.0, y=42.0, text=Inactive Decoration, input-type=0, ime-target=false, has-links=false}
|
+---------&gt;TextView{id=16908304, res-name=summary, visibility=GONE, width=0, height=0, has-focus=false, has-focusable=false, has-window-focus=true, is-clickable=false, is-enabled=true, is-focused=false, is-focusable=false, is-layout-requested=true, is-selected=false, layout-params=android.widget.RelativeLayout$LayoutParams&#64;72fa9b7, tag=null, root-is-layout-requested=false, has-input-connection=false, x=0.0, y=0.0, text=, input-type=0, ime-target=false, has-links=false}
|
+--------&gt;LinearLayout{id=16908312, res-name=widget_frame, visibility=GONE, width=0, height=0, has-focus=false, has-focusable=false, has-window-focus=true, is-clickable=false, is-enabled=true, is-focused=false, is-focusable=false, is-layout-requested=true, is-selected=false, layout-params=android.widget.LinearLayout$LayoutParams&#64;f8b3524, tag=null, root-is-layout-requested=false, has-input-connection=false, x=0.0, y=0.0, child-count=0}
|
+-------&gt;LinearLayout{id=-1, visibility=VISIBLE, width=1080, height=141, has-focus=false, has-focusable=false, has-window-focus=true, is-clickable=false, is-enabled=true, is-focused=false, is-focusable=false, is-layout-requested=false, is-selected=false, layout-params=android.widget.AbsListView$LayoutParams&#64;20b2a53, tag=null, root-is-layout-requested=false, has-input-connection=false, x=0.0, y=432.0, child-count=3} ****MATCHES****
|
+--------&gt;LinearLayout{id=16908350, res-name=icon_frame, visibility=GONE, width=0, height=0, has-focus=false, has-focusable=false, has-window-focus=true, is-clickable=false, is-enabled=true, is-focused=false, is-focusable=false, is-layout-requested=false, is-selected=false, layout-params=android.widget.LinearLayout$LayoutParams&#64;6c6089, tag=null, root-is-layout-requested=false, has-input-connection=false, x=0.0, y=0.0, child-count=1}
|
+---------&gt;PreferenceImageView{id=16908294, res-name=icon, visibility=GONE, width=0, height=0, has-focus=false, has-focusable=false, has-window-focus=true, is-clickable=false, is-enabled=true, is-focused=false, is-focusable=false, is-layout-requested=true, is-selected=false, layout-params=android.widget.LinearLayout$LayoutParams&#64;685088e, tag=null, root-is-layout-requested=false, has-input-connection=false, x=0.0, y=0.0}
|
+--------&gt;RelativeLayout{id=-1, visibility=VISIBLE, width=870, height=141, has-focus=false, has-focusable=false, has-window-focus=true, is-clickable=false, is-enabled=true, is-focused=false, is-focusable=false, is-layout-requested=false, is-selected=false, layout-params=android.widget.LinearLayout$LayoutParams&#64;2b17c45, tag=null, root-is-layout-requested=false, has-input-connection=false, x=42.0, y=0.0, child-count=2}
|
+---------&gt;TextView{id=16908310, res-name=title, visibility=VISIBLE, width=488, height=57, has-focus=false, has-focusable=false, has-window-focus=true, is-clickable=false, is-enabled=true, is-focused=false, is-focusable=false, is-layout-requested=false, is-selected=false, layout-params=android.widget.RelativeLayout$LayoutParams&#64;bcd1f9a, tag=null, root-is-layout-requested=false, has-input-connection=false, x=0.0, y=42.0, text=Confirm Delete All Inactive, input-type=0, ime-target=false, has-links=false}
|
+---------&gt;TextView{id=16908304, res-name=summary, visibility=GONE, width=0, height=0, has-focus=false, has-focusable=false, has-window-focus=true, is-clickable=false, is-enabled=true, is-focused=false, is-focusable=false, is-layout-requested=true, is-selected=false, layout-params=android.widget.RelativeLayout$LayoutParams&#64;11390cb, tag=null, root-is-layout-requested=false, has-input-connection=false, x=0.0, y=0.0, text=, input-type=0, ime-target=false, has-links=false}
|
+--------&gt;LinearLayout{id=16908312, res-name=widget_frame, visibility=VISIBLE, width=126, height=141, has-focus=false, has-focusable=false, has-window-focus=true, is-clickable=false, is-enabled=true, is-focused=false, is-focusable=false, is-layout-requested=false, is-selected=false, layout-params=android.widget.LinearLayout$LayoutParams&#64;7297c1, tag=null, root-is-layout-requested=false, has-input-connection=false, x=912.0, y=0.0, child-count=1} ****MATCHES****
|
+---------&gt;CheckBox{id=16908289, res-name=checkbox, visibility=VISIBLE, width=84, height=84, has-focus=false, has-focusable=false, has-window-focus=true, is-clickable=false, is-enabled=true, is-focused=false, is-focusable=false, is-layout-requested=false, is-selected=false, layout-params=android.widget.LinearLayout$LayoutParams&#64;b4d9b66, tag=null, root-is-layout-requested=false, has-input-connection=false, x=42.0, y=28.0, text=, input-type=0, ime-target=false, has-links=false, is-checked=true}
|
+-------&gt;LinearLayout{id=-1, visibility=VISIBLE, width=1080, height=141, has-focus=false, has-focusable=false, has-window-focus=true, is-clickable=false, is-enabled=true, is-focused=false, is-focusable=false, is-layout-requested=false, is-selected=false, layout-params=android.widget.AbsListView$LayoutParams&#64;f0807f2, tag=null, root-is-layout-requested=false, has-input-connection=false, x=0.0, y=576.0, child-count=3} ****MATCHES****
|
+--------&gt;LinearLayout{id=16908350, res-name=icon_frame, visibility=GONE, width=0, height=0, has-focus=false, has-focusable=false, has-window-focus=true, is-clickable=false, is-enabled=true, is-focused=false, is-focusable=false, is-layout-requested=false, is-selected=false, layout-params=android.widget.LinearLayout$LayoutParams&#64;e12ecc0, tag=null, root-is-layout-requested=false, has-input-connection=false, x=0.0, y=0.0, child-count=1}
|
+---------&gt;PreferenceImageView{id=16908294, res-name=icon, visibility=GONE, width=0, height=0, has-focus=false, has-focusable=false, has-window-focus=true, is-clickable=false, is-enabled=true, is-focused=false, is-focusable=false, is-layout-requested=true, is-selected=false, layout-params=android.widget.LinearLayout$LayoutParams&#64;eb17df9, tag=null, root-is-layout-requested=false, has-input-connection=false, x=0.0, y=0.0}
|
+--------&gt;RelativeLayout{id=-1, visibility=VISIBLE, width=996, height=141, has-focus=false, has-focusable=false, has-window-focus=true, is-clickable=false, is-enabled=true, is-focused=false, is-focusable=false, is-layout-requested=false, is-selected=false, layout-params=android.widget.LinearLayout$LayoutParams&#64;59a14ec, tag=null, root-is-layout-requested=false, has-input-connection=false, x=42.0, y=0.0, child-count=2}
|
+---------&gt;TextView{id=16908310, res-name=title, visibility=VISIBLE, width=235, height=57, has-focus=false, has-focusable=false, has-window-focus=true, is-clickable=false, is-enabled=true, is-focused=false, is-focusable=false, is-layout-requested=false, is-selected=false, layout-params=android.widget.RelativeLayout$LayoutParams&#64;f8300b5, tag=null, root-is-layout-requested=false, has-input-connection=false, x=0.0, y=42.0, text=Backup Now, input-type=0, ime-target=false, has-links=false}
|
+---------&gt;TextView{id=16908304, res-name=summary, visibility=GONE, width=0, height=0, has-focus=false, has-focusable=false, has-window-focus=true, is-clickable=false, is-enabled=true, is-focused=false, is-focusable=false, is-layout-requested=true, is-selected=false, layout-params=android.widget.RelativeLayout$LayoutParams&#64;5fca34a, tag=null, root-is-layout-requested=false, has-input-connection=false, x=0.0, y=0.0, text=, input-type=0, ime-target=false, has-links=false}
|
+--------&gt;LinearLayout{id=16908312, res-name=widget_frame, visibility=GONE, width=0, height=0, has-focus=false, has-focusable=false, has-window-focus=true, is-clickable=false, is-enabled=true, is-focused=false, is-focusable=false, is-layout-requested=true, is-selected=false, layout-params=android.widget.LinearLayout$LayoutParams&#64;b8e42bb, tag=null, root-is-layout-requested=false, has-input-connection=false, x=0.0, y=0.0, child-count=0}
|
+-------&gt;LinearLayout{id=-1, visibility=VISIBLE, width=1080, height=141, has-focus=false, has-focusable=false, has-window-focus=true, is-clickable=false, is-enabled=true, is-focused=false, is-focusable=false, is-layout-requested=false, is-selected=false, layout-params=android.widget.AbsListView$LayoutParams&#64;8544f97, tag=null, root-is-layout-requested=false, has-input-connection=false, x=0.0, y=720.0, child-count=3} ****MATCHES****
|
+--------&gt;LinearLayout{id=16908350, res-name=icon_frame, visibility=GONE, width=0, height=0, has-focus=false, has-focusable=false, has-window-focus=true, is-clickable=false, is-enabled=true, is-focused=false, is-focusable=false, is-layout-requested=false, is-selected=false, layout-params=android.widget.LinearLayout$LayoutParams&#64;1df916d, tag=null, root-is-layout-requested=false, has-input-connection=false, x=0.0, y=0.0, child-count=1}
|
+---------&gt;PreferenceImageView{id=16908294, res-name=icon, visibility=GONE, width=0, height=0, has-focus=false, has-focusable=false, has-window-focus=true, is-clickable=false, is-enabled=true, is-focused=false, is-focusable=false, is-layout-requested=true, is-selected=false, layout-params=android.widget.LinearLayout$LayoutParams&#64;1ce51a2, tag=null, root-is-layout-requested=false, has-input-connection=false, x=0.0, y=0.0}
|
+--------&gt;RelativeLayout{id=-1, visibility=VISIBLE, width=996, height=141, has-focus=false, has-focusable=false, has-window-focus=true, is-clickable=false, is-enabled=true, is-focused=false, is-focusable=false, is-layout-requested=false, is-selected=false, layout-params=android.widget.LinearLayout$LayoutParams&#64;df0d769, tag=null, root-is-layout-requested=false, has-input-connection=false, x=42.0, y=0.0, child-count=2}
|
+---------&gt;TextView{id=16908310, res-name=title, visibility=VISIBLE, width=144, height=57, has-focus=false, has-focusable=false, has-window-focus=true, is-clickable=false, is-enabled=true, is-focused=false, is-focusable=false, is-layout-requested=false, is-selected=false, layout-params=android.widget.RelativeLayout$LayoutParams&#64;563e5ee, tag=null, root-is-layout-requested=false, has-input-connection=false, x=0.0, y=42.0, text=Restore, input-type=0, ime-target=false, has-links=false}
|
+---------&gt;TextView{id=16908304, res-name=summary, visibility=GONE, width=0, height=0, has-focus=false, has-focusable=false, has-window-focus=true, is-clickable=false, is-enabled=true, is-focused=false, is-focusable=false, is-layout-requested=true, is-selected=false, layout-params=android.widget.RelativeLayout$LayoutParams&#64;fab9a8f, tag=null, root-is-layout-requested=false, has-input-connection=false, x=0.0, y=0.0, text=, input-type=0, ime-target=false, has-links=false}
|
+--------&gt;LinearLayout{id=16908312, res-name=widget_frame, visibility=GONE, width=0, height=0, has-focus=false, has-focusable=false, has-window-focus=true, is-clickable=false, is-enabled=true, is-focused=false, is-focusable=false, is-layout-requested=true, is-selected=false, layout-params=android.widget.LinearLayout$LayoutParams&#64;ec2911c, tag=null, root-is-layout-requested=false, has-input-connection=false, x=0.0, y=0.0, child-count=0}
|
+------&gt;FrameLayout{id=16909013, res-name=list_footer, visibility=VISIBLE, width=1080, height=0, has-focus=false, has-focusable=false, has-window-focus=true, is-clickable=false, is-enabled=true, is-focused=false, is-focusable=false, is-layout-requested=false, is-selected=false, layout-params=android.widget.LinearLayout$LayoutParams&#64;8b68125, tag=null, root-is-layout-requested=false, has-input-connection=false, x=0.0, y=1584.0, child-count=0}
|
+----&gt;RelativeLayout{id=16908758, res-name=button_bar, visibility=GONE, width=0, height=0, has-focus=false, has-focusable=false, has-window-focus=true, is-clickable=false, is-enabled=true, is-focused=false, is-focusable=false, is-layout-requested=true, is-selected=false, layout-params=android.widget.LinearLayout$LayoutParams&#64;5f5a308, tag=null, root-is-layout-requested=false, has-input-connection=false, x=0.0, y=0.0, child-count=2}
|
+-----&gt;Button{id=16908732, res-name=back_button, visibility=VISIBLE, width=0, height=0, has-focus=false, has-focusable=true, has-window-focus=true, is-clickable=true, is-enabled=true, is-focused=false, is-focusable=true, is-layout-requested=true, is-selected=false, layout-params=android.widget.RelativeLayout$LayoutParams&#64;1730aa1, tag=null, root-is-layout-requested=false, has-input-connection=false, x=0.0, y=0.0, text=Back, input-type=0, ime-target=false, has-links=false}
|
+-----&gt;LinearLayout{id=-1, visibility=VISIBLE, width=0, height=0, has-focus=false, has-focusable=true, has-window-focus=true, is-clickable=false, is-enabled=true, is-focused=false, is-focusable=false, is-layout-requested=true, is-selected=false, layout-params=android.widget.RelativeLayout$LayoutParams&#64;9c5e7b4, tag=null, root-is-layout-requested=false, has-input-connection=false, x=0.0, y=0.0, child-count=2}
|
+------&gt;Button{id=16909277, res-name=skip_button, visibility=GONE, width=0, height=0, has-focus=false, has-focusable=false, has-window-focus=true, is-clickable=true, is-enabled=true, is-focused=false, is-focusable=true, is-layout-requested=true, is-selected=false, layout-params=android.widget.LinearLayout$LayoutParams&#64;f14afdd, tag=null, root-is-layout-requested=false, has-input-connection=false, x=0.0, y=0.0, text=Skip, input-type=0, ime-target=false, has-links=false}
|
+------&gt;Button{id=16909075, res-name=next_button, visibility=VISIBLE, width=0, height=0, has-focus=false, has-focusable=true, has-window-focus=true, is-clickable=true, is-enabled=true, is-focused=false, is-focusable=true, is-layout-requested=true, is-selected=false, layout-params=android.widget.LinearLayout$LayoutParams&#64;b526752, tag=null, root-is-layout-requested=false, has-input-connection=false, x=0.0, y=0.0, text=Next, input-type=0, ime-target=false, has-links=false}
|
+--&gt;ActionBarContainer{id=16908669, res-name=action_bar_container, visibility=VISIBLE, width=1080, height=147, has-focus=false, has-focusable=false, has-window-focus=true, is-clickable=false, is-enabled=true, is-focused=false, is-focusable=false, is-layout-requested=false, is-selected=false, layout-params=com.android.internal.widget.ActionBarOverlayLayout$LayoutParams&#64;f316cd9, tag=null, root-is-layout-requested=false, has-input-connection=false, x=0.0, y=63.0, child-count=2}
|
+---&gt;Toolbar{id=16908668, res-name=action_bar, visibility=VISIBLE, width=1080, height=147, has-focus=false, has-focusable=false, has-window-focus=true, is-clickable=false, is-enabled=true, is-focused=false, is-focusable=false, is-layout-requested=false, is-selected=false, layout-params=android.widget.FrameLayout$LayoutParams&#64;6da794c, tag=null, root-is-layout-requested=false, has-input-connection=false, x=0.0, y=0.0, child-count=2}
|
+----&gt;TextView{id=-1, visibility=VISIBLE, width=196, height=71, has-focus=false, has-focusable=false, has-window-focus=true, is-clickable=false, is-enabled=true, is-focused=false, is-focusable=false, is-layout-requested=false, is-selected=false, layout-params=android.widget.Toolbar$LayoutParams&#64;8c2fd95, tag=null, root-is-layout-requested=false, has-input-connection=false, x=42.0, y=38.0, text=Settings, input-type=0, ime-target=false, has-links=false}
|
+----&gt;ActionMenuView{id=-1, visibility=VISIBLE, width=0, height=147, has-focus=false, has-focusable=false, has-window-focus=true, is-clickable=false, is-enabled=true, is-focused=false, is-focusable=false, is-layout-requested=false, is-selected=false, layout-params=android.widget.Toolbar$LayoutParams&#64;a878eaa, tag=null, root-is-layout-requested=false, has-input-connection=false, x=1080.0, y=0.0, child-count=0}
|
+---&gt;ActionBarContextView{id=16908673, res-name=action_context_bar, visibility=GONE, width=0, height=0, has-focus=false, has-focusable=false, has-window-focus=true, is-clickable=false, is-enabled=true, is-focused=false, is-focusable=false, is-layout-requested=true, is-selected=false, layout-params=android.widget.FrameLayout$LayoutParams&#64;aabba9b, tag=null, root-is-layout-requested=false, has-input-connection=false, x=0.0, y=0.0, child-count=0}
|
+-&gt;View{id=16908336, res-name=navigationBarBackground, visibility=VISIBLE, width=1080, height=126, has-focus=false, has-focusable=false, has-window-focus=true, is-clickable=false, is-enabled=true, is-focused=false, is-focusable=false, is-layout-requested=false, is-selected=false, layout-params=android.widget.FrameLayout$LayoutParams&#64;cdbde38, tag=null, root-is-layout-requested=false, has-input-connection=false, x=0.0, y=1794.0}
|
+-&gt;View{id=16908335, res-name=statusBarBackground, visibility=VISIBLE, width=1080, height=63, has-focus=false, has-focusable=false, has-window-focus=true, is-clickable=false, is-enabled=true, is-focused=false, is-focusable=false, is-layout-requested=false, is-selected=false, layout-params=android.widget.FrameLayout$LayoutParams&#64;ea2de11, tag=null, root-is-layout-requested=false, has-input-connection=false, x=0.0, y=0.0}
|
at dalvik.system.VMStack.getThreadStackTrace(Native Method)
at java.lang.Thread.getStackTrace(Thread.java:1536)
at android.support.test.espresso.base.DefaultFailureHandler.getUserFriendlyError(DefaultFailureHandler.java:88)
at android.support.test.espresso.base.DefaultFailureHandler.handle(DefaultFailureHandler.java:51)
at android.support.test.espresso.ViewInteraction.waitForAndHandleInteractionResults(ViewInteraction.java:312)
at android.support.test.espresso.ViewInteraction.desugaredPerform(ViewInteraction.java:173)
at android.support.test.espresso.ViewInteraction.perform(ViewInteraction.java:114)
at kdk.android.simplydo.C2.DecoratorC2.decoratorC2(DecoratorC2.java:49)
at java.lang.reflect.Method.invoke(Native Method)
at org.junit.runners.model.FrameworkMethod$1.runReflectiveCall(FrameworkMethod.java:50)
at org.junit.internal.runners.model.ReflectiveCallable.run(ReflectiveCallable.java:12)
at org.junit.runners.model.FrameworkMethod.invokeExplosively(FrameworkMethod.java:47)
at org.junit.internal.runners.statements.InvokeMethod.evaluate(InvokeMethod.java:17)
at android.support.test.rule.ActivityTestRule$ActivityStatement.evaluate(ActivityTestRule.java:527)
at org.junit.rules.RunRules.evaluate(RunRules.java:20)
at org.junit.runners.ParentRunner.runLeaf(ParentRunner.java:325)
at org.junit.runners.BlockJUnit4ClassRunner.runChild(BlockJUnit4ClassRunner.java:78)
at org.junit.runners.BlockJUnit4ClassRunner.runChild(BlockJUnit4ClassRunner.java:57)
at org.junit.runners.ParentRunner$3.run(ParentRunner.java:290)
at org.junit.runners.ParentRunner$1.schedule(ParentRunner.java:71)
at org.junit.runners.ParentRunner.runChildren(ParentRunner.java:288)
at org.junit.runners.ParentRunner.access$000(ParentRunner.java:58)
at org.junit.runners.ParentRunner$2.evaluate(ParentRunner.java:268)
at org.junit.runners.ParentRunner.run(ParentRunner.java:363)
at android.support.test.runner.AndroidJUnit4.run(AndroidJUnit4.java:101)
at org.junit.runners.Suite.runChild(Suite.java:128)
at org.junit.runners.Suite.runChild(Suite.java:27)
at org.junit.runners.ParentRunner$3.run(ParentRunner.java:290)
at org.junit.runners.ParentRunner$1.schedule(ParentRunner.java:71)
at org.junit.runners.ParentRunner.runChildren(ParentRunner.java:288)
at org.junit.runners.ParentRunner.access$000(ParentRunner.java:58)
at org.junit.runners.ParentRunner$2.evaluate(ParentRunner.java:268)
at org.junit.runners.ParentRunner.run(ParentRunner.java:363)
at org.junit.runner.JUnitCore.run(JUnitCore.java:137)
at org.junit.runner.JUnitCore.run(JUnitCore.java:115)
at android.support.test.internal.runner.TestExecutor.execute(TestExecutor.java:56)
at android.support.test.runner.AndroidJUnitRunner.onStart(AndroidJUnitRunner.java:384)
at android.app.Instrumentation$InstrumentationThread.run(Instrumentation.java:2074)
</failure>
  </testcase>
  <testcase name="deleteInactiveC1" classname="kdk.android.simplydo.C2.DeleteInactiveC2" time="3.486">
    <failure>android.support.test.espresso.NoMatchingViewException: No views in hierarchy found matching: (with id: kdk.android.simplydo:id/ListsListView)
If the target view is not part of the view hierarchy, you may need to use Espresso.onData to load it from one of the following AdapterViews:android.widget.MenuPopupWindow$MenuDropDownListView{5047c18 VFED.VC.. .F...... 0,0-515,126}

View Hierarchy:
+&gt;PopupDecorView{id=-1, visibility=VISIBLE, width=515, height=126, has-focus=true, has-focusable=true, has-window-focus=true, is-clickable=false, is-enabled=true, is-focused=false, is-focusable=false, is-layout-requested=false, is-selected=false, layout-params=WM.LayoutParams{(555,73)(515x126) gr=#10800033 sim=#1 ty=1002 fl=#41860200 pfl=0x18000 fmt=-3 surfaceInsets=Rect(84, 84 - 84, 84) (manual) colorMode=0}, tag=null, root-is-layout-requested=false, has-input-connection=false, x=0.0, y=0.0, child-count=1}
|
+-&gt;PopupBackgroundView{id=-1, visibility=VISIBLE, width=515, height=126, has-focus=true, has-focusable=true, has-window-focus=true, is-clickable=false, is-enabled=true, is-focused=false, is-focusable=false, is-layout-requested=false, is-selected=false, layout-params=android.widget.FrameLayout$LayoutParams&#64;3485671, tag=null, root-is-layout-requested=false, has-input-connection=false, x=0.0, y=0.0, child-count=1}
|
+--&gt;MenuDropDownListView{id=-1, visibility=VISIBLE, width=515, height=126, has-focus=true, has-focusable=true, has-window-focus=true, is-clickable=true, is-enabled=true, is-focused=true, is-focusable=true, is-layout-requested=false, is-selected=false, layout-params=android.widget.FrameLayout$LayoutParams&#64;60984d7, tag=null, root-is-layout-requested=false, has-input-connection=false, x=0.0, y=0.0, child-count=1}
|
+---&gt;ListMenuItemView{id=-1, visibility=VISIBLE, width=515, height=126, has-focus=false, has-focusable=false, has-window-focus=true, is-clickable=false, is-enabled=true, is-focused=false, is-focusable=false, is-layout-requested=false, is-selected=false, layout-params=android.widget.AbsListView$LayoutParams&#64;647f7e2, tag=null, root-is-layout-requested=false, has-input-connection=false, x=0.0, y=0.0, child-count=2}
|
+----&gt;RelativeLayout{id=-1, visibility=VISIBLE, width=431, height=57, has-focus=false, has-focusable=false, has-window-focus=true, is-clickable=false, is-enabled=true, is-focused=false, is-focusable=false, is-layout-requested=false, is-selected=false, layout-params=android.widget.LinearLayout$LayoutParams&#64;b4a62a9, tag=null, root-is-layout-requested=false, has-input-connection=false, x=42.0, y=34.0, child-count=2}
|
+-----&gt;TextView{id=16908310, res-name=title, visibility=VISIBLE, width=431, height=57, has-focus=false, has-focusable=false, has-window-focus=true, is-clickable=false, is-enabled=true, is-focused=false, is-focusable=false, is-layout-requested=false, is-selected=false, layout-params=android.widget.RelativeLayout$LayoutParams&#64;71b02e, tag=null, root-is-layout-requested=false, has-input-connection=false, x=0.0, y=0.0, text=Settings, input-type=0, ime-target=false, has-links=false}
|
+-----&gt;TextView{id=16909259, res-name=shortcut, visibility=GONE, width=0, height=0, has-focus=false, has-focusable=false, has-window-focus=true, is-clickable=false, is-enabled=true, is-focused=false, is-focusable=false, is-layout-requested=true, is-selected=false, layout-params=android.widget.RelativeLayout$LayoutParams&#64;5aa37cf, tag=null, root-is-layout-requested=false, has-input-connection=false, x=0.0, y=0.0, text=, input-type=0, ime-target=false, has-links=false}
|
+----&gt;ImageView{id=16909319, res-name=submenuarrow, visibility=GONE, width=0, height=0, has-focus=false, has-focusable=false, has-window-focus=true, is-clickable=false, is-enabled=true, is-focused=false, is-focusable=false, is-layout-requested=true, is-selected=false, layout-params=android.widget.LinearLayout$LayoutParams&#64;f95055c, tag=null, root-is-layout-requested=false, has-input-connection=false, x=0.0, y=0.0}
|
at dalvik.system.VMStack.getThreadStackTrace(Native Method)
at java.lang.Thread.getStackTrace(Thread.java:1536)
at android.support.test.espresso.base.DefaultFailureHandler.getUserFriendlyError(DefaultFailureHandler.java:88)
at android.support.test.espresso.base.DefaultFailureHandler.handle(DefaultFailureHandler.java:51)
at android.support.test.espresso.ViewInteraction.waitForAndHandleInteractionResults(ViewInteraction.java:312)
at android.support.test.espresso.ViewInteraction.desugaredPerform(ViewInteraction.java:173)
at android.support.test.espresso.ViewInteraction.perform(ViewInteraction.java:114)
at android.support.test.espresso.DataInteraction$DisplayDataMatcher$1.apply(DataInteraction.java:213)
at android.support.test.espresso.DataInteraction$DisplayDataMatcher$1.apply(DataInteraction.java:210)
at android.support.test.espresso.DataInteraction$DisplayDataMatcher.&lt;init&gt;(DataInteraction.java:230)
at android.support.test.espresso.DataInteraction$DisplayDataMatcher.&lt;init&gt;(DataInteraction.java:205)
at android.support.test.espresso.DataInteraction$DisplayDataMatcher.displayDataMatcher(DataInteraction.java:248)
at android.support.test.espresso.DataInteraction.makeTargetMatcher(DataInteraction.java:150)
at android.support.test.espresso.DataInteraction.perform(DataInteraction.java:135)
at kdk.android.simplydo.C2.DeleteInactiveC2.deleteInactiveC1(DeleteInactiveC2.java:85)
at java.lang.reflect.Method.invoke(Native Method)
at org.junit.runners.model.FrameworkMethod$1.runReflectiveCall(FrameworkMethod.java:50)
at org.junit.internal.runners.model.ReflectiveCallable.run(ReflectiveCallable.java:12)
at org.junit.runners.model.FrameworkMethod.invokeExplosively(FrameworkMethod.java:47)
at org.junit.internal.runners.statements.InvokeMethod.evaluate(InvokeMethod.java:17)
at android.support.test.rule.ActivityTestRule$ActivityStatement.evaluate(ActivityTestRule.java:527)
at org.junit.rules.RunRules.evaluate(RunRules.java:20)
at org.junit.runners.ParentRunner.runLeaf(ParentRunner.java:325)
at org.junit.runners.BlockJUnit4ClassRunner.runChild(BlockJUnit4ClassRunner.java:78)
at org.junit.runners.BlockJUnit4ClassRunner.runChild(BlockJUnit4ClassRunner.java:57)
at org.junit.runners.ParentRunner$3.run(ParentRunner.java:290)
at org.junit.runners.ParentRunner$1.schedule(ParentRunner.java:71)
at org.junit.runners.ParentRunner.runChildren(ParentRunner.java:288)
at org.junit.runners.ParentRunner.access$000(ParentRunner.java:58)
at org.junit.runners.ParentRunner$2.evaluate(ParentRunner.java:268)
at org.junit.runners.ParentRunner.run(ParentRunner.java:363)
at android.support.test.runner.AndroidJUnit4.run(AndroidJUnit4.java:101)
at org.junit.runners.Suite.runChild(Suite.java:128)
at org.junit.runners.Suite.runChild(Suite.java:27)
at org.junit.runners.ParentRunner$3.run(ParentRunner.java:290)
at org.junit.runners.ParentRunner$1.schedule(ParentRunner.java:71)
at org.junit.runners.ParentRunner.runChildren(ParentRunner.java:288)
at org.junit.runners.ParentRunner.access$000(ParentRunner.java:58)
at org.junit.runners.ParentRunner$2.evaluate(ParentRunner.java:268)
at org.junit.runners.ParentRunner.run(ParentRunner.java:363)
at org.junit.runner.JUnitCore.run(JUnitCore.java:137)
at org.junit.runner.JUnitCore.run(JUnitCore.java:115)
at android.support.test.internal.runner.TestExecutor.execute(TestExecutor.java:56)
at android.support.test.runner.AndroidJUnitRunner.onStart(AndroidJUnitRunner.java:384)
at android.app.Instrumentation$InstrumentationThread.run(Instrumentation.java:2074)
</failure>
  </testcase>
  <testcase name="itemAssertC2" classname="kdk.android.simplydo.C2.ItemAssertC2" time="1.327">
    <failure>android.support.test.espresso.AmbiguousViewMatcherException: '(with class name: is "android.widget.LinearLayout" and is displayed on the screen to the user)' matches multiple views in the hierarchy.
Problem views are marked with '****MATCHES****' below.

View Hierarchy:
+&gt;DecorView{id=-1, visibility=VISIBLE, width=1080, height=1920, has-focus=true, has-focusable=true, has-window-focus=true, is-clickable=false, is-enabled=true, is-focused=false, is-focusable=false, is-layout-requested=false, is-selected=false, layout-params=WM.LayoutParams{(0,0)(fillxfill) sim=#3 ty=1 fl=#81810100 pfl=0x20000 wanim=0x10302f6 needsMenuKey=2 colorMode=0}, tag=null, root-is-layout-requested=false, has-input-connection=false, x=0.0, y=0.0, child-count=3}
|
+-&gt;ActionBarOverlayLayout{id=16908822, res-name=decor_content_parent, visibility=VISIBLE, width=1080, height=1794, has-focus=true, has-focusable=true, has-window-focus=true, is-clickable=false, is-enabled=true, is-focused=false, is-focusable=false, is-layout-requested=false, is-selected=false, layout-params=android.widget.FrameLayout$LayoutParams&#64;accc43b, tag=null, root-is-layout-requested=false, has-input-connection=false, x=0.0, y=0.0, child-count=2}
|
+--&gt;FrameLayout{id=16908290, res-name=content, visibility=VISIBLE, width=1080, height=1584, has-focus=true, has-focusable=true, has-window-focus=true, is-clickable=false, is-enabled=true, is-focused=false, is-focusable=false, is-layout-requested=false, is-selected=false, layout-params=com.android.internal.widget.ActionBarOverlayLayout$LayoutParams&#64;d9bb758, tag=null, root-is-layout-requested=false, has-input-connection=false, x=0.0, y=210.0, child-count=1}
|
+---&gt;LinearLayout{id=-1, visibility=VISIBLE, width=1080, height=1584, has-focus=true, has-focusable=true, has-window-focus=true, is-clickable=false, is-enabled=true, is-focused=false, is-focusable=false, is-layout-requested=false, is-selected=false, layout-params=android.widget.FrameLayout$LayoutParams&#64;ab53996, tag=null, root-is-layout-requested=false, has-input-connection=false, x=0.0, y=0.0, child-count=1} ****MATCHES****
|
+----&gt;ViewSwitcher{id=2130903049, res-name=ListsItemsSwitcher, visibility=VISIBLE, width=1080, height=256, has-focus=true, has-focusable=true, has-window-focus=true, is-clickable=false, is-enabled=true, is-focused=false, is-focusable=false, is-layout-requested=false, is-selected=false, layout-params=android.widget.LinearLayout$LayoutParams&#64;9c0f104, tag=null, root-is-layout-requested=false, has-input-connection=false, x=0.0, y=0.0, child-count=2}
|
+-----&gt;LinearLayout{id=2130903059, res-name=listsView, visibility=VISIBLE, width=1080, height=256, has-focus=true, has-focusable=true, has-window-focus=true, is-clickable=false, is-enabled=true, is-focused=false, is-focusable=false, is-layout-requested=false, is-selected=false, layout-params=android.widget.FrameLayout$LayoutParams&#64;dae06ed, tag=null, root-is-layout-requested=false, has-input-connection=false, x=0.0, y=0.0, child-count=2} ****MATCHES****
|
+------&gt;LinearLayout{id=2130903048, res-name=LinearLayout01, visibility=VISIBLE, width=1080, height=126, has-focus=true, has-focusable=true, has-window-focus=true, is-clickable=false, is-enabled=true, is-focused=false, is-focusable=false, is-layout-requested=false, is-selected=false, layout-params=android.widget.LinearLayout$LayoutParams&#64;1835922, tag=null, root-is-layout-requested=false, has-input-connection=false, x=0.0, y=0.0, child-count=2} ****MATCHES****
|
+-------&gt;EditText{id=2130903043, res-name=AddListEditText, desc=addlistedittext, visibility=VISIBLE, width=849, height=126, has-focus=true, has-focusable=true, has-window-focus=true, is-clickable=true, is-enabled=true, is-focused=true, is-focusable=true, is-layout-requested=false, is-selected=false, layout-params=android.widget.LinearLayout$LayoutParams&#64;c21e56e, tag=null, root-is-layout-requested=false, has-input-connection=true, editor-info=[inputType=0x31 imeOptions=0x8000006 privateImeOptions=null actionLabel=null actionId=0 initialSelStart=0 initialSelEnd=0 initialCapsMode=0x0 hintText=New List Name label=null packageName=null fieldId=0 fieldName=null extras=null hintLocales=null contentMimeTypes=null ], x=0.0, y=0.0, text=, hint=New List Name, input-type=49, ime-target=true, has-links=false}
|
+-------&gt;Button{id=2130903042, res-name=AddListButton, desc=Add, visibility=VISIBLE, width=231, height=126, has-focus=false, has-focusable=true, has-window-focus=true, is-clickable=true, is-enabled=true, is-focused=false, is-focusable=true, is-layout-requested=false, is-selected=false, layout-params=android.widget.LinearLayout$LayoutParams&#64;f6a640f, tag=null, root-is-layout-requested=false, has-input-connection=false, x=849.0, y=0.0, text=Add, input-type=0, ime-target=false, has-links=false}
|
+------&gt;ListView{id=2130903050, res-name=ListsListView, visibility=VISIBLE, width=1080, height=130, has-focus=false, has-focusable=true, has-window-focus=true, is-clickable=true, is-enabled=true, is-focused=false, is-focusable=true, is-layout-requested=false, is-selected=false, layout-params=android.widget.LinearLayout$LayoutParams&#64;d635c9c, tag=null, root-is-layout-requested=false, has-input-connection=false, x=0.0, y=126.0, child-count=1}
|
+-------&gt;LinearLayout{id=-1, visibility=VISIBLE, width=1080, height=130, has-focus=false, has-focusable=false, has-window-focus=true, is-clickable=false, is-enabled=true, is-focused=false, is-focusable=false, is-layout-requested=false, is-selected=false, layout-params=android.widget.AbsListView$LayoutParams&#64;62e26a5, tag=null, root-is-layout-requested=false, has-input-connection=false, x=0.0, y=0.0, child-count=2} ****MATCHES****
|
+--------&gt;TextView{id=2130903060, res-name=text1, desc=Name, visibility=VISIBLE, width=945, height=78, has-focus=false, has-focusable=false, has-window-focus=true, is-clickable=false, is-enabled=true, is-focused=false, is-focusable=false, is-layout-requested=false, is-selected=false, layout-params=android.widget.LinearLayout$LayoutParams&#64;a0aea7a, tag=null, root-is-layout-requested=false, has-input-connection=false, x=26.0, y=26.0, text=one, input-type=0, ime-target=false, has-links=false}
|
+--------&gt;TextView{id=2130903061, res-name=text2, desc=text2, visibility=VISIBLE, width=109, height=64, has-focus=false, has-focusable=false, has-window-focus=true, is-clickable=false, is-enabled=true, is-focused=false, is-focusable=false, is-layout-requested=false, is-selected=false, layout-params=android.widget.LinearLayout$LayoutParams&#64;e73322b, tag=null, root-is-layout-requested=false, has-input-connection=false, x=971.0, y=35.0, text=(0/0), input-type=0, ime-target=false, has-links=false}
|
+-----&gt;LinearLayout{id=2130903057, res-name=itemsView, visibility=GONE, width=0, height=0, has-focus=false, has-focusable=false, has-window-focus=true, is-clickable=false, is-enabled=true, is-focused=false, is-focusable=false, is-layout-requested=true, is-selected=false, layout-params=android.widget.FrameLayout$LayoutParams&#64;64d3446, tag=null, root-is-layout-requested=false, has-input-connection=false, x=0.0, y=0.0, child-count=2}
|
+------&gt;LinearLayout{id=2130903048, res-name=LinearLayout01, visibility=VISIBLE, width=0, height=0, has-focus=false, has-focusable=true, has-window-focus=true, is-clickable=false, is-enabled=true, is-focused=false, is-focusable=false, is-layout-requested=true, is-selected=false, layout-params=android.widget.LinearLayout$LayoutParams&#64;42b855d, tag=null, root-is-layout-requested=false, has-input-connection=false, x=0.0, y=0.0, child-count=2}
|
+-------&gt;EditText{id=2130903041, res-name=AddItemEditText, desc=addItemEditText, visibility=VISIBLE, width=0, height=0, has-focus=false, has-focusable=true, has-window-focus=true, is-clickable=true, is-enabled=true, is-focused=false, is-focusable=true, is-layout-requested=true, is-selected=false, layout-params=android.widget.LinearLayout$LayoutParams&#64;c184ed2, tag=null, root-is-layout-requested=false, has-input-connection=true, editor-info=[inputType=0x31 imeOptions=0x8000006 privateImeOptions=null actionLabel=null actionId=0 initialSelStart=0 initialSelEnd=0 initialCapsMode=0x0 hintText=New Item Name label=null packageName=null fieldId=0 fieldName=null extras=null hintLocales=null contentMimeTypes=null ], x=0.0, y=0.0, text=, hint=New Item Name, input-type=49, ime-target=false, has-links=false}
|
+-------&gt;Button{id=2130903040, res-name=AddItemButton, desc=Add, visibility=VISIBLE, width=0, height=0, has-focus=false, has-focusable=true, has-window-focus=true, is-clickable=true, is-enabled=true, is-focused=false, is-focusable=true, is-layout-requested=true, is-selected=false, layout-params=android.widget.LinearLayout$LayoutParams&#64;6c9bba3, tag=null, root-is-layout-requested=false, has-input-connection=false, x=0.0, y=0.0, text=Add, input-type=0, ime-target=false, has-links=false}
|
+------&gt;ListView{id=2130903047, res-name=ItemsListView, visibility=VISIBLE, width=0, height=0, has-focus=false, has-focusable=false, has-window-focus=true, is-clickable=true, is-enabled=true, is-focused=false, is-focusable=false, is-layout-requested=true, is-selected=false, layout-params=android.widget.LinearLayout$LayoutParams&#64;e22bea0, tag=null, root-is-layout-requested=false, has-input-connection=false, x=0.0, y=0.0, child-count=0}
|
+--&gt;ActionBarContainer{id=16908669, res-name=action_bar_container, visibility=VISIBLE, width=1080, height=147, has-focus=false, has-focusable=false, has-window-focus=true, is-clickable=false, is-enabled=true, is-focused=false, is-focusable=false, is-layout-requested=false, is-selected=false, layout-params=com.android.internal.widget.ActionBarOverlayLayout$LayoutParams&#64;db26eff, tag=null, root-is-layout-requested=false, has-input-connection=false, x=0.0, y=63.0, child-count=2}
|
+---&gt;Toolbar{id=16908668, res-name=action_bar, visibility=VISIBLE, width=1080, height=147, has-focus=false, has-focusable=false, has-window-focus=true, is-clickable=false, is-enabled=true, is-focused=false, is-focusable=false, is-layout-requested=false, is-selected=false, layout-params=android.widget.FrameLayout$LayoutParams&#64;b0524cc, tag=null, root-is-layout-requested=false, has-input-connection=false, x=0.0, y=0.0, child-count=2}
|
+----&gt;TextView{id=-1, visibility=VISIBLE, width=240, height=71, has-focus=false, has-focusable=false, has-window-focus=true, is-clickable=false, is-enabled=true, is-focused=false, is-focusable=false, is-layout-requested=false, is-selected=false, layout-params=android.widget.Toolbar$LayoutParams&#64;42f0315, tag=null, root-is-layout-requested=false, has-input-connection=false, x=42.0, y=38.0, text=Simply Do, input-type=0, ime-target=false, has-links=false}
|
+----&gt;ActionMenuView{id=-1, visibility=VISIBLE, width=105, height=147, has-focus=false, has-focusable=false, has-window-focus=true, is-clickable=false, is-enabled=true, is-focused=false, is-focusable=false, is-layout-requested=false, is-selected=false, layout-params=android.widget.Toolbar$LayoutParams&#64;48fc1b, tag=null, root-is-layout-requested=false, has-input-connection=false, x=975.0, y=0.0, child-count=1}
|
+-----&gt;OverflowMenuButton{id=-1, desc=More options, visibility=VISIBLE, width=105, height=126, has-focus=false, has-focusable=false, has-window-focus=true, is-clickable=true, is-enabled=true, is-focused=false, is-focusable=true, is-layout-requested=false, is-selected=false, layout-params=android.widget.ActionMenuView$LayoutParams&#64;3c5c1b8, tag=null, root-is-layout-requested=false, has-input-connection=false, x=0.0, y=10.0}
|
+---&gt;ActionBarContextView{id=16908673, res-name=action_context_bar, visibility=GONE, width=0, height=0, has-focus=false, has-focusable=false, has-window-focus=true, is-clickable=false, is-enabled=true, is-focused=false, is-focusable=false, is-layout-requested=true, is-selected=false, layout-params=android.widget.FrameLayout$LayoutParams&#64;889bb91, tag=null, root-is-layout-requested=false, has-input-connection=false, x=0.0, y=0.0, child-count=0}
|
+-&gt;View{id=16908336, res-name=navigationBarBackground, visibility=VISIBLE, width=1080, height=126, has-focus=false, has-focusable=false, has-window-focus=true, is-clickable=false, is-enabled=true, is-focused=false, is-focusable=false, is-layout-requested=false, is-selected=false, layout-params=android.widget.FrameLayout$LayoutParams&#64;cf13af6, tag=null, root-is-layout-requested=false, has-input-connection=false, x=0.0, y=1794.0}
|
+-&gt;View{id=16908335, res-name=statusBarBackground, visibility=VISIBLE, width=1080, height=63, has-focus=false, has-focusable=false, has-window-focus=true, is-clickable=false, is-enabled=true, is-focused=false, is-focusable=false, is-layout-requested=false, is-selected=false, layout-params=android.widget.FrameLayout$LayoutParams&#64;2f13ef7, tag=null, root-is-layout-requested=false, has-input-connection=false, x=0.0, y=0.0}
|
at dalvik.system.VMStack.getThreadStackTrace(Native Method)
at java.lang.Thread.getStackTrace(Thread.java:1536)
at android.support.test.espresso.base.DefaultFailureHandler.getUserFriendlyError(DefaultFailureHandler.java:88)
at android.support.test.espresso.base.DefaultFailureHandler.handle(DefaultFailureHandler.java:51)
at android.support.test.espresso.ViewInteraction.waitForAndHandleInteractionResults(ViewInteraction.java:312)
at android.support.test.espresso.ViewInteraction.desugaredPerform(ViewInteraction.java:173)
at android.support.test.espresso.ViewInteraction.perform(ViewInteraction.java:114)
at kdk.android.simplydo.C2.ItemAssertC2.itemAssertC2(ItemAssertC2.java:49)
at java.lang.reflect.Method.invoke(Native Method)
at org.junit.runners.model.FrameworkMethod$1.runReflectiveCall(FrameworkMethod.java:50)
at org.junit.internal.runners.model.ReflectiveCallable.run(ReflectiveCallable.java:12)
at org.junit.runners.model.FrameworkMethod.invokeExplosively(FrameworkMethod.java:47)
at org.junit.internal.runners.statements.InvokeMethod.evaluate(InvokeMethod.java:17)
at android.support.test.rule.ActivityTestRule$ActivityStatement.evaluate(ActivityTestRule.java:527)
at org.junit.rules.RunRules.evaluate(RunRules.java:20)
at org.junit.runners.ParentRunner.runLeaf(ParentRunner.java:325)
at org.junit.runners.BlockJUnit4ClassRunner.runChild(BlockJUnit4ClassRunner.java:78)
at org.junit.runners.BlockJUnit4ClassRunner.runChild(BlockJUnit4ClassRunner.java:57)
at org.junit.runners.ParentRunner$3.run(ParentRunner.java:290)
at org.junit.runners.ParentRunner$1.schedule(ParentRunner.java:71)
at org.junit.runners.ParentRunner.runChildren(ParentRunner.java:288)
at org.junit.runners.ParentRunner.access$000(ParentRunner.java:58)
at org.junit.runners.ParentRunner$2.evaluate(ParentRunner.java:268)
at org.junit.runners.ParentRunner.run(ParentRunner.java:363)
at android.support.test.runner.AndroidJUnit4.run(AndroidJUnit4.java:101)
at org.junit.runners.Suite.runChild(Suite.java:128)
at org.junit.runners.Suite.runChild(Suite.java:27)
at org.junit.runners.ParentRunner$3.run(ParentRunner.java:290)
at org.junit.runners.ParentRunner$1.schedule(ParentRunner.java:71)
at org.junit.runners.ParentRunner.runChildren(ParentRunner.java:288)
at org.junit.runners.ParentRunner.access$000(ParentRunner.java:58)
at org.junit.runners.ParentRunner$2.evaluate(ParentRunner.java:268)
at org.junit.runners.ParentRunner.run(ParentRunner.java:363)
at org.junit.runner.JUnitCore.run(JUnitCore.java:137)
at org.junit.runner.JUnitCore.run(JUnitCore.java:115)
at android.support.test.internal.runner.TestExecutor.execute(TestExecutor.java:56)
at android.support.test.runner.AndroidJUnitRunner.onStart(AndroidJUnitRunner.java:384)
at android.app.Instrumentation$InstrumentationThread.run(Instrumentation.java:2074)
</failure>
  </testcase>
  <testcase name="multipleListC2" classname="kdk.android.simplydo.C2.MultipleListC2" time="1.447">
    <failure>android.support.test.espresso.AmbiguousViewMatcherException: '(with class name: is "android.widget.LinearLayout" and is displayed on the screen to the user)' matches multiple views in the hierarchy.
Problem views are marked with '****MATCHES****' below.

View Hierarchy:
+&gt;DecorView{id=-1, visibility=VISIBLE, width=1080, height=1920, has-focus=true, has-focusable=true, has-window-focus=true, is-clickable=false, is-enabled=true, is-focused=false, is-focusable=false, is-layout-requested=false, is-selected=false, layout-params=WM.LayoutParams{(0,0)(fillxfill) sim=#3 ty=1 fl=#81810100 pfl=0x20000 wanim=0x10302f6 needsMenuKey=2 colorMode=0}, tag=null, root-is-layout-requested=false, has-input-connection=false, x=0.0, y=0.0, child-count=3}
|
+-&gt;ActionBarOverlayLayout{id=16908822, res-name=decor_content_parent, visibility=VISIBLE, width=1080, height=1794, has-focus=true, has-focusable=true, has-window-focus=true, is-clickable=false, is-enabled=true, is-focused=false, is-focusable=false, is-layout-requested=false, is-selected=false, layout-params=android.widget.FrameLayout$LayoutParams&#64;48fc1b, tag=null, root-is-layout-requested=false, has-input-connection=false, x=0.0, y=0.0, child-count=2}
|
+--&gt;FrameLayout{id=16908290, res-name=content, visibility=VISIBLE, width=1080, height=1584, has-focus=true, has-focusable=true, has-window-focus=true, is-clickable=false, is-enabled=true, is-focused=false, is-focusable=false, is-layout-requested=false, is-selected=false, layout-params=com.android.internal.widget.ActionBarOverlayLayout$LayoutParams&#64;3c5c1b8, tag=null, root-is-layout-requested=false, has-input-connection=false, x=0.0, y=210.0, child-count=1}
|
+---&gt;LinearLayout{id=-1, visibility=VISIBLE, width=1080, height=1584, has-focus=true, has-focusable=true, has-window-focus=true, is-clickable=false, is-enabled=true, is-focused=false, is-focusable=false, is-layout-requested=false, is-selected=false, layout-params=android.widget.FrameLayout$LayoutParams&#64;cf13af6, tag=null, root-is-layout-requested=false, has-input-connection=false, x=0.0, y=0.0, child-count=1} ****MATCHES****
|
+----&gt;ViewSwitcher{id=2130903049, res-name=ListsItemsSwitcher, visibility=VISIBLE, width=1080, height=389, has-focus=true, has-focusable=true, has-window-focus=true, is-clickable=false, is-enabled=true, is-focused=false, is-focusable=false, is-layout-requested=false, is-selected=false, layout-params=android.widget.LinearLayout$LayoutParams&#64;bf14164, tag=null, root-is-layout-requested=false, has-input-connection=false, x=0.0, y=0.0, child-count=2}
|
+-----&gt;LinearLayout{id=2130903059, res-name=listsView, visibility=VISIBLE, width=1080, height=389, has-focus=true, has-focusable=true, has-window-focus=true, is-clickable=false, is-enabled=true, is-focused=false, is-focusable=false, is-layout-requested=false, is-selected=false, layout-params=android.widget.FrameLayout$LayoutParams&#64;efd7fcd, tag=null, root-is-layout-requested=false, has-input-connection=false, x=0.0, y=0.0, child-count=2} ****MATCHES****
|
+------&gt;LinearLayout{id=2130903048, res-name=LinearLayout01, visibility=VISIBLE, width=1080, height=126, has-focus=true, has-focusable=true, has-window-focus=true, is-clickable=false, is-enabled=true, is-focused=false, is-focusable=false, is-layout-requested=false, is-selected=false, layout-params=android.widget.LinearLayout$LayoutParams&#64;46e1082, tag=null, root-is-layout-requested=false, has-input-connection=false, x=0.0, y=0.0, child-count=2} ****MATCHES****
|
+-------&gt;EditText{id=2130903043, res-name=AddListEditText, desc=addlistedittext, visibility=VISIBLE, width=849, height=126, has-focus=true, has-focusable=true, has-window-focus=true, is-clickable=true, is-enabled=true, is-focused=true, is-focusable=true, is-layout-requested=false, is-selected=false, layout-params=android.widget.LinearLayout$LayoutParams&#64;af0b2ce, tag=null, root-is-layout-requested=false, has-input-connection=true, editor-info=[inputType=0x31 imeOptions=0x8000006 privateImeOptions=null actionLabel=null actionId=0 initialSelStart=0 initialSelEnd=0 initialCapsMode=0x0 hintText=New List Name label=null packageName=null fieldId=0 fieldName=null extras=null hintLocales=null contentMimeTypes=null ], x=0.0, y=0.0, text=, hint=New List Name, input-type=49, ime-target=true, has-links=false}
|
+-------&gt;Button{id=2130903042, res-name=AddListButton, desc=Add, visibility=VISIBLE, width=231, height=126, has-focus=false, has-focusable=true, has-window-focus=true, is-clickable=true, is-enabled=true, is-focused=false, is-focusable=true, is-layout-requested=false, is-selected=false, layout-params=android.widget.LinearLayout$LayoutParams&#64;84b15ef, tag=null, root-is-layout-requested=false, has-input-connection=false, x=849.0, y=0.0, text=Add, input-type=0, ime-target=false, has-links=false}
|
+------&gt;ListView{id=2130903050, res-name=ListsListView, visibility=VISIBLE, width=1080, height=263, has-focus=false, has-focusable=true, has-window-focus=true, is-clickable=true, is-enabled=true, is-focused=false, is-focusable=true, is-layout-requested=false, is-selected=false, layout-params=android.widget.LinearLayout$LayoutParams&#64;e8158fc, tag=null, root-is-layout-requested=false, has-input-connection=false, x=0.0, y=126.0, child-count=2}
|
+-------&gt;LinearLayout{id=-1, visibility=VISIBLE, width=1080, height=130, has-focus=false, has-focusable=false, has-window-focus=true, is-clickable=false, is-enabled=true, is-focused=false, is-focusable=false, is-layout-requested=false, is-selected=false, layout-params=android.widget.AbsListView$LayoutParams&#64;517db85, tag=null, root-is-layout-requested=false, has-input-connection=false, x=0.0, y=0.0, child-count=2} ****MATCHES****
|
+--------&gt;TextView{id=2130903060, res-name=text1, desc=Name, visibility=VISIBLE, width=945, height=78, has-focus=false, has-focusable=false, has-window-focus=true, is-clickable=false, is-enabled=true, is-focused=false, is-focusable=false, is-layout-requested=false, is-selected=false, layout-params=android.widget.LinearLayout$LayoutParams&#64;de92dda, tag=null, root-is-layout-requested=false, has-input-connection=false, x=26.0, y=26.0, text=one, input-type=0, ime-target=false, has-links=false}
|
+--------&gt;TextView{id=2130903061, res-name=text2, desc=text2, visibility=VISIBLE, width=109, height=64, has-focus=false, has-focusable=false, has-window-focus=true, is-clickable=false, is-enabled=true, is-focused=false, is-focusable=false, is-layout-requested=false, is-selected=false, layout-params=android.widget.LinearLayout$LayoutParams&#64;8dd220b, tag=null, root-is-layout-requested=false, has-input-connection=false, x=971.0, y=35.0, text=(0/0), input-type=0, ime-target=false, has-links=false}
|
+-------&gt;LinearLayout{id=-1, visibility=VISIBLE, width=1080, height=130, has-focus=false, has-focusable=false, has-window-focus=true, is-clickable=false, is-enabled=true, is-focused=false, is-focusable=false, is-layout-requested=false, is-selected=false, layout-params=android.widget.AbsListView$LayoutParams&#64;60908e8, tag=null, root-is-layout-requested=false, has-input-connection=false, x=0.0, y=133.0, child-count=2} ****MATCHES****
|
+--------&gt;TextView{id=2130903060, res-name=text1, desc=Name, visibility=VISIBLE, width=945, height=78, has-focus=false, has-focusable=false, has-window-focus=true, is-clickable=false, is-enabled=true, is-focused=false, is-focusable=false, is-layout-requested=false, is-selected=false, layout-params=android.widget.LinearLayout$LayoutParams&#64;dffab01, tag=null, root-is-layout-requested=false, has-input-connection=false, x=26.0, y=26.0, text=two, input-type=0, ime-target=false, has-links=false}
|
+--------&gt;TextView{id=2130903061, res-name=text2, desc=text2, visibility=VISIBLE, width=109, height=64, has-focus=false, has-focusable=false, has-window-focus=true, is-clickable=false, is-enabled=true, is-focused=false, is-focusable=false, is-layout-requested=false, is-selected=false, layout-params=android.widget.LinearLayout$LayoutParams&#64;fbc4da6, tag=null, root-is-layout-requested=false, has-input-connection=false, x=971.0, y=35.0, text=(0/0), input-type=0, ime-target=false, has-links=false}
|
+-----&gt;LinearLayout{id=2130903057, res-name=itemsView, visibility=GONE, width=0, height=0, has-focus=false, has-focusable=false, has-window-focus=true, is-clickable=false, is-enabled=true, is-focused=false, is-focusable=false, is-layout-requested=true, is-selected=false, layout-params=android.widget.FrameLayout$LayoutParams&#64;a3af63d, tag=null, root-is-layout-requested=false, has-input-connection=false, x=0.0, y=0.0, child-count=2}
|
+------&gt;LinearLayout{id=2130903048, res-name=LinearLayout01, visibility=VISIBLE, width=0, height=0, has-focus=false, has-focusable=true, has-window-focus=true, is-clickable=false, is-enabled=true, is-focused=false, is-focusable=false, is-layout-requested=true, is-selected=false, layout-params=android.widget.LinearLayout$LayoutParams&#64;b520d00, tag=null, root-is-layout-requested=false, has-input-connection=false, x=0.0, y=0.0, child-count=2}
|
+-------&gt;EditText{id=2130903041, res-name=AddItemEditText, desc=addItemEditText, visibility=VISIBLE, width=0, height=0, has-focus=false, has-focusable=true, has-window-focus=true, is-clickable=true, is-enabled=true, is-focused=false, is-focusable=true, is-layout-requested=true, is-selected=false, layout-params=android.widget.LinearLayout$LayoutParams&#64;fe5b939, tag=null, root-is-layout-requested=false, has-input-connection=true, editor-info=[inputType=0x31 imeOptions=0x8000006 privateImeOptions=null actionLabel=null actionId=0 initialSelStart=0 initialSelEnd=0 initialCapsMode=0x0 hintText=New Item Name label=null packageName=null fieldId=0 fieldName=null extras=null hintLocales=null contentMimeTypes=null ], x=0.0, y=0.0, text=, hint=New Item Name, input-type=49, ime-target=false, has-links=false}
|
+-------&gt;Button{id=2130903040, res-name=AddItemButton, desc=Add, visibility=VISIBLE, width=0, height=0, has-focus=false, has-focusable=true, has-window-focus=true, is-clickable=true, is-enabled=true, is-focused=false, is-focusable=true, is-layout-requested=true, is-selected=false, layout-params=android.widget.LinearLayout$LayoutParams&#64;e556b7e, tag=null, root-is-layout-requested=false, has-input-connection=false, x=0.0, y=0.0, text=Add, input-type=0, ime-target=false, has-links=false}
|
+------&gt;ListView{id=2130903047, res-name=ItemsListView, visibility=VISIBLE, width=0, height=0, has-focus=false, has-focusable=false, has-window-focus=true, is-clickable=true, is-enabled=true, is-focused=false, is-focusable=false, is-layout-requested=true, is-selected=false, layout-params=android.widget.LinearLayout$LayoutParams&#64;29358df, tag=null, root-is-layout-requested=false, has-input-connection=false, x=0.0, y=0.0, child-count=0}
|
+--&gt;ActionBarContainer{id=16908669, res-name=action_bar_container, visibility=VISIBLE, width=1080, height=147, has-focus=false, has-focusable=false, has-window-focus=true, is-clickable=false, is-enabled=true, is-focused=false, is-focusable=false, is-layout-requested=false, is-selected=false, layout-params=com.android.internal.widget.ActionBarOverlayLayout$LayoutParams&#64;358c18a, tag=null, root-is-layout-requested=false, has-input-connection=false, x=0.0, y=63.0, child-count=2}
|
+---&gt;Toolbar{id=16908668, res-name=action_bar, visibility=VISIBLE, width=1080, height=147, has-focus=false, has-focusable=false, has-window-focus=true, is-clickable=false, is-enabled=true, is-focused=false, is-focusable=false, is-layout-requested=false, is-selected=false, layout-params=android.widget.FrameLayout$LayoutParams&#64;27ea3fb, tag=null, root-is-layout-requested=false, has-input-connection=false, x=0.0, y=0.0, child-count=2}
|
+----&gt;TextView{id=-1, visibility=VISIBLE, width=240, height=71, has-focus=false, has-focusable=false, has-window-focus=true, is-clickable=false, is-enabled=true, is-focused=false, is-focusable=false, is-layout-requested=false, is-selected=false, layout-params=android.widget.Toolbar$LayoutParams&#64;5047c18, tag=null, root-is-layout-requested=false, has-input-connection=false, x=42.0, y=38.0, text=Simply Do, input-type=0, ime-target=false, has-links=false}
|
+----&gt;ActionMenuView{id=-1, visibility=VISIBLE, width=105, height=147, has-focus=false, has-focusable=false, has-window-focus=true, is-clickable=false, is-enabled=true, is-focused=false, is-focusable=false, is-layout-requested=false, is-selected=false, layout-params=android.widget.Toolbar$LayoutParams&#64;c896c56, tag=null, root-is-layout-requested=false, has-input-connection=false, x=975.0, y=0.0, child-count=1}
|
+-----&gt;OverflowMenuButton{id=-1, desc=More options, visibility=VISIBLE, width=105, height=126, has-focus=false, has-focusable=false, has-window-focus=true, is-clickable=true, is-enabled=true, is-focused=false, is-focusable=true, is-layout-requested=false, is-selected=false, layout-params=android.widget.ActionMenuView$LayoutParams&#64;60984d7, tag=null, root-is-layout-requested=false, has-input-connection=false, x=0.0, y=10.0}
|
+---&gt;ActionBarContextView{id=16908673, res-name=action_context_bar, visibility=GONE, width=0, height=0, has-focus=false, has-focusable=false, has-window-focus=true, is-clickable=false, is-enabled=true, is-focused=false, is-focusable=false, is-layout-requested=true, is-selected=false, layout-params=android.widget.FrameLayout$LayoutParams&#64;dd141c4, tag=null, root-is-layout-requested=false, has-input-connection=false, x=0.0, y=0.0, child-count=0}
|
+-&gt;View{id=16908336, res-name=navigationBarBackground, visibility=VISIBLE, width=1080, height=126, has-focus=false, has-focusable=false, has-window-focus=true, is-clickable=false, is-enabled=true, is-focused=false, is-focusable=false, is-layout-requested=false, is-selected=false, layout-params=android.widget.FrameLayout$LayoutParams&#64;5bae8ad, tag=null, root-is-layout-requested=false, has-input-connection=false, x=0.0, y=1794.0}
|
+-&gt;View{id=16908335, res-name=statusBarBackground, visibility=VISIBLE, width=1080, height=63, has-focus=false, has-focusable=false, has-window-focus=true, is-clickable=false, is-enabled=true, is-focused=false, is-focusable=false, is-layout-requested=false, is-selected=false, layout-params=android.widget.FrameLayout$LayoutParams&#64;647f7e2, tag=null, root-is-layout-requested=false, has-input-connection=false, x=0.0, y=0.0}
|
at dalvik.system.VMStack.getThreadStackTrace(Native Method)
at java.lang.Thread.getStackTrace(Thread.java:1536)
at android.support.test.espresso.base.DefaultFailureHandler.getUserFriendlyError(DefaultFailureHandler.java:88)
at android.support.test.espresso.base.DefaultFailureHandler.handle(DefaultFailureHandler.java:51)
at android.support.test.espresso.ViewInteraction.waitForAndHandleInteractionResults(ViewInteraction.java:312)
at android.support.test.espresso.ViewInteraction.desugaredPerform(ViewInteraction.java:173)
at android.support.test.espresso.ViewInteraction.perform(ViewInteraction.java:114)
at kdk.android.simplydo.C2.MultipleListC2.multipleListC2(MultipleListC2.java:60)
at java.lang.reflect.Method.invoke(Native Method)
at org.junit.runners.model.FrameworkMethod$1.runReflectiveCall(FrameworkMethod.java:50)
at org.junit.internal.runners.model.ReflectiveCallable.run(ReflectiveCallable.java:12)
at org.junit.runners.model.FrameworkMethod.invokeExplosively(FrameworkMethod.java:47)
at org.junit.internal.runners.statements.InvokeMethod.evaluate(InvokeMethod.java:17)
at android.support.test.rule.ActivityTestRule$ActivityStatement.evaluate(ActivityTestRule.java:527)
at org.junit.rules.RunRules.evaluate(RunRules.java:20)
at org.junit.runners.ParentRunner.runLeaf(ParentRunner.java:325)
at org.junit.runners.BlockJUnit4ClassRunner.runChild(BlockJUnit4ClassRunner.java:78)
at org.junit.runners.BlockJUnit4ClassRunner.runChild(BlockJUnit4ClassRunner.java:57)
at org.junit.runners.ParentRunner$3.run(ParentRunner.java:290)
at org.junit.runners.ParentRunner$1.schedule(ParentRunner.java:71)
at org.junit.runners.ParentRunner.runChildren(ParentRunner.java:288)
at org.junit.runners.ParentRunner.access$000(ParentRunner.java:58)
at org.junit.runners.ParentRunner$2.evaluate(ParentRunner.java:268)
at org.junit.runners.ParentRunner.run(ParentRunner.java:363)
at android.support.test.runner.AndroidJUnit4.run(AndroidJUnit4.java:101)
at org.junit.runners.Suite.runChild(Suite.java:128)
at org.junit.runners.Suite.runChild(Suite.java:27)
at org.junit.runners.ParentRunner$3.run(ParentRunner.java:290)
at org.junit.runners.ParentRunner$1.schedule(ParentRunner.java:71)
at org.junit.runners.ParentRunner.runChildren(ParentRunner.java:288)
at org.junit.runners.ParentRunner.access$000(ParentRunner.java:58)
at org.junit.runners.ParentRunner$2.evaluate(ParentRunner.java:268)
at org.junit.runners.ParentRunner.run(ParentRunner.java:363)
at org.junit.runner.JUnitCore.run(JUnitCore.java:137)
at org.junit.runner.JUnitCore.run(JUnitCore.java:115)
at android.support.test.internal.runner.TestExecutor.execute(TestExecutor.java:56)
at android.support.test.runner.AndroidJUnitRunner.onStart(AndroidJUnitRunner.java:384)
at android.app.Instrumentation$InstrumentationThread.run(Instrumentation.java:2074)
</failure>
  </testcase>
  <testcase name="sortItemsC2" classname="kdk.android.simplydo.C2.SortItemsC2" time="1.041">
    <failure>android.support.test.espresso.AmbiguousViewMatcherException: '(with class name: is "android.widget.LinearLayout" and is displayed on the screen to the user)' matches multiple views in the hierarchy.
Problem views are marked with '****MATCHES****' below.

View Hierarchy:
+&gt;DecorView{id=-1, visibility=VISIBLE, width=1080, height=1920, has-focus=true, has-focusable=true, has-window-focus=true, is-clickable=false, is-enabled=true, is-focused=false, is-focusable=false, is-layout-requested=false, is-selected=false, layout-params=WM.LayoutParams{(0,0)(fillxfill) sim=#3 ty=1 fl=#81810100 pfl=0x20000 wanim=0x10302f6 needsMenuKey=2 colorMode=0}, tag=null, root-is-layout-requested=false, has-input-connection=false, x=0.0, y=0.0, child-count=3}
|
+-&gt;ActionBarOverlayLayout{id=16908822, res-name=decor_content_parent, visibility=VISIBLE, width=1080, height=1794, has-focus=true, has-focusable=true, has-window-focus=true, is-clickable=false, is-enabled=true, is-focused=false, is-focusable=false, is-layout-requested=false, is-selected=false, layout-params=android.widget.FrameLayout$LayoutParams&#64;accc43b, tag=null, root-is-layout-requested=false, has-input-connection=false, x=0.0, y=0.0, child-count=2}
|
+--&gt;FrameLayout{id=16908290, res-name=content, visibility=VISIBLE, width=1080, height=1584, has-focus=true, has-focusable=true, has-window-focus=true, is-clickable=false, is-enabled=true, is-focused=false, is-focusable=false, is-layout-requested=false, is-selected=false, layout-params=com.android.internal.widget.ActionBarOverlayLayout$LayoutParams&#64;d9bb758, tag=null, root-is-layout-requested=false, has-input-connection=false, x=0.0, y=210.0, child-count=1}
|
+---&gt;LinearLayout{id=-1, visibility=VISIBLE, width=1080, height=1584, has-focus=true, has-focusable=true, has-window-focus=true, is-clickable=false, is-enabled=true, is-focused=false, is-focusable=false, is-layout-requested=false, is-selected=false, layout-params=android.widget.FrameLayout$LayoutParams&#64;ab53996, tag=null, root-is-layout-requested=false, has-input-connection=false, x=0.0, y=0.0, child-count=1} ****MATCHES****
|
+----&gt;ViewSwitcher{id=2130903049, res-name=ListsItemsSwitcher, visibility=VISIBLE, width=1080, height=256, has-focus=true, has-focusable=true, has-window-focus=true, is-clickable=false, is-enabled=true, is-focused=false, is-focusable=false, is-layout-requested=false, is-selected=false, layout-params=android.widget.LinearLayout$LayoutParams&#64;9c0f104, tag=null, root-is-layout-requested=false, has-input-connection=false, x=0.0, y=0.0, child-count=2}
|
+-----&gt;LinearLayout{id=2130903059, res-name=listsView, visibility=VISIBLE, width=1080, height=256, has-focus=true, has-focusable=true, has-window-focus=true, is-clickable=false, is-enabled=true, is-focused=false, is-focusable=false, is-layout-requested=false, is-selected=false, layout-params=android.widget.FrameLayout$LayoutParams&#64;dae06ed, tag=null, root-is-layout-requested=false, has-input-connection=false, x=0.0, y=0.0, child-count=2} ****MATCHES****
|
+------&gt;LinearLayout{id=2130903048, res-name=LinearLayout01, visibility=VISIBLE, width=1080, height=126, has-focus=true, has-focusable=true, has-window-focus=true, is-clickable=false, is-enabled=true, is-focused=false, is-focusable=false, is-layout-requested=false, is-selected=false, layout-params=android.widget.LinearLayout$LayoutParams&#64;1835922, tag=null, root-is-layout-requested=false, has-input-connection=false, x=0.0, y=0.0, child-count=2} ****MATCHES****
|
+-------&gt;EditText{id=2130903043, res-name=AddListEditText, desc=addlistedittext, visibility=VISIBLE, width=849, height=126, has-focus=true, has-focusable=true, has-window-focus=true, is-clickable=true, is-enabled=true, is-focused=true, is-focusable=true, is-layout-requested=false, is-selected=false, layout-params=android.widget.LinearLayout$LayoutParams&#64;c21e56e, tag=null, root-is-layout-requested=false, has-input-connection=true, editor-info=[inputType=0x31 imeOptions=0x8000006 privateImeOptions=null actionLabel=null actionId=0 initialSelStart=0 initialSelEnd=0 initialCapsMode=0x0 hintText=New List Name label=null packageName=null fieldId=0 fieldName=null extras=null hintLocales=null contentMimeTypes=null ], x=0.0, y=0.0, text=, hint=New List Name, input-type=49, ime-target=true, has-links=false}
|
+-------&gt;Button{id=2130903042, res-name=AddListButton, desc=Add, visibility=VISIBLE, width=231, height=126, has-focus=false, has-focusable=true, has-window-focus=true, is-clickable=true, is-enabled=true, is-focused=false, is-focusable=true, is-layout-requested=false, is-selected=false, layout-params=android.widget.LinearLayout$LayoutParams&#64;f6a640f, tag=null, root-is-layout-requested=false, has-input-connection=false, x=849.0, y=0.0, text=Add, input-type=0, ime-target=false, has-links=false}
|
+------&gt;ListView{id=2130903050, res-name=ListsListView, visibility=VISIBLE, width=1080, height=130, has-focus=false, has-focusable=true, has-window-focus=true, is-clickable=true, is-enabled=true, is-focused=false, is-focusable=true, is-layout-requested=false, is-selected=false, layout-params=android.widget.LinearLayout$LayoutParams&#64;d635c9c, tag=null, root-is-layout-requested=false, has-input-connection=false, x=0.0, y=126.0, child-count=1}
|
+-------&gt;LinearLayout{id=-1, visibility=VISIBLE, width=1080, height=130, has-focus=false, has-focusable=false, has-window-focus=true, is-clickable=false, is-enabled=true, is-focused=false, is-focusable=false, is-layout-requested=false, is-selected=false, layout-params=android.widget.AbsListView$LayoutParams&#64;62e26a5, tag=null, root-is-layout-requested=false, has-input-connection=false, x=0.0, y=0.0, child-count=2} ****MATCHES****
|
+--------&gt;TextView{id=2130903060, res-name=text1, desc=Name, visibility=VISIBLE, width=945, height=78, has-focus=false, has-focusable=false, has-window-focus=true, is-clickable=false, is-enabled=true, is-focused=false, is-focusable=false, is-layout-requested=false, is-selected=false, layout-params=android.widget.LinearLayout$LayoutParams&#64;a0aea7a, tag=null, root-is-layout-requested=false, has-input-connection=false, x=26.0, y=26.0, text=List, input-type=0, ime-target=false, has-links=false}
|
+--------&gt;TextView{id=2130903061, res-name=text2, desc=text2, visibility=VISIBLE, width=109, height=64, has-focus=false, has-focusable=false, has-window-focus=true, is-clickable=false, is-enabled=true, is-focused=false, is-focusable=false, is-layout-requested=false, is-selected=false, layout-params=android.widget.LinearLayout$LayoutParams&#64;e73322b, tag=null, root-is-layout-requested=false, has-input-connection=false, x=971.0, y=35.0, text=(0/0), input-type=0, ime-target=false, has-links=false}
|
+-----&gt;LinearLayout{id=2130903057, res-name=itemsView, visibility=GONE, width=0, height=0, has-focus=false, has-focusable=false, has-window-focus=true, is-clickable=false, is-enabled=true, is-focused=false, is-focusable=false, is-layout-requested=true, is-selected=false, layout-params=android.widget.FrameLayout$LayoutParams&#64;64d3446, tag=null, root-is-layout-requested=false, has-input-connection=false, x=0.0, y=0.0, child-count=2}
|
+------&gt;LinearLayout{id=2130903048, res-name=LinearLayout01, visibility=VISIBLE, width=0, height=0, has-focus=false, has-focusable=true, has-window-focus=true, is-clickable=false, is-enabled=true, is-focused=false, is-focusable=false, is-layout-requested=true, is-selected=false, layout-params=android.widget.LinearLayout$LayoutParams&#64;42b855d, tag=null, root-is-layout-requested=false, has-input-connection=false, x=0.0, y=0.0, child-count=2}
|
+-------&gt;EditText{id=2130903041, res-name=AddItemEditText, desc=addItemEditText, visibility=VISIBLE, width=0, height=0, has-focus=false, has-focusable=true, has-window-focus=true, is-clickable=true, is-enabled=true, is-focused=false, is-focusable=true, is-layout-requested=true, is-selected=false, layout-params=android.widget.LinearLayout$LayoutParams&#64;c184ed2, tag=null, root-is-layout-requested=false, has-input-connection=true, editor-info=[inputType=0x31 imeOptions=0x8000006 privateImeOptions=null actionLabel=null actionId=0 initialSelStart=0 initialSelEnd=0 initialCapsMode=0x0 hintText=New Item Name label=null packageName=null fieldId=0 fieldName=null extras=null hintLocales=null contentMimeTypes=null ], x=0.0, y=0.0, text=, hint=New Item Name, input-type=49, ime-target=false, has-links=false}
|
+-------&gt;Button{id=2130903040, res-name=AddItemButton, desc=Add, visibility=VISIBLE, width=0, height=0, has-focus=false, has-focusable=true, has-window-focus=true, is-clickable=true, is-enabled=true, is-focused=false, is-focusable=true, is-layout-requested=true, is-selected=false, layout-params=android.widget.LinearLayout$LayoutParams&#64;6c9bba3, tag=null, root-is-layout-requested=false, has-input-connection=false, x=0.0, y=0.0, text=Add, input-type=0, ime-target=false, has-links=false}
|
+------&gt;ListView{id=2130903047, res-name=ItemsListView, visibility=VISIBLE, width=0, height=0, has-focus=false, has-focusable=false, has-window-focus=true, is-clickable=true, is-enabled=true, is-focused=false, is-focusable=false, is-layout-requested=true, is-selected=false, layout-params=android.widget.LinearLayout$LayoutParams&#64;e22bea0, tag=null, root-is-layout-requested=false, has-input-connection=false, x=0.0, y=0.0, child-count=0}
|
+--&gt;ActionBarContainer{id=16908669, res-name=action_bar_container, visibility=VISIBLE, width=1080, height=147, has-focus=false, has-focusable=false, has-window-focus=true, is-clickable=false, is-enabled=true, is-focused=false, is-focusable=false, is-layout-requested=false, is-selected=false, layout-params=com.android.internal.widget.ActionBarOverlayLayout$LayoutParams&#64;db26eff, tag=null, root-is-layout-requested=false, has-input-connection=false, x=0.0, y=63.0, child-count=2}
|
+---&gt;Toolbar{id=16908668, res-name=action_bar, visibility=VISIBLE, width=1080, height=147, has-focus=false, has-focusable=false, has-window-focus=true, is-clickable=false, is-enabled=true, is-focused=false, is-focusable=false, is-layout-requested=false, is-selected=false, layout-params=android.widget.FrameLayout$LayoutParams&#64;b0524cc, tag=null, root-is-layout-requested=false, has-input-connection=false, x=0.0, y=0.0, child-count=2}
|
+----&gt;TextView{id=-1, visibility=VISIBLE, width=240, height=71, has-focus=false, has-focusable=false, has-window-focus=true, is-clickable=false, is-enabled=true, is-focused=false, is-focusable=false, is-layout-requested=false, is-selected=false, layout-params=android.widget.Toolbar$LayoutParams&#64;42f0315, tag=null, root-is-layout-requested=false, has-input-connection=false, x=42.0, y=38.0, text=Simply Do, input-type=0, ime-target=false, has-links=false}
|
+----&gt;ActionMenuView{id=-1, visibility=VISIBLE, width=105, height=147, has-focus=false, has-focusable=false, has-window-focus=true, is-clickable=false, is-enabled=true, is-focused=false, is-focusable=false, is-layout-requested=false, is-selected=false, layout-params=android.widget.Toolbar$LayoutParams&#64;48fc1b, tag=null, root-is-layout-requested=false, has-input-connection=false, x=975.0, y=0.0, child-count=1}
|
+-----&gt;OverflowMenuButton{id=-1, desc=More options, visibility=VISIBLE, width=105, height=126, has-focus=false, has-focusable=false, has-window-focus=true, is-clickable=true, is-enabled=true, is-focused=false, is-focusable=true, is-layout-requested=false, is-selected=false, layout-params=android.widget.ActionMenuView$LayoutParams&#64;3c5c1b8, tag=null, root-is-layout-requested=false, has-input-connection=false, x=0.0, y=10.0}
|
+---&gt;ActionBarContextView{id=16908673, res-name=action_context_bar, visibility=GONE, width=0, height=0, has-focus=false, has-focusable=false, has-window-focus=true, is-clickable=false, is-enabled=true, is-focused=false, is-focusable=false, is-layout-requested=true, is-selected=false, layout-params=android.widget.FrameLayout$LayoutParams&#64;889bb91, tag=null, root-is-layout-requested=false, has-input-connection=false, x=0.0, y=0.0, child-count=0}
|
+-&gt;View{id=16908336, res-name=navigationBarBackground, visibility=VISIBLE, width=1080, height=126, has-focus=false, has-focusable=false, has-window-focus=true, is-clickable=false, is-enabled=true, is-focused=false, is-focusable=false, is-layout-requested=false, is-selected=false, layout-params=android.widget.FrameLayout$LayoutParams&#64;cf13af6, tag=null, root-is-layout-requested=false, has-input-connection=false, x=0.0, y=1794.0}
|
+-&gt;View{id=16908335, res-name=statusBarBackground, visibility=VISIBLE, width=1080, height=63, has-focus=false, has-focusable=false, has-window-focus=true, is-clickable=false, is-enabled=true, is-focused=false, is-focusable=false, is-layout-requested=false, is-selected=false, layout-params=android.widget.FrameLayout$LayoutParams&#64;2f13ef7, tag=null, root-is-layout-requested=false, has-input-connection=false, x=0.0, y=0.0}
|
at dalvik.system.VMStack.getThreadStackTrace(Native Method)
at java.lang.Thread.getStackTrace(Thread.java:1536)
at android.support.test.espresso.base.DefaultFailureHandler.getUserFriendlyError(DefaultFailureHandler.java:88)
at android.support.test.espresso.base.DefaultFailureHandler.handle(DefaultFailureHandler.java:51)
at android.support.test.espresso.ViewInteraction.waitForAndHandleInteractionResults(ViewInteraction.java:312)
at android.support.test.espresso.ViewInteraction.desugaredPerform(ViewInteraction.java:173)
at android.support.test.espresso.ViewInteraction.perform(ViewInteraction.java:114)
at kdk.android.simplydo.C2.SortItemsC2.sortItemsC2(SortItemsC2.java:50)
at java.lang.reflect.Method.invoke(Native Method)
at org.junit.runners.model.FrameworkMethod$1.runReflectiveCall(FrameworkMethod.java:50)
at org.junit.internal.runners.model.ReflectiveCallable.run(ReflectiveCallable.java:12)
at org.junit.runners.model.FrameworkMethod.invokeExplosively(FrameworkMethod.java:47)
at org.junit.internal.runners.statements.InvokeMethod.evaluate(InvokeMethod.java:17)
at android.support.test.rule.ActivityTestRule$ActivityStatement.evaluate(ActivityTestRule.java:527)
at org.junit.rules.RunRules.evaluate(RunRules.java:20)
at org.junit.runners.ParentRunner.runLeaf(ParentRunner.java:325)
at org.junit.runners.BlockJUnit4ClassRunner.runChild(BlockJUnit4ClassRunner.java:78)
at org.junit.runners.BlockJUnit4ClassRunner.runChild(BlockJUnit4ClassRunner.java:57)
at org.junit.runners.ParentRunner$3.run(ParentRunner.java:290)
at org.junit.runners.ParentRunner$1.schedule(ParentRunner.java:71)
at org.junit.runners.ParentRunner.runChildren(ParentRunner.java:288)
at org.junit.runners.ParentRunner.access$000(ParentRunner.java:58)
at org.junit.runners.ParentRunner$2.evaluate(ParentRunner.java:268)
at org.junit.runners.ParentRunner.run(ParentRunner.java:363)
at android.support.test.runner.AndroidJUnit4.run(AndroidJUnit4.java:101)
at org.junit.runners.Suite.runChild(Suite.java:128)
at org.junit.runners.Suite.runChild(Suite.java:27)
at org.junit.runners.ParentRunner$3.run(ParentRunner.java:290)
at org.junit.runners.ParentRunner$1.schedule(ParentRunner.java:71)
at org.junit.runners.ParentRunner.runChildren(ParentRunner.java:288)
at org.junit.runners.ParentRunner.access$000(ParentRunner.java:58)
at org.junit.runners.ParentRunner$2.evaluate(ParentRunner.java:268)
at org.junit.runners.ParentRunner.run(ParentRunner.java:363)
at org.junit.runner.JUnitCore.run(JUnitCore.java:137)
at org.junit.runner.JUnitCore.run(JUnitCore.java:115)
at android.support.test.internal.runner.TestExecutor.execute(TestExecutor.java:56)
at android.support.test.runner.AndroidJUnitRunner.onStart(AndroidJUnitRunner.java:384)
at android.app.Instrumentation$InstrumentationThread.run(Instrumentation.java:2074)
</failure>
  </testcase>
  <testcase name="addAssertC3" classname="kdk.android.simplydo.C3.AddAssertC3" time="1.015" />
  <testcase name="addItemC3" classname="kdk.android.simplydo.C3.AddItemC3" time="2.267" />
  <testcase name="changeSettingsC3" classname="kdk.android.simplydo.C3.ChangeSettingsC3" time="4.846" />
  <testcase name="checkItemC3" classname="kdk.android.simplydo.C3.CheckItemC3" time="2.381" />
  <testcase name="createListC3" classname="kdk.android.simplydo.C3.CreateListC3" time="1.4" />
  <testcase name="decoratorC3" classname="kdk.android.simplydo.C3.DecoratorC3" time="4.796" />
  <testcase name="deleteInactiveC3" classname="kdk.android.simplydo.C3.DeleteInactiveC3" time="3.876">
    <failure>android.support.test.espresso.NoMatchingViewException: No views in hierarchy found matching: (with id: kdk.android.simplydo:id/ListsListView and Child at position 1 in parent (with id: 2130903059 and Child at position 0 in parent (with id: 2130903049 and Child at position 0 in parent Child at position 0 in parent with id: 16908290)))
If the target view is not part of the view hierarchy, you may need to use Espresso.onData to load it from one of the following AdapterViews:android.widget.MenuPopupWindow$MenuDropDownListView{27ea3fb VFED.VC.. .F...... 0,0-515,126}

View Hierarchy:
+&gt;PopupDecorView{id=-1, visibility=VISIBLE, width=515, height=126, has-focus=true, has-focusable=true, has-window-focus=true, is-clickable=false, is-enabled=true, is-focused=false, is-focusable=false, is-layout-requested=false, is-selected=false, layout-params=WM.LayoutParams{(555,73)(515x126) gr=#10800033 sim=#1 ty=1002 fl=#41860200 pfl=0x18000 fmt=-3 surfaceInsets=Rect(84, 84 - 84, 84) (manual) colorMode=0}, tag=null, root-is-layout-requested=false, has-input-connection=false, x=0.0, y=0.0, child-count=1}
|
+-&gt;PopupBackgroundView{id=-1, visibility=VISIBLE, width=515, height=126, has-focus=true, has-focusable=true, has-window-focus=true, is-clickable=false, is-enabled=true, is-focused=false, is-focusable=false, is-layout-requested=false, is-selected=false, layout-params=android.widget.FrameLayout$LayoutParams&#64;5047c18, tag=null, root-is-layout-requested=false, has-input-connection=false, x=0.0, y=0.0, child-count=1}
|
+--&gt;MenuDropDownListView{id=-1, visibility=VISIBLE, width=515, height=126, has-focus=true, has-focusable=true, has-window-focus=true, is-clickable=true, is-enabled=true, is-focused=true, is-focusable=true, is-layout-requested=false, is-selected=false, layout-params=android.widget.FrameLayout$LayoutParams&#64;c896c56, tag=null, root-is-layout-requested=false, has-input-connection=false, x=0.0, y=0.0, child-count=1}
|
+---&gt;ListMenuItemView{id=-1, visibility=VISIBLE, width=515, height=126, has-focus=false, has-focusable=false, has-window-focus=true, is-clickable=false, is-enabled=true, is-focused=false, is-focusable=false, is-layout-requested=false, is-selected=false, layout-params=android.widget.AbsListView$LayoutParams&#64;5bae8ad, tag=null, root-is-layout-requested=false, has-input-connection=false, x=0.0, y=0.0, child-count=2}
|
+----&gt;RelativeLayout{id=-1, visibility=VISIBLE, width=431, height=57, has-focus=false, has-focusable=false, has-window-focus=true, is-clickable=false, is-enabled=true, is-focused=false, is-focusable=false, is-layout-requested=false, is-selected=false, layout-params=android.widget.LinearLayout$LayoutParams&#64;382b630, tag=null, root-is-layout-requested=false, has-input-connection=false, x=42.0, y=34.0, child-count=2}
|
+-----&gt;TextView{id=16908310, res-name=title, visibility=VISIBLE, width=431, height=57, has-focus=false, has-focusable=false, has-window-focus=true, is-clickable=false, is-enabled=true, is-focused=false, is-focusable=false, is-layout-requested=false, is-selected=false, layout-params=android.widget.RelativeLayout$LayoutParams&#64;b4a62a9, tag=null, root-is-layout-requested=false, has-input-connection=false, x=0.0, y=0.0, text=Settings, input-type=0, ime-target=false, has-links=false}
|
+-----&gt;TextView{id=16909259, res-name=shortcut, visibility=GONE, width=0, height=0, has-focus=false, has-focusable=false, has-window-focus=true, is-clickable=false, is-enabled=true, is-focused=false, is-focusable=false, is-layout-requested=true, is-selected=false, layout-params=android.widget.RelativeLayout$LayoutParams&#64;71b02e, tag=null, root-is-layout-requested=false, has-input-connection=false, x=0.0, y=0.0, text=, input-type=0, ime-target=false, has-links=false}
|
+----&gt;ImageView{id=16909319, res-name=submenuarrow, visibility=GONE, width=0, height=0, has-focus=false, has-focusable=false, has-window-focus=true, is-clickable=false, is-enabled=true, is-focused=false, is-focusable=false, is-layout-requested=true, is-selected=false, layout-params=android.widget.LinearLayout$LayoutParams&#64;5aa37cf, tag=null, root-is-layout-requested=false, has-input-connection=false, x=0.0, y=0.0}
|
at dalvik.system.VMStack.getThreadStackTrace(Native Method)
at java.lang.Thread.getStackTrace(Thread.java:1536)
at android.support.test.espresso.base.DefaultFailureHandler.getUserFriendlyError(DefaultFailureHandler.java:88)
at android.support.test.espresso.base.DefaultFailureHandler.handle(DefaultFailureHandler.java:51)
at android.support.test.espresso.ViewInteraction.waitForAndHandleInteractionResults(ViewInteraction.java:312)
at android.support.test.espresso.ViewInteraction.desugaredPerform(ViewInteraction.java:173)
at android.support.test.espresso.ViewInteraction.perform(ViewInteraction.java:114)
at android.support.test.espresso.DataInteraction$DisplayDataMatcher$1.apply(DataInteraction.java:213)
at android.support.test.espresso.DataInteraction$DisplayDataMatcher$1.apply(DataInteraction.java:210)
at android.support.test.espresso.DataInteraction$DisplayDataMatcher.&lt;init&gt;(DataInteraction.java:230)
at android.support.test.espresso.DataInteraction$DisplayDataMatcher.&lt;init&gt;(DataInteraction.java:205)
at android.support.test.espresso.DataInteraction$DisplayDataMatcher.displayDataMatcher(DataInteraction.java:248)
at android.support.test.espresso.DataInteraction.makeTargetMatcher(DataInteraction.java:150)
at android.support.test.espresso.DataInteraction.perform(DataInteraction.java:135)
at kdk.android.simplydo.C3.DeleteInactiveC3.deleteInactiveC3(DeleteInactiveC3.java:178)
at java.lang.reflect.Method.invoke(Native Method)
at org.junit.runners.model.FrameworkMethod$1.runReflectiveCall(FrameworkMethod.java:50)
at org.junit.internal.runners.model.ReflectiveCallable.run(ReflectiveCallable.java:12)
at org.junit.runners.model.FrameworkMethod.invokeExplosively(FrameworkMethod.java:47)
at org.junit.internal.runners.statements.InvokeMethod.evaluate(InvokeMethod.java:17)
at android.support.test.rule.ActivityTestRule$ActivityStatement.evaluate(ActivityTestRule.java:527)
at org.junit.rules.RunRules.evaluate(RunRules.java:20)
at org.junit.runners.ParentRunner.runLeaf(ParentRunner.java:325)
at org.junit.runners.BlockJUnit4ClassRunner.runChild(BlockJUnit4ClassRunner.java:78)
at org.junit.runners.BlockJUnit4ClassRunner.runChild(BlockJUnit4ClassRunner.java:57)
at org.junit.runners.ParentRunner$3.run(ParentRunner.java:290)
at org.junit.runners.ParentRunner$1.schedule(ParentRunner.java:71)
at org.junit.runners.ParentRunner.runChildren(ParentRunner.java:288)
at org.junit.runners.ParentRunner.access$000(ParentRunner.java:58)
at org.junit.runners.ParentRunner$2.evaluate(ParentRunner.java:268)
at org.junit.runners.ParentRunner.run(ParentRunner.java:363)
at android.support.test.runner.AndroidJUnit4.run(AndroidJUnit4.java:101)
at org.junit.runners.Suite.runChild(Suite.java:128)
at org.junit.runners.Suite.runChild(Suite.java:27)
at org.junit.runners.ParentRunner$3.run(ParentRunner.java:290)
at org.junit.runners.ParentRunner$1.schedule(ParentRunner.java:71)
at org.junit.runners.ParentRunner.runChildren(ParentRunner.java:288)
at org.junit.runners.ParentRunner.access$000(ParentRunner.java:58)
at org.junit.runners.ParentRunner$2.evaluate(ParentRunner.java:268)
at org.junit.runners.ParentRunner.run(ParentRunner.java:363)
at org.junit.runner.JUnitCore.run(JUnitCore.java:137)
at org.junit.runner.JUnitCore.run(JUnitCore.java:115)
at android.support.test.internal.runner.TestExecutor.execute(TestExecutor.java:56)
at android.support.test.runner.AndroidJUnitRunner.onStart(AndroidJUnitRunner.java:384)
at android.app.Instrumentation$InstrumentationThread.run(Instrumentation.java:2074)
</failure>
  </testcase>
  <testcase name="itemAssertC3" classname="kdk.android.simplydo.C3.ItemAssertC3" time="2.224">
    <failure>android.support.test.espresso.NoMatchingViewException: No views in hierarchy found matching: (with id: kdk.android.simplydo:id/AddItemButton and with content description: is "Add" and Child at position 1 in parent (with id: kdk.android.simplydo:id/LinearLayout01 and Child at position 0 in parent (with id: kdk.android.simplydo:id/itemsView and Child at position 0 in parent (with id: kdk.android.simplydo:id/ListsItemsSwitcher and Child at position 0 in parent Child at position 0 in parent with id: android:id/content))) and is displayed on the screen to the user)
If the target view is not part of the view hierarchy, you may need to use Espresso.onData to load it from one of the following AdapterViews:android.widget.ListView{413fa47 VFED.VCL. ......I. 0,126-1080,256 #7f03000a app:id/ListsListView}
- android.widget.ListView{c617fb3 VFED.VCL. ........ 0,126-1080,256 #7f030007 app:id/ItemsListView}

View Hierarchy:
+&gt;DecorView{id=-1, visibility=VISIBLE, width=1080, height=1920, has-focus=true, has-focusable=true, has-window-focus=true, is-clickable=false, is-enabled=true, is-focused=false, is-focusable=false, is-layout-requested=false, is-selected=false, layout-params=WM.LayoutParams{(0,0)(fillxfill) sim=#3 ty=1 fl=#81810100 pfl=0x20000 wanim=0x10302f6 needsMenuKey=2 colorMode=0}, tag=null, root-is-layout-requested=false, has-input-connection=false, x=0.0, y=0.0, child-count=3}
|
+-&gt;ActionBarOverlayLayout{id=16908822, res-name=decor_content_parent, visibility=VISIBLE, width=1080, height=1794, has-focus=true, has-focusable=true, has-window-focus=true, is-clickable=false, is-enabled=true, is-focused=false, is-focusable=false, is-layout-requested=false, is-selected=false, layout-params=android.widget.FrameLayout$LayoutParams&#64;db26eff, tag=null, root-is-layout-requested=false, has-input-connection=false, x=0.0, y=0.0, child-count=2}
|
+--&gt;FrameLayout{id=16908290, res-name=content, visibility=VISIBLE, width=1080, height=1584, has-focus=true, has-focusable=true, has-window-focus=true, is-clickable=false, is-enabled=true, is-focused=false, is-focusable=false, is-layout-requested=false, is-selected=false, layout-params=com.android.internal.widget.ActionBarOverlayLayout$LayoutParams&#64;42f0315, tag=null, root-is-layout-requested=false, has-input-connection=false, x=0.0, y=210.0, child-count=1}
|
+---&gt;LinearLayout{id=-1, visibility=VISIBLE, width=1080, height=1584, has-focus=true, has-focusable=true, has-window-focus=true, is-clickable=false, is-enabled=true, is-focused=false, is-focusable=false, is-layout-requested=false, is-selected=false, layout-params=android.widget.FrameLayout$LayoutParams&#64;48fc1b, tag=null, root-is-layout-requested=false, has-input-connection=false, x=0.0, y=0.0, child-count=1}
|
+----&gt;ViewSwitcher{id=2130903049, res-name=ListsItemsSwitcher, visibility=VISIBLE, width=1080, height=256, has-focus=true, has-focusable=true, has-window-focus=true, is-clickable=false, is-enabled=true, is-focused=false, is-focusable=false, is-layout-requested=false, is-selected=false, layout-params=android.widget.LinearLayout$LayoutParams&#64;cf13af6, tag=null, root-is-layout-requested=false, has-input-connection=false, x=0.0, y=0.0, child-count=2}
|
+-----&gt;LinearLayout{id=2130903059, res-name=listsView, visibility=GONE, width=1080, height=256, has-focus=false, has-focusable=false, has-window-focus=true, is-clickable=false, is-enabled=true, is-focused=false, is-focusable=false, is-layout-requested=true, is-selected=false, layout-params=android.widget.FrameLayout$LayoutParams&#64;2f13ef7, tag=null, root-is-layout-requested=false, has-input-connection=false, x=0.0, y=0.0, child-count=2}
|
+------&gt;LinearLayout{id=2130903048, res-name=LinearLayout01, visibility=VISIBLE, width=1080, height=126, has-focus=false, has-focusable=true, has-window-focus=true, is-clickable=false, is-enabled=true, is-focused=false, is-focusable=false, is-layout-requested=false, is-selected=false, layout-params=android.widget.LinearLayout$LayoutParams&#64;bf14164, tag=null, root-is-layout-requested=false, has-input-connection=false, x=0.0, y=0.0, child-count=2}
|
+-------&gt;EditText{id=2130903043, res-name=AddListEditText, desc=addlistedittext, visibility=VISIBLE, width=849, height=126, has-focus=false, has-focusable=true, has-window-focus=true, is-clickable=true, is-enabled=true, is-focused=false, is-focusable=true, is-layout-requested=false, is-selected=false, layout-params=android.widget.LinearLayout$LayoutParams&#64;1330fd0, tag=null, root-is-layout-requested=false, has-input-connection=true, editor-info=[inputType=0x31 imeOptions=0xc000006 privateImeOptions=null actionLabel=null actionId=0 initialSelStart=0 initialSelEnd=0 initialCapsMode=0x0 hintText=New List Name label=null packageName=null fieldId=0 fieldName=null extras=null hintLocales=null contentMimeTypes=null ], x=0.0, y=0.0, text=, hint=New List Name, input-type=49, ime-target=false, has-links=false}
|
+-------&gt;Button{id=2130903042, res-name=AddListButton, desc=Add, visibility=VISIBLE, width=231, height=126, has-focus=false, has-focusable=true, has-window-focus=true, is-clickable=true, is-enabled=true, is-focused=false, is-focusable=true, is-layout-requested=false, is-selected=false, layout-params=android.widget.LinearLayout$LayoutParams&#64;c6f4bc9, tag=null, root-is-layout-requested=false, has-input-connection=false, x=849.0, y=0.0, text=Add, input-type=0, ime-target=false, has-links=false}
|
+------&gt;ListView{id=2130903050, res-name=ListsListView, visibility=VISIBLE, width=1080, height=130, has-focus=false, has-focusable=true, has-window-focus=true, is-clickable=true, is-enabled=true, is-focused=false, is-focusable=true, is-layout-requested=true, is-selected=false, layout-params=android.widget.LinearLayout$LayoutParams&#64;84b15ef, tag=null, root-is-layout-requested=false, has-input-connection=false, x=0.0, y=126.0, child-count=1}
|
+-------&gt;LinearLayout{id=-1, visibility=VISIBLE, width=1080, height=130, has-focus=false, has-focusable=false, has-window-focus=true, is-clickable=false, is-enabled=true, is-focused=false, is-focusable=false, is-layout-requested=false, is-selected=false, layout-params=android.widget.AbsListView$LayoutParams&#64;de92dda, tag=null, root-is-layout-requested=false, has-input-connection=false, x=0.0, y=0.0, child-count=2}
|
+--------&gt;TextView{id=2130903060, res-name=text1, desc=Name, visibility=VISIBLE, width=945, height=78, has-focus=false, has-focusable=false, has-window-focus=true, is-clickable=false, is-enabled=true, is-focused=false, is-focusable=false, is-layout-requested=false, is-selected=false, layout-params=android.widget.LinearLayout$LayoutParams&#64;8dd220b, tag=null, root-is-layout-requested=false, has-input-connection=false, x=26.0, y=26.0, text=one, input-type=0, ime-target=false, has-links=false}
|
+--------&gt;TextView{id=2130903061, res-name=text2, desc=text2, visibility=VISIBLE, width=109, height=64, has-focus=false, has-focusable=false, has-window-focus=true, is-clickable=false, is-enabled=true, is-focused=false, is-focusable=false, is-layout-requested=false, is-selected=false, layout-params=android.widget.LinearLayout$LayoutParams&#64;60908e8, tag=null, root-is-layout-requested=false, has-input-connection=false, x=971.0, y=35.0, text=(0/0), input-type=0, ime-target=false, has-links=false}
|
+-----&gt;LinearLayout{id=2130903057, res-name=itemsView, visibility=VISIBLE, width=1080, height=256, has-focus=true, has-focusable=true, has-window-focus=true, is-clickable=false, is-enabled=true, is-focused=false, is-focusable=false, is-layout-requested=false, is-selected=false, layout-params=android.widget.FrameLayout$LayoutParams&#64;dffab01, tag=null, root-is-layout-requested=false, has-input-connection=false, x=0.0, y=0.0, child-count=2}
|
+------&gt;LinearLayout{id=2130903048, res-name=LinearLayout01, visibility=VISIBLE, width=1080, height=126, has-focus=true, has-focusable=true, has-window-focus=true, is-clickable=false, is-enabled=true, is-focused=false, is-focusable=false, is-layout-requested=false, is-selected=false, layout-params=android.widget.LinearLayout$LayoutParams&#64;fbc4da6, tag=null, root-is-layout-requested=false, has-input-connection=false, x=0.0, y=0.0, child-count=2}
|
+-------&gt;EditText{id=2130903041, res-name=AddItemEditText, desc=addItemEditText, visibility=VISIBLE, width=849, height=118, has-focus=true, has-focusable=true, has-window-focus=true, is-clickable=true, is-enabled=true, is-focused=true, is-focusable=true, is-layout-requested=false, is-selected=false, layout-params=android.widget.LinearLayout$LayoutParams&#64;739d3e7, tag=null, root-is-layout-requested=false, has-input-connection=true, editor-info=[inputType=0x31 imeOptions=0x8000006 privateImeOptions=null actionLabel=null actionId=0 initialSelStart=0 initialSelEnd=0 initialCapsMode=0x0 hintText=New Item Name label=null packageName=null fieldId=0 fieldName=null extras=null hintLocales=null contentMimeTypes=null ], x=0.0, y=1.0, text=, hint=New Item Name, input-type=49, ime-target=true, has-links=false}
|
+-------&gt;Button{id=2130903040, res-name=AddItemButton, desc=Add, visibility=VISIBLE, width=231, height=126, has-focus=false, has-focusable=true, has-window-focus=true, is-clickable=true, is-enabled=true, is-focused=false, is-focusable=true, is-layout-requested=false, is-selected=false, layout-params=android.widget.LinearLayout$LayoutParams&#64;dd9cb94, tag=null, root-is-layout-requested=false, has-input-connection=false, x=849.0, y=0.0, text=Add, input-type=0, ime-target=false, has-links=false}
|
+------&gt;ListView{id=2130903047, res-name=ItemsListView, visibility=VISIBLE, width=1080, height=130, has-focus=false, has-focusable=true, has-window-focus=true, is-clickable=true, is-enabled=true, is-focused=false, is-focusable=true, is-layout-requested=false, is-selected=false, layout-params=android.widget.LinearLayout$LayoutParams&#64;24f9e32, tag=null, root-is-layout-requested=false, has-input-connection=false, x=0.0, y=126.0, child-count=1}
|
+-------&gt;LinearLayout{id=-1, visibility=VISIBLE, width=1080, height=130, has-focus=false, has-focusable=false, has-window-focus=true, is-clickable=false, is-enabled=true, is-focused=false, is-focusable=false, is-layout-requested=false, is-selected=false, layout-params=android.widget.AbsListView$LayoutParams&#64;b520d00, tag=null, root-is-layout-requested=false, has-input-connection=false, x=0.0, y=0.0, child-count=3}
|
+--------&gt;View{id=2130903052, res-name=SortedMarker, visibility=VISIBLE, width=5, height=130, has-focus=false, has-focusable=false, has-window-focus=true, is-clickable=false, is-enabled=true, is-focused=false, is-focusable=false, is-layout-requested=false, is-selected=false, layout-params=android.widget.LinearLayout$LayoutParams&#64;fe5b939, tag=null, root-is-layout-requested=false, has-input-connection=false, x=0.0, y=0.0}
|
+--------&gt;TextView{id=2130903055, res-name=ieText1, desc=ieText1, visibility=VISIBLE, width=1007, height=130, has-focus=false, has-focusable=false, has-window-focus=true, is-clickable=false, is-enabled=true, is-focused=false, is-focusable=false, is-layout-requested=false, is-selected=false, layout-params=android.widget.LinearLayout$LayoutParams&#64;e556b7e, tag=null, root-is-layout-requested=false, has-input-connection=false, x=5.0, y=0.0, text=item, input-type=0, ime-target=false, has-links=false}
|
+--------&gt;ImageSwitcher{id=2130903054, res-name=StarSwitcher, desc=StarSwitcher, visibility=INVISIBLE, width=68, height=115, has-focus=false, has-focusable=false, has-window-focus=true, is-clickable=false, is-enabled=true, is-focused=false, is-focusable=false, is-layout-requested=false, is-selected=false, layout-params=android.widget.LinearLayout$LayoutParams&#64;dfaff5, tag=null, root-is-layout-requested=false, has-input-connection=false, x=1012.0, y=0.0, child-count=2}
|
+---------&gt;ImageView{id=2130903053, res-name=StarImage, desc=starImage, visibility=VISIBLE, width=63, height=63, has-focus=false, has-focusable=false, has-window-focus=true, is-clickable=false, is-enabled=true, is-focused=false, is-focusable=false, is-layout-requested=false, is-selected=false, layout-params=android.widget.FrameLayout$LayoutParams&#64;358c18a, tag=null, root-is-layout-requested=false, has-input-connection=false, x=0.0, y=26.0}
|
+---------&gt;ImageView{id=2130903046, res-name=InactiveStarImage, visibility=GONE, width=0, height=0, has-focus=false, has-focusable=false, has-window-focus=true, is-clickable=false, is-enabled=true, is-focused=false, is-focusable=false, is-layout-requested=true, is-selected=false, layout-params=android.widget.FrameLayout$LayoutParams&#64;27ea3fb, tag=null, root-is-layout-requested=false, has-input-connection=false, x=0.0, y=0.0}
|
+--&gt;ActionBarContainer{id=16908669, res-name=action_bar_container, visibility=VISIBLE, width=1080, height=147, has-focus=false, has-focusable=false, has-window-focus=true, is-clickable=false, is-enabled=true, is-focused=false, is-focusable=false, is-layout-requested=false, is-selected=false, layout-params=com.android.internal.widget.ActionBarOverlayLayout$LayoutParams&#64;c896c56, tag=null, root-is-layout-requested=false, has-input-connection=false, x=0.0, y=63.0, child-count=2}
|
+---&gt;Toolbar{id=16908668, res-name=action_bar, visibility=VISIBLE, width=1080, height=147, has-focus=false, has-focusable=false, has-window-focus=true, is-clickable=false, is-enabled=true, is-focused=false, is-focusable=false, is-layout-requested=false, is-selected=false, layout-params=android.widget.FrameLayout$LayoutParams&#64;60984d7, tag=null, root-is-layout-requested=false, has-input-connection=false, x=0.0, y=0.0, child-count=2}
|
+----&gt;TextView{id=-1, visibility=VISIBLE, width=87, height=71, has-focus=false, has-focusable=false, has-window-focus=true, is-clickable=false, is-enabled=true, is-focused=false, is-focusable=false, is-layout-requested=false, is-selected=false, layout-params=android.widget.Toolbar$LayoutParams&#64;dd141c4, tag=null, root-is-layout-requested=false, has-input-connection=false, x=42.0, y=38.0, text=one, input-type=0, ime-target=false, has-links=false}
|
+----&gt;ActionMenuView{id=-1, visibility=VISIBLE, width=105, height=147, has-focus=false, has-focusable=false, has-window-focus=true, is-clickable=false, is-enabled=true, is-focused=false, is-focusable=false, is-layout-requested=false, is-selected=false, layout-params=android.widget.Toolbar$LayoutParams&#64;647f7e2, tag=null, root-is-layout-requested=false, has-input-connection=false, x=975.0, y=0.0, child-count=1}
|
+-----&gt;OverflowMenuButton{id=-1, desc=More options, visibility=VISIBLE, width=105, height=126, has-focus=false, has-focusable=false, has-window-focus=true, is-clickable=true, is-enabled=true, is-focused=false, is-focusable=true, is-layout-requested=false, is-selected=false, layout-params=android.widget.ActionMenuView$LayoutParams&#64;4f79773, tag=null, root-is-layout-requested=false, has-input-connection=false, x=0.0, y=10.0}
|
+---&gt;ActionBarContextView{id=16908673, res-name=action_context_bar, visibility=GONE, width=0, height=0, has-focus=false, has-focusable=false, has-window-focus=true, is-clickable=false, is-enabled=true, is-focused=false, is-focusable=false, is-layout-requested=true, is-selected=false, layout-params=android.widget.FrameLayout$LayoutParams&#64;382b630, tag=null, root-is-layout-requested=false, has-input-connection=false, x=0.0, y=0.0, child-count=0}
|
+-&gt;View{id=16908336, res-name=navigationBarBackground, visibility=VISIBLE, width=1080, height=126, has-focus=false, has-focusable=false, has-window-focus=true, is-clickable=false, is-enabled=true, is-focused=false, is-focusable=false, is-layout-requested=false, is-selected=false, layout-params=android.widget.FrameLayout$LayoutParams&#64;b4a62a9, tag=null, root-is-layout-requested=false, has-input-connection=false, x=0.0, y=1794.0}
|
+-&gt;View{id=16908335, res-name=statusBarBackground, visibility=VISIBLE, width=1080, height=63, has-focus=false, has-focusable=false, has-window-focus=true, is-clickable=false, is-enabled=true, is-focused=false, is-focusable=false, is-layout-requested=false, is-selected=false, layout-params=android.widget.FrameLayout$LayoutParams&#64;71b02e, tag=null, root-is-layout-requested=false, has-input-connection=false, x=0.0, y=0.0}
|
at dalvik.system.VMStack.getThreadStackTrace(Native Method)
at java.lang.Thread.getStackTrace(Thread.java:1536)
at android.support.test.espresso.base.DefaultFailureHandler.getUserFriendlyError(DefaultFailureHandler.java:88)
at android.support.test.espresso.base.DefaultFailureHandler.handle(DefaultFailureHandler.java:51)
at android.support.test.espresso.ViewInteraction.waitForAndHandleInteractionResults(ViewInteraction.java:312)
at android.support.test.espresso.ViewInteraction.check(ViewInteraction.java:297)
at kdk.android.simplydo.C3.ItemAssertC3.itemAssertC3(ItemAssertC3.java:155)
at java.lang.reflect.Method.invoke(Native Method)
at org.junit.runners.model.FrameworkMethod$1.runReflectiveCall(FrameworkMethod.java:50)
at org.junit.internal.runners.model.ReflectiveCallable.run(ReflectiveCallable.java:12)
at org.junit.runners.model.FrameworkMethod.invokeExplosively(FrameworkMethod.java:47)
at org.junit.internal.runners.statements.InvokeMethod.evaluate(InvokeMethod.java:17)
at android.support.test.rule.ActivityTestRule$ActivityStatement.evaluate(ActivityTestRule.java:527)
at org.junit.rules.RunRules.evaluate(RunRules.java:20)
at org.junit.runners.ParentRunner.runLeaf(ParentRunner.java:325)
at org.junit.runners.BlockJUnit4ClassRunner.runChild(BlockJUnit4ClassRunner.java:78)
at org.junit.runners.BlockJUnit4ClassRunner.runChild(BlockJUnit4ClassRunner.java:57)
at org.junit.runners.ParentRunner$3.run(ParentRunner.java:290)
at org.junit.runners.ParentRunner$1.schedule(ParentRunner.java:71)
at org.junit.runners.ParentRunner.runChildren(ParentRunner.java:288)
at org.junit.runners.ParentRunner.access$000(ParentRunner.java:58)
at org.junit.runners.ParentRunner$2.evaluate(ParentRunner.java:268)
at org.junit.runners.ParentRunner.run(ParentRunner.java:363)
at android.support.test.runner.AndroidJUnit4.run(AndroidJUnit4.java:101)
at org.junit.runners.Suite.runChild(Suite.java:128)
at org.junit.runners.Suite.runChild(Suite.java:27)
at org.junit.runners.ParentRunner$3.run(ParentRunner.java:290)
at org.junit.runners.ParentRunner$1.schedule(ParentRunner.java:71)
at org.junit.runners.ParentRunner.runChildren(ParentRunner.java:288)
at org.junit.runners.ParentRunner.access$000(ParentRunner.java:58)
at org.junit.runners.ParentRunner$2.evaluate(ParentRunner.java:268)
at org.junit.runners.ParentRunner.run(ParentRunner.java:363)
at org.junit.runner.JUnitCore.run(JUnitCore.java:137)
at org.junit.runner.JUnitCore.run(JUnitCore.java:115)
at android.support.test.internal.runner.TestExecutor.execute(TestExecutor.java:56)
at android.support.test.runner.AndroidJUnitRunner.onStart(AndroidJUnitRunner.java:384)
at android.app.Instrumentation$InstrumentationThread.run(Instrumentation.java:2074)
</failure>
  </testcase>
  <testcase name="multipleListC3" classname="kdk.android.simplydo.C3.MultipleListC3" time="3.788" />
  <testcase name="sortItemsC3" classname="kdk.android.simplydo.C3.SortItemsC3" time="3.594" />
  <testcase name="addAssertC4" classname="kdk.android.simplydo.C4.AddAssertC4" time="1.037" />
  <testcase name="addItemC4" classname="kdk.android.simplydo.C4.AddItemC4" time="2.049" />
  <testcase name="changeSettingsC4" classname="kdk.android.simplydo.C4.ChangeSettingsC4" time="4.558" />
  <testcase name="checkItemC4" classname="kdk.android.simplydo.C4.CheckItemC4" time="2.395" />
  <testcase name="createListsC4" classname="kdk.android.simplydo.C4.CreateListsC4" time="1.457" />
  <testcase name="decoratorC4" classname="kdk.android.simplydo.C4.DecoratorC4" time="4.836" />
  <testcase name="deleteInactiveC4" classname="kdk.android.simplydo.C4.DeleteInactiveC4" time="3.381">
    <failure>android.support.test.espresso.NoMatchingViewException: No views in hierarchy found matching: (with id: kdk.android.simplydo:id/ListsListView and Child at position 1 in parent with id: 2130903059)
If the target view is not part of the view hierarchy, you may need to use Espresso.onData to load it from one of the following AdapterViews:android.widget.MenuPopupWindow$MenuDropDownListView{27ea3fb VFED.VC.. .F...... 0,0-515,126}

View Hierarchy:
+&gt;PopupDecorView{id=-1, visibility=VISIBLE, width=515, height=126, has-focus=true, has-focusable=true, has-window-focus=true, is-clickable=false, is-enabled=true, is-focused=false, is-focusable=false, is-layout-requested=false, is-selected=false, layout-params=WM.LayoutParams{(555,73)(515x126) gr=#10800033 sim=#1 ty=1002 fl=#41860200 pfl=0x18000 fmt=-3 surfaceInsets=Rect(84, 84 - 84, 84) (manual) colorMode=0}, tag=null, root-is-layout-requested=false, has-input-connection=false, x=0.0, y=0.0, child-count=1}
|
+-&gt;PopupBackgroundView{id=-1, visibility=VISIBLE, width=515, height=126, has-focus=true, has-focusable=true, has-window-focus=true, is-clickable=false, is-enabled=true, is-focused=false, is-focusable=false, is-layout-requested=false, is-selected=false, layout-params=android.widget.FrameLayout$LayoutParams&#64;5047c18, tag=null, root-is-layout-requested=false, has-input-connection=false, x=0.0, y=0.0, child-count=1}
|
+--&gt;MenuDropDownListView{id=-1, visibility=VISIBLE, width=515, height=126, has-focus=true, has-focusable=true, has-window-focus=true, is-clickable=true, is-enabled=true, is-focused=true, is-focusable=true, is-layout-requested=false, is-selected=false, layout-params=android.widget.FrameLayout$LayoutParams&#64;c896c56, tag=null, root-is-layout-requested=false, has-input-connection=false, x=0.0, y=0.0, child-count=1}
|
+---&gt;ListMenuItemView{id=-1, visibility=VISIBLE, width=515, height=126, has-focus=false, has-focusable=false, has-window-focus=true, is-clickable=false, is-enabled=true, is-focused=false, is-focusable=false, is-layout-requested=false, is-selected=false, layout-params=android.widget.AbsListView$LayoutParams&#64;5bae8ad, tag=null, root-is-layout-requested=false, has-input-connection=false, x=0.0, y=0.0, child-count=2}
|
+----&gt;RelativeLayout{id=-1, visibility=VISIBLE, width=431, height=57, has-focus=false, has-focusable=false, has-window-focus=true, is-clickable=false, is-enabled=true, is-focused=false, is-focusable=false, is-layout-requested=false, is-selected=false, layout-params=android.widget.LinearLayout$LayoutParams&#64;382b630, tag=null, root-is-layout-requested=false, has-input-connection=false, x=42.0, y=34.0, child-count=2}
|
+-----&gt;TextView{id=16908310, res-name=title, visibility=VISIBLE, width=431, height=57, has-focus=false, has-focusable=false, has-window-focus=true, is-clickable=false, is-enabled=true, is-focused=false, is-focusable=false, is-layout-requested=false, is-selected=false, layout-params=android.widget.RelativeLayout$LayoutParams&#64;b4a62a9, tag=null, root-is-layout-requested=false, has-input-connection=false, x=0.0, y=0.0, text=Settings, input-type=0, ime-target=false, has-links=false}
|
+-----&gt;TextView{id=16909259, res-name=shortcut, visibility=GONE, width=0, height=0, has-focus=false, has-focusable=false, has-window-focus=true, is-clickable=false, is-enabled=true, is-focused=false, is-focusable=false, is-layout-requested=true, is-selected=false, layout-params=android.widget.RelativeLayout$LayoutParams&#64;71b02e, tag=null, root-is-layout-requested=false, has-input-connection=false, x=0.0, y=0.0, text=, input-type=0, ime-target=false, has-links=false}
|
+----&gt;ImageView{id=16909319, res-name=submenuarrow, visibility=GONE, width=0, height=0, has-focus=false, has-focusable=false, has-window-focus=true, is-clickable=false, is-enabled=true, is-focused=false, is-focusable=false, is-layout-requested=true, is-selected=false, layout-params=android.widget.LinearLayout$LayoutParams&#64;5aa37cf, tag=null, root-is-layout-requested=false, has-input-connection=false, x=0.0, y=0.0}
|
at dalvik.system.VMStack.getThreadStackTrace(Native Method)
at java.lang.Thread.getStackTrace(Thread.java:1536)
at android.support.test.espresso.base.DefaultFailureHandler.getUserFriendlyError(DefaultFailureHandler.java:88)
at android.support.test.espresso.base.DefaultFailureHandler.handle(DefaultFailureHandler.java:51)
at android.support.test.espresso.ViewInteraction.waitForAndHandleInteractionResults(ViewInteraction.java:312)
at android.support.test.espresso.ViewInteraction.desugaredPerform(ViewInteraction.java:173)
at android.support.test.espresso.ViewInteraction.perform(ViewInteraction.java:114)
at android.support.test.espresso.DataInteraction$DisplayDataMatcher$1.apply(DataInteraction.java:213)
at android.support.test.espresso.DataInteraction$DisplayDataMatcher$1.apply(DataInteraction.java:210)
at android.support.test.espresso.DataInteraction$DisplayDataMatcher.&lt;init&gt;(DataInteraction.java:230)
at android.support.test.espresso.DataInteraction$DisplayDataMatcher.&lt;init&gt;(DataInteraction.java:205)
at android.support.test.espresso.DataInteraction$DisplayDataMatcher.displayDataMatcher(DataInteraction.java:248)
at android.support.test.espresso.DataInteraction.makeTargetMatcher(DataInteraction.java:150)
at android.support.test.espresso.DataInteraction.perform(DataInteraction.java:135)
at kdk.android.simplydo.C4.DeleteInactiveC4.deleteInactiveC4(DeleteInactiveC4.java:121)
at java.lang.reflect.Method.invoke(Native Method)
at org.junit.runners.model.FrameworkMethod$1.runReflectiveCall(FrameworkMethod.java:50)
at org.junit.internal.runners.model.ReflectiveCallable.run(ReflectiveCallable.java:12)
at org.junit.runners.model.FrameworkMethod.invokeExplosively(FrameworkMethod.java:47)
at org.junit.internal.runners.statements.InvokeMethod.evaluate(InvokeMethod.java:17)
at android.support.test.rule.ActivityTestRule$ActivityStatement.evaluate(ActivityTestRule.java:527)
at org.junit.rules.RunRules.evaluate(RunRules.java:20)
at org.junit.runners.ParentRunner.runLeaf(ParentRunner.java:325)
at org.junit.runners.BlockJUnit4ClassRunner.runChild(BlockJUnit4ClassRunner.java:78)
at org.junit.runners.BlockJUnit4ClassRunner.runChild(BlockJUnit4ClassRunner.java:57)
at org.junit.runners.ParentRunner$3.run(ParentRunner.java:290)
at org.junit.runners.ParentRunner$1.schedule(ParentRunner.java:71)
at org.junit.runners.ParentRunner.runChildren(ParentRunner.java:288)
at org.junit.runners.ParentRunner.access$000(ParentRunner.java:58)
at org.junit.runners.ParentRunner$2.evaluate(ParentRunner.java:268)
at org.junit.runners.ParentRunner.run(ParentRunner.java:363)
at android.support.test.runner.AndroidJUnit4.run(AndroidJUnit4.java:101)
at org.junit.runners.Suite.runChild(Suite.java:128)
at org.junit.runners.Suite.runChild(Suite.java:27)
at org.junit.runners.ParentRunner$3.run(ParentRunner.java:290)
at org.junit.runners.ParentRunner$1.schedule(ParentRunner.java:71)
at org.junit.runners.ParentRunner.runChildren(ParentRunner.java:288)
at org.junit.runners.ParentRunner.access$000(ParentRunner.java:58)
at org.junit.runners.ParentRunner$2.evaluate(ParentRunner.java:268)
at org.junit.runners.ParentRunner.run(ParentRunner.java:363)
at org.junit.runner.JUnitCore.run(JUnitCore.java:137)
at org.junit.runner.JUnitCore.run(JUnitCore.java:115)
at android.support.test.internal.runner.TestExecutor.execute(TestExecutor.java:56)
at android.support.test.runner.AndroidJUnitRunner.onStart(AndroidJUnitRunner.java:384)
at android.app.Instrumentation$InstrumentationThread.run(Instrumentation.java:2074)
</failure>
  </testcase>
  <testcase name="itemAssertC4" classname="kdk.android.simplydo.C4.ItemAssertC4" time="2.063" />
  <testcase name="multipleListC4" classname="kdk.android.simplydo.C4.MultipleListC4" time="3.743" />
  <testcase name="sortItemsC4" classname="kdk.android.simplydo.C4.SortItemsC4" time="5.179" />
  <testcase name="addAssertC5" classname="kdk.android.simplydo.C5.AddAssertC5" time="1.046" />
  <testcase name="addItemC5" classname="kdk.android.simplydo.C5.AddItemC5" time="2.142" />
  <testcase name="changeSettingsC5" classname="kdk.android.simplydo.C5.ChangeSettingsC5" time="4.746" />
  <testcase name="checkItemC5" classname="kdk.android.simplydo.C5.CheckItemC5" time="2.395" />
  <testcase name="createListC5" classname="kdk.android.simplydo.C5.CreateListC5" time="1.402" />
  <testcase name="decoratorC5" classname="kdk.android.simplydo.C5.DecoratorC5" time="5.273" />
  <testcase name="deleteInactiveC5" classname="kdk.android.simplydo.C5.DeleteInactiveC5" time="3.559">
    <failure>android.support.test.espresso.NoMatchingViewException: No views in hierarchy found matching: (with id: kdk.android.simplydo:id/ListsListView and Child at position 1 in parent (with id: 2130903059 and Child at position 0 in parent (with id: 2130903049 and Child at position 0 in parent Child at position 0 in parent with id: 16908290)))
If the target view is not part of the view hierarchy, you may need to use Espresso.onData to load it from one of the following AdapterViews:android.widget.MenuPopupWindow$MenuDropDownListView{27ea3fb VFED.VC.. .F...... 0,0-515,126}

View Hierarchy:
+&gt;PopupDecorView{id=-1, visibility=VISIBLE, width=515, height=126, has-focus=true, has-focusable=true, has-window-focus=true, is-clickable=false, is-enabled=true, is-focused=false, is-focusable=false, is-layout-requested=false, is-selected=false, layout-params=WM.LayoutParams{(555,73)(515x126) gr=#10800033 sim=#1 ty=1002 fl=#41860200 pfl=0x18000 fmt=-3 surfaceInsets=Rect(84, 84 - 84, 84) (manual) colorMode=0}, tag=null, root-is-layout-requested=false, has-input-connection=false, x=0.0, y=0.0, child-count=1}
|
+-&gt;PopupBackgroundView{id=-1, visibility=VISIBLE, width=515, height=126, has-focus=true, has-focusable=true, has-window-focus=true, is-clickable=false, is-enabled=true, is-focused=false, is-focusable=false, is-layout-requested=false, is-selected=false, layout-params=android.widget.FrameLayout$LayoutParams&#64;5047c18, tag=null, root-is-layout-requested=false, has-input-connection=false, x=0.0, y=0.0, child-count=1}
|
+--&gt;MenuDropDownListView{id=-1, visibility=VISIBLE, width=515, height=126, has-focus=true, has-focusable=true, has-window-focus=true, is-clickable=true, is-enabled=true, is-focused=true, is-focusable=true, is-layout-requested=false, is-selected=false, layout-params=android.widget.FrameLayout$LayoutParams&#64;c896c56, tag=null, root-is-layout-requested=false, has-input-connection=false, x=0.0, y=0.0, child-count=1}
|
+---&gt;ListMenuItemView{id=-1, visibility=VISIBLE, width=515, height=126, has-focus=false, has-focusable=false, has-window-focus=true, is-clickable=false, is-enabled=true, is-focused=false, is-focusable=false, is-layout-requested=false, is-selected=false, layout-params=android.widget.AbsListView$LayoutParams&#64;5bae8ad, tag=null, root-is-layout-requested=false, has-input-connection=false, x=0.0, y=0.0, child-count=2}
|
+----&gt;RelativeLayout{id=-1, visibility=VISIBLE, width=431, height=57, has-focus=false, has-focusable=false, has-window-focus=true, is-clickable=false, is-enabled=true, is-focused=false, is-focusable=false, is-layout-requested=false, is-selected=false, layout-params=android.widget.LinearLayout$LayoutParams&#64;382b630, tag=null, root-is-layout-requested=false, has-input-connection=false, x=42.0, y=34.0, child-count=2}
|
+-----&gt;TextView{id=16908310, res-name=title, visibility=VISIBLE, width=431, height=57, has-focus=false, has-focusable=false, has-window-focus=true, is-clickable=false, is-enabled=true, is-focused=false, is-focusable=false, is-layout-requested=false, is-selected=false, layout-params=android.widget.RelativeLayout$LayoutParams&#64;b4a62a9, tag=null, root-is-layout-requested=false, has-input-connection=false, x=0.0, y=0.0, text=Settings, input-type=0, ime-target=false, has-links=false}
|
+-----&gt;TextView{id=16909259, res-name=shortcut, visibility=GONE, width=0, height=0, has-focus=false, has-focusable=false, has-window-focus=true, is-clickable=false, is-enabled=true, is-focused=false, is-focusable=false, is-layout-requested=true, is-selected=false, layout-params=android.widget.RelativeLayout$LayoutParams&#64;71b02e, tag=null, root-is-layout-requested=false, has-input-connection=false, x=0.0, y=0.0, text=, input-type=0, ime-target=false, has-links=false}
|
+----&gt;ImageView{id=16909319, res-name=submenuarrow, visibility=GONE, width=0, height=0, has-focus=false, has-focusable=false, has-window-focus=true, is-clickable=false, is-enabled=true, is-focused=false, is-focusable=false, is-layout-requested=true, is-selected=false, layout-params=android.widget.LinearLayout$LayoutParams&#64;5aa37cf, tag=null, root-is-layout-requested=false, has-input-connection=false, x=0.0, y=0.0}
|
at dalvik.system.VMStack.getThreadStackTrace(Native Method)
at java.lang.Thread.getStackTrace(Thread.java:1536)
at android.support.test.espresso.base.DefaultFailureHandler.getUserFriendlyError(DefaultFailureHandler.java:88)
at android.support.test.espresso.base.DefaultFailureHandler.handle(DefaultFailureHandler.java:51)
at android.support.test.espresso.ViewInteraction.waitForAndHandleInteractionResults(ViewInteraction.java:312)
at android.support.test.espresso.ViewInteraction.desugaredPerform(ViewInteraction.java:173)
at android.support.test.espresso.ViewInteraction.perform(ViewInteraction.java:114)
at android.support.test.espresso.DataInteraction$DisplayDataMatcher$1.apply(DataInteraction.java:213)
at android.support.test.espresso.DataInteraction$DisplayDataMatcher$1.apply(DataInteraction.java:210)
at android.support.test.espresso.DataInteraction$DisplayDataMatcher.&lt;init&gt;(DataInteraction.java:230)
at android.support.test.espresso.DataInteraction$DisplayDataMatcher.&lt;init&gt;(DataInteraction.java:205)
at android.support.test.espresso.DataInteraction$DisplayDataMatcher.displayDataMatcher(DataInteraction.java:248)
at android.support.test.espresso.DataInteraction.makeTargetMatcher(DataInteraction.java:150)
at android.support.test.espresso.DataInteraction.perform(DataInteraction.java:135)
at kdk.android.simplydo.C5.DeleteInactiveC5.deleteInactiveC5(DeleteInactiveC5.java:178)
at java.lang.reflect.Method.invoke(Native Method)
at org.junit.runners.model.FrameworkMethod$1.runReflectiveCall(FrameworkMethod.java:50)
at org.junit.internal.runners.model.ReflectiveCallable.run(ReflectiveCallable.java:12)
at org.junit.runners.model.FrameworkMethod.invokeExplosively(FrameworkMethod.java:47)
at org.junit.internal.runners.statements.InvokeMethod.evaluate(InvokeMethod.java:17)
at android.support.test.rule.ActivityTestRule$ActivityStatement.evaluate(ActivityTestRule.java:527)
at org.junit.rules.RunRules.evaluate(RunRules.java:20)
at org.junit.runners.ParentRunner.runLeaf(ParentRunner.java:325)
at org.junit.runners.BlockJUnit4ClassRunner.runChild(BlockJUnit4ClassRunner.java:78)
at org.junit.runners.BlockJUnit4ClassRunner.runChild(BlockJUnit4ClassRunner.java:57)
at org.junit.runners.ParentRunner$3.run(ParentRunner.java:290)
at org.junit.runners.ParentRunner$1.schedule(ParentRunner.java:71)
at org.junit.runners.ParentRunner.runChildren(ParentRunner.java:288)
at org.junit.runners.ParentRunner.access$000(ParentRunner.java:58)
at org.junit.runners.ParentRunner$2.evaluate(ParentRunner.java:268)
at org.junit.runners.ParentRunner.run(ParentRunner.java:363)
at android.support.test.runner.AndroidJUnit4.run(AndroidJUnit4.java:101)
at org.junit.runners.Suite.runChild(Suite.java:128)
at org.junit.runners.Suite.runChild(Suite.java:27)
at org.junit.runners.ParentRunner$3.run(ParentRunner.java:290)
at org.junit.runners.ParentRunner$1.schedule(ParentRunner.java:71)
at org.junit.runners.ParentRunner.runChildren(ParentRunner.java:288)
at org.junit.runners.ParentRunner.access$000(ParentRunner.java:58)
at org.junit.runners.ParentRunner$2.evaluate(ParentRunner.java:268)
at org.junit.runners.ParentRunner.run(ParentRunner.java:363)
at org.junit.runner.JUnitCore.run(JUnitCore.java:137)
at org.junit.runner.JUnitCore.run(JUnitCore.java:115)
at android.support.test.internal.runner.TestExecutor.execute(TestExecutor.java:56)
at android.support.test.runner.AndroidJUnitRunner.onStart(AndroidJUnitRunner.java:384)
at android.app.Instrumentation$InstrumentationThread.run(Instrumentation.java:2074)
</failure>
  </testcase>
  <testcase name="itemAssertC5" classname="kdk.android.simplydo.C5.ItemAssertC5" time="2.145">
    <failure>android.support.test.espresso.NoMatchingViewException: No views in hierarchy found matching: (with id: kdk.android.simplydo:id/AddItemButton and Child at position 1 in parent (with id: kdk.android.simplydo:id/LinearLayout01 and Child at position 0 in parent (with id: kdk.android.simplydo:id/itemsView and Child at position 0 in parent (with id: kdk.android.simplydo:id/ListsItemsSwitcher and Child at position 0 in parent Child at position 0 in parent with id: android:id/content))) and is displayed on the screen to the user)
If the target view is not part of the view hierarchy, you may need to use Espresso.onData to load it from one of the following AdapterViews:android.widget.ListView{413fa47 VFED.VCL. ......I. 0,126-1080,256 #7f03000a app:id/ListsListView}
- android.widget.ListView{c617fb3 VFED.VCL. ........ 0,126-1080,256 #7f030007 app:id/ItemsListView}

View Hierarchy:
+&gt;DecorView{id=-1, visibility=VISIBLE, width=1080, height=1920, has-focus=true, has-focusable=true, has-window-focus=true, is-clickable=false, is-enabled=true, is-focused=false, is-focusable=false, is-layout-requested=false, is-selected=false, layout-params=WM.LayoutParams{(0,0)(fillxfill) sim=#3 ty=1 fl=#81810100 pfl=0x20000 wanim=0x10302f6 needsMenuKey=2 colorMode=0}, tag=null, root-is-layout-requested=false, has-input-connection=false, x=0.0, y=0.0, child-count=3}
|
+-&gt;ActionBarOverlayLayout{id=16908822, res-name=decor_content_parent, visibility=VISIBLE, width=1080, height=1794, has-focus=true, has-focusable=true, has-window-focus=true, is-clickable=false, is-enabled=true, is-focused=false, is-focusable=false, is-layout-requested=false, is-selected=false, layout-params=android.widget.FrameLayout$LayoutParams&#64;db26eff, tag=null, root-is-layout-requested=false, has-input-connection=false, x=0.0, y=0.0, child-count=2}
|
+--&gt;FrameLayout{id=16908290, res-name=content, visibility=VISIBLE, width=1080, height=1584, has-focus=true, has-focusable=true, has-window-focus=true, is-clickable=false, is-enabled=true, is-focused=false, is-focusable=false, is-layout-requested=false, is-selected=false, layout-params=com.android.internal.widget.ActionBarOverlayLayout$LayoutParams&#64;42f0315, tag=null, root-is-layout-requested=false, has-input-connection=false, x=0.0, y=210.0, child-count=1}
|
+---&gt;LinearLayout{id=-1, visibility=VISIBLE, width=1080, height=1584, has-focus=true, has-focusable=true, has-window-focus=true, is-clickable=false, is-enabled=true, is-focused=false, is-focusable=false, is-layout-requested=false, is-selected=false, layout-params=android.widget.FrameLayout$LayoutParams&#64;48fc1b, tag=null, root-is-layout-requested=false, has-input-connection=false, x=0.0, y=0.0, child-count=1}
|
+----&gt;ViewSwitcher{id=2130903049, res-name=ListsItemsSwitcher, visibility=VISIBLE, width=1080, height=256, has-focus=true, has-focusable=true, has-window-focus=true, is-clickable=false, is-enabled=true, is-focused=false, is-focusable=false, is-layout-requested=false, is-selected=false, layout-params=android.widget.LinearLayout$LayoutParams&#64;cf13af6, tag=null, root-is-layout-requested=false, has-input-connection=false, x=0.0, y=0.0, child-count=2}
|
+-----&gt;LinearLayout{id=2130903059, res-name=listsView, visibility=GONE, width=1080, height=256, has-focus=false, has-focusable=false, has-window-focus=true, is-clickable=false, is-enabled=true, is-focused=false, is-focusable=false, is-layout-requested=true, is-selected=false, layout-params=android.widget.FrameLayout$LayoutParams&#64;2f13ef7, tag=null, root-is-layout-requested=false, has-input-connection=false, x=0.0, y=0.0, child-count=2}
|
+------&gt;LinearLayout{id=2130903048, res-name=LinearLayout01, visibility=VISIBLE, width=1080, height=126, has-focus=false, has-focusable=true, has-window-focus=true, is-clickable=false, is-enabled=true, is-focused=false, is-focusable=false, is-layout-requested=false, is-selected=false, layout-params=android.widget.LinearLayout$LayoutParams&#64;bf14164, tag=null, root-is-layout-requested=false, has-input-connection=false, x=0.0, y=0.0, child-count=2}
|
+-------&gt;EditText{id=2130903043, res-name=AddListEditText, desc=addlistedittext, visibility=VISIBLE, width=849, height=126, has-focus=false, has-focusable=true, has-window-focus=true, is-clickable=true, is-enabled=true, is-focused=false, is-focusable=true, is-layout-requested=false, is-selected=false, layout-params=android.widget.LinearLayout$LayoutParams&#64;1330fd0, tag=null, root-is-layout-requested=false, has-input-connection=true, editor-info=[inputType=0x31 imeOptions=0xc000006 privateImeOptions=null actionLabel=null actionId=0 initialSelStart=0 initialSelEnd=0 initialCapsMode=0x0 hintText=New List Name label=null packageName=null fieldId=0 fieldName=null extras=null hintLocales=null contentMimeTypes=null ], x=0.0, y=0.0, text=, hint=New List Name, input-type=49, ime-target=false, has-links=false}
|
+-------&gt;Button{id=2130903042, res-name=AddListButton, desc=Add, visibility=VISIBLE, width=231, height=126, has-focus=false, has-focusable=true, has-window-focus=true, is-clickable=true, is-enabled=true, is-focused=false, is-focusable=true, is-layout-requested=false, is-selected=false, layout-params=android.widget.LinearLayout$LayoutParams&#64;c6f4bc9, tag=null, root-is-layout-requested=false, has-input-connection=false, x=849.0, y=0.0, text=Add, input-type=0, ime-target=false, has-links=false}
|
+------&gt;ListView{id=2130903050, res-name=ListsListView, visibility=VISIBLE, width=1080, height=130, has-focus=false, has-focusable=true, has-window-focus=true, is-clickable=true, is-enabled=true, is-focused=false, is-focusable=true, is-layout-requested=true, is-selected=false, layout-params=android.widget.LinearLayout$LayoutParams&#64;84b15ef, tag=null, root-is-layout-requested=false, has-input-connection=false, x=0.0, y=126.0, child-count=1}
|
+-------&gt;LinearLayout{id=-1, visibility=VISIBLE, width=1080, height=130, has-focus=false, has-focusable=false, has-window-focus=true, is-clickable=false, is-enabled=true, is-focused=false, is-focusable=false, is-layout-requested=false, is-selected=false, layout-params=android.widget.AbsListView$LayoutParams&#64;de92dda, tag=null, root-is-layout-requested=false, has-input-connection=false, x=0.0, y=0.0, child-count=2}
|
+--------&gt;TextView{id=2130903060, res-name=text1, desc=Name, visibility=VISIBLE, width=945, height=78, has-focus=false, has-focusable=false, has-window-focus=true, is-clickable=false, is-enabled=true, is-focused=false, is-focusable=false, is-layout-requested=false, is-selected=false, layout-params=android.widget.LinearLayout$LayoutParams&#64;8dd220b, tag=null, root-is-layout-requested=false, has-input-connection=false, x=26.0, y=26.0, text=one, input-type=0, ime-target=false, has-links=false}
|
+--------&gt;TextView{id=2130903061, res-name=text2, desc=text2, visibility=VISIBLE, width=109, height=64, has-focus=false, has-focusable=false, has-window-focus=true, is-clickable=false, is-enabled=true, is-focused=false, is-focusable=false, is-layout-requested=false, is-selected=false, layout-params=android.widget.LinearLayout$LayoutParams&#64;60908e8, tag=null, root-is-layout-requested=false, has-input-connection=false, x=971.0, y=35.0, text=(0/0), input-type=0, ime-target=false, has-links=false}
|
+-----&gt;LinearLayout{id=2130903057, res-name=itemsView, visibility=VISIBLE, width=1080, height=256, has-focus=true, has-focusable=true, has-window-focus=true, is-clickable=false, is-enabled=true, is-focused=false, is-focusable=false, is-layout-requested=false, is-selected=false, layout-params=android.widget.FrameLayout$LayoutParams&#64;dffab01, tag=null, root-is-layout-requested=false, has-input-connection=false, x=0.0, y=0.0, child-count=2}
|
+------&gt;LinearLayout{id=2130903048, res-name=LinearLayout01, visibility=VISIBLE, width=1080, height=126, has-focus=true, has-focusable=true, has-window-focus=true, is-clickable=false, is-enabled=true, is-focused=false, is-focusable=false, is-layout-requested=false, is-selected=false, layout-params=android.widget.LinearLayout$LayoutParams&#64;fbc4da6, tag=null, root-is-layout-requested=false, has-input-connection=false, x=0.0, y=0.0, child-count=2}
|
+-------&gt;EditText{id=2130903041, res-name=AddItemEditText, desc=addItemEditText, visibility=VISIBLE, width=849, height=118, has-focus=true, has-focusable=true, has-window-focus=true, is-clickable=true, is-enabled=true, is-focused=true, is-focusable=true, is-layout-requested=false, is-selected=false, layout-params=android.widget.LinearLayout$LayoutParams&#64;739d3e7, tag=null, root-is-layout-requested=false, has-input-connection=true, editor-info=[inputType=0x31 imeOptions=0x8000006 privateImeOptions=null actionLabel=null actionId=0 initialSelStart=0 initialSelEnd=0 initialCapsMode=0x0 hintText=New Item Name label=null packageName=null fieldId=0 fieldName=null extras=null hintLocales=null contentMimeTypes=null ], x=0.0, y=1.0, text=, hint=New Item Name, input-type=49, ime-target=true, has-links=false}
|
+-------&gt;Button{id=2130903040, res-name=AddItemButton, desc=Add, visibility=VISIBLE, width=231, height=126, has-focus=false, has-focusable=true, has-window-focus=true, is-clickable=true, is-enabled=true, is-focused=false, is-focusable=true, is-layout-requested=false, is-selected=false, layout-params=android.widget.LinearLayout$LayoutParams&#64;dd9cb94, tag=null, root-is-layout-requested=false, has-input-connection=false, x=849.0, y=0.0, text=Add, input-type=0, ime-target=false, has-links=false}
|
+------&gt;ListView{id=2130903047, res-name=ItemsListView, visibility=VISIBLE, width=1080, height=130, has-focus=false, has-focusable=true, has-window-focus=true, is-clickable=true, is-enabled=true, is-focused=false, is-focusable=true, is-layout-requested=false, is-selected=false, layout-params=android.widget.LinearLayout$LayoutParams&#64;24f9e32, tag=null, root-is-layout-requested=false, has-input-connection=false, x=0.0, y=126.0, child-count=1}
|
+-------&gt;LinearLayout{id=-1, visibility=VISIBLE, width=1080, height=130, has-focus=false, has-focusable=false, has-window-focus=true, is-clickable=false, is-enabled=true, is-focused=false, is-focusable=false, is-layout-requested=false, is-selected=false, layout-params=android.widget.AbsListView$LayoutParams&#64;b520d00, tag=null, root-is-layout-requested=false, has-input-connection=false, x=0.0, y=0.0, child-count=3}
|
+--------&gt;View{id=2130903052, res-name=SortedMarker, visibility=VISIBLE, width=5, height=130, has-focus=false, has-focusable=false, has-window-focus=true, is-clickable=false, is-enabled=true, is-focused=false, is-focusable=false, is-layout-requested=false, is-selected=false, layout-params=android.widget.LinearLayout$LayoutParams&#64;fe5b939, tag=null, root-is-layout-requested=false, has-input-connection=false, x=0.0, y=0.0}
|
+--------&gt;TextView{id=2130903055, res-name=ieText1, desc=ieText1, visibility=VISIBLE, width=1007, height=130, has-focus=false, has-focusable=false, has-window-focus=true, is-clickable=false, is-enabled=true, is-focused=false, is-focusable=false, is-layout-requested=false, is-selected=false, layout-params=android.widget.LinearLayout$LayoutParams&#64;e556b7e, tag=null, root-is-layout-requested=false, has-input-connection=false, x=5.0, y=0.0, text=item, input-type=0, ime-target=false, has-links=false}
|
+--------&gt;ImageSwitcher{id=2130903054, res-name=StarSwitcher, desc=StarSwitcher, visibility=INVISIBLE, width=68, height=115, has-focus=false, has-focusable=false, has-window-focus=true, is-clickable=false, is-enabled=true, is-focused=false, is-focusable=false, is-layout-requested=false, is-selected=false, layout-params=android.widget.LinearLayout$LayoutParams&#64;dfaff5, tag=null, root-is-layout-requested=false, has-input-connection=false, x=1012.0, y=0.0, child-count=2}
|
+---------&gt;ImageView{id=2130903053, res-name=StarImage, desc=starImage, visibility=VISIBLE, width=63, height=63, has-focus=false, has-focusable=false, has-window-focus=true, is-clickable=false, is-enabled=true, is-focused=false, is-focusable=false, is-layout-requested=false, is-selected=false, layout-params=android.widget.FrameLayout$LayoutParams&#64;358c18a, tag=null, root-is-layout-requested=false, has-input-connection=false, x=0.0, y=26.0}
|
+---------&gt;ImageView{id=2130903046, res-name=InactiveStarImage, visibility=GONE, width=0, height=0, has-focus=false, has-focusable=false, has-window-focus=true, is-clickable=false, is-enabled=true, is-focused=false, is-focusable=false, is-layout-requested=true, is-selected=false, layout-params=android.widget.FrameLayout$LayoutParams&#64;27ea3fb, tag=null, root-is-layout-requested=false, has-input-connection=false, x=0.0, y=0.0}
|
+--&gt;ActionBarContainer{id=16908669, res-name=action_bar_container, visibility=VISIBLE, width=1080, height=147, has-focus=false, has-focusable=false, has-window-focus=true, is-clickable=false, is-enabled=true, is-focused=false, is-focusable=false, is-layout-requested=false, is-selected=false, layout-params=com.android.internal.widget.ActionBarOverlayLayout$LayoutParams&#64;c896c56, tag=null, root-is-layout-requested=false, has-input-connection=false, x=0.0, y=63.0, child-count=2}
|
+---&gt;Toolbar{id=16908668, res-name=action_bar, visibility=VISIBLE, width=1080, height=147, has-focus=false, has-focusable=false, has-window-focus=true, is-clickable=false, is-enabled=true, is-focused=false, is-focusable=false, is-layout-requested=false, is-selected=false, layout-params=android.widget.FrameLayout$LayoutParams&#64;60984d7, tag=null, root-is-layout-requested=false, has-input-connection=false, x=0.0, y=0.0, child-count=2}
|
+----&gt;TextView{id=-1, visibility=VISIBLE, width=87, height=71, has-focus=false, has-focusable=false, has-window-focus=true, is-clickable=false, is-enabled=true, is-focused=false, is-focusable=false, is-layout-requested=false, is-selected=false, layout-params=android.widget.Toolbar$LayoutParams&#64;dd141c4, tag=null, root-is-layout-requested=false, has-input-connection=false, x=42.0, y=38.0, text=one, input-type=0, ime-target=false, has-links=false}
|
+----&gt;ActionMenuView{id=-1, visibility=VISIBLE, width=105, height=147, has-focus=false, has-focusable=false, has-window-focus=true, is-clickable=false, is-enabled=true, is-focused=false, is-focusable=false, is-layout-requested=false, is-selected=false, layout-params=android.widget.Toolbar$LayoutParams&#64;647f7e2, tag=null, root-is-layout-requested=false, has-input-connection=false, x=975.0, y=0.0, child-count=1}
|
+-----&gt;OverflowMenuButton{id=-1, desc=More options, visibility=VISIBLE, width=105, height=126, has-focus=false, has-focusable=false, has-window-focus=true, is-clickable=true, is-enabled=true, is-focused=false, is-focusable=true, is-layout-requested=false, is-selected=false, layout-params=android.widget.ActionMenuView$LayoutParams&#64;4f79773, tag=null, root-is-layout-requested=false, has-input-connection=false, x=0.0, y=10.0}
|
+---&gt;ActionBarContextView{id=16908673, res-name=action_context_bar, visibility=GONE, width=0, height=0, has-focus=false, has-focusable=false, has-window-focus=true, is-clickable=false, is-enabled=true, is-focused=false, is-focusable=false, is-layout-requested=true, is-selected=false, layout-params=android.widget.FrameLayout$LayoutParams&#64;382b630, tag=null, root-is-layout-requested=false, has-input-connection=false, x=0.0, y=0.0, child-count=0}
|
+-&gt;View{id=16908336, res-name=navigationBarBackground, visibility=VISIBLE, width=1080, height=126, has-focus=false, has-focusable=false, has-window-focus=true, is-clickable=false, is-enabled=true, is-focused=false, is-focusable=false, is-layout-requested=false, is-selected=false, layout-params=android.widget.FrameLayout$LayoutParams&#64;b4a62a9, tag=null, root-is-layout-requested=false, has-input-connection=false, x=0.0, y=1794.0}
|
+-&gt;View{id=16908335, res-name=statusBarBackground, visibility=VISIBLE, width=1080, height=63, has-focus=false, has-focusable=false, has-window-focus=true, is-clickable=false, is-enabled=true, is-focused=false, is-focusable=false, is-layout-requested=false, is-selected=false, layout-params=android.widget.FrameLayout$LayoutParams&#64;71b02e, tag=null, root-is-layout-requested=false, has-input-connection=false, x=0.0, y=0.0}
|
at dalvik.system.VMStack.getThreadStackTrace(Native Method)
at java.lang.Thread.getStackTrace(Thread.java:1536)
at android.support.test.espresso.base.DefaultFailureHandler.getUserFriendlyError(DefaultFailureHandler.java:88)
at android.support.test.espresso.base.DefaultFailureHandler.handle(DefaultFailureHandler.java:51)
at android.support.test.espresso.ViewInteraction.waitForAndHandleInteractionResults(ViewInteraction.java:312)
at android.support.test.espresso.ViewInteraction.check(ViewInteraction.java:297)
at kdk.android.simplydo.C5.ItemAssertC5.itemAssertC5(ItemAssertC5.java:155)
at java.lang.reflect.Method.invoke(Native Method)
at org.junit.runners.model.FrameworkMethod$1.runReflectiveCall(FrameworkMethod.java:50)
at org.junit.internal.runners.model.ReflectiveCallable.run(ReflectiveCallable.java:12)
at org.junit.runners.model.FrameworkMethod.invokeExplosively(FrameworkMethod.java:47)
at org.junit.internal.runners.statements.InvokeMethod.evaluate(InvokeMethod.java:17)
at android.support.test.rule.ActivityTestRule$ActivityStatement.evaluate(ActivityTestRule.java:527)
at org.junit.rules.RunRules.evaluate(RunRules.java:20)
at org.junit.runners.ParentRunner.runLeaf(ParentRunner.java:325)
at org.junit.runners.BlockJUnit4ClassRunner.runChild(BlockJUnit4ClassRunner.java:78)
at org.junit.runners.BlockJUnit4ClassRunner.runChild(BlockJUnit4ClassRunner.java:57)
at org.junit.runners.ParentRunner$3.run(ParentRunner.java:290)
at org.junit.runners.ParentRunner$1.schedule(ParentRunner.java:71)
at org.junit.runners.ParentRunner.runChildren(ParentRunner.java:288)
at org.junit.runners.ParentRunner.access$000(ParentRunner.java:58)
at org.junit.runners.ParentRunner$2.evaluate(ParentRunner.java:268)
at org.junit.runners.ParentRunner.run(ParentRunner.java:363)
at android.support.test.runner.AndroidJUnit4.run(AndroidJUnit4.java:101)
at org.junit.runners.Suite.runChild(Suite.java:128)
at org.junit.runners.Suite.runChild(Suite.java:27)
at org.junit.runners.ParentRunner$3.run(ParentRunner.java:290)
at org.junit.runners.ParentRunner$1.schedule(ParentRunner.java:71)
at org.junit.runners.ParentRunner.runChildren(ParentRunner.java:288)
at org.junit.runners.ParentRunner.access$000(ParentRunner.java:58)
at org.junit.runners.ParentRunner$2.evaluate(ParentRunner.java:268)
at org.junit.runners.ParentRunner.run(ParentRunner.java:363)
at org.junit.runner.JUnitCore.run(JUnitCore.java:137)
at org.junit.runner.JUnitCore.run(JUnitCore.java:115)
at android.support.test.internal.runner.TestExecutor.execute(TestExecutor.java:56)
at android.support.test.runner.AndroidJUnitRunner.onStart(AndroidJUnitRunner.java:384)
at android.app.Instrumentation$InstrumentationThread.run(Instrumentation.java:2074)
</failure>
  </testcase>
  <testcase name="multipleListC5" classname="kdk.android.simplydo.C5.MultipleListC5" time="3.742" />
  <testcase name="sortItemsC5" classname="kdk.android.simplydo.C5.SortItemsC5" time="3.719" />
  <testcase name="addAssertC6" classname="kdk.android.simplydo.C6.AddAssertC6" time="1.08">
    <failure>android.support.test.espresso.AmbiguousViewMatcherException: '(an instance of android.widget.LinearLayout and is displayed on the screen to the user)' matches multiple views in the hierarchy.
Problem views are marked with '****MATCHES****' below.

View Hierarchy:
+&gt;DecorView{id=-1, visibility=VISIBLE, width=1080, height=1920, has-focus=true, has-focusable=true, has-window-focus=true, is-clickable=false, is-enabled=true, is-focused=false, is-focusable=false, is-layout-requested=false, is-selected=false, layout-params=WM.LayoutParams{(0,0)(fillxfill) sim=#3 ty=1 fl=#81810100 pfl=0x20000 wanim=0x10302f6 needsMenuKey=2 colorMode=0}, tag=null, root-is-layout-requested=false, has-input-connection=false, x=0.0, y=0.0, child-count=3}
|
+-&gt;ActionBarOverlayLayout{id=16908822, res-name=decor_content_parent, visibility=VISIBLE, width=1080, height=1794, has-focus=true, has-focusable=true, has-window-focus=true, is-clickable=false, is-enabled=true, is-focused=false, is-focusable=false, is-layout-requested=false, is-selected=false, layout-params=android.widget.FrameLayout$LayoutParams&#64;63aca, tag=null, root-is-layout-requested=false, has-input-connection=false, x=0.0, y=0.0, child-count=2}
|
+--&gt;FrameLayout{id=16908290, res-name=content, visibility=VISIBLE, width=1080, height=1584, has-focus=true, has-focusable=true, has-window-focus=true, is-clickable=false, is-enabled=true, is-focused=false, is-focusable=false, is-layout-requested=false, is-selected=false, layout-params=com.android.internal.widget.ActionBarOverlayLayout$LayoutParams&#64;accc43b, tag=null, root-is-layout-requested=false, has-input-connection=false, x=0.0, y=210.0, child-count=1}
|
+---&gt;LinearLayout{id=-1, visibility=VISIBLE, width=1080, height=1584, has-focus=true, has-focusable=true, has-window-focus=true, is-clickable=false, is-enabled=true, is-focused=false, is-focusable=false, is-layout-requested=false, is-selected=false, layout-params=android.widget.FrameLayout$LayoutParams&#64;33a10b1, tag=null, root-is-layout-requested=false, has-input-connection=false, x=0.0, y=0.0, child-count=1} ****MATCHES****
|
+----&gt;ViewSwitcher{id=2130903049, res-name=ListsItemsSwitcher, visibility=VISIBLE, width=1080, height=256, has-focus=true, has-focusable=true, has-window-focus=true, is-clickable=false, is-enabled=true, is-focused=false, is-focusable=false, is-layout-requested=false, is-selected=false, layout-params=android.widget.LinearLayout$LayoutParams&#64;6b96917, tag=null, root-is-layout-requested=false, has-input-connection=false, x=0.0, y=0.0, child-count=2}
|
+-----&gt;LinearLayout{id=2130903059, res-name=listsView, visibility=VISIBLE, width=1080, height=256, has-focus=true, has-focusable=true, has-window-focus=true, is-clickable=false, is-enabled=true, is-focused=false, is-focusable=false, is-layout-requested=false, is-selected=false, layout-params=android.widget.FrameLayout$LayoutParams&#64;9c0f104, tag=null, root-is-layout-requested=false, has-input-connection=false, x=0.0, y=0.0, child-count=2} ****MATCHES****
|
+------&gt;LinearLayout{id=2130903048, res-name=LinearLayout01, visibility=VISIBLE, width=1080, height=126, has-focus=true, has-focusable=true, has-window-focus=true, is-clickable=false, is-enabled=true, is-focused=false, is-focusable=false, is-layout-requested=false, is-selected=false, layout-params=android.widget.LinearLayout$LayoutParams&#64;dae06ed, tag=null, root-is-layout-requested=false, has-input-connection=false, x=0.0, y=0.0, child-count=2} ****MATCHES****
|
+-------&gt;EditText{id=2130903043, res-name=AddListEditText, desc=addlistedittext, visibility=VISIBLE, width=849, height=126, has-focus=true, has-focusable=true, has-window-focus=true, is-clickable=true, is-enabled=true, is-focused=true, is-focusable=true, is-layout-requested=false, is-selected=false, layout-params=android.widget.LinearLayout$LayoutParams&#64;3f124e9, tag=null, root-is-layout-requested=false, has-input-connection=true, editor-info=[inputType=0x31 imeOptions=0x8000006 privateImeOptions=null actionLabel=null actionId=0 initialSelStart=0 initialSelEnd=0 initialCapsMode=0x0 hintText=New List Name label=null packageName=null fieldId=0 fieldName=null extras=null hintLocales=null contentMimeTypes=null ], x=0.0, y=0.0, text=, hint=New List Name, input-type=49, ime-target=true, has-links=false}
|
+-------&gt;Button{id=2130903042, res-name=AddListButton, desc=Add, visibility=VISIBLE, width=231, height=126, has-focus=false, has-focusable=true, has-window-focus=true, is-clickable=true, is-enabled=true, is-focused=false, is-focusable=true, is-layout-requested=false, is-selected=false, layout-params=android.widget.LinearLayout$LayoutParams&#64;c21e56e, tag=null, root-is-layout-requested=false, has-input-connection=false, x=849.0, y=0.0, text=Add, input-type=0, ime-target=false, has-links=false}
|
+------&gt;ListView{id=2130903050, res-name=ListsListView, visibility=VISIBLE, width=1080, height=130, has-focus=false, has-focusable=true, has-window-focus=true, is-clickable=true, is-enabled=true, is-focused=false, is-focusable=true, is-layout-requested=false, is-selected=false, layout-params=android.widget.LinearLayout$LayoutParams&#64;f6a640f, tag=null, root-is-layout-requested=false, has-input-connection=false, x=0.0, y=126.0, child-count=1}
|
+-------&gt;LinearLayout{id=-1, visibility=VISIBLE, width=1080, height=130, has-focus=false, has-focusable=false, has-window-focus=true, is-clickable=false, is-enabled=true, is-focused=false, is-focusable=false, is-layout-requested=false, is-selected=false, layout-params=android.widget.AbsListView$LayoutParams&#64;d635c9c, tag=null, root-is-layout-requested=false, has-input-connection=false, x=0.0, y=0.0, child-count=2} ****MATCHES****
|
+--------&gt;TextView{id=2130903060, res-name=text1, desc=Name, visibility=VISIBLE, width=945, height=78, has-focus=false, has-focusable=false, has-window-focus=true, is-clickable=false, is-enabled=true, is-focused=false, is-focusable=false, is-layout-requested=false, is-selected=false, layout-params=android.widget.LinearLayout$LayoutParams&#64;62e26a5, tag=null, root-is-layout-requested=false, has-input-connection=false, x=26.0, y=26.0, text=new, input-type=0, ime-target=false, has-links=false}
|
+--------&gt;TextView{id=2130903061, res-name=text2, desc=text2, visibility=VISIBLE, width=109, height=64, has-focus=false, has-focusable=false, has-window-focus=true, is-clickable=false, is-enabled=true, is-focused=false, is-focusable=false, is-layout-requested=false, is-selected=false, layout-params=android.widget.LinearLayout$LayoutParams&#64;a0aea7a, tag=null, root-is-layout-requested=false, has-input-connection=false, x=971.0, y=35.0, text=(0/0), input-type=0, ime-target=false, has-links=false}
|
+-----&gt;LinearLayout{id=2130903057, res-name=itemsView, visibility=GONE, width=0, height=0, has-focus=false, has-focusable=false, has-window-focus=true, is-clickable=false, is-enabled=true, is-focused=false, is-focusable=false, is-layout-requested=true, is-selected=false, layout-params=android.widget.FrameLayout$LayoutParams&#64;27f8821, tag=null, root-is-layout-requested=false, has-input-connection=false, x=0.0, y=0.0, child-count=2}
|
+------&gt;LinearLayout{id=2130903048, res-name=LinearLayout01, visibility=VISIBLE, width=0, height=0, has-focus=false, has-focusable=true, has-window-focus=true, is-clickable=false, is-enabled=true, is-focused=false, is-focusable=false, is-layout-requested=true, is-selected=false, layout-params=android.widget.LinearLayout$LayoutParams&#64;b44a334, tag=null, root-is-layout-requested=false, has-input-connection=false, x=0.0, y=0.0, child-count=2}
|
+-------&gt;EditText{id=2130903041, res-name=AddItemEditText, desc=addItemEditText, visibility=VISIBLE, width=0, height=0, has-focus=false, has-focusable=true, has-window-focus=true, is-clickable=true, is-enabled=true, is-focused=false, is-focusable=true, is-layout-requested=true, is-selected=false, layout-params=android.widget.LinearLayout$LayoutParams&#64;42b855d, tag=null, root-is-layout-requested=false, has-input-connection=true, editor-info=[inputType=0x31 imeOptions=0x8000006 privateImeOptions=null actionLabel=null actionId=0 initialSelStart=0 initialSelEnd=0 initialCapsMode=0x0 hintText=New Item Name label=null packageName=null fieldId=0 fieldName=null extras=null hintLocales=null contentMimeTypes=null ], x=0.0, y=0.0, text=, hint=New Item Name, input-type=49, ime-target=false, has-links=false}
|
+-------&gt;Button{id=2130903040, res-name=AddItemButton, desc=Add, visibility=VISIBLE, width=0, height=0, has-focus=false, has-focusable=true, has-window-focus=true, is-clickable=true, is-enabled=true, is-focused=false, is-focusable=true, is-layout-requested=true, is-selected=false, layout-params=android.widget.LinearLayout$LayoutParams&#64;c184ed2, tag=null, root-is-layout-requested=false, has-input-connection=false, x=0.0, y=0.0, text=Add, input-type=0, ime-target=false, has-links=false}
|
+------&gt;ListView{id=2130903047, res-name=ItemsListView, visibility=VISIBLE, width=0, height=0, has-focus=false, has-focusable=false, has-window-focus=true, is-clickable=true, is-enabled=true, is-focused=false, is-focusable=false, is-layout-requested=true, is-selected=false, layout-params=android.widget.LinearLayout$LayoutParams&#64;6c9bba3, tag=null, root-is-layout-requested=false, has-input-connection=false, x=0.0, y=0.0, child-count=0}
|
+--&gt;ActionBarContainer{id=16908669, res-name=action_bar_container, visibility=VISIBLE, width=1080, height=147, has-focus=false, has-focusable=false, has-window-focus=true, is-clickable=false, is-enabled=true, is-focused=false, is-focusable=false, is-layout-requested=false, is-selected=false, layout-params=com.android.internal.widget.ActionBarOverlayLayout$LayoutParams&#64;808861e, tag=null, root-is-layout-requested=false, has-input-connection=false, x=0.0, y=63.0, child-count=2}
|
+---&gt;Toolbar{id=16908668, res-name=action_bar, visibility=VISIBLE, width=1080, height=147, has-focus=false, has-focusable=false, has-window-focus=true, is-clickable=false, is-enabled=true, is-focused=false, is-focusable=false, is-layout-requested=false, is-selected=false, layout-params=android.widget.FrameLayout$LayoutParams&#64;db26eff, tag=null, root-is-layout-requested=false, has-input-connection=false, x=0.0, y=0.0, child-count=2}
|
+----&gt;TextView{id=-1, visibility=VISIBLE, width=240, height=71, has-focus=false, has-focusable=false, has-window-focus=true, is-clickable=false, is-enabled=true, is-focused=false, is-focusable=false, is-layout-requested=false, is-selected=false, layout-params=android.widget.Toolbar$LayoutParams&#64;b0524cc, tag=null, root-is-layout-requested=false, has-input-connection=false, x=42.0, y=38.0, text=Simply Do, input-type=0, ime-target=false, has-links=false}
|
+----&gt;ActionMenuView{id=-1, visibility=VISIBLE, width=105, height=147, has-focus=false, has-focusable=false, has-window-focus=true, is-clickable=false, is-enabled=true, is-focused=false, is-focusable=false, is-layout-requested=false, is-selected=false, layout-params=android.widget.Toolbar$LayoutParams&#64;232e62a, tag=null, root-is-layout-requested=false, has-input-connection=false, x=975.0, y=0.0, child-count=1} ****MATCHES****
|
+-----&gt;OverflowMenuButton{id=-1, desc=More options, visibility=VISIBLE, width=105, height=126, has-focus=false, has-focusable=false, has-window-focus=true, is-clickable=true, is-enabled=true, is-focused=false, is-focusable=true, is-layout-requested=false, is-selected=false, layout-params=android.widget.ActionMenuView$LayoutParams&#64;48fc1b, tag=null, root-is-layout-requested=false, has-input-connection=false, x=0.0, y=10.0}
|
+---&gt;ActionBarContextView{id=16908673, res-name=action_context_bar, visibility=GONE, width=0, height=0, has-focus=false, has-focusable=false, has-window-focus=true, is-clickable=false, is-enabled=true, is-focused=false, is-focusable=false, is-layout-requested=true, is-selected=false, layout-params=android.widget.FrameLayout$LayoutParams&#64;3c5c1b8, tag=null, root-is-layout-requested=false, has-input-connection=false, x=0.0, y=0.0, child-count=0}
|
+-&gt;View{id=16908336, res-name=navigationBarBackground, visibility=VISIBLE, width=1080, height=126, has-focus=false, has-focusable=false, has-window-focus=true, is-clickable=false, is-enabled=true, is-focused=false, is-focusable=false, is-layout-requested=false, is-selected=false, layout-params=android.widget.FrameLayout$LayoutParams&#64;889bb91, tag=null, root-is-layout-requested=false, has-input-connection=false, x=0.0, y=1794.0}
|
+-&gt;View{id=16908335, res-name=statusBarBackground, visibility=VISIBLE, width=1080, height=63, has-focus=false, has-focusable=false, has-window-focus=true, is-clickable=false, is-enabled=true, is-focused=false, is-focusable=false, is-layout-requested=false, is-selected=false, layout-params=android.widget.FrameLayout$LayoutParams&#64;cf13af6, tag=null, root-is-layout-requested=false, has-input-connection=false, x=0.0, y=0.0}
|
at dalvik.system.VMStack.getThreadStackTrace(Native Method)
at java.lang.Thread.getStackTrace(Thread.java:1536)
at android.support.test.espresso.base.DefaultFailureHandler.getUserFriendlyError(DefaultFailureHandler.java:88)
at android.support.test.espresso.base.DefaultFailureHandler.handle(DefaultFailureHandler.java:51)
at android.support.test.espresso.ViewInteraction.waitForAndHandleInteractionResults(ViewInteraction.java:312)
at android.support.test.espresso.ViewInteraction.check(ViewInteraction.java:297)
at kdk.android.simplydo.C6.AddAssertC6.addAssertC6(AddAssertC6.java:53)
at java.lang.reflect.Method.invoke(Native Method)
at org.junit.runners.model.FrameworkMethod$1.runReflectiveCall(FrameworkMethod.java:50)
at org.junit.internal.runners.model.ReflectiveCallable.run(ReflectiveCallable.java:12)
at org.junit.runners.model.FrameworkMethod.invokeExplosively(FrameworkMethod.java:47)
at org.junit.internal.runners.statements.InvokeMethod.evaluate(InvokeMethod.java:17)
at android.support.test.rule.ActivityTestRule$ActivityStatement.evaluate(ActivityTestRule.java:527)
at org.junit.rules.RunRules.evaluate(RunRules.java:20)
at org.junit.runners.ParentRunner.runLeaf(ParentRunner.java:325)
at org.junit.runners.BlockJUnit4ClassRunner.runChild(BlockJUnit4ClassRunner.java:78)
at org.junit.runners.BlockJUnit4ClassRunner.runChild(BlockJUnit4ClassRunner.java:57)
at org.junit.runners.ParentRunner$3.run(ParentRunner.java:290)
at org.junit.runners.ParentRunner$1.schedule(ParentRunner.java:71)
at org.junit.runners.ParentRunner.runChildren(ParentRunner.java:288)
at org.junit.runners.ParentRunner.access$000(ParentRunner.java:58)
at org.junit.runners.ParentRunner$2.evaluate(ParentRunner.java:268)
at org.junit.runners.ParentRunner.run(ParentRunner.java:363)
at android.support.test.runner.AndroidJUnit4.run(AndroidJUnit4.java:101)
at org.junit.runners.Suite.runChild(Suite.java:128)
at org.junit.runners.Suite.runChild(Suite.java:27)
at org.junit.runners.ParentRunner$3.run(ParentRunner.java:290)
at org.junit.runners.ParentRunner$1.schedule(ParentRunner.java:71)
at org.junit.runners.ParentRunner.runChildren(ParentRunner.java:288)
at org.junit.runners.ParentRunner.access$000(ParentRunner.java:58)
at org.junit.runners.ParentRunner$2.evaluate(ParentRunner.java:268)
at org.junit.runners.ParentRunner.run(ParentRunner.java:363)
at org.junit.runner.JUnitCore.run(JUnitCore.java:137)
at org.junit.runner.JUnitCore.run(JUnitCore.java:115)
at android.support.test.internal.runner.TestExecutor.execute(TestExecutor.java:56)
at android.support.test.runner.AndroidJUnitRunner.onStart(AndroidJUnitRunner.java:384)
at android.app.Instrumentation$InstrumentationThread.run(Instrumentation.java:2074)
</failure>
  </testcase>
  <testcase name="addItemC6" classname="kdk.android.simplydo.C6.AddItemC6" time="1.081">
    <failure>android.support.test.espresso.AmbiguousViewMatcherException: '(with class name: is "android.widget.LinearLayout" and is displayed on the screen to the user)' matches multiple views in the hierarchy.
Problem views are marked with '****MATCHES****' below.

View Hierarchy:
+&gt;DecorView{id=-1, visibility=VISIBLE, width=1080, height=1920, has-focus=true, has-focusable=true, has-window-focus=true, is-clickable=false, is-enabled=true, is-focused=false, is-focusable=false, is-layout-requested=false, is-selected=false, layout-params=WM.LayoutParams{(0,0)(fillxfill) sim=#3 ty=1 fl=#81810100 pfl=0x20000 wanim=0x10302f6 needsMenuKey=2 colorMode=0}, tag=null, root-is-layout-requested=false, has-input-connection=false, x=0.0, y=0.0, child-count=3}
|
+-&gt;ActionBarOverlayLayout{id=16908822, res-name=decor_content_parent, visibility=VISIBLE, width=1080, height=1794, has-focus=true, has-focusable=true, has-window-focus=true, is-clickable=false, is-enabled=true, is-focused=false, is-focusable=false, is-layout-requested=false, is-selected=false, layout-params=android.widget.FrameLayout$LayoutParams&#64;63aca, tag=null, root-is-layout-requested=false, has-input-connection=false, x=0.0, y=0.0, child-count=2}
|
+--&gt;FrameLayout{id=16908290, res-name=content, visibility=VISIBLE, width=1080, height=1584, has-focus=true, has-focusable=true, has-window-focus=true, is-clickable=false, is-enabled=true, is-focused=false, is-focusable=false, is-layout-requested=false, is-selected=false, layout-params=com.android.internal.widget.ActionBarOverlayLayout$LayoutParams&#64;accc43b, tag=null, root-is-layout-requested=false, has-input-connection=false, x=0.0, y=210.0, child-count=1}
|
+---&gt;LinearLayout{id=-1, visibility=VISIBLE, width=1080, height=1584, has-focus=true, has-focusable=true, has-window-focus=true, is-clickable=false, is-enabled=true, is-focused=false, is-focusable=false, is-layout-requested=false, is-selected=false, layout-params=android.widget.FrameLayout$LayoutParams&#64;33a10b1, tag=null, root-is-layout-requested=false, has-input-connection=false, x=0.0, y=0.0, child-count=1} ****MATCHES****
|
+----&gt;ViewSwitcher{id=2130903049, res-name=ListsItemsSwitcher, visibility=VISIBLE, width=1080, height=256, has-focus=true, has-focusable=true, has-window-focus=true, is-clickable=false, is-enabled=true, is-focused=false, is-focusable=false, is-layout-requested=false, is-selected=false, layout-params=android.widget.LinearLayout$LayoutParams&#64;6b96917, tag=null, root-is-layout-requested=false, has-input-connection=false, x=0.0, y=0.0, child-count=2}
|
+-----&gt;LinearLayout{id=2130903059, res-name=listsView, visibility=VISIBLE, width=1080, height=256, has-focus=true, has-focusable=true, has-window-focus=true, is-clickable=false, is-enabled=true, is-focused=false, is-focusable=false, is-layout-requested=false, is-selected=false, layout-params=android.widget.FrameLayout$LayoutParams&#64;9c0f104, tag=null, root-is-layout-requested=false, has-input-connection=false, x=0.0, y=0.0, child-count=2} ****MATCHES****
|
+------&gt;LinearLayout{id=2130903048, res-name=LinearLayout01, visibility=VISIBLE, width=1080, height=126, has-focus=true, has-focusable=true, has-window-focus=true, is-clickable=false, is-enabled=true, is-focused=false, is-focusable=false, is-layout-requested=false, is-selected=false, layout-params=android.widget.LinearLayout$LayoutParams&#64;dae06ed, tag=null, root-is-layout-requested=false, has-input-connection=false, x=0.0, y=0.0, child-count=2} ****MATCHES****
|
+-------&gt;EditText{id=2130903043, res-name=AddListEditText, desc=addlistedittext, visibility=VISIBLE, width=849, height=126, has-focus=true, has-focusable=true, has-window-focus=true, is-clickable=true, is-enabled=true, is-focused=true, is-focusable=true, is-layout-requested=false, is-selected=false, layout-params=android.widget.LinearLayout$LayoutParams&#64;3f124e9, tag=null, root-is-layout-requested=false, has-input-connection=true, editor-info=[inputType=0x31 imeOptions=0x8000006 privateImeOptions=null actionLabel=null actionId=0 initialSelStart=0 initialSelEnd=0 initialCapsMode=0x0 hintText=New List Name label=null packageName=null fieldId=0 fieldName=null extras=null hintLocales=null contentMimeTypes=null ], x=0.0, y=0.0, text=, hint=New List Name, input-type=49, ime-target=true, has-links=false}
|
+-------&gt;Button{id=2130903042, res-name=AddListButton, desc=Add, visibility=VISIBLE, width=231, height=126, has-focus=false, has-focusable=true, has-window-focus=true, is-clickable=true, is-enabled=true, is-focused=false, is-focusable=true, is-layout-requested=false, is-selected=false, layout-params=android.widget.LinearLayout$LayoutParams&#64;c21e56e, tag=null, root-is-layout-requested=false, has-input-connection=false, x=849.0, y=0.0, text=Add, input-type=0, ime-target=false, has-links=false}
|
+------&gt;ListView{id=2130903050, res-name=ListsListView, visibility=VISIBLE, width=1080, height=130, has-focus=false, has-focusable=true, has-window-focus=true, is-clickable=true, is-enabled=true, is-focused=false, is-focusable=true, is-layout-requested=false, is-selected=false, layout-params=android.widget.LinearLayout$LayoutParams&#64;f6a640f, tag=null, root-is-layout-requested=false, has-input-connection=false, x=0.0, y=126.0, child-count=1}
|
+-------&gt;LinearLayout{id=-1, visibility=VISIBLE, width=1080, height=130, has-focus=false, has-focusable=false, has-window-focus=true, is-clickable=false, is-enabled=true, is-focused=false, is-focusable=false, is-layout-requested=false, is-selected=false, layout-params=android.widget.AbsListView$LayoutParams&#64;d635c9c, tag=null, root-is-layout-requested=false, has-input-connection=false, x=0.0, y=0.0, child-count=2} ****MATCHES****
|
+--------&gt;TextView{id=2130903060, res-name=text1, desc=Name, visibility=VISIBLE, width=945, height=78, has-focus=false, has-focusable=false, has-window-focus=true, is-clickable=false, is-enabled=true, is-focused=false, is-focusable=false, is-layout-requested=false, is-selected=false, layout-params=android.widget.LinearLayout$LayoutParams&#64;62e26a5, tag=null, root-is-layout-requested=false, has-input-connection=false, x=26.0, y=26.0, text=List, input-type=0, ime-target=false, has-links=false}
|
+--------&gt;TextView{id=2130903061, res-name=text2, desc=text2, visibility=VISIBLE, width=109, height=64, has-focus=false, has-focusable=false, has-window-focus=true, is-clickable=false, is-enabled=true, is-focused=false, is-focusable=false, is-layout-requested=false, is-selected=false, layout-params=android.widget.LinearLayout$LayoutParams&#64;a0aea7a, tag=null, root-is-layout-requested=false, has-input-connection=false, x=971.0, y=35.0, text=(0/0), input-type=0, ime-target=false, has-links=false}
|
+-----&gt;LinearLayout{id=2130903057, res-name=itemsView, visibility=GONE, width=0, height=0, has-focus=false, has-focusable=false, has-window-focus=true, is-clickable=false, is-enabled=true, is-focused=false, is-focusable=false, is-layout-requested=true, is-selected=false, layout-params=android.widget.FrameLayout$LayoutParams&#64;27f8821, tag=null, root-is-layout-requested=false, has-input-connection=false, x=0.0, y=0.0, child-count=2}
|
+------&gt;LinearLayout{id=2130903048, res-name=LinearLayout01, visibility=VISIBLE, width=0, height=0, has-focus=false, has-focusable=true, has-window-focus=true, is-clickable=false, is-enabled=true, is-focused=false, is-focusable=false, is-layout-requested=true, is-selected=false, layout-params=android.widget.LinearLayout$LayoutParams&#64;b44a334, tag=null, root-is-layout-requested=false, has-input-connection=false, x=0.0, y=0.0, child-count=2}
|
+-------&gt;EditText{id=2130903041, res-name=AddItemEditText, desc=addItemEditText, visibility=VISIBLE, width=0, height=0, has-focus=false, has-focusable=true, has-window-focus=true, is-clickable=true, is-enabled=true, is-focused=false, is-focusable=true, is-layout-requested=true, is-selected=false, layout-params=android.widget.LinearLayout$LayoutParams&#64;42b855d, tag=null, root-is-layout-requested=false, has-input-connection=true, editor-info=[inputType=0x31 imeOptions=0x8000006 privateImeOptions=null actionLabel=null actionId=0 initialSelStart=0 initialSelEnd=0 initialCapsMode=0x0 hintText=New Item Name label=null packageName=null fieldId=0 fieldName=null extras=null hintLocales=null contentMimeTypes=null ], x=0.0, y=0.0, text=, hint=New Item Name, input-type=49, ime-target=false, has-links=false}
|
+-------&gt;Button{id=2130903040, res-name=AddItemButton, desc=Add, visibility=VISIBLE, width=0, height=0, has-focus=false, has-focusable=true, has-window-focus=true, is-clickable=true, is-enabled=true, is-focused=false, is-focusable=true, is-layout-requested=true, is-selected=false, layout-params=android.widget.LinearLayout$LayoutParams&#64;c184ed2, tag=null, root-is-layout-requested=false, has-input-connection=false, x=0.0, y=0.0, text=Add, input-type=0, ime-target=false, has-links=false}
|
+------&gt;ListView{id=2130903047, res-name=ItemsListView, visibility=VISIBLE, width=0, height=0, has-focus=false, has-focusable=false, has-window-focus=true, is-clickable=true, is-enabled=true, is-focused=false, is-focusable=false, is-layout-requested=true, is-selected=false, layout-params=android.widget.LinearLayout$LayoutParams&#64;6c9bba3, tag=null, root-is-layout-requested=false, has-input-connection=false, x=0.0, y=0.0, child-count=0}
|
+--&gt;ActionBarContainer{id=16908669, res-name=action_bar_container, visibility=VISIBLE, width=1080, height=147, has-focus=false, has-focusable=false, has-window-focus=true, is-clickable=false, is-enabled=true, is-focused=false, is-focusable=false, is-layout-requested=false, is-selected=false, layout-params=com.android.internal.widget.ActionBarOverlayLayout$LayoutParams&#64;808861e, tag=null, root-is-layout-requested=false, has-input-connection=false, x=0.0, y=63.0, child-count=2}
|
+---&gt;Toolbar{id=16908668, res-name=action_bar, visibility=VISIBLE, width=1080, height=147, has-focus=false, has-focusable=false, has-window-focus=true, is-clickable=false, is-enabled=true, is-focused=false, is-focusable=false, is-layout-requested=false, is-selected=false, layout-params=android.widget.FrameLayout$LayoutParams&#64;db26eff, tag=null, root-is-layout-requested=false, has-input-connection=false, x=0.0, y=0.0, child-count=2}
|
+----&gt;TextView{id=-1, visibility=VISIBLE, width=240, height=71, has-focus=false, has-focusable=false, has-window-focus=true, is-clickable=false, is-enabled=true, is-focused=false, is-focusable=false, is-layout-requested=false, is-selected=false, layout-params=android.widget.Toolbar$LayoutParams&#64;b0524cc, tag=null, root-is-layout-requested=false, has-input-connection=false, x=42.0, y=38.0, text=Simply Do, input-type=0, ime-target=false, has-links=false}
|
+----&gt;ActionMenuView{id=-1, visibility=VISIBLE, width=105, height=147, has-focus=false, has-focusable=false, has-window-focus=true, is-clickable=false, is-enabled=true, is-focused=false, is-focusable=false, is-layout-requested=false, is-selected=false, layout-params=android.widget.Toolbar$LayoutParams&#64;232e62a, tag=null, root-is-layout-requested=false, has-input-connection=false, x=975.0, y=0.0, child-count=1}
|
+-----&gt;OverflowMenuButton{id=-1, desc=More options, visibility=VISIBLE, width=105, height=126, has-focus=false, has-focusable=false, has-window-focus=true, is-clickable=true, is-enabled=true, is-focused=false, is-focusable=true, is-layout-requested=false, is-selected=false, layout-params=android.widget.ActionMenuView$LayoutParams&#64;48fc1b, tag=null, root-is-layout-requested=false, has-input-connection=false, x=0.0, y=10.0}
|
+---&gt;ActionBarContextView{id=16908673, res-name=action_context_bar, visibility=GONE, width=0, height=0, has-focus=false, has-focusable=false, has-window-focus=true, is-clickable=false, is-enabled=true, is-focused=false, is-focusable=false, is-layout-requested=true, is-selected=false, layout-params=android.widget.FrameLayout$LayoutParams&#64;3c5c1b8, tag=null, root-is-layout-requested=false, has-input-connection=false, x=0.0, y=0.0, child-count=0}
|
+-&gt;View{id=16908336, res-name=navigationBarBackground, visibility=VISIBLE, width=1080, height=126, has-focus=false, has-focusable=false, has-window-focus=true, is-clickable=false, is-enabled=true, is-focused=false, is-focusable=false, is-layout-requested=false, is-selected=false, layout-params=android.widget.FrameLayout$LayoutParams&#64;889bb91, tag=null, root-is-layout-requested=false, has-input-connection=false, x=0.0, y=1794.0}
|
+-&gt;View{id=16908335, res-name=statusBarBackground, visibility=VISIBLE, width=1080, height=63, has-focus=false, has-focusable=false, has-window-focus=true, is-clickable=false, is-enabled=true, is-focused=false, is-focusable=false, is-layout-requested=false, is-selected=false, layout-params=android.widget.FrameLayout$LayoutParams&#64;cf13af6, tag=null, root-is-layout-requested=false, has-input-connection=false, x=0.0, y=0.0}
|
at dalvik.system.VMStack.getThreadStackTrace(Native Method)
at java.lang.Thread.getStackTrace(Thread.java:1536)
at android.support.test.espresso.base.DefaultFailureHandler.getUserFriendlyError(DefaultFailureHandler.java:88)
at android.support.test.espresso.base.DefaultFailureHandler.handle(DefaultFailureHandler.java:51)
at android.support.test.espresso.ViewInteraction.waitForAndHandleInteractionResults(ViewInteraction.java:312)
at android.support.test.espresso.ViewInteraction.desugaredPerform(ViewInteraction.java:173)
at android.support.test.espresso.ViewInteraction.perform(ViewInteraction.java:114)
at kdk.android.simplydo.C6.AddItemC6.addItemC6(AddItemC6.java:48)
at java.lang.reflect.Method.invoke(Native Method)
at org.junit.runners.model.FrameworkMethod$1.runReflectiveCall(FrameworkMethod.java:50)
at org.junit.internal.runners.model.ReflectiveCallable.run(ReflectiveCallable.java:12)
at org.junit.runners.model.FrameworkMethod.invokeExplosively(FrameworkMethod.java:47)
at org.junit.internal.runners.statements.InvokeMethod.evaluate(InvokeMethod.java:17)
at android.support.test.rule.ActivityTestRule$ActivityStatement.evaluate(ActivityTestRule.java:527)
at org.junit.rules.RunRules.evaluate(RunRules.java:20)
at org.junit.runners.ParentRunner.runLeaf(ParentRunner.java:325)
at org.junit.runners.BlockJUnit4ClassRunner.runChild(BlockJUnit4ClassRunner.java:78)
at org.junit.runners.BlockJUnit4ClassRunner.runChild(BlockJUnit4ClassRunner.java:57)
at org.junit.runners.ParentRunner$3.run(ParentRunner.java:290)
at org.junit.runners.ParentRunner$1.schedule(ParentRunner.java:71)
at org.junit.runners.ParentRunner.runChildren(ParentRunner.java:288)
at org.junit.runners.ParentRunner.access$000(ParentRunner.java:58)
at org.junit.runners.ParentRunner$2.evaluate(ParentRunner.java:268)
at org.junit.runners.ParentRunner.run(ParentRunner.java:363)
at android.support.test.runner.AndroidJUnit4.run(AndroidJUnit4.java:101)
at org.junit.runners.Suite.runChild(Suite.java:128)
at org.junit.runners.Suite.runChild(Suite.java:27)
at org.junit.runners.ParentRunner$3.run(ParentRunner.java:290)
at org.junit.runners.ParentRunner$1.schedule(ParentRunner.java:71)
at org.junit.runners.ParentRunner.runChildren(ParentRunner.java:288)
at org.junit.runners.ParentRunner.access$000(ParentRunner.java:58)
at org.junit.runners.ParentRunner$2.evaluate(ParentRunner.java:268)
at org.junit.runners.ParentRunner.run(ParentRunner.java:363)
at org.junit.runner.JUnitCore.run(JUnitCore.java:137)
at org.junit.runner.JUnitCore.run(JUnitCore.java:115)
at android.support.test.internal.runner.TestExecutor.execute(TestExecutor.java:56)
at android.support.test.runner.AndroidJUnitRunner.onStart(AndroidJUnitRunner.java:384)
at android.app.Instrumentation$InstrumentationThread.run(Instrumentation.java:2074)
</failure>
  </testcase>
  <testcase name="changeSettingsC6" classname="kdk.android.simplydo.C6.ChangeSettingsC6" time="2.591">
    <failure>android.support.test.espresso.AmbiguousViewMatcherException: '(with class name: is "android.widget.LinearLayout" and is displayed on the screen to the user)' matches multiple views in the hierarchy.
Problem views are marked with '****MATCHES****' below.

View Hierarchy:
+&gt;DecorView{id=-1, visibility=VISIBLE, width=1080, height=1920, has-focus=true, has-focusable=true, has-window-focus=true, is-clickable=false, is-enabled=true, is-focused=false, is-focusable=false, is-layout-requested=false, is-selected=false, layout-params=WM.LayoutParams{(0,0)(fillxfill) ty=1 fl=#81810100 pfl=0x20000 wanim=0x10302f6 needsMenuKey=2 colorMode=0}, tag=null, root-is-layout-requested=false, has-input-connection=false, x=0.0, y=0.0, child-count=3}
|
+-&gt;ActionBarOverlayLayout{id=16908822, res-name=decor_content_parent, visibility=VISIBLE, width=1080, height=1794, has-focus=true, has-focusable=true, has-window-focus=true, is-clickable=false, is-enabled=true, is-focused=false, is-focusable=false, is-layout-requested=false, is-selected=false, layout-params=android.widget.FrameLayout$LayoutParams&#64;77c3d3d, tag=null, root-is-layout-requested=false, has-input-connection=false, x=0.0, y=0.0, child-count=2}
|
+--&gt;FrameLayout{id=16908290, res-name=content, visibility=VISIBLE, width=1080, height=1584, has-focus=true, has-focusable=true, has-window-focus=true, is-clickable=false, is-enabled=true, is-focused=false, is-focusable=false, is-layout-requested=false, is-selected=false, layout-params=com.android.internal.widget.ActionBarOverlayLayout$LayoutParams&#64;4bcd932, tag=null, root-is-layout-requested=false, has-input-connection=false, x=0.0, y=210.0, child-count=1}
|
+---&gt;LinearLayout{id=-1, visibility=VISIBLE, width=1080, height=1584, has-focus=true, has-focusable=true, has-window-focus=true, is-clickable=false, is-enabled=true, is-focused=false, is-focusable=false, is-layout-requested=false, is-selected=false, layout-params=android.widget.FrameLayout$LayoutParams&#64;59d4000, tag=null, root-is-layout-requested=false, has-input-connection=false, x=0.0, y=0.0, child-count=2} ****MATCHES****
|
+----&gt;LinearLayout{id=-1, visibility=VISIBLE, width=1080, height=1584, has-focus=true, has-focusable=true, has-window-focus=true, is-clickable=false, is-enabled=true, is-focused=false, is-focusable=false, is-layout-requested=false, is-selected=false, layout-params=android.widget.LinearLayout$LayoutParams&#64;d747039, tag=null, root-is-layout-requested=false, has-input-connection=false, x=0.0, y=0.0, child-count=1} ****MATCHES****
|
+-----&gt;LinearLayout{id=16908926, res-name=headers, visibility=VISIBLE, width=1080, height=1584, has-focus=true, has-focusable=true, has-window-focus=true, is-clickable=false, is-enabled=true, is-focused=false, is-focusable=false, is-layout-requested=false, is-selected=false, layout-params=android.widget.LinearLayout$LayoutParams&#64;8965c2c, tag=null, root-is-layout-requested=false, has-input-connection=false, x=0.0, y=0.0, child-count=2} ****MATCHES****
|
+------&gt;ListView{id=16908298, res-name=list, visibility=VISIBLE, width=1080, height=1584, has-focus=true, has-focusable=true, has-window-focus=true, is-clickable=true, is-enabled=true, is-focused=true, is-focusable=true, is-layout-requested=false, is-selected=false, layout-params=android.widget.LinearLayout$LayoutParams&#64;e22d6f5, tag=null, root-is-layout-requested=false, has-input-connection=false, x=0.0, y=0.0, child-count=6}
|
+-------&gt;LinearLayout{id=-1, visibility=VISIBLE, width=1080, height=141, has-focus=false, has-focusable=false, has-window-focus=true, is-clickable=false, is-enabled=true, is-focused=false, is-focusable=false, is-layout-requested=false, is-selected=false, layout-params=android.widget.AbsListView$LayoutParams&#64;f16ed71, tag=null, root-is-layout-requested=false, has-input-connection=false, x=0.0, y=0.0, child-count=3} ****MATCHES****
|
+--------&gt;LinearLayout{id=16908350, res-name=icon_frame, visibility=GONE, width=0, height=0, has-focus=false, has-focusable=false, has-window-focus=true, is-clickable=false, is-enabled=true, is-focused=false, is-focusable=false, is-layout-requested=false, is-selected=false, layout-params=android.widget.LinearLayout$LayoutParams&#64;29b73d7, tag=null, root-is-layout-requested=false, has-input-connection=false, x=0.0, y=0.0, child-count=1}
|
+---------&gt;PreferenceImageView{id=16908294, res-name=icon, visibility=GONE, width=0, height=0, has-focus=false, has-focusable=false, has-window-focus=true, is-clickable=false, is-enabled=true, is-focused=false, is-focusable=false, is-layout-requested=true, is-selected=false, layout-params=android.widget.LinearLayout$LayoutParams&#64;8c604c4, tag=null, root-is-layout-requested=false, has-input-connection=false, x=0.0, y=0.0}
|
+--------&gt;RelativeLayout{id=-1, visibility=VISIBLE, width=996, height=141, has-focus=false, has-focusable=false, has-window-focus=true, is-clickable=false, is-enabled=true, is-focused=false, is-focusable=false, is-layout-requested=false, is-selected=false, layout-params=android.widget.LinearLayout$LayoutParams&#64;a397673, tag=null, root-is-layout-requested=false, has-input-connection=false, x=42.0, y=0.0, child-count=2}
|
+---------&gt;TextView{id=16908310, res-name=title, visibility=VISIBLE, width=229, height=57, has-focus=false, has-focusable=false, has-window-focus=true, is-clickable=false, is-enabled=true, is-focused=false, is-focusable=false, is-layout-requested=false, is-selected=false, layout-params=android.widget.RelativeLayout$LayoutParams&#64;c80a930, tag=null, root-is-layout-requested=false, has-input-connection=false, x=0.0, y=42.0, text=Item Sorting, input-type=0, ime-target=false, has-links=false}
|
+---------&gt;TextView{id=16908304, res-name=summary, visibility=GONE, width=0, height=0, has-focus=false, has-focusable=false, has-window-focus=true, is-clickable=false, is-enabled=true, is-focused=false, is-focusable=false, is-layout-requested=true, is-selected=false, layout-params=android.widget.RelativeLayout$LayoutParams&#64;174d9a9, tag=null, root-is-layout-requested=false, has-input-connection=false, x=0.0, y=0.0, text=, input-type=0, ime-target=false, has-links=false}
|
+--------&gt;LinearLayout{id=16908312, res-name=widget_frame, visibility=GONE, width=0, height=0, has-focus=false, has-focusable=false, has-window-focus=true, is-clickable=false, is-enabled=true, is-focused=false, is-focusable=false, is-layout-requested=true, is-selected=false, layout-params=android.widget.LinearLayout$LayoutParams&#64;ac85b2e, tag=null, root-is-layout-requested=false, has-input-connection=false, x=0.0, y=0.0, child-count=0}
|
+-------&gt;LinearLayout{id=-1, visibility=VISIBLE, width=1080, height=141, has-focus=false, has-focusable=false, has-window-focus=true, is-clickable=false, is-enabled=true, is-focused=false, is-focusable=false, is-layout-requested=false, is-selected=false, layout-params=android.widget.AbsListView$LayoutParams&#64;a02fc3a, tag=null, root-is-layout-requested=false, has-input-connection=false, x=0.0, y=144.0, child-count=3} ****MATCHES****
|
+--------&gt;LinearLayout{id=16908350, res-name=icon_frame, visibility=GONE, width=0, height=0, has-focus=false, has-focusable=false, has-window-focus=true, is-clickable=false, is-enabled=true, is-focused=false, is-focusable=false, is-layout-requested=false, is-selected=false, layout-params=android.widget.LinearLayout$LayoutParams&#64;b846e48, tag=null, root-is-layout-requested=false, has-input-connection=false, x=0.0, y=0.0, child-count=1}
|
+---------&gt;PreferenceImageView{id=16908294, res-name=icon, visibility=GONE, width=0, height=0, has-focus=false, has-focusable=false, has-window-focus=true, is-clickable=false, is-enabled=true, is-focused=false, is-focusable=false, is-layout-requested=true, is-selected=false, layout-params=android.widget.LinearLayout$LayoutParams&#64;4ad14e1, tag=null, root-is-layout-requested=false, has-input-connection=false, x=0.0, y=0.0}
|
+--------&gt;RelativeLayout{id=-1, visibility=VISIBLE, width=996, height=141, has-focus=false, has-focusable=false, has-window-focus=true, is-clickable=false, is-enabled=true, is-focused=false, is-focusable=false, is-layout-requested=false, is-selected=false, layout-params=android.widget.LinearLayout$LayoutParams&#64;29626f4, tag=null, root-is-layout-requested=false, has-input-connection=false, x=42.0, y=0.0, child-count=2}
|
+---------&gt;TextView{id=16908310, res-name=title, visibility=VISIBLE, width=214, height=57, has-focus=false, has-focusable=false, has-window-focus=true, is-clickable=false, is-enabled=true, is-focused=false, is-focusable=false, is-layout-requested=false, is-selected=false, layout-params=android.widget.RelativeLayout$LayoutParams&#64;e851e1d, tag=null, root-is-layout-requested=false, has-input-connection=false, x=0.0, y=42.0, text=List Sorting, input-type=0, ime-target=false, has-links=false}
|
+---------&gt;TextView{id=16908304, res-name=summary, visibility=GONE, width=0, height=0, has-focus=false, has-focusable=false, has-window-focus=true, is-clickable=false, is-enabled=true, is-focused=false, is-focusable=false, is-layout-requested=true, is-selected=false, layout-params=android.widget.RelativeLayout$LayoutParams&#64;548d892, tag=null, root-is-layout-requested=false, has-input-connection=false, x=0.0, y=0.0, text=, input-type=0, ime-target=false, has-links=false}
|
+--------&gt;LinearLayout{id=16908312, res-name=widget_frame, visibility=GONE, width=0, height=0, has-focus=false, has-focusable=false, has-window-focus=true, is-clickable=false, is-enabled=true, is-focused=false, is-focusable=false, is-layout-requested=true, is-selected=false, layout-params=android.widget.LinearLayout$LayoutParams&#64;4ece263, tag=null, root-is-layout-requested=false, has-input-connection=false, x=0.0, y=0.0, child-count=0}
|
+-------&gt;LinearLayout{id=-1, visibility=VISIBLE, width=1080, height=141, has-focus=false, has-focusable=false, has-window-focus=true, is-clickable=false, is-enabled=true, is-focused=false, is-focusable=false, is-layout-requested=false, is-selected=false, layout-params=android.widget.AbsListView$LayoutParams&#64;6c141bf, tag=null, root-is-layout-requested=false, has-input-connection=false, x=0.0, y=288.0, child-count=3} ****MATCHES****
|
+--------&gt;LinearLayout{id=16908350, res-name=icon_frame, visibility=GONE, width=0, height=0, has-focus=false, has-focusable=false, has-window-focus=true, is-clickable=false, is-enabled=true, is-focused=false, is-focusable=false, is-layout-requested=false, is-selected=false, layout-params=android.widget.LinearLayout$LayoutParams&#64;38af3d5, tag=null, root-is-layout-requested=false, has-input-connection=false, x=0.0, y=0.0, child-count=1}
|
+---------&gt;PreferenceImageView{id=16908294, res-name=icon, visibility=GONE, width=0, height=0, has-focus=false, has-focusable=false, has-window-focus=true, is-clickable=false, is-enabled=true, is-focused=false, is-focusable=false, is-layout-requested=true, is-selected=false, layout-params=android.widget.LinearLayout$LayoutParams&#64;432e7ea, tag=null, root-is-layout-requested=false, has-input-connection=false, x=0.0, y=0.0}
|
+--------&gt;RelativeLayout{id=-1, visibility=VISIBLE, width=996, height=141, has-focus=false, has-focusable=false, has-window-focus=true, is-clickable=false, is-enabled=true, is-focused=false, is-focusable=false, is-layout-requested=false, is-selected=false, layout-params=android.widget.LinearLayout$LayoutParams&#64;e93f851, tag=null, root-is-layout-requested=false, has-input-connection=false, x=42.0, y=0.0, child-count=2}
|
+---------&gt;TextView{id=16908310, res-name=title, visibility=VISIBLE, width=358, height=57, has-focus=false, has-focusable=false, has-window-focus=true, is-clickable=false, is-enabled=true, is-focused=false, is-focusable=false, is-layout-requested=false, is-selected=false, layout-params=android.widget.RelativeLayout$LayoutParams&#64;a4f98b6, tag=null, root-is-layout-requested=false, has-input-connection=false, x=0.0, y=42.0, text=Inactive Decoration, input-type=0, ime-target=false, has-links=false}
|
+---------&gt;TextView{id=16908304, res-name=summary, visibility=GONE, width=0, height=0, has-focus=false, has-focusable=false, has-window-focus=true, is-clickable=false, is-enabled=true, is-focused=false, is-focusable=false, is-layout-requested=true, is-selected=false, layout-params=android.widget.RelativeLayout$LayoutParams&#64;72fa9b7, tag=null, root-is-layout-requested=false, has-input-connection=false, x=0.0, y=0.0, text=, input-type=0, ime-target=false, has-links=false}
|
+--------&gt;LinearLayout{id=16908312, res-name=widget_frame, visibility=GONE, width=0, height=0, has-focus=false, has-focusable=false, has-window-focus=true, is-clickable=false, is-enabled=true, is-focused=false, is-focusable=false, is-layout-requested=true, is-selected=false, layout-params=android.widget.LinearLayout$LayoutParams&#64;f8b3524, tag=null, root-is-layout-requested=false, has-input-connection=false, x=0.0, y=0.0, child-count=0}
|
+-------&gt;LinearLayout{id=-1, visibility=VISIBLE, width=1080, height=141, has-focus=false, has-focusable=false, has-window-focus=true, is-clickable=false, is-enabled=true, is-focused=false, is-focusable=false, is-layout-requested=false, is-selected=false, layout-params=android.widget.AbsListView$LayoutParams&#64;20b2a53, tag=null, root-is-layout-requested=false, has-input-connection=false, x=0.0, y=432.0, child-count=3} ****MATCHES****
|
+--------&gt;LinearLayout{id=16908350, res-name=icon_frame, visibility=GONE, width=0, height=0, has-focus=false, has-focusable=false, has-window-focus=true, is-clickable=false, is-enabled=true, is-focused=false, is-focusable=false, is-layout-requested=false, is-selected=false, layout-params=android.widget.LinearLayout$LayoutParams&#64;6c6089, tag=null, root-is-layout-requested=false, has-input-connection=false, x=0.0, y=0.0, child-count=1}
|
+---------&gt;PreferenceImageView{id=16908294, res-name=icon, visibility=GONE, width=0, height=0, has-focus=false, has-focusable=false, has-window-focus=true, is-clickable=false, is-enabled=true, is-focused=false, is-focusable=false, is-layout-requested=true, is-selected=false, layout-params=android.widget.LinearLayout$LayoutParams&#64;685088e, tag=null, root-is-layout-requested=false, has-input-connection=false, x=0.0, y=0.0}
|
+--------&gt;RelativeLayout{id=-1, visibility=VISIBLE, width=870, height=141, has-focus=false, has-focusable=false, has-window-focus=true, is-clickable=false, is-enabled=true, is-focused=false, is-focusable=false, is-layout-requested=false, is-selected=false, layout-params=android.widget.LinearLayout$LayoutParams&#64;2b17c45, tag=null, root-is-layout-requested=false, has-input-connection=false, x=42.0, y=0.0, child-count=2}
|
+---------&gt;TextView{id=16908310, res-name=title, visibility=VISIBLE, width=488, height=57, has-focus=false, has-focusable=false, has-window-focus=true, is-clickable=false, is-enabled=true, is-focused=false, is-focusable=false, is-layout-requested=false, is-selected=false, layout-params=android.widget.RelativeLayout$LayoutParams&#64;bcd1f9a, tag=null, root-is-layout-requested=false, has-input-connection=false, x=0.0, y=42.0, text=Confirm Delete All Inactive, input-type=0, ime-target=false, has-links=false}
|
+---------&gt;TextView{id=16908304, res-name=summary, visibility=GONE, width=0, height=0, has-focus=false, has-focusable=false, has-window-focus=true, is-clickable=false, is-enabled=true, is-focused=false, is-focusable=false, is-layout-requested=true, is-selected=false, layout-params=android.widget.RelativeLayout$LayoutParams&#64;11390cb, tag=null, root-is-layout-requested=false, has-input-connection=false, x=0.0, y=0.0, text=, input-type=0, ime-target=false, has-links=false}
|
+--------&gt;LinearLayout{id=16908312, res-name=widget_frame, visibility=VISIBLE, width=126, height=141, has-focus=false, has-focusable=false, has-window-focus=true, is-clickable=false, is-enabled=true, is-focused=false, is-focusable=false, is-layout-requested=false, is-selected=false, layout-params=android.widget.LinearLayout$LayoutParams&#64;7297c1, tag=null, root-is-layout-requested=false, has-input-connection=false, x=912.0, y=0.0, child-count=1} ****MATCHES****
|
+---------&gt;CheckBox{id=16908289, res-name=checkbox, visibility=VISIBLE, width=84, height=84, has-focus=false, has-focusable=false, has-window-focus=true, is-clickable=false, is-enabled=true, is-focused=false, is-focusable=false, is-layout-requested=false, is-selected=false, layout-params=android.widget.LinearLayout$LayoutParams&#64;b4d9b66, tag=null, root-is-layout-requested=false, has-input-connection=false, x=42.0, y=28.0, text=, input-type=0, ime-target=false, has-links=false, is-checked=true}
|
+-------&gt;LinearLayout{id=-1, visibility=VISIBLE, width=1080, height=141, has-focus=false, has-focusable=false, has-window-focus=true, is-clickable=false, is-enabled=true, is-focused=false, is-focusable=false, is-layout-requested=false, is-selected=false, layout-params=android.widget.AbsListView$LayoutParams&#64;f0807f2, tag=null, root-is-layout-requested=false, has-input-connection=false, x=0.0, y=576.0, child-count=3} ****MATCHES****
|
+--------&gt;LinearLayout{id=16908350, res-name=icon_frame, visibility=GONE, width=0, height=0, has-focus=false, has-focusable=false, has-window-focus=true, is-clickable=false, is-enabled=true, is-focused=false, is-focusable=false, is-layout-requested=false, is-selected=false, layout-params=android.widget.LinearLayout$LayoutParams&#64;e12ecc0, tag=null, root-is-layout-requested=false, has-input-connection=false, x=0.0, y=0.0, child-count=1}
|
+---------&gt;PreferenceImageView{id=16908294, res-name=icon, visibility=GONE, width=0, height=0, has-focus=false, has-focusable=false, has-window-focus=true, is-clickable=false, is-enabled=true, is-focused=false, is-focusable=false, is-layout-requested=true, is-selected=false, layout-params=android.widget.LinearLayout$LayoutParams&#64;eb17df9, tag=null, root-is-layout-requested=false, has-input-connection=false, x=0.0, y=0.0}
|
+--------&gt;RelativeLayout{id=-1, visibility=VISIBLE, width=996, height=141, has-focus=false, has-focusable=false, has-window-focus=true, is-clickable=false, is-enabled=true, is-focused=false, is-focusable=false, is-layout-requested=false, is-selected=false, layout-params=android.widget.LinearLayout$LayoutParams&#64;59a14ec, tag=null, root-is-layout-requested=false, has-input-connection=false, x=42.0, y=0.0, child-count=2}
|
+---------&gt;TextView{id=16908310, res-name=title, visibility=VISIBLE, width=235, height=57, has-focus=false, has-focusable=false, has-window-focus=true, is-clickable=false, is-enabled=true, is-focused=false, is-focusable=false, is-layout-requested=false, is-selected=false, layout-params=android.widget.RelativeLayout$LayoutParams&#64;f8300b5, tag=null, root-is-layout-requested=false, has-input-connection=false, x=0.0, y=42.0, text=Backup Now, input-type=0, ime-target=false, has-links=false}
|
+---------&gt;TextView{id=16908304, res-name=summary, visibility=GONE, width=0, height=0, has-focus=false, has-focusable=false, has-window-focus=true, is-clickable=false, is-enabled=true, is-focused=false, is-focusable=false, is-layout-requested=true, is-selected=false, layout-params=android.widget.RelativeLayout$LayoutParams&#64;5fca34a, tag=null, root-is-layout-requested=false, has-input-connection=false, x=0.0, y=0.0, text=, input-type=0, ime-target=false, has-links=false}
|
+--------&gt;LinearLayout{id=16908312, res-name=widget_frame, visibility=GONE, width=0, height=0, has-focus=false, has-focusable=false, has-window-focus=true, is-clickable=false, is-enabled=true, is-focused=false, is-focusable=false, is-layout-requested=true, is-selected=false, layout-params=android.widget.LinearLayout$LayoutParams&#64;b8e42bb, tag=null, root-is-layout-requested=false, has-input-connection=false, x=0.0, y=0.0, child-count=0}
|
+-------&gt;LinearLayout{id=-1, visibility=VISIBLE, width=1080, height=141, has-focus=false, has-focusable=false, has-window-focus=true, is-clickable=false, is-enabled=true, is-focused=false, is-focusable=false, is-layout-requested=false, is-selected=false, layout-params=android.widget.AbsListView$LayoutParams&#64;8544f97, tag=null, root-is-layout-requested=false, has-input-connection=false, x=0.0, y=720.0, child-count=3} ****MATCHES****
|
+--------&gt;LinearLayout{id=16908350, res-name=icon_frame, visibility=GONE, width=0, height=0, has-focus=false, has-focusable=false, has-window-focus=true, is-clickable=false, is-enabled=true, is-focused=false, is-focusable=false, is-layout-requested=false, is-selected=false, layout-params=android.widget.LinearLayout$LayoutParams&#64;1df916d, tag=null, root-is-layout-requested=false, has-input-connection=false, x=0.0, y=0.0, child-count=1}
|
+---------&gt;PreferenceImageView{id=16908294, res-name=icon, visibility=GONE, width=0, height=0, has-focus=false, has-focusable=false, has-window-focus=true, is-clickable=false, is-enabled=true, is-focused=false, is-focusable=false, is-layout-requested=true, is-selected=false, layout-params=android.widget.LinearLayout$LayoutParams&#64;1ce51a2, tag=null, root-is-layout-requested=false, has-input-connection=false, x=0.0, y=0.0}
|
+--------&gt;RelativeLayout{id=-1, visibility=VISIBLE, width=996, height=141, has-focus=false, has-focusable=false, has-window-focus=true, is-clickable=false, is-enabled=true, is-focused=false, is-focusable=false, is-layout-requested=false, is-selected=false, layout-params=android.widget.LinearLayout$LayoutParams&#64;df0d769, tag=null, root-is-layout-requested=false, has-input-connection=false, x=42.0, y=0.0, child-count=2}
|
+---------&gt;TextView{id=16908310, res-name=title, visibility=VISIBLE, width=144, height=57, has-focus=false, has-focusable=false, has-window-focus=true, is-clickable=false, is-enabled=true, is-focused=false, is-focusable=false, is-layout-requested=false, is-selected=false, layout-params=android.widget.RelativeLayout$LayoutParams&#64;563e5ee, tag=null, root-is-layout-requested=false, has-input-connection=false, x=0.0, y=42.0, text=Restore, input-type=0, ime-target=false, has-links=false}
|
+---------&gt;TextView{id=16908304, res-name=summary, visibility=GONE, width=0, height=0, has-focus=false, has-focusable=false, has-window-focus=true, is-clickable=false, is-enabled=true, is-focused=false, is-focusable=false, is-layout-requested=true, is-selected=false, layout-params=android.widget.RelativeLayout$LayoutParams&#64;fab9a8f, tag=null, root-is-layout-requested=false, has-input-connection=false, x=0.0, y=0.0, text=, input-type=0, ime-target=false, has-links=false}
|
+--------&gt;LinearLayout{id=16908312, res-name=widget_frame, visibility=GONE, width=0, height=0, has-focus=false, has-focusable=false, has-window-focus=true, is-clickable=false, is-enabled=true, is-focused=false, is-focusable=false, is-layout-requested=true, is-selected=false, layout-params=android.widget.LinearLayout$LayoutParams&#64;ec2911c, tag=null, root-is-layout-requested=false, has-input-connection=false, x=0.0, y=0.0, child-count=0}
|
+------&gt;FrameLayout{id=16909013, res-name=list_footer, visibility=VISIBLE, width=1080, height=0, has-focus=false, has-focusable=false, has-window-focus=true, is-clickable=false, is-enabled=true, is-focused=false, is-focusable=false, is-layout-requested=false, is-selected=false, layout-params=android.widget.LinearLayout$LayoutParams&#64;8b68125, tag=null, root-is-layout-requested=false, has-input-connection=false, x=0.0, y=1584.0, child-count=0}
|
+----&gt;RelativeLayout{id=16908758, res-name=button_bar, visibility=GONE, width=0, height=0, has-focus=false, has-focusable=false, has-window-focus=true, is-clickable=false, is-enabled=true, is-focused=false, is-focusable=false, is-layout-requested=true, is-selected=false, layout-params=android.widget.LinearLayout$LayoutParams&#64;5f5a308, tag=null, root-is-layout-requested=false, has-input-connection=false, x=0.0, y=0.0, child-count=2}
|
+-----&gt;Button{id=16908732, res-name=back_button, visibility=VISIBLE, width=0, height=0, has-focus=false, has-focusable=true, has-window-focus=true, is-clickable=true, is-enabled=true, is-focused=false, is-focusable=true, is-layout-requested=true, is-selected=false, layout-params=android.widget.RelativeLayout$LayoutParams&#64;1730aa1, tag=null, root-is-layout-requested=false, has-input-connection=false, x=0.0, y=0.0, text=Back, input-type=0, ime-target=false, has-links=false}
|
+-----&gt;LinearLayout{id=-1, visibility=VISIBLE, width=0, height=0, has-focus=false, has-focusable=true, has-window-focus=true, is-clickable=false, is-enabled=true, is-focused=false, is-focusable=false, is-layout-requested=true, is-selected=false, layout-params=android.widget.RelativeLayout$LayoutParams&#64;9c5e7b4, tag=null, root-is-layout-requested=false, has-input-connection=false, x=0.0, y=0.0, child-count=2}
|
+------&gt;Button{id=16909277, res-name=skip_button, visibility=GONE, width=0, height=0, has-focus=false, has-focusable=false, has-window-focus=true, is-clickable=true, is-enabled=true, is-focused=false, is-focusable=true, is-layout-requested=true, is-selected=false, layout-params=android.widget.LinearLayout$LayoutParams&#64;f14afdd, tag=null, root-is-layout-requested=false, has-input-connection=false, x=0.0, y=0.0, text=Skip, input-type=0, ime-target=false, has-links=false}
|
+------&gt;Button{id=16909075, res-name=next_button, visibility=VISIBLE, width=0, height=0, has-focus=false, has-focusable=true, has-window-focus=true, is-clickable=true, is-enabled=true, is-focused=false, is-focusable=true, is-layout-requested=true, is-selected=false, layout-params=android.widget.LinearLayout$LayoutParams&#64;b526752, tag=null, root-is-layout-requested=false, has-input-connection=false, x=0.0, y=0.0, text=Next, input-type=0, ime-target=false, has-links=false}
|
+--&gt;ActionBarContainer{id=16908669, res-name=action_bar_container, visibility=VISIBLE, width=1080, height=147, has-focus=false, has-focusable=false, has-window-focus=true, is-clickable=false, is-enabled=true, is-focused=false, is-focusable=false, is-layout-requested=false, is-selected=false, layout-params=com.android.internal.widget.ActionBarOverlayLayout$LayoutParams&#64;f316cd9, tag=null, root-is-layout-requested=false, has-input-connection=false, x=0.0, y=63.0, child-count=2}
|
+---&gt;Toolbar{id=16908668, res-name=action_bar, visibility=VISIBLE, width=1080, height=147, has-focus=false, has-focusable=false, has-window-focus=true, is-clickable=false, is-enabled=true, is-focused=false, is-focusable=false, is-layout-requested=false, is-selected=false, layout-params=android.widget.FrameLayout$LayoutParams&#64;6da794c, tag=null, root-is-layout-requested=false, has-input-connection=false, x=0.0, y=0.0, child-count=2}
|
+----&gt;TextView{id=-1, visibility=VISIBLE, width=196, height=71, has-focus=false, has-focusable=false, has-window-focus=true, is-clickable=false, is-enabled=true, is-focused=false, is-focusable=false, is-layout-requested=false, is-selected=false, layout-params=android.widget.Toolbar$LayoutParams&#64;8c2fd95, tag=null, root-is-layout-requested=false, has-input-connection=false, x=42.0, y=38.0, text=Settings, input-type=0, ime-target=false, has-links=false}
|
+----&gt;ActionMenuView{id=-1, visibility=VISIBLE, width=0, height=147, has-focus=false, has-focusable=false, has-window-focus=true, is-clickable=false, is-enabled=true, is-focused=false, is-focusable=false, is-layout-requested=false, is-selected=false, layout-params=android.widget.Toolbar$LayoutParams&#64;a878eaa, tag=null, root-is-layout-requested=false, has-input-connection=false, x=1080.0, y=0.0, child-count=0}
|
+---&gt;ActionBarContextView{id=16908673, res-name=action_context_bar, visibility=GONE, width=0, height=0, has-focus=false, has-focusable=false, has-window-focus=true, is-clickable=false, is-enabled=true, is-focused=false, is-focusable=false, is-layout-requested=true, is-selected=false, layout-params=android.widget.FrameLayout$LayoutParams&#64;aabba9b, tag=null, root-is-layout-requested=false, has-input-connection=false, x=0.0, y=0.0, child-count=0}
|
+-&gt;View{id=16908336, res-name=navigationBarBackground, visibility=VISIBLE, width=1080, height=126, has-focus=false, has-focusable=false, has-window-focus=true, is-clickable=false, is-enabled=true, is-focused=false, is-focusable=false, is-layout-requested=false, is-selected=false, layout-params=android.widget.FrameLayout$LayoutParams&#64;cdbde38, tag=null, root-is-layout-requested=false, has-input-connection=false, x=0.0, y=1794.0}
|
+-&gt;View{id=16908335, res-name=statusBarBackground, visibility=VISIBLE, width=1080, height=63, has-focus=false, has-focusable=false, has-window-focus=true, is-clickable=false, is-enabled=true, is-focused=false, is-focusable=false, is-layout-requested=false, is-selected=false, layout-params=android.widget.FrameLayout$LayoutParams&#64;ea2de11, tag=null, root-is-layout-requested=false, has-input-connection=false, x=0.0, y=0.0}
|
at dalvik.system.VMStack.getThreadStackTrace(Native Method)
at java.lang.Thread.getStackTrace(Thread.java:1536)
at android.support.test.espresso.base.DefaultFailureHandler.getUserFriendlyError(DefaultFailureHandler.java:88)
at android.support.test.espresso.base.DefaultFailureHandler.handle(DefaultFailureHandler.java:51)
at android.support.test.espresso.ViewInteraction.waitForAndHandleInteractionResults(ViewInteraction.java:312)
at android.support.test.espresso.ViewInteraction.desugaredPerform(ViewInteraction.java:173)
at android.support.test.espresso.ViewInteraction.perform(ViewInteraction.java:114)
at kdk.android.simplydo.C6.ChangeSettingsC6.changeSettingsC6(ChangeSettingsC6.java:44)
at java.lang.reflect.Method.invoke(Native Method)
at org.junit.runners.model.FrameworkMethod$1.runReflectiveCall(FrameworkMethod.java:50)
at org.junit.internal.runners.model.ReflectiveCallable.run(ReflectiveCallable.java:12)
at org.junit.runners.model.FrameworkMethod.invokeExplosively(FrameworkMethod.java:47)
at org.junit.internal.runners.statements.InvokeMethod.evaluate(InvokeMethod.java:17)
at android.support.test.rule.ActivityTestRule$ActivityStatement.evaluate(ActivityTestRule.java:527)
at org.junit.rules.RunRules.evaluate(RunRules.java:20)
at org.junit.runners.ParentRunner.runLeaf(ParentRunner.java:325)
at org.junit.runners.BlockJUnit4ClassRunner.runChild(BlockJUnit4ClassRunner.java:78)
at org.junit.runners.BlockJUnit4ClassRunner.runChild(BlockJUnit4ClassRunner.java:57)
at org.junit.runners.ParentRunner$3.run(ParentRunner.java:290)
at org.junit.runners.ParentRunner$1.schedule(ParentRunner.java:71)
at org.junit.runners.ParentRunner.runChildren(ParentRunner.java:288)
at org.junit.runners.ParentRunner.access$000(ParentRunner.java:58)
at org.junit.runners.ParentRunner$2.evaluate(ParentRunner.java:268)
at org.junit.runners.ParentRunner.run(ParentRunner.java:363)
at android.support.test.runner.AndroidJUnit4.run(AndroidJUnit4.java:101)
at org.junit.runners.Suite.runChild(Suite.java:128)
at org.junit.runners.Suite.runChild(Suite.java:27)
at org.junit.runners.ParentRunner$3.run(ParentRunner.java:290)
at org.junit.runners.ParentRunner$1.schedule(ParentRunner.java:71)
at org.junit.runners.ParentRunner.runChildren(ParentRunner.java:288)
at org.junit.runners.ParentRunner.access$000(ParentRunner.java:58)
at org.junit.runners.ParentRunner$2.evaluate(ParentRunner.java:268)
at org.junit.runners.ParentRunner.run(ParentRunner.java:363)
at org.junit.runner.JUnitCore.run(JUnitCore.java:137)
at org.junit.runner.JUnitCore.run(JUnitCore.java:115)
at android.support.test.internal.runner.TestExecutor.execute(TestExecutor.java:56)
at android.support.test.runner.AndroidJUnitRunner.onStart(AndroidJUnitRunner.java:384)
at android.app.Instrumentation$InstrumentationThread.run(Instrumentation.java:2074)
</failure>
  </testcase>
  <testcase name="checkItemC6" classname="kdk.android.simplydo.C6.CheckItemC6" time="1.073">
    <failure>android.support.test.espresso.AmbiguousViewMatcherException: '(with class name: is "android.widget.LinearLayout" and is displayed on the screen to the user)' matches multiple views in the hierarchy.
Problem views are marked with '****MATCHES****' below.

View Hierarchy:
+&gt;DecorView{id=-1, visibility=VISIBLE, width=1080, height=1920, has-focus=true, has-focusable=true, has-window-focus=true, is-clickable=false, is-enabled=true, is-focused=false, is-focusable=false, is-layout-requested=false, is-selected=false, layout-params=WM.LayoutParams{(0,0)(fillxfill) sim=#3 ty=1 fl=#81810100 pfl=0x20000 wanim=0x10302f6 needsMenuKey=2 colorMode=0}, tag=null, root-is-layout-requested=false, has-input-connection=false, x=0.0, y=0.0, child-count=3}
|
+-&gt;ActionBarOverlayLayout{id=16908822, res-name=decor_content_parent, visibility=VISIBLE, width=1080, height=1794, has-focus=true, has-focusable=true, has-window-focus=true, is-clickable=false, is-enabled=true, is-focused=false, is-focusable=false, is-layout-requested=false, is-selected=false, layout-params=android.widget.FrameLayout$LayoutParams&#64;63aca, tag=null, root-is-layout-requested=false, has-input-connection=false, x=0.0, y=0.0, child-count=2}
|
+--&gt;FrameLayout{id=16908290, res-name=content, visibility=VISIBLE, width=1080, height=1584, has-focus=true, has-focusable=true, has-window-focus=true, is-clickable=false, is-enabled=true, is-focused=false, is-focusable=false, is-layout-requested=false, is-selected=false, layout-params=com.android.internal.widget.ActionBarOverlayLayout$LayoutParams&#64;accc43b, tag=null, root-is-layout-requested=false, has-input-connection=false, x=0.0, y=210.0, child-count=1}
|
+---&gt;LinearLayout{id=-1, visibility=VISIBLE, width=1080, height=1584, has-focus=true, has-focusable=true, has-window-focus=true, is-clickable=false, is-enabled=true, is-focused=false, is-focusable=false, is-layout-requested=false, is-selected=false, layout-params=android.widget.FrameLayout$LayoutParams&#64;33a10b1, tag=null, root-is-layout-requested=false, has-input-connection=false, x=0.0, y=0.0, child-count=1} ****MATCHES****
|
+----&gt;ViewSwitcher{id=2130903049, res-name=ListsItemsSwitcher, visibility=VISIBLE, width=1080, height=256, has-focus=true, has-focusable=true, has-window-focus=true, is-clickable=false, is-enabled=true, is-focused=false, is-focusable=false, is-layout-requested=false, is-selected=false, layout-params=android.widget.LinearLayout$LayoutParams&#64;6b96917, tag=null, root-is-layout-requested=false, has-input-connection=false, x=0.0, y=0.0, child-count=2}
|
+-----&gt;LinearLayout{id=2130903059, res-name=listsView, visibility=VISIBLE, width=1080, height=256, has-focus=true, has-focusable=true, has-window-focus=true, is-clickable=false, is-enabled=true, is-focused=false, is-focusable=false, is-layout-requested=false, is-selected=false, layout-params=android.widget.FrameLayout$LayoutParams&#64;9c0f104, tag=null, root-is-layout-requested=false, has-input-connection=false, x=0.0, y=0.0, child-count=2} ****MATCHES****
|
+------&gt;LinearLayout{id=2130903048, res-name=LinearLayout01, visibility=VISIBLE, width=1080, height=126, has-focus=true, has-focusable=true, has-window-focus=true, is-clickable=false, is-enabled=true, is-focused=false, is-focusable=false, is-layout-requested=false, is-selected=false, layout-params=android.widget.LinearLayout$LayoutParams&#64;dae06ed, tag=null, root-is-layout-requested=false, has-input-connection=false, x=0.0, y=0.0, child-count=2} ****MATCHES****
|
+-------&gt;EditText{id=2130903043, res-name=AddListEditText, desc=addlistedittext, visibility=VISIBLE, width=849, height=126, has-focus=true, has-focusable=true, has-window-focus=true, is-clickable=true, is-enabled=true, is-focused=true, is-focusable=true, is-layout-requested=false, is-selected=false, layout-params=android.widget.LinearLayout$LayoutParams&#64;3f124e9, tag=null, root-is-layout-requested=false, has-input-connection=true, editor-info=[inputType=0x31 imeOptions=0x8000006 privateImeOptions=null actionLabel=null actionId=0 initialSelStart=0 initialSelEnd=0 initialCapsMode=0x0 hintText=New List Name label=null packageName=null fieldId=0 fieldName=null extras=null hintLocales=null contentMimeTypes=null ], x=0.0, y=0.0, text=, hint=New List Name, input-type=49, ime-target=true, has-links=false}
|
+-------&gt;Button{id=2130903042, res-name=AddListButton, desc=Add, visibility=VISIBLE, width=231, height=126, has-focus=false, has-focusable=true, has-window-focus=true, is-clickable=true, is-enabled=true, is-focused=false, is-focusable=true, is-layout-requested=false, is-selected=false, layout-params=android.widget.LinearLayout$LayoutParams&#64;c21e56e, tag=null, root-is-layout-requested=false, has-input-connection=false, x=849.0, y=0.0, text=Add, input-type=0, ime-target=false, has-links=false}
|
+------&gt;ListView{id=2130903050, res-name=ListsListView, visibility=VISIBLE, width=1080, height=130, has-focus=false, has-focusable=true, has-window-focus=true, is-clickable=true, is-enabled=true, is-focused=false, is-focusable=true, is-layout-requested=false, is-selected=false, layout-params=android.widget.LinearLayout$LayoutParams&#64;f6a640f, tag=null, root-is-layout-requested=false, has-input-connection=false, x=0.0, y=126.0, child-count=1}
|
+-------&gt;LinearLayout{id=-1, visibility=VISIBLE, width=1080, height=130, has-focus=false, has-focusable=false, has-window-focus=true, is-clickable=false, is-enabled=true, is-focused=false, is-focusable=false, is-layout-requested=false, is-selected=false, layout-params=android.widget.AbsListView$LayoutParams&#64;d635c9c, tag=null, root-is-layout-requested=false, has-input-connection=false, x=0.0, y=0.0, child-count=2} ****MATCHES****
|
+--------&gt;TextView{id=2130903060, res-name=text1, desc=Name, visibility=VISIBLE, width=945, height=78, has-focus=false, has-focusable=false, has-window-focus=true, is-clickable=false, is-enabled=true, is-focused=false, is-focusable=false, is-layout-requested=false, is-selected=false, layout-params=android.widget.LinearLayout$LayoutParams&#64;62e26a5, tag=null, root-is-layout-requested=false, has-input-connection=false, x=26.0, y=26.0, text=List, input-type=0, ime-target=false, has-links=false}
|
+--------&gt;TextView{id=2130903061, res-name=text2, desc=text2, visibility=VISIBLE, width=109, height=64, has-focus=false, has-focusable=false, has-window-focus=true, is-clickable=false, is-enabled=true, is-focused=false, is-focusable=false, is-layout-requested=false, is-selected=false, layout-params=android.widget.LinearLayout$LayoutParams&#64;a0aea7a, tag=null, root-is-layout-requested=false, has-input-connection=false, x=971.0, y=35.0, text=(0/0), input-type=0, ime-target=false, has-links=false}
|
+-----&gt;LinearLayout{id=2130903057, res-name=itemsView, visibility=GONE, width=0, height=0, has-focus=false, has-focusable=false, has-window-focus=true, is-clickable=false, is-enabled=true, is-focused=false, is-focusable=false, is-layout-requested=true, is-selected=false, layout-params=android.widget.FrameLayout$LayoutParams&#64;27f8821, tag=null, root-is-layout-requested=false, has-input-connection=false, x=0.0, y=0.0, child-count=2}
|
+------&gt;LinearLayout{id=2130903048, res-name=LinearLayout01, visibility=VISIBLE, width=0, height=0, has-focus=false, has-focusable=true, has-window-focus=true, is-clickable=false, is-enabled=true, is-focused=false, is-focusable=false, is-layout-requested=true, is-selected=false, layout-params=android.widget.LinearLayout$LayoutParams&#64;b44a334, tag=null, root-is-layout-requested=false, has-input-connection=false, x=0.0, y=0.0, child-count=2}
|
+-------&gt;EditText{id=2130903041, res-name=AddItemEditText, desc=addItemEditText, visibility=VISIBLE, width=0, height=0, has-focus=false, has-focusable=true, has-window-focus=true, is-clickable=true, is-enabled=true, is-focused=false, is-focusable=true, is-layout-requested=true, is-selected=false, layout-params=android.widget.LinearLayout$LayoutParams&#64;42b855d, tag=null, root-is-layout-requested=false, has-input-connection=true, editor-info=[inputType=0x31 imeOptions=0x8000006 privateImeOptions=null actionLabel=null actionId=0 initialSelStart=0 initialSelEnd=0 initialCapsMode=0x0 hintText=New Item Name label=null packageName=null fieldId=0 fieldName=null extras=null hintLocales=null contentMimeTypes=null ], x=0.0, y=0.0, text=, hint=New Item Name, input-type=49, ime-target=false, has-links=false}
|
+-------&gt;Button{id=2130903040, res-name=AddItemButton, desc=Add, visibility=VISIBLE, width=0, height=0, has-focus=false, has-focusable=true, has-window-focus=true, is-clickable=true, is-enabled=true, is-focused=false, is-focusable=true, is-layout-requested=true, is-selected=false, layout-params=android.widget.LinearLayout$LayoutParams&#64;c184ed2, tag=null, root-is-layout-requested=false, has-input-connection=false, x=0.0, y=0.0, text=Add, input-type=0, ime-target=false, has-links=false}
|
+------&gt;ListView{id=2130903047, res-name=ItemsListView, visibility=VISIBLE, width=0, height=0, has-focus=false, has-focusable=false, has-window-focus=true, is-clickable=true, is-enabled=true, is-focused=false, is-focusable=false, is-layout-requested=true, is-selected=false, layout-params=android.widget.LinearLayout$LayoutParams&#64;6c9bba3, tag=null, root-is-layout-requested=false, has-input-connection=false, x=0.0, y=0.0, child-count=0}
|
+--&gt;ActionBarContainer{id=16908669, res-name=action_bar_container, visibility=VISIBLE, width=1080, height=147, has-focus=false, has-focusable=false, has-window-focus=true, is-clickable=false, is-enabled=true, is-focused=false, is-focusable=false, is-layout-requested=false, is-selected=false, layout-params=com.android.internal.widget.ActionBarOverlayLayout$LayoutParams&#64;808861e, tag=null, root-is-layout-requested=false, has-input-connection=false, x=0.0, y=63.0, child-count=2}
|
+---&gt;Toolbar{id=16908668, res-name=action_bar, visibility=VISIBLE, width=1080, height=147, has-focus=false, has-focusable=false, has-window-focus=true, is-clickable=false, is-enabled=true, is-focused=false, is-focusable=false, is-layout-requested=false, is-selected=false, layout-params=android.widget.FrameLayout$LayoutParams&#64;db26eff, tag=null, root-is-layout-requested=false, has-input-connection=false, x=0.0, y=0.0, child-count=2}
|
+----&gt;TextView{id=-1, visibility=VISIBLE, width=240, height=71, has-focus=false, has-focusable=false, has-window-focus=true, is-clickable=false, is-enabled=true, is-focused=false, is-focusable=false, is-layout-requested=false, is-selected=false, layout-params=android.widget.Toolbar$LayoutParams&#64;b0524cc, tag=null, root-is-layout-requested=false, has-input-connection=false, x=42.0, y=38.0, text=Simply Do, input-type=0, ime-target=false, has-links=false}
|
+----&gt;ActionMenuView{id=-1, visibility=VISIBLE, width=105, height=147, has-focus=false, has-focusable=false, has-window-focus=true, is-clickable=false, is-enabled=true, is-focused=false, is-focusable=false, is-layout-requested=false, is-selected=false, layout-params=android.widget.Toolbar$LayoutParams&#64;232e62a, tag=null, root-is-layout-requested=false, has-input-connection=false, x=975.0, y=0.0, child-count=1}
|
+-----&gt;OverflowMenuButton{id=-1, desc=More options, visibility=VISIBLE, width=105, height=126, has-focus=false, has-focusable=false, has-window-focus=true, is-clickable=true, is-enabled=true, is-focused=false, is-focusable=true, is-layout-requested=false, is-selected=false, layout-params=android.widget.ActionMenuView$LayoutParams&#64;48fc1b, tag=null, root-is-layout-requested=false, has-input-connection=false, x=0.0, y=10.0}
|
+---&gt;ActionBarContextView{id=16908673, res-name=action_context_bar, visibility=GONE, width=0, height=0, has-focus=false, has-focusable=false, has-window-focus=true, is-clickable=false, is-enabled=true, is-focused=false, is-focusable=false, is-layout-requested=true, is-selected=false, layout-params=android.widget.FrameLayout$LayoutParams&#64;3c5c1b8, tag=null, root-is-layout-requested=false, has-input-connection=false, x=0.0, y=0.0, child-count=0}
|
+-&gt;View{id=16908336, res-name=navigationBarBackground, visibility=VISIBLE, width=1080, height=126, has-focus=false, has-focusable=false, has-window-focus=true, is-clickable=false, is-enabled=true, is-focused=false, is-focusable=false, is-layout-requested=false, is-selected=false, layout-params=android.widget.FrameLayout$LayoutParams&#64;889bb91, tag=null, root-is-layout-requested=false, has-input-connection=false, x=0.0, y=1794.0}
|
+-&gt;View{id=16908335, res-name=statusBarBackground, visibility=VISIBLE, width=1080, height=63, has-focus=false, has-focusable=false, has-window-focus=true, is-clickable=false, is-enabled=true, is-focused=false, is-focusable=false, is-layout-requested=false, is-selected=false, layout-params=android.widget.FrameLayout$LayoutParams&#64;cf13af6, tag=null, root-is-layout-requested=false, has-input-connection=false, x=0.0, y=0.0}
|
at dalvik.system.VMStack.getThreadStackTrace(Native Method)
at java.lang.Thread.getStackTrace(Thread.java:1536)
at android.support.test.espresso.base.DefaultFailureHandler.getUserFriendlyError(DefaultFailureHandler.java:88)
at android.support.test.espresso.base.DefaultFailureHandler.handle(DefaultFailureHandler.java:51)
at android.support.test.espresso.ViewInteraction.waitForAndHandleInteractionResults(ViewInteraction.java:312)
at android.support.test.espresso.ViewInteraction.desugaredPerform(ViewInteraction.java:173)
at android.support.test.espresso.ViewInteraction.perform(ViewInteraction.java:114)
at kdk.android.simplydo.C6.CheckItemC6.checkItemC6(CheckItemC6.java:50)
at java.lang.reflect.Method.invoke(Native Method)
at org.junit.runners.model.FrameworkMethod$1.runReflectiveCall(FrameworkMethod.java:50)
at org.junit.internal.runners.model.ReflectiveCallable.run(ReflectiveCallable.java:12)
at org.junit.runners.model.FrameworkMethod.invokeExplosively(FrameworkMethod.java:47)
at org.junit.internal.runners.statements.InvokeMethod.evaluate(InvokeMethod.java:17)
at android.support.test.rule.ActivityTestRule$ActivityStatement.evaluate(ActivityTestRule.java:527)
at org.junit.rules.RunRules.evaluate(RunRules.java:20)
at org.junit.runners.ParentRunner.runLeaf(ParentRunner.java:325)
at org.junit.runners.BlockJUnit4ClassRunner.runChild(BlockJUnit4ClassRunner.java:78)
at org.junit.runners.BlockJUnit4ClassRunner.runChild(BlockJUnit4ClassRunner.java:57)
at org.junit.runners.ParentRunner$3.run(ParentRunner.java:290)
at org.junit.runners.ParentRunner$1.schedule(ParentRunner.java:71)
at org.junit.runners.ParentRunner.runChildren(ParentRunner.java:288)
at org.junit.runners.ParentRunner.access$000(ParentRunner.java:58)
at org.junit.runners.ParentRunner$2.evaluate(ParentRunner.java:268)
at org.junit.runners.ParentRunner.run(ParentRunner.java:363)
at android.support.test.runner.AndroidJUnit4.run(AndroidJUnit4.java:101)
at org.junit.runners.Suite.runChild(Suite.java:128)
at org.junit.runners.Suite.runChild(Suite.java:27)
at org.junit.runners.ParentRunner$3.run(ParentRunner.java:290)
at org.junit.runners.ParentRunner$1.schedule(ParentRunner.java:71)
at org.junit.runners.ParentRunner.runChildren(ParentRunner.java:288)
at org.junit.runners.ParentRunner.access$000(ParentRunner.java:58)
at org.junit.runners.ParentRunner$2.evaluate(ParentRunner.java:268)
at org.junit.runners.ParentRunner.run(ParentRunner.java:363)
at org.junit.runner.JUnitCore.run(JUnitCore.java:137)
at org.junit.runner.JUnitCore.run(JUnitCore.java:115)
at android.support.test.internal.runner.TestExecutor.execute(TestExecutor.java:56)
at android.support.test.runner.AndroidJUnitRunner.onStart(AndroidJUnitRunner.java:384)
at android.app.Instrumentation$InstrumentationThread.run(Instrumentation.java:2074)
</failure>
  </testcase>
  <testcase name="createListsC6" classname="kdk.android.simplydo.C6.CreateListsC6" time="1.411" />
  <testcase name="decoratorC6" classname="kdk.android.simplydo.C6.DecoratorC6" time="1.585">
    <failure>android.support.test.espresso.AmbiguousViewMatcherException: '(with class name: is "android.widget.LinearLayout" and is displayed on the screen to the user)' matches multiple views in the hierarchy.
Problem views are marked with '****MATCHES****' below.

View Hierarchy:
+&gt;DecorView{id=-1, visibility=VISIBLE, width=1080, height=1920, has-focus=true, has-focusable=true, has-window-focus=true, is-clickable=false, is-enabled=true, is-focused=false, is-focusable=false, is-layout-requested=false, is-selected=false, layout-params=WM.LayoutParams{(0,0)(fillxfill) ty=1 fl=#81810100 pfl=0x20000 wanim=0x10302f6 needsMenuKey=2 colorMode=0}, tag=null, root-is-layout-requested=false, has-input-connection=false, x=0.0, y=0.0, child-count=3}
|
+-&gt;ActionBarOverlayLayout{id=16908822, res-name=decor_content_parent, visibility=VISIBLE, width=1080, height=1794, has-focus=true, has-focusable=true, has-window-focus=true, is-clickable=false, is-enabled=true, is-focused=false, is-focusable=false, is-layout-requested=false, is-selected=false, layout-params=android.widget.FrameLayout$LayoutParams&#64;77c3d3d, tag=null, root-is-layout-requested=false, has-input-connection=false, x=0.0, y=0.0, child-count=2}
|
+--&gt;FrameLayout{id=16908290, res-name=content, visibility=VISIBLE, width=1080, height=1584, has-focus=true, has-focusable=true, has-window-focus=true, is-clickable=false, is-enabled=true, is-focused=false, is-focusable=false, is-layout-requested=false, is-selected=false, layout-params=com.android.internal.widget.ActionBarOverlayLayout$LayoutParams&#64;4bcd932, tag=null, root-is-layout-requested=false, has-input-connection=false, x=0.0, y=210.0, child-count=1}
|
+---&gt;LinearLayout{id=-1, visibility=VISIBLE, width=1080, height=1584, has-focus=true, has-focusable=true, has-window-focus=true, is-clickable=false, is-enabled=true, is-focused=false, is-focusable=false, is-layout-requested=false, is-selected=false, layout-params=android.widget.FrameLayout$LayoutParams&#64;59d4000, tag=null, root-is-layout-requested=false, has-input-connection=false, x=0.0, y=0.0, child-count=2} ****MATCHES****
|
+----&gt;LinearLayout{id=-1, visibility=VISIBLE, width=1080, height=1584, has-focus=true, has-focusable=true, has-window-focus=true, is-clickable=false, is-enabled=true, is-focused=false, is-focusable=false, is-layout-requested=false, is-selected=false, layout-params=android.widget.LinearLayout$LayoutParams&#64;d747039, tag=null, root-is-layout-requested=false, has-input-connection=false, x=0.0, y=0.0, child-count=1} ****MATCHES****
|
+-----&gt;LinearLayout{id=16908926, res-name=headers, visibility=VISIBLE, width=1080, height=1584, has-focus=true, has-focusable=true, has-window-focus=true, is-clickable=false, is-enabled=true, is-focused=false, is-focusable=false, is-layout-requested=false, is-selected=false, layout-params=android.widget.LinearLayout$LayoutParams&#64;8965c2c, tag=null, root-is-layout-requested=false, has-input-connection=false, x=0.0, y=0.0, child-count=2} ****MATCHES****
|
+------&gt;ListView{id=16908298, res-name=list, visibility=VISIBLE, width=1080, height=1584, has-focus=true, has-focusable=true, has-window-focus=true, is-clickable=true, is-enabled=true, is-focused=true, is-focusable=true, is-layout-requested=false, is-selected=false, layout-params=android.widget.LinearLayout$LayoutParams&#64;e22d6f5, tag=null, root-is-layout-requested=false, has-input-connection=false, x=0.0, y=0.0, child-count=6}
|
+-------&gt;LinearLayout{id=-1, visibility=VISIBLE, width=1080, height=141, has-focus=false, has-focusable=false, has-window-focus=true, is-clickable=false, is-enabled=true, is-focused=false, is-focusable=false, is-layout-requested=false, is-selected=false, layout-params=android.widget.AbsListView$LayoutParams&#64;f16ed71, tag=null, root-is-layout-requested=false, has-input-connection=false, x=0.0, y=0.0, child-count=3} ****MATCHES****
|
+--------&gt;LinearLayout{id=16908350, res-name=icon_frame, visibility=GONE, width=0, height=0, has-focus=false, has-focusable=false, has-window-focus=true, is-clickable=false, is-enabled=true, is-focused=false, is-focusable=false, is-layout-requested=false, is-selected=false, layout-params=android.widget.LinearLayout$LayoutParams&#64;29b73d7, tag=null, root-is-layout-requested=false, has-input-connection=false, x=0.0, y=0.0, child-count=1}
|
+---------&gt;PreferenceImageView{id=16908294, res-name=icon, visibility=GONE, width=0, height=0, has-focus=false, has-focusable=false, has-window-focus=true, is-clickable=false, is-enabled=true, is-focused=false, is-focusable=false, is-layout-requested=true, is-selected=false, layout-params=android.widget.LinearLayout$LayoutParams&#64;8c604c4, tag=null, root-is-layout-requested=false, has-input-connection=false, x=0.0, y=0.0}
|
+--------&gt;RelativeLayout{id=-1, visibility=VISIBLE, width=996, height=141, has-focus=false, has-focusable=false, has-window-focus=true, is-clickable=false, is-enabled=true, is-focused=false, is-focusable=false, is-layout-requested=false, is-selected=false, layout-params=android.widget.LinearLayout$LayoutParams&#64;a397673, tag=null, root-is-layout-requested=false, has-input-connection=false, x=42.0, y=0.0, child-count=2}
|
+---------&gt;TextView{id=16908310, res-name=title, visibility=VISIBLE, width=229, height=57, has-focus=false, has-focusable=false, has-window-focus=true, is-clickable=false, is-enabled=true, is-focused=false, is-focusable=false, is-layout-requested=false, is-selected=false, layout-params=android.widget.RelativeLayout$LayoutParams&#64;c80a930, tag=null, root-is-layout-requested=false, has-input-connection=false, x=0.0, y=42.0, text=Item Sorting, input-type=0, ime-target=false, has-links=false}
|
+---------&gt;TextView{id=16908304, res-name=summary, visibility=GONE, width=0, height=0, has-focus=false, has-focusable=false, has-window-focus=true, is-clickable=false, is-enabled=true, is-focused=false, is-focusable=false, is-layout-requested=true, is-selected=false, layout-params=android.widget.RelativeLayout$LayoutParams&#64;174d9a9, tag=null, root-is-layout-requested=false, has-input-connection=false, x=0.0, y=0.0, text=, input-type=0, ime-target=false, has-links=false}
|
+--------&gt;LinearLayout{id=16908312, res-name=widget_frame, visibility=GONE, width=0, height=0, has-focus=false, has-focusable=false, has-window-focus=true, is-clickable=false, is-enabled=true, is-focused=false, is-focusable=false, is-layout-requested=true, is-selected=false, layout-params=android.widget.LinearLayout$LayoutParams&#64;ac85b2e, tag=null, root-is-layout-requested=false, has-input-connection=false, x=0.0, y=0.0, child-count=0}
|
+-------&gt;LinearLayout{id=-1, visibility=VISIBLE, width=1080, height=141, has-focus=false, has-focusable=false, has-window-focus=true, is-clickable=false, is-enabled=true, is-focused=false, is-focusable=false, is-layout-requested=false, is-selected=false, layout-params=android.widget.AbsListView$LayoutParams&#64;a02fc3a, tag=null, root-is-layout-requested=false, has-input-connection=false, x=0.0, y=144.0, child-count=3} ****MATCHES****
|
+--------&gt;LinearLayout{id=16908350, res-name=icon_frame, visibility=GONE, width=0, height=0, has-focus=false, has-focusable=false, has-window-focus=true, is-clickable=false, is-enabled=true, is-focused=false, is-focusable=false, is-layout-requested=false, is-selected=false, layout-params=android.widget.LinearLayout$LayoutParams&#64;b846e48, tag=null, root-is-layout-requested=false, has-input-connection=false, x=0.0, y=0.0, child-count=1}
|
+---------&gt;PreferenceImageView{id=16908294, res-name=icon, visibility=GONE, width=0, height=0, has-focus=false, has-focusable=false, has-window-focus=true, is-clickable=false, is-enabled=true, is-focused=false, is-focusable=false, is-layout-requested=true, is-selected=false, layout-params=android.widget.LinearLayout$LayoutParams&#64;4ad14e1, tag=null, root-is-layout-requested=false, has-input-connection=false, x=0.0, y=0.0}
|
+--------&gt;RelativeLayout{id=-1, visibility=VISIBLE, width=996, height=141, has-focus=false, has-focusable=false, has-window-focus=true, is-clickable=false, is-enabled=true, is-focused=false, is-focusable=false, is-layout-requested=false, is-selected=false, layout-params=android.widget.LinearLayout$LayoutParams&#64;29626f4, tag=null, root-is-layout-requested=false, has-input-connection=false, x=42.0, y=0.0, child-count=2}
|
+---------&gt;TextView{id=16908310, res-name=title, visibility=VISIBLE, width=214, height=57, has-focus=false, has-focusable=false, has-window-focus=true, is-clickable=false, is-enabled=true, is-focused=false, is-focusable=false, is-layout-requested=false, is-selected=false, layout-params=android.widget.RelativeLayout$LayoutParams&#64;e851e1d, tag=null, root-is-layout-requested=false, has-input-connection=false, x=0.0, y=42.0, text=List Sorting, input-type=0, ime-target=false, has-links=false}
|
+---------&gt;TextView{id=16908304, res-name=summary, visibility=GONE, width=0, height=0, has-focus=false, has-focusable=false, has-window-focus=true, is-clickable=false, is-enabled=true, is-focused=false, is-focusable=false, is-layout-requested=true, is-selected=false, layout-params=android.widget.RelativeLayout$LayoutParams&#64;548d892, tag=null, root-is-layout-requested=false, has-input-connection=false, x=0.0, y=0.0, text=, input-type=0, ime-target=false, has-links=false}
|
+--------&gt;LinearLayout{id=16908312, res-name=widget_frame, visibility=GONE, width=0, height=0, has-focus=false, has-focusable=false, has-window-focus=true, is-clickable=false, is-enabled=true, is-focused=false, is-focusable=false, is-layout-requested=true, is-selected=false, layout-params=android.widget.LinearLayout$LayoutParams&#64;4ece263, tag=null, root-is-layout-requested=false, has-input-connection=false, x=0.0, y=0.0, child-count=0}
|
+-------&gt;LinearLayout{id=-1, visibility=VISIBLE, width=1080, height=141, has-focus=false, has-focusable=false, has-window-focus=true, is-clickable=false, is-enabled=true, is-focused=false, is-focusable=false, is-layout-requested=false, is-selected=false, layout-params=android.widget.AbsListView$LayoutParams&#64;6c141bf, tag=null, root-is-layout-requested=false, has-input-connection=false, x=0.0, y=288.0, child-count=3} ****MATCHES****
|
+--------&gt;LinearLayout{id=16908350, res-name=icon_frame, visibility=GONE, width=0, height=0, has-focus=false, has-focusable=false, has-window-focus=true, is-clickable=false, is-enabled=true, is-focused=false, is-focusable=false, is-layout-requested=false, is-selected=false, layout-params=android.widget.LinearLayout$LayoutParams&#64;38af3d5, tag=null, root-is-layout-requested=false, has-input-connection=false, x=0.0, y=0.0, child-count=1}
|
+---------&gt;PreferenceImageView{id=16908294, res-name=icon, visibility=GONE, width=0, height=0, has-focus=false, has-focusable=false, has-window-focus=true, is-clickable=false, is-enabled=true, is-focused=false, is-focusable=false, is-layout-requested=true, is-selected=false, layout-params=android.widget.LinearLayout$LayoutParams&#64;432e7ea, tag=null, root-is-layout-requested=false, has-input-connection=false, x=0.0, y=0.0}
|
+--------&gt;RelativeLayout{id=-1, visibility=VISIBLE, width=996, height=141, has-focus=false, has-focusable=false, has-window-focus=true, is-clickable=false, is-enabled=true, is-focused=false, is-focusable=false, is-layout-requested=false, is-selected=false, layout-params=android.widget.LinearLayout$LayoutParams&#64;e93f851, tag=null, root-is-layout-requested=false, has-input-connection=false, x=42.0, y=0.0, child-count=2}
|
+---------&gt;TextView{id=16908310, res-name=title, visibility=VISIBLE, width=358, height=57, has-focus=false, has-focusable=false, has-window-focus=true, is-clickable=false, is-enabled=true, is-focused=false, is-focusable=false, is-layout-requested=false, is-selected=false, layout-params=android.widget.RelativeLayout$LayoutParams&#64;a4f98b6, tag=null, root-is-layout-requested=false, has-input-connection=false, x=0.0, y=42.0, text=Inactive Decoration, input-type=0, ime-target=false, has-links=false}
|
+---------&gt;TextView{id=16908304, res-name=summary, visibility=GONE, width=0, height=0, has-focus=false, has-focusable=false, has-window-focus=true, is-clickable=false, is-enabled=true, is-focused=false, is-focusable=false, is-layout-requested=true, is-selected=false, layout-params=android.widget.RelativeLayout$LayoutParams&#64;72fa9b7, tag=null, root-is-layout-requested=false, has-input-connection=false, x=0.0, y=0.0, text=, input-type=0, ime-target=false, has-links=false}
|
+--------&gt;LinearLayout{id=16908312, res-name=widget_frame, visibility=GONE, width=0, height=0, has-focus=false, has-focusable=false, has-window-focus=true, is-clickable=false, is-enabled=true, is-focused=false, is-focusable=false, is-layout-requested=true, is-selected=false, layout-params=android.widget.LinearLayout$LayoutParams&#64;f8b3524, tag=null, root-is-layout-requested=false, has-input-connection=false, x=0.0, y=0.0, child-count=0}
|
+-------&gt;LinearLayout{id=-1, visibility=VISIBLE, width=1080, height=141, has-focus=false, has-focusable=false, has-window-focus=true, is-clickable=false, is-enabled=true, is-focused=false, is-focusable=false, is-layout-requested=false, is-selected=false, layout-params=android.widget.AbsListView$LayoutParams&#64;20b2a53, tag=null, root-is-layout-requested=false, has-input-connection=false, x=0.0, y=432.0, child-count=3} ****MATCHES****
|
+--------&gt;LinearLayout{id=16908350, res-name=icon_frame, visibility=GONE, width=0, height=0, has-focus=false, has-focusable=false, has-window-focus=true, is-clickable=false, is-enabled=true, is-focused=false, is-focusable=false, is-layout-requested=false, is-selected=false, layout-params=android.widget.LinearLayout$LayoutParams&#64;6c6089, tag=null, root-is-layout-requested=false, has-input-connection=false, x=0.0, y=0.0, child-count=1}
|
+---------&gt;PreferenceImageView{id=16908294, res-name=icon, visibility=GONE, width=0, height=0, has-focus=false, has-focusable=false, has-window-focus=true, is-clickable=false, is-enabled=true, is-focused=false, is-focusable=false, is-layout-requested=true, is-selected=false, layout-params=android.widget.LinearLayout$LayoutParams&#64;685088e, tag=null, root-is-layout-requested=false, has-input-connection=false, x=0.0, y=0.0}
|
+--------&gt;RelativeLayout{id=-1, visibility=VISIBLE, width=870, height=141, has-focus=false, has-focusable=false, has-window-focus=true, is-clickable=false, is-enabled=true, is-focused=false, is-focusable=false, is-layout-requested=false, is-selected=false, layout-params=android.widget.LinearLayout$LayoutParams&#64;2b17c45, tag=null, root-is-layout-requested=false, has-input-connection=false, x=42.0, y=0.0, child-count=2}
|
+---------&gt;TextView{id=16908310, res-name=title, visibility=VISIBLE, width=488, height=57, has-focus=false, has-focusable=false, has-window-focus=true, is-clickable=false, is-enabled=true, is-focused=false, is-focusable=false, is-layout-requested=false, is-selected=false, layout-params=android.widget.RelativeLayout$LayoutParams&#64;bcd1f9a, tag=null, root-is-layout-requested=false, has-input-connection=false, x=0.0, y=42.0, text=Confirm Delete All Inactive, input-type=0, ime-target=false, has-links=false}
|
+---------&gt;TextView{id=16908304, res-name=summary, visibility=GONE, width=0, height=0, has-focus=false, has-focusable=false, has-window-focus=true, is-clickable=false, is-enabled=true, is-focused=false, is-focusable=false, is-layout-requested=true, is-selected=false, layout-params=android.widget.RelativeLayout$LayoutParams&#64;11390cb, tag=null, root-is-layout-requested=false, has-input-connection=false, x=0.0, y=0.0, text=, input-type=0, ime-target=false, has-links=false}
|
+--------&gt;LinearLayout{id=16908312, res-name=widget_frame, visibility=VISIBLE, width=126, height=141, has-focus=false, has-focusable=false, has-window-focus=true, is-clickable=false, is-enabled=true, is-focused=false, is-focusable=false, is-layout-requested=false, is-selected=false, layout-params=android.widget.LinearLayout$LayoutParams&#64;7297c1, tag=null, root-is-layout-requested=false, has-input-connection=false, x=912.0, y=0.0, child-count=1} ****MATCHES****
|
+---------&gt;CheckBox{id=16908289, res-name=checkbox, visibility=VISIBLE, width=84, height=84, has-focus=false, has-focusable=false, has-window-focus=true, is-clickable=false, is-enabled=true, is-focused=false, is-focusable=false, is-layout-requested=false, is-selected=false, layout-params=android.widget.LinearLayout$LayoutParams&#64;b4d9b66, tag=null, root-is-layout-requested=false, has-input-connection=false, x=42.0, y=28.0, text=, input-type=0, ime-target=false, has-links=false, is-checked=true}
|
+-------&gt;LinearLayout{id=-1, visibility=VISIBLE, width=1080, height=141, has-focus=false, has-focusable=false, has-window-focus=true, is-clickable=false, is-enabled=true, is-focused=false, is-focusable=false, is-layout-requested=false, is-selected=false, layout-params=android.widget.AbsListView$LayoutParams&#64;f0807f2, tag=null, root-is-layout-requested=false, has-input-connection=false, x=0.0, y=576.0, child-count=3} ****MATCHES****
|
+--------&gt;LinearLayout{id=16908350, res-name=icon_frame, visibility=GONE, width=0, height=0, has-focus=false, has-focusable=false, has-window-focus=true, is-clickable=false, is-enabled=true, is-focused=false, is-focusable=false, is-layout-requested=false, is-selected=false, layout-params=android.widget.LinearLayout$LayoutParams&#64;e12ecc0, tag=null, root-is-layout-requested=false, has-input-connection=false, x=0.0, y=0.0, child-count=1}
|
+---------&gt;PreferenceImageView{id=16908294, res-name=icon, visibility=GONE, width=0, height=0, has-focus=false, has-focusable=false, has-window-focus=true, is-clickable=false, is-enabled=true, is-focused=false, is-focusable=false, is-layout-requested=true, is-selected=false, layout-params=android.widget.LinearLayout$LayoutParams&#64;eb17df9, tag=null, root-is-layout-requested=false, has-input-connection=false, x=0.0, y=0.0}
|
+--------&gt;RelativeLayout{id=-1, visibility=VISIBLE, width=996, height=141, has-focus=false, has-focusable=false, has-window-focus=true, is-clickable=false, is-enabled=true, is-focused=false, is-focusable=false, is-layout-requested=false, is-selected=false, layout-params=android.widget.LinearLayout$LayoutParams&#64;59a14ec, tag=null, root-is-layout-requested=false, has-input-connection=false, x=42.0, y=0.0, child-count=2}
|
+---------&gt;TextView{id=16908310, res-name=title, visibility=VISIBLE, width=235, height=57, has-focus=false, has-focusable=false, has-window-focus=true, is-clickable=false, is-enabled=true, is-focused=false, is-focusable=false, is-layout-requested=false, is-selected=false, layout-params=android.widget.RelativeLayout$LayoutParams&#64;f8300b5, tag=null, root-is-layout-requested=false, has-input-connection=false, x=0.0, y=42.0, text=Backup Now, input-type=0, ime-target=false, has-links=false}
|
+---------&gt;TextView{id=16908304, res-name=summary, visibility=GONE, width=0, height=0, has-focus=false, has-focusable=false, has-window-focus=true, is-clickable=false, is-enabled=true, is-focused=false, is-focusable=false, is-layout-requested=true, is-selected=false, layout-params=android.widget.RelativeLayout$LayoutParams&#64;5fca34a, tag=null, root-is-layout-requested=false, has-input-connection=false, x=0.0, y=0.0, text=, input-type=0, ime-target=false, has-links=false}
|
+--------&gt;LinearLayout{id=16908312, res-name=widget_frame, visibility=GONE, width=0, height=0, has-focus=false, has-focusable=false, has-window-focus=true, is-clickable=false, is-enabled=true, is-focused=false, is-focusable=false, is-layout-requested=true, is-selected=false, layout-params=android.widget.LinearLayout$LayoutParams&#64;b8e42bb, tag=null, root-is-layout-requested=false, has-input-connection=false, x=0.0, y=0.0, child-count=0}
|
+-------&gt;LinearLayout{id=-1, visibility=VISIBLE, width=1080, height=141, has-focus=false, has-focusable=false, has-window-focus=true, is-clickable=false, is-enabled=true, is-focused=false, is-focusable=false, is-layout-requested=false, is-selected=false, layout-params=android.widget.AbsListView$LayoutParams&#64;8544f97, tag=null, root-is-layout-requested=false, has-input-connection=false, x=0.0, y=720.0, child-count=3} ****MATCHES****
|
+--------&gt;LinearLayout{id=16908350, res-name=icon_frame, visibility=GONE, width=0, height=0, has-focus=false, has-focusable=false, has-window-focus=true, is-clickable=false, is-enabled=true, is-focused=false, is-focusable=false, is-layout-requested=false, is-selected=false, layout-params=android.widget.LinearLayout$LayoutParams&#64;1df916d, tag=null, root-is-layout-requested=false, has-input-connection=false, x=0.0, y=0.0, child-count=1}
|
+---------&gt;PreferenceImageView{id=16908294, res-name=icon, visibility=GONE, width=0, height=0, has-focus=false, has-focusable=false, has-window-focus=true, is-clickable=false, is-enabled=true, is-focused=false, is-focusable=false, is-layout-requested=true, is-selected=false, layout-params=android.widget.LinearLayout$LayoutParams&#64;1ce51a2, tag=null, root-is-layout-requested=false, has-input-connection=false, x=0.0, y=0.0}
|
+--------&gt;RelativeLayout{id=-1, visibility=VISIBLE, width=996, height=141, has-focus=false, has-focusable=false, has-window-focus=true, is-clickable=false, is-enabled=true, is-focused=false, is-focusable=false, is-layout-requested=false, is-selected=false, layout-params=android.widget.LinearLayout$LayoutParams&#64;df0d769, tag=null, root-is-layout-requested=false, has-input-connection=false, x=42.0, y=0.0, child-count=2}
|
+---------&gt;TextView{id=16908310, res-name=title, visibility=VISIBLE, width=144, height=57, has-focus=false, has-focusable=false, has-window-focus=true, is-clickable=false, is-enabled=true, is-focused=false, is-focusable=false, is-layout-requested=false, is-selected=false, layout-params=android.widget.RelativeLayout$LayoutParams&#64;563e5ee, tag=null, root-is-layout-requested=false, has-input-connection=false, x=0.0, y=42.0, text=Restore, input-type=0, ime-target=false, has-links=false}
|
+---------&gt;TextView{id=16908304, res-name=summary, visibility=GONE, width=0, height=0, has-focus=false, has-focusable=false, has-window-focus=true, is-clickable=false, is-enabled=true, is-focused=false, is-focusable=false, is-layout-requested=true, is-selected=false, layout-params=android.widget.RelativeLayout$LayoutParams&#64;fab9a8f, tag=null, root-is-layout-requested=false, has-input-connection=false, x=0.0, y=0.0, text=, input-type=0, ime-target=false, has-links=false}
|
+--------&gt;LinearLayout{id=16908312, res-name=widget_frame, visibility=GONE, width=0, height=0, has-focus=false, has-focusable=false, has-window-focus=true, is-clickable=false, is-enabled=true, is-focused=false, is-focusable=false, is-layout-requested=true, is-selected=false, layout-params=android.widget.LinearLayout$LayoutParams&#64;ec2911c, tag=null, root-is-layout-requested=false, has-input-connection=false, x=0.0, y=0.0, child-count=0}
|
+------&gt;FrameLayout{id=16909013, res-name=list_footer, visibility=VISIBLE, width=1080, height=0, has-focus=false, has-focusable=false, has-window-focus=true, is-clickable=false, is-enabled=true, is-focused=false, is-focusable=false, is-layout-requested=false, is-selected=false, layout-params=android.widget.LinearLayout$LayoutParams&#64;8b68125, tag=null, root-is-layout-requested=false, has-input-connection=false, x=0.0, y=1584.0, child-count=0}
|
+----&gt;RelativeLayout{id=16908758, res-name=button_bar, visibility=GONE, width=0, height=0, has-focus=false, has-focusable=false, has-window-focus=true, is-clickable=false, is-enabled=true, is-focused=false, is-focusable=false, is-layout-requested=true, is-selected=false, layout-params=android.widget.LinearLayout$LayoutParams&#64;5f5a308, tag=null, root-is-layout-requested=false, has-input-connection=false, x=0.0, y=0.0, child-count=2}
|
+-----&gt;Button{id=16908732, res-name=back_button, visibility=VISIBLE, width=0, height=0, has-focus=false, has-focusable=true, has-window-focus=true, is-clickable=true, is-enabled=true, is-focused=false, is-focusable=true, is-layout-requested=true, is-selected=false, layout-params=android.widget.RelativeLayout$LayoutParams&#64;1730aa1, tag=null, root-is-layout-requested=false, has-input-connection=false, x=0.0, y=0.0, text=Back, input-type=0, ime-target=false, has-links=false}
|
+-----&gt;LinearLayout{id=-1, visibility=VISIBLE, width=0, height=0, has-focus=false, has-focusable=true, has-window-focus=true, is-clickable=false, is-enabled=true, is-focused=false, is-focusable=false, is-layout-requested=true, is-selected=false, layout-params=android.widget.RelativeLayout$LayoutParams&#64;9c5e7b4, tag=null, root-is-layout-requested=false, has-input-connection=false, x=0.0, y=0.0, child-count=2}
|
+------&gt;Button{id=16909277, res-name=skip_button, visibility=GONE, width=0, height=0, has-focus=false, has-focusable=false, has-window-focus=true, is-clickable=true, is-enabled=true, is-focused=false, is-focusable=true, is-layout-requested=true, is-selected=false, layout-params=android.widget.LinearLayout$LayoutParams&#64;f14afdd, tag=null, root-is-layout-requested=false, has-input-connection=false, x=0.0, y=0.0, text=Skip, input-type=0, ime-target=false, has-links=false}
|
+------&gt;Button{id=16909075, res-name=next_button, visibility=VISIBLE, width=0, height=0, has-focus=false, has-focusable=true, has-window-focus=true, is-clickable=true, is-enabled=true, is-focused=false, is-focusable=true, is-layout-requested=true, is-selected=false, layout-params=android.widget.LinearLayout$LayoutParams&#64;b526752, tag=null, root-is-layout-requested=false, has-input-connection=false, x=0.0, y=0.0, text=Next, input-type=0, ime-target=false, has-links=false}
|
+--&gt;ActionBarContainer{id=16908669, res-name=action_bar_container, visibility=VISIBLE, width=1080, height=147, has-focus=false, has-focusable=false, has-window-focus=true, is-clickable=false, is-enabled=true, is-focused=false, is-focusable=false, is-layout-requested=false, is-selected=false, layout-params=com.android.internal.widget.ActionBarOverlayLayout$LayoutParams&#64;f316cd9, tag=null, root-is-layout-requested=false, has-input-connection=false, x=0.0, y=63.0, child-count=2}
|
+---&gt;Toolbar{id=16908668, res-name=action_bar, visibility=VISIBLE, width=1080, height=147, has-focus=false, has-focusable=false, has-window-focus=true, is-clickable=false, is-enabled=true, is-focused=false, is-focusable=false, is-layout-requested=false, is-selected=false, layout-params=android.widget.FrameLayout$LayoutParams&#64;6da794c, tag=null, root-is-layout-requested=false, has-input-connection=false, x=0.0, y=0.0, child-count=2}
|
+----&gt;TextView{id=-1, visibility=VISIBLE, width=196, height=71, has-focus=false, has-focusable=false, has-window-focus=true, is-clickable=false, is-enabled=true, is-focused=false, is-focusable=false, is-layout-requested=false, is-selected=false, layout-params=android.widget.Toolbar$LayoutParams&#64;8c2fd95, tag=null, root-is-layout-requested=false, has-input-connection=false, x=42.0, y=38.0, text=Settings, input-type=0, ime-target=false, has-links=false}
|
+----&gt;ActionMenuView{id=-1, visibility=VISIBLE, width=0, height=147, has-focus=false, has-focusable=false, has-window-focus=true, is-clickable=false, is-enabled=true, is-focused=false, is-focusable=false, is-layout-requested=false, is-selected=false, layout-params=android.widget.Toolbar$LayoutParams&#64;a878eaa, tag=null, root-is-layout-requested=false, has-input-connection=false, x=1080.0, y=0.0, child-count=0}
|
+---&gt;ActionBarContextView{id=16908673, res-name=action_context_bar, visibility=GONE, width=0, height=0, has-focus=false, has-focusable=false, has-window-focus=true, is-clickable=false, is-enabled=true, is-focused=false, is-focusable=false, is-layout-requested=true, is-selected=false, layout-params=android.widget.FrameLayout$LayoutParams&#64;aabba9b, tag=null, root-is-layout-requested=false, has-input-connection=false, x=0.0, y=0.0, child-count=0}
|
+-&gt;View{id=16908336, res-name=navigationBarBackground, visibility=VISIBLE, width=1080, height=126, has-focus=false, has-focusable=false, has-window-focus=true, is-clickable=false, is-enabled=true, is-focused=false, is-focusable=false, is-layout-requested=false, is-selected=false, layout-params=android.widget.FrameLayout$LayoutParams&#64;cdbde38, tag=null, root-is-layout-requested=false, has-input-connection=false, x=0.0, y=1794.0}
|
+-&gt;View{id=16908335, res-name=statusBarBackground, visibility=VISIBLE, width=1080, height=63, has-focus=false, has-focusable=false, has-window-focus=true, is-clickable=false, is-enabled=true, is-focused=false, is-focusable=false, is-layout-requested=false, is-selected=false, layout-params=android.widget.FrameLayout$LayoutParams&#64;ea2de11, tag=null, root-is-layout-requested=false, has-input-connection=false, x=0.0, y=0.0}
|
at dalvik.system.VMStack.getThreadStackTrace(Native Method)
at java.lang.Thread.getStackTrace(Thread.java:1536)
at android.support.test.espresso.base.DefaultFailureHandler.getUserFriendlyError(DefaultFailureHandler.java:88)
at android.support.test.espresso.base.DefaultFailureHandler.handle(DefaultFailureHandler.java:51)
at android.support.test.espresso.ViewInteraction.waitForAndHandleInteractionResults(ViewInteraction.java:312)
at android.support.test.espresso.ViewInteraction.desugaredPerform(ViewInteraction.java:173)
at android.support.test.espresso.ViewInteraction.perform(ViewInteraction.java:114)
at kdk.android.simplydo.C6.DecoratorC6.decoratorC6(DecoratorC6.java:49)
at java.lang.reflect.Method.invoke(Native Method)
at org.junit.runners.model.FrameworkMethod$1.runReflectiveCall(FrameworkMethod.java:50)
at org.junit.internal.runners.model.ReflectiveCallable.run(ReflectiveCallable.java:12)
at org.junit.runners.model.FrameworkMethod.invokeExplosively(FrameworkMethod.java:47)
at org.junit.internal.runners.statements.InvokeMethod.evaluate(InvokeMethod.java:17)
at android.support.test.rule.ActivityTestRule$ActivityStatement.evaluate(ActivityTestRule.java:527)
at org.junit.rules.RunRules.evaluate(RunRules.java:20)
at org.junit.runners.ParentRunner.runLeaf(ParentRunner.java:325)
at org.junit.runners.BlockJUnit4ClassRunner.runChild(BlockJUnit4ClassRunner.java:78)
at org.junit.runners.BlockJUnit4ClassRunner.runChild(BlockJUnit4ClassRunner.java:57)
at org.junit.runners.ParentRunner$3.run(ParentRunner.java:290)
at org.junit.runners.ParentRunner$1.schedule(ParentRunner.java:71)
at org.junit.runners.ParentRunner.runChildren(ParentRunner.java:288)
at org.junit.runners.ParentRunner.access$000(ParentRunner.java:58)
at org.junit.runners.ParentRunner$2.evaluate(ParentRunner.java:268)
at org.junit.runners.ParentRunner.run(ParentRunner.java:363)
at android.support.test.runner.AndroidJUnit4.run(AndroidJUnit4.java:101)
at org.junit.runners.Suite.runChild(Suite.java:128)
at org.junit.runners.Suite.runChild(Suite.java:27)
at org.junit.runners.ParentRunner$3.run(ParentRunner.java:290)
at org.junit.runners.ParentRunner$1.schedule(ParentRunner.java:71)
at org.junit.runners.ParentRunner.runChildren(ParentRunner.java:288)
at org.junit.runners.ParentRunner.access$000(ParentRunner.java:58)
at org.junit.runners.ParentRunner$2.evaluate(ParentRunner.java:268)
at org.junit.runners.ParentRunner.run(ParentRunner.java:363)
at org.junit.runner.JUnitCore.run(JUnitCore.java:137)
at org.junit.runner.JUnitCore.run(JUnitCore.java:115)
at android.support.test.internal.runner.TestExecutor.execute(TestExecutor.java:56)
at android.support.test.runner.AndroidJUnitRunner.onStart(AndroidJUnitRunner.java:384)
at android.app.Instrumentation$InstrumentationThread.run(Instrumentation.java:2074)
</failure>
  </testcase>
  <testcase name="deleteInactiveC1" classname="kdk.android.simplydo.C6.DeleteInactiveC6" time="3.712">
    <failure>android.support.test.espresso.NoMatchingViewException: No views in hierarchy found matching: (with id: kdk.android.simplydo:id/ListsListView)
If the target view is not part of the view hierarchy, you may need to use Espresso.onData to load it from one of the following AdapterViews:android.widget.MenuPopupWindow$MenuDropDownListView{27ea3fb VFED.VC.. .F...... 0,0-515,126}

View Hierarchy:
+&gt;PopupDecorView{id=-1, visibility=VISIBLE, width=515, height=126, has-focus=true, has-focusable=true, has-window-focus=true, is-clickable=false, is-enabled=true, is-focused=false, is-focusable=false, is-layout-requested=false, is-selected=false, layout-params=WM.LayoutParams{(555,73)(515x126) gr=#10800033 sim=#1 ty=1002 fl=#41860200 pfl=0x18000 fmt=-3 surfaceInsets=Rect(84, 84 - 84, 84) (manual) colorMode=0}, tag=null, root-is-layout-requested=false, has-input-connection=false, x=0.0, y=0.0, child-count=1}
|
+-&gt;PopupBackgroundView{id=-1, visibility=VISIBLE, width=515, height=126, has-focus=true, has-focusable=true, has-window-focus=true, is-clickable=false, is-enabled=true, is-focused=false, is-focusable=false, is-layout-requested=false, is-selected=false, layout-params=android.widget.FrameLayout$LayoutParams&#64;5047c18, tag=null, root-is-layout-requested=false, has-input-connection=false, x=0.0, y=0.0, child-count=1}
|
+--&gt;MenuDropDownListView{id=-1, visibility=VISIBLE, width=515, height=126, has-focus=true, has-focusable=true, has-window-focus=true, is-clickable=true, is-enabled=true, is-focused=true, is-focusable=true, is-layout-requested=false, is-selected=false, layout-params=android.widget.FrameLayout$LayoutParams&#64;c896c56, tag=null, root-is-layout-requested=false, has-input-connection=false, x=0.0, y=0.0, child-count=1}
|
+---&gt;ListMenuItemView{id=-1, visibility=VISIBLE, width=515, height=126, has-focus=false, has-focusable=false, has-window-focus=true, is-clickable=false, is-enabled=true, is-focused=false, is-focusable=false, is-layout-requested=false, is-selected=false, layout-params=android.widget.AbsListView$LayoutParams&#64;5bae8ad, tag=null, root-is-layout-requested=false, has-input-connection=false, x=0.0, y=0.0, child-count=2}
|
+----&gt;RelativeLayout{id=-1, visibility=VISIBLE, width=431, height=57, has-focus=false, has-focusable=false, has-window-focus=true, is-clickable=false, is-enabled=true, is-focused=false, is-focusable=false, is-layout-requested=false, is-selected=false, layout-params=android.widget.LinearLayout$LayoutParams&#64;382b630, tag=null, root-is-layout-requested=false, has-input-connection=false, x=42.0, y=34.0, child-count=2}
|
+-----&gt;TextView{id=16908310, res-name=title, visibility=VISIBLE, width=431, height=57, has-focus=false, has-focusable=false, has-window-focus=true, is-clickable=false, is-enabled=true, is-focused=false, is-focusable=false, is-layout-requested=false, is-selected=false, layout-params=android.widget.RelativeLayout$LayoutParams&#64;b4a62a9, tag=null, root-is-layout-requested=false, has-input-connection=false, x=0.0, y=0.0, text=Settings, input-type=0, ime-target=false, has-links=false}
|
+-----&gt;TextView{id=16909259, res-name=shortcut, visibility=GONE, width=0, height=0, has-focus=false, has-focusable=false, has-window-focus=true, is-clickable=false, is-enabled=true, is-focused=false, is-focusable=false, is-layout-requested=true, is-selected=false, layout-params=android.widget.RelativeLayout$LayoutParams&#64;71b02e, tag=null, root-is-layout-requested=false, has-input-connection=false, x=0.0, y=0.0, text=, input-type=0, ime-target=false, has-links=false}
|
+----&gt;ImageView{id=16909319, res-name=submenuarrow, visibility=GONE, width=0, height=0, has-focus=false, has-focusable=false, has-window-focus=true, is-clickable=false, is-enabled=true, is-focused=false, is-focusable=false, is-layout-requested=true, is-selected=false, layout-params=android.widget.LinearLayout$LayoutParams&#64;5aa37cf, tag=null, root-is-layout-requested=false, has-input-connection=false, x=0.0, y=0.0}
|
at dalvik.system.VMStack.getThreadStackTrace(Native Method)
at java.lang.Thread.getStackTrace(Thread.java:1536)
at android.support.test.espresso.base.DefaultFailureHandler.getUserFriendlyError(DefaultFailureHandler.java:88)
at android.support.test.espresso.base.DefaultFailureHandler.handle(DefaultFailureHandler.java:51)
at android.support.test.espresso.ViewInteraction.waitForAndHandleInteractionResults(ViewInteraction.java:312)
at android.support.test.espresso.ViewInteraction.desugaredPerform(ViewInteraction.java:173)
at android.support.test.espresso.ViewInteraction.perform(ViewInteraction.java:114)
at android.support.test.espresso.DataInteraction$DisplayDataMatcher$1.apply(DataInteraction.java:213)
at android.support.test.espresso.DataInteraction$DisplayDataMatcher$1.apply(DataInteraction.java:210)
at android.support.test.espresso.DataInteraction$DisplayDataMatcher.&lt;init&gt;(DataInteraction.java:230)
at android.support.test.espresso.DataInteraction$DisplayDataMatcher.&lt;init&gt;(DataInteraction.java:205)
at android.support.test.espresso.DataInteraction$DisplayDataMatcher.displayDataMatcher(DataInteraction.java:248)
at android.support.test.espresso.DataInteraction.makeTargetMatcher(DataInteraction.java:150)
at android.support.test.espresso.DataInteraction.perform(DataInteraction.java:135)
at kdk.android.simplydo.C6.DeleteInactiveC6.deleteInactiveC1(DeleteInactiveC6.java:85)
at java.lang.reflect.Method.invoke(Native Method)
at org.junit.runners.model.FrameworkMethod$1.runReflectiveCall(FrameworkMethod.java:50)
at org.junit.internal.runners.model.ReflectiveCallable.run(ReflectiveCallable.java:12)
at org.junit.runners.model.FrameworkMethod.invokeExplosively(FrameworkMethod.java:47)
at org.junit.internal.runners.statements.InvokeMethod.evaluate(InvokeMethod.java:17)
at android.support.test.rule.ActivityTestRule$ActivityStatement.evaluate(ActivityTestRule.java:527)
at org.junit.rules.RunRules.evaluate(RunRules.java:20)
at org.junit.runners.ParentRunner.runLeaf(ParentRunner.java:325)
at org.junit.runners.BlockJUnit4ClassRunner.runChild(BlockJUnit4ClassRunner.java:78)
at org.junit.runners.BlockJUnit4ClassRunner.runChild(BlockJUnit4ClassRunner.java:57)
at org.junit.runners.ParentRunner$3.run(ParentRunner.java:290)
at org.junit.runners.ParentRunner$1.schedule(ParentRunner.java:71)
at org.junit.runners.ParentRunner.runChildren(ParentRunner.java:288)
at org.junit.runners.ParentRunner.access$000(ParentRunner.java:58)
at org.junit.runners.ParentRunner$2.evaluate(ParentRunner.java:268)
at org.junit.runners.ParentRunner.run(ParentRunner.java:363)
at android.support.test.runner.AndroidJUnit4.run(AndroidJUnit4.java:101)
at org.junit.runners.Suite.runChild(Suite.java:128)
at org.junit.runners.Suite.runChild(Suite.java:27)
at org.junit.runners.ParentRunner$3.run(ParentRunner.java:290)
at org.junit.runners.ParentRunner$1.schedule(ParentRunner.java:71)
at org.junit.runners.ParentRunner.runChildren(ParentRunner.java:288)
at org.junit.runners.ParentRunner.access$000(ParentRunner.java:58)
at org.junit.runners.ParentRunner$2.evaluate(ParentRunner.java:268)
at org.junit.runners.ParentRunner.run(ParentRunner.java:363)
at org.junit.runner.JUnitCore.run(JUnitCore.java:137)
at org.junit.runner.JUnitCore.run(JUnitCore.java:115)
at android.support.test.internal.runner.TestExecutor.execute(TestExecutor.java:56)
at android.support.test.runner.AndroidJUnitRunner.onStart(AndroidJUnitRunner.java:384)
at android.app.Instrumentation$InstrumentationThread.run(Instrumentation.java:2074)
</failure>
  </testcase>
  <testcase name="itemAssertC6" classname="kdk.android.simplydo.C6.ItemAssertC6" time="1.077">
    <failure>android.support.test.espresso.AmbiguousViewMatcherException: '(with class name: is "android.widget.LinearLayout" and is displayed on the screen to the user)' matches multiple views in the hierarchy.
Problem views are marked with '****MATCHES****' below.

View Hierarchy:
+&gt;DecorView{id=-1, visibility=VISIBLE, width=1080, height=1920, has-focus=true, has-focusable=true, has-window-focus=true, is-clickable=false, is-enabled=true, is-focused=false, is-focusable=false, is-layout-requested=false, is-selected=false, layout-params=WM.LayoutParams{(0,0)(fillxfill) sim=#3 ty=1 fl=#81810100 pfl=0x20000 wanim=0x10302f6 needsMenuKey=2 colorMode=0}, tag=null, root-is-layout-requested=false, has-input-connection=false, x=0.0, y=0.0, child-count=3}
|
+-&gt;ActionBarOverlayLayout{id=16908822, res-name=decor_content_parent, visibility=VISIBLE, width=1080, height=1794, has-focus=true, has-focusable=true, has-window-focus=true, is-clickable=false, is-enabled=true, is-focused=false, is-focusable=false, is-layout-requested=false, is-selected=false, layout-params=android.widget.FrameLayout$LayoutParams&#64;accc43b, tag=null, root-is-layout-requested=false, has-input-connection=false, x=0.0, y=0.0, child-count=2}
|
+--&gt;FrameLayout{id=16908290, res-name=content, visibility=VISIBLE, width=1080, height=1584, has-focus=true, has-focusable=true, has-window-focus=true, is-clickable=false, is-enabled=true, is-focused=false, is-focusable=false, is-layout-requested=false, is-selected=false, layout-params=com.android.internal.widget.ActionBarOverlayLayout$LayoutParams&#64;d9bb758, tag=null, root-is-layout-requested=false, has-input-connection=false, x=0.0, y=210.0, child-count=1}
|
+---&gt;LinearLayout{id=-1, visibility=VISIBLE, width=1080, height=1584, has-focus=true, has-focusable=true, has-window-focus=true, is-clickable=false, is-enabled=true, is-focused=false, is-focusable=false, is-layout-requested=false, is-selected=false, layout-params=android.widget.FrameLayout$LayoutParams&#64;ab53996, tag=null, root-is-layout-requested=false, has-input-connection=false, x=0.0, y=0.0, child-count=1} ****MATCHES****
|
+----&gt;ViewSwitcher{id=2130903049, res-name=ListsItemsSwitcher, visibility=VISIBLE, width=1080, height=256, has-focus=true, has-focusable=true, has-window-focus=true, is-clickable=false, is-enabled=true, is-focused=false, is-focusable=false, is-layout-requested=false, is-selected=false, layout-params=android.widget.LinearLayout$LayoutParams&#64;9c0f104, tag=null, root-is-layout-requested=false, has-input-connection=false, x=0.0, y=0.0, child-count=2}
|
+-----&gt;LinearLayout{id=2130903059, res-name=listsView, visibility=VISIBLE, width=1080, height=256, has-focus=true, has-focusable=true, has-window-focus=true, is-clickable=false, is-enabled=true, is-focused=false, is-focusable=false, is-layout-requested=false, is-selected=false, layout-params=android.widget.FrameLayout$LayoutParams&#64;dae06ed, tag=null, root-is-layout-requested=false, has-input-connection=false, x=0.0, y=0.0, child-count=2} ****MATCHES****
|
+------&gt;LinearLayout{id=2130903048, res-name=LinearLayout01, visibility=VISIBLE, width=1080, height=126, has-focus=true, has-focusable=true, has-window-focus=true, is-clickable=false, is-enabled=true, is-focused=false, is-focusable=false, is-layout-requested=false, is-selected=false, layout-params=android.widget.LinearLayout$LayoutParams&#64;1835922, tag=null, root-is-layout-requested=false, has-input-connection=false, x=0.0, y=0.0, child-count=2} ****MATCHES****
|
+-------&gt;EditText{id=2130903043, res-name=AddListEditText, desc=addlistedittext, visibility=VISIBLE, width=849, height=126, has-focus=true, has-focusable=true, has-window-focus=true, is-clickable=true, is-enabled=true, is-focused=true, is-focusable=true, is-layout-requested=false, is-selected=false, layout-params=android.widget.LinearLayout$LayoutParams&#64;c21e56e, tag=null, root-is-layout-requested=false, has-input-connection=true, editor-info=[inputType=0x31 imeOptions=0x8000006 privateImeOptions=null actionLabel=null actionId=0 initialSelStart=0 initialSelEnd=0 initialCapsMode=0x0 hintText=New List Name label=null packageName=null fieldId=0 fieldName=null extras=null hintLocales=null contentMimeTypes=null ], x=0.0, y=0.0, text=, hint=New List Name, input-type=49, ime-target=true, has-links=false}
|
+-------&gt;Button{id=2130903042, res-name=AddListButton, desc=Add, visibility=VISIBLE, width=231, height=126, has-focus=false, has-focusable=true, has-window-focus=true, is-clickable=true, is-enabled=true, is-focused=false, is-focusable=true, is-layout-requested=false, is-selected=false, layout-params=android.widget.LinearLayout$LayoutParams&#64;f6a640f, tag=null, root-is-layout-requested=false, has-input-connection=false, x=849.0, y=0.0, text=Add, input-type=0, ime-target=false, has-links=false}
|
+------&gt;ListView{id=2130903050, res-name=ListsListView, visibility=VISIBLE, width=1080, height=130, has-focus=false, has-focusable=true, has-window-focus=true, is-clickable=true, is-enabled=true, is-focused=false, is-focusable=true, is-layout-requested=false, is-selected=false, layout-params=android.widget.LinearLayout$LayoutParams&#64;d635c9c, tag=null, root-is-layout-requested=false, has-input-connection=false, x=0.0, y=126.0, child-count=1}
|
+-------&gt;LinearLayout{id=-1, visibility=VISIBLE, width=1080, height=130, has-focus=false, has-focusable=false, has-window-focus=true, is-clickable=false, is-enabled=true, is-focused=false, is-focusable=false, is-layout-requested=false, is-selected=false, layout-params=android.widget.AbsListView$LayoutParams&#64;62e26a5, tag=null, root-is-layout-requested=false, has-input-connection=false, x=0.0, y=0.0, child-count=2} ****MATCHES****
|
+--------&gt;TextView{id=2130903060, res-name=text1, desc=Name, visibility=VISIBLE, width=945, height=78, has-focus=false, has-focusable=false, has-window-focus=true, is-clickable=false, is-enabled=true, is-focused=false, is-focusable=false, is-layout-requested=false, is-selected=false, layout-params=android.widget.LinearLayout$LayoutParams&#64;a0aea7a, tag=null, root-is-layout-requested=false, has-input-connection=false, x=26.0, y=26.0, text=one, input-type=0, ime-target=false, has-links=false}
|
+--------&gt;TextView{id=2130903061, res-name=text2, desc=text2, visibility=VISIBLE, width=109, height=64, has-focus=false, has-focusable=false, has-window-focus=true, is-clickable=false, is-enabled=true, is-focused=false, is-focusable=false, is-layout-requested=false, is-selected=false, layout-params=android.widget.LinearLayout$LayoutParams&#64;e73322b, tag=null, root-is-layout-requested=false, has-input-connection=false, x=971.0, y=35.0, text=(0/0), input-type=0, ime-target=false, has-links=false}
|
+-----&gt;LinearLayout{id=2130903057, res-name=itemsView, visibility=GONE, width=0, height=0, has-focus=false, has-focusable=false, has-window-focus=true, is-clickable=false, is-enabled=true, is-focused=false, is-focusable=false, is-layout-requested=true, is-selected=false, layout-params=android.widget.FrameLayout$LayoutParams&#64;64d3446, tag=null, root-is-layout-requested=false, has-input-connection=false, x=0.0, y=0.0, child-count=2}
|
+------&gt;LinearLayout{id=2130903048, res-name=LinearLayout01, visibility=VISIBLE, width=0, height=0, has-focus=false, has-focusable=true, has-window-focus=true, is-clickable=false, is-enabled=true, is-focused=false, is-focusable=false, is-layout-requested=true, is-selected=false, layout-params=android.widget.LinearLayout$LayoutParams&#64;42b855d, tag=null, root-is-layout-requested=false, has-input-connection=false, x=0.0, y=0.0, child-count=2}
|
+-------&gt;EditText{id=2130903041, res-name=AddItemEditText, desc=addItemEditText, visibility=VISIBLE, width=0, height=0, has-focus=false, has-focusable=true, has-window-focus=true, is-clickable=true, is-enabled=true, is-focused=false, is-focusable=true, is-layout-requested=true, is-selected=false, layout-params=android.widget.LinearLayout$LayoutParams&#64;c184ed2, tag=null, root-is-layout-requested=false, has-input-connection=true, editor-info=[inputType=0x31 imeOptions=0x8000006 privateImeOptions=null actionLabel=null actionId=0 initialSelStart=0 initialSelEnd=0 initialCapsMode=0x0 hintText=New Item Name label=null packageName=null fieldId=0 fieldName=null extras=null hintLocales=null contentMimeTypes=null ], x=0.0, y=0.0, text=, hint=New Item Name, input-type=49, ime-target=false, has-links=false}
|
+-------&gt;Button{id=2130903040, res-name=AddItemButton, desc=Add, visibility=VISIBLE, width=0, height=0, has-focus=false, has-focusable=true, has-window-focus=true, is-clickable=true, is-enabled=true, is-focused=false, is-focusable=true, is-layout-requested=true, is-selected=false, layout-params=android.widget.LinearLayout$LayoutParams&#64;6c9bba3, tag=null, root-is-layout-requested=false, has-input-connection=false, x=0.0, y=0.0, text=Add, input-type=0, ime-target=false, has-links=false}
|
+------&gt;ListView{id=2130903047, res-name=ItemsListView, visibility=VISIBLE, width=0, height=0, has-focus=false, has-focusable=false, has-window-focus=true, is-clickable=true, is-enabled=true, is-focused=false, is-focusable=false, is-layout-requested=true, is-selected=false, layout-params=android.widget.LinearLayout$LayoutParams&#64;e22bea0, tag=null, root-is-layout-requested=false, has-input-connection=false, x=0.0, y=0.0, child-count=0}
|
+--&gt;ActionBarContainer{id=16908669, res-name=action_bar_container, visibility=VISIBLE, width=1080, height=147, has-focus=false, has-focusable=false, has-window-focus=true, is-clickable=false, is-enabled=true, is-focused=false, is-focusable=false, is-layout-requested=false, is-selected=false, layout-params=com.android.internal.widget.ActionBarOverlayLayout$LayoutParams&#64;db26eff, tag=null, root-is-layout-requested=false, has-input-connection=false, x=0.0, y=63.0, child-count=2}
|
+---&gt;Toolbar{id=16908668, res-name=action_bar, visibility=VISIBLE, width=1080, height=147, has-focus=false, has-focusable=false, has-window-focus=true, is-clickable=false, is-enabled=true, is-focused=false, is-focusable=false, is-layout-requested=false, is-selected=false, layout-params=android.widget.FrameLayout$LayoutParams&#64;b0524cc, tag=null, root-is-layout-requested=false, has-input-connection=false, x=0.0, y=0.0, child-count=2}
|
+----&gt;TextView{id=-1, visibility=VISIBLE, width=240, height=71, has-focus=false, has-focusable=false, has-window-focus=true, is-clickable=false, is-enabled=true, is-focused=false, is-focusable=false, is-layout-requested=false, is-selected=false, layout-params=android.widget.Toolbar$LayoutParams&#64;42f0315, tag=null, root-is-layout-requested=false, has-input-connection=false, x=42.0, y=38.0, text=Simply Do, input-type=0, ime-target=false, has-links=false}
|
+----&gt;ActionMenuView{id=-1, visibility=VISIBLE, width=105, height=147, has-focus=false, has-focusable=false, has-window-focus=true, is-clickable=false, is-enabled=true, is-focused=false, is-focusable=false, is-layout-requested=false, is-selected=false, layout-params=android.widget.Toolbar$LayoutParams&#64;48fc1b, tag=null, root-is-layout-requested=false, has-input-connection=false, x=975.0, y=0.0, child-count=1}
|
+-----&gt;OverflowMenuButton{id=-1, desc=More options, visibility=VISIBLE, width=105, height=126, has-focus=false, has-focusable=false, has-window-focus=true, is-clickable=true, is-enabled=true, is-focused=false, is-focusable=true, is-layout-requested=false, is-selected=false, layout-params=android.widget.ActionMenuView$LayoutParams&#64;3c5c1b8, tag=null, root-is-layout-requested=false, has-input-connection=false, x=0.0, y=10.0}
|
+---&gt;ActionBarContextView{id=16908673, res-name=action_context_bar, visibility=GONE, width=0, height=0, has-focus=false, has-focusable=false, has-window-focus=true, is-clickable=false, is-enabled=true, is-focused=false, is-focusable=false, is-layout-requested=true, is-selected=false, layout-params=android.widget.FrameLayout$LayoutParams&#64;889bb91, tag=null, root-is-layout-requested=false, has-input-connection=false, x=0.0, y=0.0, child-count=0}
|
+-&gt;View{id=16908336, res-name=navigationBarBackground, visibility=VISIBLE, width=1080, height=126, has-focus=false, has-focusable=false, has-window-focus=true, is-clickable=false, is-enabled=true, is-focused=false, is-focusable=false, is-layout-requested=false, is-selected=false, layout-params=android.widget.FrameLayout$LayoutParams&#64;cf13af6, tag=null, root-is-layout-requested=false, has-input-connection=false, x=0.0, y=1794.0}
|
+-&gt;View{id=16908335, res-name=statusBarBackground, visibility=VISIBLE, width=1080, height=63, has-focus=false, has-focusable=false, has-window-focus=true, is-clickable=false, is-enabled=true, is-focused=false, is-focusable=false, is-layout-requested=false, is-selected=false, layout-params=android.widget.FrameLayout$LayoutParams&#64;2f13ef7, tag=null, root-is-layout-requested=false, has-input-connection=false, x=0.0, y=0.0}
|
at dalvik.system.VMStack.getThreadStackTrace(Native Method)
at java.lang.Thread.getStackTrace(Thread.java:1536)
at android.support.test.espresso.base.DefaultFailureHandler.getUserFriendlyError(DefaultFailureHandler.java:88)
at android.support.test.espresso.base.DefaultFailureHandler.handle(DefaultFailureHandler.java:51)
at android.support.test.espresso.ViewInteraction.waitForAndHandleInteractionResults(ViewInteraction.java:312)
at android.support.test.espresso.ViewInteraction.desugaredPerform(ViewInteraction.java:173)
at android.support.test.espresso.ViewInteraction.perform(ViewInteraction.java:114)
at kdk.android.simplydo.C6.ItemAssertC6.itemAssertC6(ItemAssertC6.java:49)
at java.lang.reflect.Method.invoke(Native Method)
at org.junit.runners.model.FrameworkMethod$1.runReflectiveCall(FrameworkMethod.java:50)
at org.junit.internal.runners.model.ReflectiveCallable.run(ReflectiveCallable.java:12)
at org.junit.runners.model.FrameworkMethod.invokeExplosively(FrameworkMethod.java:47)
at org.junit.internal.runners.statements.InvokeMethod.evaluate(InvokeMethod.java:17)
at android.support.test.rule.ActivityTestRule$ActivityStatement.evaluate(ActivityTestRule.java:527)
at org.junit.rules.RunRules.evaluate(RunRules.java:20)
at org.junit.runners.ParentRunner.runLeaf(ParentRunner.java:325)
at org.junit.runners.BlockJUnit4ClassRunner.runChild(BlockJUnit4ClassRunner.java:78)
at org.junit.runners.BlockJUnit4ClassRunner.runChild(BlockJUnit4ClassRunner.java:57)
at org.junit.runners.ParentRunner$3.run(ParentRunner.java:290)
at org.junit.runners.ParentRunner$1.schedule(ParentRunner.java:71)
at org.junit.runners.ParentRunner.runChildren(ParentRunner.java:288)
at org.junit.runners.ParentRunner.access$000(ParentRunner.java:58)
at org.junit.runners.ParentRunner$2.evaluate(ParentRunner.java:268)
at org.junit.runners.ParentRunner.run(ParentRunner.java:363)
at android.support.test.runner.AndroidJUnit4.run(AndroidJUnit4.java:101)
at org.junit.runners.Suite.runChild(Suite.java:128)
at org.junit.runners.Suite.runChild(Suite.java:27)
at org.junit.runners.ParentRunner$3.run(ParentRunner.java:290)
at org.junit.runners.ParentRunner$1.schedule(ParentRunner.java:71)
at org.junit.runners.ParentRunner.runChildren(ParentRunner.java:288)
at org.junit.runners.ParentRunner.access$000(ParentRunner.java:58)
at org.junit.runners.ParentRunner$2.evaluate(ParentRunner.java:268)
at org.junit.runners.ParentRunner.run(ParentRunner.java:363)
at org.junit.runner.JUnitCore.run(JUnitCore.java:137)
at org.junit.runner.JUnitCore.run(JUnitCore.java:115)
at android.support.test.internal.runner.TestExecutor.execute(TestExecutor.java:56)
at android.support.test.runner.AndroidJUnitRunner.onStart(AndroidJUnitRunner.java:384)
at android.app.Instrumentation$InstrumentationThread.run(Instrumentation.java:2074)
</failure>
  </testcase>
  <testcase name="multipleListC6" classname="kdk.android.simplydo.C6.MultipleListC6" time="1.449">
    <failure>android.support.test.espresso.AmbiguousViewMatcherException: '(with class name: is "android.widget.LinearLayout" and is displayed on the screen to the user)' matches multiple views in the hierarchy.
Problem views are marked with '****MATCHES****' below.

View Hierarchy:
+&gt;DecorView{id=-1, visibility=VISIBLE, width=1080, height=1920, has-focus=true, has-focusable=true, has-window-focus=true, is-clickable=false, is-enabled=true, is-focused=false, is-focusable=false, is-layout-requested=false, is-selected=false, layout-params=WM.LayoutParams{(0,0)(fillxfill) sim=#3 ty=1 fl=#81810100 pfl=0x20000 wanim=0x10302f6 needsMenuKey=2 colorMode=0}, tag=null, root-is-layout-requested=false, has-input-connection=false, x=0.0, y=0.0, child-count=3}
|
+-&gt;ActionBarOverlayLayout{id=16908822, res-name=decor_content_parent, visibility=VISIBLE, width=1080, height=1794, has-focus=true, has-focusable=true, has-window-focus=true, is-clickable=false, is-enabled=true, is-focused=false, is-focusable=false, is-layout-requested=false, is-selected=false, layout-params=android.widget.FrameLayout$LayoutParams&#64;48fc1b, tag=null, root-is-layout-requested=false, has-input-connection=false, x=0.0, y=0.0, child-count=2}
|
+--&gt;FrameLayout{id=16908290, res-name=content, visibility=VISIBLE, width=1080, height=1584, has-focus=true, has-focusable=true, has-window-focus=true, is-clickable=false, is-enabled=true, is-focused=false, is-focusable=false, is-layout-requested=false, is-selected=false, layout-params=com.android.internal.widget.ActionBarOverlayLayout$LayoutParams&#64;3c5c1b8, tag=null, root-is-layout-requested=false, has-input-connection=false, x=0.0, y=210.0, child-count=1}
|
+---&gt;LinearLayout{id=-1, visibility=VISIBLE, width=1080, height=1584, has-focus=true, has-focusable=true, has-window-focus=true, is-clickable=false, is-enabled=true, is-focused=false, is-focusable=false, is-layout-requested=false, is-selected=false, layout-params=android.widget.FrameLayout$LayoutParams&#64;cf13af6, tag=null, root-is-layout-requested=false, has-input-connection=false, x=0.0, y=0.0, child-count=1} ****MATCHES****
|
+----&gt;ViewSwitcher{id=2130903049, res-name=ListsItemsSwitcher, visibility=VISIBLE, width=1080, height=389, has-focus=true, has-focusable=true, has-window-focus=true, is-clickable=false, is-enabled=true, is-focused=false, is-focusable=false, is-layout-requested=false, is-selected=false, layout-params=android.widget.LinearLayout$LayoutParams&#64;bf14164, tag=null, root-is-layout-requested=false, has-input-connection=false, x=0.0, y=0.0, child-count=2}
|
+-----&gt;LinearLayout{id=2130903059, res-name=listsView, visibility=VISIBLE, width=1080, height=389, has-focus=true, has-focusable=true, has-window-focus=true, is-clickable=false, is-enabled=true, is-focused=false, is-focusable=false, is-layout-requested=false, is-selected=false, layout-params=android.widget.FrameLayout$LayoutParams&#64;efd7fcd, tag=null, root-is-layout-requested=false, has-input-connection=false, x=0.0, y=0.0, child-count=2} ****MATCHES****
|
+------&gt;LinearLayout{id=2130903048, res-name=LinearLayout01, visibility=VISIBLE, width=1080, height=126, has-focus=true, has-focusable=true, has-window-focus=true, is-clickable=false, is-enabled=true, is-focused=false, is-focusable=false, is-layout-requested=false, is-selected=false, layout-params=android.widget.LinearLayout$LayoutParams&#64;46e1082, tag=null, root-is-layout-requested=false, has-input-connection=false, x=0.0, y=0.0, child-count=2} ****MATCHES****
|
+-------&gt;EditText{id=2130903043, res-name=AddListEditText, desc=addlistedittext, visibility=VISIBLE, width=849, height=126, has-focus=true, has-focusable=true, has-window-focus=true, is-clickable=true, is-enabled=true, is-focused=true, is-focusable=true, is-layout-requested=false, is-selected=false, layout-params=android.widget.LinearLayout$LayoutParams&#64;af0b2ce, tag=null, root-is-layout-requested=false, has-input-connection=true, editor-info=[inputType=0x31 imeOptions=0x8000006 privateImeOptions=null actionLabel=null actionId=0 initialSelStart=0 initialSelEnd=0 initialCapsMode=0x0 hintText=New List Name label=null packageName=null fieldId=0 fieldName=null extras=null hintLocales=null contentMimeTypes=null ], x=0.0, y=0.0, text=, hint=New List Name, input-type=49, ime-target=true, has-links=false}
|
+-------&gt;Button{id=2130903042, res-name=AddListButton, desc=Add, visibility=VISIBLE, width=231, height=126, has-focus=false, has-focusable=true, has-window-focus=true, is-clickable=true, is-enabled=true, is-focused=false, is-focusable=true, is-layout-requested=false, is-selected=false, layout-params=android.widget.LinearLayout$LayoutParams&#64;84b15ef, tag=null, root-is-layout-requested=false, has-input-connection=false, x=849.0, y=0.0, text=Add, input-type=0, ime-target=false, has-links=false}
|
+------&gt;ListView{id=2130903050, res-name=ListsListView, visibility=VISIBLE, width=1080, height=263, has-focus=false, has-focusable=true, has-window-focus=true, is-clickable=true, is-enabled=true, is-focused=false, is-focusable=true, is-layout-requested=false, is-selected=false, layout-params=android.widget.LinearLayout$LayoutParams&#64;e8158fc, tag=null, root-is-layout-requested=false, has-input-connection=false, x=0.0, y=126.0, child-count=2}
|
+-------&gt;LinearLayout{id=-1, visibility=VISIBLE, width=1080, height=130, has-focus=false, has-focusable=false, has-window-focus=true, is-clickable=false, is-enabled=true, is-focused=false, is-focusable=false, is-layout-requested=false, is-selected=false, layout-params=android.widget.AbsListView$LayoutParams&#64;517db85, tag=null, root-is-layout-requested=false, has-input-connection=false, x=0.0, y=0.0, child-count=2} ****MATCHES****
|
+--------&gt;TextView{id=2130903060, res-name=text1, desc=Name, visibility=VISIBLE, width=945, height=78, has-focus=false, has-focusable=false, has-window-focus=true, is-clickable=false, is-enabled=true, is-focused=false, is-focusable=false, is-layout-requested=false, is-selected=false, layout-params=android.widget.LinearLayout$LayoutParams&#64;de92dda, tag=null, root-is-layout-requested=false, has-input-connection=false, x=26.0, y=26.0, text=one, input-type=0, ime-target=false, has-links=false}
|
+--------&gt;TextView{id=2130903061, res-name=text2, desc=text2, visibility=VISIBLE, width=109, height=64, has-focus=false, has-focusable=false, has-window-focus=true, is-clickable=false, is-enabled=true, is-focused=false, is-focusable=false, is-layout-requested=false, is-selected=false, layout-params=android.widget.LinearLayout$LayoutParams&#64;8dd220b, tag=null, root-is-layout-requested=false, has-input-connection=false, x=971.0, y=35.0, text=(0/0), input-type=0, ime-target=false, has-links=false}
|
+-------&gt;LinearLayout{id=-1, visibility=VISIBLE, width=1080, height=130, has-focus=false, has-focusable=false, has-window-focus=true, is-clickable=false, is-enabled=true, is-focused=false, is-focusable=false, is-layout-requested=false, is-selected=false, layout-params=android.widget.AbsListView$LayoutParams&#64;60908e8, tag=null, root-is-layout-requested=false, has-input-connection=false, x=0.0, y=133.0, child-count=2} ****MATCHES****
|
+--------&gt;TextView{id=2130903060, res-name=text1, desc=Name, visibility=VISIBLE, width=945, height=78, has-focus=false, has-focusable=false, has-window-focus=true, is-clickable=false, is-enabled=true, is-focused=false, is-focusable=false, is-layout-requested=false, is-selected=false, layout-params=android.widget.LinearLayout$LayoutParams&#64;dffab01, tag=null, root-is-layout-requested=false, has-input-connection=false, x=26.0, y=26.0, text=two, input-type=0, ime-target=false, has-links=false}
|
+--------&gt;TextView{id=2130903061, res-name=text2, desc=text2, visibility=VISIBLE, width=109, height=64, has-focus=false, has-focusable=false, has-window-focus=true, is-clickable=false, is-enabled=true, is-focused=false, is-focusable=false, is-layout-requested=false, is-selected=false, layout-params=android.widget.LinearLayout$LayoutParams&#64;fbc4da6, tag=null, root-is-layout-requested=false, has-input-connection=false, x=971.0, y=35.0, text=(0/0), input-type=0, ime-target=false, has-links=false}
|
+-----&gt;LinearLayout{id=2130903057, res-name=itemsView, visibility=GONE, width=0, height=0, has-focus=false, has-focusable=false, has-window-focus=true, is-clickable=false, is-enabled=true, is-focused=false, is-focusable=false, is-layout-requested=true, is-selected=false, layout-params=android.widget.FrameLayout$LayoutParams&#64;a3af63d, tag=null, root-is-layout-requested=false, has-input-connection=false, x=0.0, y=0.0, child-count=2}
|
+------&gt;LinearLayout{id=2130903048, res-name=LinearLayout01, visibility=VISIBLE, width=0, height=0, has-focus=false, has-focusable=true, has-window-focus=true, is-clickable=false, is-enabled=true, is-focused=false, is-focusable=false, is-layout-requested=true, is-selected=false, layout-params=android.widget.LinearLayout$LayoutParams&#64;b520d00, tag=null, root-is-layout-requested=false, has-input-connection=false, x=0.0, y=0.0, child-count=2}
|
+-------&gt;EditText{id=2130903041, res-name=AddItemEditText, desc=addItemEditText, visibility=VISIBLE, width=0, height=0, has-focus=false, has-focusable=true, has-window-focus=true, is-clickable=true, is-enabled=true, is-focused=false, is-focusable=true, is-layout-requested=true, is-selected=false, layout-params=android.widget.LinearLayout$LayoutParams&#64;fe5b939, tag=null, root-is-layout-requested=false, has-input-connection=true, editor-info=[inputType=0x31 imeOptions=0x8000006 privateImeOptions=null actionLabel=null actionId=0 initialSelStart=0 initialSelEnd=0 initialCapsMode=0x0 hintText=New Item Name label=null packageName=null fieldId=0 fieldName=null extras=null hintLocales=null contentMimeTypes=null ], x=0.0, y=0.0, text=, hint=New Item Name, input-type=49, ime-target=false, has-links=false}
|
+-------&gt;Button{id=2130903040, res-name=AddItemButton, desc=Add, visibility=VISIBLE, width=0, height=0, has-focus=false, has-focusable=true, has-window-focus=true, is-clickable=true, is-enabled=true, is-focused=false, is-focusable=true, is-layout-requested=true, is-selected=false, layout-params=android.widget.LinearLayout$LayoutParams&#64;e556b7e, tag=null, root-is-layout-requested=false, has-input-connection=false, x=0.0, y=0.0, text=Add, input-type=0, ime-target=false, has-links=false}
|
+------&gt;ListView{id=2130903047, res-name=ItemsListView, visibility=VISIBLE, width=0, height=0, has-focus=false, has-focusable=false, has-window-focus=true, is-clickable=true, is-enabled=true, is-focused=false, is-focusable=false, is-layout-requested=true, is-selected=false, layout-params=android.widget.LinearLayout$LayoutParams&#64;29358df, tag=null, root-is-layout-requested=false, has-input-connection=false, x=0.0, y=0.0, child-count=0}
|
+--&gt;ActionBarContainer{id=16908669, res-name=action_bar_container, visibility=VISIBLE, width=1080, height=147, has-focus=false, has-focusable=false, has-window-focus=true, is-clickable=false, is-enabled=true, is-focused=false, is-focusable=false, is-layout-requested=false, is-selected=false, layout-params=com.android.internal.widget.ActionBarOverlayLayout$LayoutParams&#64;358c18a, tag=null, root-is-layout-requested=false, has-input-connection=false, x=0.0, y=63.0, child-count=2}
|
+---&gt;Toolbar{id=16908668, res-name=action_bar, visibility=VISIBLE, width=1080, height=147, has-focus=false, has-focusable=false, has-window-focus=true, is-clickable=false, is-enabled=true, is-focused=false, is-focusable=false, is-layout-requested=false, is-selected=false, layout-params=android.widget.FrameLayout$LayoutParams&#64;27ea3fb, tag=null, root-is-layout-requested=false, has-input-connection=false, x=0.0, y=0.0, child-count=2}
|
+----&gt;TextView{id=-1, visibility=VISIBLE, width=240, height=71, has-focus=false, has-focusable=false, has-window-focus=true, is-clickable=false, is-enabled=true, is-focused=false, is-focusable=false, is-layout-requested=false, is-selected=false, layout-params=android.widget.Toolbar$LayoutParams&#64;5047c18, tag=null, root-is-layout-requested=false, has-input-connection=false, x=42.0, y=38.0, text=Simply Do, input-type=0, ime-target=false, has-links=false}
|
+----&gt;ActionMenuView{id=-1, visibility=VISIBLE, width=105, height=147, has-focus=false, has-focusable=false, has-window-focus=true, is-clickable=false, is-enabled=true, is-focused=false, is-focusable=false, is-layout-requested=false, is-selected=false, layout-params=android.widget.Toolbar$LayoutParams&#64;c896c56, tag=null, root-is-layout-requested=false, has-input-connection=false, x=975.0, y=0.0, child-count=1}
|
+-----&gt;OverflowMenuButton{id=-1, desc=More options, visibility=VISIBLE, width=105, height=126, has-focus=false, has-focusable=false, has-window-focus=true, is-clickable=true, is-enabled=true, is-focused=false, is-focusable=true, is-layout-requested=false, is-selected=false, layout-params=android.widget.ActionMenuView$LayoutParams&#64;60984d7, tag=null, root-is-layout-requested=false, has-input-connection=false, x=0.0, y=10.0}
|
+---&gt;ActionBarContextView{id=16908673, res-name=action_context_bar, visibility=GONE, width=0, height=0, has-focus=false, has-focusable=false, has-window-focus=true, is-clickable=false, is-enabled=true, is-focused=false, is-focusable=false, is-layout-requested=true, is-selected=false, layout-params=android.widget.FrameLayout$LayoutParams&#64;dd141c4, tag=null, root-is-layout-requested=false, has-input-connection=false, x=0.0, y=0.0, child-count=0}
|
+-&gt;View{id=16908336, res-name=navigationBarBackground, visibility=VISIBLE, width=1080, height=126, has-focus=false, has-focusable=false, has-window-focus=true, is-clickable=false, is-enabled=true, is-focused=false, is-focusable=false, is-layout-requested=false, is-selected=false, layout-params=android.widget.FrameLayout$LayoutParams&#64;5bae8ad, tag=null, root-is-layout-requested=false, has-input-connection=false, x=0.0, y=1794.0}
|
+-&gt;View{id=16908335, res-name=statusBarBackground, visibility=VISIBLE, width=1080, height=63, has-focus=false, has-focusable=false, has-window-focus=true, is-clickable=false, is-enabled=true, is-focused=false, is-focusable=false, is-layout-requested=false, is-selected=false, layout-params=android.widget.FrameLayout$LayoutParams&#64;647f7e2, tag=null, root-is-layout-requested=false, has-input-connection=false, x=0.0, y=0.0}
|
at dalvik.system.VMStack.getThreadStackTrace(Native Method)
at java.lang.Thread.getStackTrace(Thread.java:1536)
at android.support.test.espresso.base.DefaultFailureHandler.getUserFriendlyError(DefaultFailureHandler.java:88)
at android.support.test.espresso.base.DefaultFailureHandler.handle(DefaultFailureHandler.java:51)
at android.support.test.espresso.ViewInteraction.waitForAndHandleInteractionResults(ViewInteraction.java:312)
at android.support.test.espresso.ViewInteraction.desugaredPerform(ViewInteraction.java:173)
at android.support.test.espresso.ViewInteraction.perform(ViewInteraction.java:114)
at kdk.android.simplydo.C6.MultipleListC6.multipleListC6(MultipleListC6.java:60)
at java.lang.reflect.Method.invoke(Native Method)
at org.junit.runners.model.FrameworkMethod$1.runReflectiveCall(FrameworkMethod.java:50)
at org.junit.internal.runners.model.ReflectiveCallable.run(ReflectiveCallable.java:12)
at org.junit.runners.model.FrameworkMethod.invokeExplosively(FrameworkMethod.java:47)
at org.junit.internal.runners.statements.InvokeMethod.evaluate(InvokeMethod.java:17)
at android.support.test.rule.ActivityTestRule$ActivityStatement.evaluate(ActivityTestRule.java:527)
at org.junit.rules.RunRules.evaluate(RunRules.java:20)
at org.junit.runners.ParentRunner.runLeaf(ParentRunner.java:325)
at org.junit.runners.BlockJUnit4ClassRunner.runChild(BlockJUnit4ClassRunner.java:78)
at org.junit.runners.BlockJUnit4ClassRunner.runChild(BlockJUnit4ClassRunner.java:57)
at org.junit.runners.ParentRunner$3.run(ParentRunner.java:290)
at org.junit.runners.ParentRunner$1.schedule(ParentRunner.java:71)
at org.junit.runners.ParentRunner.runChildren(ParentRunner.java:288)
at org.junit.runners.ParentRunner.access$000(ParentRunner.java:58)
at org.junit.runners.ParentRunner$2.evaluate(ParentRunner.java:268)
at org.junit.runners.ParentRunner.run(ParentRunner.java:363)
at android.support.test.runner.AndroidJUnit4.run(AndroidJUnit4.java:101)
at org.junit.runners.Suite.runChild(Suite.java:128)
at org.junit.runners.Suite.runChild(Suite.java:27)
at org.junit.runners.ParentRunner$3.run(ParentRunner.java:290)
at org.junit.runners.ParentRunner$1.schedule(ParentRunner.java:71)
at org.junit.runners.ParentRunner.runChildren(ParentRunner.java:288)
at org.junit.runners.ParentRunner.access$000(ParentRunner.java:58)
at org.junit.runners.ParentRunner$2.evaluate(ParentRunner.java:268)
at org.junit.runners.ParentRunner.run(ParentRunner.java:363)
at org.junit.runner.JUnitCore.run(JUnitCore.java:137)
at org.junit.runner.JUnitCore.run(JUnitCore.java:115)
at android.support.test.internal.runner.TestExecutor.execute(TestExecutor.java:56)
at android.support.test.runner.AndroidJUnitRunner.onStart(AndroidJUnitRunner.java:384)
at android.app.Instrumentation$InstrumentationThread.run(Instrumentation.java:2074)
</failure>
  </testcase>
  <testcase name="sortItemsC6" classname="kdk.android.simplydo.C6.SortItemsC6" time="1.173">
    <failure>android.support.test.espresso.AmbiguousViewMatcherException: '(with class name: is "android.widget.LinearLayout" and is displayed on the screen to the user)' matches multiple views in the hierarchy.
Problem views are marked with '****MATCHES****' below.

View Hierarchy:
+&gt;DecorView{id=-1, visibility=VISIBLE, width=1080, height=1920, has-focus=true, has-focusable=true, has-window-focus=true, is-clickable=false, is-enabled=true, is-focused=false, is-focusable=false, is-layout-requested=false, is-selected=false, layout-params=WM.LayoutParams{(0,0)(fillxfill) sim=#3 ty=1 fl=#81810100 pfl=0x20000 wanim=0x10302f6 needsMenuKey=2 colorMode=0}, tag=null, root-is-layout-requested=false, has-input-connection=false, x=0.0, y=0.0, child-count=3}
|
+-&gt;ActionBarOverlayLayout{id=16908822, res-name=decor_content_parent, visibility=VISIBLE, width=1080, height=1794, has-focus=true, has-focusable=true, has-window-focus=true, is-clickable=false, is-enabled=true, is-focused=false, is-focusable=false, is-layout-requested=false, is-selected=false, layout-params=android.widget.FrameLayout$LayoutParams&#64;d9bb758, tag=null, root-is-layout-requested=false, has-input-connection=false, x=0.0, y=0.0, child-count=2}
|
+--&gt;FrameLayout{id=16908290, res-name=content, visibility=VISIBLE, width=1080, height=1584, has-focus=true, has-focusable=true, has-window-focus=true, is-clickable=false, is-enabled=true, is-focused=false, is-focusable=false, is-layout-requested=false, is-selected=false, layout-params=com.android.internal.widget.ActionBarOverlayLayout$LayoutParams&#64;33a10b1, tag=null, root-is-layout-requested=false, has-input-connection=false, x=0.0, y=210.0, child-count=1}
|
+---&gt;LinearLayout{id=-1, visibility=VISIBLE, width=1080, height=1584, has-focus=true, has-focusable=true, has-window-focus=true, is-clickable=false, is-enabled=true, is-focused=false, is-focusable=false, is-layout-requested=false, is-selected=false, layout-params=android.widget.FrameLayout$LayoutParams&#64;6b96917, tag=null, root-is-layout-requested=false, has-input-connection=false, x=0.0, y=0.0, child-count=1} ****MATCHES****
|
+----&gt;ViewSwitcher{id=2130903049, res-name=ListsItemsSwitcher, visibility=VISIBLE, width=1080, height=256, has-focus=true, has-focusable=true, has-window-focus=true, is-clickable=false, is-enabled=true, is-focused=false, is-focusable=false, is-layout-requested=false, is-selected=false, layout-params=android.widget.LinearLayout$LayoutParams&#64;dae06ed, tag=null, root-is-layout-requested=false, has-input-connection=false, x=0.0, y=0.0, child-count=2}
|
+-----&gt;LinearLayout{id=2130903059, res-name=listsView, visibility=VISIBLE, width=1080, height=256, has-focus=true, has-focusable=true, has-window-focus=true, is-clickable=false, is-enabled=true, is-focused=false, is-focusable=false, is-layout-requested=false, is-selected=false, layout-params=android.widget.FrameLayout$LayoutParams&#64;1835922, tag=null, root-is-layout-requested=false, has-input-connection=false, x=0.0, y=0.0, child-count=2} ****MATCHES****
|
+------&gt;LinearLayout{id=2130903048, res-name=LinearLayout01, visibility=VISIBLE, width=1080, height=126, has-focus=true, has-focusable=true, has-window-focus=true, is-clickable=false, is-enabled=true, is-focused=false, is-focusable=false, is-layout-requested=false, is-selected=false, layout-params=android.widget.LinearLayout$LayoutParams&#64;c617fb3, tag=null, root-is-layout-requested=false, has-input-connection=false, x=0.0, y=0.0, child-count=2} ****MATCHES****
|
+-------&gt;EditText{id=2130903043, res-name=AddListEditText, desc=addlistedittext, visibility=VISIBLE, width=849, height=126, has-focus=true, has-focusable=true, has-window-focus=true, is-clickable=true, is-enabled=true, is-focused=true, is-focusable=true, is-layout-requested=false, is-selected=false, layout-params=android.widget.LinearLayout$LayoutParams&#64;f6a640f, tag=null, root-is-layout-requested=false, has-input-connection=true, editor-info=[inputType=0x31 imeOptions=0x8000006 privateImeOptions=null actionLabel=null actionId=0 initialSelStart=0 initialSelEnd=0 initialCapsMode=0x0 hintText=New List Name label=null packageName=null fieldId=0 fieldName=null extras=null hintLocales=null contentMimeTypes=null ], x=0.0, y=0.0, text=, hint=New List Name, input-type=49, ime-target=true, has-links=false}
|
+-------&gt;Button{id=2130903042, res-name=AddListButton, desc=Add, visibility=VISIBLE, width=231, height=126, has-focus=false, has-focusable=true, has-window-focus=true, is-clickable=true, is-enabled=true, is-focused=false, is-focusable=true, is-layout-requested=false, is-selected=false, layout-params=android.widget.LinearLayout$LayoutParams&#64;d635c9c, tag=null, root-is-layout-requested=false, has-input-connection=false, x=849.0, y=0.0, text=Add, input-type=0, ime-target=false, has-links=false}
|
+------&gt;ListView{id=2130903050, res-name=ListsListView, visibility=VISIBLE, width=1080, height=130, has-focus=false, has-focusable=true, has-window-focus=true, is-clickable=true, is-enabled=true, is-focused=false, is-focusable=true, is-layout-requested=false, is-selected=false, layout-params=android.widget.LinearLayout$LayoutParams&#64;62e26a5, tag=null, root-is-layout-requested=false, has-input-connection=false, x=0.0, y=126.0, child-count=1}
|
+-------&gt;LinearLayout{id=-1, visibility=VISIBLE, width=1080, height=130, has-focus=false, has-focusable=false, has-window-focus=true, is-clickable=false, is-enabled=true, is-focused=false, is-focusable=false, is-layout-requested=false, is-selected=false, layout-params=android.widget.AbsListView$LayoutParams&#64;a0aea7a, tag=null, root-is-layout-requested=false, has-input-connection=false, x=0.0, y=0.0, child-count=2} ****MATCHES****
|
+--------&gt;TextView{id=2130903060, res-name=text1, desc=Name, visibility=VISIBLE, width=945, height=78, has-focus=false, has-focusable=false, has-window-focus=true, is-clickable=false, is-enabled=true, is-focused=false, is-focusable=false, is-layout-requested=false, is-selected=false, layout-params=android.widget.LinearLayout$LayoutParams&#64;e73322b, tag=null, root-is-layout-requested=false, has-input-connection=false, x=26.0, y=26.0, text=List, input-type=0, ime-target=false, has-links=false}
|
+--------&gt;TextView{id=2130903061, res-name=text2, desc=text2, visibility=VISIBLE, width=109, height=64, has-focus=false, has-focusable=false, has-window-focus=true, is-clickable=false, is-enabled=true, is-focused=false, is-focusable=false, is-layout-requested=false, is-selected=false, layout-params=android.widget.LinearLayout$LayoutParams&#64;897a688, tag=null, root-is-layout-requested=false, has-input-connection=false, x=971.0, y=35.0, text=(0/0), input-type=0, ime-target=false, has-links=false}
|
+-----&gt;LinearLayout{id=2130903057, res-name=itemsView, visibility=GONE, width=0, height=0, has-focus=false, has-focusable=false, has-window-focus=true, is-clickable=false, is-enabled=true, is-focused=false, is-focusable=false, is-layout-requested=true, is-selected=false, layout-params=android.widget.FrameLayout$LayoutParams&#64;8f0c607, tag=null, root-is-layout-requested=false, has-input-connection=false, x=0.0, y=0.0, child-count=2}
|
+------&gt;LinearLayout{id=2130903048, res-name=LinearLayout01, visibility=VISIBLE, width=0, height=0, has-focus=false, has-focusable=true, has-window-focus=true, is-clickable=false, is-enabled=true, is-focused=false, is-focusable=false, is-layout-requested=true, is-selected=false, layout-params=android.widget.LinearLayout$LayoutParams&#64;c184ed2, tag=null, root-is-layout-requested=false, has-input-connection=false, x=0.0, y=0.0, child-count=2}
|
+-------&gt;EditText{id=2130903041, res-name=AddItemEditText, desc=addItemEditText, visibility=VISIBLE, width=0, height=0, has-focus=false, has-focusable=true, has-window-focus=true, is-clickable=true, is-enabled=true, is-focused=false, is-focusable=true, is-layout-requested=true, is-selected=false, layout-params=android.widget.LinearLayout$LayoutParams&#64;6c9bba3, tag=null, root-is-layout-requested=false, has-input-connection=true, editor-info=[inputType=0x31 imeOptions=0x8000006 privateImeOptions=null actionLabel=null actionId=0 initialSelStart=0 initialSelEnd=0 initialCapsMode=0x0 hintText=New Item Name label=null packageName=null fieldId=0 fieldName=null extras=null hintLocales=null contentMimeTypes=null ], x=0.0, y=0.0, text=, hint=New Item Name, input-type=49, ime-target=false, has-links=false}
|
+-------&gt;Button{id=2130903040, res-name=AddItemButton, desc=Add, visibility=VISIBLE, width=0, height=0, has-focus=false, has-focusable=true, has-window-focus=true, is-clickable=true, is-enabled=true, is-focused=false, is-focusable=true, is-layout-requested=true, is-selected=false, layout-params=android.widget.LinearLayout$LayoutParams&#64;e22bea0, tag=null, root-is-layout-requested=false, has-input-connection=false, x=0.0, y=0.0, text=Add, input-type=0, ime-target=false, has-links=false}
|
+------&gt;ListView{id=2130903047, res-name=ItemsListView, visibility=VISIBLE, width=0, height=0, has-focus=false, has-focusable=false, has-window-focus=true, is-clickable=true, is-enabled=true, is-focused=false, is-focusable=false, is-layout-requested=true, is-selected=false, layout-params=android.widget.LinearLayout$LayoutParams&#64;aa01a59, tag=null, root-is-layout-requested=false, has-input-connection=false, x=0.0, y=0.0, child-count=0}
|
+--&gt;ActionBarContainer{id=16908669, res-name=action_bar_container, visibility=VISIBLE, width=1080, height=147, has-focus=false, has-focusable=false, has-window-focus=true, is-clickable=false, is-enabled=true, is-focused=false, is-focusable=false, is-layout-requested=false, is-selected=false, layout-params=com.android.internal.widget.ActionBarOverlayLayout$LayoutParams&#64;b0524cc, tag=null, root-is-layout-requested=false, has-input-connection=false, x=0.0, y=63.0, child-count=2}
|
+---&gt;Toolbar{id=16908668, res-name=action_bar, visibility=VISIBLE, width=1080, height=147, has-focus=false, has-focusable=false, has-window-focus=true, is-clickable=false, is-enabled=true, is-focused=false, is-focusable=false, is-layout-requested=false, is-selected=false, layout-params=android.widget.FrameLayout$LayoutParams&#64;42f0315, tag=null, root-is-layout-requested=false, has-input-connection=false, x=0.0, y=0.0, child-count=2}
|
+----&gt;TextView{id=-1, visibility=VISIBLE, width=240, height=71, has-focus=false, has-focusable=false, has-window-focus=true, is-clickable=false, is-enabled=true, is-focused=false, is-focusable=false, is-layout-requested=false, is-selected=false, layout-params=android.widget.Toolbar$LayoutParams&#64;232e62a, tag=null, root-is-layout-requested=false, has-input-connection=false, x=42.0, y=38.0, text=Simply Do, input-type=0, ime-target=false, has-links=false}
|
+----&gt;ActionMenuView{id=-1, visibility=VISIBLE, width=105, height=147, has-focus=false, has-focusable=false, has-window-focus=true, is-clickable=false, is-enabled=true, is-focused=false, is-focusable=false, is-layout-requested=false, is-selected=false, layout-params=android.widget.Toolbar$LayoutParams&#64;3c5c1b8, tag=null, root-is-layout-requested=false, has-input-connection=false, x=975.0, y=0.0, child-count=1}
|
+-----&gt;OverflowMenuButton{id=-1, desc=More options, visibility=VISIBLE, width=105, height=126, has-focus=false, has-focusable=false, has-window-focus=true, is-clickable=true, is-enabled=true, is-focused=false, is-focusable=true, is-layout-requested=false, is-selected=false, layout-params=android.widget.ActionMenuView$LayoutParams&#64;889bb91, tag=null, root-is-layout-requested=false, has-input-connection=false, x=0.0, y=10.0}
|
+---&gt;ActionBarContextView{id=16908673, res-name=action_context_bar, visibility=GONE, width=0, height=0, has-focus=false, has-focusable=false, has-window-focus=true, is-clickable=false, is-enabled=true, is-focused=false, is-focusable=false, is-layout-requested=true, is-selected=false, layout-params=android.widget.FrameLayout$LayoutParams&#64;cf13af6, tag=null, root-is-layout-requested=false, has-input-connection=false, x=0.0, y=0.0, child-count=0}
|
+-&gt;View{id=16908336, res-name=navigationBarBackground, visibility=VISIBLE, width=1080, height=126, has-focus=false, has-focusable=false, has-window-focus=true, is-clickable=false, is-enabled=true, is-focused=false, is-focusable=false, is-layout-requested=false, is-selected=false, layout-params=android.widget.FrameLayout$LayoutParams&#64;2f13ef7, tag=null, root-is-layout-requested=false, has-input-connection=false, x=0.0, y=1794.0}
|
+-&gt;View{id=16908335, res-name=statusBarBackground, visibility=VISIBLE, width=1080, height=63, has-focus=false, has-focusable=false, has-window-focus=true, is-clickable=false, is-enabled=true, is-focused=false, is-focusable=false, is-layout-requested=false, is-selected=false, layout-params=android.widget.FrameLayout$LayoutParams&#64;bf14164, tag=null, root-is-layout-requested=false, has-input-connection=false, x=0.0, y=0.0}
|
at dalvik.system.VMStack.getThreadStackTrace(Native Method)
at java.lang.Thread.getStackTrace(Thread.java:1536)
at android.support.test.espresso.base.DefaultFailureHandler.getUserFriendlyError(DefaultFailureHandler.java:88)
at android.support.test.espresso.base.DefaultFailureHandler.handle(DefaultFailureHandler.java:51)
at android.support.test.espresso.ViewInteraction.waitForAndHandleInteractionResults(ViewInteraction.java:312)
at android.support.test.espresso.ViewInteraction.desugaredPerform(ViewInteraction.java:173)
at android.support.test.espresso.ViewInteraction.perform(ViewInteraction.java:114)
at kdk.android.simplydo.C6.SortItemsC6.sortItemsC6(SortItemsC6.java:50)
at java.lang.reflect.Method.invoke(Native Method)
at org.junit.runners.model.FrameworkMethod$1.runReflectiveCall(FrameworkMethod.java:50)
at org.junit.internal.runners.model.ReflectiveCallable.run(ReflectiveCallable.java:12)
at org.junit.runners.model.FrameworkMethod.invokeExplosively(FrameworkMethod.java:47)
at org.junit.internal.runners.statements.InvokeMethod.evaluate(InvokeMethod.java:17)
at android.support.test.rule.ActivityTestRule$ActivityStatement.evaluate(ActivityTestRule.java:527)
at org.junit.rules.RunRules.evaluate(RunRules.java:20)
at org.junit.runners.ParentRunner.runLeaf(ParentRunner.java:325)
at org.junit.runners.BlockJUnit4ClassRunner.runChild(BlockJUnit4ClassRunner.java:78)
at org.junit.runners.BlockJUnit4ClassRunner.runChild(BlockJUnit4ClassRunner.java:57)
at org.junit.runners.ParentRunner$3.run(ParentRunner.java:290)
at org.junit.runners.ParentRunner$1.schedule(ParentRunner.java:71)
at org.junit.runners.ParentRunner.runChildren(ParentRunner.java:288)
at org.junit.runners.ParentRunner.access$000(ParentRunner.java:58)
at org.junit.runners.ParentRunner$2.evaluate(ParentRunner.java:268)
at org.junit.runners.ParentRunner.run(ParentRunner.java:363)
at android.support.test.runner.AndroidJUnit4.run(AndroidJUnit4.java:101)
at org.junit.runners.Suite.runChild(Suite.java:128)
at org.junit.runners.Suite.runChild(Suite.java:27)
at org.junit.runners.ParentRunner$3.run(ParentRunner.java:290)
at org.junit.runners.ParentRunner$1.schedule(ParentRunner.java:71)
at org.junit.runners.ParentRunner.runChildren(ParentRunner.java:288)
at org.junit.runners.ParentRunner.access$000(ParentRunner.java:58)
at org.junit.runners.ParentRunner$2.evaluate(ParentRunner.java:268)
at org.junit.runners.ParentRunner.run(ParentRunner.java:363)
at org.junit.runner.JUnitCore.run(JUnitCore.java:137)
at org.junit.runner.JUnitCore.run(JUnitCore.java:115)
at android.support.test.internal.runner.TestExecutor.execute(TestExecutor.java:56)
at android.support.test.runner.AndroidJUnitRunner.onStart(AndroidJUnitRunner.java:384)
at android.app.Instrumentation$InstrumentationThread.run(Instrumentation.java:2074)
</failure>
  </testcase>
</testsuite>