<?xml version='1.0' encoding='UTF-8' ?>
<testsuite name="kdk.android.simplydo.C1.AddAssertC1" tests="60" failures="24" errors="0" skipped="0" time="227.303" timestamp="2019-07-25T14:31:29" hostname="localhost">
  <properties>
    <property name="device" value="Pixel_API_26(AVD) - 8.0.0" />
    <property name="flavor" value="" />
    <property name="project" value="app" />
  </properties>
  <testcase name="addAssertC1" classname="kdk.android.simplydo.C1.AddAssertC1" time="0.992" />
  <testcase name="addItemC1" classname="kdk.android.simplydo.C1.AddItemC1" time="1.968" />
  <testcase name="changeSettingsC1" classname="kdk.android.simplydo.C1.ChangeSettingsC1" time="5.236" />
  <testcase name="checkItemC1" classname="kdk.android.simplydo.C1.CheckItemC1" time="2.323" />
  <testcase name="createListsC1" classname="kdk.android.simplydo.C1.CreateListsC1" time="1.274" />
  <testcase name="decoratorC1" classname="kdk.android.simplydo.C1.DecoratorC1" time="4.673" />
  <testcase name="deleteInactiveC1" classname="kdk.android.simplydo.C1.DeleteInactiveC1" time="3.261">
    <failure>android.support.test.espresso.NoMatchingViewException: No views in hierarchy found matching: (with id: kdk.android.simplydo:id/ListsListView and Child at position 1 in parent with id: 2130903059)
If the target view is not part of the view hierarchy, you may need to use Espresso.onData to load it from one of the following AdapterViews:android.widget.MenuPopupWindow$MenuDropDownListView{373e613 VFED.VC.. .F...... 0,0-515,126}

View Hierarchy:
+&gt;PopupDecorView{id=-1, visibility=VISIBLE, width=515, height=126, has-focus=true, has-focusable=true, has-window-focus=true, is-clickable=false, is-enabled=true, is-focused=false, is-focusable=false, is-layout-requested=false, is-selected=false, layout-params=WM.LayoutParams{(555,73)(515x126) gr=#10800033 sim=#1 ty=1002 fl=#41860200 pfl=0x18000 fmt=-3 surfaceInsets=Rect(84, 84 - 84, 84) (manual) colorMode=0}, tag=null, root-is-layout-requested=false, has-input-connection=false, x=0.0, y=0.0, child-count=1}
|
+-&gt;PopupBackgroundView{id=-1, visibility=VISIBLE, width=515, height=126, has-focus=true, has-focusable=true, has-window-focus=true, is-clickable=false, is-enabled=true, is-focused=false, is-focusable=false, is-layout-requested=false, is-selected=false, layout-params=android.widget.FrameLayout$LayoutParams&#64;e24f050, tag=null, root-is-layout-requested=false, has-input-connection=false, x=0.0, y=0.0, child-count=1}
|
+--&gt;MenuDropDownListView{id=-1, visibility=VISIBLE, width=515, height=126, has-focus=true, has-focusable=true, has-window-focus=true, is-clickable=true, is-enabled=true, is-focused=true, is-focusable=true, is-layout-requested=false, is-selected=false, layout-params=android.widget.FrameLayout$LayoutParams&#64;c32c74e, tag=null, root-is-layout-requested=false, has-input-connection=false, x=0.0, y=0.0, child-count=1}
|
+---&gt;ListMenuItemView{id=-1, visibility=VISIBLE, width=515, height=126, has-focus=false, has-focusable=false, has-window-focus=true, is-clickable=false, is-enabled=true, is-focused=false, is-focusable=false, is-layout-requested=false, is-selected=false, layout-params=android.widget.AbsListView$LayoutParams&#64;25e5a05, tag=null, root-is-layout-requested=false, has-input-connection=false, x=0.0, y=0.0, child-count=2}
|
+----&gt;RelativeLayout{id=-1, visibility=VISIBLE, width=431, height=57, has-focus=false, has-focusable=false, has-window-focus=true, is-clickable=false, is-enabled=true, is-focused=false, is-focusable=false, is-layout-requested=false, is-selected=false, layout-params=android.widget.LinearLayout$LayoutParams&#64;2467968, tag=null, root-is-layout-requested=false, has-input-connection=false, x=42.0, y=34.0, child-count=2}
|
+-----&gt;TextView{id=16908310, res-name=title, visibility=VISIBLE, width=431, height=57, has-focus=false, has-focusable=false, has-window-focus=true, is-clickable=false, is-enabled=true, is-focused=false, is-focusable=false, is-layout-requested=false, is-selected=false, layout-params=android.widget.RelativeLayout$LayoutParams&#64;f6f9181, tag=null, root-is-layout-requested=false, has-input-connection=false, x=0.0, y=0.0, text=Settings, input-type=0, ime-target=false, has-links=false}
|
+-----&gt;TextView{id=16909259, res-name=shortcut, visibility=GONE, width=0, height=0, has-focus=false, has-focusable=false, has-window-focus=true, is-clickable=false, is-enabled=true, is-focused=false, is-focusable=false, is-layout-requested=true, is-selected=false, layout-params=android.widget.RelativeLayout$LayoutParams&#64;b9c7226, tag=null, root-is-layout-requested=false, has-input-connection=false, x=0.0, y=0.0, text=, input-type=0, ime-target=false, has-links=false}
|
+----&gt;ImageView{id=16909319, res-name=submenuarrow, visibility=GONE, width=0, height=0, has-focus=false, has-focusable=false, has-window-focus=true, is-clickable=false, is-enabled=true, is-focused=false, is-focusable=false, is-layout-requested=true, is-selected=false, layout-params=android.widget.LinearLayout$LayoutParams&#64;bc85e67, tag=null, root-is-layout-requested=false, has-input-connection=false, x=0.0, y=0.0}
|
at dalvik.system.VMStack.getThreadStackTrace(Native Method)
at java.lang.Thread.getStackTrace(Thread.java:1536)
at android.support.test.espresso.base.DefaultFailureHandler.getUserFriendlyError(DefaultFailureHandler.java:88)
at android.support.test.espresso.base.DefaultFailureHandler.handle(DefaultFailureHandler.java:51)
at android.support.test.espresso.ViewInteraction.waitForAndHandleInteractionResults(ViewInteraction.java:312)
at android.support.test.espresso.ViewInteraction.desugaredPerform(ViewInteraction.java:173)
at android.support.test.espresso.ViewInteraction.perform(ViewInteraction.java:114)
at android.support.test.espresso.DataInteraction$DisplayDataMatcher$1.apply(DataInteraction.java:213)
at android.support.test.espresso.DataInteraction$DisplayDataMatcher$1.apply(DataInteraction.java:210)
at android.support.test.espresso.DataInteraction$DisplayDataMatcher.&lt;init&gt;(DataInteraction.java:230)
at android.support.test.espresso.DataInteraction$DisplayDataMatcher.&lt;init&gt;(DataInteraction.java:205)
at android.support.test.espresso.DataInteraction$DisplayDataMatcher.displayDataMatcher(DataInteraction.java:248)
at android.support.test.espresso.DataInteraction.makeTargetMatcher(DataInteraction.java:150)
at android.support.test.espresso.DataInteraction.perform(DataInteraction.java:135)
at kdk.android.simplydo.C1.DeleteInactiveC1.deleteInactiveC1(DeleteInactiveC1.java:121)
at java.lang.reflect.Method.invoke(Native Method)
at org.junit.runners.model.FrameworkMethod$1.runReflectiveCall(FrameworkMethod.java:50)
at org.junit.internal.runners.model.ReflectiveCallable.run(ReflectiveCallable.java:12)
at org.junit.runners.model.FrameworkMethod.invokeExplosively(FrameworkMethod.java:47)
at org.junit.internal.runners.statements.InvokeMethod.evaluate(InvokeMethod.java:17)
at android.support.test.rule.ActivityTestRule$ActivityStatement.evaluate(ActivityTestRule.java:527)
at org.junit.rules.RunRules.evaluate(RunRules.java:20)
at org.junit.runners.ParentRunner.runLeaf(ParentRunner.java:325)
at org.junit.runners.BlockJUnit4ClassRunner.runChild(BlockJUnit4ClassRunner.java:78)
at org.junit.runners.BlockJUnit4ClassRunner.runChild(BlockJUnit4ClassRunner.java:57)
at org.junit.runners.ParentRunner$3.run(ParentRunner.java:290)
at org.junit.runners.ParentRunner$1.schedule(ParentRunner.java:71)
at org.junit.runners.ParentRunner.runChildren(ParentRunner.java:288)
at org.junit.runners.ParentRunner.access$000(ParentRunner.java:58)
at org.junit.runners.ParentRunner$2.evaluate(ParentRunner.java:268)
at org.junit.runners.ParentRunner.run(ParentRunner.java:363)
at android.support.test.runner.AndroidJUnit4.run(AndroidJUnit4.java:101)
at org.junit.runners.Suite.runChild(Suite.java:128)
at org.junit.runners.Suite.runChild(Suite.java:27)
at org.junit.runners.ParentRunner$3.run(ParentRunner.java:290)
at org.junit.runners.ParentRunner$1.schedule(ParentRunner.java:71)
at org.junit.runners.ParentRunner.runChildren(ParentRunner.java:288)
at org.junit.runners.ParentRunner.access$000(ParentRunner.java:58)
at org.junit.runners.ParentRunner$2.evaluate(ParentRunner.java:268)
at org.junit.runners.ParentRunner.run(ParentRunner.java:363)
at org.junit.runner.JUnitCore.run(JUnitCore.java:137)
at org.junit.runner.JUnitCore.run(JUnitCore.java:115)
at android.support.test.internal.runner.TestExecutor.execute(TestExecutor.java:56)
at android.support.test.runner.AndroidJUnitRunner.onStart(AndroidJUnitRunner.java:384)
at android.app.Instrumentation$InstrumentationThread.run(Instrumentation.java:2074)
</failure>
  </testcase>
  <testcase name="itemAssertC1" classname="kdk.android.simplydo.C1.ItemAssertC1" time="1.986" />
  <testcase name="multipleListC1" classname="kdk.android.simplydo.C1.MultipleListC1" time="3.834" />
  <testcase name="sortItemsC1" classname="kdk.android.simplydo.C1.SortItemsC1" time="4.518" />
  <testcase name="addAssertC2" classname="kdk.android.simplydo.C2.AddAssertC2" time="1.041">
    <failure>android.support.test.espresso.AmbiguousViewMatcherException: '(an instance of android.widget.LinearLayout and is displayed on the screen to the user)' matches multiple views in the hierarchy.
Problem views are marked with '****MATCHES****' below.

View Hierarchy:
+&gt;DecorView{id=-1, visibility=VISIBLE, width=1080, height=1920, has-focus=true, has-focusable=true, has-window-focus=true, is-clickable=false, is-enabled=true, is-focused=false, is-focusable=false, is-layout-requested=false, is-selected=false, layout-params=WM.LayoutParams{(0,0)(fillxfill) sim=#3 ty=1 fl=#81810100 pfl=0x20000 wanim=0x10302f6 needsMenuKey=2 colorMode=0}, tag=null, root-is-layout-requested=false, has-input-connection=false, x=0.0, y=0.0, child-count=3}
|
+-&gt;ActionBarOverlayLayout{id=16908822, res-name=decor_content_parent, visibility=VISIBLE, width=1080, height=1794, has-focus=true, has-focusable=true, has-window-focus=true, is-clickable=false, is-enabled=true, is-focused=false, is-focusable=false, is-layout-requested=false, is-selected=false, layout-params=android.widget.FrameLayout$LayoutParams&#64;811e42, tag=null, root-is-layout-requested=false, has-input-connection=false, x=0.0, y=0.0, child-count=2}
|
+--&gt;FrameLayout{id=16908290, res-name=content, visibility=VISIBLE, width=1080, height=1584, has-focus=true, has-focusable=true, has-window-focus=true, is-clickable=false, is-enabled=true, is-focused=false, is-focusable=false, is-layout-requested=false, is-selected=false, layout-params=com.android.internal.widget.ActionBarOverlayLayout$LayoutParams&#64;73e2e53, tag=null, root-is-layout-requested=false, has-input-connection=false, x=0.0, y=210.0, child-count=1}
|
+---&gt;LinearLayout{id=-1, visibility=VISIBLE, width=1080, height=1584, has-focus=true, has-focusable=true, has-window-focus=true, is-clickable=false, is-enabled=true, is-focused=false, is-focusable=false, is-layout-requested=false, is-selected=false, layout-params=android.widget.FrameLayout$LayoutParams&#64;ac10489, tag=null, root-is-layout-requested=false, has-input-connection=false, x=0.0, y=0.0, child-count=1} ****MATCHES****
|
+----&gt;ViewSwitcher{id=2130903049, res-name=ListsItemsSwitcher, visibility=VISIBLE, width=1080, height=256, has-focus=true, has-focusable=true, has-window-focus=true, is-clickable=false, is-enabled=true, is-focused=false, is-focusable=false, is-layout-requested=false, is-selected=false, layout-params=android.widget.LinearLayout$LayoutParams&#64;a735caf, tag=null, root-is-layout-requested=false, has-input-connection=false, x=0.0, y=0.0, child-count=2}
|
+-----&gt;LinearLayout{id=2130903059, res-name=listsView, visibility=VISIBLE, width=1080, height=256, has-focus=true, has-focusable=true, has-window-focus=true, is-clickable=false, is-enabled=true, is-focused=false, is-focusable=false, is-layout-requested=false, is-selected=false, layout-params=android.widget.FrameLayout$LayoutParams&#64;7b5f8bc, tag=null, root-is-layout-requested=false, has-input-connection=false, x=0.0, y=0.0, child-count=2} ****MATCHES****
|
+------&gt;LinearLayout{id=2130903048, res-name=LinearLayout01, visibility=VISIBLE, width=1080, height=126, has-focus=true, has-focusable=true, has-window-focus=true, is-clickable=false, is-enabled=true, is-focused=false, is-focusable=false, is-layout-requested=false, is-selected=false, layout-params=android.widget.LinearLayout$LayoutParams&#64;7ac6045, tag=null, root-is-layout-requested=false, has-input-connection=false, x=0.0, y=0.0, child-count=2} ****MATCHES****
|
+-------&gt;EditText{id=2130903043, res-name=AddListEditText, desc=addlistedittext, visibility=VISIBLE, width=849, height=126, has-focus=true, has-focusable=true, has-window-focus=true, is-clickable=true, is-enabled=true, is-focused=true, is-focusable=true, is-layout-requested=false, is-selected=false, layout-params=android.widget.LinearLayout$LayoutParams&#64;437bbc1, tag=null, root-is-layout-requested=false, has-input-connection=true, editor-info=[inputType=0x31 imeOptions=0x8000006 privateImeOptions=null actionLabel=null actionId=0 initialSelStart=0 initialSelEnd=0 initialCapsMode=0x0 hintText=New List Name label=null packageName=null fieldId=0 fieldName=null extras=null hintLocales=null contentMimeTypes=null ], x=0.0, y=0.0, text=, hint=New List Name, input-type=49, ime-target=true, has-links=false}
|
+-------&gt;Button{id=2130903042, res-name=AddListButton, desc=Add, visibility=VISIBLE, width=231, height=126, has-focus=false, has-focusable=true, has-window-focus=true, is-clickable=true, is-enabled=true, is-focused=false, is-focusable=true, is-layout-requested=false, is-selected=false, layout-params=android.widget.LinearLayout$LayoutParams&#64;f35ef66, tag=null, root-is-layout-requested=false, has-input-connection=false, x=849.0, y=0.0, text=Add, input-type=0, ime-target=false, has-links=false}
|
+------&gt;ListView{id=2130903050, res-name=ListsListView, visibility=VISIBLE, width=1080, height=130, has-focus=false, has-focusable=true, has-window-focus=true, is-clickable=true, is-enabled=true, is-focused=false, is-focusable=true, is-layout-requested=false, is-selected=false, layout-params=android.widget.LinearLayout$LayoutParams&#64;7cc32a7, tag=null, root-is-layout-requested=false, has-input-connection=false, x=0.0, y=126.0, child-count=1}
|
+-------&gt;LinearLayout{id=-1, visibility=VISIBLE, width=1080, height=130, has-focus=false, has-focusable=false, has-window-focus=true, is-clickable=false, is-enabled=true, is-focused=false, is-focusable=false, is-layout-requested=false, is-selected=false, layout-params=android.widget.AbsListView$LayoutParams&#64;d8aa354, tag=null, root-is-layout-requested=false, has-input-connection=false, x=0.0, y=0.0, child-count=2} ****MATCHES****
|
+--------&gt;TextView{id=2130903060, res-name=text1, desc=Name, visibility=VISIBLE, width=945, height=78, has-focus=false, has-focusable=false, has-window-focus=true, is-clickable=false, is-enabled=true, is-focused=false, is-focusable=false, is-layout-requested=false, is-selected=false, layout-params=android.widget.LinearLayout$LayoutParams&#64;8c352fd, tag=null, root-is-layout-requested=false, has-input-connection=false, x=26.0, y=26.0, text=new, input-type=0, ime-target=false, has-links=false}
|
+--------&gt;TextView{id=2130903061, res-name=text2, desc=text2, visibility=VISIBLE, width=109, height=64, has-focus=false, has-focusable=false, has-window-focus=true, is-clickable=false, is-enabled=true, is-focused=false, is-focusable=false, is-layout-requested=false, is-selected=false, layout-params=android.widget.LinearLayout$LayoutParams&#64;b219bf2, tag=null, root-is-layout-requested=false, has-input-connection=false, x=971.0, y=35.0, text=(0/0), input-type=0, ime-target=false, has-links=false}
|
+-----&gt;LinearLayout{id=2130903057, res-name=itemsView, visibility=GONE, width=0, height=0, has-focus=false, has-focusable=false, has-window-focus=true, is-clickable=false, is-enabled=true, is-focused=false, is-focusable=false, is-layout-requested=true, is-selected=false, layout-params=android.widget.FrameLayout$LayoutParams&#64;97721f9, tag=null, root-is-layout-requested=false, has-input-connection=false, x=0.0, y=0.0, child-count=2}
|
+------&gt;LinearLayout{id=2130903048, res-name=LinearLayout01, visibility=VISIBLE, width=0, height=0, has-focus=false, has-focusable=true, has-window-focus=true, is-clickable=false, is-enabled=true, is-focused=false, is-focusable=false, is-layout-requested=true, is-selected=false, layout-params=android.widget.LinearLayout$LayoutParams&#64;bc708ec, tag=null, root-is-layout-requested=false, has-input-connection=false, x=0.0, y=0.0, child-count=2}
|
+-------&gt;EditText{id=2130903041, res-name=AddItemEditText, desc=addItemEditText, visibility=VISIBLE, width=0, height=0, has-focus=false, has-focusable=true, has-window-focus=true, is-clickable=true, is-enabled=true, is-focused=false, is-focusable=true, is-layout-requested=true, is-selected=false, layout-params=android.widget.LinearLayout$LayoutParams&#64;afee4b5, tag=null, root-is-layout-requested=false, has-input-connection=true, editor-info=[inputType=0x31 imeOptions=0x8000006 privateImeOptions=null actionLabel=null actionId=0 initialSelStart=0 initialSelEnd=0 initialCapsMode=0x0 hintText=New Item Name label=null packageName=null fieldId=0 fieldName=null extras=null hintLocales=null contentMimeTypes=null ], x=0.0, y=0.0, text=, hint=New Item Name, input-type=49, ime-target=false, has-links=false}
|
+-------&gt;Button{id=2130903040, res-name=AddItemButton, desc=Add, visibility=VISIBLE, width=0, height=0, has-focus=false, has-focusable=true, has-window-focus=true, is-clickable=true, is-enabled=true, is-focused=false, is-focusable=true, is-layout-requested=true, is-selected=false, layout-params=android.widget.LinearLayout$LayoutParams&#64;134b74a, tag=null, root-is-layout-requested=false, has-input-connection=false, x=0.0, y=0.0, text=Add, input-type=0, ime-target=false, has-links=false}
|
+------&gt;ListView{id=2130903047, res-name=ItemsListView, visibility=VISIBLE, width=0, height=0, has-focus=false, has-focusable=false, has-window-focus=true, is-clickable=true, is-enabled=true, is-focused=false, is-focusable=false, is-layout-requested=true, is-selected=false, layout-params=android.widget.LinearLayout$LayoutParams&#64;86c6bb, tag=null, root-is-layout-requested=false, has-input-connection=false, x=0.0, y=0.0, child-count=0}
|
+--&gt;ActionBarContainer{id=16908669, res-name=action_bar_container, visibility=VISIBLE, width=1080, height=147, has-focus=false, has-focusable=false, has-window-focus=true, is-clickable=false, is-enabled=true, is-focused=false, is-focusable=false, is-layout-requested=false, is-selected=false, layout-params=com.android.internal.widget.ActionBarOverlayLayout$LayoutParams&#64;98efe16, tag=null, root-is-layout-requested=false, has-input-connection=false, x=0.0, y=63.0, child-count=2}
|
+---&gt;Toolbar{id=16908668, res-name=action_bar, visibility=VISIBLE, width=1080, height=147, has-focus=false, has-focusable=false, has-window-focus=true, is-clickable=false, is-enabled=true, is-focused=false, is-focusable=false, is-layout-requested=false, is-selected=false, layout-params=android.widget.FrameLayout$LayoutParams&#64;e511397, tag=null, root-is-layout-requested=false, has-input-connection=false, x=0.0, y=0.0, child-count=2}
|
+----&gt;TextView{id=-1, visibility=VISIBLE, width=240, height=71, has-focus=false, has-focusable=false, has-window-focus=true, is-clickable=false, is-enabled=true, is-focused=false, is-focusable=false, is-layout-requested=false, is-selected=false, layout-params=android.widget.Toolbar$LayoutParams&#64;a478984, tag=null, root-is-layout-requested=false, has-input-connection=false, x=42.0, y=38.0, text=Simply Do, input-type=0, ime-target=false, has-links=false}
|
+----&gt;ActionMenuView{id=-1, visibility=VISIBLE, width=105, height=147, has-focus=false, has-focusable=false, has-window-focus=true, is-clickable=false, is-enabled=true, is-focused=false, is-focusable=false, is-layout-requested=false, is-selected=false, layout-params=android.widget.Toolbar$LayoutParams&#64;174e5a2, tag=null, root-is-layout-requested=false, has-input-connection=false, x=975.0, y=0.0, child-count=1} ****MATCHES****
|
+-----&gt;OverflowMenuButton{id=-1, desc=More options, visibility=VISIBLE, width=105, height=126, has-focus=false, has-focusable=false, has-window-focus=true, is-clickable=true, is-enabled=true, is-focused=false, is-focusable=true, is-layout-requested=false, is-selected=false, layout-params=android.widget.ActionMenuView$LayoutParams&#64;a095233, tag=null, root-is-layout-requested=false, has-input-connection=false, x=0.0, y=10.0}
|
+---&gt;ActionBarContextView{id=16908673, res-name=action_context_bar, visibility=GONE, width=0, height=0, has-focus=false, has-focusable=false, has-window-focus=true, is-clickable=false, is-enabled=true, is-focused=false, is-focusable=false, is-layout-requested=true, is-selected=false, layout-params=android.widget.FrameLayout$LayoutParams&#64;375b9f0, tag=null, root-is-layout-requested=false, has-input-connection=false, x=0.0, y=0.0, child-count=0}
|
+-&gt;View{id=16908336, res-name=navigationBarBackground, visibility=VISIBLE, width=1080, height=126, has-focus=false, has-focusable=false, has-window-focus=true, is-clickable=false, is-enabled=true, is-focused=false, is-focusable=false, is-layout-requested=false, is-selected=false, layout-params=android.widget.FrameLayout$LayoutParams&#64;7677b69, tag=null, root-is-layout-requested=false, has-input-connection=false, x=0.0, y=1794.0}
|
+-&gt;View{id=16908335, res-name=statusBarBackground, visibility=VISIBLE, width=1080, height=63, has-focus=false, has-focusable=false, has-window-focus=true, is-clickable=false, is-enabled=true, is-focused=false, is-focusable=false, is-layout-requested=false, is-selected=false, layout-params=android.widget.FrameLayout$LayoutParams&#64;adfb9ee, tag=null, root-is-layout-requested=false, has-input-connection=false, x=0.0, y=0.0}
|
at dalvik.system.VMStack.getThreadStackTrace(Native Method)
at java.lang.Thread.getStackTrace(Thread.java:1536)
at android.support.test.espresso.base.DefaultFailureHandler.getUserFriendlyError(DefaultFailureHandler.java:88)
at android.support.test.espresso.base.DefaultFailureHandler.handle(DefaultFailureHandler.java:51)
at android.support.test.espresso.ViewInteraction.waitForAndHandleInteractionResults(ViewInteraction.java:312)
at android.support.test.espresso.ViewInteraction.check(ViewInteraction.java:297)
at kdk.android.simplydo.C2.AddAssertC2.addAssertC2(AddAssertC2.java:53)
at java.lang.reflect.Method.invoke(Native Method)
at org.junit.runners.model.FrameworkMethod$1.runReflectiveCall(FrameworkMethod.java:50)
at org.junit.internal.runners.model.ReflectiveCallable.run(ReflectiveCallable.java:12)
at org.junit.runners.model.FrameworkMethod.invokeExplosively(FrameworkMethod.java:47)
at org.junit.internal.runners.statements.InvokeMethod.evaluate(InvokeMethod.java:17)
at android.support.test.rule.ActivityTestRule$ActivityStatement.evaluate(ActivityTestRule.java:527)
at org.junit.rules.RunRules.evaluate(RunRules.java:20)
at org.junit.runners.ParentRunner.runLeaf(ParentRunner.java:325)
at org.junit.runners.BlockJUnit4ClassRunner.runChild(BlockJUnit4ClassRunner.java:78)
at org.junit.runners.BlockJUnit4ClassRunner.runChild(BlockJUnit4ClassRunner.java:57)
at org.junit.runners.ParentRunner$3.run(ParentRunner.java:290)
at org.junit.runners.ParentRunner$1.schedule(ParentRunner.java:71)
at org.junit.runners.ParentRunner.runChildren(ParentRunner.java:288)
at org.junit.runners.ParentRunner.access$000(ParentRunner.java:58)
at org.junit.runners.ParentRunner$2.evaluate(ParentRunner.java:268)
at org.junit.runners.ParentRunner.run(ParentRunner.java:363)
at android.support.test.runner.AndroidJUnit4.run(AndroidJUnit4.java:101)
at org.junit.runners.Suite.runChild(Suite.java:128)
at org.junit.runners.Suite.runChild(Suite.java:27)
at org.junit.runners.ParentRunner$3.run(ParentRunner.java:290)
at org.junit.runners.ParentRunner$1.schedule(ParentRunner.java:71)
at org.junit.runners.ParentRunner.runChildren(ParentRunner.java:288)
at org.junit.runners.ParentRunner.access$000(ParentRunner.java:58)
at org.junit.runners.ParentRunner$2.evaluate(ParentRunner.java:268)
at org.junit.runners.ParentRunner.run(ParentRunner.java:363)
at org.junit.runner.JUnitCore.run(JUnitCore.java:137)
at org.junit.runner.JUnitCore.run(JUnitCore.java:115)
at android.support.test.internal.runner.TestExecutor.execute(TestExecutor.java:56)
at android.support.test.runner.AndroidJUnitRunner.onStart(AndroidJUnitRunner.java:384)
at android.app.Instrumentation$InstrumentationThread.run(Instrumentation.java:2074)
</failure>
  </testcase>
  <testcase name="addItemC2" classname="kdk.android.simplydo.C2.AddItemC2" time="0.977">
    <failure>android.support.test.espresso.AmbiguousViewMatcherException: '(with class name: is "android.widget.LinearLayout" and is displayed on the screen to the user)' matches multiple views in the hierarchy.
Problem views are marked with '****MATCHES****' below.

View Hierarchy:
+&gt;DecorView{id=-1, visibility=VISIBLE, width=1080, height=1920, has-focus=true, has-focusable=true, has-window-focus=true, is-clickable=false, is-enabled=true, is-focused=false, is-focusable=false, is-layout-requested=false, is-selected=false, layout-params=WM.LayoutParams{(0,0)(fillxfill) sim=#3 ty=1 fl=#81810100 pfl=0x20000 wanim=0x10302f6 needsMenuKey=2 colorMode=0}, tag=null, root-is-layout-requested=false, has-input-connection=false, x=0.0, y=0.0, child-count=3}
|
+-&gt;ActionBarOverlayLayout{id=16908822, res-name=decor_content_parent, visibility=VISIBLE, width=1080, height=1794, has-focus=true, has-focusable=true, has-window-focus=true, is-clickable=false, is-enabled=true, is-focused=false, is-focusable=false, is-layout-requested=false, is-selected=false, layout-params=android.widget.FrameLayout$LayoutParams&#64;811e42, tag=null, root-is-layout-requested=false, has-input-connection=false, x=0.0, y=0.0, child-count=2}
|
+--&gt;FrameLayout{id=16908290, res-name=content, visibility=VISIBLE, width=1080, height=1584, has-focus=true, has-focusable=true, has-window-focus=true, is-clickable=false, is-enabled=true, is-focused=false, is-focusable=false, is-layout-requested=false, is-selected=false, layout-params=com.android.internal.widget.ActionBarOverlayLayout$LayoutParams&#64;73e2e53, tag=null, root-is-layout-requested=false, has-input-connection=false, x=0.0, y=210.0, child-count=1}
|
+---&gt;LinearLayout{id=-1, visibility=VISIBLE, width=1080, height=1584, has-focus=true, has-focusable=true, has-window-focus=true, is-clickable=false, is-enabled=true, is-focused=false, is-focusable=false, is-layout-requested=false, is-selected=false, layout-params=android.widget.FrameLayout$LayoutParams&#64;ac10489, tag=null, root-is-layout-requested=false, has-input-connection=false, x=0.0, y=0.0, child-count=1} ****MATCHES****
|
+----&gt;ViewSwitcher{id=2130903049, res-name=ListsItemsSwitcher, visibility=VISIBLE, width=1080, height=256, has-focus=true, has-focusable=true, has-window-focus=true, is-clickable=false, is-enabled=true, is-focused=false, is-focusable=false, is-layout-requested=false, is-selected=false, layout-params=android.widget.LinearLayout$LayoutParams&#64;a735caf, tag=null, root-is-layout-requested=false, has-input-connection=false, x=0.0, y=0.0, child-count=2}
|
+-----&gt;LinearLayout{id=2130903059, res-name=listsView, visibility=VISIBLE, width=1080, height=256, has-focus=true, has-focusable=true, has-window-focus=true, is-clickable=false, is-enabled=true, is-focused=false, is-focusable=false, is-layout-requested=false, is-selected=false, layout-params=android.widget.FrameLayout$LayoutParams&#64;7b5f8bc, tag=null, root-is-layout-requested=false, has-input-connection=false, x=0.0, y=0.0, child-count=2} ****MATCHES****
|
+------&gt;LinearLayout{id=2130903048, res-name=LinearLayout01, visibility=VISIBLE, width=1080, height=126, has-focus=true, has-focusable=true, has-window-focus=true, is-clickable=false, is-enabled=true, is-focused=false, is-focusable=false, is-layout-requested=false, is-selected=false, layout-params=android.widget.LinearLayout$LayoutParams&#64;7ac6045, tag=null, root-is-layout-requested=false, has-input-connection=false, x=0.0, y=0.0, child-count=2} ****MATCHES****
|
+-------&gt;EditText{id=2130903043, res-name=AddListEditText, desc=addlistedittext, visibility=VISIBLE, width=849, height=126, has-focus=true, has-focusable=true, has-window-focus=true, is-clickable=true, is-enabled=true, is-focused=true, is-focusable=true, is-layout-requested=false, is-selected=false, layout-params=android.widget.LinearLayout$LayoutParams&#64;437bbc1, tag=null, root-is-layout-requested=false, has-input-connection=true, editor-info=[inputType=0x31 imeOptions=0x8000006 privateImeOptions=null actionLabel=null actionId=0 initialSelStart=0 initialSelEnd=0 initialCapsMode=0x0 hintText=New List Name label=null packageName=null fieldId=0 fieldName=null extras=null hintLocales=null contentMimeTypes=null ], x=0.0, y=0.0, text=, hint=New List Name, input-type=49, ime-target=true, has-links=false}
|
+-------&gt;Button{id=2130903042, res-name=AddListButton, desc=Add, visibility=VISIBLE, width=231, height=126, has-focus=false, has-focusable=true, has-window-focus=true, is-clickable=true, is-enabled=true, is-focused=false, is-focusable=true, is-layout-requested=false, is-selected=false, layout-params=android.widget.LinearLayout$LayoutParams&#64;f35ef66, tag=null, root-is-layout-requested=false, has-input-connection=false, x=849.0, y=0.0, text=Add, input-type=0, ime-target=false, has-links=false}
|
+------&gt;ListView{id=2130903050, res-name=ListsListView, visibility=VISIBLE, width=1080, height=130, has-focus=false, has-focusable=true, has-window-focus=true, is-clickable=true, is-enabled=true, is-focused=false, is-focusable=true, is-layout-requested=false, is-selected=false, layout-params=android.widget.LinearLayout$LayoutParams&#64;7cc32a7, tag=null, root-is-layout-requested=false, has-input-connection=false, x=0.0, y=126.0, child-count=1}
|
+-------&gt;LinearLayout{id=-1, visibility=VISIBLE, width=1080, height=130, has-focus=false, has-focusable=false, has-window-focus=true, is-clickable=false, is-enabled=true, is-focused=false, is-focusable=false, is-layout-requested=false, is-selected=false, layout-params=android.widget.AbsListView$LayoutParams&#64;d8aa354, tag=null, root-is-layout-requested=false, has-input-connection=false, x=0.0, y=0.0, child-count=2} ****MATCHES****
|
+--------&gt;TextView{id=2130903060, res-name=text1, desc=Name, visibility=VISIBLE, width=945, height=78, has-focus=false, has-focusable=false, has-window-focus=true, is-clickable=false, is-enabled=true, is-focused=false, is-focusable=false, is-layout-requested=false, is-selected=false, layout-params=android.widget.LinearLayout$LayoutParams&#64;8c352fd, tag=null, root-is-layout-requested=false, has-input-connection=false, x=26.0, y=26.0, text=List, input-type=0, ime-target=false, has-links=false}
|
+--------&gt;TextView{id=2130903061, res-name=text2, desc=text2, visibility=VISIBLE, width=109, height=64, has-focus=false, has-focusable=false, has-window-focus=true, is-clickable=false, is-enabled=true, is-focused=false, is-focusable=false, is-layout-requested=false, is-selected=false, layout-params=android.widget.LinearLayout$LayoutParams&#64;b219bf2, tag=null, root-is-layout-requested=false, has-input-connection=false, x=971.0, y=35.0, text=(0/0), input-type=0, ime-target=false, has-links=false}
|
+-----&gt;LinearLayout{id=2130903057, res-name=itemsView, visibility=GONE, width=0, height=0, has-focus=false, has-focusable=false, has-window-focus=true, is-clickable=false, is-enabled=true, is-focused=false, is-focusable=false, is-layout-requested=true, is-selected=false, layout-params=android.widget.FrameLayout$LayoutParams&#64;97721f9, tag=null, root-is-layout-requested=false, has-input-connection=false, x=0.0, y=0.0, child-count=2}
|
+------&gt;LinearLayout{id=2130903048, res-name=LinearLayout01, visibility=VISIBLE, width=0, height=0, has-focus=false, has-focusable=true, has-window-focus=true, is-clickable=false, is-enabled=true, is-focused=false, is-focusable=false, is-layout-requested=true, is-selected=false, layout-params=android.widget.LinearLayout$LayoutParams&#64;bc708ec, tag=null, root-is-layout-requested=false, has-input-connection=false, x=0.0, y=0.0, child-count=2}
|
+-------&gt;EditText{id=2130903041, res-name=AddItemEditText, desc=addItemEditText, visibility=VISIBLE, width=0, height=0, has-focus=false, has-focusable=true, has-window-focus=true, is-clickable=true, is-enabled=true, is-focused=false, is-focusable=true, is-layout-requested=true, is-selected=false, layout-params=android.widget.LinearLayout$LayoutParams&#64;afee4b5, tag=null, root-is-layout-requested=false, has-input-connection=true, editor-info=[inputType=0x31 imeOptions=0x8000006 privateImeOptions=null actionLabel=null actionId=0 initialSelStart=0 initialSelEnd=0 initialCapsMode=0x0 hintText=New Item Name label=null packageName=null fieldId=0 fieldName=null extras=null hintLocales=null contentMimeTypes=null ], x=0.0, y=0.0, text=, hint=New Item Name, input-type=49, ime-target=false, has-links=false}
|
+-------&gt;Button{id=2130903040, res-name=AddItemButton, desc=Add, visibility=VISIBLE, width=0, height=0, has-focus=false, has-focusable=true, has-window-focus=true, is-clickable=true, is-enabled=true, is-focused=false, is-focusable=true, is-layout-requested=true, is-selected=false, layout-params=android.widget.LinearLayout$LayoutParams&#64;134b74a, tag=null, root-is-layout-requested=false, has-input-connection=false, x=0.0, y=0.0, text=Add, input-type=0, ime-target=false, has-links=false}
|
+------&gt;ListView{id=2130903047, res-name=ItemsListView, visibility=VISIBLE, width=0, height=0, has-focus=false, has-focusable=false, has-window-focus=true, is-clickable=true, is-enabled=true, is-focused=false, is-focusable=false, is-layout-requested=true, is-selected=false, layout-params=android.widget.LinearLayout$LayoutParams&#64;86c6bb, tag=null, root-is-layout-requested=false, has-input-connection=false, x=0.0, y=0.0, child-count=0}
|
+--&gt;ActionBarContainer{id=16908669, res-name=action_bar_container, visibility=VISIBLE, width=1080, height=147, has-focus=false, has-focusable=false, has-window-focus=true, is-clickable=false, is-enabled=true, is-focused=false, is-focusable=false, is-layout-requested=false, is-selected=false, layout-params=com.android.internal.widget.ActionBarOverlayLayout$LayoutParams&#64;98efe16, tag=null, root-is-layout-requested=false, has-input-connection=false, x=0.0, y=63.0, child-count=2}
|
+---&gt;Toolbar{id=16908668, res-name=action_bar, visibility=VISIBLE, width=1080, height=147, has-focus=false, has-focusable=false, has-window-focus=true, is-clickable=false, is-enabled=true, is-focused=false, is-focusable=false, is-layout-requested=false, is-selected=false, layout-params=android.widget.FrameLayout$LayoutParams&#64;e511397, tag=null, root-is-layout-requested=false, has-input-connection=false, x=0.0, y=0.0, child-count=2}
|
+----&gt;TextView{id=-1, visibility=VISIBLE, width=240, height=71, has-focus=false, has-focusable=false, has-window-focus=true, is-clickable=false, is-enabled=true, is-focused=false, is-focusable=false, is-layout-requested=false, is-selected=false, layout-params=android.widget.Toolbar$LayoutParams&#64;a478984, tag=null, root-is-layout-requested=false, has-input-connection=false, x=42.0, y=38.0, text=Simply Do, input-type=0, ime-target=false, has-links=false}
|
+----&gt;ActionMenuView{id=-1, visibility=VISIBLE, width=105, height=147, has-focus=false, has-focusable=false, has-window-focus=true, is-clickable=false, is-enabled=true, is-focused=false, is-focusable=false, is-layout-requested=false, is-selected=false, layout-params=android.widget.Toolbar$LayoutParams&#64;174e5a2, tag=null, root-is-layout-requested=false, has-input-connection=false, x=975.0, y=0.0, child-count=1}
|
+-----&gt;OverflowMenuButton{id=-1, desc=More options, visibility=VISIBLE, width=105, height=126, has-focus=false, has-focusable=false, has-window-focus=true, is-clickable=true, is-enabled=true, is-focused=false, is-focusable=true, is-layout-requested=false, is-selected=false, layout-params=android.widget.ActionMenuView$LayoutParams&#64;a095233, tag=null, root-is-layout-requested=false, has-input-connection=false, x=0.0, y=10.0}
|
+---&gt;ActionBarContextView{id=16908673, res-name=action_context_bar, visibility=GONE, width=0, height=0, has-focus=false, has-focusable=false, has-window-focus=true, is-clickable=false, is-enabled=true, is-focused=false, is-focusable=false, is-layout-requested=true, is-selected=false, layout-params=android.widget.FrameLayout$LayoutParams&#64;375b9f0, tag=null, root-is-layout-requested=false, has-input-connection=false, x=0.0, y=0.0, child-count=0}
|
+-&gt;View{id=16908336, res-name=navigationBarBackground, visibility=VISIBLE, width=1080, height=126, has-focus=false, has-focusable=false, has-window-focus=true, is-clickable=false, is-enabled=true, is-focused=false, is-focusable=false, is-layout-requested=false, is-selected=false, layout-params=android.widget.FrameLayout$LayoutParams&#64;7677b69, tag=null, root-is-layout-requested=false, has-input-connection=false, x=0.0, y=1794.0}
|
+-&gt;View{id=16908335, res-name=statusBarBackground, visibility=VISIBLE, width=1080, height=63, has-focus=false, has-focusable=false, has-window-focus=true, is-clickable=false, is-enabled=true, is-focused=false, is-focusable=false, is-layout-requested=false, is-selected=false, layout-params=android.widget.FrameLayout$LayoutParams&#64;adfb9ee, tag=null, root-is-layout-requested=false, has-input-connection=false, x=0.0, y=0.0}
|
at dalvik.system.VMStack.getThreadStackTrace(Native Method)
at java.lang.Thread.getStackTrace(Thread.java:1536)
at android.support.test.espresso.base.DefaultFailureHandler.getUserFriendlyError(DefaultFailureHandler.java:88)
at android.support.test.espresso.base.DefaultFailureHandler.handle(DefaultFailureHandler.java:51)
at android.support.test.espresso.ViewInteraction.waitForAndHandleInteractionResults(ViewInteraction.java:312)
at android.support.test.espresso.ViewInteraction.desugaredPerform(ViewInteraction.java:173)
at android.support.test.espresso.ViewInteraction.perform(ViewInteraction.java:114)
at kdk.android.simplydo.C2.AddItemC2.addItemC2(AddItemC2.java:48)
at java.lang.reflect.Method.invoke(Native Method)
at org.junit.runners.model.FrameworkMethod$1.runReflectiveCall(FrameworkMethod.java:50)
at org.junit.internal.runners.model.ReflectiveCallable.run(ReflectiveCallable.java:12)
at org.junit.runners.model.FrameworkMethod.invokeExplosively(FrameworkMethod.java:47)
at org.junit.internal.runners.statements.InvokeMethod.evaluate(InvokeMethod.java:17)
at android.support.test.rule.ActivityTestRule$ActivityStatement.evaluate(ActivityTestRule.java:527)
at org.junit.rules.RunRules.evaluate(RunRules.java:20)
at org.junit.runners.ParentRunner.runLeaf(ParentRunner.java:325)
at org.junit.runners.BlockJUnit4ClassRunner.runChild(BlockJUnit4ClassRunner.java:78)
at org.junit.runners.BlockJUnit4ClassRunner.runChild(BlockJUnit4ClassRunner.java:57)
at org.junit.runners.ParentRunner$3.run(ParentRunner.java:290)
at org.junit.runners.ParentRunner$1.schedule(ParentRunner.java:71)
at org.junit.runners.ParentRunner.runChildren(ParentRunner.java:288)
at org.junit.runners.ParentRunner.access$000(ParentRunner.java:58)
at org.junit.runners.ParentRunner$2.evaluate(ParentRunner.java:268)
at org.junit.runners.ParentRunner.run(ParentRunner.java:363)
at android.support.test.runner.AndroidJUnit4.run(AndroidJUnit4.java:101)
at org.junit.runners.Suite.runChild(Suite.java:128)
at org.junit.runners.Suite.runChild(Suite.java:27)
at org.junit.runners.ParentRunner$3.run(ParentRunner.java:290)
at org.junit.runners.ParentRunner$1.schedule(ParentRunner.java:71)
at org.junit.runners.ParentRunner.runChildren(ParentRunner.java:288)
at org.junit.runners.ParentRunner.access$000(ParentRunner.java:58)
at org.junit.runners.ParentRunner$2.evaluate(ParentRunner.java:268)
at org.junit.runners.ParentRunner.run(ParentRunner.java:363)
at org.junit.runner.JUnitCore.run(JUnitCore.java:137)
at org.junit.runner.JUnitCore.run(JUnitCore.java:115)
at android.support.test.internal.runner.TestExecutor.execute(TestExecutor.java:56)
at android.support.test.runner.AndroidJUnitRunner.onStart(AndroidJUnitRunner.java:384)
at android.app.Instrumentation$InstrumentationThread.run(Instrumentation.java:2074)
</failure>
  </testcase>
  <testcase name="changeSettingsC2" classname="kdk.android.simplydo.C2.ChangeSettingsC2" time="1.756">
    <failure>android.support.test.espresso.AmbiguousViewMatcherException: '(with class name: is "android.widget.LinearLayout" and is displayed on the screen to the user)' matches multiple views in the hierarchy.
Problem views are marked with '****MATCHES****' below.

View Hierarchy:
+&gt;DecorView{id=-1, visibility=VISIBLE, width=1080, height=1920, has-focus=true, has-focusable=true, has-window-focus=true, is-clickable=false, is-enabled=true, is-focused=false, is-focusable=false, is-layout-requested=false, is-selected=false, layout-params=WM.LayoutParams{(0,0)(fillxfill) ty=1 fl=#81810100 pfl=0x20000 wanim=0x10302f6 needsMenuKey=2 colorMode=0}, tag=null, root-is-layout-requested=false, has-input-connection=false, x=0.0, y=0.0, child-count=3}
|
+-&gt;ActionBarOverlayLayout{id=16908822, res-name=decor_content_parent, visibility=VISIBLE, width=1080, height=1794, has-focus=true, has-focusable=true, has-window-focus=true, is-clickable=false, is-enabled=true, is-focused=false, is-focusable=false, is-layout-requested=false, is-selected=false, layout-params=android.widget.FrameLayout$LayoutParams&#64;6e8895, tag=null, root-is-layout-requested=false, has-input-connection=false, x=0.0, y=0.0, child-count=2}
|
+--&gt;FrameLayout{id=16908290, res-name=content, visibility=VISIBLE, width=1080, height=1584, has-focus=true, has-focusable=true, has-window-focus=true, is-clickable=false, is-enabled=true, is-focused=false, is-focusable=false, is-layout-requested=false, is-selected=false, layout-params=com.android.internal.widget.ActionBarOverlayLayout$LayoutParams&#64;4ebbdaa, tag=null, root-is-layout-requested=false, has-input-connection=false, x=0.0, y=210.0, child-count=1}
|
+---&gt;LinearLayout{id=-1, visibility=VISIBLE, width=1080, height=1584, has-focus=true, has-focusable=true, has-window-focus=true, is-clickable=false, is-enabled=true, is-focused=false, is-focusable=false, is-layout-requested=false, is-selected=false, layout-params=android.widget.FrameLayout$LayoutParams&#64;2392538, tag=null, root-is-layout-requested=false, has-input-connection=false, x=0.0, y=0.0, child-count=2} ****MATCHES****
|
+----&gt;LinearLayout{id=-1, visibility=VISIBLE, width=1080, height=1584, has-focus=true, has-focusable=true, has-window-focus=true, is-clickable=false, is-enabled=true, is-focused=false, is-focusable=false, is-layout-requested=false, is-selected=false, layout-params=android.widget.LinearLayout$LayoutParams&#64;cfc1911, tag=null, root-is-layout-requested=false, has-input-connection=false, x=0.0, y=0.0, child-count=1} ****MATCHES****
|
+-----&gt;LinearLayout{id=16908926, res-name=headers, visibility=VISIBLE, width=1080, height=1584, has-focus=true, has-focusable=true, has-window-focus=true, is-clickable=false, is-enabled=true, is-focused=false, is-focusable=false, is-layout-requested=false, is-selected=false, layout-params=android.widget.LinearLayout$LayoutParams&#64;4f75ce4, tag=null, root-is-layout-requested=false, has-input-connection=false, x=0.0, y=0.0, child-count=2} ****MATCHES****
|
+------&gt;ListView{id=16908298, res-name=list, visibility=VISIBLE, width=1080, height=1584, has-focus=true, has-focusable=true, has-window-focus=true, is-clickable=true, is-enabled=true, is-focused=true, is-focusable=true, is-layout-requested=false, is-selected=false, layout-params=android.widget.LinearLayout$LayoutParams&#64;7f8354d, tag=null, root-is-layout-requested=false, has-input-connection=false, x=0.0, y=0.0, child-count=6}
|
+-------&gt;LinearLayout{id=-1, visibility=VISIBLE, width=1080, height=141, has-focus=false, has-focusable=false, has-window-focus=true, is-clickable=false, is-enabled=true, is-focused=false, is-focusable=false, is-layout-requested=false, is-selected=false, layout-params=android.widget.AbsListView$LayoutParams&#64;61fd949, tag=null, root-is-layout-requested=false, has-input-connection=false, x=0.0, y=0.0, child-count=3} ****MATCHES****
|
+--------&gt;LinearLayout{id=16908350, res-name=icon_frame, visibility=GONE, width=0, height=0, has-focus=false, has-focusable=false, has-window-focus=true, is-clickable=false, is-enabled=true, is-focused=false, is-focusable=false, is-layout-requested=false, is-selected=false, layout-params=android.widget.LinearLayout$LayoutParams&#64;1d41f6f, tag=null, root-is-layout-requested=false, has-input-connection=false, x=0.0, y=0.0, child-count=1}
|
+---------&gt;PreferenceImageView{id=16908294, res-name=icon, visibility=GONE, width=0, height=0, has-focus=false, has-focusable=false, has-window-focus=true, is-clickable=false, is-enabled=true, is-focused=false, is-focusable=false, is-layout-requested=true, is-selected=false, layout-params=android.widget.LinearLayout$LayoutParams&#64;7bf647c, tag=null, root-is-layout-requested=false, has-input-connection=false, x=0.0, y=0.0}
|
+--------&gt;RelativeLayout{id=-1, visibility=VISIBLE, width=996, height=141, has-focus=false, has-focusable=false, has-window-focus=true, is-clickable=false, is-enabled=true, is-focused=false, is-focusable=false, is-layout-requested=false, is-selected=false, layout-params=android.widget.LinearLayout$LayoutParams&#64;fad438b, tag=null, root-is-layout-requested=false, has-input-connection=false, x=42.0, y=0.0, child-count=2}
|
+---------&gt;TextView{id=16908310, res-name=title, visibility=VISIBLE, width=229, height=57, has-focus=false, has-focusable=false, has-window-focus=true, is-clickable=false, is-enabled=true, is-focused=false, is-focusable=false, is-layout-requested=false, is-selected=false, layout-params=android.widget.RelativeLayout$LayoutParams&#64;fdc4c68, tag=null, root-is-layout-requested=false, has-input-connection=false, x=0.0, y=42.0, text=Item Sorting, input-type=0, ime-target=false, has-links=false}
|
+---------&gt;TextView{id=16908304, res-name=summary, visibility=GONE, width=0, height=0, has-focus=false, has-focusable=false, has-window-focus=true, is-clickable=false, is-enabled=true, is-focused=false, is-focusable=false, is-layout-requested=true, is-selected=false, layout-params=android.widget.RelativeLayout$LayoutParams&#64;846881, tag=null, root-is-layout-requested=false, has-input-connection=false, x=0.0, y=0.0, text=, input-type=0, ime-target=false, has-links=false}
|
+--------&gt;LinearLayout{id=16908312, res-name=widget_frame, visibility=GONE, width=0, height=0, has-focus=false, has-focusable=false, has-window-focus=true, is-clickable=false, is-enabled=true, is-focused=false, is-focusable=false, is-layout-requested=true, is-selected=false, layout-params=android.widget.LinearLayout$LayoutParams&#64;4fdfd26, tag=null, root-is-layout-requested=false, has-input-connection=false, x=0.0, y=0.0, child-count=0}
|
+-------&gt;LinearLayout{id=-1, visibility=VISIBLE, width=1080, height=141, has-focus=false, has-focusable=false, has-window-focus=true, is-clickable=false, is-enabled=true, is-focused=false, is-focusable=false, is-layout-requested=false, is-selected=false, layout-params=android.widget.AbsListView$LayoutParams&#64;ebcc5b2, tag=null, root-is-layout-requested=false, has-input-connection=false, x=0.0, y=144.0, child-count=3} ****MATCHES****
|
+--------&gt;LinearLayout{id=16908350, res-name=icon_frame, visibility=GONE, width=0, height=0, has-focus=false, has-focusable=false, has-window-focus=true, is-clickable=false, is-enabled=true, is-focused=false, is-focusable=false, is-layout-requested=false, is-selected=false, layout-params=android.widget.LinearLayout$LayoutParams&#64;cda4080, tag=null, root-is-layout-requested=false, has-input-connection=false, x=0.0, y=0.0, child-count=1}
|
+---------&gt;PreferenceImageView{id=16908294, res-name=icon, visibility=GONE, width=0, height=0, has-focus=false, has-focusable=false, has-window-focus=true, is-clickable=false, is-enabled=true, is-focused=false, is-focusable=false, is-layout-requested=true, is-selected=false, layout-params=android.widget.LinearLayout$LayoutParams&#64;b94a6b9, tag=null, root-is-layout-requested=false, has-input-connection=false, x=0.0, y=0.0}
|
+--------&gt;RelativeLayout{id=-1, visibility=VISIBLE, width=996, height=141, has-focus=false, has-focusable=false, has-window-focus=true, is-clickable=false, is-enabled=true, is-focused=false, is-focusable=false, is-layout-requested=false, is-selected=false, layout-params=android.widget.LinearLayout$LayoutParams&#64;9e2e4ac, tag=null, root-is-layout-requested=false, has-input-connection=false, x=42.0, y=0.0, child-count=2}
|
+---------&gt;TextView{id=16908310, res-name=title, visibility=VISIBLE, width=214, height=57, has-focus=false, has-focusable=false, has-window-focus=true, is-clickable=false, is-enabled=true, is-focused=false, is-focusable=false, is-layout-requested=false, is-selected=false, layout-params=android.widget.RelativeLayout$LayoutParams&#64;4ff575, tag=null, root-is-layout-requested=false, has-input-connection=false, x=0.0, y=42.0, text=List Sorting, input-type=0, ime-target=false, has-links=false}
|
+---------&gt;TextView{id=16908304, res-name=summary, visibility=GONE, width=0, height=0, has-focus=false, has-focusable=false, has-window-focus=true, is-clickable=false, is-enabled=true, is-focused=false, is-focusable=false, is-layout-requested=true, is-selected=false, layout-params=android.widget.RelativeLayout$LayoutParams&#64;c53590a, tag=null, root-is-layout-requested=false, has-input-connection=false, x=0.0, y=0.0, text=, input-type=0, ime-target=false, has-links=false}
|
+--------&gt;LinearLayout{id=16908312, res-name=widget_frame, visibility=GONE, width=0, height=0, has-focus=false, has-focusable=false, has-window-focus=true, is-clickable=false, is-enabled=true, is-focused=false, is-focusable=false, is-layout-requested=true, is-selected=false, layout-params=android.widget.LinearLayout$LayoutParams&#64;c5a257b, tag=null, root-is-layout-requested=false, has-input-connection=false, x=0.0, y=0.0, child-count=0}
|
+-------&gt;LinearLayout{id=-1, visibility=VISIBLE, width=1080, height=141, has-focus=false, has-focusable=false, has-window-focus=true, is-clickable=false, is-enabled=true, is-focused=false, is-focusable=false, is-layout-requested=false, is-selected=false, layout-params=android.widget.AbsListView$LayoutParams&#64;bdb9e57, tag=null, root-is-layout-requested=false, has-input-connection=false, x=0.0, y=288.0, child-count=3} ****MATCHES****
|
+--------&gt;LinearLayout{id=16908350, res-name=icon_frame, visibility=GONE, width=0, height=0, has-focus=false, has-focusable=false, has-window-focus=true, is-clickable=false, is-enabled=true, is-focused=false, is-focusable=false, is-layout-requested=false, is-selected=false, layout-params=android.widget.LinearLayout$LayoutParams&#64;f3e5e2d, tag=null, root-is-layout-requested=false, has-input-connection=false, x=0.0, y=0.0, child-count=1}
|
+---------&gt;PreferenceImageView{id=16908294, res-name=icon, visibility=GONE, width=0, height=0, has-focus=false, has-focusable=false, has-window-focus=true, is-clickable=false, is-enabled=true, is-focused=false, is-focusable=false, is-layout-requested=true, is-selected=false, layout-params=android.widget.LinearLayout$LayoutParams&#64;20dff62, tag=null, root-is-layout-requested=false, has-input-connection=false, x=0.0, y=0.0}
|
+--------&gt;RelativeLayout{id=-1, visibility=VISIBLE, width=996, height=141, has-focus=false, has-focusable=false, has-window-focus=true, is-clickable=false, is-enabled=true, is-focused=false, is-focusable=false, is-layout-requested=false, is-selected=false, layout-params=android.widget.LinearLayout$LayoutParams&#64;54fb029, tag=null, root-is-layout-requested=false, has-input-connection=false, x=42.0, y=0.0, child-count=2}
|
+---------&gt;TextView{id=16908310, res-name=title, visibility=VISIBLE, width=358, height=57, has-focus=false, has-focusable=false, has-window-focus=true, is-clickable=false, is-enabled=true, is-focused=false, is-focusable=false, is-layout-requested=false, is-selected=false, layout-params=android.widget.RelativeLayout$LayoutParams&#64;350afae, tag=null, root-is-layout-requested=false, has-input-connection=false, x=0.0, y=42.0, text=Inactive Decoration, input-type=0, ime-target=false, has-links=false}
|
+---------&gt;TextView{id=16908304, res-name=summary, visibility=GONE, width=0, height=0, has-focus=false, has-focusable=false, has-window-focus=true, is-clickable=false, is-enabled=true, is-focused=false, is-focusable=false, is-layout-requested=true, is-selected=false, layout-params=android.widget.RelativeLayout$LayoutParams&#64;d76014f, tag=null, root-is-layout-requested=false, has-input-connection=false, x=0.0, y=0.0, text=, input-type=0, ime-target=false, has-links=false}
|
+--------&gt;LinearLayout{id=16908312, res-name=widget_frame, visibility=GONE, width=0, height=0, has-focus=false, has-focusable=false, has-window-focus=true, is-clickable=false, is-enabled=true, is-focused=false, is-focusable=false, is-layout-requested=true, is-selected=false, layout-params=android.widget.LinearLayout$LayoutParams&#64;1bed0dc, tag=null, root-is-layout-requested=false, has-input-connection=false, x=0.0, y=0.0, child-count=0}
|
+-------&gt;LinearLayout{id=-1, visibility=VISIBLE, width=1080, height=141, has-focus=false, has-focusable=false, has-window-focus=true, is-clickable=false, is-enabled=true, is-focused=false, is-focusable=false, is-layout-requested=false, is-selected=false, layout-params=android.widget.AbsListView$LayoutParams&#64;fbb636b, tag=null, root-is-layout-requested=false, has-input-connection=false, x=0.0, y=432.0, child-count=3} ****MATCHES****
|
+--------&gt;LinearLayout{id=16908350, res-name=icon_frame, visibility=GONE, width=0, height=0, has-focus=false, has-focusable=false, has-window-focus=true, is-clickable=false, is-enabled=true, is-focused=false, is-focusable=false, is-layout-requested=false, is-selected=false, layout-params=android.widget.LinearLayout$LayoutParams&#64;13c3b61, tag=null, root-is-layout-requested=false, has-input-connection=false, x=0.0, y=0.0, child-count=1}
|
+---------&gt;PreferenceImageView{id=16908294, res-name=icon, visibility=GONE, width=0, height=0, has-focus=false, has-focusable=false, has-window-focus=true, is-clickable=false, is-enabled=true, is-focused=false, is-focusable=false, is-layout-requested=true, is-selected=false, layout-params=android.widget.LinearLayout$LayoutParams&#64;ec30686, tag=null, root-is-layout-requested=false, has-input-connection=false, x=0.0, y=0.0}
|
+--------&gt;RelativeLayout{id=-1, visibility=VISIBLE, width=870, height=141, has-focus=false, has-focusable=false, has-window-focus=true, is-clickable=false, is-enabled=true, is-focused=false, is-focusable=false, is-layout-requested=false, is-selected=false, layout-params=android.widget.LinearLayout$LayoutParams&#64;f202c9d, tag=null, root-is-layout-requested=false, has-input-connection=false, x=42.0, y=0.0, child-count=2}
|
+---------&gt;TextView{id=16908310, res-name=title, visibility=VISIBLE, width=488, height=57, has-focus=false, has-focusable=false, has-window-focus=true, is-clickable=false, is-enabled=true, is-focused=false, is-focusable=false, is-layout-requested=false, is-selected=false, layout-params=android.widget.RelativeLayout$LayoutParams&#64;cb90512, tag=null, root-is-layout-requested=false, has-input-connection=false, x=0.0, y=42.0, text=Confirm Delete All Inactive, input-type=0, ime-target=false, has-links=false}
|
+---------&gt;TextView{id=16908304, res-name=summary, visibility=GONE, width=0, height=0, has-focus=false, has-focusable=false, has-window-focus=true, is-clickable=false, is-enabled=true, is-focused=false, is-focusable=false, is-layout-requested=true, is-selected=false, layout-params=android.widget.RelativeLayout$LayoutParams&#64;83ed4e3, tag=null, root-is-layout-requested=false, has-input-connection=false, x=0.0, y=0.0, text=, input-type=0, ime-target=false, has-links=false}
|
+--------&gt;LinearLayout{id=16908312, res-name=widget_frame, visibility=VISIBLE, width=126, height=141, has-focus=false, has-focusable=false, has-window-focus=true, is-clickable=false, is-enabled=true, is-focused=false, is-focusable=false, is-layout-requested=false, is-selected=false, layout-params=android.widget.LinearLayout$LayoutParams&#64;f57f599, tag=null, root-is-layout-requested=false, has-input-connection=false, x=912.0, y=0.0, child-count=1} ****MATCHES****
|
+---------&gt;CheckBox{id=16908289, res-name=checkbox, visibility=VISIBLE, width=84, height=84, has-focus=false, has-focusable=false, has-window-focus=true, is-clickable=false, is-enabled=true, is-focused=false, is-focusable=false, is-layout-requested=false, is-selected=false, layout-params=android.widget.LinearLayout$LayoutParams&#64;29e605e, tag=null, root-is-layout-requested=false, has-input-connection=false, x=42.0, y=28.0, text=, input-type=0, ime-target=false, has-links=false, is-checked=true}
|
+-------&gt;LinearLayout{id=-1, visibility=VISIBLE, width=1080, height=141, has-focus=false, has-focusable=false, has-window-focus=true, is-clickable=false, is-enabled=true, is-focused=false, is-focusable=false, is-layout-requested=false, is-selected=false, layout-params=android.widget.AbsListView$LayoutParams&#64;aec246a, tag=null, root-is-layout-requested=false, has-input-connection=false, x=0.0, y=576.0, child-count=3} ****MATCHES****
|
+--------&gt;LinearLayout{id=16908350, res-name=icon_frame, visibility=GONE, width=0, height=0, has-focus=false, has-focusable=false, has-window-focus=true, is-clickable=false, is-enabled=true, is-focused=false, is-focusable=false, is-layout-requested=false, is-selected=false, layout-params=android.widget.LinearLayout$LayoutParams&#64;bb2c9f8, tag=null, root-is-layout-requested=false, has-input-connection=false, x=0.0, y=0.0, child-count=1}
|
+---------&gt;PreferenceImageView{id=16908294, res-name=icon, visibility=GONE, width=0, height=0, has-focus=false, has-focusable=false, has-window-focus=true, is-clickable=false, is-enabled=true, is-focused=false, is-focusable=false, is-layout-requested=true, is-selected=false, layout-params=android.widget.LinearLayout$LayoutParams&#64;279bed1, tag=null, root-is-layout-requested=false, has-input-connection=false, x=0.0, y=0.0}
|
+--------&gt;RelativeLayout{id=-1, visibility=VISIBLE, width=996, height=141, has-focus=false, has-focusable=false, has-window-focus=true, is-clickable=false, is-enabled=true, is-focused=false, is-focusable=false, is-layout-requested=false, is-selected=false, layout-params=android.widget.LinearLayout$LayoutParams&#64;b468da4, tag=null, root-is-layout-requested=false, has-input-connection=false, x=42.0, y=0.0, child-count=2}
|
+---------&gt;TextView{id=16908310, res-name=title, visibility=VISIBLE, width=235, height=57, has-focus=false, has-focusable=false, has-window-focus=true, is-clickable=false, is-enabled=true, is-focused=false, is-focusable=false, is-layout-requested=false, is-selected=false, layout-params=android.widget.RelativeLayout$LayoutParams&#64;d0a770d, tag=null, root-is-layout-requested=false, has-input-connection=false, x=0.0, y=42.0, text=Backup Now, input-type=0, ime-target=false, has-links=false}
|
+---------&gt;TextView{id=16908304, res-name=summary, visibility=GONE, width=0, height=0, has-focus=false, has-focusable=false, has-window-focus=true, is-clickable=false, is-enabled=true, is-focused=false, is-focusable=false, is-layout-requested=true, is-selected=false, layout-params=android.widget.RelativeLayout$LayoutParams&#64;ec8d6c2, tag=null, root-is-layout-requested=false, has-input-connection=false, x=0.0, y=0.0, text=, input-type=0, ime-target=false, has-links=false}
|
+--------&gt;LinearLayout{id=16908312, res-name=widget_frame, visibility=GONE, width=0, height=0, has-focus=false, has-focusable=false, has-window-focus=true, is-clickable=false, is-enabled=true, is-focused=false, is-focusable=false, is-layout-requested=true, is-selected=false, layout-params=android.widget.LinearLayout$LayoutParams&#64;8febcd3, tag=null, root-is-layout-requested=false, has-input-connection=false, x=0.0, y=0.0, child-count=0}
|
+-------&gt;LinearLayout{id=-1, visibility=VISIBLE, width=1080, height=141, has-focus=false, has-focusable=false, has-window-focus=true, is-clickable=false, is-enabled=true, is-focused=false, is-focusable=false, is-layout-requested=false, is-selected=false, layout-params=android.widget.AbsListView$LayoutParams&#64;5ee532f, tag=null, root-is-layout-requested=false, has-input-connection=false, x=0.0, y=720.0, child-count=3} ****MATCHES****
|
+--------&gt;LinearLayout{id=16908350, res-name=icon_frame, visibility=GONE, width=0, height=0, has-focus=false, has-focusable=false, has-window-focus=true, is-clickable=false, is-enabled=true, is-focused=false, is-focusable=false, is-layout-requested=false, is-selected=false, layout-params=android.widget.LinearLayout$LayoutParams&#64;2647ac5, tag=null, root-is-layout-requested=false, has-input-connection=false, x=0.0, y=0.0, child-count=1}
|
+---------&gt;PreferenceImageView{id=16908294, res-name=icon, visibility=GONE, width=0, height=0, has-focus=false, has-focusable=false, has-window-focus=true, is-clickable=false, is-enabled=true, is-focused=false, is-focusable=false, is-layout-requested=true, is-selected=false, layout-params=android.widget.LinearLayout$LayoutParams&#64;b8e7c1a, tag=null, root-is-layout-requested=false, has-input-connection=false, x=0.0, y=0.0}
|
+--------&gt;RelativeLayout{id=-1, visibility=VISIBLE, width=996, height=141, has-focus=false, has-focusable=false, has-window-focus=true, is-clickable=false, is-enabled=true, is-focused=false, is-focusable=false, is-layout-requested=false, is-selected=false, layout-params=android.widget.LinearLayout$LayoutParams&#64;e96fe41, tag=null, root-is-layout-requested=false, has-input-connection=false, x=42.0, y=0.0, child-count=2}
|
+---------&gt;TextView{id=16908310, res-name=title, visibility=VISIBLE, width=144, height=57, has-focus=false, has-focusable=false, has-window-focus=true, is-clickable=false, is-enabled=true, is-focused=false, is-focusable=false, is-layout-requested=false, is-selected=false, layout-params=android.widget.RelativeLayout$LayoutParams&#64;f083fe6, tag=null, root-is-layout-requested=false, has-input-connection=false, x=0.0, y=42.0, text=Restore, input-type=0, ime-target=false, has-links=false}
|
+---------&gt;TextView{id=16908304, res-name=summary, visibility=GONE, width=0, height=0, has-focus=false, has-focusable=false, has-window-focus=true, is-clickable=false, is-enabled=true, is-focused=false, is-focusable=false, is-layout-requested=true, is-selected=false, layout-params=android.widget.RelativeLayout$LayoutParams&#64;bdf7927, tag=null, root-is-layout-requested=false, has-input-connection=false, x=0.0, y=0.0, text=, input-type=0, ime-target=false, has-links=false}
|
+--------&gt;LinearLayout{id=16908312, res-name=widget_frame, visibility=GONE, width=0, height=0, has-focus=false, has-focusable=false, has-window-focus=true, is-clickable=false, is-enabled=true, is-focused=false, is-focusable=false, is-layout-requested=true, is-selected=false, layout-params=android.widget.LinearLayout$LayoutParams&#64;3aa7d4, tag=null, root-is-layout-requested=false, has-input-connection=false, x=0.0, y=0.0, child-count=0}
|
+------&gt;FrameLayout{id=16909013, res-name=list_footer, visibility=VISIBLE, width=1080, height=0, has-focus=false, has-focusable=false, has-window-focus=true, is-clickable=false, is-enabled=true, is-focused=false, is-focusable=false, is-layout-requested=false, is-selected=false, layout-params=android.widget.LinearLayout$LayoutParams&#64;a143d7d, tag=null, root-is-layout-requested=false, has-input-connection=false, x=0.0, y=1584.0, child-count=0}
|
+----&gt;RelativeLayout{id=16908758, res-name=button_bar, visibility=GONE, width=0, height=0, has-focus=false, has-focusable=false, has-window-focus=true, is-clickable=false, is-enabled=true, is-focused=false, is-focusable=false, is-layout-requested=true, is-selected=false, layout-params=android.widget.LinearLayout$LayoutParams&#64;a846d40, tag=null, root-is-layout-requested=false, has-input-connection=false, x=0.0, y=0.0, child-count=2}
|
+-----&gt;Button{id=16908732, res-name=back_button, visibility=VISIBLE, width=0, height=0, has-focus=false, has-focusable=true, has-window-focus=true, is-clickable=true, is-enabled=true, is-focused=false, is-focusable=true, is-layout-requested=true, is-selected=false, layout-params=android.widget.RelativeLayout$LayoutParams&#64;32c3479, tag=null, root-is-layout-requested=false, has-input-connection=false, x=0.0, y=0.0, text=Back, input-type=0, ime-target=false, has-links=false}
|
+-----&gt;LinearLayout{id=-1, visibility=VISIBLE, width=0, height=0, has-focus=false, has-focusable=true, has-window-focus=true, is-clickable=false, is-enabled=true, is-focused=false, is-focusable=false, is-layout-requested=true, is-selected=false, layout-params=android.widget.RelativeLayout$LayoutParams&#64;ae31d6c, tag=null, root-is-layout-requested=false, has-input-connection=false, x=0.0, y=0.0, child-count=2}
|
+------&gt;Button{id=16909277, res-name=skip_button, visibility=GONE, width=0, height=0, has-focus=false, has-focusable=false, has-window-focus=true, is-clickable=true, is-enabled=true, is-focused=false, is-focusable=true, is-layout-requested=true, is-selected=false, layout-params=android.widget.LinearLayout$LayoutParams&#64;3329f35, tag=null, root-is-layout-requested=false, has-input-connection=false, x=0.0, y=0.0, text=Skip, input-type=0, ime-target=false, has-links=false}
|
+------&gt;Button{id=16909075, res-name=next_button, visibility=VISIBLE, width=0, height=0, has-focus=false, has-focusable=true, has-window-focus=true, is-clickable=true, is-enabled=true, is-focused=false, is-focusable=true, is-layout-requested=true, is-selected=false, layout-params=android.widget.LinearLayout$LayoutParams&#64;10e1fca, tag=null, root-is-layout-requested=false, has-input-connection=false, x=0.0, y=0.0, text=Next, input-type=0, ime-target=false, has-links=false}
|
+--&gt;ActionBarContainer{id=16908669, res-name=action_bar_container, visibility=VISIBLE, width=1080, height=147, has-focus=false, has-focusable=false, has-window-focus=true, is-clickable=false, is-enabled=true, is-focused=false, is-focusable=false, is-layout-requested=false, is-selected=false, layout-params=com.android.internal.widget.ActionBarOverlayLayout$LayoutParams&#64;afaf9b1, tag=null, root-is-layout-requested=false, has-input-connection=false, x=0.0, y=63.0, child-count=2}
|
+---&gt;Toolbar{id=16908668, res-name=action_bar, visibility=VISIBLE, width=1080, height=147, has-focus=false, has-focusable=false, has-window-focus=true, is-clickable=false, is-enabled=true, is-focused=false, is-focusable=false, is-layout-requested=false, is-selected=false, layout-params=android.widget.FrameLayout$LayoutParams&#64;541ae04, tag=null, root-is-layout-requested=false, has-input-connection=false, x=0.0, y=0.0, child-count=2}
|
+----&gt;TextView{id=-1, visibility=VISIBLE, width=196, height=71, has-focus=false, has-focusable=false, has-window-focus=true, is-clickable=false, is-enabled=true, is-focused=false, is-focusable=false, is-layout-requested=false, is-selected=false, layout-params=android.widget.Toolbar$LayoutParams&#64;b147fed, tag=null, root-is-layout-requested=false, has-input-connection=false, x=42.0, y=38.0, text=Settings, input-type=0, ime-target=false, has-links=false}
|
+----&gt;ActionMenuView{id=-1, visibility=VISIBLE, width=0, height=147, has-focus=false, has-focusable=false, has-window-focus=true, is-clickable=false, is-enabled=true, is-focused=false, is-focusable=false, is-layout-requested=false, is-selected=false, layout-params=android.widget.Toolbar$LayoutParams&#64;502de22, tag=null, root-is-layout-requested=false, has-input-connection=false, x=1080.0, y=0.0, child-count=0}
|
+---&gt;ActionBarContextView{id=16908673, res-name=action_context_bar, visibility=GONE, width=0, height=0, has-focus=false, has-focusable=false, has-window-focus=true, is-clickable=false, is-enabled=true, is-focused=false, is-focusable=false, is-layout-requested=true, is-selected=false, layout-params=android.widget.FrameLayout$LayoutParams&#64;23320b3, tag=null, root-is-layout-requested=false, has-input-connection=false, x=0.0, y=0.0, child-count=0}
|
+-&gt;View{id=16908336, res-name=navigationBarBackground, visibility=VISIBLE, width=1080, height=126, has-focus=false, has-focusable=false, has-window-focus=true, is-clickable=false, is-enabled=true, is-focused=false, is-focusable=false, is-layout-requested=false, is-selected=false, layout-params=android.widget.FrameLayout$LayoutParams&#64;12da670, tag=null, root-is-layout-requested=false, has-input-connection=false, x=0.0, y=1794.0}
|
+-&gt;View{id=16908335, res-name=statusBarBackground, visibility=VISIBLE, width=1080, height=63, has-focus=false, has-focusable=false, has-window-focus=true, is-clickable=false, is-enabled=true, is-focused=false, is-focusable=false, is-layout-requested=false, is-selected=false, layout-params=android.widget.FrameLayout$LayoutParams&#64;3c62de9, tag=null, root-is-layout-requested=false, has-input-connection=false, x=0.0, y=0.0}
|
at dalvik.system.VMStack.getThreadStackTrace(Native Method)
at java.lang.Thread.getStackTrace(Thread.java:1536)
at android.support.test.espresso.base.DefaultFailureHandler.getUserFriendlyError(DefaultFailureHandler.java:88)
at android.support.test.espresso.base.DefaultFailureHandler.handle(DefaultFailureHandler.java:51)
at android.support.test.espresso.ViewInteraction.waitForAndHandleInteractionResults(ViewInteraction.java:312)
at android.support.test.espresso.ViewInteraction.desugaredPerform(ViewInteraction.java:173)
at android.support.test.espresso.ViewInteraction.perform(ViewInteraction.java:114)
at kdk.android.simplydo.C2.ChangeSettingsC2.changeSettingsC2(ChangeSettingsC2.java:44)
at java.lang.reflect.Method.invoke(Native Method)
at org.junit.runners.model.FrameworkMethod$1.runReflectiveCall(FrameworkMethod.java:50)
at org.junit.internal.runners.model.ReflectiveCallable.run(ReflectiveCallable.java:12)
at org.junit.runners.model.FrameworkMethod.invokeExplosively(FrameworkMethod.java:47)
at org.junit.internal.runners.statements.InvokeMethod.evaluate(InvokeMethod.java:17)
at android.support.test.rule.ActivityTestRule$ActivityStatement.evaluate(ActivityTestRule.java:527)
at org.junit.rules.RunRules.evaluate(RunRules.java:20)
at org.junit.runners.ParentRunner.runLeaf(ParentRunner.java:325)
at org.junit.runners.BlockJUnit4ClassRunner.runChild(BlockJUnit4ClassRunner.java:78)
at org.junit.runners.BlockJUnit4ClassRunner.runChild(BlockJUnit4ClassRunner.java:57)
at org.junit.runners.ParentRunner$3.run(ParentRunner.java:290)
at org.junit.runners.ParentRunner$1.schedule(ParentRunner.java:71)
at org.junit.runners.ParentRunner.runChildren(ParentRunner.java:288)
at org.junit.runners.ParentRunner.access$000(ParentRunner.java:58)
at org.junit.runners.ParentRunner$2.evaluate(ParentRunner.java:268)
at org.junit.runners.ParentRunner.run(ParentRunner.java:363)
at android.support.test.runner.AndroidJUnit4.run(AndroidJUnit4.java:101)
at org.junit.runners.Suite.runChild(Suite.java:128)
at org.junit.runners.Suite.runChild(Suite.java:27)
at org.junit.runners.ParentRunner$3.run(ParentRunner.java:290)
at org.junit.runners.ParentRunner$1.schedule(ParentRunner.java:71)
at org.junit.runners.ParentRunner.runChildren(ParentRunner.java:288)
at org.junit.runners.ParentRunner.access$000(ParentRunner.java:58)
at org.junit.runners.ParentRunner$2.evaluate(ParentRunner.java:268)
at org.junit.runners.ParentRunner.run(ParentRunner.java:363)
at org.junit.runner.JUnitCore.run(JUnitCore.java:137)
at org.junit.runner.JUnitCore.run(JUnitCore.java:115)
at android.support.test.internal.runner.TestExecutor.execute(TestExecutor.java:56)
at android.support.test.runner.AndroidJUnitRunner.onStart(AndroidJUnitRunner.java:384)
at android.app.Instrumentation$InstrumentationThread.run(Instrumentation.java:2074)
</failure>
  </testcase>
  <testcase name="checkItemC2" classname="kdk.android.simplydo.C2.CheckItemC2" time="0.921">
    <failure>android.support.test.espresso.AmbiguousViewMatcherException: '(with class name: is "android.widget.LinearLayout" and is displayed on the screen to the user)' matches multiple views in the hierarchy.
Problem views are marked with '****MATCHES****' below.

View Hierarchy:
+&gt;DecorView{id=-1, visibility=VISIBLE, width=1080, height=1920, has-focus=true, has-focusable=true, has-window-focus=true, is-clickable=false, is-enabled=true, is-focused=false, is-focusable=false, is-layout-requested=false, is-selected=false, layout-params=WM.LayoutParams{(0,0)(fillxfill) sim=#3 ty=1 fl=#81810100 pfl=0x20000 wanim=0x10302f6 needsMenuKey=2 colorMode=0}, tag=null, root-is-layout-requested=false, has-input-connection=false, x=0.0, y=0.0, child-count=3}
|
+-&gt;ActionBarOverlayLayout{id=16908822, res-name=decor_content_parent, visibility=VISIBLE, width=1080, height=1794, has-focus=true, has-focusable=true, has-window-focus=true, is-clickable=false, is-enabled=true, is-focused=false, is-focusable=false, is-layout-requested=false, is-selected=false, layout-params=android.widget.FrameLayout$LayoutParams&#64;811e42, tag=null, root-is-layout-requested=false, has-input-connection=false, x=0.0, y=0.0, child-count=2}
|
+--&gt;FrameLayout{id=16908290, res-name=content, visibility=VISIBLE, width=1080, height=1584, has-focus=true, has-focusable=true, has-window-focus=true, is-clickable=false, is-enabled=true, is-focused=false, is-focusable=false, is-layout-requested=false, is-selected=false, layout-params=com.android.internal.widget.ActionBarOverlayLayout$LayoutParams&#64;73e2e53, tag=null, root-is-layout-requested=false, has-input-connection=false, x=0.0, y=210.0, child-count=1}
|
+---&gt;LinearLayout{id=-1, visibility=VISIBLE, width=1080, height=1584, has-focus=true, has-focusable=true, has-window-focus=true, is-clickable=false, is-enabled=true, is-focused=false, is-focusable=false, is-layout-requested=false, is-selected=false, layout-params=android.widget.FrameLayout$LayoutParams&#64;ac10489, tag=null, root-is-layout-requested=false, has-input-connection=false, x=0.0, y=0.0, child-count=1} ****MATCHES****
|
+----&gt;ViewSwitcher{id=2130903049, res-name=ListsItemsSwitcher, visibility=VISIBLE, width=1080, height=256, has-focus=true, has-focusable=true, has-window-focus=true, is-clickable=false, is-enabled=true, is-focused=false, is-focusable=false, is-layout-requested=false, is-selected=false, layout-params=android.widget.LinearLayout$LayoutParams&#64;a735caf, tag=null, root-is-layout-requested=false, has-input-connection=false, x=0.0, y=0.0, child-count=2}
|
+-----&gt;LinearLayout{id=2130903059, res-name=listsView, visibility=VISIBLE, width=1080, height=256, has-focus=true, has-focusable=true, has-window-focus=true, is-clickable=false, is-enabled=true, is-focused=false, is-focusable=false, is-layout-requested=false, is-selected=false, layout-params=android.widget.FrameLayout$LayoutParams&#64;7b5f8bc, tag=null, root-is-layout-requested=false, has-input-connection=false, x=0.0, y=0.0, child-count=2} ****MATCHES****
|
+------&gt;LinearLayout{id=2130903048, res-name=LinearLayout01, visibility=VISIBLE, width=1080, height=126, has-focus=true, has-focusable=true, has-window-focus=true, is-clickable=false, is-enabled=true, is-focused=false, is-focusable=false, is-layout-requested=false, is-selected=false, layout-params=android.widget.LinearLayout$LayoutParams&#64;7ac6045, tag=null, root-is-layout-requested=false, has-input-connection=false, x=0.0, y=0.0, child-count=2} ****MATCHES****
|
+-------&gt;EditText{id=2130903043, res-name=AddListEditText, desc=addlistedittext, visibility=VISIBLE, width=849, height=126, has-focus=true, has-focusable=true, has-window-focus=true, is-clickable=true, is-enabled=true, is-focused=true, is-focusable=true, is-layout-requested=false, is-selected=false, layout-params=android.widget.LinearLayout$LayoutParams&#64;437bbc1, tag=null, root-is-layout-requested=false, has-input-connection=true, editor-info=[inputType=0x31 imeOptions=0x8000006 privateImeOptions=null actionLabel=null actionId=0 initialSelStart=0 initialSelEnd=0 initialCapsMode=0x0 hintText=New List Name label=null packageName=null fieldId=0 fieldName=null extras=null hintLocales=null contentMimeTypes=null ], x=0.0, y=0.0, text=, hint=New List Name, input-type=49, ime-target=true, has-links=false}
|
+-------&gt;Button{id=2130903042, res-name=AddListButton, desc=Add, visibility=VISIBLE, width=231, height=126, has-focus=false, has-focusable=true, has-window-focus=true, is-clickable=true, is-enabled=true, is-focused=false, is-focusable=true, is-layout-requested=false, is-selected=false, layout-params=android.widget.LinearLayout$LayoutParams&#64;f35ef66, tag=null, root-is-layout-requested=false, has-input-connection=false, x=849.0, y=0.0, text=Add, input-type=0, ime-target=false, has-links=false}
|
+------&gt;ListView{id=2130903050, res-name=ListsListView, visibility=VISIBLE, width=1080, height=130, has-focus=false, has-focusable=true, has-window-focus=true, is-clickable=true, is-enabled=true, is-focused=false, is-focusable=true, is-layout-requested=false, is-selected=false, layout-params=android.widget.LinearLayout$LayoutParams&#64;7cc32a7, tag=null, root-is-layout-requested=false, has-input-connection=false, x=0.0, y=126.0, child-count=1}
|
+-------&gt;LinearLayout{id=-1, visibility=VISIBLE, width=1080, height=130, has-focus=false, has-focusable=false, has-window-focus=true, is-clickable=false, is-enabled=true, is-focused=false, is-focusable=false, is-layout-requested=false, is-selected=false, layout-params=android.widget.AbsListView$LayoutParams&#64;d8aa354, tag=null, root-is-layout-requested=false, has-input-connection=false, x=0.0, y=0.0, child-count=2} ****MATCHES****
|
+--------&gt;TextView{id=2130903060, res-name=text1, desc=Name, visibility=VISIBLE, width=945, height=78, has-focus=false, has-focusable=false, has-window-focus=true, is-clickable=false, is-enabled=true, is-focused=false, is-focusable=false, is-layout-requested=false, is-selected=false, layout-params=android.widget.LinearLayout$LayoutParams&#64;8c352fd, tag=null, root-is-layout-requested=false, has-input-connection=false, x=26.0, y=26.0, text=List, input-type=0, ime-target=false, has-links=false}
|
+--------&gt;TextView{id=2130903061, res-name=text2, desc=text2, visibility=VISIBLE, width=109, height=64, has-focus=false, has-focusable=false, has-window-focus=true, is-clickable=false, is-enabled=true, is-focused=false, is-focusable=false, is-layout-requested=false, is-selected=false, layout-params=android.widget.LinearLayout$LayoutParams&#64;b219bf2, tag=null, root-is-layout-requested=false, has-input-connection=false, x=971.0, y=35.0, text=(0/0), input-type=0, ime-target=false, has-links=false}
|
+-----&gt;LinearLayout{id=2130903057, res-name=itemsView, visibility=GONE, width=0, height=0, has-focus=false, has-focusable=false, has-window-focus=true, is-clickable=false, is-enabled=true, is-focused=false, is-focusable=false, is-layout-requested=true, is-selected=false, layout-params=android.widget.FrameLayout$LayoutParams&#64;97721f9, tag=null, root-is-layout-requested=false, has-input-connection=false, x=0.0, y=0.0, child-count=2}
|
+------&gt;LinearLayout{id=2130903048, res-name=LinearLayout01, visibility=VISIBLE, width=0, height=0, has-focus=false, has-focusable=true, has-window-focus=true, is-clickable=false, is-enabled=true, is-focused=false, is-focusable=false, is-layout-requested=true, is-selected=false, layout-params=android.widget.LinearLayout$LayoutParams&#64;bc708ec, tag=null, root-is-layout-requested=false, has-input-connection=false, x=0.0, y=0.0, child-count=2}
|
+-------&gt;EditText{id=2130903041, res-name=AddItemEditText, desc=addItemEditText, visibility=VISIBLE, width=0, height=0, has-focus=false, has-focusable=true, has-window-focus=true, is-clickable=true, is-enabled=true, is-focused=false, is-focusable=true, is-layout-requested=true, is-selected=false, layout-params=android.widget.LinearLayout$LayoutParams&#64;afee4b5, tag=null, root-is-layout-requested=false, has-input-connection=true, editor-info=[inputType=0x31 imeOptions=0x8000006 privateImeOptions=null actionLabel=null actionId=0 initialSelStart=0 initialSelEnd=0 initialCapsMode=0x0 hintText=New Item Name label=null packageName=null fieldId=0 fieldName=null extras=null hintLocales=null contentMimeTypes=null ], x=0.0, y=0.0, text=, hint=New Item Name, input-type=49, ime-target=false, has-links=false}
|
+-------&gt;Button{id=2130903040, res-name=AddItemButton, desc=Add, visibility=VISIBLE, width=0, height=0, has-focus=false, has-focusable=true, has-window-focus=true, is-clickable=true, is-enabled=true, is-focused=false, is-focusable=true, is-layout-requested=true, is-selected=false, layout-params=android.widget.LinearLayout$LayoutParams&#64;134b74a, tag=null, root-is-layout-requested=false, has-input-connection=false, x=0.0, y=0.0, text=Add, input-type=0, ime-target=false, has-links=false}
|
+------&gt;ListView{id=2130903047, res-name=ItemsListView, visibility=VISIBLE, width=0, height=0, has-focus=false, has-focusable=false, has-window-focus=true, is-clickable=true, is-enabled=true, is-focused=false, is-focusable=false, is-layout-requested=true, is-selected=false, layout-params=android.widget.LinearLayout$LayoutParams&#64;86c6bb, tag=null, root-is-layout-requested=false, has-input-connection=false, x=0.0, y=0.0, child-count=0}
|
+--&gt;ActionBarContainer{id=16908669, res-name=action_bar_container, visibility=VISIBLE, width=1080, height=147, has-focus=false, has-focusable=false, has-window-focus=true, is-clickable=false, is-enabled=true, is-focused=false, is-focusable=false, is-layout-requested=false, is-selected=false, layout-params=com.android.internal.widget.ActionBarOverlayLayout$LayoutParams&#64;98efe16, tag=null, root-is-layout-requested=false, has-input-connection=false, x=0.0, y=63.0, child-count=2}
|
+---&gt;Toolbar{id=16908668, res-name=action_bar, visibility=VISIBLE, width=1080, height=147, has-focus=false, has-focusable=false, has-window-focus=true, is-clickable=false, is-enabled=true, is-focused=false, is-focusable=false, is-layout-requested=false, is-selected=false, layout-params=android.widget.FrameLayout$LayoutParams&#64;e511397, tag=null, root-is-layout-requested=false, has-input-connection=false, x=0.0, y=0.0, child-count=2}
|
+----&gt;TextView{id=-1, visibility=VISIBLE, width=240, height=71, has-focus=false, has-focusable=false, has-window-focus=true, is-clickable=false, is-enabled=true, is-focused=false, is-focusable=false, is-layout-requested=false, is-selected=false, layout-params=android.widget.Toolbar$LayoutParams&#64;a478984, tag=null, root-is-layout-requested=false, has-input-connection=false, x=42.0, y=38.0, text=Simply Do, input-type=0, ime-target=false, has-links=false}
|
+----&gt;ActionMenuView{id=-1, visibility=VISIBLE, width=105, height=147, has-focus=false, has-focusable=false, has-window-focus=true, is-clickable=false, is-enabled=true, is-focused=false, is-focusable=false, is-layout-requested=false, is-selected=false, layout-params=android.widget.Toolbar$LayoutParams&#64;174e5a2, tag=null, root-is-layout-requested=false, has-input-connection=false, x=975.0, y=0.0, child-count=1}
|
+-----&gt;OverflowMenuButton{id=-1, desc=More options, visibility=VISIBLE, width=105, height=126, has-focus=false, has-focusable=false, has-window-focus=true, is-clickable=true, is-enabled=true, is-focused=false, is-focusable=true, is-layout-requested=false, is-selected=false, layout-params=android.widget.ActionMenuView$LayoutParams&#64;a095233, tag=null, root-is-layout-requested=false, has-input-connection=false, x=0.0, y=10.0}
|
+---&gt;ActionBarContextView{id=16908673, res-name=action_context_bar, visibility=GONE, width=0, height=0, has-focus=false, has-focusable=false, has-window-focus=true, is-clickable=false, is-enabled=true, is-focused=false, is-focusable=false, is-layout-requested=true, is-selected=false, layout-params=android.widget.FrameLayout$LayoutParams&#64;375b9f0, tag=null, root-is-layout-requested=false, has-input-connection=false, x=0.0, y=0.0, child-count=0}
|
+-&gt;View{id=16908336, res-name=navigationBarBackground, visibility=VISIBLE, width=1080, height=126, has-focus=false, has-focusable=false, has-window-focus=true, is-clickable=false, is-enabled=true, is-focused=false, is-focusable=false, is-layout-requested=false, is-selected=false, layout-params=android.widget.FrameLayout$LayoutParams&#64;7677b69, tag=null, root-is-layout-requested=false, has-input-connection=false, x=0.0, y=1794.0}
|
+-&gt;View{id=16908335, res-name=statusBarBackground, visibility=VISIBLE, width=1080, height=63, has-focus=false, has-focusable=false, has-window-focus=true, is-clickable=false, is-enabled=true, is-focused=false, is-focusable=false, is-layout-requested=false, is-selected=false, layout-params=android.widget.FrameLayout$LayoutParams&#64;adfb9ee, tag=null, root-is-layout-requested=false, has-input-connection=false, x=0.0, y=0.0}
|
at dalvik.system.VMStack.getThreadStackTrace(Native Method)
at java.lang.Thread.getStackTrace(Thread.java:1536)
at android.support.test.espresso.base.DefaultFailureHandler.getUserFriendlyError(DefaultFailureHandler.java:88)
at android.support.test.espresso.base.DefaultFailureHandler.handle(DefaultFailureHandler.java:51)
at android.support.test.espresso.ViewInteraction.waitForAndHandleInteractionResults(ViewInteraction.java:312)
at android.support.test.espresso.ViewInteraction.desugaredPerform(ViewInteraction.java:173)
at android.support.test.espresso.ViewInteraction.perform(ViewInteraction.java:114)
at kdk.android.simplydo.C2.CheckItemC2.checkItemC2(CheckItemC2.java:50)
at java.lang.reflect.Method.invoke(Native Method)
at org.junit.runners.model.FrameworkMethod$1.runReflectiveCall(FrameworkMethod.java:50)
at org.junit.internal.runners.model.ReflectiveCallable.run(ReflectiveCallable.java:12)
at org.junit.runners.model.FrameworkMethod.invokeExplosively(FrameworkMethod.java:47)
at org.junit.internal.runners.statements.InvokeMethod.evaluate(InvokeMethod.java:17)
at android.support.test.rule.ActivityTestRule$ActivityStatement.evaluate(ActivityTestRule.java:527)
at org.junit.rules.RunRules.evaluate(RunRules.java:20)
at org.junit.runners.ParentRunner.runLeaf(ParentRunner.java:325)
at org.junit.runners.BlockJUnit4ClassRunner.runChild(BlockJUnit4ClassRunner.java:78)
at org.junit.runners.BlockJUnit4ClassRunner.runChild(BlockJUnit4ClassRunner.java:57)
at org.junit.runners.ParentRunner$3.run(ParentRunner.java:290)
at org.junit.runners.ParentRunner$1.schedule(ParentRunner.java:71)
at org.junit.runners.ParentRunner.runChildren(ParentRunner.java:288)
at org.junit.runners.ParentRunner.access$000(ParentRunner.java:58)
at org.junit.runners.ParentRunner$2.evaluate(ParentRunner.java:268)
at org.junit.runners.ParentRunner.run(ParentRunner.java:363)
at android.support.test.runner.AndroidJUnit4.run(AndroidJUnit4.java:101)
at org.junit.runners.Suite.runChild(Suite.java:128)
at org.junit.runners.Suite.runChild(Suite.java:27)
at org.junit.runners.ParentRunner$3.run(ParentRunner.java:290)
at org.junit.runners.ParentRunner$1.schedule(ParentRunner.java:71)
at org.junit.runners.ParentRunner.runChildren(ParentRunner.java:288)
at org.junit.runners.ParentRunner.access$000(ParentRunner.java:58)
at org.junit.runners.ParentRunner$2.evaluate(ParentRunner.java:268)
at org.junit.runners.ParentRunner.run(ParentRunner.java:363)
at org.junit.runner.JUnitCore.run(JUnitCore.java:137)
at org.junit.runner.JUnitCore.run(JUnitCore.java:115)
at android.support.test.internal.runner.TestExecutor.execute(TestExecutor.java:56)
at android.support.test.runner.AndroidJUnitRunner.onStart(AndroidJUnitRunner.java:384)
at android.app.Instrumentation$InstrumentationThread.run(Instrumentation.java:2074)
</failure>
  </testcase>
  <testcase name="createListsC2" classname="kdk.android.simplydo.C2.CreateListsC2" time="1.34" />
  <testcase name="decoratorC2" classname="kdk.android.simplydo.C2.DecoratorC2" time="1.755">
    <failure>android.support.test.espresso.AmbiguousViewMatcherException: '(with class name: is "android.widget.LinearLayout" and is displayed on the screen to the user)' matches multiple views in the hierarchy.
Problem views are marked with '****MATCHES****' below.

View Hierarchy:
+&gt;DecorView{id=-1, visibility=VISIBLE, width=1080, height=1920, has-focus=true, has-focusable=true, has-window-focus=true, is-clickable=false, is-enabled=true, is-focused=false, is-focusable=false, is-layout-requested=false, is-selected=false, layout-params=WM.LayoutParams{(0,0)(fillxfill) ty=1 fl=#81810100 pfl=0x20000 wanim=0x10302f6 needsMenuKey=2 colorMode=0}, tag=null, root-is-layout-requested=false, has-input-connection=false, x=0.0, y=0.0, child-count=3}
|
+-&gt;ActionBarOverlayLayout{id=16908822, res-name=decor_content_parent, visibility=VISIBLE, width=1080, height=1794, has-focus=true, has-focusable=true, has-window-focus=true, is-clickable=false, is-enabled=true, is-focused=false, is-focusable=false, is-layout-requested=false, is-selected=false, layout-params=android.widget.FrameLayout$LayoutParams&#64;6e8895, tag=null, root-is-layout-requested=false, has-input-connection=false, x=0.0, y=0.0, child-count=2}
|
+--&gt;FrameLayout{id=16908290, res-name=content, visibility=VISIBLE, width=1080, height=1584, has-focus=true, has-focusable=true, has-window-focus=true, is-clickable=false, is-enabled=true, is-focused=false, is-focusable=false, is-layout-requested=false, is-selected=false, layout-params=com.android.internal.widget.ActionBarOverlayLayout$LayoutParams&#64;4ebbdaa, tag=null, root-is-layout-requested=false, has-input-connection=false, x=0.0, y=210.0, child-count=1}
|
+---&gt;LinearLayout{id=-1, visibility=VISIBLE, width=1080, height=1584, has-focus=true, has-focusable=true, has-window-focus=true, is-clickable=false, is-enabled=true, is-focused=false, is-focusable=false, is-layout-requested=false, is-selected=false, layout-params=android.widget.FrameLayout$LayoutParams&#64;2392538, tag=null, root-is-layout-requested=false, has-input-connection=false, x=0.0, y=0.0, child-count=2} ****MATCHES****
|
+----&gt;LinearLayout{id=-1, visibility=VISIBLE, width=1080, height=1584, has-focus=true, has-focusable=true, has-window-focus=true, is-clickable=false, is-enabled=true, is-focused=false, is-focusable=false, is-layout-requested=false, is-selected=false, layout-params=android.widget.LinearLayout$LayoutParams&#64;cfc1911, tag=null, root-is-layout-requested=false, has-input-connection=false, x=0.0, y=0.0, child-count=1} ****MATCHES****
|
+-----&gt;LinearLayout{id=16908926, res-name=headers, visibility=VISIBLE, width=1080, height=1584, has-focus=true, has-focusable=true, has-window-focus=true, is-clickable=false, is-enabled=true, is-focused=false, is-focusable=false, is-layout-requested=false, is-selected=false, layout-params=android.widget.LinearLayout$LayoutParams&#64;4f75ce4, tag=null, root-is-layout-requested=false, has-input-connection=false, x=0.0, y=0.0, child-count=2} ****MATCHES****
|
+------&gt;ListView{id=16908298, res-name=list, visibility=VISIBLE, width=1080, height=1584, has-focus=true, has-focusable=true, has-window-focus=true, is-clickable=true, is-enabled=true, is-focused=true, is-focusable=true, is-layout-requested=false, is-selected=false, layout-params=android.widget.LinearLayout$LayoutParams&#64;7f8354d, tag=null, root-is-layout-requested=false, has-input-connection=false, x=0.0, y=0.0, child-count=6}
|
+-------&gt;LinearLayout{id=-1, visibility=VISIBLE, width=1080, height=141, has-focus=false, has-focusable=false, has-window-focus=true, is-clickable=false, is-enabled=true, is-focused=false, is-focusable=false, is-layout-requested=false, is-selected=false, layout-params=android.widget.AbsListView$LayoutParams&#64;61fd949, tag=null, root-is-layout-requested=false, has-input-connection=false, x=0.0, y=0.0, child-count=3} ****MATCHES****
|
+--------&gt;LinearLayout{id=16908350, res-name=icon_frame, visibility=GONE, width=0, height=0, has-focus=false, has-focusable=false, has-window-focus=true, is-clickable=false, is-enabled=true, is-focused=false, is-focusable=false, is-layout-requested=false, is-selected=false, layout-params=android.widget.LinearLayout$LayoutParams&#64;1d41f6f, tag=null, root-is-layout-requested=false, has-input-connection=false, x=0.0, y=0.0, child-count=1}
|
+---------&gt;PreferenceImageView{id=16908294, res-name=icon, visibility=GONE, width=0, height=0, has-focus=false, has-focusable=false, has-window-focus=true, is-clickable=false, is-enabled=true, is-focused=false, is-focusable=false, is-layout-requested=true, is-selected=false, layout-params=android.widget.LinearLayout$LayoutParams&#64;7bf647c, tag=null, root-is-layout-requested=false, has-input-connection=false, x=0.0, y=0.0}
|
+--------&gt;RelativeLayout{id=-1, visibility=VISIBLE, width=996, height=141, has-focus=false, has-focusable=false, has-window-focus=true, is-clickable=false, is-enabled=true, is-focused=false, is-focusable=false, is-layout-requested=false, is-selected=false, layout-params=android.widget.LinearLayout$LayoutParams&#64;fad438b, tag=null, root-is-layout-requested=false, has-input-connection=false, x=42.0, y=0.0, child-count=2}
|
+---------&gt;TextView{id=16908310, res-name=title, visibility=VISIBLE, width=229, height=57, has-focus=false, has-focusable=false, has-window-focus=true, is-clickable=false, is-enabled=true, is-focused=false, is-focusable=false, is-layout-requested=false, is-selected=false, layout-params=android.widget.RelativeLayout$LayoutParams&#64;fdc4c68, tag=null, root-is-layout-requested=false, has-input-connection=false, x=0.0, y=42.0, text=Item Sorting, input-type=0, ime-target=false, has-links=false}
|
+---------&gt;TextView{id=16908304, res-name=summary, visibility=GONE, width=0, height=0, has-focus=false, has-focusable=false, has-window-focus=true, is-clickable=false, is-enabled=true, is-focused=false, is-focusable=false, is-layout-requested=true, is-selected=false, layout-params=android.widget.RelativeLayout$LayoutParams&#64;846881, tag=null, root-is-layout-requested=false, has-input-connection=false, x=0.0, y=0.0, text=, input-type=0, ime-target=false, has-links=false}
|
+--------&gt;LinearLayout{id=16908312, res-name=widget_frame, visibility=GONE, width=0, height=0, has-focus=false, has-focusable=false, has-window-focus=true, is-clickable=false, is-enabled=true, is-focused=false, is-focusable=false, is-layout-requested=true, is-selected=false, layout-params=android.widget.LinearLayout$LayoutParams&#64;4fdfd26, tag=null, root-is-layout-requested=false, has-input-connection=false, x=0.0, y=0.0, child-count=0}
|
+-------&gt;LinearLayout{id=-1, visibility=VISIBLE, width=1080, height=141, has-focus=false, has-focusable=false, has-window-focus=true, is-clickable=false, is-enabled=true, is-focused=false, is-focusable=false, is-layout-requested=false, is-selected=false, layout-params=android.widget.AbsListView$LayoutParams&#64;ebcc5b2, tag=null, root-is-layout-requested=false, has-input-connection=false, x=0.0, y=144.0, child-count=3} ****MATCHES****
|
+--------&gt;LinearLayout{id=16908350, res-name=icon_frame, visibility=GONE, width=0, height=0, has-focus=false, has-focusable=false, has-window-focus=true, is-clickable=false, is-enabled=true, is-focused=false, is-focusable=false, is-layout-requested=false, is-selected=false, layout-params=android.widget.LinearLayout$LayoutParams&#64;cda4080, tag=null, root-is-layout-requested=false, has-input-connection=false, x=0.0, y=0.0, child-count=1}
|
+---------&gt;PreferenceImageView{id=16908294, res-name=icon, visibility=GONE, width=0, height=0, has-focus=false, has-focusable=false, has-window-focus=true, is-clickable=false, is-enabled=true, is-focused=false, is-focusable=false, is-layout-requested=true, is-selected=false, layout-params=android.widget.LinearLayout$LayoutParams&#64;b94a6b9, tag=null, root-is-layout-requested=false, has-input-connection=false, x=0.0, y=0.0}
|
+--------&gt;RelativeLayout{id=-1, visibility=VISIBLE, width=996, height=141, has-focus=false, has-focusable=false, has-window-focus=true, is-clickable=false, is-enabled=true, is-focused=false, is-focusable=false, is-layout-requested=false, is-selected=false, layout-params=android.widget.LinearLayout$LayoutParams&#64;9e2e4ac, tag=null, root-is-layout-requested=false, has-input-connection=false, x=42.0, y=0.0, child-count=2}
|
+---------&gt;TextView{id=16908310, res-name=title, visibility=VISIBLE, width=214, height=57, has-focus=false, has-focusable=false, has-window-focus=true, is-clickable=false, is-enabled=true, is-focused=false, is-focusable=false, is-layout-requested=false, is-selected=false, layout-params=android.widget.RelativeLayout$LayoutParams&#64;4ff575, tag=null, root-is-layout-requested=false, has-input-connection=false, x=0.0, y=42.0, text=List Sorting, input-type=0, ime-target=false, has-links=false}
|
+---------&gt;TextView{id=16908304, res-name=summary, visibility=GONE, width=0, height=0, has-focus=false, has-focusable=false, has-window-focus=true, is-clickable=false, is-enabled=true, is-focused=false, is-focusable=false, is-layout-requested=true, is-selected=false, layout-params=android.widget.RelativeLayout$LayoutParams&#64;c53590a, tag=null, root-is-layout-requested=false, has-input-connection=false, x=0.0, y=0.0, text=, input-type=0, ime-target=false, has-links=false}
|
+--------&gt;LinearLayout{id=16908312, res-name=widget_frame, visibility=GONE, width=0, height=0, has-focus=false, has-focusable=false, has-window-focus=true, is-clickable=false, is-enabled=true, is-focused=false, is-focusable=false, is-layout-requested=true, is-selected=false, layout-params=android.widget.LinearLayout$LayoutParams&#64;c5a257b, tag=null, root-is-layout-requested=false, has-input-connection=false, x=0.0, y=0.0, child-count=0}
|
+-------&gt;LinearLayout{id=-1, visibility=VISIBLE, width=1080, height=141, has-focus=false, has-focusable=false, has-window-focus=true, is-clickable=false, is-enabled=true, is-focused=false, is-focusable=false, is-layout-requested=false, is-selected=false, layout-params=android.widget.AbsListView$LayoutParams&#64;bdb9e57, tag=null, root-is-layout-requested=false, has-input-connection=false, x=0.0, y=288.0, child-count=3} ****MATCHES****
|
+--------&gt;LinearLayout{id=16908350, res-name=icon_frame, visibility=GONE, width=0, height=0, has-focus=false, has-focusable=false, has-window-focus=true, is-clickable=false, is-enabled=true, is-focused=false, is-focusable=false, is-layout-requested=false, is-selected=false, layout-params=android.widget.LinearLayout$LayoutParams&#64;f3e5e2d, tag=null, root-is-layout-requested=false, has-input-connection=false, x=0.0, y=0.0, child-count=1}
|
+---------&gt;PreferenceImageView{id=16908294, res-name=icon, visibility=GONE, width=0, height=0, has-focus=false, has-focusable=false, has-window-focus=true, is-clickable=false, is-enabled=true, is-focused=false, is-focusable=false, is-layout-requested=true, is-selected=false, layout-params=android.widget.LinearLayout$LayoutParams&#64;20dff62, tag=null, root-is-layout-requested=false, has-input-connection=false, x=0.0, y=0.0}
|
+--------&gt;RelativeLayout{id=-1, visibility=VISIBLE, width=996, height=141, has-focus=false, has-focusable=false, has-window-focus=true, is-clickable=false, is-enabled=true, is-focused=false, is-focusable=false, is-layout-requested=false, is-selected=false, layout-params=android.widget.LinearLayout$LayoutParams&#64;54fb029, tag=null, root-is-layout-requested=false, has-input-connection=false, x=42.0, y=0.0, child-count=2}
|
+---------&gt;TextView{id=16908310, res-name=title, visibility=VISIBLE, width=358, height=57, has-focus=false, has-focusable=false, has-window-focus=true, is-clickable=false, is-enabled=true, is-focused=false, is-focusable=false, is-layout-requested=false, is-selected=false, layout-params=android.widget.RelativeLayout$LayoutParams&#64;350afae, tag=null, root-is-layout-requested=false, has-input-connection=false, x=0.0, y=42.0, text=Inactive Decoration, input-type=0, ime-target=false, has-links=false}
|
+---------&gt;TextView{id=16908304, res-name=summary, visibility=GONE, width=0, height=0, has-focus=false, has-focusable=false, has-window-focus=true, is-clickable=false, is-enabled=true, is-focused=false, is-focusable=false, is-layout-requested=true, is-selected=false, layout-params=android.widget.RelativeLayout$LayoutParams&#64;d76014f, tag=null, root-is-layout-requested=false, has-input-connection=false, x=0.0, y=0.0, text=, input-type=0, ime-target=false, has-links=false}
|
+--------&gt;LinearLayout{id=16908312, res-name=widget_frame, visibility=GONE, width=0, height=0, has-focus=false, has-focusable=false, has-window-focus=true, is-clickable=false, is-enabled=true, is-focused=false, is-focusable=false, is-layout-requested=true, is-selected=false, layout-params=android.widget.LinearLayout$LayoutParams&#64;1bed0dc, tag=null, root-is-layout-requested=false, has-input-connection=false, x=0.0, y=0.0, child-count=0}
|
+-------&gt;LinearLayout{id=-1, visibility=VISIBLE, width=1080, height=141, has-focus=false, has-focusable=false, has-window-focus=true, is-clickable=false, is-enabled=true, is-focused=false, is-focusable=false, is-layout-requested=false, is-selected=false, layout-params=android.widget.AbsListView$LayoutParams&#64;fbb636b, tag=null, root-is-layout-requested=false, has-input-connection=false, x=0.0, y=432.0, child-count=3} ****MATCHES****
|
+--------&gt;LinearLayout{id=16908350, res-name=icon_frame, visibility=GONE, width=0, height=0, has-focus=false, has-focusable=false, has-window-focus=true, is-clickable=false, is-enabled=true, is-focused=false, is-focusable=false, is-layout-requested=false, is-selected=false, layout-params=android.widget.LinearLayout$LayoutParams&#64;13c3b61, tag=null, root-is-layout-requested=false, has-input-connection=false, x=0.0, y=0.0, child-count=1}
|
+---------&gt;PreferenceImageView{id=16908294, res-name=icon, visibility=GONE, width=0, height=0, has-focus=false, has-focusable=false, has-window-focus=true, is-clickable=false, is-enabled=true, is-focused=false, is-focusable=false, is-layout-requested=true, is-selected=false, layout-params=android.widget.LinearLayout$LayoutParams&#64;ec30686, tag=null, root-is-layout-requested=false, has-input-connection=false, x=0.0, y=0.0}
|
+--------&gt;RelativeLayout{id=-1, visibility=VISIBLE, width=870, height=141, has-focus=false, has-focusable=false, has-window-focus=true, is-clickable=false, is-enabled=true, is-focused=false, is-focusable=false, is-layout-requested=false, is-selected=false, layout-params=android.widget.LinearLayout$LayoutParams&#64;f202c9d, tag=null, root-is-layout-requested=false, has-input-connection=false, x=42.0, y=0.0, child-count=2}
|
+---------&gt;TextView{id=16908310, res-name=title, visibility=VISIBLE, width=488, height=57, has-focus=false, has-focusable=false, has-window-focus=true, is-clickable=false, is-enabled=true, is-focused=false, is-focusable=false, is-layout-requested=false, is-selected=false, layout-params=android.widget.RelativeLayout$LayoutParams&#64;cb90512, tag=null, root-is-layout-requested=false, has-input-connection=false, x=0.0, y=42.0, text=Confirm Delete All Inactive, input-type=0, ime-target=false, has-links=false}
|
+---------&gt;TextView{id=16908304, res-name=summary, visibility=GONE, width=0, height=0, has-focus=false, has-focusable=false, has-window-focus=true, is-clickable=false, is-enabled=true, is-focused=false, is-focusable=false, is-layout-requested=true, is-selected=false, layout-params=android.widget.RelativeLayout$LayoutParams&#64;83ed4e3, tag=null, root-is-layout-requested=false, has-input-connection=false, x=0.0, y=0.0, text=, input-type=0, ime-target=false, has-links=false}
|
+--------&gt;LinearLayout{id=16908312, res-name=widget_frame, visibility=VISIBLE, width=126, height=141, has-focus=false, has-focusable=false, has-window-focus=true, is-clickable=false, is-enabled=true, is-focused=false, is-focusable=false, is-layout-requested=false, is-selected=false, layout-params=android.widget.LinearLayout$LayoutParams&#64;f57f599, tag=null, root-is-layout-requested=false, has-input-connection=false, x=912.0, y=0.0, child-count=1} ****MATCHES****
|
+---------&gt;CheckBox{id=16908289, res-name=checkbox, visibility=VISIBLE, width=84, height=84, has-focus=false, has-focusable=false, has-window-focus=true, is-clickable=false, is-enabled=true, is-focused=false, is-focusable=false, is-layout-requested=false, is-selected=false, layout-params=android.widget.LinearLayout$LayoutParams&#64;29e605e, tag=null, root-is-layout-requested=false, has-input-connection=false, x=42.0, y=28.0, text=, input-type=0, ime-target=false, has-links=false, is-checked=true}
|
+-------&gt;LinearLayout{id=-1, visibility=VISIBLE, width=1080, height=141, has-focus=false, has-focusable=false, has-window-focus=true, is-clickable=false, is-enabled=true, is-focused=false, is-focusable=false, is-layout-requested=false, is-selected=false, layout-params=android.widget.AbsListView$LayoutParams&#64;aec246a, tag=null, root-is-layout-requested=false, has-input-connection=false, x=0.0, y=576.0, child-count=3} ****MATCHES****
|
+--------&gt;LinearLayout{id=16908350, res-name=icon_frame, visibility=GONE, width=0, height=0, has-focus=false, has-focusable=false, has-window-focus=true, is-clickable=false, is-enabled=true, is-focused=false, is-focusable=false, is-layout-requested=false, is-selected=false, layout-params=android.widget.LinearLayout$LayoutParams&#64;bb2c9f8, tag=null, root-is-layout-requested=false, has-input-connection=false, x=0.0, y=0.0, child-count=1}
|
+---------&gt;PreferenceImageView{id=16908294, res-name=icon, visibility=GONE, width=0, height=0, has-focus=false, has-focusable=false, has-window-focus=true, is-clickable=false, is-enabled=true, is-focused=false, is-focusable=false, is-layout-requested=true, is-selected=false, layout-params=android.widget.LinearLayout$LayoutParams&#64;279bed1, tag=null, root-is-layout-requested=false, has-input-connection=false, x=0.0, y=0.0}
|
+--------&gt;RelativeLayout{id=-1, visibility=VISIBLE, width=996, height=141, has-focus=false, has-focusable=false, has-window-focus=true, is-clickable=false, is-enabled=true, is-focused=false, is-focusable=false, is-layout-requested=false, is-selected=false, layout-params=android.widget.LinearLayout$LayoutParams&#64;b468da4, tag=null, root-is-layout-requested=false, has-input-connection=false, x=42.0, y=0.0, child-count=2}
|
+---------&gt;TextView{id=16908310, res-name=title, visibility=VISIBLE, width=235, height=57, has-focus=false, has-focusable=false, has-window-focus=true, is-clickable=false, is-enabled=true, is-focused=false, is-focusable=false, is-layout-requested=false, is-selected=false, layout-params=android.widget.RelativeLayout$LayoutParams&#64;d0a770d, tag=null, root-is-layout-requested=false, has-input-connection=false, x=0.0, y=42.0, text=Backup Now, input-type=0, ime-target=false, has-links=false}
|
+---------&gt;TextView{id=16908304, res-name=summary, visibility=GONE, width=0, height=0, has-focus=false, has-focusable=false, has-window-focus=true, is-clickable=false, is-enabled=true, is-focused=false, is-focusable=false, is-layout-requested=true, is-selected=false, layout-params=android.widget.RelativeLayout$LayoutParams&#64;ec8d6c2, tag=null, root-is-layout-requested=false, has-input-connection=false, x=0.0, y=0.0, text=, input-type=0, ime-target=false, has-links=false}
|
+--------&gt;LinearLayout{id=16908312, res-name=widget_frame, visibility=GONE, width=0, height=0, has-focus=false, has-focusable=false, has-window-focus=true, is-clickable=false, is-enabled=true, is-focused=false, is-focusable=false, is-layout-requested=true, is-selected=false, layout-params=android.widget.LinearLayout$LayoutParams&#64;8febcd3, tag=null, root-is-layout-requested=false, has-input-connection=false, x=0.0, y=0.0, child-count=0}
|
+-------&gt;LinearLayout{id=-1, visibility=VISIBLE, width=1080, height=141, has-focus=false, has-focusable=false, has-window-focus=true, is-clickable=false, is-enabled=true, is-focused=false, is-focusable=false, is-layout-requested=false, is-selected=false, layout-params=android.widget.AbsListView$LayoutParams&#64;5ee532f, tag=null, root-is-layout-requested=false, has-input-connection=false, x=0.0, y=720.0, child-count=3} ****MATCHES****
|
+--------&gt;LinearLayout{id=16908350, res-name=icon_frame, visibility=GONE, width=0, height=0, has-focus=false, has-focusable=false, has-window-focus=true, is-clickable=false, is-enabled=true, is-focused=false, is-focusable=false, is-layout-requested=false, is-selected=false, layout-params=android.widget.LinearLayout$LayoutParams&#64;2647ac5, tag=null, root-is-layout-requested=false, has-input-connection=false, x=0.0, y=0.0, child-count=1}
|
+---------&gt;PreferenceImageView{id=16908294, res-name=icon, visibility=GONE, width=0, height=0, has-focus=false, has-focusable=false, has-window-focus=true, is-clickable=false, is-enabled=true, is-focused=false, is-focusable=false, is-layout-requested=true, is-selected=false, layout-params=android.widget.LinearLayout$LayoutParams&#64;b8e7c1a, tag=null, root-is-layout-requested=false, has-input-connection=false, x=0.0, y=0.0}
|
+--------&gt;RelativeLayout{id=-1, visibility=VISIBLE, width=996, height=141, has-focus=false, has-focusable=false, has-window-focus=true, is-clickable=false, is-enabled=true, is-focused=false, is-focusable=false, is-layout-requested=false, is-selected=false, layout-params=android.widget.LinearLayout$LayoutParams&#64;e96fe41, tag=null, root-is-layout-requested=false, has-input-connection=false, x=42.0, y=0.0, child-count=2}
|
+---------&gt;TextView{id=16908310, res-name=title, visibility=VISIBLE, width=144, height=57, has-focus=false, has-focusable=false, has-window-focus=true, is-clickable=false, is-enabled=true, is-focused=false, is-focusable=false, is-layout-requested=false, is-selected=false, layout-params=android.widget.RelativeLayout$LayoutParams&#64;f083fe6, tag=null, root-is-layout-requested=false, has-input-connection=false, x=0.0, y=42.0, text=Restore, input-type=0, ime-target=false, has-links=false}
|
+---------&gt;TextView{id=16908304, res-name=summary, visibility=GONE, width=0, height=0, has-focus=false, has-focusable=false, has-window-focus=true, is-clickable=false, is-enabled=true, is-focused=false, is-focusable=false, is-layout-requested=true, is-selected=false, layout-params=android.widget.RelativeLayout$LayoutParams&#64;bdf7927, tag=null, root-is-layout-requested=false, has-input-connection=false, x=0.0, y=0.0, text=, input-type=0, ime-target=false, has-links=false}
|
+--------&gt;LinearLayout{id=16908312, res-name=widget_frame, visibility=GONE, width=0, height=0, has-focus=false, has-focusable=false, has-window-focus=true, is-clickable=false, is-enabled=true, is-focused=false, is-focusable=false, is-layout-requested=true, is-selected=false, layout-params=android.widget.LinearLayout$LayoutParams&#64;3aa7d4, tag=null, root-is-layout-requested=false, has-input-connection=false, x=0.0, y=0.0, child-count=0}
|
+------&gt;FrameLayout{id=16909013, res-name=list_footer, visibility=VISIBLE, width=1080, height=0, has-focus=false, has-focusable=false, has-window-focus=true, is-clickable=false, is-enabled=true, is-focused=false, is-focusable=false, is-layout-requested=false, is-selected=false, layout-params=android.widget.LinearLayout$LayoutParams&#64;a143d7d, tag=null, root-is-layout-requested=false, has-input-connection=false, x=0.0, y=1584.0, child-count=0}
|
+----&gt;RelativeLayout{id=16908758, res-name=button_bar, visibility=GONE, width=0, height=0, has-focus=false, has-focusable=false, has-window-focus=true, is-clickable=false, is-enabled=true, is-focused=false, is-focusable=false, is-layout-requested=true, is-selected=false, layout-params=android.widget.LinearLayout$LayoutParams&#64;a846d40, tag=null, root-is-layout-requested=false, has-input-connection=false, x=0.0, y=0.0, child-count=2}
|
+-----&gt;Button{id=16908732, res-name=back_button, visibility=VISIBLE, width=0, height=0, has-focus=false, has-focusable=true, has-window-focus=true, is-clickable=true, is-enabled=true, is-focused=false, is-focusable=true, is-layout-requested=true, is-selected=false, layout-params=android.widget.RelativeLayout$LayoutParams&#64;32c3479, tag=null, root-is-layout-requested=false, has-input-connection=false, x=0.0, y=0.0, text=Back, input-type=0, ime-target=false, has-links=false}
|
+-----&gt;LinearLayout{id=-1, visibility=VISIBLE, width=0, height=0, has-focus=false, has-focusable=true, has-window-focus=true, is-clickable=false, is-enabled=true, is-focused=false, is-focusable=false, is-layout-requested=true, is-selected=false, layout-params=android.widget.RelativeLayout$LayoutParams&#64;ae31d6c, tag=null, root-is-layout-requested=false, has-input-connection=false, x=0.0, y=0.0, child-count=2}
|
+------&gt;Button{id=16909277, res-name=skip_button, visibility=GONE, width=0, height=0, has-focus=false, has-focusable=false, has-window-focus=true, is-clickable=true, is-enabled=true, is-focused=false, is-focusable=true, is-layout-requested=true, is-selected=false, layout-params=android.widget.LinearLayout$LayoutParams&#64;3329f35, tag=null, root-is-layout-requested=false, has-input-connection=false, x=0.0, y=0.0, text=Skip, input-type=0, ime-target=false, has-links=false}
|
+------&gt;Button{id=16909075, res-name=next_button, visibility=VISIBLE, width=0, height=0, has-focus=false, has-focusable=true, has-window-focus=true, is-clickable=true, is-enabled=true, is-focused=false, is-focusable=true, is-layout-requested=true, is-selected=false, layout-params=android.widget.LinearLayout$LayoutParams&#64;10e1fca, tag=null, root-is-layout-requested=false, has-input-connection=false, x=0.0, y=0.0, text=Next, input-type=0, ime-target=false, has-links=false}
|
+--&gt;ActionBarContainer{id=16908669, res-name=action_bar_container, visibility=VISIBLE, width=1080, height=147, has-focus=false, has-focusable=false, has-window-focus=true, is-clickable=false, is-enabled=true, is-focused=false, is-focusable=false, is-layout-requested=false, is-selected=false, layout-params=com.android.internal.widget.ActionBarOverlayLayout$LayoutParams&#64;afaf9b1, tag=null, root-is-layout-requested=false, has-input-connection=false, x=0.0, y=63.0, child-count=2}
|
+---&gt;Toolbar{id=16908668, res-name=action_bar, visibility=VISIBLE, width=1080, height=147, has-focus=false, has-focusable=false, has-window-focus=true, is-clickable=false, is-enabled=true, is-focused=false, is-focusable=false, is-layout-requested=false, is-selected=false, layout-params=android.widget.FrameLayout$LayoutParams&#64;541ae04, tag=null, root-is-layout-requested=false, has-input-connection=false, x=0.0, y=0.0, child-count=2}
|
+----&gt;TextView{id=-1, visibility=VISIBLE, width=196, height=71, has-focus=false, has-focusable=false, has-window-focus=true, is-clickable=false, is-enabled=true, is-focused=false, is-focusable=false, is-layout-requested=false, is-selected=false, layout-params=android.widget.Toolbar$LayoutParams&#64;b147fed, tag=null, root-is-layout-requested=false, has-input-connection=false, x=42.0, y=38.0, text=Settings, input-type=0, ime-target=false, has-links=false}
|
+----&gt;ActionMenuView{id=-1, visibility=VISIBLE, width=0, height=147, has-focus=false, has-focusable=false, has-window-focus=true, is-clickable=false, is-enabled=true, is-focused=false, is-focusable=false, is-layout-requested=false, is-selected=false, layout-params=android.widget.Toolbar$LayoutParams&#64;502de22, tag=null, root-is-layout-requested=false, has-input-connection=false, x=1080.0, y=0.0, child-count=0}
|
+---&gt;ActionBarContextView{id=16908673, res-name=action_context_bar, visibility=GONE, width=0, height=0, has-focus=false, has-focusable=false, has-window-focus=true, is-clickable=false, is-enabled=true, is-focused=false, is-focusable=false, is-layout-requested=true, is-selected=false, layout-params=android.widget.FrameLayout$LayoutParams&#64;23320b3, tag=null, root-is-layout-requested=false, has-input-connection=false, x=0.0, y=0.0, child-count=0}
|
+-&gt;View{id=16908336, res-name=navigationBarBackground, visibility=VISIBLE, width=1080, height=126, has-focus=false, has-focusable=false, has-window-focus=true, is-clickable=false, is-enabled=true, is-focused=false, is-focusable=false, is-layout-requested=false, is-selected=false, layout-params=android.widget.FrameLayout$LayoutParams&#64;12da670, tag=null, root-is-layout-requested=false, has-input-connection=false, x=0.0, y=1794.0}
|
+-&gt;View{id=16908335, res-name=statusBarBackground, visibility=VISIBLE, width=1080, height=63, has-focus=false, has-focusable=false, has-window-focus=true, is-clickable=false, is-enabled=true, is-focused=false, is-focusable=false, is-layout-requested=false, is-selected=false, layout-params=android.widget.FrameLayout$LayoutParams&#64;3c62de9, tag=null, root-is-layout-requested=false, has-input-connection=false, x=0.0, y=0.0}
|
at dalvik.system.VMStack.getThreadStackTrace(Native Method)
at java.lang.Thread.getStackTrace(Thread.java:1536)
at android.support.test.espresso.base.DefaultFailureHandler.getUserFriendlyError(DefaultFailureHandler.java:88)
at android.support.test.espresso.base.DefaultFailureHandler.handle(DefaultFailureHandler.java:51)
at android.support.test.espresso.ViewInteraction.waitForAndHandleInteractionResults(ViewInteraction.java:312)
at android.support.test.espresso.ViewInteraction.desugaredPerform(ViewInteraction.java:173)
at android.support.test.espresso.ViewInteraction.perform(ViewInteraction.java:114)
at kdk.android.simplydo.C2.DecoratorC2.decoratorC2(DecoratorC2.java:49)
at java.lang.reflect.Method.invoke(Native Method)
at org.junit.runners.model.FrameworkMethod$1.runReflectiveCall(FrameworkMethod.java:50)
at org.junit.internal.runners.model.ReflectiveCallable.run(ReflectiveCallable.java:12)
at org.junit.runners.model.FrameworkMethod.invokeExplosively(FrameworkMethod.java:47)
at org.junit.internal.runners.statements.InvokeMethod.evaluate(InvokeMethod.java:17)
at android.support.test.rule.ActivityTestRule$ActivityStatement.evaluate(ActivityTestRule.java:527)
at org.junit.rules.RunRules.evaluate(RunRules.java:20)
at org.junit.runners.ParentRunner.runLeaf(ParentRunner.java:325)
at org.junit.runners.BlockJUnit4ClassRunner.runChild(BlockJUnit4ClassRunner.java:78)
at org.junit.runners.BlockJUnit4ClassRunner.runChild(BlockJUnit4ClassRunner.java:57)
at org.junit.runners.ParentRunner$3.run(ParentRunner.java:290)
at org.junit.runners.ParentRunner$1.schedule(ParentRunner.java:71)
at org.junit.runners.ParentRunner.runChildren(ParentRunner.java:288)
at org.junit.runners.ParentRunner.access$000(ParentRunner.java:58)
at org.junit.runners.ParentRunner$2.evaluate(ParentRunner.java:268)
at org.junit.runners.ParentRunner.run(ParentRunner.java:363)
at android.support.test.runner.AndroidJUnit4.run(AndroidJUnit4.java:101)
at org.junit.runners.Suite.runChild(Suite.java:128)
at org.junit.runners.Suite.runChild(Suite.java:27)
at org.junit.runners.ParentRunner$3.run(ParentRunner.java:290)
at org.junit.runners.ParentRunner$1.schedule(ParentRunner.java:71)
at org.junit.runners.ParentRunner.runChildren(ParentRunner.java:288)
at org.junit.runners.ParentRunner.access$000(ParentRunner.java:58)
at org.junit.runners.ParentRunner$2.evaluate(ParentRunner.java:268)
at org.junit.runners.ParentRunner.run(ParentRunner.java:363)
at org.junit.runner.JUnitCore.run(JUnitCore.java:137)
at org.junit.runner.JUnitCore.run(JUnitCore.java:115)
at android.support.test.internal.runner.TestExecutor.execute(TestExecutor.java:56)
at android.support.test.runner.AndroidJUnitRunner.onStart(AndroidJUnitRunner.java:384)
at android.app.Instrumentation$InstrumentationThread.run(Instrumentation.java:2074)
</failure>
  </testcase>
  <testcase name="deleteInactiveC1" classname="kdk.android.simplydo.C2.DeleteInactiveC2" time="3.325">
    <failure>android.support.test.espresso.NoMatchingViewException: No views in hierarchy found matching: (with id: kdk.android.simplydo:id/ListsListView)
If the target view is not part of the view hierarchy, you may need to use Espresso.onData to load it from one of the following AdapterViews:android.widget.MenuPopupWindow$MenuDropDownListView{373e613 VFED.VC.. .F...... 0,0-515,126}

View Hierarchy:
+&gt;PopupDecorView{id=-1, visibility=VISIBLE, width=515, height=126, has-focus=true, has-focusable=true, has-window-focus=true, is-clickable=false, is-enabled=true, is-focused=false, is-focusable=false, is-layout-requested=false, is-selected=false, layout-params=WM.LayoutParams{(555,73)(515x126) gr=#10800033 sim=#1 ty=1002 fl=#41860200 pfl=0x18000 fmt=-3 surfaceInsets=Rect(84, 84 - 84, 84) (manual) colorMode=0}, tag=null, root-is-layout-requested=false, has-input-connection=false, x=0.0, y=0.0, child-count=1}
|
+-&gt;PopupBackgroundView{id=-1, visibility=VISIBLE, width=515, height=126, has-focus=true, has-focusable=true, has-window-focus=true, is-clickable=false, is-enabled=true, is-focused=false, is-focusable=false, is-layout-requested=false, is-selected=false, layout-params=android.widget.FrameLayout$LayoutParams&#64;e24f050, tag=null, root-is-layout-requested=false, has-input-connection=false, x=0.0, y=0.0, child-count=1}
|
+--&gt;MenuDropDownListView{id=-1, visibility=VISIBLE, width=515, height=126, has-focus=true, has-focusable=true, has-window-focus=true, is-clickable=true, is-enabled=true, is-focused=true, is-focusable=true, is-layout-requested=false, is-selected=false, layout-params=android.widget.FrameLayout$LayoutParams&#64;c32c74e, tag=null, root-is-layout-requested=false, has-input-connection=false, x=0.0, y=0.0, child-count=1}
|
+---&gt;ListMenuItemView{id=-1, visibility=VISIBLE, width=515, height=126, has-focus=false, has-focusable=false, has-window-focus=true, is-clickable=false, is-enabled=true, is-focused=false, is-focusable=false, is-layout-requested=false, is-selected=false, layout-params=android.widget.AbsListView$LayoutParams&#64;25e5a05, tag=null, root-is-layout-requested=false, has-input-connection=false, x=0.0, y=0.0, child-count=2}
|
+----&gt;RelativeLayout{id=-1, visibility=VISIBLE, width=431, height=57, has-focus=false, has-focusable=false, has-window-focus=true, is-clickable=false, is-enabled=true, is-focused=false, is-focusable=false, is-layout-requested=false, is-selected=false, layout-params=android.widget.LinearLayout$LayoutParams&#64;2467968, tag=null, root-is-layout-requested=false, has-input-connection=false, x=42.0, y=34.0, child-count=2}
|
+-----&gt;TextView{id=16908310, res-name=title, visibility=VISIBLE, width=431, height=57, has-focus=false, has-focusable=false, has-window-focus=true, is-clickable=false, is-enabled=true, is-focused=false, is-focusable=false, is-layout-requested=false, is-selected=false, layout-params=android.widget.RelativeLayout$LayoutParams&#64;f6f9181, tag=null, root-is-layout-requested=false, has-input-connection=false, x=0.0, y=0.0, text=Settings, input-type=0, ime-target=false, has-links=false}
|
+-----&gt;TextView{id=16909259, res-name=shortcut, visibility=GONE, width=0, height=0, has-focus=false, has-focusable=false, has-window-focus=true, is-clickable=false, is-enabled=true, is-focused=false, is-focusable=false, is-layout-requested=true, is-selected=false, layout-params=android.widget.RelativeLayout$LayoutParams&#64;b9c7226, tag=null, root-is-layout-requested=false, has-input-connection=false, x=0.0, y=0.0, text=, input-type=0, ime-target=false, has-links=false}
|
+----&gt;ImageView{id=16909319, res-name=submenuarrow, visibility=GONE, width=0, height=0, has-focus=false, has-focusable=false, has-window-focus=true, is-clickable=false, is-enabled=true, is-focused=false, is-focusable=false, is-layout-requested=true, is-selected=false, layout-params=android.widget.LinearLayout$LayoutParams&#64;bc85e67, tag=null, root-is-layout-requested=false, has-input-connection=false, x=0.0, y=0.0}
|
at dalvik.system.VMStack.getThreadStackTrace(Native Method)
at java.lang.Thread.getStackTrace(Thread.java:1536)
at android.support.test.espresso.base.DefaultFailureHandler.getUserFriendlyError(DefaultFailureHandler.java:88)
at android.support.test.espresso.base.DefaultFailureHandler.handle(DefaultFailureHandler.java:51)
at android.support.test.espresso.ViewInteraction.waitForAndHandleInteractionResults(ViewInteraction.java:312)
at android.support.test.espresso.ViewInteraction.desugaredPerform(ViewInteraction.java:173)
at android.support.test.espresso.ViewInteraction.perform(ViewInteraction.java:114)
at android.support.test.espresso.DataInteraction$DisplayDataMatcher$1.apply(DataInteraction.java:213)
at android.support.test.espresso.DataInteraction$DisplayDataMatcher$1.apply(DataInteraction.java:210)
at android.support.test.espresso.DataInteraction$DisplayDataMatcher.&lt;init&gt;(DataInteraction.java:230)
at android.support.test.espresso.DataInteraction$DisplayDataMatcher.&lt;init&gt;(DataInteraction.java:205)
at android.support.test.espresso.DataInteraction$DisplayDataMatcher.displayDataMatcher(DataInteraction.java:248)
at android.support.test.espresso.DataInteraction.makeTargetMatcher(DataInteraction.java:150)
at android.support.test.espresso.DataInteraction.perform(DataInteraction.java:135)
at kdk.android.simplydo.C2.DeleteInactiveC2.deleteInactiveC1(DeleteInactiveC2.java:85)
at java.lang.reflect.Method.invoke(Native Method)
at org.junit.runners.model.FrameworkMethod$1.runReflectiveCall(FrameworkMethod.java:50)
at org.junit.internal.runners.model.ReflectiveCallable.run(ReflectiveCallable.java:12)
at org.junit.runners.model.FrameworkMethod.invokeExplosively(FrameworkMethod.java:47)
at org.junit.internal.runners.statements.InvokeMethod.evaluate(InvokeMethod.java:17)
at android.support.test.rule.ActivityTestRule$ActivityStatement.evaluate(ActivityTestRule.java:527)
at org.junit.rules.RunRules.evaluate(RunRules.java:20)
at org.junit.runners.ParentRunner.runLeaf(ParentRunner.java:325)
at org.junit.runners.BlockJUnit4ClassRunner.runChild(BlockJUnit4ClassRunner.java:78)
at org.junit.runners.BlockJUnit4ClassRunner.runChild(BlockJUnit4ClassRunner.java:57)
at org.junit.runners.ParentRunner$3.run(ParentRunner.java:290)
at org.junit.runners.ParentRunner$1.schedule(ParentRunner.java:71)
at org.junit.runners.ParentRunner.runChildren(ParentRunner.java:288)
at org.junit.runners.ParentRunner.access$000(ParentRunner.java:58)
at org.junit.runners.ParentRunner$2.evaluate(ParentRunner.java:268)
at org.junit.runners.ParentRunner.run(ParentRunner.java:363)
at android.support.test.runner.AndroidJUnit4.run(AndroidJUnit4.java:101)
at org.junit.runners.Suite.runChild(Suite.java:128)
at org.junit.runners.Suite.runChild(Suite.java:27)
at org.junit.runners.ParentRunner$3.run(ParentRunner.java:290)
at org.junit.runners.ParentRunner$1.schedule(ParentRunner.java:71)
at org.junit.runners.ParentRunner.runChildren(ParentRunner.java:288)
at org.junit.runners.ParentRunner.access$000(ParentRunner.java:58)
at org.junit.runners.ParentRunner$2.evaluate(ParentRunner.java:268)
at org.junit.runners.ParentRunner.run(ParentRunner.java:363)
at org.junit.runner.JUnitCore.run(JUnitCore.java:137)
at org.junit.runner.JUnitCore.run(JUnitCore.java:115)
at android.support.test.internal.runner.TestExecutor.execute(TestExecutor.java:56)
at android.support.test.runner.AndroidJUnitRunner.onStart(AndroidJUnitRunner.java:384)
at android.app.Instrumentation$InstrumentationThread.run(Instrumentation.java:2074)
</failure>
  </testcase>
  <testcase name="itemAssertC2" classname="kdk.android.simplydo.C2.ItemAssertC2" time="0.988">
    <failure>android.support.test.espresso.AmbiguousViewMatcherException: '(with class name: is "android.widget.LinearLayout" and is displayed on the screen to the user)' matches multiple views in the hierarchy.
Problem views are marked with '****MATCHES****' below.

View Hierarchy:
+&gt;DecorView{id=-1, visibility=VISIBLE, width=1080, height=1920, has-focus=true, has-focusable=true, has-window-focus=true, is-clickable=false, is-enabled=true, is-focused=false, is-focusable=false, is-layout-requested=false, is-selected=false, layout-params=WM.LayoutParams{(0,0)(fillxfill) sim=#3 ty=1 fl=#81810100 pfl=0x20000 wanim=0x10302f6 needsMenuKey=2 colorMode=0}, tag=null, root-is-layout-requested=false, has-input-connection=false, x=0.0, y=0.0, child-count=3}
|
+-&gt;ActionBarOverlayLayout{id=16908822, res-name=decor_content_parent, visibility=VISIBLE, width=1080, height=1794, has-focus=true, has-focusable=true, has-window-focus=true, is-clickable=false, is-enabled=true, is-focused=false, is-focusable=false, is-layout-requested=false, is-selected=false, layout-params=android.widget.FrameLayout$LayoutParams&#64;811e42, tag=null, root-is-layout-requested=false, has-input-connection=false, x=0.0, y=0.0, child-count=2}
|
+--&gt;FrameLayout{id=16908290, res-name=content, visibility=VISIBLE, width=1080, height=1584, has-focus=true, has-focusable=true, has-window-focus=true, is-clickable=false, is-enabled=true, is-focused=false, is-focusable=false, is-layout-requested=false, is-selected=false, layout-params=com.android.internal.widget.ActionBarOverlayLayout$LayoutParams&#64;73e2e53, tag=null, root-is-layout-requested=false, has-input-connection=false, x=0.0, y=210.0, child-count=1}
|
+---&gt;LinearLayout{id=-1, visibility=VISIBLE, width=1080, height=1584, has-focus=true, has-focusable=true, has-window-focus=true, is-clickable=false, is-enabled=true, is-focused=false, is-focusable=false, is-layout-requested=false, is-selected=false, layout-params=android.widget.FrameLayout$LayoutParams&#64;ac10489, tag=null, root-is-layout-requested=false, has-input-connection=false, x=0.0, y=0.0, child-count=1} ****MATCHES****
|
+----&gt;ViewSwitcher{id=2130903049, res-name=ListsItemsSwitcher, visibility=VISIBLE, width=1080, height=256, has-focus=true, has-focusable=true, has-window-focus=true, is-clickable=false, is-enabled=true, is-focused=false, is-focusable=false, is-layout-requested=false, is-selected=false, layout-params=android.widget.LinearLayout$LayoutParams&#64;a735caf, tag=null, root-is-layout-requested=false, has-input-connection=false, x=0.0, y=0.0, child-count=2}
|
+-----&gt;LinearLayout{id=2130903059, res-name=listsView, visibility=VISIBLE, width=1080, height=256, has-focus=true, has-focusable=true, has-window-focus=true, is-clickable=false, is-enabled=true, is-focused=false, is-focusable=false, is-layout-requested=false, is-selected=false, layout-params=android.widget.FrameLayout$LayoutParams&#64;7b5f8bc, tag=null, root-is-layout-requested=false, has-input-connection=false, x=0.0, y=0.0, child-count=2} ****MATCHES****
|
+------&gt;LinearLayout{id=2130903048, res-name=LinearLayout01, visibility=VISIBLE, width=1080, height=126, has-focus=true, has-focusable=true, has-window-focus=true, is-clickable=false, is-enabled=true, is-focused=false, is-focusable=false, is-layout-requested=false, is-selected=false, layout-params=android.widget.LinearLayout$LayoutParams&#64;7ac6045, tag=null, root-is-layout-requested=false, has-input-connection=false, x=0.0, y=0.0, child-count=2} ****MATCHES****
|
+-------&gt;EditText{id=2130903043, res-name=AddListEditText, desc=addlistedittext, visibility=VISIBLE, width=849, height=126, has-focus=true, has-focusable=true, has-window-focus=true, is-clickable=true, is-enabled=true, is-focused=true, is-focusable=true, is-layout-requested=false, is-selected=false, layout-params=android.widget.LinearLayout$LayoutParams&#64;437bbc1, tag=null, root-is-layout-requested=false, has-input-connection=true, editor-info=[inputType=0x31 imeOptions=0x8000006 privateImeOptions=null actionLabel=null actionId=0 initialSelStart=0 initialSelEnd=0 initialCapsMode=0x0 hintText=New List Name label=null packageName=null fieldId=0 fieldName=null extras=null hintLocales=null contentMimeTypes=null ], x=0.0, y=0.0, text=, hint=New List Name, input-type=49, ime-target=true, has-links=false}
|
+-------&gt;Button{id=2130903042, res-name=AddListButton, desc=Add, visibility=VISIBLE, width=231, height=126, has-focus=false, has-focusable=true, has-window-focus=true, is-clickable=true, is-enabled=true, is-focused=false, is-focusable=true, is-layout-requested=false, is-selected=false, layout-params=android.widget.LinearLayout$LayoutParams&#64;f35ef66, tag=null, root-is-layout-requested=false, has-input-connection=false, x=849.0, y=0.0, text=Add, input-type=0, ime-target=false, has-links=false}
|
+------&gt;ListView{id=2130903050, res-name=ListsListView, visibility=VISIBLE, width=1080, height=130, has-focus=false, has-focusable=true, has-window-focus=true, is-clickable=true, is-enabled=true, is-focused=false, is-focusable=true, is-layout-requested=false, is-selected=false, layout-params=android.widget.LinearLayout$LayoutParams&#64;7cc32a7, tag=null, root-is-layout-requested=false, has-input-connection=false, x=0.0, y=126.0, child-count=1}
|
+-------&gt;LinearLayout{id=-1, visibility=VISIBLE, width=1080, height=130, has-focus=false, has-focusable=false, has-window-focus=true, is-clickable=false, is-enabled=true, is-focused=false, is-focusable=false, is-layout-requested=false, is-selected=false, layout-params=android.widget.AbsListView$LayoutParams&#64;d8aa354, tag=null, root-is-layout-requested=false, has-input-connection=false, x=0.0, y=0.0, child-count=2} ****MATCHES****
|
+--------&gt;TextView{id=2130903060, res-name=text1, desc=Name, visibility=VISIBLE, width=945, height=78, has-focus=false, has-focusable=false, has-window-focus=true, is-clickable=false, is-enabled=true, is-focused=false, is-focusable=false, is-layout-requested=false, is-selected=false, layout-params=android.widget.LinearLayout$LayoutParams&#64;8c352fd, tag=null, root-is-layout-requested=false, has-input-connection=false, x=26.0, y=26.0, text=one, input-type=0, ime-target=false, has-links=false}
|
+--------&gt;TextView{id=2130903061, res-name=text2, desc=text2, visibility=VISIBLE, width=109, height=64, has-focus=false, has-focusable=false, has-window-focus=true, is-clickable=false, is-enabled=true, is-focused=false, is-focusable=false, is-layout-requested=false, is-selected=false, layout-params=android.widget.LinearLayout$LayoutParams&#64;b219bf2, tag=null, root-is-layout-requested=false, has-input-connection=false, x=971.0, y=35.0, text=(0/0), input-type=0, ime-target=false, has-links=false}
|
+-----&gt;LinearLayout{id=2130903057, res-name=itemsView, visibility=GONE, width=0, height=0, has-focus=false, has-focusable=false, has-window-focus=true, is-clickable=false, is-enabled=true, is-focused=false, is-focusable=false, is-layout-requested=true, is-selected=false, layout-params=android.widget.FrameLayout$LayoutParams&#64;97721f9, tag=null, root-is-layout-requested=false, has-input-connection=false, x=0.0, y=0.0, child-count=2}
|
+------&gt;LinearLayout{id=2130903048, res-name=LinearLayout01, visibility=VISIBLE, width=0, height=0, has-focus=false, has-focusable=true, has-window-focus=true, is-clickable=false, is-enabled=true, is-focused=false, is-focusable=false, is-layout-requested=true, is-selected=false, layout-params=android.widget.LinearLayout$LayoutParams&#64;bc708ec, tag=null, root-is-layout-requested=false, has-input-connection=false, x=0.0, y=0.0, child-count=2}
|
+-------&gt;EditText{id=2130903041, res-name=AddItemEditText, desc=addItemEditText, visibility=VISIBLE, width=0, height=0, has-focus=false, has-focusable=true, has-window-focus=true, is-clickable=true, is-enabled=true, is-focused=false, is-focusable=true, is-layout-requested=true, is-selected=false, layout-params=android.widget.LinearLayout$LayoutParams&#64;afee4b5, tag=null, root-is-layout-requested=false, has-input-connection=true, editor-info=[inputType=0x31 imeOptions=0x8000006 privateImeOptions=null actionLabel=null actionId=0 initialSelStart=0 initialSelEnd=0 initialCapsMode=0x0 hintText=New Item Name label=null packageName=null fieldId=0 fieldName=null extras=null hintLocales=null contentMimeTypes=null ], x=0.0, y=0.0, text=, hint=New Item Name, input-type=49, ime-target=false, has-links=false}
|
+-------&gt;Button{id=2130903040, res-name=AddItemButton, desc=Add, visibility=VISIBLE, width=0, height=0, has-focus=false, has-focusable=true, has-window-focus=true, is-clickable=true, is-enabled=true, is-focused=false, is-focusable=true, is-layout-requested=true, is-selected=false, layout-params=android.widget.LinearLayout$LayoutParams&#64;134b74a, tag=null, root-is-layout-requested=false, has-input-connection=false, x=0.0, y=0.0, text=Add, input-type=0, ime-target=false, has-links=false}
|
+------&gt;ListView{id=2130903047, res-name=ItemsListView, visibility=VISIBLE, width=0, height=0, has-focus=false, has-focusable=false, has-window-focus=true, is-clickable=true, is-enabled=true, is-focused=false, is-focusable=false, is-layout-requested=true, is-selected=false, layout-params=android.widget.LinearLayout$LayoutParams&#64;86c6bb, tag=null, root-is-layout-requested=false, has-input-connection=false, x=0.0, y=0.0, child-count=0}
|
+--&gt;ActionBarContainer{id=16908669, res-name=action_bar_container, visibility=VISIBLE, width=1080, height=147, has-focus=false, has-focusable=false, has-window-focus=true, is-clickable=false, is-enabled=true, is-focused=false, is-focusable=false, is-layout-requested=false, is-selected=false, layout-params=com.android.internal.widget.ActionBarOverlayLayout$LayoutParams&#64;98efe16, tag=null, root-is-layout-requested=false, has-input-connection=false, x=0.0, y=63.0, child-count=2}
|
+---&gt;Toolbar{id=16908668, res-name=action_bar, visibility=VISIBLE, width=1080, height=147, has-focus=false, has-focusable=false, has-window-focus=true, is-clickable=false, is-enabled=true, is-focused=false, is-focusable=false, is-layout-requested=false, is-selected=false, layout-params=android.widget.FrameLayout$LayoutParams&#64;e511397, tag=null, root-is-layout-requested=false, has-input-connection=false, x=0.0, y=0.0, child-count=2}
|
+----&gt;TextView{id=-1, visibility=VISIBLE, width=240, height=71, has-focus=false, has-focusable=false, has-window-focus=true, is-clickable=false, is-enabled=true, is-focused=false, is-focusable=false, is-layout-requested=false, is-selected=false, layout-params=android.widget.Toolbar$LayoutParams&#64;a478984, tag=null, root-is-layout-requested=false, has-input-connection=false, x=42.0, y=38.0, text=Simply Do, input-type=0, ime-target=false, has-links=false}
|
+----&gt;ActionMenuView{id=-1, visibility=VISIBLE, width=105, height=147, has-focus=false, has-focusable=false, has-window-focus=true, is-clickable=false, is-enabled=true, is-focused=false, is-focusable=false, is-layout-requested=false, is-selected=false, layout-params=android.widget.Toolbar$LayoutParams&#64;174e5a2, tag=null, root-is-layout-requested=false, has-input-connection=false, x=975.0, y=0.0, child-count=1}
|
+-----&gt;OverflowMenuButton{id=-1, desc=More options, visibility=VISIBLE, width=105, height=126, has-focus=false, has-focusable=false, has-window-focus=true, is-clickable=true, is-enabled=true, is-focused=false, is-focusable=true, is-layout-requested=false, is-selected=false, layout-params=android.widget.ActionMenuView$LayoutParams&#64;a095233, tag=null, root-is-layout-requested=false, has-input-connection=false, x=0.0, y=10.0}
|
+---&gt;ActionBarContextView{id=16908673, res-name=action_context_bar, visibility=GONE, width=0, height=0, has-focus=false, has-focusable=false, has-window-focus=true, is-clickable=false, is-enabled=true, is-focused=false, is-focusable=false, is-layout-requested=true, is-selected=false, layout-params=android.widget.FrameLayout$LayoutParams&#64;375b9f0, tag=null, root-is-layout-requested=false, has-input-connection=false, x=0.0, y=0.0, child-count=0}
|
+-&gt;View{id=16908336, res-name=navigationBarBackground, visibility=VISIBLE, width=1080, height=126, has-focus=false, has-focusable=false, has-window-focus=true, is-clickable=false, is-enabled=true, is-focused=false, is-focusable=false, is-layout-requested=false, is-selected=false, layout-params=android.widget.FrameLayout$LayoutParams&#64;7677b69, tag=null, root-is-layout-requested=false, has-input-connection=false, x=0.0, y=1794.0}
|
+-&gt;View{id=16908335, res-name=statusBarBackground, visibility=VISIBLE, width=1080, height=63, has-focus=false, has-focusable=false, has-window-focus=true, is-clickable=false, is-enabled=true, is-focused=false, is-focusable=false, is-layout-requested=false, is-selected=false, layout-params=android.widget.FrameLayout$LayoutParams&#64;adfb9ee, tag=null, root-is-layout-requested=false, has-input-connection=false, x=0.0, y=0.0}
|
at dalvik.system.VMStack.getThreadStackTrace(Native Method)
at java.lang.Thread.getStackTrace(Thread.java:1536)
at android.support.test.espresso.base.DefaultFailureHandler.getUserFriendlyError(DefaultFailureHandler.java:88)
at android.support.test.espresso.base.DefaultFailureHandler.handle(DefaultFailureHandler.java:51)
at android.support.test.espresso.ViewInteraction.waitForAndHandleInteractionResults(ViewInteraction.java:312)
at android.support.test.espresso.ViewInteraction.desugaredPerform(ViewInteraction.java:173)
at android.support.test.espresso.ViewInteraction.perform(ViewInteraction.java:114)
at kdk.android.simplydo.C2.ItemAssertC2.itemAssertC2(ItemAssertC2.java:49)
at java.lang.reflect.Method.invoke(Native Method)
at org.junit.runners.model.FrameworkMethod$1.runReflectiveCall(FrameworkMethod.java:50)
at org.junit.internal.runners.model.ReflectiveCallable.run(ReflectiveCallable.java:12)
at org.junit.runners.model.FrameworkMethod.invokeExplosively(FrameworkMethod.java:47)
at org.junit.internal.runners.statements.InvokeMethod.evaluate(InvokeMethod.java:17)
at android.support.test.rule.ActivityTestRule$ActivityStatement.evaluate(ActivityTestRule.java:527)
at org.junit.rules.RunRules.evaluate(RunRules.java:20)
at org.junit.runners.ParentRunner.runLeaf(ParentRunner.java:325)
at org.junit.runners.BlockJUnit4ClassRunner.runChild(BlockJUnit4ClassRunner.java:78)
at org.junit.runners.BlockJUnit4ClassRunner.runChild(BlockJUnit4ClassRunner.java:57)
at org.junit.runners.ParentRunner$3.run(ParentRunner.java:290)
at org.junit.runners.ParentRunner$1.schedule(ParentRunner.java:71)
at org.junit.runners.ParentRunner.runChildren(ParentRunner.java:288)
at org.junit.runners.ParentRunner.access$000(ParentRunner.java:58)
at org.junit.runners.ParentRunner$2.evaluate(ParentRunner.java:268)
at org.junit.runners.ParentRunner.run(ParentRunner.java:363)
at android.support.test.runner.AndroidJUnit4.run(AndroidJUnit4.java:101)
at org.junit.runners.Suite.runChild(Suite.java:128)
at org.junit.runners.Suite.runChild(Suite.java:27)
at org.junit.runners.ParentRunner$3.run(ParentRunner.java:290)
at org.junit.runners.ParentRunner$1.schedule(ParentRunner.java:71)
at org.junit.runners.ParentRunner.runChildren(ParentRunner.java:288)
at org.junit.runners.ParentRunner.access$000(ParentRunner.java:58)
at org.junit.runners.ParentRunner$2.evaluate(ParentRunner.java:268)
at org.junit.runners.ParentRunner.run(ParentRunner.java:363)
at org.junit.runner.JUnitCore.run(JUnitCore.java:137)
at org.junit.runner.JUnitCore.run(JUnitCore.java:115)
at android.support.test.internal.runner.TestExecutor.execute(TestExecutor.java:56)
at android.support.test.runner.AndroidJUnitRunner.onStart(AndroidJUnitRunner.java:384)
at android.app.Instrumentation$InstrumentationThread.run(Instrumentation.java:2074)
</failure>
  </testcase>
  <testcase name="multipleListC2" classname="kdk.android.simplydo.C2.MultipleListC2" time="1.711">
    <failure>android.support.test.espresso.AmbiguousViewMatcherException: '(with class name: is "android.widget.LinearLayout" and is displayed on the screen to the user)' matches multiple views in the hierarchy.
Problem views are marked with '****MATCHES****' below.

View Hierarchy:
+&gt;DecorView{id=-1, visibility=VISIBLE, width=1080, height=1920, has-focus=true, has-focusable=true, has-window-focus=true, is-clickable=false, is-enabled=true, is-focused=false, is-focusable=false, is-layout-requested=false, is-selected=false, layout-params=WM.LayoutParams{(0,0)(fillxfill) sim=#3 ty=1 fl=#81810100 pfl=0x20000 wanim=0x10302f6 needsMenuKey=2 colorMode=0}, tag=null, root-is-layout-requested=false, has-input-connection=false, x=0.0, y=0.0, child-count=3}
|
+-&gt;ActionBarOverlayLayout{id=16908822, res-name=decor_content_parent, visibility=VISIBLE, width=1080, height=1794, has-focus=true, has-focusable=true, has-window-focus=true, is-clickable=false, is-enabled=true, is-focused=false, is-focusable=false, is-layout-requested=false, is-selected=false, layout-params=android.widget.FrameLayout$LayoutParams&#64;174e5a2, tag=null, root-is-layout-requested=false, has-input-connection=false, x=0.0, y=0.0, child-count=2}
|
+--&gt;FrameLayout{id=16908290, res-name=content, visibility=VISIBLE, width=1080, height=1584, has-focus=true, has-focusable=true, has-window-focus=true, is-clickable=false, is-enabled=true, is-focused=false, is-focusable=false, is-layout-requested=false, is-selected=false, layout-params=com.android.internal.widget.ActionBarOverlayLayout$LayoutParams&#64;a095233, tag=null, root-is-layout-requested=false, has-input-connection=false, x=0.0, y=210.0, child-count=1}
|
+---&gt;LinearLayout{id=-1, visibility=VISIBLE, width=1080, height=1584, has-focus=true, has-focusable=true, has-window-focus=true, is-clickable=false, is-enabled=true, is-focused=false, is-focusable=false, is-layout-requested=false, is-selected=false, layout-params=android.widget.FrameLayout$LayoutParams&#64;7677b69, tag=null, root-is-layout-requested=false, has-input-connection=false, x=0.0, y=0.0, child-count=1} ****MATCHES****
|
+----&gt;ViewSwitcher{id=2130903049, res-name=ListsItemsSwitcher, visibility=VISIBLE, width=1080, height=389, has-focus=true, has-focusable=true, has-window-focus=true, is-clickable=false, is-enabled=true, is-focused=false, is-focusable=false, is-layout-requested=false, is-selected=false, layout-params=android.widget.LinearLayout$LayoutParams&#64;7fcde8f, tag=null, root-is-layout-requested=false, has-input-connection=false, x=0.0, y=0.0, child-count=2}
|
+-----&gt;LinearLayout{id=2130903059, res-name=listsView, visibility=VISIBLE, width=1080, height=389, has-focus=true, has-focusable=true, has-window-focus=true, is-clickable=false, is-enabled=true, is-focused=false, is-focusable=false, is-layout-requested=false, is-selected=false, layout-params=android.widget.FrameLayout$LayoutParams&#64;414851c, tag=null, root-is-layout-requested=false, has-input-connection=false, x=0.0, y=0.0, child-count=2} ****MATCHES****
|
+------&gt;LinearLayout{id=2130903048, res-name=LinearLayout01, visibility=VISIBLE, width=1080, height=126, has-focus=true, has-focusable=true, has-window-focus=true, is-clickable=false, is-enabled=true, is-focused=false, is-focusable=false, is-layout-requested=false, is-selected=false, layout-params=android.widget.LinearLayout$LayoutParams&#64;cf36525, tag=null, root-is-layout-requested=false, has-input-connection=false, x=0.0, y=0.0, child-count=2} ****MATCHES****
|
+-------&gt;EditText{id=2130903043, res-name=AddListEditText, desc=addlistedittext, visibility=VISIBLE, width=849, height=126, has-focus=true, has-focusable=true, has-window-focus=true, is-clickable=true, is-enabled=true, is-focused=true, is-focusable=true, is-layout-requested=false, is-selected=false, layout-params=android.widget.LinearLayout$LayoutParams&#64;69a2ea1, tag=null, root-is-layout-requested=false, has-input-connection=true, editor-info=[inputType=0x31 imeOptions=0x8000006 privateImeOptions=null actionLabel=null actionId=0 initialSelStart=0 initialSelEnd=0 initialCapsMode=0x0 hintText=New List Name label=null packageName=null fieldId=0 fieldName=null extras=null hintLocales=null contentMimeTypes=null ], x=0.0, y=0.0, text=, hint=New List Name, input-type=49, ime-target=true, has-links=false}
|
+-------&gt;Button{id=2130903042, res-name=AddListButton, desc=Add, visibility=VISIBLE, width=231, height=126, has-focus=false, has-focusable=true, has-window-focus=true, is-clickable=true, is-enabled=true, is-focused=false, is-focusable=true, is-layout-requested=false, is-selected=false, layout-params=android.widget.LinearLayout$LayoutParams&#64;b6118c6, tag=null, root-is-layout-requested=false, has-input-connection=false, x=849.0, y=0.0, text=Add, input-type=0, ime-target=false, has-links=false}
|
+------&gt;ListView{id=2130903050, res-name=ListsListView, visibility=VISIBLE, width=1080, height=263, has-focus=false, has-focusable=true, has-window-focus=true, is-clickable=true, is-enabled=true, is-focused=false, is-focusable=true, is-layout-requested=false, is-selected=false, layout-params=android.widget.LinearLayout$LayoutParams&#64;d081087, tag=null, root-is-layout-requested=false, has-input-connection=false, x=0.0, y=126.0, child-count=2}
|
+-------&gt;LinearLayout{id=-1, visibility=VISIBLE, width=1080, height=130, has-focus=false, has-focusable=false, has-window-focus=true, is-clickable=false, is-enabled=true, is-focused=false, is-focusable=false, is-layout-requested=false, is-selected=false, layout-params=android.widget.AbsListView$LayoutParams&#64;e25bb4, tag=null, root-is-layout-requested=false, has-input-connection=false, x=0.0, y=0.0, child-count=2} ****MATCHES****
|
+--------&gt;TextView{id=2130903060, res-name=text1, desc=Name, visibility=VISIBLE, width=945, height=78, has-focus=false, has-focusable=false, has-window-focus=true, is-clickable=false, is-enabled=true, is-focused=false, is-focusable=false, is-layout-requested=false, is-selected=false, layout-params=android.widget.LinearLayout$LayoutParams&#64;98a13dd, tag=null, root-is-layout-requested=false, has-input-connection=false, x=26.0, y=26.0, text=one, input-type=0, ime-target=false, has-links=false}
|
+--------&gt;TextView{id=2130903061, res-name=text2, desc=text2, visibility=VISIBLE, width=109, height=64, has-focus=false, has-focusable=false, has-window-focus=true, is-clickable=false, is-enabled=true, is-focused=false, is-focusable=false, is-layout-requested=false, is-selected=false, layout-params=android.widget.LinearLayout$LayoutParams&#64;bc5fb52, tag=null, root-is-layout-requested=false, has-input-connection=false, x=971.0, y=35.0, text=(0/0), input-type=0, ime-target=false, has-links=false}
|
+-------&gt;LinearLayout{id=-1, visibility=VISIBLE, width=1080, height=130, has-focus=false, has-focusable=false, has-window-focus=true, is-clickable=false, is-enabled=true, is-focused=false, is-focusable=false, is-layout-requested=false, is-selected=false, layout-params=android.widget.AbsListView$LayoutParams&#64;94b2e23, tag=null, root-is-layout-requested=false, has-input-connection=false, x=0.0, y=133.0, child-count=2} ****MATCHES****
|
+--------&gt;TextView{id=2130903060, res-name=text1, desc=Name, visibility=VISIBLE, width=945, height=78, has-focus=false, has-focusable=false, has-window-focus=true, is-clickable=false, is-enabled=true, is-focused=false, is-focusable=false, is-layout-requested=false, is-selected=false, layout-params=android.widget.LinearLayout$LayoutParams&#64;f237f20, tag=null, root-is-layout-requested=false, has-input-connection=false, x=26.0, y=26.0, text=two, input-type=0, ime-target=false, has-links=false}
|
+--------&gt;TextView{id=2130903061, res-name=text2, desc=text2, visibility=VISIBLE, width=109, height=64, has-focus=false, has-focusable=false, has-window-focus=true, is-clickable=false, is-enabled=true, is-focused=false, is-focusable=false, is-layout-requested=false, is-selected=false, layout-params=android.widget.LinearLayout$LayoutParams&#64;59910d9, tag=null, root-is-layout-requested=false, has-input-connection=false, x=971.0, y=35.0, text=(0/0), input-type=0, ime-target=false, has-links=false}
|
+-----&gt;LinearLayout{id=2130903057, res-name=itemsView, visibility=GONE, width=0, height=0, has-focus=false, has-focusable=false, has-window-focus=true, is-clickable=false, is-enabled=true, is-focused=false, is-focusable=false, is-layout-requested=true, is-selected=false, layout-params=android.widget.FrameLayout$LayoutParams&#64;e916d4c, tag=null, root-is-layout-requested=false, has-input-connection=false, x=0.0, y=0.0, child-count=2}
|
+------&gt;LinearLayout{id=2130903048, res-name=LinearLayout01, visibility=VISIBLE, width=0, height=0, has-focus=false, has-focusable=true, has-window-focus=true, is-clickable=false, is-enabled=true, is-focused=false, is-focusable=false, is-layout-requested=true, is-selected=false, layout-params=android.widget.LinearLayout$LayoutParams&#64;e363e9b, tag=null, root-is-layout-requested=false, has-input-connection=false, x=0.0, y=0.0, child-count=2}
|
+-------&gt;EditText{id=2130903041, res-name=AddItemEditText, desc=addItemEditText, visibility=VISIBLE, width=0, height=0, has-focus=false, has-focusable=true, has-window-focus=true, is-clickable=true, is-enabled=true, is-focused=false, is-focusable=true, is-layout-requested=true, is-selected=false, layout-params=android.widget.LinearLayout$LayoutParams&#64;b0e1238, tag=null, root-is-layout-requested=false, has-input-connection=true, editor-info=[inputType=0x31 imeOptions=0x8000006 privateImeOptions=null actionLabel=null actionId=0 initialSelStart=0 initialSelEnd=0 initialCapsMode=0x0 hintText=New Item Name label=null packageName=null fieldId=0 fieldName=null extras=null hintLocales=null contentMimeTypes=null ], x=0.0, y=0.0, text=, hint=New Item Name, input-type=49, ime-target=false, has-links=false}
|
+-------&gt;Button{id=2130903040, res-name=AddItemButton, desc=Add, visibility=VISIBLE, width=0, height=0, has-focus=false, has-focusable=true, has-window-focus=true, is-clickable=true, is-enabled=true, is-focused=false, is-focusable=true, is-layout-requested=true, is-selected=false, layout-params=android.widget.LinearLayout$LayoutParams&#64;ddb0211, tag=null, root-is-layout-requested=false, has-input-connection=false, x=0.0, y=0.0, text=Add, input-type=0, ime-target=false, has-links=false}
|
+------&gt;ListView{id=2130903047, res-name=ItemsListView, visibility=VISIBLE, width=0, height=0, has-focus=false, has-focusable=false, has-window-focus=true, is-clickable=true, is-enabled=true, is-focused=false, is-focusable=false, is-layout-requested=true, is-selected=false, layout-params=android.widget.LinearLayout$LayoutParams&#64;b073f76, tag=null, root-is-layout-requested=false, has-input-connection=false, x=0.0, y=0.0, child-count=0}
|
+--&gt;ActionBarContainer{id=16908669, res-name=action_bar_container, visibility=VISIBLE, width=1080, height=147, has-focus=false, has-focusable=false, has-window-focus=true, is-clickable=false, is-enabled=true, is-focused=false, is-focusable=false, is-layout-requested=false, is-selected=false, layout-params=com.android.internal.widget.ActionBarOverlayLayout$LayoutParams&#64;25cae4d, tag=null, root-is-layout-requested=false, has-input-connection=false, x=0.0, y=63.0, child-count=2}
|
+---&gt;Toolbar{id=16908668, res-name=action_bar, visibility=VISIBLE, width=1080, height=147, has-focus=false, has-focusable=false, has-window-focus=true, is-clickable=false, is-enabled=true, is-focused=false, is-focusable=false, is-layout-requested=false, is-selected=false, layout-params=android.widget.FrameLayout$LayoutParams&#64;b1fdd02, tag=null, root-is-layout-requested=false, has-input-connection=false, x=0.0, y=0.0, child-count=2}
|
+----&gt;TextView{id=-1, visibility=VISIBLE, width=240, height=71, has-focus=false, has-focusable=false, has-window-focus=true, is-clickable=false, is-enabled=true, is-focused=false, is-focusable=false, is-layout-requested=false, is-selected=false, layout-params=android.widget.Toolbar$LayoutParams&#64;373e613, tag=null, root-is-layout-requested=false, has-input-connection=false, x=42.0, y=38.0, text=Simply Do, input-type=0, ime-target=false, has-links=false}
|
+----&gt;ActionMenuView{id=-1, visibility=VISIBLE, width=105, height=147, has-focus=false, has-focusable=false, has-window-focus=true, is-clickable=false, is-enabled=true, is-focused=false, is-focusable=false, is-layout-requested=false, is-selected=false, layout-params=android.widget.Toolbar$LayoutParams&#64;4d2e249, tag=null, root-is-layout-requested=false, has-input-connection=false, x=975.0, y=0.0, child-count=1}
|
+-----&gt;OverflowMenuButton{id=-1, desc=More options, visibility=VISIBLE, width=105, height=126, has-focus=false, has-focusable=false, has-window-focus=true, is-clickable=true, is-enabled=true, is-focused=false, is-focusable=true, is-layout-requested=false, is-selected=false, layout-params=android.widget.ActionMenuView$LayoutParams&#64;c32c74e, tag=null, root-is-layout-requested=false, has-input-connection=false, x=0.0, y=10.0}
|
+---&gt;ActionBarContextView{id=16908673, res-name=action_context_bar, visibility=GONE, width=0, height=0, has-focus=false, has-focusable=false, has-window-focus=true, is-clickable=false, is-enabled=true, is-focused=false, is-focusable=false, is-layout-requested=true, is-selected=false, layout-params=android.widget.FrameLayout$LayoutParams&#64;eacd06f, tag=null, root-is-layout-requested=false, has-input-connection=false, x=0.0, y=0.0, child-count=0}
|
+-&gt;View{id=16908336, res-name=navigationBarBackground, visibility=VISIBLE, width=1080, height=126, has-focus=false, has-focusable=false, has-window-focus=true, is-clickable=false, is-enabled=true, is-focused=false, is-focusable=false, is-layout-requested=false, is-selected=false, layout-params=android.widget.FrameLayout$LayoutParams&#64;bf0c17c, tag=null, root-is-layout-requested=false, has-input-connection=false, x=0.0, y=1794.0}
|
+-&gt;View{id=16908335, res-name=statusBarBackground, visibility=VISIBLE, width=1080, height=63, has-focus=false, has-focusable=false, has-window-focus=true, is-clickable=false, is-enabled=true, is-focused=false, is-focusable=false, is-layout-requested=false, is-selected=false, layout-params=android.widget.FrameLayout$LayoutParams&#64;25e5a05, tag=null, root-is-layout-requested=false, has-input-connection=false, x=0.0, y=0.0}
|
at dalvik.system.VMStack.getThreadStackTrace(Native Method)
at java.lang.Thread.getStackTrace(Thread.java:1536)
at android.support.test.espresso.base.DefaultFailureHandler.getUserFriendlyError(DefaultFailureHandler.java:88)
at android.support.test.espresso.base.DefaultFailureHandler.handle(DefaultFailureHandler.java:51)
at android.support.test.espresso.ViewInteraction.waitForAndHandleInteractionResults(ViewInteraction.java:312)
at android.support.test.espresso.ViewInteraction.desugaredPerform(ViewInteraction.java:173)
at android.support.test.espresso.ViewInteraction.perform(ViewInteraction.java:114)
at kdk.android.simplydo.C2.MultipleListC2.multipleListC2(MultipleListC2.java:60)
at java.lang.reflect.Method.invoke(Native Method)
at org.junit.runners.model.FrameworkMethod$1.runReflectiveCall(FrameworkMethod.java:50)
at org.junit.internal.runners.model.ReflectiveCallable.run(ReflectiveCallable.java:12)
at org.junit.runners.model.FrameworkMethod.invokeExplosively(FrameworkMethod.java:47)
at org.junit.internal.runners.statements.InvokeMethod.evaluate(InvokeMethod.java:17)
at android.support.test.rule.ActivityTestRule$ActivityStatement.evaluate(ActivityTestRule.java:527)
at org.junit.rules.RunRules.evaluate(RunRules.java:20)
at org.junit.runners.ParentRunner.runLeaf(ParentRunner.java:325)
at org.junit.runners.BlockJUnit4ClassRunner.runChild(BlockJUnit4ClassRunner.java:78)
at org.junit.runners.BlockJUnit4ClassRunner.runChild(BlockJUnit4ClassRunner.java:57)
at org.junit.runners.ParentRunner$3.run(ParentRunner.java:290)
at org.junit.runners.ParentRunner$1.schedule(ParentRunner.java:71)
at org.junit.runners.ParentRunner.runChildren(ParentRunner.java:288)
at org.junit.runners.ParentRunner.access$000(ParentRunner.java:58)
at org.junit.runners.ParentRunner$2.evaluate(ParentRunner.java:268)
at org.junit.runners.ParentRunner.run(ParentRunner.java:363)
at android.support.test.runner.AndroidJUnit4.run(AndroidJUnit4.java:101)
at org.junit.runners.Suite.runChild(Suite.java:128)
at org.junit.runners.Suite.runChild(Suite.java:27)
at org.junit.runners.ParentRunner$3.run(ParentRunner.java:290)
at org.junit.runners.ParentRunner$1.schedule(ParentRunner.java:71)
at org.junit.runners.ParentRunner.runChildren(ParentRunner.java:288)
at org.junit.runners.ParentRunner.access$000(ParentRunner.java:58)
at org.junit.runners.ParentRunner$2.evaluate(ParentRunner.java:268)
at org.junit.runners.ParentRunner.run(ParentRunner.java:363)
at org.junit.runner.JUnitCore.run(JUnitCore.java:137)
at org.junit.runner.JUnitCore.run(JUnitCore.java:115)
at android.support.test.internal.runner.TestExecutor.execute(TestExecutor.java:56)
at android.support.test.runner.AndroidJUnitRunner.onStart(AndroidJUnitRunner.java:384)
at android.app.Instrumentation$InstrumentationThread.run(Instrumentation.java:2074)
</failure>
  </testcase>
  <testcase name="sortItemsC2" classname="kdk.android.simplydo.C2.SortItemsC2" time="1.001">
    <failure>android.support.test.espresso.AmbiguousViewMatcherException: '(with class name: is "android.widget.LinearLayout" and is displayed on the screen to the user)' matches multiple views in the hierarchy.
Problem views are marked with '****MATCHES****' below.

View Hierarchy:
+&gt;DecorView{id=-1, visibility=VISIBLE, width=1080, height=1920, has-focus=true, has-focusable=true, has-window-focus=true, is-clickable=false, is-enabled=true, is-focused=false, is-focusable=false, is-layout-requested=false, is-selected=false, layout-params=WM.LayoutParams{(0,0)(fillxfill) sim=#3 ty=1 fl=#81810100 pfl=0x20000 wanim=0x10302f6 needsMenuKey=2 colorMode=0}, tag=null, root-is-layout-requested=false, has-input-connection=false, x=0.0, y=0.0, child-count=3}
|
+-&gt;ActionBarOverlayLayout{id=16908822, res-name=decor_content_parent, visibility=VISIBLE, width=1080, height=1794, has-focus=true, has-focusable=true, has-window-focus=true, is-clickable=false, is-enabled=true, is-focused=false, is-focusable=false, is-layout-requested=false, is-selected=false, layout-params=android.widget.FrameLayout$LayoutParams&#64;811e42, tag=null, root-is-layout-requested=false, has-input-connection=false, x=0.0, y=0.0, child-count=2}
|
+--&gt;FrameLayout{id=16908290, res-name=content, visibility=VISIBLE, width=1080, height=1584, has-focus=true, has-focusable=true, has-window-focus=true, is-clickable=false, is-enabled=true, is-focused=false, is-focusable=false, is-layout-requested=false, is-selected=false, layout-params=com.android.internal.widget.ActionBarOverlayLayout$LayoutParams&#64;73e2e53, tag=null, root-is-layout-requested=false, has-input-connection=false, x=0.0, y=210.0, child-count=1}
|
+---&gt;LinearLayout{id=-1, visibility=VISIBLE, width=1080, height=1584, has-focus=true, has-focusable=true, has-window-focus=true, is-clickable=false, is-enabled=true, is-focused=false, is-focusable=false, is-layout-requested=false, is-selected=false, layout-params=android.widget.FrameLayout$LayoutParams&#64;ac10489, tag=null, root-is-layout-requested=false, has-input-connection=false, x=0.0, y=0.0, child-count=1} ****MATCHES****
|
+----&gt;ViewSwitcher{id=2130903049, res-name=ListsItemsSwitcher, visibility=VISIBLE, width=1080, height=256, has-focus=true, has-focusable=true, has-window-focus=true, is-clickable=false, is-enabled=true, is-focused=false, is-focusable=false, is-layout-requested=false, is-selected=false, layout-params=android.widget.LinearLayout$LayoutParams&#64;a735caf, tag=null, root-is-layout-requested=false, has-input-connection=false, x=0.0, y=0.0, child-count=2}
|
+-----&gt;LinearLayout{id=2130903059, res-name=listsView, visibility=VISIBLE, width=1080, height=256, has-focus=true, has-focusable=true, has-window-focus=true, is-clickable=false, is-enabled=true, is-focused=false, is-focusable=false, is-layout-requested=false, is-selected=false, layout-params=android.widget.FrameLayout$LayoutParams&#64;7b5f8bc, tag=null, root-is-layout-requested=false, has-input-connection=false, x=0.0, y=0.0, child-count=2} ****MATCHES****
|
+------&gt;LinearLayout{id=2130903048, res-name=LinearLayout01, visibility=VISIBLE, width=1080, height=126, has-focus=true, has-focusable=true, has-window-focus=true, is-clickable=false, is-enabled=true, is-focused=false, is-focusable=false, is-layout-requested=false, is-selected=false, layout-params=android.widget.LinearLayout$LayoutParams&#64;7ac6045, tag=null, root-is-layout-requested=false, has-input-connection=false, x=0.0, y=0.0, child-count=2} ****MATCHES****
|
+-------&gt;EditText{id=2130903043, res-name=AddListEditText, desc=addlistedittext, visibility=VISIBLE, width=849, height=126, has-focus=true, has-focusable=true, has-window-focus=true, is-clickable=true, is-enabled=true, is-focused=true, is-focusable=true, is-layout-requested=false, is-selected=false, layout-params=android.widget.LinearLayout$LayoutParams&#64;437bbc1, tag=null, root-is-layout-requested=false, has-input-connection=true, editor-info=[inputType=0x31 imeOptions=0x8000006 privateImeOptions=null actionLabel=null actionId=0 initialSelStart=0 initialSelEnd=0 initialCapsMode=0x0 hintText=New List Name label=null packageName=null fieldId=0 fieldName=null extras=null hintLocales=null contentMimeTypes=null ], x=0.0, y=0.0, text=, hint=New List Name, input-type=49, ime-target=true, has-links=false}
|
+-------&gt;Button{id=2130903042, res-name=AddListButton, desc=Add, visibility=VISIBLE, width=231, height=126, has-focus=false, has-focusable=true, has-window-focus=true, is-clickable=true, is-enabled=true, is-focused=false, is-focusable=true, is-layout-requested=false, is-selected=false, layout-params=android.widget.LinearLayout$LayoutParams&#64;f35ef66, tag=null, root-is-layout-requested=false, has-input-connection=false, x=849.0, y=0.0, text=Add, input-type=0, ime-target=false, has-links=false}
|
+------&gt;ListView{id=2130903050, res-name=ListsListView, visibility=VISIBLE, width=1080, height=130, has-focus=false, has-focusable=true, has-window-focus=true, is-clickable=true, is-enabled=true, is-focused=false, is-focusable=true, is-layout-requested=false, is-selected=false, layout-params=android.widget.LinearLayout$LayoutParams&#64;7cc32a7, tag=null, root-is-layout-requested=false, has-input-connection=false, x=0.0, y=126.0, child-count=1}
|
+-------&gt;LinearLayout{id=-1, visibility=VISIBLE, width=1080, height=130, has-focus=false, has-focusable=false, has-window-focus=true, is-clickable=false, is-enabled=true, is-focused=false, is-focusable=false, is-layout-requested=false, is-selected=false, layout-params=android.widget.AbsListView$LayoutParams&#64;d8aa354, tag=null, root-is-layout-requested=false, has-input-connection=false, x=0.0, y=0.0, child-count=2} ****MATCHES****
|
+--------&gt;TextView{id=2130903060, res-name=text1, desc=Name, visibility=VISIBLE, width=945, height=78, has-focus=false, has-focusable=false, has-window-focus=true, is-clickable=false, is-enabled=true, is-focused=false, is-focusable=false, is-layout-requested=false, is-selected=false, layout-params=android.widget.LinearLayout$LayoutParams&#64;8c352fd, tag=null, root-is-layout-requested=false, has-input-connection=false, x=26.0, y=26.0, text=List, input-type=0, ime-target=false, has-links=false}
|
+--------&gt;TextView{id=2130903061, res-name=text2, desc=text2, visibility=VISIBLE, width=109, height=64, has-focus=false, has-focusable=false, has-window-focus=true, is-clickable=false, is-enabled=true, is-focused=false, is-focusable=false, is-layout-requested=false, is-selected=false, layout-params=android.widget.LinearLayout$LayoutParams&#64;b219bf2, tag=null, root-is-layout-requested=false, has-input-connection=false, x=971.0, y=35.0, text=(0/0), input-type=0, ime-target=false, has-links=false}
|
+-----&gt;LinearLayout{id=2130903057, res-name=itemsView, visibility=GONE, width=0, height=0, has-focus=false, has-focusable=false, has-window-focus=true, is-clickable=false, is-enabled=true, is-focused=false, is-focusable=false, is-layout-requested=true, is-selected=false, layout-params=android.widget.FrameLayout$LayoutParams&#64;97721f9, tag=null, root-is-layout-requested=false, has-input-connection=false, x=0.0, y=0.0, child-count=2}
|
+------&gt;LinearLayout{id=2130903048, res-name=LinearLayout01, visibility=VISIBLE, width=0, height=0, has-focus=false, has-focusable=true, has-window-focus=true, is-clickable=false, is-enabled=true, is-focused=false, is-focusable=false, is-layout-requested=true, is-selected=false, layout-params=android.widget.LinearLayout$LayoutParams&#64;bc708ec, tag=null, root-is-layout-requested=false, has-input-connection=false, x=0.0, y=0.0, child-count=2}
|
+-------&gt;EditText{id=2130903041, res-name=AddItemEditText, desc=addItemEditText, visibility=VISIBLE, width=0, height=0, has-focus=false, has-focusable=true, has-window-focus=true, is-clickable=true, is-enabled=true, is-focused=false, is-focusable=true, is-layout-requested=true, is-selected=false, layout-params=android.widget.LinearLayout$LayoutParams&#64;afee4b5, tag=null, root-is-layout-requested=false, has-input-connection=true, editor-info=[inputType=0x31 imeOptions=0x8000006 privateImeOptions=null actionLabel=null actionId=0 initialSelStart=0 initialSelEnd=0 initialCapsMode=0x0 hintText=New Item Name label=null packageName=null fieldId=0 fieldName=null extras=null hintLocales=null contentMimeTypes=null ], x=0.0, y=0.0, text=, hint=New Item Name, input-type=49, ime-target=false, has-links=false}
|
+-------&gt;Button{id=2130903040, res-name=AddItemButton, desc=Add, visibility=VISIBLE, width=0, height=0, has-focus=false, has-focusable=true, has-window-focus=true, is-clickable=true, is-enabled=true, is-focused=false, is-focusable=true, is-layout-requested=true, is-selected=false, layout-params=android.widget.LinearLayout$LayoutParams&#64;134b74a, tag=null, root-is-layout-requested=false, has-input-connection=false, x=0.0, y=0.0, text=Add, input-type=0, ime-target=false, has-links=false}
|
+------&gt;ListView{id=2130903047, res-name=ItemsListView, visibility=VISIBLE, width=0, height=0, has-focus=false, has-focusable=false, has-window-focus=true, is-clickable=true, is-enabled=true, is-focused=false, is-focusable=false, is-layout-requested=true, is-selected=false, layout-params=android.widget.LinearLayout$LayoutParams&#64;86c6bb, tag=null, root-is-layout-requested=false, has-input-connection=false, x=0.0, y=0.0, child-count=0}
|
+--&gt;ActionBarContainer{id=16908669, res-name=action_bar_container, visibility=VISIBLE, width=1080, height=147, has-focus=false, has-focusable=false, has-window-focus=true, is-clickable=false, is-enabled=true, is-focused=false, is-focusable=false, is-layout-requested=false, is-selected=false, layout-params=com.android.internal.widget.ActionBarOverlayLayout$LayoutParams&#64;98efe16, tag=null, root-is-layout-requested=false, has-input-connection=false, x=0.0, y=63.0, child-count=2}
|
+---&gt;Toolbar{id=16908668, res-name=action_bar, visibility=VISIBLE, width=1080, height=147, has-focus=false, has-focusable=false, has-window-focus=true, is-clickable=false, is-enabled=true, is-focused=false, is-focusable=false, is-layout-requested=false, is-selected=false, layout-params=android.widget.FrameLayout$LayoutParams&#64;e511397, tag=null, root-is-layout-requested=false, has-input-connection=false, x=0.0, y=0.0, child-count=2}
|
+----&gt;TextView{id=-1, visibility=VISIBLE, width=240, height=71, has-focus=false, has-focusable=false, has-window-focus=true, is-clickable=false, is-enabled=true, is-focused=false, is-focusable=false, is-layout-requested=false, is-selected=false, layout-params=android.widget.Toolbar$LayoutParams&#64;a478984, tag=null, root-is-layout-requested=false, has-input-connection=false, x=42.0, y=38.0, text=Simply Do, input-type=0, ime-target=false, has-links=false}
|
+----&gt;ActionMenuView{id=-1, visibility=VISIBLE, width=105, height=147, has-focus=false, has-focusable=false, has-window-focus=true, is-clickable=false, is-enabled=true, is-focused=false, is-focusable=false, is-layout-requested=false, is-selected=false, layout-params=android.widget.Toolbar$LayoutParams&#64;174e5a2, tag=null, root-is-layout-requested=false, has-input-connection=false, x=975.0, y=0.0, child-count=1}
|
+-----&gt;OverflowMenuButton{id=-1, desc=More options, visibility=VISIBLE, width=105, height=126, has-focus=false, has-focusable=false, has-window-focus=true, is-clickable=true, is-enabled=true, is-focused=false, is-focusable=true, is-layout-requested=false, is-selected=false, layout-params=android.widget.ActionMenuView$LayoutParams&#64;a095233, tag=null, root-is-layout-requested=false, has-input-connection=false, x=0.0, y=10.0}
|
+---&gt;ActionBarContextView{id=16908673, res-name=action_context_bar, visibility=GONE, width=0, height=0, has-focus=false, has-focusable=false, has-window-focus=true, is-clickable=false, is-enabled=true, is-focused=false, is-focusable=false, is-layout-requested=true, is-selected=false, layout-params=android.widget.FrameLayout$LayoutParams&#64;375b9f0, tag=null, root-is-layout-requested=false, has-input-connection=false, x=0.0, y=0.0, child-count=0}
|
+-&gt;View{id=16908336, res-name=navigationBarBackground, visibility=VISIBLE, width=1080, height=126, has-focus=false, has-focusable=false, has-window-focus=true, is-clickable=false, is-enabled=true, is-focused=false, is-focusable=false, is-layout-requested=false, is-selected=false, layout-params=android.widget.FrameLayout$LayoutParams&#64;7677b69, tag=null, root-is-layout-requested=false, has-input-connection=false, x=0.0, y=1794.0}
|
+-&gt;View{id=16908335, res-name=statusBarBackground, visibility=VISIBLE, width=1080, height=63, has-focus=false, has-focusable=false, has-window-focus=true, is-clickable=false, is-enabled=true, is-focused=false, is-focusable=false, is-layout-requested=false, is-selected=false, layout-params=android.widget.FrameLayout$LayoutParams&#64;adfb9ee, tag=null, root-is-layout-requested=false, has-input-connection=false, x=0.0, y=0.0}
|
at dalvik.system.VMStack.getThreadStackTrace(Native Method)
at java.lang.Thread.getStackTrace(Thread.java:1536)
at android.support.test.espresso.base.DefaultFailureHandler.getUserFriendlyError(DefaultFailureHandler.java:88)
at android.support.test.espresso.base.DefaultFailureHandler.handle(DefaultFailureHandler.java:51)
at android.support.test.espresso.ViewInteraction.waitForAndHandleInteractionResults(ViewInteraction.java:312)
at android.support.test.espresso.ViewInteraction.desugaredPerform(ViewInteraction.java:173)
at android.support.test.espresso.ViewInteraction.perform(ViewInteraction.java:114)
at kdk.android.simplydo.C2.SortItemsC2.sortItemsC2(SortItemsC2.java:50)
at java.lang.reflect.Method.invoke(Native Method)
at org.junit.runners.model.FrameworkMethod$1.runReflectiveCall(FrameworkMethod.java:50)
at org.junit.internal.runners.model.ReflectiveCallable.run(ReflectiveCallable.java:12)
at org.junit.runners.model.FrameworkMethod.invokeExplosively(FrameworkMethod.java:47)
at org.junit.internal.runners.statements.InvokeMethod.evaluate(InvokeMethod.java:17)
at android.support.test.rule.ActivityTestRule$ActivityStatement.evaluate(ActivityTestRule.java:527)
at org.junit.rules.RunRules.evaluate(RunRules.java:20)
at org.junit.runners.ParentRunner.runLeaf(ParentRunner.java:325)
at org.junit.runners.BlockJUnit4ClassRunner.runChild(BlockJUnit4ClassRunner.java:78)
at org.junit.runners.BlockJUnit4ClassRunner.runChild(BlockJUnit4ClassRunner.java:57)
at org.junit.runners.ParentRunner$3.run(ParentRunner.java:290)
at org.junit.runners.ParentRunner$1.schedule(ParentRunner.java:71)
at org.junit.runners.ParentRunner.runChildren(ParentRunner.java:288)
at org.junit.runners.ParentRunner.access$000(ParentRunner.java:58)
at org.junit.runners.ParentRunner$2.evaluate(ParentRunner.java:268)
at org.junit.runners.ParentRunner.run(ParentRunner.java:363)
at android.support.test.runner.AndroidJUnit4.run(AndroidJUnit4.java:101)
at org.junit.runners.Suite.runChild(Suite.java:128)
at org.junit.runners.Suite.runChild(Suite.java:27)
at org.junit.runners.ParentRunner$3.run(ParentRunner.java:290)
at org.junit.runners.ParentRunner$1.schedule(ParentRunner.java:71)
at org.junit.runners.ParentRunner.runChildren(ParentRunner.java:288)
at org.junit.runners.ParentRunner.access$000(ParentRunner.java:58)
at org.junit.runners.ParentRunner$2.evaluate(ParentRunner.java:268)
at org.junit.runners.ParentRunner.run(ParentRunner.java:363)
at org.junit.runner.JUnitCore.run(JUnitCore.java:137)
at org.junit.runner.JUnitCore.run(JUnitCore.java:115)
at android.support.test.internal.runner.TestExecutor.execute(TestExecutor.java:56)
at android.support.test.runner.AndroidJUnitRunner.onStart(AndroidJUnitRunner.java:384)
at android.app.Instrumentation$InstrumentationThread.run(Instrumentation.java:2074)
</failure>
  </testcase>
  <testcase name="addAssertC3" classname="kdk.android.simplydo.C3.AddAssertC3" time="0.942" />
  <testcase name="addItemC3" classname="kdk.android.simplydo.C3.AddItemC3" time="2.016" />
  <testcase name="changeSettingsC3" classname="kdk.android.simplydo.C3.ChangeSettingsC3" time="4.518" />
  <testcase name="checkItemC3" classname="kdk.android.simplydo.C3.CheckItemC3" time="2.51" />
  <testcase name="createListC3" classname="kdk.android.simplydo.C3.CreateListC3" time="1.262" />
  <testcase name="decoratorC3" classname="kdk.android.simplydo.C3.DecoratorC3" time="4.724" />
  <testcase name="deleteInactiveC3" classname="kdk.android.simplydo.C3.DeleteInactiveC3" time="3.431">
    <failure>android.support.test.espresso.NoMatchingViewException: No views in hierarchy found matching: (with id: kdk.android.simplydo:id/ListsListView and Child at position 1 in parent (with id: 2130903059 and Child at position 0 in parent (with id: 2130903049 and Child at position 0 in parent Child at position 0 in parent with id: 16908290)))
If the target view is not part of the view hierarchy, you may need to use Espresso.onData to load it from one of the following AdapterViews:android.widget.MenuPopupWindow$MenuDropDownListView{373e613 VFED.VC.. .F...... 0,0-515,126}

View Hierarchy:
+&gt;PopupDecorView{id=-1, visibility=VISIBLE, width=515, height=126, has-focus=true, has-focusable=true, has-window-focus=true, is-clickable=false, is-enabled=true, is-focused=false, is-focusable=false, is-layout-requested=false, is-selected=false, layout-params=WM.LayoutParams{(555,73)(515x126) gr=#10800033 sim=#1 ty=1002 fl=#41860200 pfl=0x18000 fmt=-3 surfaceInsets=Rect(84, 84 - 84, 84) (manual) colorMode=0}, tag=null, root-is-layout-requested=false, has-input-connection=false, x=0.0, y=0.0, child-count=1}
|
+-&gt;PopupBackgroundView{id=-1, visibility=VISIBLE, width=515, height=126, has-focus=true, has-focusable=true, has-window-focus=true, is-clickable=false, is-enabled=true, is-focused=false, is-focusable=false, is-layout-requested=false, is-selected=false, layout-params=android.widget.FrameLayout$LayoutParams&#64;e24f050, tag=null, root-is-layout-requested=false, has-input-connection=false, x=0.0, y=0.0, child-count=1}
|
+--&gt;MenuDropDownListView{id=-1, visibility=VISIBLE, width=515, height=126, has-focus=true, has-focusable=true, has-window-focus=true, is-clickable=true, is-enabled=true, is-focused=true, is-focusable=true, is-layout-requested=false, is-selected=false, layout-params=android.widget.FrameLayout$LayoutParams&#64;c32c74e, tag=null, root-is-layout-requested=false, has-input-connection=false, x=0.0, y=0.0, child-count=1}
|
+---&gt;ListMenuItemView{id=-1, visibility=VISIBLE, width=515, height=126, has-focus=false, has-focusable=false, has-window-focus=true, is-clickable=false, is-enabled=true, is-focused=false, is-focusable=false, is-layout-requested=false, is-selected=false, layout-params=android.widget.AbsListView$LayoutParams&#64;25e5a05, tag=null, root-is-layout-requested=false, has-input-connection=false, x=0.0, y=0.0, child-count=2}
|
+----&gt;RelativeLayout{id=-1, visibility=VISIBLE, width=431, height=57, has-focus=false, has-focusable=false, has-window-focus=true, is-clickable=false, is-enabled=true, is-focused=false, is-focusable=false, is-layout-requested=false, is-selected=false, layout-params=android.widget.LinearLayout$LayoutParams&#64;2467968, tag=null, root-is-layout-requested=false, has-input-connection=false, x=42.0, y=34.0, child-count=2}
|
+-----&gt;TextView{id=16908310, res-name=title, visibility=VISIBLE, width=431, height=57, has-focus=false, has-focusable=false, has-window-focus=true, is-clickable=false, is-enabled=true, is-focused=false, is-focusable=false, is-layout-requested=false, is-selected=false, layout-params=android.widget.RelativeLayout$LayoutParams&#64;f6f9181, tag=null, root-is-layout-requested=false, has-input-connection=false, x=0.0, y=0.0, text=Settings, input-type=0, ime-target=false, has-links=false}
|
+-----&gt;TextView{id=16909259, res-name=shortcut, visibility=GONE, width=0, height=0, has-focus=false, has-focusable=false, has-window-focus=true, is-clickable=false, is-enabled=true, is-focused=false, is-focusable=false, is-layout-requested=true, is-selected=false, layout-params=android.widget.RelativeLayout$LayoutParams&#64;b9c7226, tag=null, root-is-layout-requested=false, has-input-connection=false, x=0.0, y=0.0, text=, input-type=0, ime-target=false, has-links=false}
|
+----&gt;ImageView{id=16909319, res-name=submenuarrow, visibility=GONE, width=0, height=0, has-focus=false, has-focusable=false, has-window-focus=true, is-clickable=false, is-enabled=true, is-focused=false, is-focusable=false, is-layout-requested=true, is-selected=false, layout-params=android.widget.LinearLayout$LayoutParams&#64;bc85e67, tag=null, root-is-layout-requested=false, has-input-connection=false, x=0.0, y=0.0}
|
at dalvik.system.VMStack.getThreadStackTrace(Native Method)
at java.lang.Thread.getStackTrace(Thread.java:1536)
at android.support.test.espresso.base.DefaultFailureHandler.getUserFriendlyError(DefaultFailureHandler.java:88)
at android.support.test.espresso.base.DefaultFailureHandler.handle(DefaultFailureHandler.java:51)
at android.support.test.espresso.ViewInteraction.waitForAndHandleInteractionResults(ViewInteraction.java:312)
at android.support.test.espresso.ViewInteraction.desugaredPerform(ViewInteraction.java:173)
at android.support.test.espresso.ViewInteraction.perform(ViewInteraction.java:114)
at android.support.test.espresso.DataInteraction$DisplayDataMatcher$1.apply(DataInteraction.java:213)
at android.support.test.espresso.DataInteraction$DisplayDataMatcher$1.apply(DataInteraction.java:210)
at android.support.test.espresso.DataInteraction$DisplayDataMatcher.&lt;init&gt;(DataInteraction.java:230)
at android.support.test.espresso.DataInteraction$DisplayDataMatcher.&lt;init&gt;(DataInteraction.java:205)
at android.support.test.espresso.DataInteraction$DisplayDataMatcher.displayDataMatcher(DataInteraction.java:248)
at android.support.test.espresso.DataInteraction.makeTargetMatcher(DataInteraction.java:150)
at android.support.test.espresso.DataInteraction.perform(DataInteraction.java:135)
at kdk.android.simplydo.C3.DeleteInactiveC3.deleteInactiveC3(DeleteInactiveC3.java:178)
at java.lang.reflect.Method.invoke(Native Method)
at org.junit.runners.model.FrameworkMethod$1.runReflectiveCall(FrameworkMethod.java:50)
at org.junit.internal.runners.model.ReflectiveCallable.run(ReflectiveCallable.java:12)
at org.junit.runners.model.FrameworkMethod.invokeExplosively(FrameworkMethod.java:47)
at org.junit.internal.runners.statements.InvokeMethod.evaluate(InvokeMethod.java:17)
at android.support.test.rule.ActivityTestRule$ActivityStatement.evaluate(ActivityTestRule.java:527)
at org.junit.rules.RunRules.evaluate(RunRules.java:20)
at org.junit.runners.ParentRunner.runLeaf(ParentRunner.java:325)
at org.junit.runners.BlockJUnit4ClassRunner.runChild(BlockJUnit4ClassRunner.java:78)
at org.junit.runners.BlockJUnit4ClassRunner.runChild(BlockJUnit4ClassRunner.java:57)
at org.junit.runners.ParentRunner$3.run(ParentRunner.java:290)
at org.junit.runners.ParentRunner$1.schedule(ParentRunner.java:71)
at org.junit.runners.ParentRunner.runChildren(ParentRunner.java:288)
at org.junit.runners.ParentRunner.access$000(ParentRunner.java:58)
at org.junit.runners.ParentRunner$2.evaluate(ParentRunner.java:268)
at org.junit.runners.ParentRunner.run(ParentRunner.java:363)
at android.support.test.runner.AndroidJUnit4.run(AndroidJUnit4.java:101)
at org.junit.runners.Suite.runChild(Suite.java:128)
at org.junit.runners.Suite.runChild(Suite.java:27)
at org.junit.runners.ParentRunner$3.run(ParentRunner.java:290)
at org.junit.runners.ParentRunner$1.schedule(ParentRunner.java:71)
at org.junit.runners.ParentRunner.runChildren(ParentRunner.java:288)
at org.junit.runners.ParentRunner.access$000(ParentRunner.java:58)
at org.junit.runners.ParentRunner$2.evaluate(ParentRunner.java:268)
at org.junit.runners.ParentRunner.run(ParentRunner.java:363)
at org.junit.runner.JUnitCore.run(JUnitCore.java:137)
at org.junit.runner.JUnitCore.run(JUnitCore.java:115)
at android.support.test.internal.runner.TestExecutor.execute(TestExecutor.java:56)
at android.support.test.runner.AndroidJUnitRunner.onStart(AndroidJUnitRunner.java:384)
at android.app.Instrumentation$InstrumentationThread.run(Instrumentation.java:2074)
</failure>
  </testcase>
  <testcase name="itemAssertC3" classname="kdk.android.simplydo.C3.ItemAssertC3" time="1.928">
    <failure>android.support.test.espresso.NoMatchingViewException: No views in hierarchy found matching: (with id: kdk.android.simplydo:id/AddItemButton and with content description: is "Add" and Child at position 1 in parent (with id: kdk.android.simplydo:id/LinearLayout01 and Child at position 0 in parent (with id: kdk.android.simplydo:id/itemsView and Child at position 0 in parent (with id: kdk.android.simplydo:id/ListsItemsSwitcher and Child at position 0 in parent Child at position 0 in parent with id: android:id/content))) and is displayed on the screen to the user)
If the target view is not part of the view hierarchy, you may need to use Espresso.onData to load it from one of the following AdapterViews:android.widget.ListView{206abdf VFED.VCL. ......I. 0,126-1080,256 #7f03000a app:id/ListsListView}
- android.widget.ListView{12314cb VFED.VCL. ........ 0,126-1080,256 #7f030007 app:id/ItemsListView}

View Hierarchy:
+&gt;DecorView{id=-1, visibility=VISIBLE, width=1080, height=1920, has-focus=true, has-focusable=true, has-window-focus=true, is-clickable=false, is-enabled=true, is-focused=false, is-focusable=false, is-layout-requested=false, is-selected=false, layout-params=WM.LayoutParams{(0,0)(fillxfill) sim=#3 ty=1 fl=#81810100 pfl=0x20000 wanim=0x10302f6 needsMenuKey=2 colorMode=0}, tag=null, root-is-layout-requested=false, has-input-connection=false, x=0.0, y=0.0, child-count=3}
|
+-&gt;ActionBarOverlayLayout{id=16908822, res-name=decor_content_parent, visibility=VISIBLE, width=1080, height=1794, has-focus=true, has-focusable=true, has-window-focus=true, is-clickable=false, is-enabled=true, is-focused=false, is-focusable=false, is-layout-requested=false, is-selected=false, layout-params=android.widget.FrameLayout$LayoutParams&#64;174e5a2, tag=null, root-is-layout-requested=false, has-input-connection=false, x=0.0, y=0.0, child-count=2}
|
+--&gt;FrameLayout{id=16908290, res-name=content, visibility=VISIBLE, width=1080, height=1584, has-focus=true, has-focusable=true, has-window-focus=true, is-clickable=false, is-enabled=true, is-focused=false, is-focusable=false, is-layout-requested=false, is-selected=false, layout-params=com.android.internal.widget.ActionBarOverlayLayout$LayoutParams&#64;375b9f0, tag=null, root-is-layout-requested=false, has-input-connection=false, x=0.0, y=210.0, child-count=1}
|
+---&gt;LinearLayout{id=-1, visibility=VISIBLE, width=1080, height=1584, has-focus=true, has-focusable=true, has-window-focus=true, is-clickable=false, is-enabled=true, is-focused=false, is-focusable=false, is-layout-requested=false, is-selected=false, layout-params=android.widget.FrameLayout$LayoutParams&#64;adfb9ee, tag=null, root-is-layout-requested=false, has-input-connection=false, x=0.0, y=0.0, child-count=1}
|
+----&gt;ViewSwitcher{id=2130903049, res-name=ListsItemsSwitcher, visibility=VISIBLE, width=1080, height=256, has-focus=true, has-focusable=true, has-window-focus=true, is-clickable=false, is-enabled=true, is-focused=false, is-focusable=false, is-layout-requested=false, is-selected=false, layout-params=android.widget.LinearLayout$LayoutParams&#64;cf36525, tag=null, root-is-layout-requested=false, has-input-connection=false, x=0.0, y=0.0, child-count=2}
|
+-----&gt;LinearLayout{id=2130903059, res-name=listsView, visibility=GONE, width=1080, height=256, has-focus=false, has-focusable=false, has-window-focus=true, is-clickable=false, is-enabled=true, is-focused=false, is-focusable=false, is-layout-requested=true, is-selected=false, layout-params=android.widget.FrameLayout$LayoutParams&#64;c1186fa, tag=null, root-is-layout-requested=false, has-input-connection=false, x=0.0, y=0.0, child-count=2}
|
+------&gt;LinearLayout{id=2130903048, res-name=LinearLayout01, visibility=VISIBLE, width=1080, height=126, has-focus=false, has-focusable=true, has-window-focus=true, is-clickable=false, is-enabled=true, is-focused=false, is-focusable=false, is-layout-requested=false, is-selected=false, layout-params=android.widget.LinearLayout$LayoutParams&#64;9f2d4ab, tag=null, root-is-layout-requested=false, has-input-connection=false, x=0.0, y=0.0, child-count=2}
|
+-------&gt;EditText{id=2130903043, res-name=AddListEditText, desc=addlistedittext, visibility=VISIBLE, width=849, height=126, has-focus=false, has-focusable=true, has-window-focus=true, is-clickable=true, is-enabled=true, is-focused=false, is-focusable=true, is-layout-requested=false, is-selected=false, layout-params=android.widget.LinearLayout$LayoutParams&#64;d081087, tag=null, root-is-layout-requested=false, has-input-connection=true, editor-info=[inputType=0x31 imeOptions=0xc000006 privateImeOptions=null actionLabel=null actionId=0 initialSelStart=0 initialSelEnd=0 initialCapsMode=0x0 hintText=New List Name label=null packageName=null fieldId=0 fieldName=null extras=null hintLocales=null contentMimeTypes=null ], x=0.0, y=0.0, text=, hint=New List Name, input-type=49, ime-target=false, has-links=false}
|
+-------&gt;Button{id=2130903042, res-name=AddListButton, desc=Add, visibility=VISIBLE, width=231, height=126, has-focus=false, has-focusable=true, has-window-focus=true, is-clickable=true, is-enabled=true, is-focused=false, is-focusable=true, is-layout-requested=false, is-selected=false, layout-params=android.widget.LinearLayout$LayoutParams&#64;e25bb4, tag=null, root-is-layout-requested=false, has-input-connection=false, x=849.0, y=0.0, text=Add, input-type=0, ime-target=false, has-links=false}
|
+------&gt;ListView{id=2130903050, res-name=ListsListView, visibility=VISIBLE, width=1080, height=130, has-focus=false, has-focusable=true, has-window-focus=true, is-clickable=true, is-enabled=true, is-focused=false, is-focusable=true, is-layout-requested=true, is-selected=false, layout-params=android.widget.LinearLayout$LayoutParams&#64;bc5fb52, tag=null, root-is-layout-requested=false, has-input-connection=false, x=0.0, y=126.0, child-count=1}
|
+-------&gt;LinearLayout{id=-1, visibility=VISIBLE, width=1080, height=130, has-focus=false, has-focusable=false, has-window-focus=true, is-clickable=false, is-enabled=true, is-focused=false, is-focusable=false, is-layout-requested=false, is-selected=false, layout-params=android.widget.AbsListView$LayoutParams&#64;59910d9, tag=null, root-is-layout-requested=false, has-input-connection=false, x=0.0, y=0.0, child-count=2}
|
+--------&gt;TextView{id=2130903060, res-name=text1, desc=Name, visibility=VISIBLE, width=945, height=78, has-focus=false, has-focusable=false, has-window-focus=true, is-clickable=false, is-enabled=true, is-focused=false, is-focusable=false, is-layout-requested=false, is-selected=false, layout-params=android.widget.LinearLayout$LayoutParams&#64;6247a9e, tag=null, root-is-layout-requested=false, has-input-connection=false, x=26.0, y=26.0, text=one, input-type=0, ime-target=false, has-links=false}
|
+--------&gt;TextView{id=2130903061, res-name=text2, desc=text2, visibility=VISIBLE, width=109, height=64, has-focus=false, has-focusable=false, has-window-focus=true, is-clickable=false, is-enabled=true, is-focused=false, is-focusable=false, is-layout-requested=false, is-selected=false, layout-params=android.widget.LinearLayout$LayoutParams&#64;f18897f, tag=null, root-is-layout-requested=false, has-input-connection=false, x=971.0, y=35.0, text=(0/0), input-type=0, ime-target=false, has-links=false}
|
+-----&gt;LinearLayout{id=2130903057, res-name=itemsView, visibility=VISIBLE, width=1080, height=256, has-focus=true, has-focusable=true, has-window-focus=true, is-clickable=false, is-enabled=true, is-focused=false, is-focusable=false, is-layout-requested=false, is-selected=false, layout-params=android.widget.FrameLayout$LayoutParams&#64;e916d4c, tag=null, root-is-layout-requested=false, has-input-connection=false, x=0.0, y=0.0, child-count=2}
|
+------&gt;LinearLayout{id=2130903048, res-name=LinearLayout01, visibility=VISIBLE, width=1080, height=126, has-focus=true, has-focusable=true, has-window-focus=true, is-clickable=false, is-enabled=true, is-focused=false, is-focusable=false, is-layout-requested=false, is-selected=false, layout-params=android.widget.LinearLayout$LayoutParams&#64;800e195, tag=null, root-is-layout-requested=false, has-input-connection=false, x=0.0, y=0.0, child-count=2}
|
+-------&gt;EditText{id=2130903041, res-name=AddItemEditText, desc=addItemEditText, visibility=VISIBLE, width=849, height=118, has-focus=true, has-focusable=true, has-window-focus=true, is-clickable=true, is-enabled=true, is-focused=true, is-focusable=true, is-layout-requested=false, is-selected=false, layout-params=android.widget.LinearLayout$LayoutParams&#64;b59a2aa, tag=null, root-is-layout-requested=false, has-input-connection=true, editor-info=[inputType=0x31 imeOptions=0x8000006 privateImeOptions=null actionLabel=null actionId=0 initialSelStart=0 initialSelEnd=0 initialCapsMode=0x0 hintText=New Item Name label=null packageName=null fieldId=0 fieldName=null extras=null hintLocales=null contentMimeTypes=null ], x=0.0, y=1.0, text=, hint=New Item Name, input-type=49, ime-target=true, has-links=false}
|
+-------&gt;Button{id=2130903040, res-name=AddItemButton, desc=Add, visibility=VISIBLE, width=231, height=126, has-focus=false, has-focusable=true, has-window-focus=true, is-clickable=true, is-enabled=true, is-focused=false, is-focusable=true, is-layout-requested=false, is-selected=false, layout-params=android.widget.LinearLayout$LayoutParams&#64;e363e9b, tag=null, root-is-layout-requested=false, has-input-connection=false, x=849.0, y=0.0, text=Add, input-type=0, ime-target=false, has-links=false}
|
+------&gt;ListView{id=2130903047, res-name=ItemsListView, visibility=VISIBLE, width=1080, height=130, has-focus=false, has-focusable=true, has-window-focus=true, is-clickable=true, is-enabled=true, is-focused=false, is-focusable=true, is-layout-requested=false, is-selected=false, layout-params=android.widget.LinearLayout$LayoutParams&#64;ddb0211, tag=null, root-is-layout-requested=false, has-input-connection=false, x=0.0, y=126.0, child-count=1}
|
+-------&gt;LinearLayout{id=-1, visibility=VISIBLE, width=1080, height=130, has-focus=false, has-focusable=false, has-window-focus=true, is-clickable=false, is-enabled=true, is-focused=false, is-focusable=false, is-layout-requested=false, is-selected=false, layout-params=android.widget.AbsListView$LayoutParams&#64;2b02977, tag=null, root-is-layout-requested=false, has-input-connection=false, x=0.0, y=0.0, child-count=3}
|
+--------&gt;View{id=2130903052, res-name=SortedMarker, visibility=VISIBLE, width=5, height=130, has-focus=false, has-focusable=false, has-window-focus=true, is-clickable=false, is-enabled=true, is-focused=false, is-focusable=false, is-layout-requested=false, is-selected=false, layout-params=android.widget.LinearLayout$LayoutParams&#64;aae19e4, tag=null, root-is-layout-requested=false, has-input-connection=false, x=0.0, y=0.0}
|
+--------&gt;TextView{id=2130903055, res-name=ieText1, desc=ieText1, visibility=VISIBLE, width=1007, height=130, has-focus=false, has-focusable=false, has-window-focus=true, is-clickable=false, is-enabled=true, is-focused=false, is-focusable=false, is-layout-requested=false, is-selected=false, layout-params=android.widget.LinearLayout$LayoutParams&#64;25cae4d, tag=null, root-is-layout-requested=false, has-input-connection=false, x=5.0, y=0.0, text=item, input-type=0, ime-target=false, has-links=false}
|
+--------&gt;ImageSwitcher{id=2130903054, res-name=StarSwitcher, desc=StarSwitcher, visibility=INVISIBLE, width=68, height=115, has-focus=false, has-focusable=false, has-window-focus=true, is-clickable=false, is-enabled=true, is-focused=false, is-focusable=false, is-layout-requested=false, is-selected=false, layout-params=android.widget.LinearLayout$LayoutParams&#64;e24f050, tag=null, root-is-layout-requested=false, has-input-connection=false, x=1012.0, y=0.0, child-count=2}
|
+---------&gt;ImageView{id=2130903053, res-name=StarImage, desc=starImage, visibility=VISIBLE, width=63, height=63, has-focus=false, has-focusable=false, has-window-focus=true, is-clickable=false, is-enabled=true, is-focused=false, is-focusable=false, is-layout-requested=false, is-selected=false, layout-params=android.widget.FrameLayout$LayoutParams&#64;4d2e249, tag=null, root-is-layout-requested=false, has-input-connection=false, x=0.0, y=26.0}
|
+---------&gt;ImageView{id=2130903046, res-name=InactiveStarImage, visibility=GONE, width=0, height=0, has-focus=false, has-focusable=false, has-window-focus=true, is-clickable=false, is-enabled=true, is-focused=false, is-focusable=false, is-layout-requested=true, is-selected=false, layout-params=android.widget.FrameLayout$LayoutParams&#64;c32c74e, tag=null, root-is-layout-requested=false, has-input-connection=false, x=0.0, y=0.0}
|
+--&gt;ActionBarContainer{id=16908669, res-name=action_bar_container, visibility=VISIBLE, width=1080, height=147, has-focus=false, has-focusable=false, has-window-focus=true, is-clickable=false, is-enabled=true, is-focused=false, is-focusable=false, is-layout-requested=false, is-selected=false, layout-params=com.android.internal.widget.ActionBarOverlayLayout$LayoutParams&#64;25e5a05, tag=null, root-is-layout-requested=false, has-input-connection=false, x=0.0, y=63.0, child-count=2}
|
+---&gt;Toolbar{id=16908668, res-name=action_bar, visibility=VISIBLE, width=1080, height=147, has-focus=false, has-focusable=false, has-window-focus=true, is-clickable=false, is-enabled=true, is-focused=false, is-focusable=false, is-layout-requested=false, is-selected=false, layout-params=android.widget.FrameLayout$LayoutParams&#64;6780a5a, tag=null, root-is-layout-requested=false, has-input-connection=false, x=0.0, y=0.0, child-count=2}
|
+----&gt;TextView{id=-1, visibility=VISIBLE, width=87, height=71, has-focus=false, has-focusable=false, has-window-focus=true, is-clickable=false, is-enabled=true, is-focused=false, is-focusable=false, is-layout-requested=false, is-selected=false, layout-params=android.widget.Toolbar$LayoutParams&#64;fe0048b, tag=null, root-is-layout-requested=false, has-input-connection=false, x=42.0, y=38.0, text=one, input-type=0, ime-target=false, has-links=false}
|
+----&gt;ActionMenuView{id=-1, visibility=VISIBLE, width=105, height=147, has-focus=false, has-focusable=false, has-window-focus=true, is-clickable=false, is-enabled=true, is-focused=false, is-focusable=false, is-layout-requested=false, is-selected=false, layout-params=android.widget.Toolbar$LayoutParams&#64;f6f9181, tag=null, root-is-layout-requested=false, has-input-connection=false, x=975.0, y=0.0, child-count=1}
|
+-----&gt;OverflowMenuButton{id=-1, desc=More options, visibility=VISIBLE, width=105, height=126, has-focus=false, has-focusable=false, has-window-focus=true, is-clickable=true, is-enabled=true, is-focused=false, is-focusable=true, is-layout-requested=false, is-selected=false, layout-params=android.widget.ActionMenuView$LayoutParams&#64;b9c7226, tag=null, root-is-layout-requested=false, has-input-connection=false, x=0.0, y=10.0}
|
+---&gt;ActionBarContextView{id=16908673, res-name=action_context_bar, visibility=GONE, width=0, height=0, has-focus=false, has-focusable=false, has-window-focus=true, is-clickable=false, is-enabled=true, is-focused=false, is-focusable=false, is-layout-requested=true, is-selected=false, layout-params=android.widget.FrameLayout$LayoutParams&#64;bc85e67, tag=null, root-is-layout-requested=false, has-input-connection=false, x=0.0, y=0.0, child-count=0}
|
+-&gt;View{id=16908336, res-name=navigationBarBackground, visibility=VISIBLE, width=1080, height=126, has-focus=false, has-focusable=false, has-window-focus=true, is-clickable=false, is-enabled=true, is-focused=false, is-focusable=false, is-layout-requested=false, is-selected=false, layout-params=android.widget.FrameLayout$LayoutParams&#64;bbdc414, tag=null, root-is-layout-requested=false, has-input-connection=false, x=0.0, y=1794.0}
|
+-&gt;View{id=16908335, res-name=statusBarBackground, visibility=VISIBLE, width=1080, height=63, has-focus=false, has-focusable=false, has-window-focus=true, is-clickable=false, is-enabled=true, is-focused=false, is-focusable=false, is-layout-requested=false, is-selected=false, layout-params=android.widget.FrameLayout$LayoutParams&#64;d02c4bd, tag=null, root-is-layout-requested=false, has-input-connection=false, x=0.0, y=0.0}
|
at dalvik.system.VMStack.getThreadStackTrace(Native Method)
at java.lang.Thread.getStackTrace(Thread.java:1536)
at android.support.test.espresso.base.DefaultFailureHandler.getUserFriendlyError(DefaultFailureHandler.java:88)
at android.support.test.espresso.base.DefaultFailureHandler.handle(DefaultFailureHandler.java:51)
at android.support.test.espresso.ViewInteraction.waitForAndHandleInteractionResults(ViewInteraction.java:312)
at android.support.test.espresso.ViewInteraction.check(ViewInteraction.java:297)
at kdk.android.simplydo.C3.ItemAssertC3.itemAssertC3(ItemAssertC3.java:155)
at java.lang.reflect.Method.invoke(Native Method)
at org.junit.runners.model.FrameworkMethod$1.runReflectiveCall(FrameworkMethod.java:50)
at org.junit.internal.runners.model.ReflectiveCallable.run(ReflectiveCallable.java:12)
at org.junit.runners.model.FrameworkMethod.invokeExplosively(FrameworkMethod.java:47)
at org.junit.internal.runners.statements.InvokeMethod.evaluate(InvokeMethod.java:17)
at android.support.test.rule.ActivityTestRule$ActivityStatement.evaluate(ActivityTestRule.java:527)
at org.junit.rules.RunRules.evaluate(RunRules.java:20)
at org.junit.runners.ParentRunner.runLeaf(ParentRunner.java:325)
at org.junit.runners.BlockJUnit4ClassRunner.runChild(BlockJUnit4ClassRunner.java:78)
at org.junit.runners.BlockJUnit4ClassRunner.runChild(BlockJUnit4ClassRunner.java:57)
at org.junit.runners.ParentRunner$3.run(ParentRunner.java:290)
at org.junit.runners.ParentRunner$1.schedule(ParentRunner.java:71)
at org.junit.runners.ParentRunner.runChildren(ParentRunner.java:288)
at org.junit.runners.ParentRunner.access$000(ParentRunner.java:58)
at org.junit.runners.ParentRunner$2.evaluate(ParentRunner.java:268)
at org.junit.runners.ParentRunner.run(ParentRunner.java:363)
at android.support.test.runner.AndroidJUnit4.run(AndroidJUnit4.java:101)
at org.junit.runners.Suite.runChild(Suite.java:128)
at org.junit.runners.Suite.runChild(Suite.java:27)
at org.junit.runners.ParentRunner$3.run(ParentRunner.java:290)
at org.junit.runners.ParentRunner$1.schedule(ParentRunner.java:71)
at org.junit.runners.ParentRunner.runChildren(ParentRunner.java:288)
at org.junit.runners.ParentRunner.access$000(ParentRunner.java:58)
at org.junit.runners.ParentRunner$2.evaluate(ParentRunner.java:268)
at org.junit.runners.ParentRunner.run(ParentRunner.java:363)
at org.junit.runner.JUnitCore.run(JUnitCore.java:137)
at org.junit.runner.JUnitCore.run(JUnitCore.java:115)
at android.support.test.internal.runner.TestExecutor.execute(TestExecutor.java:56)
at android.support.test.runner.AndroidJUnitRunner.onStart(AndroidJUnitRunner.java:384)
at android.app.Instrumentation$InstrumentationThread.run(Instrumentation.java:2074)
</failure>
  </testcase>
  <testcase name="multipleListC3" classname="kdk.android.simplydo.C3.MultipleListC3" time="3.495" />
  <testcase name="sortItemsC3" classname="kdk.android.simplydo.C3.SortItemsC3" time="3.439" />
  <testcase name="addAssertC4" classname="kdk.android.simplydo.C4.AddAssertC4" time="0.864" />
  <testcase name="addItemC4" classname="kdk.android.simplydo.C4.AddItemC4" time="1.813" />
  <testcase name="changeSettingsC4" classname="kdk.android.simplydo.C4.ChangeSettingsC4" time="4.312" />
  <testcase name="checkItemC4" classname="kdk.android.simplydo.C4.CheckItemC4" time="2.293" />
  <testcase name="createListsC4" classname="kdk.android.simplydo.C4.CreateListsC4" time="1.229" />
  <testcase name="decoratorC4" classname="kdk.android.simplydo.C4.DecoratorC4" time="4.344" />
  <testcase name="deleteInactiveC4" classname="kdk.android.simplydo.C4.DeleteInactiveC4" time="3.217">
    <failure>android.support.test.espresso.NoMatchingViewException: No views in hierarchy found matching: (with id: kdk.android.simplydo:id/ListsListView and Child at position 1 in parent with id: 2130903059)
If the target view is not part of the view hierarchy, you may need to use Espresso.onData to load it from one of the following AdapterViews:android.widget.MenuPopupWindow$MenuDropDownListView{b1fdd02 VFED.VC.. .F...... 0,0-515,126}

View Hierarchy:
+&gt;PopupDecorView{id=-1, visibility=VISIBLE, width=515, height=126, has-focus=true, has-focusable=true, has-window-focus=true, is-clickable=false, is-enabled=true, is-focused=false, is-focusable=false, is-layout-requested=false, is-selected=false, layout-params=WM.LayoutParams{(555,73)(515x126) gr=#10800033 sim=#1 ty=1002 fl=#41860200 pfl=0x18000 fmt=-3 surfaceInsets=Rect(84, 84 - 84, 84) (manual) colorMode=0}, tag=null, root-is-layout-requested=false, has-input-connection=false, x=0.0, y=0.0, child-count=1}
|
+-&gt;PopupBackgroundView{id=-1, visibility=VISIBLE, width=515, height=126, has-focus=true, has-focusable=true, has-window-focus=true, is-clickable=false, is-enabled=true, is-focused=false, is-focusable=false, is-layout-requested=false, is-selected=false, layout-params=android.widget.FrameLayout$LayoutParams&#64;373e613, tag=null, root-is-layout-requested=false, has-input-connection=false, x=0.0, y=0.0, child-count=1}
|
+--&gt;MenuDropDownListView{id=-1, visibility=VISIBLE, width=515, height=126, has-focus=true, has-focusable=true, has-window-focus=true, is-clickable=true, is-enabled=true, is-focused=true, is-focusable=true, is-layout-requested=false, is-selected=false, layout-params=android.widget.FrameLayout$LayoutParams&#64;4d2e249, tag=null, root-is-layout-requested=false, has-input-connection=false, x=0.0, y=0.0, child-count=1}
|
+---&gt;ListMenuItemView{id=-1, visibility=VISIBLE, width=515, height=126, has-focus=false, has-focusable=false, has-window-focus=true, is-clickable=false, is-enabled=true, is-focused=false, is-focusable=false, is-layout-requested=false, is-selected=false, layout-params=android.widget.AbsListView$LayoutParams&#64;bf0c17c, tag=null, root-is-layout-requested=false, has-input-connection=false, x=0.0, y=0.0, child-count=2}
|
+----&gt;RelativeLayout{id=-1, visibility=VISIBLE, width=431, height=57, has-focus=false, has-focusable=false, has-window-focus=true, is-clickable=false, is-enabled=true, is-focused=false, is-focusable=false, is-layout-requested=false, is-selected=false, layout-params=android.widget.LinearLayout$LayoutParams&#64;fe0048b, tag=null, root-is-layout-requested=false, has-input-connection=false, x=42.0, y=34.0, child-count=2}
|
+-----&gt;TextView{id=16908310, res-name=title, visibility=VISIBLE, width=431, height=57, has-focus=false, has-focusable=false, has-window-focus=true, is-clickable=false, is-enabled=true, is-focused=false, is-focusable=false, is-layout-requested=false, is-selected=false, layout-params=android.widget.RelativeLayout$LayoutParams&#64;2467968, tag=null, root-is-layout-requested=false, has-input-connection=false, x=0.0, y=0.0, text=Settings, input-type=0, ime-target=false, has-links=false}
|
+-----&gt;TextView{id=16909259, res-name=shortcut, visibility=GONE, width=0, height=0, has-focus=false, has-focusable=false, has-window-focus=true, is-clickable=false, is-enabled=true, is-focused=false, is-focusable=false, is-layout-requested=true, is-selected=false, layout-params=android.widget.RelativeLayout$LayoutParams&#64;f6f9181, tag=null, root-is-layout-requested=false, has-input-connection=false, x=0.0, y=0.0, text=, input-type=0, ime-target=false, has-links=false}
|
+----&gt;ImageView{id=16909319, res-name=submenuarrow, visibility=GONE, width=0, height=0, has-focus=false, has-focusable=false, has-window-focus=true, is-clickable=false, is-enabled=true, is-focused=false, is-focusable=false, is-layout-requested=true, is-selected=false, layout-params=android.widget.LinearLayout$LayoutParams&#64;b9c7226, tag=null, root-is-layout-requested=false, has-input-connection=false, x=0.0, y=0.0}
|
at dalvik.system.VMStack.getThreadStackTrace(Native Method)
at java.lang.Thread.getStackTrace(Thread.java:1536)
at android.support.test.espresso.base.DefaultFailureHandler.getUserFriendlyError(DefaultFailureHandler.java:88)
at android.support.test.espresso.base.DefaultFailureHandler.handle(DefaultFailureHandler.java:51)
at android.support.test.espresso.ViewInteraction.waitForAndHandleInteractionResults(ViewInteraction.java:312)
at android.support.test.espresso.ViewInteraction.desugaredPerform(ViewInteraction.java:173)
at android.support.test.espresso.ViewInteraction.perform(ViewInteraction.java:114)
at android.support.test.espresso.DataInteraction$DisplayDataMatcher$1.apply(DataInteraction.java:213)
at android.support.test.espresso.DataInteraction$DisplayDataMatcher$1.apply(DataInteraction.java:210)
at android.support.test.espresso.DataInteraction$DisplayDataMatcher.&lt;init&gt;(DataInteraction.java:230)
at android.support.test.espresso.DataInteraction$DisplayDataMatcher.&lt;init&gt;(DataInteraction.java:205)
at android.support.test.espresso.DataInteraction$DisplayDataMatcher.displayDataMatcher(DataInteraction.java:248)
at android.support.test.espresso.DataInteraction.makeTargetMatcher(DataInteraction.java:150)
at android.support.test.espresso.DataInteraction.perform(DataInteraction.java:135)
at kdk.android.simplydo.C4.DeleteInactiveC4.deleteInactiveC4(DeleteInactiveC4.java:121)
at java.lang.reflect.Method.invoke(Native Method)
at org.junit.runners.model.FrameworkMethod$1.runReflectiveCall(FrameworkMethod.java:50)
at org.junit.internal.runners.model.ReflectiveCallable.run(ReflectiveCallable.java:12)
at org.junit.runners.model.FrameworkMethod.invokeExplosively(FrameworkMethod.java:47)
at org.junit.internal.runners.statements.InvokeMethod.evaluate(InvokeMethod.java:17)
at android.support.test.rule.ActivityTestRule$ActivityStatement.evaluate(ActivityTestRule.java:527)
at org.junit.rules.RunRules.evaluate(RunRules.java:20)
at org.junit.runners.ParentRunner.runLeaf(ParentRunner.java:325)
at org.junit.runners.BlockJUnit4ClassRunner.runChild(BlockJUnit4ClassRunner.java:78)
at org.junit.runners.BlockJUnit4ClassRunner.runChild(BlockJUnit4ClassRunner.java:57)
at org.junit.runners.ParentRunner$3.run(ParentRunner.java:290)
at org.junit.runners.ParentRunner$1.schedule(ParentRunner.java:71)
at org.junit.runners.ParentRunner.runChildren(ParentRunner.java:288)
at org.junit.runners.ParentRunner.access$000(ParentRunner.java:58)
at org.junit.runners.ParentRunner$2.evaluate(ParentRunner.java:268)
at org.junit.runners.ParentRunner.run(ParentRunner.java:363)
at android.support.test.runner.AndroidJUnit4.run(AndroidJUnit4.java:101)
at org.junit.runners.Suite.runChild(Suite.java:128)
at org.junit.runners.Suite.runChild(Suite.java:27)
at org.junit.runners.ParentRunner$3.run(ParentRunner.java:290)
at org.junit.runners.ParentRunner$1.schedule(ParentRunner.java:71)
at org.junit.runners.ParentRunner.runChildren(ParentRunner.java:288)
at org.junit.runners.ParentRunner.access$000(ParentRunner.java:58)
at org.junit.runners.ParentRunner$2.evaluate(ParentRunner.java:268)
at org.junit.runners.ParentRunner.run(ParentRunner.java:363)
at org.junit.runner.JUnitCore.run(JUnitCore.java:137)
at org.junit.runner.JUnitCore.run(JUnitCore.java:115)
at android.support.test.internal.runner.TestExecutor.execute(TestExecutor.java:56)
at android.support.test.runner.AndroidJUnitRunner.onStart(AndroidJUnitRunner.java:384)
at android.app.Instrumentation$InstrumentationThread.run(Instrumentation.java:2074)
</failure>
  </testcase>
  <testcase name="itemAssertC4" classname="kdk.android.simplydo.C4.ItemAssertC4" time="1.833" />
  <testcase name="multipleListC4" classname="kdk.android.simplydo.C4.MultipleListC4" time="3.446" />
  <testcase name="sortItemsC4" classname="kdk.android.simplydo.C4.SortItemsC4" time="4.323" />
  <testcase name="addAssertC5" classname="kdk.android.simplydo.C5.AddAssertC5" time="1.09" />
  <testcase name="addItemC5" classname="kdk.android.simplydo.C5.AddItemC5" time="1.816" />
  <testcase name="changeSettingsC5" classname="kdk.android.simplydo.C5.ChangeSettingsC5" time="4.163" />
  <testcase name="checkItemC5" classname="kdk.android.simplydo.C5.CheckItemC5" time="2.106" />
  <testcase name="createListC5" classname="kdk.android.simplydo.C5.CreateListC5" time="1.149" />
  <testcase name="decoratorC5" classname="kdk.android.simplydo.C5.DecoratorC5" time="4.254" />
  <testcase name="deleteInactiveC5" classname="kdk.android.simplydo.C5.DeleteInactiveC5" time="3.137">
    <failure>android.support.test.espresso.NoMatchingViewException: No views in hierarchy found matching: (with id: kdk.android.simplydo:id/ListsListView and Child at position 1 in parent (with id: 2130903059 and Child at position 0 in parent (with id: 2130903049 and Child at position 0 in parent Child at position 0 in parent with id: 16908290)))
If the target view is not part of the view hierarchy, you may need to use Espresso.onData to load it from one of the following AdapterViews:android.widget.MenuPopupWindow$MenuDropDownListView{b1fdd02 VFED.VC.. .F...... 0,0-515,126}

View Hierarchy:
+&gt;PopupDecorView{id=-1, visibility=VISIBLE, width=515, height=126, has-focus=true, has-focusable=true, has-window-focus=true, is-clickable=false, is-enabled=true, is-focused=false, is-focusable=false, is-layout-requested=false, is-selected=false, layout-params=WM.LayoutParams{(555,73)(515x126) gr=#10800033 sim=#1 ty=1002 fl=#41860200 pfl=0x18000 fmt=-3 surfaceInsets=Rect(84, 84 - 84, 84) (manual) colorMode=0}, tag=null, root-is-layout-requested=false, has-input-connection=false, x=0.0, y=0.0, child-count=1}
|
+-&gt;PopupBackgroundView{id=-1, visibility=VISIBLE, width=515, height=126, has-focus=true, has-focusable=true, has-window-focus=true, is-clickable=false, is-enabled=true, is-focused=false, is-focusable=false, is-layout-requested=false, is-selected=false, layout-params=android.widget.FrameLayout$LayoutParams&#64;373e613, tag=null, root-is-layout-requested=false, has-input-connection=false, x=0.0, y=0.0, child-count=1}
|
+--&gt;MenuDropDownListView{id=-1, visibility=VISIBLE, width=515, height=126, has-focus=true, has-focusable=true, has-window-focus=true, is-clickable=true, is-enabled=true, is-focused=true, is-focusable=true, is-layout-requested=false, is-selected=false, layout-params=android.widget.FrameLayout$LayoutParams&#64;4d2e249, tag=null, root-is-layout-requested=false, has-input-connection=false, x=0.0, y=0.0, child-count=1}
|
+---&gt;ListMenuItemView{id=-1, visibility=VISIBLE, width=515, height=126, has-focus=false, has-focusable=false, has-window-focus=true, is-clickable=false, is-enabled=true, is-focused=false, is-focusable=false, is-layout-requested=false, is-selected=false, layout-params=android.widget.AbsListView$LayoutParams&#64;bf0c17c, tag=null, root-is-layout-requested=false, has-input-connection=false, x=0.0, y=0.0, child-count=2}
|
+----&gt;RelativeLayout{id=-1, visibility=VISIBLE, width=431, height=57, has-focus=false, has-focusable=false, has-window-focus=true, is-clickable=false, is-enabled=true, is-focused=false, is-focusable=false, is-layout-requested=false, is-selected=false, layout-params=android.widget.LinearLayout$LayoutParams&#64;fe0048b, tag=null, root-is-layout-requested=false, has-input-connection=false, x=42.0, y=34.0, child-count=2}
|
+-----&gt;TextView{id=16908310, res-name=title, visibility=VISIBLE, width=431, height=57, has-focus=false, has-focusable=false, has-window-focus=true, is-clickable=false, is-enabled=true, is-focused=false, is-focusable=false, is-layout-requested=false, is-selected=false, layout-params=android.widget.RelativeLayout$LayoutParams&#64;2467968, tag=null, root-is-layout-requested=false, has-input-connection=false, x=0.0, y=0.0, text=Settings, input-type=0, ime-target=false, has-links=false}
|
+-----&gt;TextView{id=16909259, res-name=shortcut, visibility=GONE, width=0, height=0, has-focus=false, has-focusable=false, has-window-focus=true, is-clickable=false, is-enabled=true, is-focused=false, is-focusable=false, is-layout-requested=true, is-selected=false, layout-params=android.widget.RelativeLayout$LayoutParams&#64;f6f9181, tag=null, root-is-layout-requested=false, has-input-connection=false, x=0.0, y=0.0, text=, input-type=0, ime-target=false, has-links=false}
|
+----&gt;ImageView{id=16909319, res-name=submenuarrow, visibility=GONE, width=0, height=0, has-focus=false, has-focusable=false, has-window-focus=true, is-clickable=false, is-enabled=true, is-focused=false, is-focusable=false, is-layout-requested=true, is-selected=false, layout-params=android.widget.LinearLayout$LayoutParams&#64;b9c7226, tag=null, root-is-layout-requested=false, has-input-connection=false, x=0.0, y=0.0}
|
at dalvik.system.VMStack.getThreadStackTrace(Native Method)
at java.lang.Thread.getStackTrace(Thread.java:1536)
at android.support.test.espresso.base.DefaultFailureHandler.getUserFriendlyError(DefaultFailureHandler.java:88)
at android.support.test.espresso.base.DefaultFailureHandler.handle(DefaultFailureHandler.java:51)
at android.support.test.espresso.ViewInteraction.waitForAndHandleInteractionResults(ViewInteraction.java:312)
at android.support.test.espresso.ViewInteraction.desugaredPerform(ViewInteraction.java:173)
at android.support.test.espresso.ViewInteraction.perform(ViewInteraction.java:114)
at android.support.test.espresso.DataInteraction$DisplayDataMatcher$1.apply(DataInteraction.java:213)
at android.support.test.espresso.DataInteraction$DisplayDataMatcher$1.apply(DataInteraction.java:210)
at android.support.test.espresso.DataInteraction$DisplayDataMatcher.&lt;init&gt;(DataInteraction.java:230)
at android.support.test.espresso.DataInteraction$DisplayDataMatcher.&lt;init&gt;(DataInteraction.java:205)
at android.support.test.espresso.DataInteraction$DisplayDataMatcher.displayDataMatcher(DataInteraction.java:248)
at android.support.test.espresso.DataInteraction.makeTargetMatcher(DataInteraction.java:150)
at android.support.test.espresso.DataInteraction.perform(DataInteraction.java:135)
at kdk.android.simplydo.C5.DeleteInactiveC5.deleteInactiveC5(DeleteInactiveC5.java:178)
at java.lang.reflect.Method.invoke(Native Method)
at org.junit.runners.model.FrameworkMethod$1.runReflectiveCall(FrameworkMethod.java:50)
at org.junit.internal.runners.model.ReflectiveCallable.run(ReflectiveCallable.java:12)
at org.junit.runners.model.FrameworkMethod.invokeExplosively(FrameworkMethod.java:47)
at org.junit.internal.runners.statements.InvokeMethod.evaluate(InvokeMethod.java:17)
at android.support.test.rule.ActivityTestRule$ActivityStatement.evaluate(ActivityTestRule.java:527)
at org.junit.rules.RunRules.evaluate(RunRules.java:20)
at org.junit.runners.ParentRunner.runLeaf(ParentRunner.java:325)
at org.junit.runners.BlockJUnit4ClassRunner.runChild(BlockJUnit4ClassRunner.java:78)
at org.junit.runners.BlockJUnit4ClassRunner.runChild(BlockJUnit4ClassRunner.java:57)
at org.junit.runners.ParentRunner$3.run(ParentRunner.java:290)
at org.junit.runners.ParentRunner$1.schedule(ParentRunner.java:71)
at org.junit.runners.ParentRunner.runChildren(ParentRunner.java:288)
at org.junit.runners.ParentRunner.access$000(ParentRunner.java:58)
at org.junit.runners.ParentRunner$2.evaluate(ParentRunner.java:268)
at org.junit.runners.ParentRunner.run(ParentRunner.java:363)
at android.support.test.runner.AndroidJUnit4.run(AndroidJUnit4.java:101)
at org.junit.runners.Suite.runChild(Suite.java:128)
at org.junit.runners.Suite.runChild(Suite.java:27)
at org.junit.runners.ParentRunner$3.run(ParentRunner.java:290)
at org.junit.runners.ParentRunner$1.schedule(ParentRunner.java:71)
at org.junit.runners.ParentRunner.runChildren(ParentRunner.java:288)
at org.junit.runners.ParentRunner.access$000(ParentRunner.java:58)
at org.junit.runners.ParentRunner$2.evaluate(ParentRunner.java:268)
at org.junit.runners.ParentRunner.run(ParentRunner.java:363)
at org.junit.runner.JUnitCore.run(JUnitCore.java:137)
at org.junit.runner.JUnitCore.run(JUnitCore.java:115)
at android.support.test.internal.runner.TestExecutor.execute(TestExecutor.java:56)
at android.support.test.runner.AndroidJUnitRunner.onStart(AndroidJUnitRunner.java:384)
at android.app.Instrumentation$InstrumentationThread.run(Instrumentation.java:2074)
</failure>
  </testcase>
  <testcase name="itemAssertC5" classname="kdk.android.simplydo.C5.ItemAssertC5" time="2.596">
    <failure>android.support.test.espresso.NoMatchingViewException: No views in hierarchy found matching: (with id: kdk.android.simplydo:id/AddItemButton and Child at position 1 in parent (with id: kdk.android.simplydo:id/LinearLayout01 and Child at position 0 in parent (with id: kdk.android.simplydo:id/itemsView and Child at position 0 in parent (with id: kdk.android.simplydo:id/ListsItemsSwitcher and Child at position 0 in parent Child at position 0 in parent with id: android:id/content))) and is displayed on the screen to the user)
If the target view is not part of the view hierarchy, you may need to use Espresso.onData to load it from one of the following AdapterViews:android.widget.ListView{f062a7e VFED.VCL. ......I. 0,126-1080,256 #7f03000a app:id/ListsListView}
- android.widget.ListView{418339a VFED.VCL. ........ 0,126-1080,256 #7f030007 app:id/ItemsListView}

View Hierarchy:
+&gt;DecorView{id=-1, visibility=VISIBLE, width=1080, height=1920, has-focus=true, has-focusable=true, has-window-focus=true, is-clickable=false, is-enabled=true, is-focused=false, is-focusable=false, is-layout-requested=false, is-selected=false, layout-params=WM.LayoutParams{(0,0)(fillxfill) sim=#3 ty=1 fl=#81810100 pfl=0x20000 wanim=0x10302f6 needsMenuKey=2 colorMode=0}, tag=null, root-is-layout-requested=false, has-input-connection=false, x=0.0, y=0.0, child-count=3}
|
+-&gt;ActionBarOverlayLayout{id=16908822, res-name=decor_content_parent, visibility=VISIBLE, width=1080, height=1794, has-focus=true, has-focusable=true, has-window-focus=true, is-clickable=false, is-enabled=true, is-focused=false, is-focusable=false, is-layout-requested=false, is-selected=false, layout-params=android.widget.FrameLayout$LayoutParams&#64;98efe16, tag=null, root-is-layout-requested=false, has-input-connection=false, x=0.0, y=0.0, child-count=2}
|
+--&gt;FrameLayout{id=16908290, res-name=content, visibility=VISIBLE, width=1080, height=1584, has-focus=true, has-focusable=true, has-window-focus=true, is-clickable=false, is-enabled=true, is-focused=false, is-focusable=false, is-layout-requested=false, is-selected=false, layout-params=com.android.internal.widget.ActionBarOverlayLayout$LayoutParams&#64;a478984, tag=null, root-is-layout-requested=false, has-input-connection=false, x=0.0, y=210.0, child-count=1}
|
+---&gt;LinearLayout{id=-1, visibility=VISIBLE, width=1080, height=1584, has-focus=true, has-focusable=true, has-window-focus=true, is-clickable=false, is-enabled=true, is-focused=false, is-focusable=false, is-layout-requested=false, is-selected=false, layout-params=android.widget.FrameLayout$LayoutParams&#64;174e5a2, tag=null, root-is-layout-requested=false, has-input-connection=false, x=0.0, y=0.0, child-count=1}
|
+----&gt;ViewSwitcher{id=2130903049, res-name=ListsItemsSwitcher, visibility=VISIBLE, width=1080, height=256, has-focus=true, has-focusable=true, has-window-focus=true, is-clickable=false, is-enabled=true, is-focused=false, is-focusable=false, is-layout-requested=false, is-selected=false, layout-params=android.widget.LinearLayout$LayoutParams&#64;7677b69, tag=null, root-is-layout-requested=false, has-input-connection=false, x=0.0, y=0.0, child-count=2}
|
+-----&gt;LinearLayout{id=2130903059, res-name=listsView, visibility=GONE, width=1080, height=256, has-focus=false, has-focusable=false, has-window-focus=true, is-clickable=false, is-enabled=true, is-focused=false, is-focusable=false, is-layout-requested=true, is-selected=false, layout-params=android.widget.FrameLayout$LayoutParams&#64;adfb9ee, tag=null, root-is-layout-requested=false, has-input-connection=false, x=0.0, y=0.0, child-count=2}
|
+------&gt;LinearLayout{id=2130903048, res-name=LinearLayout01, visibility=VISIBLE, width=1080, height=126, has-focus=false, has-focusable=true, has-window-focus=true, is-clickable=false, is-enabled=true, is-focused=false, is-focusable=false, is-layout-requested=false, is-selected=false, layout-params=android.widget.LinearLayout$LayoutParams&#64;7fcde8f, tag=null, root-is-layout-requested=false, has-input-connection=false, x=0.0, y=0.0, child-count=2}
|
+-------&gt;EditText{id=2130903043, res-name=AddListEditText, desc=addlistedittext, visibility=VISIBLE, width=849, height=126, has-focus=false, has-focusable=true, has-window-focus=true, is-clickable=true, is-enabled=true, is-focused=false, is-focusable=true, is-layout-requested=false, is-selected=false, layout-params=android.widget.LinearLayout$LayoutParams&#64;9f2d4ab, tag=null, root-is-layout-requested=false, has-input-connection=true, editor-info=[inputType=0x31 imeOptions=0xc000006 privateImeOptions=null actionLabel=null actionId=0 initialSelStart=0 initialSelEnd=0 initialCapsMode=0x0 hintText=New List Name label=null packageName=null fieldId=0 fieldName=null extras=null hintLocales=null contentMimeTypes=null ], x=0.0, y=0.0, text=, hint=New List Name, input-type=49, ime-target=false, has-links=false}
|
+-------&gt;Button{id=2130903042, res-name=AddListButton, desc=Add, visibility=VISIBLE, width=231, height=126, has-focus=false, has-focusable=true, has-window-focus=true, is-clickable=true, is-enabled=true, is-focused=false, is-focusable=true, is-layout-requested=false, is-selected=false, layout-params=android.widget.LinearLayout$LayoutParams&#64;72d708, tag=null, root-is-layout-requested=false, has-input-connection=false, x=849.0, y=0.0, text=Add, input-type=0, ime-target=false, has-links=false}
|
+------&gt;ListView{id=2130903050, res-name=ListsListView, visibility=VISIBLE, width=1080, height=130, has-focus=false, has-focusable=true, has-window-focus=true, is-clickable=true, is-enabled=true, is-focused=false, is-focusable=true, is-layout-requested=true, is-selected=false, layout-params=android.widget.LinearLayout$LayoutParams&#64;b6118c6, tag=null, root-is-layout-requested=false, has-input-connection=false, x=0.0, y=126.0, child-count=1}
|
+-------&gt;LinearLayout{id=-1, visibility=VISIBLE, width=1080, height=130, has-focus=false, has-focusable=false, has-window-focus=true, is-clickable=false, is-enabled=true, is-focused=false, is-focusable=false, is-layout-requested=false, is-selected=false, layout-params=android.widget.AbsListView$LayoutParams&#64;98a13dd, tag=null, root-is-layout-requested=false, has-input-connection=false, x=0.0, y=0.0, child-count=2}
|
+--------&gt;TextView{id=2130903060, res-name=text1, desc=Name, visibility=VISIBLE, width=945, height=78, has-focus=false, has-focusable=false, has-window-focus=true, is-clickable=false, is-enabled=true, is-focused=false, is-focusable=false, is-layout-requested=false, is-selected=false, layout-params=android.widget.LinearLayout$LayoutParams&#64;bc5fb52, tag=null, root-is-layout-requested=false, has-input-connection=false, x=26.0, y=26.0, text=one, input-type=0, ime-target=false, has-links=false}
|
+--------&gt;TextView{id=2130903061, res-name=text2, desc=text2, visibility=VISIBLE, width=109, height=64, has-focus=false, has-focusable=false, has-window-focus=true, is-clickable=false, is-enabled=true, is-focused=false, is-focusable=false, is-layout-requested=false, is-selected=false, layout-params=android.widget.LinearLayout$LayoutParams&#64;94b2e23, tag=null, root-is-layout-requested=false, has-input-connection=false, x=971.0, y=35.0, text=(0/0), input-type=0, ime-target=false, has-links=false}
|
+-----&gt;LinearLayout{id=2130903057, res-name=itemsView, visibility=VISIBLE, width=1080, height=256, has-focus=true, has-focusable=true, has-window-focus=true, is-clickable=false, is-enabled=true, is-focused=false, is-focusable=false, is-layout-requested=false, is-selected=false, layout-params=android.widget.FrameLayout$LayoutParams&#64;f237f20, tag=null, root-is-layout-requested=false, has-input-connection=false, x=0.0, y=0.0, child-count=2}
|
+------&gt;LinearLayout{id=2130903048, res-name=LinearLayout01, visibility=VISIBLE, width=1080, height=126, has-focus=true, has-focusable=true, has-window-focus=true, is-clickable=false, is-enabled=true, is-focused=false, is-focusable=false, is-layout-requested=false, is-selected=false, layout-params=android.widget.LinearLayout$LayoutParams&#64;59910d9, tag=null, root-is-layout-requested=false, has-input-connection=false, x=0.0, y=0.0, child-count=2}
|
+-------&gt;EditText{id=2130903041, res-name=AddItemEditText, desc=addItemEditText, visibility=VISIBLE, width=849, height=118, has-focus=true, has-focusable=true, has-window-focus=true, is-clickable=true, is-enabled=true, is-focused=true, is-focusable=true, is-layout-requested=false, is-selected=false, layout-params=android.widget.LinearLayout$LayoutParams&#64;6247a9e, tag=null, root-is-layout-requested=false, has-input-connection=true, editor-info=[inputType=0x31 imeOptions=0x8000006 privateImeOptions=null actionLabel=null actionId=0 initialSelStart=0 initialSelEnd=0 initialCapsMode=0x0 hintText=New Item Name label=null packageName=null fieldId=0 fieldName=null extras=null hintLocales=null contentMimeTypes=null ], x=0.0, y=1.0, text=, hint=New Item Name, input-type=49, ime-target=true, has-links=false}
|
+-------&gt;Button{id=2130903040, res-name=AddItemButton, desc=Add, visibility=VISIBLE, width=231, height=126, has-focus=false, has-focusable=true, has-window-focus=true, is-clickable=true, is-enabled=true, is-focused=false, is-focusable=true, is-layout-requested=false, is-selected=false, layout-params=android.widget.LinearLayout$LayoutParams&#64;f18897f, tag=null, root-is-layout-requested=false, has-input-connection=false, x=849.0, y=0.0, text=Add, input-type=0, ime-target=false, has-links=false}
|
+------&gt;ListView{id=2130903047, res-name=ItemsListView, visibility=VISIBLE, width=1080, height=130, has-focus=false, has-focusable=true, has-window-focus=true, is-clickable=true, is-enabled=true, is-focused=false, is-focusable=true, is-layout-requested=false, is-selected=false, layout-params=android.widget.LinearLayout$LayoutParams&#64;800e195, tag=null, root-is-layout-requested=false, has-input-connection=false, x=0.0, y=126.0, child-count=1}
|
+-------&gt;LinearLayout{id=-1, visibility=VISIBLE, width=1080, height=130, has-focus=false, has-focusable=false, has-window-focus=true, is-clickable=false, is-enabled=true, is-focused=false, is-focusable=false, is-layout-requested=false, is-selected=false, layout-params=android.widget.AbsListView$LayoutParams&#64;e363e9b, tag=null, root-is-layout-requested=false, has-input-connection=false, x=0.0, y=0.0, child-count=3}
|
+--------&gt;View{id=2130903052, res-name=SortedMarker, visibility=VISIBLE, width=5, height=130, has-focus=false, has-focusable=false, has-window-focus=true, is-clickable=false, is-enabled=true, is-focused=false, is-focusable=false, is-layout-requested=false, is-selected=false, layout-params=android.widget.LinearLayout$LayoutParams&#64;b0e1238, tag=null, root-is-layout-requested=false, has-input-connection=false, x=0.0, y=0.0}
|
+--------&gt;TextView{id=2130903055, res-name=ieText1, desc=ieText1, visibility=VISIBLE, width=1007, height=130, has-focus=false, has-focusable=false, has-window-focus=true, is-clickable=false, is-enabled=true, is-focused=false, is-focusable=false, is-layout-requested=false, is-selected=false, layout-params=android.widget.LinearLayout$LayoutParams&#64;ddb0211, tag=null, root-is-layout-requested=false, has-input-connection=false, x=5.0, y=0.0, text=item, input-type=0, ime-target=false, has-links=false}
|
+--------&gt;ImageSwitcher{id=2130903054, res-name=StarSwitcher, desc=StarSwitcher, visibility=INVISIBLE, width=68, height=115, has-focus=false, has-focusable=false, has-window-focus=true, is-clickable=false, is-enabled=true, is-focused=false, is-focusable=false, is-layout-requested=false, is-selected=false, layout-params=android.widget.LinearLayout$LayoutParams&#64;aae19e4, tag=null, root-is-layout-requested=false, has-input-connection=false, x=1012.0, y=0.0, child-count=2}
|
+---------&gt;ImageView{id=2130903053, res-name=StarImage, desc=starImage, visibility=VISIBLE, width=63, height=63, has-focus=false, has-focusable=false, has-window-focus=true, is-clickable=false, is-enabled=true, is-focused=false, is-focusable=false, is-layout-requested=false, is-selected=false, layout-params=android.widget.FrameLayout$LayoutParams&#64;25cae4d, tag=null, root-is-layout-requested=false, has-input-connection=false, x=0.0, y=26.0}
|
+---------&gt;ImageView{id=2130903046, res-name=InactiveStarImage, visibility=GONE, width=0, height=0, has-focus=false, has-focusable=false, has-window-focus=true, is-clickable=false, is-enabled=true, is-focused=false, is-focusable=false, is-layout-requested=true, is-selected=false, layout-params=android.widget.FrameLayout$LayoutParams&#64;b1fdd02, tag=null, root-is-layout-requested=false, has-input-connection=false, x=0.0, y=0.0}
|
+--&gt;ActionBarContainer{id=16908669, res-name=action_bar_container, visibility=VISIBLE, width=1080, height=147, has-focus=false, has-focusable=false, has-window-focus=true, is-clickable=false, is-enabled=true, is-focused=false, is-focusable=false, is-layout-requested=false, is-selected=false, layout-params=com.android.internal.widget.ActionBarOverlayLayout$LayoutParams&#64;4d2e249, tag=null, root-is-layout-requested=false, has-input-connection=false, x=0.0, y=63.0, child-count=2}
|
+---&gt;Toolbar{id=16908668, res-name=action_bar, visibility=VISIBLE, width=1080, height=147, has-focus=false, has-focusable=false, has-window-focus=true, is-clickable=false, is-enabled=true, is-focused=false, is-focusable=false, is-layout-requested=false, is-selected=false, layout-params=android.widget.FrameLayout$LayoutParams&#64;c32c74e, tag=null, root-is-layout-requested=false, has-input-connection=false, x=0.0, y=0.0, child-count=2}
|
+----&gt;TextView{id=-1, visibility=VISIBLE, width=87, height=71, has-focus=false, has-focusable=false, has-window-focus=true, is-clickable=false, is-enabled=true, is-focused=false, is-focusable=false, is-layout-requested=false, is-selected=false, layout-params=android.widget.Toolbar$LayoutParams&#64;eacd06f, tag=null, root-is-layout-requested=false, has-input-connection=false, x=42.0, y=38.0, text=one, input-type=0, ime-target=false, has-links=false}
|
+----&gt;ActionMenuView{id=-1, visibility=VISIBLE, width=105, height=147, has-focus=false, has-focusable=false, has-window-focus=true, is-clickable=false, is-enabled=true, is-focused=false, is-focusable=false, is-layout-requested=false, is-selected=false, layout-params=android.widget.Toolbar$LayoutParams&#64;25e5a05, tag=null, root-is-layout-requested=false, has-input-connection=false, x=975.0, y=0.0, child-count=1}
|
+-----&gt;OverflowMenuButton{id=-1, desc=More options, visibility=VISIBLE, width=105, height=126, has-focus=false, has-focusable=false, has-window-focus=true, is-clickable=true, is-enabled=true, is-focused=false, is-focusable=true, is-layout-requested=false, is-selected=false, layout-params=android.widget.ActionMenuView$LayoutParams&#64;6780a5a, tag=null, root-is-layout-requested=false, has-input-connection=false, x=0.0, y=10.0}
|
+---&gt;ActionBarContextView{id=16908673, res-name=action_context_bar, visibility=GONE, width=0, height=0, has-focus=false, has-focusable=false, has-window-focus=true, is-clickable=false, is-enabled=true, is-focused=false, is-focusable=false, is-layout-requested=true, is-selected=false, layout-params=android.widget.FrameLayout$LayoutParams&#64;fe0048b, tag=null, root-is-layout-requested=false, has-input-connection=false, x=0.0, y=0.0, child-count=0}
|
+-&gt;View{id=16908336, res-name=navigationBarBackground, visibility=VISIBLE, width=1080, height=126, has-focus=false, has-focusable=false, has-window-focus=true, is-clickable=false, is-enabled=true, is-focused=false, is-focusable=false, is-layout-requested=false, is-selected=false, layout-params=android.widget.FrameLayout$LayoutParams&#64;2467968, tag=null, root-is-layout-requested=false, has-input-connection=false, x=0.0, y=1794.0}
|
+-&gt;View{id=16908335, res-name=statusBarBackground, visibility=VISIBLE, width=1080, height=63, has-focus=false, has-focusable=false, has-window-focus=true, is-clickable=false, is-enabled=true, is-focused=false, is-focusable=false, is-layout-requested=false, is-selected=false, layout-params=android.widget.FrameLayout$LayoutParams&#64;f6f9181, tag=null, root-is-layout-requested=false, has-input-connection=false, x=0.0, y=0.0}
|
at dalvik.system.VMStack.getThreadStackTrace(Native Method)
at java.lang.Thread.getStackTrace(Thread.java:1536)
at android.support.test.espresso.base.DefaultFailureHandler.getUserFriendlyError(DefaultFailureHandler.java:88)
at android.support.test.espresso.base.DefaultFailureHandler.handle(DefaultFailureHandler.java:51)
at android.support.test.espresso.ViewInteraction.waitForAndHandleInteractionResults(ViewInteraction.java:312)
at android.support.test.espresso.ViewInteraction.check(ViewInteraction.java:297)
at kdk.android.simplydo.C5.ItemAssertC5.itemAssertC5(ItemAssertC5.java:155)
at java.lang.reflect.Method.invoke(Native Method)
at org.junit.runners.model.FrameworkMethod$1.runReflectiveCall(FrameworkMethod.java:50)
at org.junit.internal.runners.model.ReflectiveCallable.run(ReflectiveCallable.java:12)
at org.junit.runners.model.FrameworkMethod.invokeExplosively(FrameworkMethod.java:47)
at org.junit.internal.runners.statements.InvokeMethod.evaluate(InvokeMethod.java:17)
at android.support.test.rule.ActivityTestRule$ActivityStatement.evaluate(ActivityTestRule.java:527)
at org.junit.rules.RunRules.evaluate(RunRules.java:20)
at org.junit.runners.ParentRunner.runLeaf(ParentRunner.java:325)
at org.junit.runners.BlockJUnit4ClassRunner.runChild(BlockJUnit4ClassRunner.java:78)
at org.junit.runners.BlockJUnit4ClassRunner.runChild(BlockJUnit4ClassRunner.java:57)
at org.junit.runners.ParentRunner$3.run(ParentRunner.java:290)
at org.junit.runners.ParentRunner$1.schedule(ParentRunner.java:71)
at org.junit.runners.ParentRunner.runChildren(ParentRunner.java:288)
at org.junit.runners.ParentRunner.access$000(ParentRunner.java:58)
at org.junit.runners.ParentRunner$2.evaluate(ParentRunner.java:268)
at org.junit.runners.ParentRunner.run(ParentRunner.java:363)
at android.support.test.runner.AndroidJUnit4.run(AndroidJUnit4.java:101)
at org.junit.runners.Suite.runChild(Suite.java:128)
at org.junit.runners.Suite.runChild(Suite.java:27)
at org.junit.runners.ParentRunner$3.run(ParentRunner.java:290)
at org.junit.runners.ParentRunner$1.schedule(ParentRunner.java:71)
at org.junit.runners.ParentRunner.runChildren(ParentRunner.java:288)
at org.junit.runners.ParentRunner.access$000(ParentRunner.java:58)
at org.junit.runners.ParentRunner$2.evaluate(ParentRunner.java:268)
at org.junit.runners.ParentRunner.run(ParentRunner.java:363)
at org.junit.runner.JUnitCore.run(JUnitCore.java:137)
at org.junit.runner.JUnitCore.run(JUnitCore.java:115)
at android.support.test.internal.runner.TestExecutor.execute(TestExecutor.java:56)
at android.support.test.runner.AndroidJUnitRunner.onStart(AndroidJUnitRunner.java:384)
at android.app.Instrumentation$InstrumentationThread.run(Instrumentation.java:2074)
</failure>
  </testcase>
  <testcase name="multipleListC5" classname="kdk.android.simplydo.C5.MultipleListC5" time="3.486" />
  <testcase name="sortItemsC5" classname="kdk.android.simplydo.C5.SortItemsC5" time="3.233" />
  <testcase name="addAssertC6" classname="kdk.android.simplydo.C6.AddAssertC6" time="0.923">
    <failure>android.support.test.espresso.AmbiguousViewMatcherException: '(an instance of android.widget.LinearLayout and is displayed on the screen to the user)' matches multiple views in the hierarchy.
Problem views are marked with '****MATCHES****' below.

View Hierarchy:
+&gt;DecorView{id=-1, visibility=VISIBLE, width=1080, height=1920, has-focus=true, has-focusable=true, has-window-focus=true, is-clickable=false, is-enabled=true, is-focused=false, is-focusable=false, is-layout-requested=false, is-selected=false, layout-params=WM.LayoutParams{(0,0)(fillxfill) sim=#3 ty=1 fl=#81810100 pfl=0x20000 wanim=0x10302f6 needsMenuKey=2 colorMode=0}, tag=null, root-is-layout-requested=false, has-input-connection=false, x=0.0, y=0.0, child-count=3}
|
+-&gt;ActionBarOverlayLayout{id=16908822, res-name=decor_content_parent, visibility=VISIBLE, width=1080, height=1794, has-focus=true, has-focusable=true, has-window-focus=true, is-clickable=false, is-enabled=true, is-focused=false, is-focusable=false, is-layout-requested=false, is-selected=false, layout-params=android.widget.FrameLayout$LayoutParams&#64;fe12c8d, tag=null, root-is-layout-requested=false, has-input-connection=false, x=0.0, y=0.0, child-count=2}
|
+--&gt;FrameLayout{id=16908290, res-name=content, visibility=VISIBLE, width=1080, height=1584, has-focus=true, has-focusable=true, has-window-focus=true, is-clickable=false, is-enabled=true, is-focused=false, is-focusable=false, is-layout-requested=false, is-selected=false, layout-params=com.android.internal.widget.ActionBarOverlayLayout$LayoutParams&#64;811e42, tag=null, root-is-layout-requested=false, has-input-connection=false, x=0.0, y=210.0, child-count=1}
|
+---&gt;LinearLayout{id=-1, visibility=VISIBLE, width=1080, height=1584, has-focus=true, has-focusable=true, has-window-focus=true, is-clickable=false, is-enabled=true, is-focused=false, is-focusable=false, is-layout-requested=false, is-selected=false, layout-params=android.widget.FrameLayout$LayoutParams&#64;ec93390, tag=null, root-is-layout-requested=false, has-input-connection=false, x=0.0, y=0.0, child-count=1} ****MATCHES****
|
+----&gt;ViewSwitcher{id=2130903049, res-name=ListsItemsSwitcher, visibility=VISIBLE, width=1080, height=256, has-focus=true, has-focusable=true, has-window-focus=true, is-clickable=false, is-enabled=true, is-focused=false, is-focusable=false, is-layout-requested=false, is-selected=false, layout-params=android.widget.LinearLayout$LayoutParams&#64;e86dc8e, tag=null, root-is-layout-requested=false, has-input-connection=false, x=0.0, y=0.0, child-count=2}
|
+-----&gt;LinearLayout{id=2130903059, res-name=listsView, visibility=VISIBLE, width=1080, height=256, has-focus=true, has-focusable=true, has-window-focus=true, is-clickable=false, is-enabled=true, is-focused=false, is-focusable=false, is-layout-requested=false, is-selected=false, layout-params=android.widget.FrameLayout$LayoutParams&#64;a735caf, tag=null, root-is-layout-requested=false, has-input-connection=false, x=0.0, y=0.0, child-count=2} ****MATCHES****
|
+------&gt;LinearLayout{id=2130903048, res-name=LinearLayout01, visibility=VISIBLE, width=1080, height=126, has-focus=true, has-focusable=true, has-window-focus=true, is-clickable=false, is-enabled=true, is-focused=false, is-focusable=false, is-layout-requested=false, is-selected=false, layout-params=android.widget.LinearLayout$LayoutParams&#64;7b5f8bc, tag=null, root-is-layout-requested=false, has-input-connection=false, x=0.0, y=0.0, child-count=2} ****MATCHES****
|
+-------&gt;EditText{id=2130903043, res-name=AddListEditText, desc=addlistedittext, visibility=VISIBLE, width=849, height=126, has-focus=true, has-focusable=true, has-window-focus=true, is-clickable=true, is-enabled=true, is-focused=true, is-focusable=true, is-layout-requested=false, is-selected=false, layout-params=android.widget.LinearLayout$LayoutParams&#64;c47e4a8, tag=null, root-is-layout-requested=false, has-input-connection=true, editor-info=[inputType=0x31 imeOptions=0x8000006 privateImeOptions=null actionLabel=null actionId=0 initialSelStart=0 initialSelEnd=0 initialCapsMode=0x0 hintText=New List Name label=null packageName=null fieldId=0 fieldName=null extras=null hintLocales=null contentMimeTypes=null ], x=0.0, y=0.0, text=, hint=New List Name, input-type=49, ime-target=true, has-links=false}
|
+-------&gt;Button{id=2130903042, res-name=AddListButton, desc=Add, visibility=VISIBLE, width=231, height=126, has-focus=false, has-focusable=true, has-window-focus=true, is-clickable=true, is-enabled=true, is-focused=false, is-focusable=true, is-layout-requested=false, is-selected=false, layout-params=android.widget.LinearLayout$LayoutParams&#64;437bbc1, tag=null, root-is-layout-requested=false, has-input-connection=false, x=849.0, y=0.0, text=Add, input-type=0, ime-target=false, has-links=false}
|
+------&gt;ListView{id=2130903050, res-name=ListsListView, visibility=VISIBLE, width=1080, height=130, has-focus=false, has-focusable=true, has-window-focus=true, is-clickable=true, is-enabled=true, is-focused=false, is-focusable=true, is-layout-requested=false, is-selected=false, layout-params=android.widget.LinearLayout$LayoutParams&#64;f35ef66, tag=null, root-is-layout-requested=false, has-input-connection=false, x=0.0, y=126.0, child-count=1}
|
+-------&gt;LinearLayout{id=-1, visibility=VISIBLE, width=1080, height=130, has-focus=false, has-focusable=false, has-window-focus=true, is-clickable=false, is-enabled=true, is-focused=false, is-focusable=false, is-layout-requested=false, is-selected=false, layout-params=android.widget.AbsListView$LayoutParams&#64;7cc32a7, tag=null, root-is-layout-requested=false, has-input-connection=false, x=0.0, y=0.0, child-count=2} ****MATCHES****
|
+--------&gt;TextView{id=2130903060, res-name=text1, desc=Name, visibility=VISIBLE, width=945, height=78, has-focus=false, has-focusable=false, has-window-focus=true, is-clickable=false, is-enabled=true, is-focused=false, is-focusable=false, is-layout-requested=false, is-selected=false, layout-params=android.widget.LinearLayout$LayoutParams&#64;d8aa354, tag=null, root-is-layout-requested=false, has-input-connection=false, x=26.0, y=26.0, text=new, input-type=0, ime-target=false, has-links=false}
|
+--------&gt;TextView{id=2130903061, res-name=text2, desc=text2, visibility=VISIBLE, width=109, height=64, has-focus=false, has-focusable=false, has-window-focus=true, is-clickable=false, is-enabled=true, is-focused=false, is-focusable=false, is-layout-requested=false, is-selected=false, layout-params=android.widget.LinearLayout$LayoutParams&#64;8c352fd, tag=null, root-is-layout-requested=false, has-input-connection=false, x=971.0, y=35.0, text=(0/0), input-type=0, ime-target=false, has-links=false}
|
+-----&gt;LinearLayout{id=2130903057, res-name=itemsView, visibility=GONE, width=0, height=0, has-focus=false, has-focusable=false, has-window-focus=true, is-clickable=false, is-enabled=true, is-focused=false, is-focusable=false, is-layout-requested=true, is-selected=false, layout-params=android.widget.FrameLayout$LayoutParams&#64;f98a0c0, tag=null, root-is-layout-requested=false, has-input-connection=false, x=0.0, y=0.0, child-count=2}
|
+------&gt;LinearLayout{id=2130903048, res-name=LinearLayout01, visibility=VISIBLE, width=0, height=0, has-focus=false, has-focusable=true, has-window-focus=true, is-clickable=false, is-enabled=true, is-focused=false, is-focusable=false, is-layout-requested=true, is-selected=false, layout-params=android.widget.LinearLayout$LayoutParams&#64;1bacf9f, tag=null, root-is-layout-requested=false, has-input-connection=false, x=0.0, y=0.0, child-count=2}
|
+-------&gt;EditText{id=2130903041, res-name=AddItemEditText, desc=addItemEditText, visibility=VISIBLE, width=0, height=0, has-focus=false, has-focusable=true, has-window-focus=true, is-clickable=true, is-enabled=true, is-focused=false, is-focusable=true, is-layout-requested=true, is-selected=false, layout-params=android.widget.LinearLayout$LayoutParams&#64;bc708ec, tag=null, root-is-layout-requested=false, has-input-connection=true, editor-info=[inputType=0x31 imeOptions=0x8000006 privateImeOptions=null actionLabel=null actionId=0 initialSelStart=0 initialSelEnd=0 initialCapsMode=0x0 hintText=New Item Name label=null packageName=null fieldId=0 fieldName=null extras=null hintLocales=null contentMimeTypes=null ], x=0.0, y=0.0, text=, hint=New Item Name, input-type=49, ime-target=false, has-links=false}
|
+-------&gt;Button{id=2130903040, res-name=AddItemButton, desc=Add, visibility=VISIBLE, width=0, height=0, has-focus=false, has-focusable=true, has-window-focus=true, is-clickable=true, is-enabled=true, is-focused=false, is-focusable=true, is-layout-requested=true, is-selected=false, layout-params=android.widget.LinearLayout$LayoutParams&#64;afee4b5, tag=null, root-is-layout-requested=false, has-input-connection=false, x=0.0, y=0.0, text=Add, input-type=0, ime-target=false, has-links=false}
|
+------&gt;ListView{id=2130903047, res-name=ItemsListView, visibility=VISIBLE, width=0, height=0, has-focus=false, has-focusable=false, has-window-focus=true, is-clickable=true, is-enabled=true, is-focused=false, is-focusable=false, is-layout-requested=true, is-selected=false, layout-params=android.widget.LinearLayout$LayoutParams&#64;134b74a, tag=null, root-is-layout-requested=false, has-input-connection=false, x=0.0, y=0.0, child-count=0}
|
+--&gt;ActionBarContainer{id=16908669, res-name=action_bar_container, visibility=VISIBLE, width=1080, height=147, has-focus=false, has-focusable=false, has-window-focus=true, is-clickable=false, is-enabled=true, is-focused=false, is-focusable=false, is-layout-requested=false, is-selected=false, layout-params=com.android.internal.widget.ActionBarOverlayLayout$LayoutParams&#64;7061731, tag=null, root-is-layout-requested=false, has-input-connection=false, x=0.0, y=63.0, child-count=2}
|
+---&gt;Toolbar{id=16908668, res-name=action_bar, visibility=VISIBLE, width=1080, height=147, has-focus=false, has-focusable=false, has-window-focus=true, is-clickable=false, is-enabled=true, is-focused=false, is-focusable=false, is-layout-requested=false, is-selected=false, layout-params=android.widget.FrameLayout$LayoutParams&#64;98efe16, tag=null, root-is-layout-requested=false, has-input-connection=false, x=0.0, y=0.0, child-count=2}
|
+----&gt;TextView{id=-1, visibility=VISIBLE, width=240, height=71, has-focus=false, has-focusable=false, has-window-focus=true, is-clickable=false, is-enabled=true, is-focused=false, is-focusable=false, is-layout-requested=false, is-selected=false, layout-params=android.widget.Toolbar$LayoutParams&#64;e511397, tag=null, root-is-layout-requested=false, has-input-connection=false, x=42.0, y=38.0, text=Simply Do, input-type=0, ime-target=false, has-links=false}
|
+----&gt;ActionMenuView{id=-1, visibility=VISIBLE, width=105, height=147, has-focus=false, has-focusable=false, has-window-focus=true, is-clickable=false, is-enabled=true, is-focused=false, is-focusable=false, is-layout-requested=false, is-selected=false, layout-params=android.widget.Toolbar$LayoutParams&#64;c73f56d, tag=null, root-is-layout-requested=false, has-input-connection=false, x=975.0, y=0.0, child-count=1} ****MATCHES****
|
+-----&gt;OverflowMenuButton{id=-1, desc=More options, visibility=VISIBLE, width=105, height=126, has-focus=false, has-focusable=false, has-window-focus=true, is-clickable=true, is-enabled=true, is-focused=false, is-focusable=true, is-layout-requested=false, is-selected=false, layout-params=android.widget.ActionMenuView$LayoutParams&#64;174e5a2, tag=null, root-is-layout-requested=false, has-input-connection=false, x=0.0, y=10.0}
|
+---&gt;ActionBarContextView{id=16908673, res-name=action_context_bar, visibility=GONE, width=0, height=0, has-focus=false, has-focusable=false, has-window-focus=true, is-clickable=false, is-enabled=true, is-focused=false, is-focusable=false, is-layout-requested=true, is-selected=false, layout-params=android.widget.FrameLayout$LayoutParams&#64;a095233, tag=null, root-is-layout-requested=false, has-input-connection=false, x=0.0, y=0.0, child-count=0}
|
+-&gt;View{id=16908336, res-name=navigationBarBackground, visibility=VISIBLE, width=1080, height=126, has-focus=false, has-focusable=false, has-window-focus=true, is-clickable=false, is-enabled=true, is-focused=false, is-focusable=false, is-layout-requested=false, is-selected=false, layout-params=android.widget.FrameLayout$LayoutParams&#64;375b9f0, tag=null, root-is-layout-requested=false, has-input-connection=false, x=0.0, y=1794.0}
|
+-&gt;View{id=16908335, res-name=statusBarBackground, visibility=VISIBLE, width=1080, height=63, has-focus=false, has-focusable=false, has-window-focus=true, is-clickable=false, is-enabled=true, is-focused=false, is-focusable=false, is-layout-requested=false, is-selected=false, layout-params=android.widget.FrameLayout$LayoutParams&#64;7677b69, tag=null, root-is-layout-requested=false, has-input-connection=false, x=0.0, y=0.0}
|
at dalvik.system.VMStack.getThreadStackTrace(Native Method)
at java.lang.Thread.getStackTrace(Thread.java:1536)
at android.support.test.espresso.base.DefaultFailureHandler.getUserFriendlyError(DefaultFailureHandler.java:88)
at android.support.test.espresso.base.DefaultFailureHandler.handle(DefaultFailureHandler.java:51)
at android.support.test.espresso.ViewInteraction.waitForAndHandleInteractionResults(ViewInteraction.java:312)
at android.support.test.espresso.ViewInteraction.check(ViewInteraction.java:297)
at kdk.android.simplydo.C6.AddAssertC6.addAssertC6(AddAssertC6.java:53)
at java.lang.reflect.Method.invoke(Native Method)
at org.junit.runners.model.FrameworkMethod$1.runReflectiveCall(FrameworkMethod.java:50)
at org.junit.internal.runners.model.ReflectiveCallable.run(ReflectiveCallable.java:12)
at org.junit.runners.model.FrameworkMethod.invokeExplosively(FrameworkMethod.java:47)
at org.junit.internal.runners.statements.InvokeMethod.evaluate(InvokeMethod.java:17)
at android.support.test.rule.ActivityTestRule$ActivityStatement.evaluate(ActivityTestRule.java:527)
at org.junit.rules.RunRules.evaluate(RunRules.java:20)
at org.junit.runners.ParentRunner.runLeaf(ParentRunner.java:325)
at org.junit.runners.BlockJUnit4ClassRunner.runChild(BlockJUnit4ClassRunner.java:78)
at org.junit.runners.BlockJUnit4ClassRunner.runChild(BlockJUnit4ClassRunner.java:57)
at org.junit.runners.ParentRunner$3.run(ParentRunner.java:290)
at org.junit.runners.ParentRunner$1.schedule(ParentRunner.java:71)
at org.junit.runners.ParentRunner.runChildren(ParentRunner.java:288)
at org.junit.runners.ParentRunner.access$000(ParentRunner.java:58)
at org.junit.runners.ParentRunner$2.evaluate(ParentRunner.java:268)
at org.junit.runners.ParentRunner.run(ParentRunner.java:363)
at android.support.test.runner.AndroidJUnit4.run(AndroidJUnit4.java:101)
at org.junit.runners.Suite.runChild(Suite.java:128)
at org.junit.runners.Suite.runChild(Suite.java:27)
at org.junit.runners.ParentRunner$3.run(ParentRunner.java:290)
at org.junit.runners.ParentRunner$1.schedule(ParentRunner.java:71)
at org.junit.runners.ParentRunner.runChildren(ParentRunner.java:288)
at org.junit.runners.ParentRunner.access$000(ParentRunner.java:58)
at org.junit.runners.ParentRunner$2.evaluate(ParentRunner.java:268)
at org.junit.runners.ParentRunner.run(ParentRunner.java:363)
at org.junit.runner.JUnitCore.run(JUnitCore.java:137)
at org.junit.runner.JUnitCore.run(JUnitCore.java:115)
at android.support.test.internal.runner.TestExecutor.execute(TestExecutor.java:56)
at android.support.test.runner.AndroidJUnitRunner.onStart(AndroidJUnitRunner.java:384)
at android.app.Instrumentation$InstrumentationThread.run(Instrumentation.java:2074)
</failure>
  </testcase>
  <testcase name="addItemC6" classname="kdk.android.simplydo.C6.AddItemC6" time="0.884">
    <failure>android.support.test.espresso.AmbiguousViewMatcherException: '(with class name: is "android.widget.LinearLayout" and is displayed on the screen to the user)' matches multiple views in the hierarchy.
Problem views are marked with '****MATCHES****' below.

View Hierarchy:
+&gt;DecorView{id=-1, visibility=VISIBLE, width=1080, height=1920, has-focus=true, has-focusable=true, has-window-focus=true, is-clickable=false, is-enabled=true, is-focused=false, is-focusable=false, is-layout-requested=false, is-selected=false, layout-params=WM.LayoutParams{(0,0)(fillxfill) sim=#3 ty=1 fl=#81810100 pfl=0x20000 wanim=0x10302f6 needsMenuKey=2 colorMode=0}, tag=null, root-is-layout-requested=false, has-input-connection=false, x=0.0, y=0.0, child-count=3}
|
+-&gt;ActionBarOverlayLayout{id=16908822, res-name=decor_content_parent, visibility=VISIBLE, width=1080, height=1794, has-focus=true, has-focusable=true, has-window-focus=true, is-clickable=false, is-enabled=true, is-focused=false, is-focusable=false, is-layout-requested=false, is-selected=false, layout-params=android.widget.FrameLayout$LayoutParams&#64;fe12c8d, tag=null, root-is-layout-requested=false, has-input-connection=false, x=0.0, y=0.0, child-count=2}
|
+--&gt;FrameLayout{id=16908290, res-name=content, visibility=VISIBLE, width=1080, height=1584, has-focus=true, has-focusable=true, has-window-focus=true, is-clickable=false, is-enabled=true, is-focused=false, is-focusable=false, is-layout-requested=false, is-selected=false, layout-params=com.android.internal.widget.ActionBarOverlayLayout$LayoutParams&#64;811e42, tag=null, root-is-layout-requested=false, has-input-connection=false, x=0.0, y=210.0, child-count=1}
|
+---&gt;LinearLayout{id=-1, visibility=VISIBLE, width=1080, height=1584, has-focus=true, has-focusable=true, has-window-focus=true, is-clickable=false, is-enabled=true, is-focused=false, is-focusable=false, is-layout-requested=false, is-selected=false, layout-params=android.widget.FrameLayout$LayoutParams&#64;ec93390, tag=null, root-is-layout-requested=false, has-input-connection=false, x=0.0, y=0.0, child-count=1} ****MATCHES****
|
+----&gt;ViewSwitcher{id=2130903049, res-name=ListsItemsSwitcher, visibility=VISIBLE, width=1080, height=256, has-focus=true, has-focusable=true, has-window-focus=true, is-clickable=false, is-enabled=true, is-focused=false, is-focusable=false, is-layout-requested=false, is-selected=false, layout-params=android.widget.LinearLayout$LayoutParams&#64;e86dc8e, tag=null, root-is-layout-requested=false, has-input-connection=false, x=0.0, y=0.0, child-count=2}
|
+-----&gt;LinearLayout{id=2130903059, res-name=listsView, visibility=VISIBLE, width=1080, height=256, has-focus=true, has-focusable=true, has-window-focus=true, is-clickable=false, is-enabled=true, is-focused=false, is-focusable=false, is-layout-requested=false, is-selected=false, layout-params=android.widget.FrameLayout$LayoutParams&#64;a735caf, tag=null, root-is-layout-requested=false, has-input-connection=false, x=0.0, y=0.0, child-count=2} ****MATCHES****
|
+------&gt;LinearLayout{id=2130903048, res-name=LinearLayout01, visibility=VISIBLE, width=1080, height=126, has-focus=true, has-focusable=true, has-window-focus=true, is-clickable=false, is-enabled=true, is-focused=false, is-focusable=false, is-layout-requested=false, is-selected=false, layout-params=android.widget.LinearLayout$LayoutParams&#64;7b5f8bc, tag=null, root-is-layout-requested=false, has-input-connection=false, x=0.0, y=0.0, child-count=2} ****MATCHES****
|
+-------&gt;EditText{id=2130903043, res-name=AddListEditText, desc=addlistedittext, visibility=VISIBLE, width=849, height=126, has-focus=true, has-focusable=true, has-window-focus=true, is-clickable=true, is-enabled=true, is-focused=true, is-focusable=true, is-layout-requested=false, is-selected=false, layout-params=android.widget.LinearLayout$LayoutParams&#64;c47e4a8, tag=null, root-is-layout-requested=false, has-input-connection=true, editor-info=[inputType=0x31 imeOptions=0x8000006 privateImeOptions=null actionLabel=null actionId=0 initialSelStart=0 initialSelEnd=0 initialCapsMode=0x0 hintText=New List Name label=null packageName=null fieldId=0 fieldName=null extras=null hintLocales=null contentMimeTypes=null ], x=0.0, y=0.0, text=, hint=New List Name, input-type=49, ime-target=true, has-links=false}
|
+-------&gt;Button{id=2130903042, res-name=AddListButton, desc=Add, visibility=VISIBLE, width=231, height=126, has-focus=false, has-focusable=true, has-window-focus=true, is-clickable=true, is-enabled=true, is-focused=false, is-focusable=true, is-layout-requested=false, is-selected=false, layout-params=android.widget.LinearLayout$LayoutParams&#64;437bbc1, tag=null, root-is-layout-requested=false, has-input-connection=false, x=849.0, y=0.0, text=Add, input-type=0, ime-target=false, has-links=false}
|
+------&gt;ListView{id=2130903050, res-name=ListsListView, visibility=VISIBLE, width=1080, height=130, has-focus=false, has-focusable=true, has-window-focus=true, is-clickable=true, is-enabled=true, is-focused=false, is-focusable=true, is-layout-requested=false, is-selected=false, layout-params=android.widget.LinearLayout$LayoutParams&#64;f35ef66, tag=null, root-is-layout-requested=false, has-input-connection=false, x=0.0, y=126.0, child-count=1}
|
+-------&gt;LinearLayout{id=-1, visibility=VISIBLE, width=1080, height=130, has-focus=false, has-focusable=false, has-window-focus=true, is-clickable=false, is-enabled=true, is-focused=false, is-focusable=false, is-layout-requested=false, is-selected=false, layout-params=android.widget.AbsListView$LayoutParams&#64;7cc32a7, tag=null, root-is-layout-requested=false, has-input-connection=false, x=0.0, y=0.0, child-count=2} ****MATCHES****
|
+--------&gt;TextView{id=2130903060, res-name=text1, desc=Name, visibility=VISIBLE, width=945, height=78, has-focus=false, has-focusable=false, has-window-focus=true, is-clickable=false, is-enabled=true, is-focused=false, is-focusable=false, is-layout-requested=false, is-selected=false, layout-params=android.widget.LinearLayout$LayoutParams&#64;d8aa354, tag=null, root-is-layout-requested=false, has-input-connection=false, x=26.0, y=26.0, text=List, input-type=0, ime-target=false, has-links=false}
|
+--------&gt;TextView{id=2130903061, res-name=text2, desc=text2, visibility=VISIBLE, width=109, height=64, has-focus=false, has-focusable=false, has-window-focus=true, is-clickable=false, is-enabled=true, is-focused=false, is-focusable=false, is-layout-requested=false, is-selected=false, layout-params=android.widget.LinearLayout$LayoutParams&#64;8c352fd, tag=null, root-is-layout-requested=false, has-input-connection=false, x=971.0, y=35.0, text=(0/0), input-type=0, ime-target=false, has-links=false}
|
+-----&gt;LinearLayout{id=2130903057, res-name=itemsView, visibility=GONE, width=0, height=0, has-focus=false, has-focusable=false, has-window-focus=true, is-clickable=false, is-enabled=true, is-focused=false, is-focusable=false, is-layout-requested=true, is-selected=false, layout-params=android.widget.FrameLayout$LayoutParams&#64;f98a0c0, tag=null, root-is-layout-requested=false, has-input-connection=false, x=0.0, y=0.0, child-count=2}
|
+------&gt;LinearLayout{id=2130903048, res-name=LinearLayout01, visibility=VISIBLE, width=0, height=0, has-focus=false, has-focusable=true, has-window-focus=true, is-clickable=false, is-enabled=true, is-focused=false, is-focusable=false, is-layout-requested=true, is-selected=false, layout-params=android.widget.LinearLayout$LayoutParams&#64;1bacf9f, tag=null, root-is-layout-requested=false, has-input-connection=false, x=0.0, y=0.0, child-count=2}
|
+-------&gt;EditText{id=2130903041, res-name=AddItemEditText, desc=addItemEditText, visibility=VISIBLE, width=0, height=0, has-focus=false, has-focusable=true, has-window-focus=true, is-clickable=true, is-enabled=true, is-focused=false, is-focusable=true, is-layout-requested=true, is-selected=false, layout-params=android.widget.LinearLayout$LayoutParams&#64;bc708ec, tag=null, root-is-layout-requested=false, has-input-connection=true, editor-info=[inputType=0x31 imeOptions=0x8000006 privateImeOptions=null actionLabel=null actionId=0 initialSelStart=0 initialSelEnd=0 initialCapsMode=0x0 hintText=New Item Name label=null packageName=null fieldId=0 fieldName=null extras=null hintLocales=null contentMimeTypes=null ], x=0.0, y=0.0, text=, hint=New Item Name, input-type=49, ime-target=false, has-links=false}
|
+-------&gt;Button{id=2130903040, res-name=AddItemButton, desc=Add, visibility=VISIBLE, width=0, height=0, has-focus=false, has-focusable=true, has-window-focus=true, is-clickable=true, is-enabled=true, is-focused=false, is-focusable=true, is-layout-requested=true, is-selected=false, layout-params=android.widget.LinearLayout$LayoutParams&#64;afee4b5, tag=null, root-is-layout-requested=false, has-input-connection=false, x=0.0, y=0.0, text=Add, input-type=0, ime-target=false, has-links=false}
|
+------&gt;ListView{id=2130903047, res-name=ItemsListView, visibility=VISIBLE, width=0, height=0, has-focus=false, has-focusable=false, has-window-focus=true, is-clickable=true, is-enabled=true, is-focused=false, is-focusable=false, is-layout-requested=true, is-selected=false, layout-params=android.widget.LinearLayout$LayoutParams&#64;134b74a, tag=null, root-is-layout-requested=false, has-input-connection=false, x=0.0, y=0.0, child-count=0}
|
+--&gt;ActionBarContainer{id=16908669, res-name=action_bar_container, visibility=VISIBLE, width=1080, height=147, has-focus=false, has-focusable=false, has-window-focus=true, is-clickable=false, is-enabled=true, is-focused=false, is-focusable=false, is-layout-requested=false, is-selected=false, layout-params=com.android.internal.widget.ActionBarOverlayLayout$LayoutParams&#64;7061731, tag=null, root-is-layout-requested=false, has-input-connection=false, x=0.0, y=63.0, child-count=2}
|
+---&gt;Toolbar{id=16908668, res-name=action_bar, visibility=VISIBLE, width=1080, height=147, has-focus=false, has-focusable=false, has-window-focus=true, is-clickable=false, is-enabled=true, is-focused=false, is-focusable=false, is-layout-requested=false, is-selected=false, layout-params=android.widget.FrameLayout$LayoutParams&#64;98efe16, tag=null, root-is-layout-requested=false, has-input-connection=false, x=0.0, y=0.0, child-count=2}
|
+----&gt;TextView{id=-1, visibility=VISIBLE, width=240, height=71, has-focus=false, has-focusable=false, has-window-focus=true, is-clickable=false, is-enabled=true, is-focused=false, is-focusable=false, is-layout-requested=false, is-selected=false, layout-params=android.widget.Toolbar$LayoutParams&#64;e511397, tag=null, root-is-layout-requested=false, has-input-connection=false, x=42.0, y=38.0, text=Simply Do, input-type=0, ime-target=false, has-links=false}
|
+----&gt;ActionMenuView{id=-1, visibility=VISIBLE, width=105, height=147, has-focus=false, has-focusable=false, has-window-focus=true, is-clickable=false, is-enabled=true, is-focused=false, is-focusable=false, is-layout-requested=false, is-selected=false, layout-params=android.widget.Toolbar$LayoutParams&#64;c73f56d, tag=null, root-is-layout-requested=false, has-input-connection=false, x=975.0, y=0.0, child-count=1}
|
+-----&gt;OverflowMenuButton{id=-1, desc=More options, visibility=VISIBLE, width=105, height=126, has-focus=false, has-focusable=false, has-window-focus=true, is-clickable=true, is-enabled=true, is-focused=false, is-focusable=true, is-layout-requested=false, is-selected=false, layout-params=android.widget.ActionMenuView$LayoutParams&#64;174e5a2, tag=null, root-is-layout-requested=false, has-input-connection=false, x=0.0, y=10.0}
|
+---&gt;ActionBarContextView{id=16908673, res-name=action_context_bar, visibility=GONE, width=0, height=0, has-focus=false, has-focusable=false, has-window-focus=true, is-clickable=false, is-enabled=true, is-focused=false, is-focusable=false, is-layout-requested=true, is-selected=false, layout-params=android.widget.FrameLayout$LayoutParams&#64;a095233, tag=null, root-is-layout-requested=false, has-input-connection=false, x=0.0, y=0.0, child-count=0}
|
+-&gt;View{id=16908336, res-name=navigationBarBackground, visibility=VISIBLE, width=1080, height=126, has-focus=false, has-focusable=false, has-window-focus=true, is-clickable=false, is-enabled=true, is-focused=false, is-focusable=false, is-layout-requested=false, is-selected=false, layout-params=android.widget.FrameLayout$LayoutParams&#64;375b9f0, tag=null, root-is-layout-requested=false, has-input-connection=false, x=0.0, y=1794.0}
|
+-&gt;View{id=16908335, res-name=statusBarBackground, visibility=VISIBLE, width=1080, height=63, has-focus=false, has-focusable=false, has-window-focus=true, is-clickable=false, is-enabled=true, is-focused=false, is-focusable=false, is-layout-requested=false, is-selected=false, layout-params=android.widget.FrameLayout$LayoutParams&#64;7677b69, tag=null, root-is-layout-requested=false, has-input-connection=false, x=0.0, y=0.0}
|
at dalvik.system.VMStack.getThreadStackTrace(Native Method)
at java.lang.Thread.getStackTrace(Thread.java:1536)
at android.support.test.espresso.base.DefaultFailureHandler.getUserFriendlyError(DefaultFailureHandler.java:88)
at android.support.test.espresso.base.DefaultFailureHandler.handle(DefaultFailureHandler.java:51)
at android.support.test.espresso.ViewInteraction.waitForAndHandleInteractionResults(ViewInteraction.java:312)
at android.support.test.espresso.ViewInteraction.desugaredPerform(ViewInteraction.java:173)
at android.support.test.espresso.ViewInteraction.perform(ViewInteraction.java:114)
at kdk.android.simplydo.C6.AddItemC6.addItemC6(AddItemC6.java:48)
at java.lang.reflect.Method.invoke(Native Method)
at org.junit.runners.model.FrameworkMethod$1.runReflectiveCall(FrameworkMethod.java:50)
at org.junit.internal.runners.model.ReflectiveCallable.run(ReflectiveCallable.java:12)
at org.junit.runners.model.FrameworkMethod.invokeExplosively(FrameworkMethod.java:47)
at org.junit.internal.runners.statements.InvokeMethod.evaluate(InvokeMethod.java:17)
at android.support.test.rule.ActivityTestRule$ActivityStatement.evaluate(ActivityTestRule.java:527)
at org.junit.rules.RunRules.evaluate(RunRules.java:20)
at org.junit.runners.ParentRunner.runLeaf(ParentRunner.java:325)
at org.junit.runners.BlockJUnit4ClassRunner.runChild(BlockJUnit4ClassRunner.java:78)
at org.junit.runners.BlockJUnit4ClassRunner.runChild(BlockJUnit4ClassRunner.java:57)
at org.junit.runners.ParentRunner$3.run(ParentRunner.java:290)
at org.junit.runners.ParentRunner$1.schedule(ParentRunner.java:71)
at org.junit.runners.ParentRunner.runChildren(ParentRunner.java:288)
at org.junit.runners.ParentRunner.access$000(ParentRunner.java:58)
at org.junit.runners.ParentRunner$2.evaluate(ParentRunner.java:268)
at org.junit.runners.ParentRunner.run(ParentRunner.java:363)
at android.support.test.runner.AndroidJUnit4.run(AndroidJUnit4.java:101)
at org.junit.runners.Suite.runChild(Suite.java:128)
at org.junit.runners.Suite.runChild(Suite.java:27)
at org.junit.runners.ParentRunner$3.run(ParentRunner.java:290)
at org.junit.runners.ParentRunner$1.schedule(ParentRunner.java:71)
at org.junit.runners.ParentRunner.runChildren(ParentRunner.java:288)
at org.junit.runners.ParentRunner.access$000(ParentRunner.java:58)
at org.junit.runners.ParentRunner$2.evaluate(ParentRunner.java:268)
at org.junit.runners.ParentRunner.run(ParentRunner.java:363)
at org.junit.runner.JUnitCore.run(JUnitCore.java:137)
at org.junit.runner.JUnitCore.run(JUnitCore.java:115)
at android.support.test.internal.runner.TestExecutor.execute(TestExecutor.java:56)
at android.support.test.runner.AndroidJUnitRunner.onStart(AndroidJUnitRunner.java:384)
at android.app.Instrumentation$InstrumentationThread.run(Instrumentation.java:2074)
</failure>
  </testcase>
  <testcase name="changeSettingsC6" classname="kdk.android.simplydo.C6.ChangeSettingsC6" time="1.527">
    <failure>android.support.test.espresso.AmbiguousViewMatcherException: '(with class name: is "android.widget.LinearLayout" and is displayed on the screen to the user)' matches multiple views in the hierarchy.
Problem views are marked with '****MATCHES****' below.

View Hierarchy:
+&gt;DecorView{id=-1, visibility=VISIBLE, width=1080, height=1920, has-focus=true, has-focusable=true, has-window-focus=true, is-clickable=false, is-enabled=true, is-focused=false, is-focusable=false, is-layout-requested=false, is-selected=false, layout-params=WM.LayoutParams{(0,0)(fillxfill) ty=1 fl=#81810100 pfl=0x20000 wanim=0x10302f6 needsMenuKey=2 colorMode=0}, tag=null, root-is-layout-requested=false, has-input-connection=false, x=0.0, y=0.0, child-count=3}
|
+-&gt;ActionBarOverlayLayout{id=16908822, res-name=decor_content_parent, visibility=VISIBLE, width=1080, height=1794, has-focus=true, has-focusable=true, has-window-focus=true, is-clickable=false, is-enabled=true, is-focused=false, is-focusable=false, is-layout-requested=false, is-selected=false, layout-params=android.widget.FrameLayout$LayoutParams&#64;d3ae59e, tag=null, root-is-layout-requested=false, has-input-connection=false, x=0.0, y=0.0, child-count=2}
|
+--&gt;FrameLayout{id=16908290, res-name=content, visibility=VISIBLE, width=1080, height=1584, has-focus=true, has-focusable=true, has-window-focus=true, is-clickable=false, is-enabled=true, is-focused=false, is-focusable=false, is-layout-requested=false, is-selected=false, layout-params=com.android.internal.widget.ActionBarOverlayLayout$LayoutParams&#64;a3e187f, tag=null, root-is-layout-requested=false, has-input-connection=false, x=0.0, y=210.0, child-count=1}
|
+---&gt;LinearLayout{id=-1, visibility=VISIBLE, width=1080, height=1584, has-focus=true, has-focusable=true, has-window-focus=true, is-clickable=false, is-enabled=true, is-focused=false, is-focusable=false, is-layout-requested=false, is-selected=false, layout-params=android.widget.FrameLayout$LayoutParams&#64;6e8895, tag=null, root-is-layout-requested=false, has-input-connection=false, x=0.0, y=0.0, child-count=2} ****MATCHES****
|
+----&gt;LinearLayout{id=-1, visibility=VISIBLE, width=1080, height=1584, has-focus=true, has-focusable=true, has-window-focus=true, is-clickable=false, is-enabled=true, is-focused=false, is-focusable=false, is-layout-requested=false, is-selected=false, layout-params=android.widget.LinearLayout$LayoutParams&#64;4ebbdaa, tag=null, root-is-layout-requested=false, has-input-connection=false, x=0.0, y=0.0, child-count=1} ****MATCHES****
|
+-----&gt;LinearLayout{id=16908926, res-name=headers, visibility=VISIBLE, width=1080, height=1584, has-focus=true, has-focusable=true, has-window-focus=true, is-clickable=false, is-enabled=true, is-focused=false, is-focusable=false, is-layout-requested=false, is-selected=false, layout-params=android.widget.LinearLayout$LayoutParams&#64;cfc1911, tag=null, root-is-layout-requested=false, has-input-connection=false, x=0.0, y=0.0, child-count=2} ****MATCHES****
|
+------&gt;ListView{id=16908298, res-name=list, visibility=VISIBLE, width=1080, height=1584, has-focus=true, has-focusable=true, has-window-focus=true, is-clickable=true, is-enabled=true, is-focused=true, is-focusable=true, is-layout-requested=false, is-selected=false, layout-params=android.widget.LinearLayout$LayoutParams&#64;b200a76, tag=null, root-is-layout-requested=false, has-input-connection=false, x=0.0, y=0.0, child-count=6}
|
+-------&gt;LinearLayout{id=-1, visibility=VISIBLE, width=1080, height=141, has-focus=false, has-focusable=false, has-window-focus=true, is-clickable=false, is-enabled=true, is-focused=false, is-focusable=false, is-layout-requested=false, is-selected=false, layout-params=android.widget.AbsListView$LayoutParams&#64;b7a5802, tag=null, root-is-layout-requested=false, has-input-connection=false, x=0.0, y=0.0, child-count=3} ****MATCHES****
|
+--------&gt;LinearLayout{id=16908350, res-name=icon_frame, visibility=GONE, width=0, height=0, has-focus=false, has-focusable=false, has-window-focus=true, is-clickable=false, is-enabled=true, is-focused=false, is-focusable=false, is-layout-requested=false, is-selected=false, layout-params=android.widget.LinearLayout$LayoutParams&#64;73f6350, tag=null, root-is-layout-requested=false, has-input-connection=false, x=0.0, y=0.0, child-count=1}
|
+---------&gt;PreferenceImageView{id=16908294, res-name=icon, visibility=GONE, width=0, height=0, has-focus=false, has-focusable=false, has-window-focus=true, is-clickable=false, is-enabled=true, is-focused=false, is-focusable=false, is-layout-requested=true, is-selected=false, layout-params=android.widget.LinearLayout$LayoutParams&#64;61fd949, tag=null, root-is-layout-requested=false, has-input-connection=false, x=0.0, y=0.0}
|
+--------&gt;RelativeLayout{id=-1, visibility=VISIBLE, width=996, height=141, has-focus=false, has-focusable=false, has-window-focus=true, is-clickable=false, is-enabled=true, is-focused=false, is-focusable=false, is-layout-requested=false, is-selected=false, layout-params=android.widget.LinearLayout$LayoutParams&#64;7bf647c, tag=null, root-is-layout-requested=false, has-input-connection=false, x=42.0, y=0.0, child-count=2}
|
+---------&gt;TextView{id=16908310, res-name=title, visibility=VISIBLE, width=229, height=57, has-focus=false, has-focusable=false, has-window-focus=true, is-clickable=false, is-enabled=true, is-focused=false, is-focusable=false, is-layout-requested=false, is-selected=false, layout-params=android.widget.RelativeLayout$LayoutParams&#64;103c105, tag=null, root-is-layout-requested=false, has-input-connection=false, x=0.0, y=42.0, text=Item Sorting, input-type=0, ime-target=false, has-links=false}
|
+---------&gt;TextView{id=16908304, res-name=summary, visibility=GONE, width=0, height=0, has-focus=false, has-focusable=false, has-window-focus=true, is-clickable=false, is-enabled=true, is-focused=false, is-focusable=false, is-layout-requested=true, is-selected=false, layout-params=android.widget.RelativeLayout$LayoutParams&#64;246e55a, tag=null, root-is-layout-requested=false, has-input-connection=false, x=0.0, y=0.0, text=, input-type=0, ime-target=false, has-links=false}
|
+--------&gt;LinearLayout{id=16908312, res-name=widget_frame, visibility=GONE, width=0, height=0, has-focus=false, has-focusable=false, has-window-focus=true, is-clickable=false, is-enabled=true, is-focused=false, is-focusable=false, is-layout-requested=true, is-selected=false, layout-params=android.widget.LinearLayout$LayoutParams&#64;fad438b, tag=null, root-is-layout-requested=false, has-input-connection=false, x=0.0, y=0.0, child-count=0}
|
+-------&gt;LinearLayout{id=-1, visibility=VISIBLE, width=1080, height=141, has-focus=false, has-focusable=false, has-window-focus=true, is-clickable=false, is-enabled=true, is-focused=false, is-focusable=false, is-layout-requested=false, is-selected=false, layout-params=android.widget.AbsListView$LayoutParams&#64;4aa8d67, tag=null, root-is-layout-requested=false, has-input-connection=false, x=0.0, y=144.0, child-count=3} ****MATCHES****
|
+--------&gt;LinearLayout{id=16908350, res-name=icon_frame, visibility=GONE, width=0, height=0, has-focus=false, has-focusable=false, has-window-focus=true, is-clickable=false, is-enabled=true, is-focused=false, is-focusable=false, is-layout-requested=false, is-selected=false, layout-params=android.widget.LinearLayout$LayoutParams&#64;e0bbd, tag=null, root-is-layout-requested=false, has-input-connection=false, x=0.0, y=0.0, child-count=1}
|
+---------&gt;PreferenceImageView{id=16908294, res-name=icon, visibility=GONE, width=0, height=0, has-focus=false, has-focusable=false, has-window-focus=true, is-clickable=false, is-enabled=true, is-focused=false, is-focusable=false, is-layout-requested=true, is-selected=false, layout-params=android.widget.LinearLayout$LayoutParams&#64;ebcc5b2, tag=null, root-is-layout-requested=false, has-input-connection=false, x=0.0, y=0.0}
|
+--------&gt;RelativeLayout{id=-1, visibility=VISIBLE, width=996, height=141, has-focus=false, has-focusable=false, has-window-focus=true, is-clickable=false, is-enabled=true, is-focused=false, is-focusable=false, is-layout-requested=false, is-selected=false, layout-params=android.widget.LinearLayout$LayoutParams&#64;b94a6b9, tag=null, root-is-layout-requested=false, has-input-connection=false, x=42.0, y=0.0, child-count=2}
|
+---------&gt;TextView{id=16908310, res-name=title, visibility=VISIBLE, width=214, height=57, has-focus=false, has-focusable=false, has-window-focus=true, is-clickable=false, is-enabled=true, is-focused=false, is-focusable=false, is-layout-requested=false, is-selected=false, layout-params=android.widget.RelativeLayout$LayoutParams&#64;52d8afe, tag=null, root-is-layout-requested=false, has-input-connection=false, x=0.0, y=42.0, text=List Sorting, input-type=0, ime-target=false, has-links=false}
|
+---------&gt;TextView{id=16908304, res-name=summary, visibility=GONE, width=0, height=0, has-focus=false, has-focusable=false, has-window-focus=true, is-clickable=false, is-enabled=true, is-focused=false, is-focusable=false, is-layout-requested=true, is-selected=false, layout-params=android.widget.RelativeLayout$LayoutParams&#64;331c25f, tag=null, root-is-layout-requested=false, has-input-connection=false, x=0.0, y=0.0, text=, input-type=0, ime-target=false, has-links=false}
|
+--------&gt;LinearLayout{id=16908312, res-name=widget_frame, visibility=GONE, width=0, height=0, has-focus=false, has-focusable=false, has-window-focus=true, is-clickable=false, is-enabled=true, is-focused=false, is-focusable=false, is-layout-requested=true, is-selected=false, layout-params=android.widget.LinearLayout$LayoutParams&#64;9e2e4ac, tag=null, root-is-layout-requested=false, has-input-connection=false, x=0.0, y=0.0, child-count=0}
|
+-------&gt;LinearLayout{id=-1, visibility=VISIBLE, width=1080, height=141, has-focus=false, has-focusable=false, has-window-focus=true, is-clickable=false, is-enabled=true, is-focused=false, is-focusable=false, is-layout-requested=false, is-selected=false, layout-params=android.widget.AbsListView$LayoutParams&#64;1ef9f98, tag=null, root-is-layout-requested=false, has-input-connection=false, x=0.0, y=288.0, child-count=3} ****MATCHES****
|
+--------&gt;LinearLayout{id=16908350, res-name=icon_frame, visibility=GONE, width=0, height=0, has-focus=false, has-focusable=false, has-window-focus=true, is-clickable=false, is-enabled=true, is-focused=false, is-focusable=false, is-layout-requested=false, is-selected=false, layout-params=android.widget.LinearLayout$LayoutParams&#64;355fbd6, tag=null, root-is-layout-requested=false, has-input-connection=false, x=0.0, y=0.0, child-count=1}
|
+---------&gt;PreferenceImageView{id=16908294, res-name=icon, visibility=GONE, width=0, height=0, has-focus=false, has-focusable=false, has-window-focus=true, is-clickable=false, is-enabled=true, is-focused=false, is-focusable=false, is-layout-requested=true, is-selected=false, layout-params=android.widget.LinearLayout$LayoutParams&#64;bdb9e57, tag=null, root-is-layout-requested=false, has-input-connection=false, x=0.0, y=0.0}
|
+--------&gt;RelativeLayout{id=-1, visibility=VISIBLE, width=996, height=141, has-focus=false, has-focusable=false, has-window-focus=true, is-clickable=false, is-enabled=true, is-focused=false, is-focusable=false, is-layout-requested=false, is-selected=false, layout-params=android.widget.LinearLayout$LayoutParams&#64;20dff62, tag=null, root-is-layout-requested=false, has-input-connection=false, x=42.0, y=0.0, child-count=2}
|
+---------&gt;TextView{id=16908310, res-name=title, visibility=VISIBLE, width=358, height=57, has-focus=false, has-focusable=false, has-window-focus=true, is-clickable=false, is-enabled=true, is-focused=false, is-focusable=false, is-layout-requested=false, is-selected=false, layout-params=android.widget.RelativeLayout$LayoutParams&#64;b91c8f3, tag=null, root-is-layout-requested=false, has-input-connection=false, x=0.0, y=42.0, text=Inactive Decoration, input-type=0, ime-target=false, has-links=false}
|
+---------&gt;TextView{id=16908304, res-name=summary, visibility=GONE, width=0, height=0, has-focus=false, has-focusable=false, has-window-focus=true, is-clickable=false, is-enabled=true, is-focused=false, is-focusable=false, is-layout-requested=true, is-selected=false, layout-params=android.widget.RelativeLayout$LayoutParams&#64;73ec9b0, tag=null, root-is-layout-requested=false, has-input-connection=false, x=0.0, y=0.0, text=, input-type=0, ime-target=false, has-links=false}
|
+--------&gt;LinearLayout{id=16908312, res-name=widget_frame, visibility=GONE, width=0, height=0, has-focus=false, has-focusable=false, has-window-focus=true, is-clickable=false, is-enabled=true, is-focused=false, is-focusable=false, is-layout-requested=true, is-selected=false, layout-params=android.widget.LinearLayout$LayoutParams&#64;54fb029, tag=null, root-is-layout-requested=false, has-input-connection=false, x=0.0, y=0.0, child-count=0}
|
+-------&gt;LinearLayout{id=-1, visibility=VISIBLE, width=1080, height=141, has-focus=false, has-focusable=false, has-window-focus=true, is-clickable=false, is-enabled=true, is-focused=false, is-focusable=false, is-layout-requested=false, is-selected=false, layout-params=android.widget.AbsListView$LayoutParams&#64;1bed0dc, tag=null, root-is-layout-requested=false, has-input-connection=false, x=0.0, y=432.0, child-count=3} ****MATCHES****
|
+--------&gt;LinearLayout{id=16908350, res-name=icon_frame, visibility=GONE, width=0, height=0, has-focus=false, has-focusable=false, has-window-focus=true, is-clickable=false, is-enabled=true, is-focused=false, is-focusable=false, is-layout-requested=false, is-selected=false, layout-params=android.widget.LinearLayout$LayoutParams&#64;7fc18ba, tag=null, root-is-layout-requested=false, has-input-connection=false, x=0.0, y=0.0, child-count=1}
|
+---------&gt;PreferenceImageView{id=16908294, res-name=icon, visibility=GONE, width=0, height=0, has-focus=false, has-focusable=false, has-window-focus=true, is-clickable=false, is-enabled=true, is-focused=false, is-focusable=false, is-layout-requested=true, is-selected=false, layout-params=android.widget.LinearLayout$LayoutParams&#64;fbb636b, tag=null, root-is-layout-requested=false, has-input-connection=false, x=0.0, y=0.0}
|
+--------&gt;RelativeLayout{id=-1, visibility=VISIBLE, width=870, height=141, has-focus=false, has-focusable=false, has-window-focus=true, is-clickable=false, is-enabled=true, is-focused=false, is-focusable=false, is-layout-requested=false, is-selected=false, layout-params=android.widget.LinearLayout$LayoutParams&#64;ec30686, tag=null, root-is-layout-requested=false, has-input-connection=false, x=42.0, y=0.0, child-count=2}
|
+---------&gt;TextView{id=16908310, res-name=title, visibility=VISIBLE, width=488, height=57, has-focus=false, has-focusable=false, has-window-focus=true, is-clickable=false, is-enabled=true, is-focused=false, is-focusable=false, is-layout-requested=false, is-selected=false, layout-params=android.widget.RelativeLayout$LayoutParams&#64;6aacb47, tag=null, root-is-layout-requested=false, has-input-connection=false, x=0.0, y=42.0, text=Confirm Delete All Inactive, input-type=0, ime-target=false, has-links=false}
|
+---------&gt;TextView{id=16908304, res-name=summary, visibility=GONE, width=0, height=0, has-focus=false, has-focusable=false, has-window-focus=true, is-clickable=false, is-enabled=true, is-focused=false, is-focusable=false, is-layout-requested=true, is-selected=false, layout-params=android.widget.RelativeLayout$LayoutParams&#64;925f74, tag=null, root-is-layout-requested=false, has-input-connection=false, x=0.0, y=0.0, text=, input-type=0, ime-target=false, has-links=false}
|
+--------&gt;LinearLayout{id=16908312, res-name=widget_frame, visibility=VISIBLE, width=126, height=141, has-focus=false, has-focusable=false, has-window-focus=true, is-clickable=false, is-enabled=true, is-focused=false, is-focusable=false, is-layout-requested=false, is-selected=false, layout-params=android.widget.LinearLayout$LayoutParams&#64;cb90512, tag=null, root-is-layout-requested=false, has-input-connection=false, x=912.0, y=0.0, child-count=1} ****MATCHES****
|
+---------&gt;CheckBox{id=16908289, res-name=checkbox, visibility=VISIBLE, width=84, height=84, has-focus=false, has-focusable=false, has-window-focus=true, is-clickable=false, is-enabled=true, is-focused=false, is-focusable=false, is-layout-requested=false, is-selected=false, layout-params=android.widget.LinearLayout$LayoutParams&#64;83ed4e3, tag=null, root-is-layout-requested=false, has-input-connection=false, x=42.0, y=28.0, text=, input-type=0, ime-target=false, has-links=false, is-checked=true}
|
+-------&gt;LinearLayout{id=-1, visibility=VISIBLE, width=1080, height=141, has-focus=false, has-focusable=false, has-window-focus=true, is-clickable=false, is-enabled=true, is-focused=false, is-focusable=false, is-layout-requested=false, is-selected=false, layout-params=android.widget.AbsListView$LayoutParams&#64;57fdc3f, tag=null, root-is-layout-requested=false, has-input-connection=false, x=0.0, y=576.0, child-count=3} ****MATCHES****
|
+--------&gt;LinearLayout{id=16908350, res-name=icon_frame, visibility=GONE, width=0, height=0, has-focus=false, has-focusable=false, has-window-focus=true, is-clickable=false, is-enabled=true, is-focused=false, is-focusable=false, is-layout-requested=false, is-selected=false, layout-params=android.widget.LinearLayout$LayoutParams&#64;da95255, tag=null, root-is-layout-requested=false, has-input-connection=false, x=0.0, y=0.0, child-count=1}
|
+---------&gt;PreferenceImageView{id=16908294, res-name=icon, visibility=GONE, width=0, height=0, has-focus=false, has-focusable=false, has-window-focus=true, is-clickable=false, is-enabled=true, is-focused=false, is-focusable=false, is-layout-requested=true, is-selected=false, layout-params=android.widget.LinearLayout$LayoutParams&#64;aec246a, tag=null, root-is-layout-requested=false, has-input-connection=false, x=0.0, y=0.0}
|
+--------&gt;RelativeLayout{id=-1, visibility=VISIBLE, width=996, height=141, has-focus=false, has-focusable=false, has-window-focus=true, is-clickable=false, is-enabled=true, is-focused=false, is-focusable=false, is-layout-requested=false, is-selected=false, layout-params=android.widget.LinearLayout$LayoutParams&#64;279bed1, tag=null, root-is-layout-requested=false, has-input-connection=false, x=42.0, y=0.0, child-count=2}
|
+---------&gt;TextView{id=16908310, res-name=title, visibility=VISIBLE, width=235, height=57, has-focus=false, has-focusable=false, has-window-focus=true, is-clickable=false, is-enabled=true, is-focused=false, is-focusable=false, is-layout-requested=false, is-selected=false, layout-params=android.widget.RelativeLayout$LayoutParams&#64;ca01d36, tag=null, root-is-layout-requested=false, has-input-connection=false, x=0.0, y=42.0, text=Backup Now, input-type=0, ime-target=false, has-links=false}
|
+---------&gt;TextView{id=16908304, res-name=summary, visibility=GONE, width=0, height=0, has-focus=false, has-focusable=false, has-window-focus=true, is-clickable=false, is-enabled=true, is-focused=false, is-focusable=false, is-layout-requested=true, is-selected=false, layout-params=android.widget.RelativeLayout$LayoutParams&#64;6d71437, tag=null, root-is-layout-requested=false, has-input-connection=false, x=0.0, y=0.0, text=, input-type=0, ime-target=false, has-links=false}
|
+--------&gt;LinearLayout{id=16908312, res-name=widget_frame, visibility=GONE, width=0, height=0, has-focus=false, has-focusable=false, has-window-focus=true, is-clickable=false, is-enabled=true, is-focused=false, is-focusable=false, is-layout-requested=true, is-selected=false, layout-params=android.widget.LinearLayout$LayoutParams&#64;b468da4, tag=null, root-is-layout-requested=false, has-input-connection=false, x=0.0, y=0.0, child-count=0}
|
+-------&gt;LinearLayout{id=-1, visibility=VISIBLE, width=1080, height=141, has-focus=false, has-focusable=false, has-window-focus=true, is-clickable=false, is-enabled=true, is-focused=false, is-focusable=false, is-layout-requested=false, is-selected=false, layout-params=android.widget.AbsListView$LayoutParams&#64;30e010, tag=null, root-is-layout-requested=false, has-input-connection=false, x=0.0, y=720.0, child-count=3} ****MATCHES****
|
+--------&gt;LinearLayout{id=16908350, res-name=icon_frame, visibility=GONE, width=0, height=0, has-focus=false, has-focusable=false, has-window-focus=true, is-clickable=false, is-enabled=true, is-focused=false, is-focusable=false, is-layout-requested=false, is-selected=false, layout-params=android.widget.LinearLayout$LayoutParams&#64;8d19d0e, tag=null, root-is-layout-requested=false, has-input-connection=false, x=0.0, y=0.0, child-count=1}
|
+---------&gt;PreferenceImageView{id=16908294, res-name=icon, visibility=GONE, width=0, height=0, has-focus=false, has-focusable=false, has-window-focus=true, is-clickable=false, is-enabled=true, is-focused=false, is-focusable=false, is-layout-requested=true, is-selected=false, layout-params=android.widget.LinearLayout$LayoutParams&#64;5ee532f, tag=null, root-is-layout-requested=false, has-input-connection=false, x=0.0, y=0.0}
|
+--------&gt;RelativeLayout{id=-1, visibility=VISIBLE, width=996, height=141, has-focus=false, has-focusable=false, has-window-focus=true, is-clickable=false, is-enabled=true, is-focused=false, is-focusable=false, is-layout-requested=false, is-selected=false, layout-params=android.widget.LinearLayout$LayoutParams&#64;b8e7c1a, tag=null, root-is-layout-requested=false, has-input-connection=false, x=42.0, y=0.0, child-count=2}
|
+---------&gt;TextView{id=16908310, res-name=title, visibility=VISIBLE, width=144, height=57, has-focus=false, has-focusable=false, has-window-focus=true, is-clickable=false, is-enabled=true, is-focused=false, is-focusable=false, is-layout-requested=false, is-selected=false, layout-params=android.widget.RelativeLayout$LayoutParams&#64;b96f34b, tag=null, root-is-layout-requested=false, has-input-connection=false, x=0.0, y=42.0, text=Restore, input-type=0, ime-target=false, has-links=false}
|
+---------&gt;TextView{id=16908304, res-name=summary, visibility=GONE, width=0, height=0, has-focus=false, has-focusable=false, has-window-focus=true, is-clickable=false, is-enabled=true, is-focused=false, is-focusable=false, is-layout-requested=true, is-selected=false, layout-params=android.widget.RelativeLayout$LayoutParams&#64;468a128, tag=null, root-is-layout-requested=false, has-input-connection=false, x=0.0, y=0.0, text=, input-type=0, ime-target=false, has-links=false}
|
+--------&gt;LinearLayout{id=16908312, res-name=widget_frame, visibility=GONE, width=0, height=0, has-focus=false, has-focusable=false, has-window-focus=true, is-clickable=false, is-enabled=true, is-focused=false, is-focusable=false, is-layout-requested=true, is-selected=false, layout-params=android.widget.LinearLayout$LayoutParams&#64;e96fe41, tag=null, root-is-layout-requested=false, has-input-connection=false, x=0.0, y=0.0, child-count=0}
|
+------&gt;FrameLayout{id=16909013, res-name=list_footer, visibility=VISIBLE, width=1080, height=0, has-focus=false, has-focusable=false, has-window-focus=true, is-clickable=false, is-enabled=true, is-focused=false, is-focusable=false, is-layout-requested=false, is-selected=false, layout-params=android.widget.LinearLayout$LayoutParams&#64;f083fe6, tag=null, root-is-layout-requested=false, has-input-connection=false, x=0.0, y=1584.0, child-count=0}
|
+----&gt;RelativeLayout{id=16908758, res-name=button_bar, visibility=GONE, width=0, height=0, has-focus=false, has-focusable=false, has-window-focus=true, is-clickable=false, is-enabled=true, is-focused=false, is-focusable=false, is-layout-requested=true, is-selected=false, layout-params=android.widget.LinearLayout$LayoutParams&#64;a143d7d, tag=null, root-is-layout-requested=false, has-input-connection=false, x=0.0, y=0.0, child-count=2}
|
+-----&gt;Button{id=16908732, res-name=back_button, visibility=VISIBLE, width=0, height=0, has-focus=false, has-focusable=true, has-window-focus=true, is-clickable=true, is-enabled=true, is-focused=false, is-focusable=true, is-layout-requested=true, is-selected=false, layout-params=android.widget.RelativeLayout$LayoutParams&#64;1087472, tag=null, root-is-layout-requested=false, has-input-connection=false, x=0.0, y=0.0, text=Back, input-type=0, ime-target=false, has-links=false}
|
+-----&gt;LinearLayout{id=-1, visibility=VISIBLE, width=0, height=0, has-focus=false, has-focusable=true, has-window-focus=true, is-clickable=false, is-enabled=true, is-focused=false, is-focusable=false, is-layout-requested=true, is-selected=false, layout-params=android.widget.RelativeLayout$LayoutParams&#64;32c3479, tag=null, root-is-layout-requested=false, has-input-connection=false, x=0.0, y=0.0, child-count=2}
|
+------&gt;Button{id=16909277, res-name=skip_button, visibility=GONE, width=0, height=0, has-focus=false, has-focusable=false, has-window-focus=true, is-clickable=true, is-enabled=true, is-focused=false, is-focusable=true, is-layout-requested=true, is-selected=false, layout-params=android.widget.LinearLayout$LayoutParams&#64;6565be, tag=null, root-is-layout-requested=false, has-input-connection=false, x=0.0, y=0.0, text=Skip, input-type=0, ime-target=false, has-links=false}
|
+------&gt;Button{id=16909075, res-name=next_button, visibility=VISIBLE, width=0, height=0, has-focus=false, has-focusable=true, has-window-focus=true, is-clickable=true, is-enabled=true, is-focused=false, is-focusable=true, is-layout-requested=true, is-selected=false, layout-params=android.widget.LinearLayout$LayoutParams&#64;f20661f, tag=null, root-is-layout-requested=false, has-input-connection=false, x=0.0, y=0.0, text=Next, input-type=0, ime-target=false, has-links=false}
|
+--&gt;ActionBarContainer{id=16908669, res-name=action_bar_container, visibility=VISIBLE, width=1080, height=147, has-focus=false, has-focusable=false, has-window-focus=true, is-clickable=false, is-enabled=true, is-focused=false, is-focusable=false, is-layout-requested=false, is-selected=false, layout-params=com.android.internal.widget.ActionBarOverlayLayout$LayoutParams&#64;10e1fca, tag=null, root-is-layout-requested=false, has-input-connection=false, x=0.0, y=63.0, child-count=2}
|
+---&gt;Toolbar{id=16908668, res-name=action_bar, visibility=VISIBLE, width=1080, height=147, has-focus=false, has-focusable=false, has-window-focus=true, is-clickable=false, is-enabled=true, is-focused=false, is-focusable=false, is-layout-requested=false, is-selected=false, layout-params=android.widget.FrameLayout$LayoutParams&#64;afaf9b1, tag=null, root-is-layout-requested=false, has-input-connection=false, x=0.0, y=0.0, child-count=2}
|
+----&gt;TextView{id=-1, visibility=VISIBLE, width=196, height=71, has-focus=false, has-focusable=false, has-window-focus=true, is-clickable=false, is-enabled=true, is-focused=false, is-focusable=false, is-layout-requested=false, is-selected=false, layout-params=android.widget.Toolbar$LayoutParams&#64;4d66e96, tag=null, root-is-layout-requested=false, has-input-connection=false, x=42.0, y=38.0, text=Settings, input-type=0, ime-target=false, has-links=false}
|
+----&gt;ActionMenuView{id=-1, visibility=VISIBLE, width=0, height=147, has-focus=false, has-focusable=false, has-window-focus=true, is-clickable=false, is-enabled=true, is-focused=false, is-focusable=false, is-layout-requested=false, is-selected=false, layout-params=android.widget.Toolbar$LayoutParams&#64;302fa17, tag=null, root-is-layout-requested=false, has-input-connection=false, x=1080.0, y=0.0, child-count=0}
|
+---&gt;ActionBarContextView{id=16908673, res-name=action_context_bar, visibility=GONE, width=0, height=0, has-focus=false, has-focusable=false, has-window-focus=true, is-clickable=false, is-enabled=true, is-focused=false, is-focusable=false, is-layout-requested=true, is-selected=false, layout-params=android.widget.FrameLayout$LayoutParams&#64;541ae04, tag=null, root-is-layout-requested=false, has-input-connection=false, x=0.0, y=0.0, child-count=0}
|
+-&gt;View{id=16908336, res-name=navigationBarBackground, visibility=VISIBLE, width=1080, height=126, has-focus=false, has-focusable=false, has-window-focus=true, is-clickable=false, is-enabled=true, is-focused=false, is-focusable=false, is-layout-requested=false, is-selected=false, layout-params=android.widget.FrameLayout$LayoutParams&#64;b147fed, tag=null, root-is-layout-requested=false, has-input-connection=false, x=0.0, y=1794.0}
|
+-&gt;View{id=16908335, res-name=statusBarBackground, visibility=VISIBLE, width=1080, height=63, has-focus=false, has-focusable=false, has-window-focus=true, is-clickable=false, is-enabled=true, is-focused=false, is-focusable=false, is-layout-requested=false, is-selected=false, layout-params=android.widget.FrameLayout$LayoutParams&#64;502de22, tag=null, root-is-layout-requested=false, has-input-connection=false, x=0.0, y=0.0}
|
at dalvik.system.VMStack.getThreadStackTrace(Native Method)
at java.lang.Thread.getStackTrace(Thread.java:1536)
at android.support.test.espresso.base.DefaultFailureHandler.getUserFriendlyError(DefaultFailureHandler.java:88)
at android.support.test.espresso.base.DefaultFailureHandler.handle(DefaultFailureHandler.java:51)
at android.support.test.espresso.ViewInteraction.waitForAndHandleInteractionResults(ViewInteraction.java:312)
at android.support.test.espresso.ViewInteraction.desugaredPerform(ViewInteraction.java:173)
at android.support.test.espresso.ViewInteraction.perform(ViewInteraction.java:114)
at kdk.android.simplydo.C6.ChangeSettingsC6.changeSettingsC6(ChangeSettingsC6.java:44)
at java.lang.reflect.Method.invoke(Native Method)
at org.junit.runners.model.FrameworkMethod$1.runReflectiveCall(FrameworkMethod.java:50)
at org.junit.internal.runners.model.ReflectiveCallable.run(ReflectiveCallable.java:12)
at org.junit.runners.model.FrameworkMethod.invokeExplosively(FrameworkMethod.java:47)
at org.junit.internal.runners.statements.InvokeMethod.evaluate(InvokeMethod.java:17)
at android.support.test.rule.ActivityTestRule$ActivityStatement.evaluate(ActivityTestRule.java:527)
at org.junit.rules.RunRules.evaluate(RunRules.java:20)
at org.junit.runners.ParentRunner.runLeaf(ParentRunner.java:325)
at org.junit.runners.BlockJUnit4ClassRunner.runChild(BlockJUnit4ClassRunner.java:78)
at org.junit.runners.BlockJUnit4ClassRunner.runChild(BlockJUnit4ClassRunner.java:57)
at org.junit.runners.ParentRunner$3.run(ParentRunner.java:290)
at org.junit.runners.ParentRunner$1.schedule(ParentRunner.java:71)
at org.junit.runners.ParentRunner.runChildren(ParentRunner.java:288)
at org.junit.runners.ParentRunner.access$000(ParentRunner.java:58)
at org.junit.runners.ParentRunner$2.evaluate(ParentRunner.java:268)
at org.junit.runners.ParentRunner.run(ParentRunner.java:363)
at android.support.test.runner.AndroidJUnit4.run(AndroidJUnit4.java:101)
at org.junit.runners.Suite.runChild(Suite.java:128)
at org.junit.runners.Suite.runChild(Suite.java:27)
at org.junit.runners.ParentRunner$3.run(ParentRunner.java:290)
at org.junit.runners.ParentRunner$1.schedule(ParentRunner.java:71)
at org.junit.runners.ParentRunner.runChildren(ParentRunner.java:288)
at org.junit.runners.ParentRunner.access$000(ParentRunner.java:58)
at org.junit.runners.ParentRunner$2.evaluate(ParentRunner.java:268)
at org.junit.runners.ParentRunner.run(ParentRunner.java:363)
at org.junit.runner.JUnitCore.run(JUnitCore.java:137)
at org.junit.runner.JUnitCore.run(JUnitCore.java:115)
at android.support.test.internal.runner.TestExecutor.execute(TestExecutor.java:56)
at android.support.test.runner.AndroidJUnitRunner.onStart(AndroidJUnitRunner.java:384)
at android.app.Instrumentation$InstrumentationThread.run(Instrumentation.java:2074)
</failure>
  </testcase>
  <testcase name="checkItemC6" classname="kdk.android.simplydo.C6.CheckItemC6" time="0.882">
    <failure>android.support.test.espresso.AmbiguousViewMatcherException: '(with class name: is "android.widget.LinearLayout" and is displayed on the screen to the user)' matches multiple views in the hierarchy.
Problem views are marked with '****MATCHES****' below.

View Hierarchy:
+&gt;DecorView{id=-1, visibility=VISIBLE, width=1080, height=1920, has-focus=true, has-focusable=true, has-window-focus=true, is-clickable=false, is-enabled=true, is-focused=false, is-focusable=false, is-layout-requested=false, is-selected=false, layout-params=WM.LayoutParams{(0,0)(fillxfill) sim=#3 ty=1 fl=#81810100 pfl=0x20000 wanim=0x10302f6 needsMenuKey=2 colorMode=0}, tag=null, root-is-layout-requested=false, has-input-connection=false, x=0.0, y=0.0, child-count=3}
|
+-&gt;ActionBarOverlayLayout{id=16908822, res-name=decor_content_parent, visibility=VISIBLE, width=1080, height=1794, has-focus=true, has-focusable=true, has-window-focus=true, is-clickable=false, is-enabled=true, is-focused=false, is-focusable=false, is-layout-requested=false, is-selected=false, layout-params=android.widget.FrameLayout$LayoutParams&#64;fe12c8d, tag=null, root-is-layout-requested=false, has-input-connection=false, x=0.0, y=0.0, child-count=2}
|
+--&gt;FrameLayout{id=16908290, res-name=content, visibility=VISIBLE, width=1080, height=1584, has-focus=true, has-focusable=true, has-window-focus=true, is-clickable=false, is-enabled=true, is-focused=false, is-focusable=false, is-layout-requested=false, is-selected=false, layout-params=com.android.internal.widget.ActionBarOverlayLayout$LayoutParams&#64;811e42, tag=null, root-is-layout-requested=false, has-input-connection=false, x=0.0, y=210.0, child-count=1}
|
+---&gt;LinearLayout{id=-1, visibility=VISIBLE, width=1080, height=1584, has-focus=true, has-focusable=true, has-window-focus=true, is-clickable=false, is-enabled=true, is-focused=false, is-focusable=false, is-layout-requested=false, is-selected=false, layout-params=android.widget.FrameLayout$LayoutParams&#64;ec93390, tag=null, root-is-layout-requested=false, has-input-connection=false, x=0.0, y=0.0, child-count=1} ****MATCHES****
|
+----&gt;ViewSwitcher{id=2130903049, res-name=ListsItemsSwitcher, visibility=VISIBLE, width=1080, height=256, has-focus=true, has-focusable=true, has-window-focus=true, is-clickable=false, is-enabled=true, is-focused=false, is-focusable=false, is-layout-requested=false, is-selected=false, layout-params=android.widget.LinearLayout$LayoutParams&#64;e86dc8e, tag=null, root-is-layout-requested=false, has-input-connection=false, x=0.0, y=0.0, child-count=2}
|
+-----&gt;LinearLayout{id=2130903059, res-name=listsView, visibility=VISIBLE, width=1080, height=256, has-focus=true, has-focusable=true, has-window-focus=true, is-clickable=false, is-enabled=true, is-focused=false, is-focusable=false, is-layout-requested=false, is-selected=false, layout-params=android.widget.FrameLayout$LayoutParams&#64;a735caf, tag=null, root-is-layout-requested=false, has-input-connection=false, x=0.0, y=0.0, child-count=2} ****MATCHES****
|
+------&gt;LinearLayout{id=2130903048, res-name=LinearLayout01, visibility=VISIBLE, width=1080, height=126, has-focus=true, has-focusable=true, has-window-focus=true, is-clickable=false, is-enabled=true, is-focused=false, is-focusable=false, is-layout-requested=false, is-selected=false, layout-params=android.widget.LinearLayout$LayoutParams&#64;7b5f8bc, tag=null, root-is-layout-requested=false, has-input-connection=false, x=0.0, y=0.0, child-count=2} ****MATCHES****
|
+-------&gt;EditText{id=2130903043, res-name=AddListEditText, desc=addlistedittext, visibility=VISIBLE, width=849, height=126, has-focus=true, has-focusable=true, has-window-focus=true, is-clickable=true, is-enabled=true, is-focused=true, is-focusable=true, is-layout-requested=false, is-selected=false, layout-params=android.widget.LinearLayout$LayoutParams&#64;c47e4a8, tag=null, root-is-layout-requested=false, has-input-connection=true, editor-info=[inputType=0x31 imeOptions=0x8000006 privateImeOptions=null actionLabel=null actionId=0 initialSelStart=0 initialSelEnd=0 initialCapsMode=0x0 hintText=New List Name label=null packageName=null fieldId=0 fieldName=null extras=null hintLocales=null contentMimeTypes=null ], x=0.0, y=0.0, text=, hint=New List Name, input-type=49, ime-target=true, has-links=false}
|
+-------&gt;Button{id=2130903042, res-name=AddListButton, desc=Add, visibility=VISIBLE, width=231, height=126, has-focus=false, has-focusable=true, has-window-focus=true, is-clickable=true, is-enabled=true, is-focused=false, is-focusable=true, is-layout-requested=false, is-selected=false, layout-params=android.widget.LinearLayout$LayoutParams&#64;437bbc1, tag=null, root-is-layout-requested=false, has-input-connection=false, x=849.0, y=0.0, text=Add, input-type=0, ime-target=false, has-links=false}
|
+------&gt;ListView{id=2130903050, res-name=ListsListView, visibility=VISIBLE, width=1080, height=130, has-focus=false, has-focusable=true, has-window-focus=true, is-clickable=true, is-enabled=true, is-focused=false, is-focusable=true, is-layout-requested=false, is-selected=false, layout-params=android.widget.LinearLayout$LayoutParams&#64;f35ef66, tag=null, root-is-layout-requested=false, has-input-connection=false, x=0.0, y=126.0, child-count=1}
|
+-------&gt;LinearLayout{id=-1, visibility=VISIBLE, width=1080, height=130, has-focus=false, has-focusable=false, has-window-focus=true, is-clickable=false, is-enabled=true, is-focused=false, is-focusable=false, is-layout-requested=false, is-selected=false, layout-params=android.widget.AbsListView$LayoutParams&#64;7cc32a7, tag=null, root-is-layout-requested=false, has-input-connection=false, x=0.0, y=0.0, child-count=2} ****MATCHES****
|
+--------&gt;TextView{id=2130903060, res-name=text1, desc=Name, visibility=VISIBLE, width=945, height=78, has-focus=false, has-focusable=false, has-window-focus=true, is-clickable=false, is-enabled=true, is-focused=false, is-focusable=false, is-layout-requested=false, is-selected=false, layout-params=android.widget.LinearLayout$LayoutParams&#64;d8aa354, tag=null, root-is-layout-requested=false, has-input-connection=false, x=26.0, y=26.0, text=List, input-type=0, ime-target=false, has-links=false}
|
+--------&gt;TextView{id=2130903061, res-name=text2, desc=text2, visibility=VISIBLE, width=109, height=64, has-focus=false, has-focusable=false, has-window-focus=true, is-clickable=false, is-enabled=true, is-focused=false, is-focusable=false, is-layout-requested=false, is-selected=false, layout-params=android.widget.LinearLayout$LayoutParams&#64;8c352fd, tag=null, root-is-layout-requested=false, has-input-connection=false, x=971.0, y=35.0, text=(0/0), input-type=0, ime-target=false, has-links=false}
|
+-----&gt;LinearLayout{id=2130903057, res-name=itemsView, visibility=GONE, width=0, height=0, has-focus=false, has-focusable=false, has-window-focus=true, is-clickable=false, is-enabled=true, is-focused=false, is-focusable=false, is-layout-requested=true, is-selected=false, layout-params=android.widget.FrameLayout$LayoutParams&#64;f98a0c0, tag=null, root-is-layout-requested=false, has-input-connection=false, x=0.0, y=0.0, child-count=2}
|
+------&gt;LinearLayout{id=2130903048, res-name=LinearLayout01, visibility=VISIBLE, width=0, height=0, has-focus=false, has-focusable=true, has-window-focus=true, is-clickable=false, is-enabled=true, is-focused=false, is-focusable=false, is-layout-requested=true, is-selected=false, layout-params=android.widget.LinearLayout$LayoutParams&#64;1bacf9f, tag=null, root-is-layout-requested=false, has-input-connection=false, x=0.0, y=0.0, child-count=2}
|
+-------&gt;EditText{id=2130903041, res-name=AddItemEditText, desc=addItemEditText, visibility=VISIBLE, width=0, height=0, has-focus=false, has-focusable=true, has-window-focus=true, is-clickable=true, is-enabled=true, is-focused=false, is-focusable=true, is-layout-requested=true, is-selected=false, layout-params=android.widget.LinearLayout$LayoutParams&#64;bc708ec, tag=null, root-is-layout-requested=false, has-input-connection=true, editor-info=[inputType=0x31 imeOptions=0x8000006 privateImeOptions=null actionLabel=null actionId=0 initialSelStart=0 initialSelEnd=0 initialCapsMode=0x0 hintText=New Item Name label=null packageName=null fieldId=0 fieldName=null extras=null hintLocales=null contentMimeTypes=null ], x=0.0, y=0.0, text=, hint=New Item Name, input-type=49, ime-target=false, has-links=false}
|
+-------&gt;Button{id=2130903040, res-name=AddItemButton, desc=Add, visibility=VISIBLE, width=0, height=0, has-focus=false, has-focusable=true, has-window-focus=true, is-clickable=true, is-enabled=true, is-focused=false, is-focusable=true, is-layout-requested=true, is-selected=false, layout-params=android.widget.LinearLayout$LayoutParams&#64;afee4b5, tag=null, root-is-layout-requested=false, has-input-connection=false, x=0.0, y=0.0, text=Add, input-type=0, ime-target=false, has-links=false}
|
+------&gt;ListView{id=2130903047, res-name=ItemsListView, visibility=VISIBLE, width=0, height=0, has-focus=false, has-focusable=false, has-window-focus=true, is-clickable=true, is-enabled=true, is-focused=false, is-focusable=false, is-layout-requested=true, is-selected=false, layout-params=android.widget.LinearLayout$LayoutParams&#64;134b74a, tag=null, root-is-layout-requested=false, has-input-connection=false, x=0.0, y=0.0, child-count=0}
|
+--&gt;ActionBarContainer{id=16908669, res-name=action_bar_container, visibility=VISIBLE, width=1080, height=147, has-focus=false, has-focusable=false, has-window-focus=true, is-clickable=false, is-enabled=true, is-focused=false, is-focusable=false, is-layout-requested=false, is-selected=false, layout-params=com.android.internal.widget.ActionBarOverlayLayout$LayoutParams&#64;7061731, tag=null, root-is-layout-requested=false, has-input-connection=false, x=0.0, y=63.0, child-count=2}
|
+---&gt;Toolbar{id=16908668, res-name=action_bar, visibility=VISIBLE, width=1080, height=147, has-focus=false, has-focusable=false, has-window-focus=true, is-clickable=false, is-enabled=true, is-focused=false, is-focusable=false, is-layout-requested=false, is-selected=false, layout-params=android.widget.FrameLayout$LayoutParams&#64;98efe16, tag=null, root-is-layout-requested=false, has-input-connection=false, x=0.0, y=0.0, child-count=2}
|
+----&gt;TextView{id=-1, visibility=VISIBLE, width=240, height=71, has-focus=false, has-focusable=false, has-window-focus=true, is-clickable=false, is-enabled=true, is-focused=false, is-focusable=false, is-layout-requested=false, is-selected=false, layout-params=android.widget.Toolbar$LayoutParams&#64;e511397, tag=null, root-is-layout-requested=false, has-input-connection=false, x=42.0, y=38.0, text=Simply Do, input-type=0, ime-target=false, has-links=false}
|
+----&gt;ActionMenuView{id=-1, visibility=VISIBLE, width=105, height=147, has-focus=false, has-focusable=false, has-window-focus=true, is-clickable=false, is-enabled=true, is-focused=false, is-focusable=false, is-layout-requested=false, is-selected=false, layout-params=android.widget.Toolbar$LayoutParams&#64;c73f56d, tag=null, root-is-layout-requested=false, has-input-connection=false, x=975.0, y=0.0, child-count=1}
|
+-----&gt;OverflowMenuButton{id=-1, desc=More options, visibility=VISIBLE, width=105, height=126, has-focus=false, has-focusable=false, has-window-focus=true, is-clickable=true, is-enabled=true, is-focused=false, is-focusable=true, is-layout-requested=false, is-selected=false, layout-params=android.widget.ActionMenuView$LayoutParams&#64;174e5a2, tag=null, root-is-layout-requested=false, has-input-connection=false, x=0.0, y=10.0}
|
+---&gt;ActionBarContextView{id=16908673, res-name=action_context_bar, visibility=GONE, width=0, height=0, has-focus=false, has-focusable=false, has-window-focus=true, is-clickable=false, is-enabled=true, is-focused=false, is-focusable=false, is-layout-requested=true, is-selected=false, layout-params=android.widget.FrameLayout$LayoutParams&#64;a095233, tag=null, root-is-layout-requested=false, has-input-connection=false, x=0.0, y=0.0, child-count=0}
|
+-&gt;View{id=16908336, res-name=navigationBarBackground, visibility=VISIBLE, width=1080, height=126, has-focus=false, has-focusable=false, has-window-focus=true, is-clickable=false, is-enabled=true, is-focused=false, is-focusable=false, is-layout-requested=false, is-selected=false, layout-params=android.widget.FrameLayout$LayoutParams&#64;375b9f0, tag=null, root-is-layout-requested=false, has-input-connection=false, x=0.0, y=1794.0}
|
+-&gt;View{id=16908335, res-name=statusBarBackground, visibility=VISIBLE, width=1080, height=63, has-focus=false, has-focusable=false, has-window-focus=true, is-clickable=false, is-enabled=true, is-focused=false, is-focusable=false, is-layout-requested=false, is-selected=false, layout-params=android.widget.FrameLayout$LayoutParams&#64;7677b69, tag=null, root-is-layout-requested=false, has-input-connection=false, x=0.0, y=0.0}
|
at dalvik.system.VMStack.getThreadStackTrace(Native Method)
at java.lang.Thread.getStackTrace(Thread.java:1536)
at android.support.test.espresso.base.DefaultFailureHandler.getUserFriendlyError(DefaultFailureHandler.java:88)
at android.support.test.espresso.base.DefaultFailureHandler.handle(DefaultFailureHandler.java:51)
at android.support.test.espresso.ViewInteraction.waitForAndHandleInteractionResults(ViewInteraction.java:312)
at android.support.test.espresso.ViewInteraction.desugaredPerform(ViewInteraction.java:173)
at android.support.test.espresso.ViewInteraction.perform(ViewInteraction.java:114)
at kdk.android.simplydo.C6.CheckItemC6.checkItemC6(CheckItemC6.java:50)
at java.lang.reflect.Method.invoke(Native Method)
at org.junit.runners.model.FrameworkMethod$1.runReflectiveCall(FrameworkMethod.java:50)
at org.junit.internal.runners.model.ReflectiveCallable.run(ReflectiveCallable.java:12)
at org.junit.runners.model.FrameworkMethod.invokeExplosively(FrameworkMethod.java:47)
at org.junit.internal.runners.statements.InvokeMethod.evaluate(InvokeMethod.java:17)
at android.support.test.rule.ActivityTestRule$ActivityStatement.evaluate(ActivityTestRule.java:527)
at org.junit.rules.RunRules.evaluate(RunRules.java:20)
at org.junit.runners.ParentRunner.runLeaf(ParentRunner.java:325)
at org.junit.runners.BlockJUnit4ClassRunner.runChild(BlockJUnit4ClassRunner.java:78)
at org.junit.runners.BlockJUnit4ClassRunner.runChild(BlockJUnit4ClassRunner.java:57)
at org.junit.runners.ParentRunner$3.run(ParentRunner.java:290)
at org.junit.runners.ParentRunner$1.schedule(ParentRunner.java:71)
at org.junit.runners.ParentRunner.runChildren(ParentRunner.java:288)
at org.junit.runners.ParentRunner.access$000(ParentRunner.java:58)
at org.junit.runners.ParentRunner$2.evaluate(ParentRunner.java:268)
at org.junit.runners.ParentRunner.run(ParentRunner.java:363)
at android.support.test.runner.AndroidJUnit4.run(AndroidJUnit4.java:101)
at org.junit.runners.Suite.runChild(Suite.java:128)
at org.junit.runners.Suite.runChild(Suite.java:27)
at org.junit.runners.ParentRunner$3.run(ParentRunner.java:290)
at org.junit.runners.ParentRunner$1.schedule(ParentRunner.java:71)
at org.junit.runners.ParentRunner.runChildren(ParentRunner.java:288)
at org.junit.runners.ParentRunner.access$000(ParentRunner.java:58)
at org.junit.runners.ParentRunner$2.evaluate(ParentRunner.java:268)
at org.junit.runners.ParentRunner.run(ParentRunner.java:363)
at org.junit.runner.JUnitCore.run(JUnitCore.java:137)
at org.junit.runner.JUnitCore.run(JUnitCore.java:115)
at android.support.test.internal.runner.TestExecutor.execute(TestExecutor.java:56)
at android.support.test.runner.AndroidJUnitRunner.onStart(AndroidJUnitRunner.java:384)
at android.app.Instrumentation$InstrumentationThread.run(Instrumentation.java:2074)
</failure>
  </testcase>
  <testcase name="createListsC6" classname="kdk.android.simplydo.C6.CreateListsC6" time="1.137" />
  <testcase name="decoratorC6" classname="kdk.android.simplydo.C6.DecoratorC6" time="1.496">
    <failure>android.support.test.espresso.AmbiguousViewMatcherException: '(with class name: is "android.widget.LinearLayout" and is displayed on the screen to the user)' matches multiple views in the hierarchy.
Problem views are marked with '****MATCHES****' below.

View Hierarchy:
+&gt;DecorView{id=-1, visibility=VISIBLE, width=1080, height=1920, has-focus=true, has-focusable=true, has-window-focus=true, is-clickable=false, is-enabled=true, is-focused=false, is-focusable=false, is-layout-requested=false, is-selected=false, layout-params=WM.LayoutParams{(0,0)(fillxfill) ty=1 fl=#81810100 pfl=0x20000 wanim=0x10302f6 needsMenuKey=2 colorMode=0}, tag=null, root-is-layout-requested=false, has-input-connection=false, x=0.0, y=0.0, child-count=3}
|
+-&gt;ActionBarOverlayLayout{id=16908822, res-name=decor_content_parent, visibility=VISIBLE, width=1080, height=1794, has-focus=true, has-focusable=true, has-window-focus=true, is-clickable=false, is-enabled=true, is-focused=false, is-focusable=false, is-layout-requested=false, is-selected=false, layout-params=android.widget.FrameLayout$LayoutParams&#64;a3e187f, tag=null, root-is-layout-requested=false, has-input-connection=false, x=0.0, y=0.0, child-count=2}
|
+--&gt;FrameLayout{id=16908290, res-name=content, visibility=VISIBLE, width=1080, height=1584, has-focus=true, has-focusable=true, has-window-focus=true, is-clickable=false, is-enabled=true, is-focused=false, is-focusable=false, is-layout-requested=false, is-selected=false, layout-params=com.android.internal.widget.ActionBarOverlayLayout$LayoutParams&#64;921504c, tag=null, root-is-layout-requested=false, has-input-connection=false, x=0.0, y=210.0, child-count=1}
|
+---&gt;LinearLayout{id=-1, visibility=VISIBLE, width=1080, height=1584, has-focus=true, has-focusable=true, has-window-focus=true, is-clickable=false, is-enabled=true, is-focused=false, is-focusable=false, is-layout-requested=false, is-selected=false, layout-params=android.widget.FrameLayout$LayoutParams&#64;4ebbdaa, tag=null, root-is-layout-requested=false, has-input-connection=false, x=0.0, y=0.0, child-count=2} ****MATCHES****
|
+----&gt;LinearLayout{id=-1, visibility=VISIBLE, width=1080, height=1584, has-focus=true, has-focusable=true, has-window-focus=true, is-clickable=false, is-enabled=true, is-focused=false, is-focusable=false, is-layout-requested=false, is-selected=false, layout-params=android.widget.LinearLayout$LayoutParams&#64;7a5bd9b, tag=null, root-is-layout-requested=false, has-input-connection=false, x=0.0, y=0.0, child-count=1} ****MATCHES****
|
+-----&gt;LinearLayout{id=16908926, res-name=headers, visibility=VISIBLE, width=1080, height=1584, has-focus=true, has-focusable=true, has-window-focus=true, is-clickable=false, is-enabled=true, is-focused=false, is-focusable=false, is-layout-requested=false, is-selected=false, layout-params=android.widget.LinearLayout$LayoutParams&#64;b200a76, tag=null, root-is-layout-requested=false, has-input-connection=false, x=0.0, y=0.0, child-count=2} ****MATCHES****
|
+------&gt;ListView{id=16908298, res-name=list, visibility=VISIBLE, width=1080, height=1584, has-focus=true, has-focusable=true, has-window-focus=true, is-clickable=true, is-enabled=true, is-focused=true, is-focusable=true, is-layout-requested=false, is-selected=false, layout-params=android.widget.LinearLayout$LayoutParams&#64;d189877, tag=null, root-is-layout-requested=false, has-input-connection=false, x=0.0, y=0.0, child-count=6}
|
+-------&gt;LinearLayout{id=-1, visibility=VISIBLE, width=1080, height=141, has-focus=false, has-focusable=false, has-window-focus=true, is-clickable=false, is-enabled=true, is-focused=false, is-focusable=false, is-layout-requested=false, is-selected=false, layout-params=android.widget.AbsListView$LayoutParams&#64;d744513, tag=null, root-is-layout-requested=false, has-input-connection=false, x=0.0, y=0.0, child-count=3} ****MATCHES****
|
+--------&gt;LinearLayout{id=16908350, res-name=icon_frame, visibility=GONE, width=0, height=0, has-focus=false, has-focusable=false, has-window-focus=true, is-clickable=false, is-enabled=true, is-focused=false, is-focusable=false, is-layout-requested=false, is-selected=false, layout-params=android.widget.LinearLayout$LayoutParams&#64;61fd949, tag=null, root-is-layout-requested=false, has-input-connection=false, x=0.0, y=0.0, child-count=1}
|
+---------&gt;PreferenceImageView{id=16908294, res-name=icon, visibility=GONE, width=0, height=0, has-focus=false, has-focusable=false, has-window-focus=true, is-clickable=false, is-enabled=true, is-focused=false, is-focusable=false, is-layout-requested=true, is-selected=false, layout-params=android.widget.LinearLayout$LayoutParams&#64;739f24e, tag=null, root-is-layout-requested=false, has-input-connection=false, x=0.0, y=0.0}
|
+--------&gt;RelativeLayout{id=-1, visibility=VISIBLE, width=996, height=141, has-focus=false, has-focusable=false, has-window-focus=true, is-clickable=false, is-enabled=true, is-focused=false, is-focusable=false, is-layout-requested=false, is-selected=false, layout-params=android.widget.LinearLayout$LayoutParams&#64;103c105, tag=null, root-is-layout-requested=false, has-input-connection=false, x=42.0, y=0.0, child-count=2}
|
+---------&gt;TextView{id=16908310, res-name=title, visibility=VISIBLE, width=229, height=57, has-focus=false, has-focusable=false, has-window-focus=true, is-clickable=false, is-enabled=true, is-focused=false, is-focusable=false, is-layout-requested=false, is-selected=false, layout-params=android.widget.RelativeLayout$LayoutParams&#64;246e55a, tag=null, root-is-layout-requested=false, has-input-connection=false, x=0.0, y=42.0, text=Item Sorting, input-type=0, ime-target=false, has-links=false}
|
+---------&gt;TextView{id=16908304, res-name=summary, visibility=GONE, width=0, height=0, has-focus=false, has-focusable=false, has-window-focus=true, is-clickable=false, is-enabled=true, is-focused=false, is-focusable=false, is-layout-requested=true, is-selected=false, layout-params=android.widget.RelativeLayout$LayoutParams&#64;fad438b, tag=null, root-is-layout-requested=false, has-input-connection=false, x=0.0, y=0.0, text=, input-type=0, ime-target=false, has-links=false}
|
+--------&gt;LinearLayout{id=16908312, res-name=widget_frame, visibility=GONE, width=0, height=0, has-focus=false, has-focusable=false, has-window-focus=true, is-clickable=false, is-enabled=true, is-focused=false, is-focusable=false, is-layout-requested=true, is-selected=false, layout-params=android.widget.LinearLayout$LayoutParams&#64;fdc4c68, tag=null, root-is-layout-requested=false, has-input-connection=false, x=0.0, y=0.0, child-count=0}
|
+-------&gt;LinearLayout{id=-1, visibility=VISIBLE, width=1080, height=141, has-focus=false, has-focusable=false, has-window-focus=true, is-clickable=false, is-enabled=true, is-focused=false, is-focusable=false, is-layout-requested=false, is-selected=false, layout-params=android.widget.AbsListView$LayoutParams&#64;85dc714, tag=null, root-is-layout-requested=false, has-input-connection=false, x=0.0, y=144.0, child-count=3} ****MATCHES****
|
+--------&gt;LinearLayout{id=16908350, res-name=icon_frame, visibility=GONE, width=0, height=0, has-focus=false, has-focusable=false, has-window-focus=true, is-clickable=false, is-enabled=true, is-focused=false, is-focusable=false, is-layout-requested=false, is-selected=false, layout-params=android.widget.LinearLayout$LayoutParams&#64;ebcc5b2, tag=null, root-is-layout-requested=false, has-input-connection=false, x=0.0, y=0.0, child-count=1}
|
+---------&gt;PreferenceImageView{id=16908294, res-name=icon, visibility=GONE, width=0, height=0, has-focus=false, has-focusable=false, has-window-focus=true, is-clickable=false, is-enabled=true, is-focused=false, is-focusable=false, is-layout-requested=true, is-selected=false, layout-params=android.widget.LinearLayout$LayoutParams&#64;4489903, tag=null, root-is-layout-requested=false, has-input-connection=false, x=0.0, y=0.0}
|
+--------&gt;RelativeLayout{id=-1, visibility=VISIBLE, width=996, height=141, has-focus=false, has-focusable=false, has-window-focus=true, is-clickable=false, is-enabled=true, is-focused=false, is-focusable=false, is-layout-requested=false, is-selected=false, layout-params=android.widget.LinearLayout$LayoutParams&#64;52d8afe, tag=null, root-is-layout-requested=false, has-input-connection=false, x=42.0, y=0.0, child-count=2}
|
+---------&gt;TextView{id=16908310, res-name=title, visibility=VISIBLE, width=214, height=57, has-focus=false, has-focusable=false, has-window-focus=true, is-clickable=false, is-enabled=true, is-focused=false, is-focusable=false, is-layout-requested=false, is-selected=false, layout-params=android.widget.RelativeLayout$LayoutParams&#64;331c25f, tag=null, root-is-layout-requested=false, has-input-connection=false, x=0.0, y=42.0, text=List Sorting, input-type=0, ime-target=false, has-links=false}
|
+---------&gt;TextView{id=16908304, res-name=summary, visibility=GONE, width=0, height=0, has-focus=false, has-focusable=false, has-window-focus=true, is-clickable=false, is-enabled=true, is-focused=false, is-focusable=false, is-layout-requested=true, is-selected=false, layout-params=android.widget.RelativeLayout$LayoutParams&#64;9e2e4ac, tag=null, root-is-layout-requested=false, has-input-connection=false, x=0.0, y=0.0, text=, input-type=0, ime-target=false, has-links=false}
|
+--------&gt;LinearLayout{id=16908312, res-name=widget_frame, visibility=GONE, width=0, height=0, has-focus=false, has-focusable=false, has-window-focus=true, is-clickable=false, is-enabled=true, is-focused=false, is-focusable=false, is-layout-requested=true, is-selected=false, layout-params=android.widget.LinearLayout$LayoutParams&#64;4ff575, tag=null, root-is-layout-requested=false, has-input-connection=false, x=0.0, y=0.0, child-count=0}
|
+-------&gt;LinearLayout{id=-1, visibility=VISIBLE, width=1080, height=141, has-focus=false, has-focusable=false, has-window-focus=true, is-clickable=false, is-enabled=true, is-focused=false, is-focusable=false, is-layout-requested=false, is-selected=false, layout-params=android.widget.AbsListView$LayoutParams&#64;d3773f1, tag=null, root-is-layout-requested=false, has-input-connection=false, x=0.0, y=288.0, child-count=3} ****MATCHES****
|
+--------&gt;LinearLayout{id=16908350, res-name=icon_frame, visibility=GONE, width=0, height=0, has-focus=false, has-focusable=false, has-window-focus=true, is-clickable=false, is-enabled=true, is-focused=false, is-focusable=false, is-layout-requested=false, is-selected=false, layout-params=android.widget.LinearLayout$LayoutParams&#64;bdb9e57, tag=null, root-is-layout-requested=false, has-input-connection=false, x=0.0, y=0.0, child-count=1}
|
+---------&gt;PreferenceImageView{id=16908294, res-name=icon, visibility=GONE, width=0, height=0, has-focus=false, has-focusable=false, has-window-focus=true, is-clickable=false, is-enabled=true, is-focused=false, is-focusable=false, is-layout-requested=true, is-selected=false, layout-params=android.widget.LinearLayout$LayoutParams&#64;50b1d44, tag=null, root-is-layout-requested=false, has-input-connection=false, x=0.0, y=0.0}
|
+--------&gt;RelativeLayout{id=-1, visibility=VISIBLE, width=996, height=141, has-focus=false, has-focusable=false, has-window-focus=true, is-clickable=false, is-enabled=true, is-focused=false, is-focusable=false, is-layout-requested=false, is-selected=false, layout-params=android.widget.LinearLayout$LayoutParams&#64;b91c8f3, tag=null, root-is-layout-requested=false, has-input-connection=false, x=42.0, y=0.0, child-count=2}
|
+---------&gt;TextView{id=16908310, res-name=title, visibility=VISIBLE, width=358, height=57, has-focus=false, has-focusable=false, has-window-focus=true, is-clickable=false, is-enabled=true, is-focused=false, is-focusable=false, is-layout-requested=false, is-selected=false, layout-params=android.widget.RelativeLayout$LayoutParams&#64;73ec9b0, tag=null, root-is-layout-requested=false, has-input-connection=false, x=0.0, y=42.0, text=Inactive Decoration, input-type=0, ime-target=false, has-links=false}
|
+---------&gt;TextView{id=16908304, res-name=summary, visibility=GONE, width=0, height=0, has-focus=false, has-focusable=false, has-window-focus=true, is-clickable=false, is-enabled=true, is-focused=false, is-focusable=false, is-layout-requested=true, is-selected=false, layout-params=android.widget.RelativeLayout$LayoutParams&#64;54fb029, tag=null, root-is-layout-requested=false, has-input-connection=false, x=0.0, y=0.0, text=, input-type=0, ime-target=false, has-links=false}
|
+--------&gt;LinearLayout{id=16908312, res-name=widget_frame, visibility=GONE, width=0, height=0, has-focus=false, has-focusable=false, has-window-focus=true, is-clickable=false, is-enabled=true, is-focused=false, is-focusable=false, is-layout-requested=true, is-selected=false, layout-params=android.widget.LinearLayout$LayoutParams&#64;350afae, tag=null, root-is-layout-requested=false, has-input-connection=false, x=0.0, y=0.0, child-count=0}
|
+-------&gt;LinearLayout{id=-1, visibility=VISIBLE, width=1080, height=141, has-focus=false, has-focusable=false, has-window-focus=true, is-clickable=false, is-enabled=true, is-focused=false, is-focusable=false, is-layout-requested=false, is-selected=false, layout-params=android.widget.AbsListView$LayoutParams&#64;80a25e5, tag=null, root-is-layout-requested=false, has-input-connection=false, x=0.0, y=432.0, child-count=3} ****MATCHES****
|
+--------&gt;LinearLayout{id=16908350, res-name=icon_frame, visibility=GONE, width=0, height=0, has-focus=false, has-focusable=false, has-window-focus=true, is-clickable=false, is-enabled=true, is-focused=false, is-focusable=false, is-layout-requested=false, is-selected=false, layout-params=android.widget.LinearLayout$LayoutParams&#64;fbb636b, tag=null, root-is-layout-requested=false, has-input-connection=false, x=0.0, y=0.0, child-count=1}
|
+---------&gt;PreferenceImageView{id=16908294, res-name=icon, visibility=GONE, width=0, height=0, has-focus=false, has-focusable=false, has-window-focus=true, is-clickable=false, is-enabled=true, is-focused=false, is-focusable=false, is-layout-requested=true, is-selected=false, layout-params=android.widget.LinearLayout$LayoutParams&#64;ad61ec8, tag=null, root-is-layout-requested=false, has-input-connection=false, x=0.0, y=0.0}
|
+--------&gt;RelativeLayout{id=-1, visibility=VISIBLE, width=870, height=141, has-focus=false, has-focusable=false, has-window-focus=true, is-clickable=false, is-enabled=true, is-focused=false, is-focusable=false, is-layout-requested=false, is-selected=false, layout-params=android.widget.LinearLayout$LayoutParams&#64;6aacb47, tag=null, root-is-layout-requested=false, has-input-connection=false, x=42.0, y=0.0, child-count=2}
|
+---------&gt;TextView{id=16908310, res-name=title, visibility=VISIBLE, width=488, height=57, has-focus=false, has-focusable=false, has-window-focus=true, is-clickable=false, is-enabled=true, is-focused=false, is-focusable=false, is-layout-requested=false, is-selected=false, layout-params=android.widget.RelativeLayout$LayoutParams&#64;925f74, tag=null, root-is-layout-requested=false, has-input-connection=false, x=0.0, y=42.0, text=Confirm Delete All Inactive, input-type=0, ime-target=false, has-links=false}
|
+---------&gt;TextView{id=16908304, res-name=summary, visibility=GONE, width=0, height=0, has-focus=false, has-focusable=false, has-window-focus=true, is-clickable=false, is-enabled=true, is-focused=false, is-focusable=false, is-layout-requested=true, is-selected=false, layout-params=android.widget.RelativeLayout$LayoutParams&#64;f202c9d, tag=null, root-is-layout-requested=false, has-input-connection=false, x=0.0, y=0.0, text=, input-type=0, ime-target=false, has-links=false}
|
+--------&gt;LinearLayout{id=16908312, res-name=widget_frame, visibility=VISIBLE, width=126, height=141, has-focus=false, has-focusable=false, has-window-focus=true, is-clickable=false, is-enabled=true, is-focused=false, is-focusable=false, is-layout-requested=false, is-selected=false, layout-params=android.widget.LinearLayout$LayoutParams&#64;83ed4e3, tag=null, root-is-layout-requested=false, has-input-connection=false, x=912.0, y=0.0, child-count=1} ****MATCHES****
|
+---------&gt;CheckBox{id=16908289, res-name=checkbox, visibility=VISIBLE, width=84, height=84, has-focus=false, has-focusable=false, has-window-focus=true, is-clickable=false, is-enabled=true, is-focused=false, is-focusable=false, is-layout-requested=false, is-selected=false, layout-params=android.widget.LinearLayout$LayoutParams&#64;22ffee0, tag=null, root-is-layout-requested=false, has-input-connection=false, x=42.0, y=28.0, text=, input-type=0, ime-target=false, has-links=false, is-checked=true}
|
+-------&gt;LinearLayout{id=-1, visibility=VISIBLE, width=1080, height=141, has-focus=false, has-focusable=false, has-window-focus=true, is-clickable=false, is-enabled=true, is-focused=false, is-focusable=false, is-layout-requested=false, is-selected=false, layout-params=android.widget.AbsListView$LayoutParams&#64;446290c, tag=null, root-is-layout-requested=false, has-input-connection=false, x=0.0, y=576.0, child-count=3} ****MATCHES****
|
+--------&gt;LinearLayout{id=16908350, res-name=icon_frame, visibility=GONE, width=0, height=0, has-focus=false, has-focusable=false, has-window-focus=true, is-clickable=false, is-enabled=true, is-focused=false, is-focusable=false, is-layout-requested=false, is-selected=false, layout-params=android.widget.LinearLayout$LayoutParams&#64;aec246a, tag=null, root-is-layout-requested=false, has-input-connection=false, x=0.0, y=0.0, child-count=1}
|
+---------&gt;PreferenceImageView{id=16908294, res-name=icon, visibility=GONE, width=0, height=0, has-focus=false, has-focusable=false, has-window-focus=true, is-clickable=false, is-enabled=true, is-focused=false, is-focusable=false, is-layout-requested=true, is-selected=false, layout-params=android.widget.LinearLayout$LayoutParams&#64;d9ffd5b, tag=null, root-is-layout-requested=false, has-input-connection=false, x=0.0, y=0.0}
|
+--------&gt;RelativeLayout{id=-1, visibility=VISIBLE, width=996, height=141, has-focus=false, has-focusable=false, has-window-focus=true, is-clickable=false, is-enabled=true, is-focused=false, is-focusable=false, is-layout-requested=false, is-selected=false, layout-params=android.widget.LinearLayout$LayoutParams&#64;ca01d36, tag=null, root-is-layout-requested=false, has-input-connection=false, x=42.0, y=0.0, child-count=2}
|
+---------&gt;TextView{id=16908310, res-name=title, visibility=VISIBLE, width=235, height=57, has-focus=false, has-focusable=false, has-window-focus=true, is-clickable=false, is-enabled=true, is-focused=false, is-focusable=false, is-layout-requested=false, is-selected=false, layout-params=android.widget.RelativeLayout$LayoutParams&#64;6d71437, tag=null, root-is-layout-requested=false, has-input-connection=false, x=0.0, y=42.0, text=Backup Now, input-type=0, ime-target=false, has-links=false}
|
+---------&gt;TextView{id=16908304, res-name=summary, visibility=GONE, width=0, height=0, has-focus=false, has-focusable=false, has-window-focus=true, is-clickable=false, is-enabled=true, is-focused=false, is-focusable=false, is-layout-requested=true, is-selected=false, layout-params=android.widget.RelativeLayout$LayoutParams&#64;b468da4, tag=null, root-is-layout-requested=false, has-input-connection=false, x=0.0, y=0.0, text=, input-type=0, ime-target=false, has-links=false}
|
+--------&gt;LinearLayout{id=16908312, res-name=widget_frame, visibility=GONE, width=0, height=0, has-focus=false, has-focusable=false, has-window-focus=true, is-clickable=false, is-enabled=true, is-focused=false, is-focusable=false, is-layout-requested=true, is-selected=false, layout-params=android.widget.LinearLayout$LayoutParams&#64;d0a770d, tag=null, root-is-layout-requested=false, has-input-connection=false, x=0.0, y=0.0, child-count=0}
|
+-------&gt;LinearLayout{id=-1, visibility=VISIBLE, width=1080, height=141, has-focus=false, has-focusable=false, has-window-focus=true, is-clickable=false, is-enabled=true, is-focused=false, is-focusable=false, is-layout-requested=false, is-selected=false, layout-params=android.widget.AbsListView$LayoutParams&#64;5747709, tag=null, root-is-layout-requested=false, has-input-connection=false, x=0.0, y=720.0, child-count=3} ****MATCHES****
|
+--------&gt;LinearLayout{id=16908350, res-name=icon_frame, visibility=GONE, width=0, height=0, has-focus=false, has-focusable=false, has-window-focus=true, is-clickable=false, is-enabled=true, is-focused=false, is-focusable=false, is-layout-requested=false, is-selected=false, layout-params=android.widget.LinearLayout$LayoutParams&#64;5ee532f, tag=null, root-is-layout-requested=false, has-input-connection=false, x=0.0, y=0.0, child-count=1}
|
+---------&gt;PreferenceImageView{id=16908294, res-name=icon, visibility=GONE, width=0, height=0, has-focus=false, has-focusable=false, has-window-focus=true, is-clickable=false, is-enabled=true, is-focused=false, is-focusable=false, is-layout-requested=true, is-selected=false, layout-params=android.widget.LinearLayout$LayoutParams&#64;92bed3c, tag=null, root-is-layout-requested=false, has-input-connection=false, x=0.0, y=0.0}
|
+--------&gt;RelativeLayout{id=-1, visibility=VISIBLE, width=996, height=141, has-focus=false, has-focusable=false, has-window-focus=true, is-clickable=false, is-enabled=true, is-focused=false, is-focusable=false, is-layout-requested=false, is-selected=false, layout-params=android.widget.LinearLayout$LayoutParams&#64;b96f34b, tag=null, root-is-layout-requested=false, has-input-connection=false, x=42.0, y=0.0, child-count=2}
|
+---------&gt;TextView{id=16908310, res-name=title, visibility=VISIBLE, width=144, height=57, has-focus=false, has-focusable=false, has-window-focus=true, is-clickable=false, is-enabled=true, is-focused=false, is-focusable=false, is-layout-requested=false, is-selected=false, layout-params=android.widget.RelativeLayout$LayoutParams&#64;468a128, tag=null, root-is-layout-requested=false, has-input-connection=false, x=0.0, y=42.0, text=Restore, input-type=0, ime-target=false, has-links=false}
|
+---------&gt;TextView{id=16908304, res-name=summary, visibility=GONE, width=0, height=0, has-focus=false, has-focusable=false, has-window-focus=true, is-clickable=false, is-enabled=true, is-focused=false, is-focusable=false, is-layout-requested=true, is-selected=false, layout-params=android.widget.RelativeLayout$LayoutParams&#64;e96fe41, tag=null, root-is-layout-requested=false, has-input-connection=false, x=0.0, y=0.0, text=, input-type=0, ime-target=false, has-links=false}
|
+--------&gt;LinearLayout{id=16908312, res-name=widget_frame, visibility=GONE, width=0, height=0, has-focus=false, has-focusable=false, has-window-focus=true, is-clickable=false, is-enabled=true, is-focused=false, is-focusable=false, is-layout-requested=true, is-selected=false, layout-params=android.widget.LinearLayout$LayoutParams&#64;f083fe6, tag=null, root-is-layout-requested=false, has-input-connection=false, x=0.0, y=0.0, child-count=0}
|
+------&gt;FrameLayout{id=16909013, res-name=list_footer, visibility=VISIBLE, width=1080, height=0, has-focus=false, has-focusable=false, has-window-focus=true, is-clickable=false, is-enabled=true, is-focused=false, is-focusable=false, is-layout-requested=false, is-selected=false, layout-params=android.widget.LinearLayout$LayoutParams&#64;bdf7927, tag=null, root-is-layout-requested=false, has-input-connection=false, x=0.0, y=1584.0, child-count=0}
|
+----&gt;RelativeLayout{id=16908758, res-name=button_bar, visibility=GONE, width=0, height=0, has-focus=false, has-focusable=false, has-window-focus=true, is-clickable=false, is-enabled=true, is-focused=false, is-focusable=false, is-layout-requested=true, is-selected=false, layout-params=android.widget.LinearLayout$LayoutParams&#64;1087472, tag=null, root-is-layout-requested=false, has-input-connection=false, x=0.0, y=0.0, child-count=2}
|
+-----&gt;Button{id=16908732, res-name=back_button, visibility=VISIBLE, width=0, height=0, has-focus=false, has-focusable=true, has-window-focus=true, is-clickable=true, is-enabled=true, is-focused=false, is-focusable=true, is-layout-requested=true, is-selected=false, layout-params=android.widget.RelativeLayout$LayoutParams&#64;64080c3, tag=null, root-is-layout-requested=false, has-input-connection=false, x=0.0, y=0.0, text=Back, input-type=0, ime-target=false, has-links=false}
|
+-----&gt;LinearLayout{id=-1, visibility=VISIBLE, width=0, height=0, has-focus=false, has-focusable=true, has-window-focus=true, is-clickable=false, is-enabled=true, is-focused=false, is-focusable=false, is-layout-requested=true, is-selected=false, layout-params=android.widget.RelativeLayout$LayoutParams&#64;6565be, tag=null, root-is-layout-requested=false, has-input-connection=false, x=0.0, y=0.0, child-count=2}
|
+------&gt;Button{id=16909277, res-name=skip_button, visibility=GONE, width=0, height=0, has-focus=false, has-focusable=false, has-window-focus=true, is-clickable=true, is-enabled=true, is-focused=false, is-focusable=true, is-layout-requested=true, is-selected=false, layout-params=android.widget.LinearLayout$LayoutParams&#64;f20661f, tag=null, root-is-layout-requested=false, has-input-connection=false, x=0.0, y=0.0, text=Skip, input-type=0, ime-target=false, has-links=false}
|
+------&gt;Button{id=16909075, res-name=next_button, visibility=VISIBLE, width=0, height=0, has-focus=false, has-focusable=true, has-window-focus=true, is-clickable=true, is-enabled=true, is-focused=false, is-focusable=true, is-layout-requested=true, is-selected=false, layout-params=android.widget.LinearLayout$LayoutParams&#64;ae31d6c, tag=null, root-is-layout-requested=false, has-input-connection=false, x=0.0, y=0.0, text=Next, input-type=0, ime-target=false, has-links=false}
|
+--&gt;ActionBarContainer{id=16908669, res-name=action_bar_container, visibility=VISIBLE, width=1080, height=147, has-focus=false, has-focusable=false, has-window-focus=true, is-clickable=false, is-enabled=true, is-focused=false, is-focusable=false, is-layout-requested=false, is-selected=false, layout-params=com.android.internal.widget.ActionBarOverlayLayout$LayoutParams&#64;ef453b, tag=null, root-is-layout-requested=false, has-input-connection=false, x=0.0, y=63.0, child-count=2}
|
+---&gt;Toolbar{id=16908668, res-name=action_bar, visibility=VISIBLE, width=1080, height=147, has-focus=false, has-focusable=false, has-window-focus=true, is-clickable=false, is-enabled=true, is-focused=false, is-focusable=false, is-layout-requested=false, is-selected=false, layout-params=android.widget.FrameLayout$LayoutParams&#64;4d66e96, tag=null, root-is-layout-requested=false, has-input-connection=false, x=0.0, y=0.0, child-count=2}
|
+----&gt;TextView{id=-1, visibility=VISIBLE, width=196, height=71, has-focus=false, has-focusable=false, has-window-focus=true, is-clickable=false, is-enabled=true, is-focused=false, is-focusable=false, is-layout-requested=false, is-selected=false, layout-params=android.widget.Toolbar$LayoutParams&#64;302fa17, tag=null, root-is-layout-requested=false, has-input-connection=false, x=42.0, y=38.0, text=Settings, input-type=0, ime-target=false, has-links=false}
|
+----&gt;ActionMenuView{id=-1, visibility=VISIBLE, width=0, height=147, has-focus=false, has-focusable=false, has-window-focus=true, is-clickable=false, is-enabled=true, is-focused=false, is-focusable=false, is-layout-requested=false, is-selected=false, layout-params=android.widget.Toolbar$LayoutParams&#64;541ae04, tag=null, root-is-layout-requested=false, has-input-connection=false, x=1080.0, y=0.0, child-count=0}
|
+---&gt;ActionBarContextView{id=16908673, res-name=action_context_bar, visibility=GONE, width=0, height=0, has-focus=false, has-focusable=false, has-window-focus=true, is-clickable=false, is-enabled=true, is-focused=false, is-focusable=false, is-layout-requested=true, is-selected=false, layout-params=android.widget.FrameLayout$LayoutParams&#64;b147fed, tag=null, root-is-layout-requested=false, has-input-connection=false, x=0.0, y=0.0, child-count=0}
|
+-&gt;View{id=16908336, res-name=navigationBarBackground, visibility=VISIBLE, width=1080, height=126, has-focus=false, has-focusable=false, has-window-focus=true, is-clickable=false, is-enabled=true, is-focused=false, is-focusable=false, is-layout-requested=false, is-selected=false, layout-params=android.widget.FrameLayout$LayoutParams&#64;502de22, tag=null, root-is-layout-requested=false, has-input-connection=false, x=0.0, y=1794.0}
|
+-&gt;View{id=16908335, res-name=statusBarBackground, visibility=VISIBLE, width=1080, height=63, has-focus=false, has-focusable=false, has-window-focus=true, is-clickable=false, is-enabled=true, is-focused=false, is-focusable=false, is-layout-requested=false, is-selected=false, layout-params=android.widget.FrameLayout$LayoutParams&#64;23320b3, tag=null, root-is-layout-requested=false, has-input-connection=false, x=0.0, y=0.0}
|
at dalvik.system.VMStack.getThreadStackTrace(Native Method)
at java.lang.Thread.getStackTrace(Thread.java:1536)
at android.support.test.espresso.base.DefaultFailureHandler.getUserFriendlyError(DefaultFailureHandler.java:88)
at android.support.test.espresso.base.DefaultFailureHandler.handle(DefaultFailureHandler.java:51)
at android.support.test.espresso.ViewInteraction.waitForAndHandleInteractionResults(ViewInteraction.java:312)
at android.support.test.espresso.ViewInteraction.desugaredPerform(ViewInteraction.java:173)
at android.support.test.espresso.ViewInteraction.perform(ViewInteraction.java:114)
at kdk.android.simplydo.C6.DecoratorC6.decoratorC6(DecoratorC6.java:49)
at java.lang.reflect.Method.invoke(Native Method)
at org.junit.runners.model.FrameworkMethod$1.runReflectiveCall(FrameworkMethod.java:50)
at org.junit.internal.runners.model.ReflectiveCallable.run(ReflectiveCallable.java:12)
at org.junit.runners.model.FrameworkMethod.invokeExplosively(FrameworkMethod.java:47)
at org.junit.internal.runners.statements.InvokeMethod.evaluate(InvokeMethod.java:17)
at android.support.test.rule.ActivityTestRule$ActivityStatement.evaluate(ActivityTestRule.java:527)
at org.junit.rules.RunRules.evaluate(RunRules.java:20)
at org.junit.runners.ParentRunner.runLeaf(ParentRunner.java:325)
at org.junit.runners.BlockJUnit4ClassRunner.runChild(BlockJUnit4ClassRunner.java:78)
at org.junit.runners.BlockJUnit4ClassRunner.runChild(BlockJUnit4ClassRunner.java:57)
at org.junit.runners.ParentRunner$3.run(ParentRunner.java:290)
at org.junit.runners.ParentRunner$1.schedule(ParentRunner.java:71)
at org.junit.runners.ParentRunner.runChildren(ParentRunner.java:288)
at org.junit.runners.ParentRunner.access$000(ParentRunner.java:58)
at org.junit.runners.ParentRunner$2.evaluate(ParentRunner.java:268)
at org.junit.runners.ParentRunner.run(ParentRunner.java:363)
at android.support.test.runner.AndroidJUnit4.run(AndroidJUnit4.java:101)
at org.junit.runners.Suite.runChild(Suite.java:128)
at org.junit.runners.Suite.runChild(Suite.java:27)
at org.junit.runners.ParentRunner$3.run(ParentRunner.java:290)
at org.junit.runners.ParentRunner$1.schedule(ParentRunner.java:71)
at org.junit.runners.ParentRunner.runChildren(ParentRunner.java:288)
at org.junit.runners.ParentRunner.access$000(ParentRunner.java:58)
at org.junit.runners.ParentRunner$2.evaluate(ParentRunner.java:268)
at org.junit.runners.ParentRunner.run(ParentRunner.java:363)
at org.junit.runner.JUnitCore.run(JUnitCore.java:137)
at org.junit.runner.JUnitCore.run(JUnitCore.java:115)
at android.support.test.internal.runner.TestExecutor.execute(TestExecutor.java:56)
at android.support.test.runner.AndroidJUnitRunner.onStart(AndroidJUnitRunner.java:384)
at android.app.Instrumentation$InstrumentationThread.run(Instrumentation.java:2074)
</failure>
  </testcase>
  <testcase name="deleteInactiveC1" classname="kdk.android.simplydo.C6.DeleteInactiveC6" time="3.317">
    <failure>android.support.test.espresso.NoMatchingViewException: No views in hierarchy found matching: (with id: kdk.android.simplydo:id/ListsListView)
If the target view is not part of the view hierarchy, you may need to use Espresso.onData to load it from one of the following AdapterViews:android.widget.MenuPopupWindow$MenuDropDownListView{b1fdd02 VFED.VC.. .F...... 0,0-515,126}

View Hierarchy:
+&gt;PopupDecorView{id=-1, visibility=VISIBLE, width=515, height=126, has-focus=true, has-focusable=true, has-window-focus=true, is-clickable=false, is-enabled=true, is-focused=false, is-focusable=false, is-layout-requested=false, is-selected=false, layout-params=WM.LayoutParams{(555,73)(515x126) gr=#10800033 sim=#1 ty=1002 fl=#41860200 pfl=0x18000 fmt=-3 surfaceInsets=Rect(84, 84 - 84, 84) (manual) colorMode=0}, tag=null, root-is-layout-requested=false, has-input-connection=false, x=0.0, y=0.0, child-count=1}
|
+-&gt;PopupBackgroundView{id=-1, visibility=VISIBLE, width=515, height=126, has-focus=true, has-focusable=true, has-window-focus=true, is-clickable=false, is-enabled=true, is-focused=false, is-focusable=false, is-layout-requested=false, is-selected=false, layout-params=android.widget.FrameLayout$LayoutParams&#64;373e613, tag=null, root-is-layout-requested=false, has-input-connection=false, x=0.0, y=0.0, child-count=1}
|
+--&gt;MenuDropDownListView{id=-1, visibility=VISIBLE, width=515, height=126, has-focus=true, has-focusable=true, has-window-focus=true, is-clickable=true, is-enabled=true, is-focused=true, is-focusable=true, is-layout-requested=false, is-selected=false, layout-params=android.widget.FrameLayout$LayoutParams&#64;4d2e249, tag=null, root-is-layout-requested=false, has-input-connection=false, x=0.0, y=0.0, child-count=1}
|
+---&gt;ListMenuItemView{id=-1, visibility=VISIBLE, width=515, height=126, has-focus=false, has-focusable=false, has-window-focus=true, is-clickable=false, is-enabled=true, is-focused=false, is-focusable=false, is-layout-requested=false, is-selected=false, layout-params=android.widget.AbsListView$LayoutParams&#64;bf0c17c, tag=null, root-is-layout-requested=false, has-input-connection=false, x=0.0, y=0.0, child-count=2}
|
+----&gt;RelativeLayout{id=-1, visibility=VISIBLE, width=431, height=57, has-focus=false, has-focusable=false, has-window-focus=true, is-clickable=false, is-enabled=true, is-focused=false, is-focusable=false, is-layout-requested=false, is-selected=false, layout-params=android.widget.LinearLayout$LayoutParams&#64;fe0048b, tag=null, root-is-layout-requested=false, has-input-connection=false, x=42.0, y=34.0, child-count=2}
|
+-----&gt;TextView{id=16908310, res-name=title, visibility=VISIBLE, width=431, height=57, has-focus=false, has-focusable=false, has-window-focus=true, is-clickable=false, is-enabled=true, is-focused=false, is-focusable=false, is-layout-requested=false, is-selected=false, layout-params=android.widget.RelativeLayout$LayoutParams&#64;2467968, tag=null, root-is-layout-requested=false, has-input-connection=false, x=0.0, y=0.0, text=Settings, input-type=0, ime-target=false, has-links=false}
|
+-----&gt;TextView{id=16909259, res-name=shortcut, visibility=GONE, width=0, height=0, has-focus=false, has-focusable=false, has-window-focus=true, is-clickable=false, is-enabled=true, is-focused=false, is-focusable=false, is-layout-requested=true, is-selected=false, layout-params=android.widget.RelativeLayout$LayoutParams&#64;f6f9181, tag=null, root-is-layout-requested=false, has-input-connection=false, x=0.0, y=0.0, text=, input-type=0, ime-target=false, has-links=false}
|
+----&gt;ImageView{id=16909319, res-name=submenuarrow, visibility=GONE, width=0, height=0, has-focus=false, has-focusable=false, has-window-focus=true, is-clickable=false, is-enabled=true, is-focused=false, is-focusable=false, is-layout-requested=true, is-selected=false, layout-params=android.widget.LinearLayout$LayoutParams&#64;b9c7226, tag=null, root-is-layout-requested=false, has-input-connection=false, x=0.0, y=0.0}
|
at dalvik.system.VMStack.getThreadStackTrace(Native Method)
at java.lang.Thread.getStackTrace(Thread.java:1536)
at android.support.test.espresso.base.DefaultFailureHandler.getUserFriendlyError(DefaultFailureHandler.java:88)
at android.support.test.espresso.base.DefaultFailureHandler.handle(DefaultFailureHandler.java:51)
at android.support.test.espresso.ViewInteraction.waitForAndHandleInteractionResults(ViewInteraction.java:312)
at android.support.test.espresso.ViewInteraction.desugaredPerform(ViewInteraction.java:173)
at android.support.test.espresso.ViewInteraction.perform(ViewInteraction.java:114)
at android.support.test.espresso.DataInteraction$DisplayDataMatcher$1.apply(DataInteraction.java:213)
at android.support.test.espresso.DataInteraction$DisplayDataMatcher$1.apply(DataInteraction.java:210)
at android.support.test.espresso.DataInteraction$DisplayDataMatcher.&lt;init&gt;(DataInteraction.java:230)
at android.support.test.espresso.DataInteraction$DisplayDataMatcher.&lt;init&gt;(DataInteraction.java:205)
at android.support.test.espresso.DataInteraction$DisplayDataMatcher.displayDataMatcher(DataInteraction.java:248)
at android.support.test.espresso.DataInteraction.makeTargetMatcher(DataInteraction.java:150)
at android.support.test.espresso.DataInteraction.perform(DataInteraction.java:135)
at kdk.android.simplydo.C6.DeleteInactiveC6.deleteInactiveC1(DeleteInactiveC6.java:85)
at java.lang.reflect.Method.invoke(Native Method)
at org.junit.runners.model.FrameworkMethod$1.runReflectiveCall(FrameworkMethod.java:50)
at org.junit.internal.runners.model.ReflectiveCallable.run(ReflectiveCallable.java:12)
at org.junit.runners.model.FrameworkMethod.invokeExplosively(FrameworkMethod.java:47)
at org.junit.internal.runners.statements.InvokeMethod.evaluate(InvokeMethod.java:17)
at android.support.test.rule.ActivityTestRule$ActivityStatement.evaluate(ActivityTestRule.java:527)
at org.junit.rules.RunRules.evaluate(RunRules.java:20)
at org.junit.runners.ParentRunner.runLeaf(ParentRunner.java:325)
at org.junit.runners.BlockJUnit4ClassRunner.runChild(BlockJUnit4ClassRunner.java:78)
at org.junit.runners.BlockJUnit4ClassRunner.runChild(BlockJUnit4ClassRunner.java:57)
at org.junit.runners.ParentRunner$3.run(ParentRunner.java:290)
at org.junit.runners.ParentRunner$1.schedule(ParentRunner.java:71)
at org.junit.runners.ParentRunner.runChildren(ParentRunner.java:288)
at org.junit.runners.ParentRunner.access$000(ParentRunner.java:58)
at org.junit.runners.ParentRunner$2.evaluate(ParentRunner.java:268)
at org.junit.runners.ParentRunner.run(ParentRunner.java:363)
at android.support.test.runner.AndroidJUnit4.run(AndroidJUnit4.java:101)
at org.junit.runners.Suite.runChild(Suite.java:128)
at org.junit.runners.Suite.runChild(Suite.java:27)
at org.junit.runners.ParentRunner$3.run(ParentRunner.java:290)
at org.junit.runners.ParentRunner$1.schedule(ParentRunner.java:71)
at org.junit.runners.ParentRunner.runChildren(ParentRunner.java:288)
at org.junit.runners.ParentRunner.access$000(ParentRunner.java:58)
at org.junit.runners.ParentRunner$2.evaluate(ParentRunner.java:268)
at org.junit.runners.ParentRunner.run(ParentRunner.java:363)
at org.junit.runner.JUnitCore.run(JUnitCore.java:137)
at org.junit.runner.JUnitCore.run(JUnitCore.java:115)
at android.support.test.internal.runner.TestExecutor.execute(TestExecutor.java:56)
at android.support.test.runner.AndroidJUnitRunner.onStart(AndroidJUnitRunner.java:384)
at android.app.Instrumentation$InstrumentationThread.run(Instrumentation.java:2074)
</failure>
  </testcase>
  <testcase name="itemAssertC6" classname="kdk.android.simplydo.C6.ItemAssertC6" time="0.982">
    <failure>android.support.test.espresso.AmbiguousViewMatcherException: '(with class name: is "android.widget.LinearLayout" and is displayed on the screen to the user)' matches multiple views in the hierarchy.
Problem views are marked with '****MATCHES****' below.

View Hierarchy:
+&gt;DecorView{id=-1, visibility=VISIBLE, width=1080, height=1920, has-focus=true, has-focusable=true, has-window-focus=true, is-clickable=false, is-enabled=true, is-focused=false, is-focusable=false, is-layout-requested=false, is-selected=false, layout-params=WM.LayoutParams{(0,0)(fillxfill) sim=#3 ty=1 fl=#81810100 pfl=0x20000 wanim=0x10302f6 needsMenuKey=2 colorMode=0}, tag=null, root-is-layout-requested=false, has-input-connection=false, x=0.0, y=0.0, child-count=3}
|
+-&gt;ActionBarOverlayLayout{id=16908822, res-name=decor_content_parent, visibility=VISIBLE, width=1080, height=1794, has-focus=true, has-focusable=true, has-window-focus=true, is-clickable=false, is-enabled=true, is-focused=false, is-focusable=false, is-layout-requested=false, is-selected=false, layout-params=android.widget.FrameLayout$LayoutParams&#64;fe12c8d, tag=null, root-is-layout-requested=false, has-input-connection=false, x=0.0, y=0.0, child-count=2}
|
+--&gt;FrameLayout{id=16908290, res-name=content, visibility=VISIBLE, width=1080, height=1584, has-focus=true, has-focusable=true, has-window-focus=true, is-clickable=false, is-enabled=true, is-focused=false, is-focusable=false, is-layout-requested=false, is-selected=false, layout-params=com.android.internal.widget.ActionBarOverlayLayout$LayoutParams&#64;811e42, tag=null, root-is-layout-requested=false, has-input-connection=false, x=0.0, y=210.0, child-count=1}
|
+---&gt;LinearLayout{id=-1, visibility=VISIBLE, width=1080, height=1584, has-focus=true, has-focusable=true, has-window-focus=true, is-clickable=false, is-enabled=true, is-focused=false, is-focusable=false, is-layout-requested=false, is-selected=false, layout-params=android.widget.FrameLayout$LayoutParams&#64;ec93390, tag=null, root-is-layout-requested=false, has-input-connection=false, x=0.0, y=0.0, child-count=1} ****MATCHES****
|
+----&gt;ViewSwitcher{id=2130903049, res-name=ListsItemsSwitcher, visibility=VISIBLE, width=1080, height=256, has-focus=true, has-focusable=true, has-window-focus=true, is-clickable=false, is-enabled=true, is-focused=false, is-focusable=false, is-layout-requested=false, is-selected=false, layout-params=android.widget.LinearLayout$LayoutParams&#64;e86dc8e, tag=null, root-is-layout-requested=false, has-input-connection=false, x=0.0, y=0.0, child-count=2}
|
+-----&gt;LinearLayout{id=2130903059, res-name=listsView, visibility=VISIBLE, width=1080, height=256, has-focus=true, has-focusable=true, has-window-focus=true, is-clickable=false, is-enabled=true, is-focused=false, is-focusable=false, is-layout-requested=false, is-selected=false, layout-params=android.widget.FrameLayout$LayoutParams&#64;a735caf, tag=null, root-is-layout-requested=false, has-input-connection=false, x=0.0, y=0.0, child-count=2} ****MATCHES****
|
+------&gt;LinearLayout{id=2130903048, res-name=LinearLayout01, visibility=VISIBLE, width=1080, height=126, has-focus=true, has-focusable=true, has-window-focus=true, is-clickable=false, is-enabled=true, is-focused=false, is-focusable=false, is-layout-requested=false, is-selected=false, layout-params=android.widget.LinearLayout$LayoutParams&#64;7b5f8bc, tag=null, root-is-layout-requested=false, has-input-connection=false, x=0.0, y=0.0, child-count=2} ****MATCHES****
|
+-------&gt;EditText{id=2130903043, res-name=AddListEditText, desc=addlistedittext, visibility=VISIBLE, width=849, height=126, has-focus=true, has-focusable=true, has-window-focus=true, is-clickable=true, is-enabled=true, is-focused=true, is-focusable=true, is-layout-requested=false, is-selected=false, layout-params=android.widget.LinearLayout$LayoutParams&#64;c47e4a8, tag=null, root-is-layout-requested=false, has-input-connection=true, editor-info=[inputType=0x31 imeOptions=0x8000006 privateImeOptions=null actionLabel=null actionId=0 initialSelStart=0 initialSelEnd=0 initialCapsMode=0x0 hintText=New List Name label=null packageName=null fieldId=0 fieldName=null extras=null hintLocales=null contentMimeTypes=null ], x=0.0, y=0.0, text=, hint=New List Name, input-type=49, ime-target=true, has-links=false}
|
+-------&gt;Button{id=2130903042, res-name=AddListButton, desc=Add, visibility=VISIBLE, width=231, height=126, has-focus=false, has-focusable=true, has-window-focus=true, is-clickable=true, is-enabled=true, is-focused=false, is-focusable=true, is-layout-requested=false, is-selected=false, layout-params=android.widget.LinearLayout$LayoutParams&#64;437bbc1, tag=null, root-is-layout-requested=false, has-input-connection=false, x=849.0, y=0.0, text=Add, input-type=0, ime-target=false, has-links=false}
|
+------&gt;ListView{id=2130903050, res-name=ListsListView, visibility=VISIBLE, width=1080, height=130, has-focus=false, has-focusable=true, has-window-focus=true, is-clickable=true, is-enabled=true, is-focused=false, is-focusable=true, is-layout-requested=false, is-selected=false, layout-params=android.widget.LinearLayout$LayoutParams&#64;f35ef66, tag=null, root-is-layout-requested=false, has-input-connection=false, x=0.0, y=126.0, child-count=1}
|
+-------&gt;LinearLayout{id=-1, visibility=VISIBLE, width=1080, height=130, has-focus=false, has-focusable=false, has-window-focus=true, is-clickable=false, is-enabled=true, is-focused=false, is-focusable=false, is-layout-requested=false, is-selected=false, layout-params=android.widget.AbsListView$LayoutParams&#64;7cc32a7, tag=null, root-is-layout-requested=false, has-input-connection=false, x=0.0, y=0.0, child-count=2} ****MATCHES****
|
+--------&gt;TextView{id=2130903060, res-name=text1, desc=Name, visibility=VISIBLE, width=945, height=78, has-focus=false, has-focusable=false, has-window-focus=true, is-clickable=false, is-enabled=true, is-focused=false, is-focusable=false, is-layout-requested=false, is-selected=false, layout-params=android.widget.LinearLayout$LayoutParams&#64;d8aa354, tag=null, root-is-layout-requested=false, has-input-connection=false, x=26.0, y=26.0, text=one, input-type=0, ime-target=false, has-links=false}
|
+--------&gt;TextView{id=2130903061, res-name=text2, desc=text2, visibility=VISIBLE, width=109, height=64, has-focus=false, has-focusable=false, has-window-focus=true, is-clickable=false, is-enabled=true, is-focused=false, is-focusable=false, is-layout-requested=false, is-selected=false, layout-params=android.widget.LinearLayout$LayoutParams&#64;8c352fd, tag=null, root-is-layout-requested=false, has-input-connection=false, x=971.0, y=35.0, text=(0/0), input-type=0, ime-target=false, has-links=false}
|
+-----&gt;LinearLayout{id=2130903057, res-name=itemsView, visibility=GONE, width=0, height=0, has-focus=false, has-focusable=false, has-window-focus=true, is-clickable=false, is-enabled=true, is-focused=false, is-focusable=false, is-layout-requested=true, is-selected=false, layout-params=android.widget.FrameLayout$LayoutParams&#64;f98a0c0, tag=null, root-is-layout-requested=false, has-input-connection=false, x=0.0, y=0.0, child-count=2}
|
+------&gt;LinearLayout{id=2130903048, res-name=LinearLayout01, visibility=VISIBLE, width=0, height=0, has-focus=false, has-focusable=true, has-window-focus=true, is-clickable=false, is-enabled=true, is-focused=false, is-focusable=false, is-layout-requested=true, is-selected=false, layout-params=android.widget.LinearLayout$LayoutParams&#64;1bacf9f, tag=null, root-is-layout-requested=false, has-input-connection=false, x=0.0, y=0.0, child-count=2}
|
+-------&gt;EditText{id=2130903041, res-name=AddItemEditText, desc=addItemEditText, visibility=VISIBLE, width=0, height=0, has-focus=false, has-focusable=true, has-window-focus=true, is-clickable=true, is-enabled=true, is-focused=false, is-focusable=true, is-layout-requested=true, is-selected=false, layout-params=android.widget.LinearLayout$LayoutParams&#64;bc708ec, tag=null, root-is-layout-requested=false, has-input-connection=true, editor-info=[inputType=0x31 imeOptions=0x8000006 privateImeOptions=null actionLabel=null actionId=0 initialSelStart=0 initialSelEnd=0 initialCapsMode=0x0 hintText=New Item Name label=null packageName=null fieldId=0 fieldName=null extras=null hintLocales=null contentMimeTypes=null ], x=0.0, y=0.0, text=, hint=New Item Name, input-type=49, ime-target=false, has-links=false}
|
+-------&gt;Button{id=2130903040, res-name=AddItemButton, desc=Add, visibility=VISIBLE, width=0, height=0, has-focus=false, has-focusable=true, has-window-focus=true, is-clickable=true, is-enabled=true, is-focused=false, is-focusable=true, is-layout-requested=true, is-selected=false, layout-params=android.widget.LinearLayout$LayoutParams&#64;afee4b5, tag=null, root-is-layout-requested=false, has-input-connection=false, x=0.0, y=0.0, text=Add, input-type=0, ime-target=false, has-links=false}
|
+------&gt;ListView{id=2130903047, res-name=ItemsListView, visibility=VISIBLE, width=0, height=0, has-focus=false, has-focusable=false, has-window-focus=true, is-clickable=true, is-enabled=true, is-focused=false, is-focusable=false, is-layout-requested=true, is-selected=false, layout-params=android.widget.LinearLayout$LayoutParams&#64;134b74a, tag=null, root-is-layout-requested=false, has-input-connection=false, x=0.0, y=0.0, child-count=0}
|
+--&gt;ActionBarContainer{id=16908669, res-name=action_bar_container, visibility=VISIBLE, width=1080, height=147, has-focus=false, has-focusable=false, has-window-focus=true, is-clickable=false, is-enabled=true, is-focused=false, is-focusable=false, is-layout-requested=false, is-selected=false, layout-params=com.android.internal.widget.ActionBarOverlayLayout$LayoutParams&#64;7061731, tag=null, root-is-layout-requested=false, has-input-connection=false, x=0.0, y=63.0, child-count=2}
|
+---&gt;Toolbar{id=16908668, res-name=action_bar, visibility=VISIBLE, width=1080, height=147, has-focus=false, has-focusable=false, has-window-focus=true, is-clickable=false, is-enabled=true, is-focused=false, is-focusable=false, is-layout-requested=false, is-selected=false, layout-params=android.widget.FrameLayout$LayoutParams&#64;98efe16, tag=null, root-is-layout-requested=false, has-input-connection=false, x=0.0, y=0.0, child-count=2}
|
+----&gt;TextView{id=-1, visibility=VISIBLE, width=240, height=71, has-focus=false, has-focusable=false, has-window-focus=true, is-clickable=false, is-enabled=true, is-focused=false, is-focusable=false, is-layout-requested=false, is-selected=false, layout-params=android.widget.Toolbar$LayoutParams&#64;e511397, tag=null, root-is-layout-requested=false, has-input-connection=false, x=42.0, y=38.0, text=Simply Do, input-type=0, ime-target=false, has-links=false}
|
+----&gt;ActionMenuView{id=-1, visibility=VISIBLE, width=105, height=147, has-focus=false, has-focusable=false, has-window-focus=true, is-clickable=false, is-enabled=true, is-focused=false, is-focusable=false, is-layout-requested=false, is-selected=false, layout-params=android.widget.Toolbar$LayoutParams&#64;c73f56d, tag=null, root-is-layout-requested=false, has-input-connection=false, x=975.0, y=0.0, child-count=1}
|
+-----&gt;OverflowMenuButton{id=-1, desc=More options, visibility=VISIBLE, width=105, height=126, has-focus=false, has-focusable=false, has-window-focus=true, is-clickable=true, is-enabled=true, is-focused=false, is-focusable=true, is-layout-requested=false, is-selected=false, layout-params=android.widget.ActionMenuView$LayoutParams&#64;174e5a2, tag=null, root-is-layout-requested=false, has-input-connection=false, x=0.0, y=10.0}
|
+---&gt;ActionBarContextView{id=16908673, res-name=action_context_bar, visibility=GONE, width=0, height=0, has-focus=false, has-focusable=false, has-window-focus=true, is-clickable=false, is-enabled=true, is-focused=false, is-focusable=false, is-layout-requested=true, is-selected=false, layout-params=android.widget.FrameLayout$LayoutParams&#64;a095233, tag=null, root-is-layout-requested=false, has-input-connection=false, x=0.0, y=0.0, child-count=0}
|
+-&gt;View{id=16908336, res-name=navigationBarBackground, visibility=VISIBLE, width=1080, height=126, has-focus=false, has-focusable=false, has-window-focus=true, is-clickable=false, is-enabled=true, is-focused=false, is-focusable=false, is-layout-requested=false, is-selected=false, layout-params=android.widget.FrameLayout$LayoutParams&#64;375b9f0, tag=null, root-is-layout-requested=false, has-input-connection=false, x=0.0, y=1794.0}
|
+-&gt;View{id=16908335, res-name=statusBarBackground, visibility=VISIBLE, width=1080, height=63, has-focus=false, has-focusable=false, has-window-focus=true, is-clickable=false, is-enabled=true, is-focused=false, is-focusable=false, is-layout-requested=false, is-selected=false, layout-params=android.widget.FrameLayout$LayoutParams&#64;7677b69, tag=null, root-is-layout-requested=false, has-input-connection=false, x=0.0, y=0.0}
|
at dalvik.system.VMStack.getThreadStackTrace(Native Method)
at java.lang.Thread.getStackTrace(Thread.java:1536)
at android.support.test.espresso.base.DefaultFailureHandler.getUserFriendlyError(DefaultFailureHandler.java:88)
at android.support.test.espresso.base.DefaultFailureHandler.handle(DefaultFailureHandler.java:51)
at android.support.test.espresso.ViewInteraction.waitForAndHandleInteractionResults(ViewInteraction.java:312)
at android.support.test.espresso.ViewInteraction.desugaredPerform(ViewInteraction.java:173)
at android.support.test.espresso.ViewInteraction.perform(ViewInteraction.java:114)
at kdk.android.simplydo.C6.ItemAssertC6.itemAssertC6(ItemAssertC6.java:49)
at java.lang.reflect.Method.invoke(Native Method)
at org.junit.runners.model.FrameworkMethod$1.runReflectiveCall(FrameworkMethod.java:50)
at org.junit.internal.runners.model.ReflectiveCallable.run(ReflectiveCallable.java:12)
at org.junit.runners.model.FrameworkMethod.invokeExplosively(FrameworkMethod.java:47)
at org.junit.internal.runners.statements.InvokeMethod.evaluate(InvokeMethod.java:17)
at android.support.test.rule.ActivityTestRule$ActivityStatement.evaluate(ActivityTestRule.java:527)
at org.junit.rules.RunRules.evaluate(RunRules.java:20)
at org.junit.runners.ParentRunner.runLeaf(ParentRunner.java:325)
at org.junit.runners.BlockJUnit4ClassRunner.runChild(BlockJUnit4ClassRunner.java:78)
at org.junit.runners.BlockJUnit4ClassRunner.runChild(BlockJUnit4ClassRunner.java:57)
at org.junit.runners.ParentRunner$3.run(ParentRunner.java:290)
at org.junit.runners.ParentRunner$1.schedule(ParentRunner.java:71)
at org.junit.runners.ParentRunner.runChildren(ParentRunner.java:288)
at org.junit.runners.ParentRunner.access$000(ParentRunner.java:58)
at org.junit.runners.ParentRunner$2.evaluate(ParentRunner.java:268)
at org.junit.runners.ParentRunner.run(ParentRunner.java:363)
at android.support.test.runner.AndroidJUnit4.run(AndroidJUnit4.java:101)
at org.junit.runners.Suite.runChild(Suite.java:128)
at org.junit.runners.Suite.runChild(Suite.java:27)
at org.junit.runners.ParentRunner$3.run(ParentRunner.java:290)
at org.junit.runners.ParentRunner$1.schedule(ParentRunner.java:71)
at org.junit.runners.ParentRunner.runChildren(ParentRunner.java:288)
at org.junit.runners.ParentRunner.access$000(ParentRunner.java:58)
at org.junit.runners.ParentRunner$2.evaluate(ParentRunner.java:268)
at org.junit.runners.ParentRunner.run(ParentRunner.java:363)
at org.junit.runner.JUnitCore.run(JUnitCore.java:137)
at org.junit.runner.JUnitCore.run(JUnitCore.java:115)
at android.support.test.internal.runner.TestExecutor.execute(TestExecutor.java:56)
at android.support.test.runner.AndroidJUnitRunner.onStart(AndroidJUnitRunner.java:384)
at android.app.Instrumentation$InstrumentationThread.run(Instrumentation.java:2074)
</failure>
  </testcase>
  <testcase name="multipleListC6" classname="kdk.android.simplydo.C6.MultipleListC6" time="1.237">
    <failure>android.support.test.espresso.AmbiguousViewMatcherException: '(with class name: is "android.widget.LinearLayout" and is displayed on the screen to the user)' matches multiple views in the hierarchy.
Problem views are marked with '****MATCHES****' below.

View Hierarchy:
+&gt;DecorView{id=-1, visibility=VISIBLE, width=1080, height=1920, has-focus=true, has-focusable=true, has-window-focus=true, is-clickable=false, is-enabled=true, is-focused=false, is-focusable=false, is-layout-requested=false, is-selected=false, layout-params=WM.LayoutParams{(0,0)(fillxfill) sim=#3 ty=1 fl=#81810100 pfl=0x20000 wanim=0x10302f6 needsMenuKey=2 colorMode=0}, tag=null, root-is-layout-requested=false, has-input-connection=false, x=0.0, y=0.0, child-count=3}
|
+-&gt;ActionBarOverlayLayout{id=16908822, res-name=decor_content_parent, visibility=VISIBLE, width=1080, height=1794, has-focus=true, has-focusable=true, has-window-focus=true, is-clickable=false, is-enabled=true, is-focused=false, is-focusable=false, is-layout-requested=false, is-selected=false, layout-params=android.widget.FrameLayout$LayoutParams&#64;c73f56d, tag=null, root-is-layout-requested=false, has-input-connection=false, x=0.0, y=0.0, child-count=2}
|
+--&gt;FrameLayout{id=16908290, res-name=content, visibility=VISIBLE, width=1080, height=1584, has-focus=true, has-focusable=true, has-window-focus=true, is-clickable=false, is-enabled=true, is-focused=false, is-focusable=false, is-layout-requested=false, is-selected=false, layout-params=com.android.internal.widget.ActionBarOverlayLayout$LayoutParams&#64;174e5a2, tag=null, root-is-layout-requested=false, has-input-connection=false, x=0.0, y=210.0, child-count=1}
|
+---&gt;LinearLayout{id=-1, visibility=VISIBLE, width=1080, height=1584, has-focus=true, has-focusable=true, has-window-focus=true, is-clickable=false, is-enabled=true, is-focused=false, is-focusable=false, is-layout-requested=false, is-selected=false, layout-params=android.widget.FrameLayout$LayoutParams&#64;375b9f0, tag=null, root-is-layout-requested=false, has-input-connection=false, x=0.0, y=0.0, child-count=1} ****MATCHES****
|
+----&gt;ViewSwitcher{id=2130903049, res-name=ListsItemsSwitcher, visibility=VISIBLE, width=1080, height=389, has-focus=true, has-focusable=true, has-window-focus=true, is-clickable=false, is-enabled=true, is-focused=false, is-focusable=false, is-layout-requested=false, is-selected=false, layout-params=android.widget.LinearLayout$LayoutParams&#64;adfb9ee, tag=null, root-is-layout-requested=false, has-input-connection=false, x=0.0, y=0.0, child-count=2}
|
+-----&gt;LinearLayout{id=2130903059, res-name=listsView, visibility=VISIBLE, width=1080, height=389, has-focus=true, has-focusable=true, has-window-focus=true, is-clickable=false, is-enabled=true, is-focused=false, is-focusable=false, is-layout-requested=false, is-selected=false, layout-params=android.widget.FrameLayout$LayoutParams&#64;7fcde8f, tag=null, root-is-layout-requested=false, has-input-connection=false, x=0.0, y=0.0, child-count=2} ****MATCHES****
|
+------&gt;LinearLayout{id=2130903048, res-name=LinearLayout01, visibility=VISIBLE, width=1080, height=126, has-focus=true, has-focusable=true, has-window-focus=true, is-clickable=false, is-enabled=true, is-focused=false, is-focusable=false, is-layout-requested=false, is-selected=false, layout-params=android.widget.LinearLayout$LayoutParams&#64;414851c, tag=null, root-is-layout-requested=false, has-input-connection=false, x=0.0, y=0.0, child-count=2} ****MATCHES****
|
+-------&gt;EditText{id=2130903043, res-name=AddListEditText, desc=addlistedittext, visibility=VISIBLE, width=849, height=126, has-focus=true, has-focusable=true, has-window-focus=true, is-clickable=true, is-enabled=true, is-focused=true, is-focusable=true, is-layout-requested=false, is-selected=false, layout-params=android.widget.LinearLayout$LayoutParams&#64;72d708, tag=null, root-is-layout-requested=false, has-input-connection=true, editor-info=[inputType=0x31 imeOptions=0x8000006 privateImeOptions=null actionLabel=null actionId=0 initialSelStart=0 initialSelEnd=0 initialCapsMode=0x0 hintText=New List Name label=null packageName=null fieldId=0 fieldName=null extras=null hintLocales=null contentMimeTypes=null ], x=0.0, y=0.0, text=, hint=New List Name, input-type=49, ime-target=true, has-links=false}
|
+-------&gt;Button{id=2130903042, res-name=AddListButton, desc=Add, visibility=VISIBLE, width=231, height=126, has-focus=false, has-focusable=true, has-window-focus=true, is-clickable=true, is-enabled=true, is-focused=false, is-focusable=true, is-layout-requested=false, is-selected=false, layout-params=android.widget.LinearLayout$LayoutParams&#64;69a2ea1, tag=null, root-is-layout-requested=false, has-input-connection=false, x=849.0, y=0.0, text=Add, input-type=0, ime-target=false, has-links=false}
|
+------&gt;ListView{id=2130903050, res-name=ListsListView, visibility=VISIBLE, width=1080, height=263, has-focus=false, has-focusable=true, has-window-focus=true, is-clickable=true, is-enabled=true, is-focused=false, is-focusable=true, is-layout-requested=false, is-selected=false, layout-params=android.widget.LinearLayout$LayoutParams&#64;b6118c6, tag=null, root-is-layout-requested=false, has-input-connection=false, x=0.0, y=126.0, child-count=2}
|
+-------&gt;LinearLayout{id=-1, visibility=VISIBLE, width=1080, height=130, has-focus=false, has-focusable=false, has-window-focus=true, is-clickable=false, is-enabled=true, is-focused=false, is-focusable=false, is-layout-requested=false, is-selected=false, layout-params=android.widget.AbsListView$LayoutParams&#64;d081087, tag=null, root-is-layout-requested=false, has-input-connection=false, x=0.0, y=0.0, child-count=2} ****MATCHES****
|
+--------&gt;TextView{id=2130903060, res-name=text1, desc=Name, visibility=VISIBLE, width=945, height=78, has-focus=false, has-focusable=false, has-window-focus=true, is-clickable=false, is-enabled=true, is-focused=false, is-focusable=false, is-layout-requested=false, is-selected=false, layout-params=android.widget.LinearLayout$LayoutParams&#64;e25bb4, tag=null, root-is-layout-requested=false, has-input-connection=false, x=26.0, y=26.0, text=one, input-type=0, ime-target=false, has-links=false}
|
+--------&gt;TextView{id=2130903061, res-name=text2, desc=text2, visibility=VISIBLE, width=109, height=64, has-focus=false, has-focusable=false, has-window-focus=true, is-clickable=false, is-enabled=true, is-focused=false, is-focusable=false, is-layout-requested=false, is-selected=false, layout-params=android.widget.LinearLayout$LayoutParams&#64;98a13dd, tag=null, root-is-layout-requested=false, has-input-connection=false, x=971.0, y=35.0, text=(0/0), input-type=0, ime-target=false, has-links=false}
|
+-------&gt;LinearLayout{id=-1, visibility=VISIBLE, width=1080, height=130, has-focus=false, has-focusable=false, has-window-focus=true, is-clickable=false, is-enabled=true, is-focused=false, is-focusable=false, is-layout-requested=false, is-selected=false, layout-params=android.widget.AbsListView$LayoutParams&#64;bc5fb52, tag=null, root-is-layout-requested=false, has-input-connection=false, x=0.0, y=133.0, child-count=2} ****MATCHES****
|
+--------&gt;TextView{id=2130903060, res-name=text1, desc=Name, visibility=VISIBLE, width=945, height=78, has-focus=false, has-focusable=false, has-window-focus=true, is-clickable=false, is-enabled=true, is-focused=false, is-focusable=false, is-layout-requested=false, is-selected=false, layout-params=android.widget.LinearLayout$LayoutParams&#64;94b2e23, tag=null, root-is-layout-requested=false, has-input-connection=false, x=26.0, y=26.0, text=two, input-type=0, ime-target=false, has-links=false}
|
+--------&gt;TextView{id=2130903061, res-name=text2, desc=text2, visibility=VISIBLE, width=109, height=64, has-focus=false, has-focusable=false, has-window-focus=true, is-clickable=false, is-enabled=true, is-focused=false, is-focusable=false, is-layout-requested=false, is-selected=false, layout-params=android.widget.LinearLayout$LayoutParams&#64;f237f20, tag=null, root-is-layout-requested=false, has-input-connection=false, x=971.0, y=35.0, text=(0/0), input-type=0, ime-target=false, has-links=false}
|
+-----&gt;LinearLayout{id=2130903057, res-name=itemsView, visibility=GONE, width=0, height=0, has-focus=false, has-focusable=false, has-window-focus=true, is-clickable=false, is-enabled=true, is-focused=false, is-focusable=false, is-layout-requested=true, is-selected=false, layout-params=android.widget.FrameLayout$LayoutParams&#64;f18897f, tag=null, root-is-layout-requested=false, has-input-connection=false, x=0.0, y=0.0, child-count=2}
|
+------&gt;LinearLayout{id=2130903048, res-name=LinearLayout01, visibility=VISIBLE, width=0, height=0, has-focus=false, has-focusable=true, has-window-focus=true, is-clickable=false, is-enabled=true, is-focused=false, is-focusable=false, is-layout-requested=true, is-selected=false, layout-params=android.widget.LinearLayout$LayoutParams&#64;b59a2aa, tag=null, root-is-layout-requested=false, has-input-connection=false, x=0.0, y=0.0, child-count=2}
|
+-------&gt;EditText{id=2130903041, res-name=AddItemEditText, desc=addItemEditText, visibility=VISIBLE, width=0, height=0, has-focus=false, has-focusable=true, has-window-focus=true, is-clickable=true, is-enabled=true, is-focused=false, is-focusable=true, is-layout-requested=true, is-selected=false, layout-params=android.widget.LinearLayout$LayoutParams&#64;e363e9b, tag=null, root-is-layout-requested=false, has-input-connection=true, editor-info=[inputType=0x31 imeOptions=0x8000006 privateImeOptions=null actionLabel=null actionId=0 initialSelStart=0 initialSelEnd=0 initialCapsMode=0x0 hintText=New Item Name label=null packageName=null fieldId=0 fieldName=null extras=null hintLocales=null contentMimeTypes=null ], x=0.0, y=0.0, text=, hint=New Item Name, input-type=49, ime-target=false, has-links=false}
|
+-------&gt;Button{id=2130903040, res-name=AddItemButton, desc=Add, visibility=VISIBLE, width=0, height=0, has-focus=false, has-focusable=true, has-window-focus=true, is-clickable=true, is-enabled=true, is-focused=false, is-focusable=true, is-layout-requested=true, is-selected=false, layout-params=android.widget.LinearLayout$LayoutParams&#64;b0e1238, tag=null, root-is-layout-requested=false, has-input-connection=false, x=0.0, y=0.0, text=Add, input-type=0, ime-target=false, has-links=false}
|
+------&gt;ListView{id=2130903047, res-name=ItemsListView, visibility=VISIBLE, width=0, height=0, has-focus=false, has-focusable=false, has-window-focus=true, is-clickable=true, is-enabled=true, is-focused=false, is-focusable=false, is-layout-requested=true, is-selected=false, layout-params=android.widget.LinearLayout$LayoutParams&#64;ddb0211, tag=null, root-is-layout-requested=false, has-input-connection=false, x=0.0, y=0.0, child-count=0}
|
+--&gt;ActionBarContainer{id=16908669, res-name=action_bar_container, visibility=VISIBLE, width=1080, height=147, has-focus=false, has-focusable=false, has-window-focus=true, is-clickable=false, is-enabled=true, is-focused=false, is-focusable=false, is-layout-requested=false, is-selected=false, layout-params=com.android.internal.widget.ActionBarOverlayLayout$LayoutParams&#64;aae19e4, tag=null, root-is-layout-requested=false, has-input-connection=false, x=0.0, y=63.0, child-count=2}
|
+---&gt;Toolbar{id=16908668, res-name=action_bar, visibility=VISIBLE, width=1080, height=147, has-focus=false, has-focusable=false, has-window-focus=true, is-clickable=false, is-enabled=true, is-focused=false, is-focusable=false, is-layout-requested=false, is-selected=false, layout-params=android.widget.FrameLayout$LayoutParams&#64;25cae4d, tag=null, root-is-layout-requested=false, has-input-connection=false, x=0.0, y=0.0, child-count=2}
|
+----&gt;TextView{id=-1, visibility=VISIBLE, width=240, height=71, has-focus=false, has-focusable=false, has-window-focus=true, is-clickable=false, is-enabled=true, is-focused=false, is-focusable=false, is-layout-requested=false, is-selected=false, layout-params=android.widget.Toolbar$LayoutParams&#64;b1fdd02, tag=null, root-is-layout-requested=false, has-input-connection=false, x=42.0, y=38.0, text=Simply Do, input-type=0, ime-target=false, has-links=false}
|
+----&gt;ActionMenuView{id=-1, visibility=VISIBLE, width=105, height=147, has-focus=false, has-focusable=false, has-window-focus=true, is-clickable=false, is-enabled=true, is-focused=false, is-focusable=false, is-layout-requested=false, is-selected=false, layout-params=android.widget.Toolbar$LayoutParams&#64;e24f050, tag=null, root-is-layout-requested=false, has-input-connection=false, x=975.0, y=0.0, child-count=1}
|
+-----&gt;OverflowMenuButton{id=-1, desc=More options, visibility=VISIBLE, width=105, height=126, has-focus=false, has-focusable=false, has-window-focus=true, is-clickable=true, is-enabled=true, is-focused=false, is-focusable=true, is-layout-requested=false, is-selected=false, layout-params=android.widget.ActionMenuView$LayoutParams&#64;4d2e249, tag=null, root-is-layout-requested=false, has-input-connection=false, x=0.0, y=10.0}
|
+---&gt;ActionBarContextView{id=16908673, res-name=action_context_bar, visibility=GONE, width=0, height=0, has-focus=false, has-focusable=false, has-window-focus=true, is-clickable=false, is-enabled=true, is-focused=false, is-focusable=false, is-layout-requested=true, is-selected=false, layout-params=android.widget.FrameLayout$LayoutParams&#64;c32c74e, tag=null, root-is-layout-requested=false, has-input-connection=false, x=0.0, y=0.0, child-count=0}
|
+-&gt;View{id=16908336, res-name=navigationBarBackground, visibility=VISIBLE, width=1080, height=126, has-focus=false, has-focusable=false, has-window-focus=true, is-clickable=false, is-enabled=true, is-focused=false, is-focusable=false, is-layout-requested=false, is-selected=false, layout-params=android.widget.FrameLayout$LayoutParams&#64;eacd06f, tag=null, root-is-layout-requested=false, has-input-connection=false, x=0.0, y=1794.0}
|
+-&gt;View{id=16908335, res-name=statusBarBackground, visibility=VISIBLE, width=1080, height=63, has-focus=false, has-focusable=false, has-window-focus=true, is-clickable=false, is-enabled=true, is-focused=false, is-focusable=false, is-layout-requested=false, is-selected=false, layout-params=android.widget.FrameLayout$LayoutParams&#64;bf0c17c, tag=null, root-is-layout-requested=false, has-input-connection=false, x=0.0, y=0.0}
|
at dalvik.system.VMStack.getThreadStackTrace(Native Method)
at java.lang.Thread.getStackTrace(Thread.java:1536)
at android.support.test.espresso.base.DefaultFailureHandler.getUserFriendlyError(DefaultFailureHandler.java:88)
at android.support.test.espresso.base.DefaultFailureHandler.handle(DefaultFailureHandler.java:51)
at android.support.test.espresso.ViewInteraction.waitForAndHandleInteractionResults(ViewInteraction.java:312)
at android.support.test.espresso.ViewInteraction.desugaredPerform(ViewInteraction.java:173)
at android.support.test.espresso.ViewInteraction.perform(ViewInteraction.java:114)
at kdk.android.simplydo.C6.MultipleListC6.multipleListC6(MultipleListC6.java:60)
at java.lang.reflect.Method.invoke(Native Method)
at org.junit.runners.model.FrameworkMethod$1.runReflectiveCall(FrameworkMethod.java:50)
at org.junit.internal.runners.model.ReflectiveCallable.run(ReflectiveCallable.java:12)
at org.junit.runners.model.FrameworkMethod.invokeExplosively(FrameworkMethod.java:47)
at org.junit.internal.runners.statements.InvokeMethod.evaluate(InvokeMethod.java:17)
at android.support.test.rule.ActivityTestRule$ActivityStatement.evaluate(ActivityTestRule.java:527)
at org.junit.rules.RunRules.evaluate(RunRules.java:20)
at org.junit.runners.ParentRunner.runLeaf(ParentRunner.java:325)
at org.junit.runners.BlockJUnit4ClassRunner.runChild(BlockJUnit4ClassRunner.java:78)
at org.junit.runners.BlockJUnit4ClassRunner.runChild(BlockJUnit4ClassRunner.java:57)
at org.junit.runners.ParentRunner$3.run(ParentRunner.java:290)
at org.junit.runners.ParentRunner$1.schedule(ParentRunner.java:71)
at org.junit.runners.ParentRunner.runChildren(ParentRunner.java:288)
at org.junit.runners.ParentRunner.access$000(ParentRunner.java:58)
at org.junit.runners.ParentRunner$2.evaluate(ParentRunner.java:268)
at org.junit.runners.ParentRunner.run(ParentRunner.java:363)
at android.support.test.runner.AndroidJUnit4.run(AndroidJUnit4.java:101)
at org.junit.runners.Suite.runChild(Suite.java:128)
at org.junit.runners.Suite.runChild(Suite.java:27)
at org.junit.runners.ParentRunner$3.run(ParentRunner.java:290)
at org.junit.runners.ParentRunner$1.schedule(ParentRunner.java:71)
at org.junit.runners.ParentRunner.runChildren(ParentRunner.java:288)
at org.junit.runners.ParentRunner.access$000(ParentRunner.java:58)
at org.junit.runners.ParentRunner$2.evaluate(ParentRunner.java:268)
at org.junit.runners.ParentRunner.run(ParentRunner.java:363)
at org.junit.runner.JUnitCore.run(JUnitCore.java:137)
at org.junit.runner.JUnitCore.run(JUnitCore.java:115)
at android.support.test.internal.runner.TestExecutor.execute(TestExecutor.java:56)
at android.support.test.runner.AndroidJUnitRunner.onStart(AndroidJUnitRunner.java:384)
at android.app.Instrumentation$InstrumentationThread.run(Instrumentation.java:2074)
</failure>
  </testcase>
  <testcase name="sortItemsC6" classname="kdk.android.simplydo.C6.SortItemsC6" time="0.863">
    <failure>android.support.test.espresso.AmbiguousViewMatcherException: '(with class name: is "android.widget.LinearLayout" and is displayed on the screen to the user)' matches multiple views in the hierarchy.
Problem views are marked with '****MATCHES****' below.

View Hierarchy:
+&gt;DecorView{id=-1, visibility=VISIBLE, width=1080, height=1920, has-focus=true, has-focusable=true, has-window-focus=true, is-clickable=false, is-enabled=true, is-focused=false, is-focusable=false, is-layout-requested=false, is-selected=false, layout-params=WM.LayoutParams{(0,0)(fillxfill) sim=#3 ty=1 fl=#81810100 pfl=0x20000 wanim=0x10302f6 needsMenuKey=2 colorMode=0}, tag=null, root-is-layout-requested=false, has-input-connection=false, x=0.0, y=0.0, child-count=3}
|
+-&gt;ActionBarOverlayLayout{id=16908822, res-name=decor_content_parent, visibility=VISIBLE, width=1080, height=1794, has-focus=true, has-focusable=true, has-window-focus=true, is-clickable=false, is-enabled=true, is-focused=false, is-focusable=false, is-layout-requested=false, is-selected=false, layout-params=android.widget.FrameLayout$LayoutParams&#64;fe12c8d, tag=null, root-is-layout-requested=false, has-input-connection=false, x=0.0, y=0.0, child-count=2}
|
+--&gt;FrameLayout{id=16908290, res-name=content, visibility=VISIBLE, width=1080, height=1584, has-focus=true, has-focusable=true, has-window-focus=true, is-clickable=false, is-enabled=true, is-focused=false, is-focusable=false, is-layout-requested=false, is-selected=false, layout-params=com.android.internal.widget.ActionBarOverlayLayout$LayoutParams&#64;811e42, tag=null, root-is-layout-requested=false, has-input-connection=false, x=0.0, y=210.0, child-count=1}
|
+---&gt;LinearLayout{id=-1, visibility=VISIBLE, width=1080, height=1584, has-focus=true, has-focusable=true, has-window-focus=true, is-clickable=false, is-enabled=true, is-focused=false, is-focusable=false, is-layout-requested=false, is-selected=false, layout-params=android.widget.FrameLayout$LayoutParams&#64;ec93390, tag=null, root-is-layout-requested=false, has-input-connection=false, x=0.0, y=0.0, child-count=1} ****MATCHES****
|
+----&gt;ViewSwitcher{id=2130903049, res-name=ListsItemsSwitcher, visibility=VISIBLE, width=1080, height=256, has-focus=true, has-focusable=true, has-window-focus=true, is-clickable=false, is-enabled=true, is-focused=false, is-focusable=false, is-layout-requested=false, is-selected=false, layout-params=android.widget.LinearLayout$LayoutParams&#64;e86dc8e, tag=null, root-is-layout-requested=false, has-input-connection=false, x=0.0, y=0.0, child-count=2}
|
+-----&gt;LinearLayout{id=2130903059, res-name=listsView, visibility=VISIBLE, width=1080, height=256, has-focus=true, has-focusable=true, has-window-focus=true, is-clickable=false, is-enabled=true, is-focused=false, is-focusable=false, is-layout-requested=false, is-selected=false, layout-params=android.widget.FrameLayout$LayoutParams&#64;a735caf, tag=null, root-is-layout-requested=false, has-input-connection=false, x=0.0, y=0.0, child-count=2} ****MATCHES****
|
+------&gt;LinearLayout{id=2130903048, res-name=LinearLayout01, visibility=VISIBLE, width=1080, height=126, has-focus=true, has-focusable=true, has-window-focus=true, is-clickable=false, is-enabled=true, is-focused=false, is-focusable=false, is-layout-requested=false, is-selected=false, layout-params=android.widget.LinearLayout$LayoutParams&#64;7b5f8bc, tag=null, root-is-layout-requested=false, has-input-connection=false, x=0.0, y=0.0, child-count=2} ****MATCHES****
|
+-------&gt;EditText{id=2130903043, res-name=AddListEditText, desc=addlistedittext, visibility=VISIBLE, width=849, height=126, has-focus=true, has-focusable=true, has-window-focus=true, is-clickable=true, is-enabled=true, is-focused=true, is-focusable=true, is-layout-requested=false, is-selected=false, layout-params=android.widget.LinearLayout$LayoutParams&#64;c47e4a8, tag=null, root-is-layout-requested=false, has-input-connection=true, editor-info=[inputType=0x31 imeOptions=0x8000006 privateImeOptions=null actionLabel=null actionId=0 initialSelStart=0 initialSelEnd=0 initialCapsMode=0x0 hintText=New List Name label=null packageName=null fieldId=0 fieldName=null extras=null hintLocales=null contentMimeTypes=null ], x=0.0, y=0.0, text=, hint=New List Name, input-type=49, ime-target=true, has-links=false}
|
+-------&gt;Button{id=2130903042, res-name=AddListButton, desc=Add, visibility=VISIBLE, width=231, height=126, has-focus=false, has-focusable=true, has-window-focus=true, is-clickable=true, is-enabled=true, is-focused=false, is-focusable=true, is-layout-requested=false, is-selected=false, layout-params=android.widget.LinearLayout$LayoutParams&#64;437bbc1, tag=null, root-is-layout-requested=false, has-input-connection=false, x=849.0, y=0.0, text=Add, input-type=0, ime-target=false, has-links=false}
|
+------&gt;ListView{id=2130903050, res-name=ListsListView, visibility=VISIBLE, width=1080, height=130, has-focus=false, has-focusable=true, has-window-focus=true, is-clickable=true, is-enabled=true, is-focused=false, is-focusable=true, is-layout-requested=false, is-selected=false, layout-params=android.widget.LinearLayout$LayoutParams&#64;f35ef66, tag=null, root-is-layout-requested=false, has-input-connection=false, x=0.0, y=126.0, child-count=1}
|
+-------&gt;LinearLayout{id=-1, visibility=VISIBLE, width=1080, height=130, has-focus=false, has-focusable=false, has-window-focus=true, is-clickable=false, is-enabled=true, is-focused=false, is-focusable=false, is-layout-requested=false, is-selected=false, layout-params=android.widget.AbsListView$LayoutParams&#64;7cc32a7, tag=null, root-is-layout-requested=false, has-input-connection=false, x=0.0, y=0.0, child-count=2} ****MATCHES****
|
+--------&gt;TextView{id=2130903060, res-name=text1, desc=Name, visibility=VISIBLE, width=945, height=78, has-focus=false, has-focusable=false, has-window-focus=true, is-clickable=false, is-enabled=true, is-focused=false, is-focusable=false, is-layout-requested=false, is-selected=false, layout-params=android.widget.LinearLayout$LayoutParams&#64;d8aa354, tag=null, root-is-layout-requested=false, has-input-connection=false, x=26.0, y=26.0, text=List, input-type=0, ime-target=false, has-links=false}
|
+--------&gt;TextView{id=2130903061, res-name=text2, desc=text2, visibility=VISIBLE, width=109, height=64, has-focus=false, has-focusable=false, has-window-focus=true, is-clickable=false, is-enabled=true, is-focused=false, is-focusable=false, is-layout-requested=false, is-selected=false, layout-params=android.widget.LinearLayout$LayoutParams&#64;8c352fd, tag=null, root-is-layout-requested=false, has-input-connection=false, x=971.0, y=35.0, text=(0/0), input-type=0, ime-target=false, has-links=false}
|
+-----&gt;LinearLayout{id=2130903057, res-name=itemsView, visibility=GONE, width=0, height=0, has-focus=false, has-focusable=false, has-window-focus=true, is-clickable=false, is-enabled=true, is-focused=false, is-focusable=false, is-layout-requested=true, is-selected=false, layout-params=android.widget.FrameLayout$LayoutParams&#64;f98a0c0, tag=null, root-is-layout-requested=false, has-input-connection=false, x=0.0, y=0.0, child-count=2}
|
+------&gt;LinearLayout{id=2130903048, res-name=LinearLayout01, visibility=VISIBLE, width=0, height=0, has-focus=false, has-focusable=true, has-window-focus=true, is-clickable=false, is-enabled=true, is-focused=false, is-focusable=false, is-layout-requested=true, is-selected=false, layout-params=android.widget.LinearLayout$LayoutParams&#64;1bacf9f, tag=null, root-is-layout-requested=false, has-input-connection=false, x=0.0, y=0.0, child-count=2}
|
+-------&gt;EditText{id=2130903041, res-name=AddItemEditText, desc=addItemEditText, visibility=VISIBLE, width=0, height=0, has-focus=false, has-focusable=true, has-window-focus=true, is-clickable=true, is-enabled=true, is-focused=false, is-focusable=true, is-layout-requested=true, is-selected=false, layout-params=android.widget.LinearLayout$LayoutParams&#64;bc708ec, tag=null, root-is-layout-requested=false, has-input-connection=true, editor-info=[inputType=0x31 imeOptions=0x8000006 privateImeOptions=null actionLabel=null actionId=0 initialSelStart=0 initialSelEnd=0 initialCapsMode=0x0 hintText=New Item Name label=null packageName=null fieldId=0 fieldName=null extras=null hintLocales=null contentMimeTypes=null ], x=0.0, y=0.0, text=, hint=New Item Name, input-type=49, ime-target=false, has-links=false}
|
+-------&gt;Button{id=2130903040, res-name=AddItemButton, desc=Add, visibility=VISIBLE, width=0, height=0, has-focus=false, has-focusable=true, has-window-focus=true, is-clickable=true, is-enabled=true, is-focused=false, is-focusable=true, is-layout-requested=true, is-selected=false, layout-params=android.widget.LinearLayout$LayoutParams&#64;afee4b5, tag=null, root-is-layout-requested=false, has-input-connection=false, x=0.0, y=0.0, text=Add, input-type=0, ime-target=false, has-links=false}
|
+------&gt;ListView{id=2130903047, res-name=ItemsListView, visibility=VISIBLE, width=0, height=0, has-focus=false, has-focusable=false, has-window-focus=true, is-clickable=true, is-enabled=true, is-focused=false, is-focusable=false, is-layout-requested=true, is-selected=false, layout-params=android.widget.LinearLayout$LayoutParams&#64;134b74a, tag=null, root-is-layout-requested=false, has-input-connection=false, x=0.0, y=0.0, child-count=0}
|
+--&gt;ActionBarContainer{id=16908669, res-name=action_bar_container, visibility=VISIBLE, width=1080, height=147, has-focus=false, has-focusable=false, has-window-focus=true, is-clickable=false, is-enabled=true, is-focused=false, is-focusable=false, is-layout-requested=false, is-selected=false, layout-params=com.android.internal.widget.ActionBarOverlayLayout$LayoutParams&#64;7061731, tag=null, root-is-layout-requested=false, has-input-connection=false, x=0.0, y=63.0, child-count=2}
|
+---&gt;Toolbar{id=16908668, res-name=action_bar, visibility=VISIBLE, width=1080, height=147, has-focus=false, has-focusable=false, has-window-focus=true, is-clickable=false, is-enabled=true, is-focused=false, is-focusable=false, is-layout-requested=false, is-selected=false, layout-params=android.widget.FrameLayout$LayoutParams&#64;98efe16, tag=null, root-is-layout-requested=false, has-input-connection=false, x=0.0, y=0.0, child-count=2}
|
+----&gt;TextView{id=-1, visibility=VISIBLE, width=240, height=71, has-focus=false, has-focusable=false, has-window-focus=true, is-clickable=false, is-enabled=true, is-focused=false, is-focusable=false, is-layout-requested=false, is-selected=false, layout-params=android.widget.Toolbar$LayoutParams&#64;e511397, tag=null, root-is-layout-requested=false, has-input-connection=false, x=42.0, y=38.0, text=Simply Do, input-type=0, ime-target=false, has-links=false}
|
+----&gt;ActionMenuView{id=-1, visibility=VISIBLE, width=105, height=147, has-focus=false, has-focusable=false, has-window-focus=true, is-clickable=false, is-enabled=true, is-focused=false, is-focusable=false, is-layout-requested=false, is-selected=false, layout-params=android.widget.Toolbar$LayoutParams&#64;c73f56d, tag=null, root-is-layout-requested=false, has-input-connection=false, x=975.0, y=0.0, child-count=1}
|
+-----&gt;OverflowMenuButton{id=-1, desc=More options, visibility=VISIBLE, width=105, height=126, has-focus=false, has-focusable=false, has-window-focus=true, is-clickable=true, is-enabled=true, is-focused=false, is-focusable=true, is-layout-requested=false, is-selected=false, layout-params=android.widget.ActionMenuView$LayoutParams&#64;174e5a2, tag=null, root-is-layout-requested=false, has-input-connection=false, x=0.0, y=10.0}
|
+---&gt;ActionBarContextView{id=16908673, res-name=action_context_bar, visibility=GONE, width=0, height=0, has-focus=false, has-focusable=false, has-window-focus=true, is-clickable=false, is-enabled=true, is-focused=false, is-focusable=false, is-layout-requested=true, is-selected=false, layout-params=android.widget.FrameLayout$LayoutParams&#64;a095233, tag=null, root-is-layout-requested=false, has-input-connection=false, x=0.0, y=0.0, child-count=0}
|
+-&gt;View{id=16908336, res-name=navigationBarBackground, visibility=VISIBLE, width=1080, height=126, has-focus=false, has-focusable=false, has-window-focus=true, is-clickable=false, is-enabled=true, is-focused=false, is-focusable=false, is-layout-requested=false, is-selected=false, layout-params=android.widget.FrameLayout$LayoutParams&#64;375b9f0, tag=null, root-is-layout-requested=false, has-input-connection=false, x=0.0, y=1794.0}
|
+-&gt;View{id=16908335, res-name=statusBarBackground, visibility=VISIBLE, width=1080, height=63, has-focus=false, has-focusable=false, has-window-focus=true, is-clickable=false, is-enabled=true, is-focused=false, is-focusable=false, is-layout-requested=false, is-selected=false, layout-params=android.widget.FrameLayout$LayoutParams&#64;7677b69, tag=null, root-is-layout-requested=false, has-input-connection=false, x=0.0, y=0.0}
|
at dalvik.system.VMStack.getThreadStackTrace(Native Method)
at java.lang.Thread.getStackTrace(Thread.java:1536)
at android.support.test.espresso.base.DefaultFailureHandler.getUserFriendlyError(DefaultFailureHandler.java:88)
at android.support.test.espresso.base.DefaultFailureHandler.handle(DefaultFailureHandler.java:51)
at android.support.test.espresso.ViewInteraction.waitForAndHandleInteractionResults(ViewInteraction.java:312)
at android.support.test.espresso.ViewInteraction.desugaredPerform(ViewInteraction.java:173)
at android.support.test.espresso.ViewInteraction.perform(ViewInteraction.java:114)
at kdk.android.simplydo.C6.SortItemsC6.sortItemsC6(SortItemsC6.java:50)
at java.lang.reflect.Method.invoke(Native Method)
at org.junit.runners.model.FrameworkMethod$1.runReflectiveCall(FrameworkMethod.java:50)
at org.junit.internal.runners.model.ReflectiveCallable.run(ReflectiveCallable.java:12)
at org.junit.runners.model.FrameworkMethod.invokeExplosively(FrameworkMethod.java:47)
at org.junit.internal.runners.statements.InvokeMethod.evaluate(InvokeMethod.java:17)
at android.support.test.rule.ActivityTestRule$ActivityStatement.evaluate(ActivityTestRule.java:527)
at org.junit.rules.RunRules.evaluate(RunRules.java:20)
at org.junit.runners.ParentRunner.runLeaf(ParentRunner.java:325)
at org.junit.runners.BlockJUnit4ClassRunner.runChild(BlockJUnit4ClassRunner.java:78)
at org.junit.runners.BlockJUnit4ClassRunner.runChild(BlockJUnit4ClassRunner.java:57)
at org.junit.runners.ParentRunner$3.run(ParentRunner.java:290)
at org.junit.runners.ParentRunner$1.schedule(ParentRunner.java:71)
at org.junit.runners.ParentRunner.runChildren(ParentRunner.java:288)
at org.junit.runners.ParentRunner.access$000(ParentRunner.java:58)
at org.junit.runners.ParentRunner$2.evaluate(ParentRunner.java:268)
at org.junit.runners.ParentRunner.run(ParentRunner.java:363)
at android.support.test.runner.AndroidJUnit4.run(AndroidJUnit4.java:101)
at org.junit.runners.Suite.runChild(Suite.java:128)
at org.junit.runners.Suite.runChild(Suite.java:27)
at org.junit.runners.ParentRunner$3.run(ParentRunner.java:290)
at org.junit.runners.ParentRunner$1.schedule(ParentRunner.java:71)
at org.junit.runners.ParentRunner.runChildren(ParentRunner.java:288)
at org.junit.runners.ParentRunner.access$000(ParentRunner.java:58)
at org.junit.runners.ParentRunner$2.evaluate(ParentRunner.java:268)
at org.junit.runners.ParentRunner.run(ParentRunner.java:363)
at org.junit.runner.JUnitCore.run(JUnitCore.java:137)
at org.junit.runner.JUnitCore.run(JUnitCore.java:115)
at android.support.test.internal.runner.TestExecutor.execute(TestExecutor.java:56)
at android.support.test.runner.AndroidJUnitRunner.onStart(AndroidJUnitRunner.java:384)
at android.app.Instrumentation$InstrumentationThread.run(Instrumentation.java:2074)
</failure>
  </testcase>
</testsuite>